2024-09-11 04:02:27
20240911 042108.509 INFO             PET0 !!!!!!!!!!!!!!!!!!!!!!!!!!!!!!!!!!!!!!!!!!!!!!!!!!!!!!
20240911 042108.509 INFO             PET0 !!! THE ESMF_LOG IS SET TO OUTPUT ALL LOG MESSAGES !!!
20240911 042108.509 INFO             PET0 !!!     THIS MAY CAUSE SLOWDOWN IN PERFORMANCE     !!!
20240911 042108.509 INFO             PET0 !!! FOR PRODUCTION RUNS, USE:                      !!!
20240911 042108.509 INFO             PET0 !!!                   ESMF_LOGKIND_Multi_On_Error  !!!
20240911 042108.509 INFO             PET0 !!!!!!!!!!!!!!!!!!!!!!!!!!!!!!!!!!!!!!!!!!!!!!!!!!!!!!
20240911 042108.509 INFO             PET0 Running with ESMF Version   : v8.7.0b13-15-g49bd433481
20240911 042108.509 INFO             PET0 ESMF library build date/time: "Sep 11 2024" "04:01:18"
20240911 042108.509 INFO             PET0 ESMF library build location : /tmp/gfortran_12.2.0_mpiuni_O_develop/esmf
20240911 042108.509 INFO             PET0 ESMF_COMM                   : mpiuni
20240911 042108.509 INFO             PET0 ESMF_MOAB                   : enabled
20240911 042108.509 INFO             PET0 ESMF_LAPACK                 : enabled
20240911 042108.509 INFO             PET0 ESMF_NETCDF                 : enabled
20240911 042108.509 INFO             PET0 ESMF_PNETCDF                : disabled
20240911 042108.509 INFO             PET0 ESMF_PIO                    : enabled
20240911 042108.509 INFO             PET0 ESMF_YAMLCPP                : enabled
20240911 042108.509 INFO             PET0 ESMF Tracing Enabled
20240911 042108.509 INFO             PET0 ESMF Profiling Enabled
20240911 042108.509 INFO             PET0 ESMF Trace/Profile clock: REALTIME
20240911 042108.510 INFO             PET0  NUMBER_OF_PROCESSORS           1
20240911 042108.510 INFO             PET0  PASS  Example ESMF_TraceUserEx, ESMF_TraceUserEx.F90, line 125
20240911 042108.510 INFO             PET0  Finalizing ESMF
20240911 042108.510 INFO             PET0 **************** Region Timings *******************
20240911 042108.510 INFO             PET0 Region                Count  Total (s)   Self (s)    Mean (s)    Min (s)     Max (s)
20240911 042108.510 INFO             PET0   [ESMF]              1      0.0001      0.0000      0.0001      0.0001      0.0001
20240911 042108.510 INFO             PET0     outer_region      1      0.0001      0.0000      0.0001      0.0001      0.0001
20240911 042108.510 INFO             PET0       inner_region_1  10     0.0000      0.0000      0.0000      0.0000      0.0000
20240911 042108.510 INFO             PET0       inner_region_2  10     0.0000      0.0000      0.0000      0.0000      0.0000
