2024-09-06 03:47:00
20240906 040528.686 INFO             PET0 !!!!!!!!!!!!!!!!!!!!!!!!!!!!!!!!!!!!!!!!!!!!!!!!!!!!!!
20240906 040528.686 INFO             PET0 !!! THE ESMF_LOG IS SET TO OUTPUT ALL LOG MESSAGES !!!
20240906 040528.686 INFO             PET0 !!!     THIS MAY CAUSE SLOWDOWN IN PERFORMANCE     !!!
20240906 040528.686 INFO             PET0 !!! FOR PRODUCTION RUNS, USE:                      !!!
20240906 040528.686 INFO             PET0 !!!                   ESMF_LOGKIND_Multi_On_Error  !!!
20240906 040528.686 INFO             PET0 !!!!!!!!!!!!!!!!!!!!!!!!!!!!!!!!!!!!!!!!!!!!!!!!!!!!!!
20240906 040528.686 INFO             PET0 Running with ESMF Version   : v8.7.0b13-3-gedb848d90b
20240906 040528.686 INFO             PET0 ESMF library build date/time: "Sep  6 2024" "03:45:52"
20240906 040528.686 INFO             PET0 ESMF library build location : /tmp/gfortran_12.2.0_mpiuni_O_develop/esmf
20240906 040528.686 INFO             PET0 ESMF_COMM                   : mpiuni
20240906 040528.686 INFO             PET0 ESMF_MOAB                   : enabled
20240906 040528.686 INFO             PET0 ESMF_LAPACK                 : enabled
20240906 040528.686 INFO             PET0 ESMF_NETCDF                 : enabled
20240906 040528.686 INFO             PET0 ESMF_PNETCDF                : disabled
20240906 040528.686 INFO             PET0 ESMF_PIO                    : enabled
20240906 040528.686 INFO             PET0 ESMF_YAMLCPP                : enabled
20240906 040528.687 INFO             PET0  NUMBER_OF_PROCESSORS           1
20240906 040528.687 INFO             PET0  PASS  Example ESMF_TimeIntervalEx, ESMF_TimeIntervalEx.F90, line 176
20240906 040528.687 INFO             PET0  Finalizing ESMF
