2024-09-09 03:55:41
20240909 041522.407 INFO             PET0 !!!!!!!!!!!!!!!!!!!!!!!!!!!!!!!!!!!!!!!!!!!!!!!!!!!!!!
20240909 041522.407 INFO             PET0 !!! THE ESMF_LOG IS SET TO OUTPUT ALL LOG MESSAGES !!!
20240909 041522.407 INFO             PET0 !!!     THIS MAY CAUSE SLOWDOWN IN PERFORMANCE     !!!
20240909 041522.407 INFO             PET0 !!! FOR PRODUCTION RUNS, USE:                      !!!
20240909 041522.407 INFO             PET0 !!!                   ESMF_LOGKIND_Multi_On_Error  !!!
20240909 041522.407 INFO             PET0 !!!!!!!!!!!!!!!!!!!!!!!!!!!!!!!!!!!!!!!!!!!!!!!!!!!!!!
20240909 041522.407 INFO             PET0 Running with ESMF Version   : v8.7.0b13-3-gedb848d90b
20240909 041522.407 INFO             PET0 ESMF library build date/time: "Sep  9 2024" "03:54:32"
20240909 041522.407 INFO             PET0 ESMF library build location : /tmp/gfortran_12.2.0_mpiuni_O_develop/esmf
20240909 041522.407 INFO             PET0 ESMF_COMM                   : mpiuni
20240909 041522.407 INFO             PET0 ESMF_MOAB                   : enabled
20240909 041522.407 INFO             PET0 ESMF_LAPACK                 : enabled
20240909 041522.407 INFO             PET0 ESMF_NETCDF                 : enabled
20240909 041522.407 INFO             PET0 ESMF_PNETCDF                : disabled
20240909 041522.407 INFO             PET0 ESMF_PIO                    : enabled
20240909 041522.407 INFO             PET0 ESMF_YAMLCPP                : enabled
20240909 041522.407 INFO             PET0  NUMBER_OF_PROCESSORS           1
20240909 041522.407 INFO             PET0  PASS  Example ESMF_DELayoutEx, ESMF_DELayoutEx.F90, line 394
20240909 041522.407 INFO             PET0  Finalizing ESMF
