2024-09-11 04:02:27
20240911 042149.503 INFO             PET0 !!!!!!!!!!!!!!!!!!!!!!!!!!!!!!!!!!!!!!!!!!!!!!!!!!!!!!
20240911 042149.503 INFO             PET0 !!! THE ESMF_LOG IS SET TO OUTPUT ALL LOG MESSAGES !!!
20240911 042149.503 INFO             PET0 !!!     THIS MAY CAUSE SLOWDOWN IN PERFORMANCE     !!!
20240911 042149.503 INFO             PET0 !!! FOR PRODUCTION RUNS, USE:                      !!!
20240911 042149.503 INFO             PET0 !!!                   ESMF_LOGKIND_Multi_On_Error  !!!
20240911 042149.503 INFO             PET0 !!!!!!!!!!!!!!!!!!!!!!!!!!!!!!!!!!!!!!!!!!!!!!!!!!!!!!
20240911 042149.503 INFO             PET0 Running with ESMF Version   : v8.7.0b13-15-g49bd433481
20240911 042149.503 INFO             PET0 ESMF library build date/time: "Sep 11 2024" "04:01:18"
20240911 042149.503 INFO             PET0 ESMF library build location : /tmp/gfortran_12.2.0_mpiuni_O_develop/esmf
20240911 042149.503 INFO             PET0 ESMF_COMM                   : mpiuni
20240911 042149.503 INFO             PET0 ESMF_MOAB                   : enabled
20240911 042149.503 INFO             PET0 ESMF_LAPACK                 : enabled
20240911 042149.503 INFO             PET0 ESMF_NETCDF                 : enabled
20240911 042149.503 INFO             PET0 ESMF_PNETCDF                : disabled
20240911 042149.503 INFO             PET0 ESMF_PIO                    : enabled
20240911 042149.503 INFO             PET0 ESMF_YAMLCPP                : enabled
20240911 042149.505 INFO             PET0  NUMBER_OF_PROCESSORS           1
20240911 042149.505 INFO             PET0  PASS  Example ESMF_CplEx, ESMF_CplEx.F90, line 457
20240911 042149.505 INFO             PET0  Finalizing ESMF
