2024-08-16 03:31:38
20240816 041448.592 INFO             PET0 !!!!!!!!!!!!!!!!!!!!!!!!!!!!!!!!!!!!!!!!!!!!!!!!!!!!!!
20240816 041448.592 INFO             PET0 !!! THE ESMF_LOG IS SET TO OUTPUT ALL LOG MESSAGES !!!
20240816 041448.592 INFO             PET0 !!!     THIS MAY CAUSE SLOWDOWN IN PERFORMANCE     !!!
20240816 041448.592 INFO             PET0 !!! FOR PRODUCTION RUNS, USE:                      !!!
20240816 041448.592 INFO             PET0 !!!                   ESMF_LOGKIND_Multi_On_Error  !!!
20240816 041448.592 INFO             PET0 !!!!!!!!!!!!!!!!!!!!!!!!!!!!!!!!!!!!!!!!!!!!!!!!!!!!!!
20240816 041448.592 INFO             PET0 Running with ESMF Version   : v8.7.0b11-1-g59af04814d
20240816 041448.592 INFO             PET0 ESMF library build date/time: "Aug 16 2024" "03:28:11"
20240816 041448.592 INFO             PET0 ESMF library build location : /glade/derecho/scratch/sacks/esmf-testing/nvhpc_23.7_mpiuni_O_develop/esmf
20240816 041448.592 INFO             PET0 ESMF_COMM                   : mpiuni
20240816 041448.593 INFO             PET0 ESMF_MOAB                   : enabled
20240816 041448.593 INFO             PET0 ESMF_LAPACK                 : enabled
20240816 041448.593 INFO             PET0 ESMF_NETCDF                 : enabled
20240816 041448.593 INFO             PET0 ESMF_PNETCDF                : disabled
20240816 041448.593 INFO             PET0 ESMF_PIO                    : enabled
20240816 041448.593 INFO             PET0 ESMF_YAMLCPP                : enabled
20240816 041448.593 INFO             PET0 ESMF Tracing Enabled
20240816 041448.593 INFO             PET0 ESMF Profiling Enabled
20240816 041448.593 INFO             PET0 ESMF Trace/Profile clock: REALTIME
20240816 041448.595 INFO             PET0  NUMBER_OF_PROCESSORS            1
20240816 041448.595 INFO             PET0  PASS  Example ESMF_TraceEx, ESMF_TraceEx.F90, line 178
20240816 041448.595 INFO             PET0  Finalizing ESMF
20240816 041448.595 INFO             PET0 **************** Region Timings *******************
20240816 041448.595 INFO             PET0 Region              Count  Total (s)   Self (s)    Mean (s)    Min (s)     Max (s)
20240816 041448.595 INFO             PET0   [ESMF]            1      0.0009      0.0009      0.0009      0.0009      0.0009
20240816 041448.595 INFO             PET0     [test] Init 1   1      0.0000      0.0000      0.0000      0.0000      0.0000
20240816 041448.595 INFO             PET0     [test] Run 1    5      0.0000      0.0000      0.0000      0.0000      0.0000
20240816 041448.595 INFO             PET0     [test] Final 1  1      0.0000      0.0000      0.0000      0.0000      0.0000
