2024-08-17 03:21:36
20240817 040353.827 INFO             PET0 !!!!!!!!!!!!!!!!!!!!!!!!!!!!!!!!!!!!!!!!!!!!!!!!!!!!!!
20240817 040353.828 INFO             PET0 !!! THE ESMF_LOG IS SET TO OUTPUT ALL LOG MESSAGES !!!
20240817 040353.828 INFO             PET0 !!!     THIS MAY CAUSE SLOWDOWN IN PERFORMANCE     !!!
20240817 040353.828 INFO             PET0 !!! FOR PRODUCTION RUNS, USE:                      !!!
20240817 040353.828 INFO             PET0 !!!                   ESMF_LOGKIND_Multi_On_Error  !!!
20240817 040353.828 INFO             PET0 !!!!!!!!!!!!!!!!!!!!!!!!!!!!!!!!!!!!!!!!!!!!!!!!!!!!!!
20240817 040353.828 INFO             PET0 Running with ESMF Version   : v8.7.0b11-4-gf6c03c51d1
20240817 040353.828 INFO             PET0 ESMF library build date/time: "Aug 17 2024" "03:18:21"
20240817 040353.828 INFO             PET0 ESMF library build location : /glade/derecho/scratch/sacks/esmf-testing/nvhpc_23.7_mpiuni_O_develop/esmf
20240817 040353.828 INFO             PET0 ESMF_COMM                   : mpiuni
20240817 040353.828 INFO             PET0 ESMF_MOAB                   : enabled
20240817 040353.828 INFO             PET0 ESMF_LAPACK                 : enabled
20240817 040353.828 INFO             PET0 ESMF_NETCDF                 : enabled
20240817 040353.828 INFO             PET0 ESMF_PNETCDF                : disabled
20240817 040353.828 INFO             PET0 ESMF_PIO                    : enabled
20240817 040353.828 INFO             PET0 ESMF_YAMLCPP                : enabled
20240817 040353.829 INFO             PET0  NUMBER_OF_PROCESSORS            1
20240817 040353.829 INFO             PET0  PASS  Example ESMF_VMScatterVMGatherEx, ESMF_VMScatterVMGatherEx.F90, line 120
20240817 040353.829 INFO             PET0  Finalizing ESMF
