2024-08-12 03:54:54
20240812 044423.730 INFO             PET0 !!!!!!!!!!!!!!!!!!!!!!!!!!!!!!!!!!!!!!!!!!!!!!!!!!!!!!
20240812 044423.730 INFO             PET0 !!! THE ESMF_LOG IS SET TO OUTPUT ALL LOG MESSAGES !!!
20240812 044423.730 INFO             PET0 !!!     THIS MAY CAUSE SLOWDOWN IN PERFORMANCE     !!!
20240812 044423.730 INFO             PET0 !!! FOR PRODUCTION RUNS, USE:                      !!!
20240812 044423.730 INFO             PET0 !!!                   ESMF_LOGKIND_Multi_On_Error  !!!
20240812 044423.730 INFO             PET0 !!!!!!!!!!!!!!!!!!!!!!!!!!!!!!!!!!!!!!!!!!!!!!!!!!!!!!
20240812 044423.730 INFO             PET0 Running with ESMF Version   : v8.7.0b11
20240812 044423.730 INFO             PET0 ESMF library build date/time: "Aug 12 2024" "03:51:10"
20240812 044423.730 INFO             PET0 ESMF library build location : /glade/derecho/scratch/sacks/esmf-testing/nvhpc_23.7_mpiuni_O_develop/esmf
20240812 044423.730 INFO             PET0 ESMF_COMM                   : mpiuni
20240812 044423.731 INFO             PET0 ESMF_MOAB                   : enabled
20240812 044423.731 INFO             PET0 ESMF_LAPACK                 : enabled
20240812 044423.731 INFO             PET0 ESMF_NETCDF                 : enabled
20240812 044423.731 INFO             PET0 ESMF_PNETCDF                : disabled
20240812 044423.731 INFO             PET0 ESMF_PIO                    : enabled
20240812 044423.731 INFO             PET0 ESMF_YAMLCPP                : enabled
20240812 044423.738 INFO             PET0  NUMBER_OF_PROCESSORS            1
20240812 044423.754 INFO             PET0  PASS  Example ESMF_LocStreamEx, ESMF_LocStreamEx.F90, line 784
20240812 044423.754 INFO             PET0  Finalizing ESMF
