2024-10-03 19:33:38
20241003 205140.406 INFO             PET0 !!!!!!!!!!!!!!!!!!!!!!!!!!!!!!!!!!!!!!!!!!!!!!!!!!!!!!
20241003 205140.406 INFO             PET0 !!! THE ESMF_LOG IS SET TO OUTPUT ALL LOG MESSAGES !!!
20241003 205140.406 INFO             PET0 !!!     THIS MAY CAUSE SLOWDOWN IN PERFORMANCE     !!!
20241003 205140.406 INFO             PET0 !!! FOR PRODUCTION RUNS, USE:                      !!!
20241003 205140.406 INFO             PET0 !!!                   ESMF_LOGKIND_Multi_On_Error  !!!
20241003 205140.406 INFO             PET0 !!!!!!!!!!!!!!!!!!!!!!!!!!!!!!!!!!!!!!!!!!!!!!!!!!!!!!
20241003 205140.406 INFO             PET0 Running with ESMF Version   : v8.7.0
20241003 205140.406 INFO             PET0 ESMF library build date/time: "Oct  3 2024" "19:32:25"
20241003 205140.406 INFO             PET0 ESMF library build location : /tmp/intel_2023.1.0-classic_mpiuni_O_v8.7.0/esmf
20241003 205140.406 INFO             PET0 ESMF_COMM                   : mpiuni
20241003 205140.406 INFO             PET0 ESMF_MOAB                   : enabled
20241003 205140.406 INFO             PET0 ESMF_LAPACK                 : enabled
20241003 205140.406 INFO             PET0 ESMF_NETCDF                 : enabled
20241003 205140.406 INFO             PET0 ESMF_PNETCDF                : disabled
20241003 205140.406 INFO             PET0 ESMF_PIO                    : enabled
20241003 205140.406 INFO             PET0 ESMF_YAMLCPP                : enabled
20241003 205140.423 DEBUG            PET0 about to destroy Grid: 0x673730
20241003 205140.426 DEBUG            PET0 about to destroy Grid: 0x674600
20241003 205140.433 INFO             PET0  NUMBER_OF_PROCESSORS           1
20241003 205140.433 INFO             PET0  PASS  Example ESMF_NUOPCAtmModelEx, ESMF_NUOPCAtmModelEx.F90, line 806
20241003 205140.433 INFO             PET0  Finalizing ESMF
