2024-10-03 21:06:30
20241004 063834.161 INFO             PET0 !!!!!!!!!!!!!!!!!!!!!!!!!!!!!!!!!!!!!!!!!!!!!!!!!!!!!!
20241004 063834.163 INFO             PET0 !!! THE ESMF_LOG IS SET TO OUTPUT ALL LOG MESSAGES !!!
20241004 063834.163 INFO             PET0 !!!     THIS MAY CAUSE SLOWDOWN IN PERFORMANCE     !!!
20241004 063834.163 INFO             PET0 !!! FOR PRODUCTION RUNS, USE:                      !!!
20241004 063834.163 INFO             PET0 !!!                   ESMF_LOGKIND_Multi_On_Error  !!!
20241004 063834.163 INFO             PET0 !!!!!!!!!!!!!!!!!!!!!!!!!!!!!!!!!!!!!!!!!!!!!!!!!!!!!!
20241004 063834.163 INFO             PET0 Running with ESMF Version   : v8.7.0
20241004 063834.163 INFO             PET0 ESMF library build date/time: "Oct  3 2024" "21:05:14"
20241004 063834.163 INFO             PET0 ESMF library build location : /Users/sacks/projects/scratch/esmf-testing/gfortranclang_12.2.0_14.0.0_openmpi_O_v8.7.0/esmf
20241004 063834.163 INFO             PET0 ESMF_COMM                   : openmpi
20241004 063834.163 INFO             PET0 ESMF_MOAB                   : enabled
20241004 063834.163 INFO             PET0 ESMF_LAPACK                 : enabled
20241004 063834.163 INFO             PET0 ESMF_NETCDF                 : enabled
20241004 063834.163 INFO             PET0 ESMF_PNETCDF                : disabled
20241004 063834.163 INFO             PET0 ESMF_PIO                    : enabled
20241004 063834.163 INFO             PET0 ESMF_YAMLCPP                : enabled
20241004 063834.165 INFO             PET0  NUMBER_OF_PROCESSORS           1
20241004 063834.165 INFO             PET0  PASS  Example ESMF_AlarmEx, ESMF_AlarmEx.F90, line 244
20241004 063834.165 INFO             PET0  Finalizing ESMF
