2024-10-03 21:06:30
--- ESMCI::Array::print start ---
 Base name    = Array008
--- ESMCI::Array::print start ---
 Base name    = Array008
--- ESMCI::Array::print start ---
 Base name    = Array008
 Status: Base = Ready,  object = Ready
 Proxy        = no
 Status: Base = Ready,  object = Ready
 Proxy        = no
 Root Info (Attributes):
 Root Info (Attributes):
 Status: Base = Ready,  object = Ready
 Proxy        = no
--- ESMCI::Array::print start ---
 Base name    = Array008
 Root Info (Attributes):
{}Array typekind/rank: Real*8 / 2 
~ lower class' values ~
{}Array typekind/rank: Real*8 / 2 
DistGrid dimCount = 2
deCount = 4
~ lower class' values ~
 Status: Base = Ready,  object = Ready
localDeCount = 1
DistGrid dimCount = 2
{} Proxy        = no
~ local data in LocalArray for DE 1 ~
Array typekind/rank: Real*8 / 2 
deCount = 4
 Root Info (Attributes):
localDeCount = 1
~ lower class' values ~
LocalArrayPrint: Array at address 0x14e70bad0:
            rank = 2, typekind = 6, base_addr = 0x6000024001e0
~ local data in LocalArray for DE 0 ~
DistGrid dimCount = 2
deCount = 4
            dim[0] = 3  dim[1] = 10  
localDeCount = 1
  Real, *8, Dim 2, Data values:
LocalArrayPrint: Array at address 0x12c808110:
            rank = 2, typekind = 6, base_addr = 0x6000039b0000
{}Array typekind/rank: Real*8 / 2 
~ local data in LocalArray for DE 2 ~
( 1, 1) =  1.2345
            dim[0] = 3  dim[1] = 10  
~ lower class' values ~
( 2, 1) =  1.2345
LocalArrayPrint: Array at address 0x133f06fa0:
  Real, *8, Dim 2, Data values:
DistGrid dimCount = 2
( 3, 1) =  1.2345
            rank = 2, typekind = 6, base_addr = 0x6000014e81e0
( 1, 2) =  1.2345
            dim[0] = 3  dim[1] = 10  
deCount = 4
( 1, 1) =  513.58
localDeCount = 1
  Real, *8, Dim 2, Data values:
( 2, 1) =  613.58
( 2, 2) =  1.2345
~ local data in LocalArray for DE 3 ~
LocalArrayPrint: Array at address 0x146a04340:
            rank = 2, typekind = 6, base_addr = 0x6000010b4690
( 1, 1) =  513.58
( 2, 1) =  613.58
( 3, 1) =  713.58
( 1, 2) =  514.814
( 3, 2) =  1.2345
( 1, 3) =  1.2345
            dim[0] = 3  dim[1] = 10  
( 3, 1) =  713.58
( 2, 2) =  614.814
( 2, 3) =  1.2345
( 3, 2) =  714.814
( 1, 2) =  514.814
( 3, 3) =  1.2345
  Real, *8, Dim 2, Data values:
( 1, 4) =  1.2345
( 1, 1) =  513.58
( 1, 3) =  516.048
( 2, 2) =  614.814
( 2, 3) =  616.048
( 3, 2) =  714.814
  skipping to end ...
( 2, 1) =  613.58
( 1, 3) =  516.048
( 3, 3) =  716.048
( 3, 1) =  713.58
( 3, 7) =  1.2345
( 2, 3) =  616.048
( 1, 4) =  517.283
( 1, 2) =  514.814
( 1, 8) =  1.2345
  skipping to end ...
( 3, 3) =  716.048
( 1, 4) =  517.283
( 2, 2) =  614.814
( 3, 2) =  714.814
( 2, 8) =  1.2345
( 3, 8) =  1.2345
( 3, 7) =  720.986
( 1, 8) =  522.221
  skipping to end ...
( 1, 9) =  1.2345
( 1, 3) =  516.048
( 2, 8) =  622.221
( 3, 7) =  720.986
( 2, 9) =  1.2345
( 2, 3) =  616.048
( 3, 8) =  722.221
( 1, 8) =  522.221
( 3, 9) =  1.2345
( 3, 3) =  716.048
( 1, 9) =  523.456
( 2, 8) =  622.221
( 1, 4) =  517.283
( 1,10) =  1.2345
( 2, 9) =  623.456
( 3, 8) =  722.221
( 2,10) =  1.2345
  skipping to end ...
( 3, 9) =  723.456
( 1, 9) =  523.456
( 3,10) =  1.2345
( 3, 7) =  720.986
( 1,10) =  524.69
( 2, 9) =  623.456
--- ESMCI::Array::print end ---
( 1, 8) =  522.221
( 2,10) =  624.69
( 3, 9) =  723.456
( 2, 8) =  622.221
( 3, 8) =  722.221
( 3,10) =  724.69
( 1,10) =  524.69
--- ESMCI::Array::print end ---
( 1, 9) =  523.456
( 2,10) =  624.69
( 2, 9) =  623.456
( 3, 9) =  723.456
( 3,10) =  724.69
--- ESMCI::Array::print end ---
( 1,10) =  524.69
 localPet =            1 myFarray2D2:    0.0000000000000000        0.0000000000000000        0.0000000000000000        0.0000000000000000        0.0000000000000000        0.0000000000000000        0.0000000000000000        0.0000000000000000        0.0000000000000000        0.0000000000000000        0.0000000000000000        0.0000000000000000        0.0000000000000000        0.0000000000000000        0.0000000000000000        0.0000000000000000        0.0000000000000000        0.0000000000000000        0.0000000000000000        0.0000000000000000        0.0000000000000000        0.0000000000000000        0.0000000000000000        0.0000000000000000        0.0000000000000000        0.0000000000000000        0.0000000000000000        0.0000000000000000        0.0000000000000000        0.0000000000000000     
--- ESMCI::Array::print start ---
( 2,10) =  624.69
( 3,10) =  724.69
 Base name    = Array008
 Status: Base = Ready,  object = Ready
--- ESMCI::Array::print end ---
 localPet =            2 myFarray2D2:    0.0000000000000000        0.0000000000000000        0.0000000000000000        0.0000000000000000        0.0000000000000000        0.0000000000000000        0.0000000000000000        0.0000000000000000        0.0000000000000000        0.0000000000000000        0.0000000000000000        0.0000000000000000        0.0000000000000000        0.0000000000000000        0.0000000000000000        0.0000000000000000        0.0000000000000000        0.0000000000000000        0.0000000000000000        0.0000000000000000        0.0000000000000000        0.0000000000000000        0.0000000000000000        0.0000000000000000        0.0000000000000000        0.0000000000000000        0.0000000000000000        0.0000000000000000        0.0000000000000000        0.0000000000000000     
 Proxy        = no
 Root Info (Attributes):
--- ESMCI::Array::print start ---
 Base name    = Array008
 Status: Base = Ready,  object = Ready
{}Array typekind/rank: Real*8 / 2 
 localPet =            3 myFarray2D2:    0.0000000000000000        0.0000000000000000        0.0000000000000000        0.0000000000000000        0.0000000000000000        0.0000000000000000        0.0000000000000000        0.0000000000000000        0.0000000000000000        0.0000000000000000        0.0000000000000000        0.0000000000000000        0.0000000000000000        0.0000000000000000        0.0000000000000000        0.0000000000000000        0.0000000000000000        0.0000000000000000        0.0000000000000000        0.0000000000000000        0.0000000000000000        0.0000000000000000        0.0000000000000000        0.0000000000000000        0.0000000000000000        0.0000000000000000        0.0000000000000000        0.0000000000000000        0.0000000000000000        0.0000000000000000     
--- ESMCI::Array::print start ---
 localPet =            0 myFarray2D2:    513.57950000000005        613.57950000000005        713.57950000000005        514.81399999999996        614.81399999999996        714.81399999999996        516.04849999999999        616.04849999999999        716.04849999999999        517.28300000000002        617.28300000000002        717.28300000000002        518.51750000000004        618.51750000000004        718.51750000000004        519.75199999999995        619.75199999999995        719.75199999999995        520.98649999999998        620.98649999999998        720.98649999999998        522.22100000000000        622.22100000000000        722.22100000000000        523.45550000000003        623.45550000000003        723.45550000000003        524.69000000000005        624.69000000000005        724.69000000000005     
 Proxy        = no
~ lower class' values ~
 Base name    = Array008
--- ESMCI::Array::print start ---
 Root Info (Attributes):
DistGrid dimCount = 2
 Status: Base = Ready,  object = Ready
 Base name    = Array008
{}deCount = 4
 Proxy        = no
 Status: Base = Ready,  object = Ready
 Root Info (Attributes):
localDeCount = 1
Array typekind/rank: Real*8 / 2 
 Proxy        = no
~ lower class' values ~
~ local data in LocalArray for DE 1 ~
{} Root Info (Attributes):
Array typekind/rank: Real*8 / 2 
LocalArrayPrint: Array at address 0x14e70bad0:
DistGrid dimCount = 2
{}~ lower class' values ~
deCount = 4
            rank = 2, typekind = 6, base_addr = 0x6000024001e0
Array typekind/rank: Real*8 / 2 
DistGrid dimCount = 2
            dim[0] = 3  dim[1] = 10  
localDeCount = 1
~ lower class' values ~
deCount = 4
~ local data in LocalArray for DE 2 ~
DistGrid dimCount = 2
  Real, *8, Dim 2, Data values:
localDeCount = 1
LocalArrayPrint: Array at address 0x133f06fa0:
deCount = 4
( 1, 1) =  1.2345
~ local data in LocalArray for DE 3 ~
            rank = 2, typekind = 6, base_addr = 0x6000014e81e0
localDeCount = 1
( 2, 1) =  1.2345
LocalArrayPrint: Array at address 0x146a04340:
            dim[0] = 3  dim[1] = 10  
~ local data in LocalArray for DE 0 ~
( 3, 1) =  1.2345
            rank = 2, typekind = 6, base_addr = 0x6000010b4690
  Real, *8, Dim 2, Data values:
LocalArrayPrint: Array at address 0x12c808110:
( 1, 2) =  1.2345
            dim[0] = 3  dim[1] = 10  
( 1, 1) =  513.58
( 2, 2) =  1.2345
            rank = 2, typekind = 6, base_addr = 0x6000039b0000
( 2, 1) =  613.58
  Real, *8, Dim 2, Data values:
( 3, 2) =  1.2345
            dim[0] = 3  dim[1] = 10  
( 3, 1) =  713.58
( 1, 1) =  5.4321
( 1, 3) =  1.2345
  Real, *8, Dim 2, Data values:
( 2, 1) =  5.4321
( 1, 2) =  514.814
( 2, 3) =  1.2345
( 1, 1) =  513.58
( 2, 2) =  614.814
( 3, 1) =  5.4321
( 3, 3) =  1.2345
( 2, 1) =  613.58
( 1, 2) =  5.4321
( 3, 2) =  714.814
( 1, 4) =  1.2345
( 3, 1) =  713.58
( 2, 2) =  5.4321
( 1, 3) =  516.048
  skipping to end ...
( 1, 2) =  514.814
( 2, 3) =  616.048
( 3, 2) =  5.4321
( 3, 7) =  1.2345
( 2, 2) =  614.814
( 1, 3) =  5.4321
( 1, 8) =  1.2345
( 3, 3) =  716.048
( 3, 2) =  714.814
( 2, 3) =  5.4321
( 1, 4) =  517.283
( 2, 8) =  1.2345
( 1, 3) =  516.048
( 3, 3) =  5.4321
  skipping to end ...
( 3, 8) =  1.2345
( 2, 3) =  616.048
( 1, 9) =  1.2345
( 1, 4) =  5.4321
( 3, 7) =  720.986
( 3, 3) =  716.048
( 2, 9) =  1.2345
  skipping to end ...
( 1, 8) =  522.221
( 1, 4) =  517.283
( 3, 9) =  1.2345
( 3, 7) =  5.4321
( 2, 8) =  622.221
  skipping to end ...
( 1, 8) =  5.4321
( 1,10) =  1.2345
( 3, 8) =  722.221
( 3, 7) =  720.986
( 1, 9) =  523.456
( 2, 8) =  5.4321
( 2,10) =  1.2345
( 1, 8) =  522.221
( 2, 9) =  623.456
( 3,10) =  1.2345
( 3, 8) =  5.4321
( 2, 8) =  622.221
( 1, 9) =  5.4321
--- ESMCI::Array::print end ---
( 3, 8) =  722.221
( 3, 9) =  723.456
( 2, 9) =  5.4321
( 1, 9) =  523.456
( 1,10) =  524.69
( 3, 9) =  5.4321
( 2, 9) =  623.456
( 2,10) =  624.69
( 1,10) =  5.4321
( 3, 9) =  723.456
( 3,10) =  724.69
( 2,10) =  5.4321
--- ESMCI::Array::print end ---
( 1,10) =  524.69
( 3,10) =  5.4321
( 2,10) =  624.69
--- ESMCI::Array::print end ---
( 3,10) =  724.69
--- ESMCI::Array::print end ---
 localPet =            1 myFarray2D2:    0.0000000000000000        0.0000000000000000        0.0000000000000000        0.0000000000000000        0.0000000000000000        0.0000000000000000        0.0000000000000000        0.0000000000000000        0.0000000000000000        0.0000000000000000        0.0000000000000000        0.0000000000000000        0.0000000000000000        0.0000000000000000        0.0000000000000000        0.0000000000000000        0.0000000000000000        0.0000000000000000        0.0000000000000000        0.0000000000000000        0.0000000000000000        0.0000000000000000        0.0000000000000000        0.0000000000000000        0.0000000000000000        0.0000000000000000        0.0000000000000000        0.0000000000000000        0.0000000000000000        0.0000000000000000     
 localPet =            2 myFarray2D2:    0.0000000000000000        0.0000000000000000        0.0000000000000000        0.0000000000000000        0.0000000000000000        0.0000000000000000        0.0000000000000000        0.0000000000000000        0.0000000000000000        0.0000000000000000        0.0000000000000000        0.0000000000000000        0.0000000000000000        0.0000000000000000        0.0000000000000000        0.0000000000000000        0.0000000000000000        0.0000000000000000        0.0000000000000000        0.0000000000000000        0.0000000000000000        0.0000000000000000        0.0000000000000000        0.0000000000000000        0.0000000000000000        0.0000000000000000        0.0000000000000000        0.0000000000000000        0.0000000000000000        0.0000000000000000     
 localPet =            3 myFarray2D2:    0.0000000000000000        0.0000000000000000        0.0000000000000000        0.0000000000000000        0.0000000000000000        0.0000000000000000        0.0000000000000000        0.0000000000000000        0.0000000000000000        0.0000000000000000        0.0000000000000000        0.0000000000000000        0.0000000000000000        0.0000000000000000        0.0000000000000000        0.0000000000000000        0.0000000000000000        0.0000000000000000        0.0000000000000000        0.0000000000000000        0.0000000000000000        0.0000000000000000        0.0000000000000000        0.0000000000000000        0.0000000000000000        0.0000000000000000        0.0000000000000000        0.0000000000000000        0.0000000000000000        0.0000000000000000     
 localPet =            0 myFarray2D2:    5.4320998191833496        5.4320998191833496        5.4320998191833496        5.4320998191833496        5.4320998191833496        5.4320998191833496        5.4320998191833496        5.4320998191833496        5.4320998191833496        5.4320998191833496        5.4320998191833496        5.4320998191833496        5.4320998191833496        5.4320998191833496        5.4320998191833496        5.4320998191833496        5.4320998191833496        5.4320998191833496        5.4320998191833496        5.4320998191833496        5.4320998191833496        5.4320998191833496        5.4320998191833496        5.4320998191833496        5.4320998191833496        5.4320998191833496        5.4320998191833496        5.4320998191833496        5.4320998191833496        5.4320998191833496     
  PASS  Example ESMF_ArrayScatterGatherEx, ESMF_ArrayScatterGatherEx.F90, line 328
  PASS  Example ESMF_ArrayScatterGatherEx, ESMF_ArrayScatterGatherEx.F90, line 328
  PASS  Example ESMF_ArrayScatterGatherEx, ESMF_ArrayScatterGatherEx.F90, line 328
  PASS  Example ESMF_ArrayScatterGatherEx, ESMF_ArrayScatterGatherEx.F90, line 328
 PASS: ESMF_ArrayScatterGatherEx.F90
 PASS: ESMF_ArrayScatterGatherEx.F90
 PASS: ESMF_ArrayScatterGatherEx.F90
 PASS: ESMF_ArrayScatterGatherEx.F90
