2024-10-03 21:06:30
--- ESMCI::Array::print start ---
 Base name    = Array002
 Status: Base = Ready,  object = Ready
--- ESMCI::Array::print start ---
 Base name    = Array002
 Status: Base = Ready,  object = Ready
--- ESMCI::Array::print start ---
 Base name    = Array002
 Status: Base = Ready,  object = Ready
--- ESMCI::Array::print start ---
 Base name    = Array002
 Status: Base = Ready,  object = Ready
 Proxy        = no
 Proxy        = no
 Proxy        = no
 Proxy        = no
 Root Info (Attributes):
 Root Info (Attributes):
 Root Info (Attributes):
 Root Info (Attributes):
{}Array typekind/rank: Real*8 / 2 
~ lower class' values ~
{}Array typekind/rank: Real*8 / 2 
~ lower class' values ~
DistGrid dimCount = 2
deCount = 4
localDeCount = 1
~ local data in LocalArray for DE 0 ~
DistGrid dimCount = 2
{}deCount = 4
Array typekind/rank: Real*8 / 2 
{}Array typekind/rank: Real*8 / 2 
LocalArrayPrint: Array at address 0x113704610:
            rank = 2, typekind = 6, base_addr = 0x600002700160
localDeCount = 1
~ lower class' values ~
~ lower class' values ~
DistGrid dimCount = 2
DistGrid dimCount = 2
~ local data in LocalArray for DE 3 ~
LocalArrayPrint: Array at address 0x12b304890:
            dim[0] = 2  dim[1] = 2  
  Real, *8, Dim 2, Data values:
deCount = 4
deCount = 4
            rank = 2, typekind = 6, base_addr = 0x600001abbde0
localDeCount = 1
~ local data in LocalArray for DE 2 ~
( 1, 1) =  100
localDeCount = 1
~ local data in LocalArray for DE 1 ~
            dim[0] = 2  dim[1] = 2  
( 2, 1) =  100
  Real, *8, Dim 2, Data values:
( 1, 2) =  100
LocalArrayPrint: Array at address 0x120605c90:
LocalArrayPrint: Array at address 0x13360cc90:
( 1, 1) =  103
( 2, 2) =  100
            rank = 2, typekind = 6, base_addr = 0x600001333900
            rank = 2, typekind = 6, base_addr = 0x6000038690c0
( 2, 1) =  103
--- ESMCI::Array::print end ---
            dim[0] = 2  dim[1] = 2  
            dim[0] = 2  dim[1] = 2  
( 1, 2) =  103
--- ESMCI::Array::print start ---
  Real, *8, Dim 2, Data values:
( 2, 2) =  103
  Real, *8, Dim 2, Data values:
( 1, 1) =  102
( 2, 1) =  102
 Base name    = Array003
 Status: Base = Ready,  object = Ready
--- ESMCI::Array::print end ---
--- ESMCI::Array::print start ---
( 1, 1) =  101
( 2, 1) =  101
( 1, 2) =  102
 Proxy        = no
 Base name    = Array003
 Root Info (Attributes):
( 1, 2) =  101
( 2, 2) =  102
 Status: Base = Ready,  object = Ready
( 2, 2) =  101
{}--- ESMCI::Array::print end ---
Array typekind/rank: Real*8 / 2 
 Proxy        = no
--- ESMCI::Array::print end ---
--- ESMCI::Array::print start ---
~ lower class' values ~
 Root Info (Attributes):
--- ESMCI::Array::print start ---
 Base name    = Array003
{} Base name    = Array003
 Status: Base = Ready,  object = Ready
 Proxy        = no
DistGrid dimCount = 2
Array typekind/rank: Real*8 / 2 
 Status: Base = Ready,  object = Ready
deCount = 4
~ lower class' values ~
 Proxy        = no
localDeCount = 1
 Root Info (Attributes):
DistGrid dimCount = 2
 Root Info (Attributes):
~ local data in LocalArray for DE 0 ~
{}{}deCount = 4
localDeCount = 1
LocalArrayPrint: Array at address 0x113704940:
Array typekind/rank: Real*8 / 2 
Array typekind/rank: Real*8 / 2 
~ lower class' values ~
            rank = 2, typekind = 6, base_addr = 0x6000027002a0
~ lower class' values ~
DistGrid dimCount = 2
~ local data in LocalArray for DE 3 ~
            dim[0] = 2  dim[1] = 2  
DistGrid dimCount = 2
deCount = 4
LocalArrayPrint: Array at address 0x12b304bc0:
  Real, *8, Dim 2, Data values:
deCount = 4
localDeCount = 1
            rank = 2, typekind = 6, base_addr = 0x600001abbf00
( 1, 1) =  200
localDeCount = 1
~ local data in LocalArray for DE 2 ~
            dim[0] = 2  dim[1] = 2  
( 2, 1) =  200
~ local data in LocalArray for DE 1 ~
  Real, *8, Dim 2, Data values:
LocalArrayPrint: Array at address 0x120605fc0:
( 1, 2) =  200
( 1, 1) =  203
LocalArrayPrint: Array at address 0x13360cfc0:
( 2, 2) =  200
            rank = 2, typekind = 6, base_addr = 0x600001333a40
( 2, 1) =  203
            rank = 2, typekind = 6, base_addr = 0x600003869200
--- ESMCI::Array::print end ---
            dim[0] = 2  dim[1] = 2  
( 1, 2) =  203
            dim[0] = 2  dim[1] = 2  
  Real, *8, Dim 2, Data values:
--- ESMCI::Array::print start ---
( 2, 2) =  203
  Real, *8, Dim 2, Data values:
( 1, 1) =  202
 Base name    = Array004
--- ESMCI::Array::print end ---
( 1, 1) =  201
( 2, 1) =  202
 Status: Base = Ready,  object = Ready
--- ESMCI::Array::print start ---
( 2, 1) =  201
( 1, 2) =  202
 Proxy        = no
 Base name    = Array004
( 1, 2) =  201
 Root Info (Attributes):
( 2, 2) =  201
 Status: Base = Ready,  object = Ready
( 2, 2) =  202
--- ESMCI::Array::print end ---
{} Proxy        = no
--- ESMCI::Array::print end ---
--- ESMCI::Array::print start ---
Array typekind/rank: Real*8 / 2 
~ lower class' values ~
 Root Info (Attributes):
{}--- ESMCI::Array::print start ---
 Base name    = Array004
 Base name    = Array004
 Status: Base = Ready,  object = Ready
DistGrid dimCount = 2
deCount = 4
Array typekind/rank: Real*8 / 2 
 Status: Base = Ready,  object = Ready
 Proxy        = no
~ lower class' values ~
DistGrid dimCount = 2
 Proxy        = no
localDeCount = 1
 Root Info (Attributes):
 Root Info (Attributes):
~ local data in LocalArray for DE 0 ~
{}deCount = 4
LocalArrayPrint: Array at address 0x113704c70:
{}localDeCount = 1
Array typekind/rank: Real*8 / 2 
            rank = 2, typekind = 6, base_addr = 0x600000923f80
Array typekind/rank: Real*8 / 2 
~ lower class' values ~
~ local data in LocalArray for DE 3 ~
            dim[0] = 4  dim[1] = 4  
~ lower class' values ~
DistGrid dimCount = 2
LocalArrayPrint: Array at address 0x12b304ef0:
DistGrid dimCount = 2
deCount = 4
  Real, *8, Dim 2, Data values:
( 0, 0) =  300
deCount = 4
            rank = 2, typekind = 6, base_addr = 0x6000034b4000
localDeCount = 1
( 1, 0) =  300
( 2, 0) =  300
localDeCount = 1
~ local data in LocalArray for DE 2 ~
            dim[0] = 4  dim[1] = 4  
  Real, *8, Dim 2, Data values:
~ local data in LocalArray for DE 1 ~
( 3, 0) =  300
LocalArrayPrint: Array at address 0x1206062f0:
( 0, 0) =  300
LocalArrayPrint: Array at address 0x13360d2f0:
( 0, 1) =  300
            rank = 2, typekind = 6, base_addr = 0x600003d31700
( 1, 0) =  301
            rank = 2, typekind = 6, base_addr = 0x60000164d880
( 1, 1) =  300
            dim[0] = 4  dim[1] = 4  
            dim[0] = 4  dim[1] = 4  
( 2, 0) =  301
( 2, 1) =  300
  Real, *8, Dim 2, Data values:
  Real, *8, Dim 2, Data values:
( 3, 0) =  303
( 0, 0) =  302
( 3, 1) =  301
( 0, 0) =  301
( 0, 1) =  302
( 1, 0) =  300
( 0, 2) =  300
( 1, 0) =  301
( 1, 1) =  303
( 1, 2) =  300
( 2, 0) =  300
( 2, 0) =  301
( 2, 1) =  303
( 3, 0) =  301
( 2, 2) =  300
( 3, 0) =  301
( 0, 1) =  302
( 3, 2) =  301
( 3, 1) =  303
( 0, 2) =  302
( 0, 1) =  300
( 1, 1) =  302
( 0, 3) =  300
( 1, 3) =  302
( 1, 2) =  303
( 1, 1) =  301
( 2, 1) =  301
( 2, 1) =  302
( 3, 1) =  303
( 2, 3) =  302
( 2, 2) =  303
( 3, 3) =  303
( 3, 2) =  303
( 3, 1) =  301
( 0, 2) =  302
--- ESMCI::Array::print end ---
( 0, 3) =  303
( 0, 2) =  300
--- ESMCI::Array::print start ---
 Base name    = Array005
( 1, 3) =  303
( 1, 2) =  301
( 1, 2) =  302
( 2, 2) =  302
( 2, 3) =  303
( 2, 2) =  301
 Status: Base = Ready,  object = Ready
( 3, 2) =  303
( 3, 3) =  303
( 3, 2) =  301
 Proxy        = no
( 0, 3) =  302
--- ESMCI::Array::print end ---
( 0, 3) =  302
 Root Info (Attributes):
( 1, 3) =  302
--- ESMCI::Array::print start ---
( 1, 3) =  303
( 2, 3) =  302
{}( 2, 3) =  303
 Base name    = Array005
( 3, 3) =  302
Array typekind/rank: Real*8 / 2 
( 3, 3) =  301
 Status: Base = Ready,  object = Ready
--- ESMCI::Array::print end ---
~ lower class' values ~
 Proxy        = no
--- ESMCI::Array::print end ---
--- ESMCI::Array::print start ---
DistGrid dimCount = 2
 Root Info (Attributes):
--- ESMCI::Array::print start ---
 Base name    = Array005
deCount = 4
{} Base name    = Array005
localDeCount = 1
 Status: Base = Ready,  object = Ready
 Status: Base = Ready,  object = Ready
Array typekind/rank: Real*8 / 2 
~ local data in LocalArray for DE 0 ~
~ lower class' values ~
LocalArrayPrint: Array at address 0x113704fa0:
 Proxy        = no
 Proxy        = no
            rank = 2, typekind = 6, base_addr = 0x600000934080
DistGrid dimCount = 2
 Root Info (Attributes):
 Root Info (Attributes):
            dim[0] = 4  dim[1] = 4  
deCount = 4
{}  Real, *8, Dim 2, Data values:
{}localDeCount = 1
Array typekind/rank: Real*8 / 2 
( 0, 0) =  400
~ local data in LocalArray for DE 3 ~
~ lower class' values ~
Array typekind/rank: Real*8 / 2 
LocalArrayPrint: Array at address 0x12b305220:
( 1, 0) =  400
DistGrid dimCount = 2
~ lower class' values ~
            rank = 2, typekind = 6, base_addr = 0x6000034b4100
( 2, 0) =  400
deCount = 4
DistGrid dimCount = 2
            dim[0] = 4  dim[1] = 4  
( 3, 0) =  400
deCount = 4
localDeCount = 1
  Real, *8, Dim 2, Data values:
( 0, 1) =  400
localDeCount = 1
~ local data in LocalArray for DE 1 ~
( 0, 0) =  400
( 1, 1) =  400
LocalArrayPrint: Array at address 0x13360d620:
~ local data in LocalArray for DE 2 ~
( 1, 0) =  401
( 2, 1) =  400
            rank = 2, typekind = 6, base_addr = 0x60000164d800
LocalArrayPrint: Array at address 0x120606620:
( 2, 0) =  401
( 3, 1) =  401
            dim[0] = 4  dim[1] = 4  
            rank = 2, typekind = 6, base_addr = 0x600003d31180
( 3, 0) =  403
( 0, 2) =  400
  Real, *8, Dim 2, Data values:
            dim[0] = 4  dim[1] = 4  
( 0, 1) =  402
( 1, 2) =  400
( 0, 0) =  401
  Real, *8, Dim 2, Data values:
( 2, 2) =  400
( 1, 1) =  403
( 1, 0) =  401
( 0, 0) =  402
( 3, 2) =  401
( 2, 1) =  403
( 2, 0) =  401
( 1, 0) =  400
( 0, 3) =  400
( 3, 1) =  403
( 3, 0) =  401
( 2, 0) =  400
( 1, 3) =  402
( 0, 2) =  402
( 0, 1) =  400
( 3, 0) =  401
( 1, 2) =  403
( 2, 3) =  402
( 1, 1) =  401
( 0, 1) =  402
( 2, 2) =  403
( 3, 3) =  403
( 3, 2) =  403
--- ESMCI::Array::print end ---
( 2, 1) =  401
( 1, 1) =  402
( 3, 1) =  401
( 2, 1) =  402
( 0, 3) =  403
--- ESMCI::Array::print start ---
( 3, 1) =  403
( 1, 3) =  403
( 0, 2) =  400
 Base name    = Array006
( 0, 2) =  402
( 2, 3) =  403
( 1, 2) =  401
 Status: Base = Ready,  object = Ready
( 1, 2) =  402
( 3, 3) =  403
( 2, 2) =  401
 Proxy        = no
( 2, 2) =  402
--- ESMCI::Array::print end ---
( 3, 2) =  401
 Root Info (Attributes):
( 0, 3) =  402
( 3, 2) =  403
{}--- ESMCI::Array::print start ---
( 0, 3) =  402
( 1, 3) =  403
Array typekind/rank: Real*8 / 2 
( 2, 3) =  403
 Base name    = Array006
( 1, 3) =  402
~ lower class' values ~
( 3, 3) =  401
 Status: Base = Ready,  object = Ready
( 2, 3) =  402
DistGrid dimCount = 2
--- ESMCI::Array::print end ---
 Proxy        = no
( 3, 3) =  402
deCount = 4
--- ESMCI::Array::print start ---
 Root Info (Attributes):
--- ESMCI::Array::print end ---
localDeCount = 1
 Base name    = Array006
~ local data in LocalArray for DE 0 ~
{}Array typekind/rank: Real*8 / 2 
--- ESMCI::Array::print start ---
 Base name    = Array006
 Status: Base = Ready,  object = Ready
 Proxy        = no
 Status: Base = Ready,  object = Ready
LocalArrayPrint: Array at address 0x1137052d0:
            rank = 2, typekind = 6, base_addr = 0x600000338000
~ lower class' values ~
DistGrid dimCount = 2
 Proxy        = no
deCount = 4
 Root Info (Attributes):
{} Root Info (Attributes):
{}localDeCount = 1
~ local data in LocalArray for DE 3 ~
            dim[0] = 4  dim[1] = 3  
  Real, *8, Dim 2, Data values:
( 0, 0) =  500
Array typekind/rank: Real*8 / 2 
Array typekind/rank: Real*8 / 2 
~ lower class' values ~
LocalArrayPrint: Array at address 0x12b305550:
( 1, 0) =  500
~ lower class' values ~
DistGrid dimCount = 2
deCount = 4
( 2, 0) =  500
            rank = 2, typekind = 6, base_addr = 0x600003ea4000
DistGrid dimCount = 2
( 3, 0) =  500
            dim[0] = 4  dim[1] = 3  
localDeCount = 1
~ local data in LocalArray for DE 1 ~
deCount = 4
localDeCount = 1
( 0, 1) =  500
  Real, *8, Dim 2, Data values:
( 0, 0) =  500
( 1, 1) =  500
( 2, 1) =  500
( 1, 0) =  501
~ local data in LocalArray for DE 2 ~
LocalArrayPrint: Array at address 0x120606b70:
LocalArrayPrint: Array at address 0x13360d950:
            rank = 2, typekind = 6, base_addr = 0x600001c4db60
( 3, 1) =  501
( 2, 0) =  501
            dim[0] = 4  dim[1] = 3  
( 3, 0) =  503
( 0, 2) =  500
            rank = 2, typekind = 6, base_addr = 0x60000373c2a0
  Real, *8, Dim 2, Data values:
( 0, 1) =  502
( 1, 2) =  500
            dim[0] = 4  dim[1] = 3  
( 0, 0) =  501
( 1, 1) =  503
( 2, 2) =  500
  Real, *8, Dim 2, Data values:
( 1, 0) =  501
( 2, 1) =  503
( 3, 2) =  501
( 0, 0) =  502
( 2, 0) =  501
( 3, 1) =  503
--- ESMCI::Array::print end ---
( 0, 2) =  502
( 1, 0) =  500
( 3, 0) =  501
( 2, 0) =  500
( 3, 0) =  501
( 0, 1) =  500
( 1, 1) =  501
( 1, 2) =  503
( 2, 2) =  503
  PASS  Example ESMF_ArrayBundleHaloEx, ESMF_ArrayBundleHaloEx.F90, line 172
( 0, 1) =  502
( 2, 1) =  501
( 3, 2) =  503
( 1, 1) =  502
( 3, 1) =  501
( 0, 2) =  500
--- ESMCI::Array::print end ---
( 2, 1) =  502
( 1, 2) =  501
( 3, 1) =  503
  PASS  Example ESMF_ArrayBundleHaloEx, ESMF_ArrayBundleHaloEx.F90, line 172
( 2, 2) =  501
( 0, 2) =  502
( 3, 2) =  501
--- ESMCI::Array::print end ---
( 1, 2) =  502
( 2, 2) =  502
( 3, 2) =  503
  PASS  Example ESMF_ArrayBundleHaloEx, ESMF_ArrayBundleHaloEx.F90, line 172
--- ESMCI::Array::print end ---
  PASS  Example ESMF_ArrayBundleHaloEx, ESMF_ArrayBundleHaloEx.F90, line 172
 PASS: ESMF_ArrayBundleHaloEx.F90
 PASS: ESMF_ArrayBundleHaloEx.F90
 PASS: ESMF_ArrayBundleHaloEx.F90
 PASS: ESMF_ArrayBundleHaloEx.F90
