2024-09-26 09:48:57
20240926 120028.975 INFO             PET0 !!!!!!!!!!!!!!!!!!!!!!!!!!!!!!!!!!!!!!!!!!!!!!!!!!!!!!
20240926 120028.976 INFO             PET0 !!! THE ESMF_LOG IS SET TO OUTPUT ALL LOG MESSAGES !!!
20240926 120028.976 INFO             PET0 !!!     THIS MAY CAUSE SLOWDOWN IN PERFORMANCE     !!!
20240926 120028.976 INFO             PET0 !!! FOR PRODUCTION RUNS, USE:                      !!!
20240926 120028.976 INFO             PET0 !!!                   ESMF_LOGKIND_Multi_On_Error  !!!
20240926 120028.976 INFO             PET0 !!!!!!!!!!!!!!!!!!!!!!!!!!!!!!!!!!!!!!!!!!!!!!!!!!!!!!
20240926 120028.976 INFO             PET0 Running with ESMF Version   : v8.7.0b14-1-g2597b0a993
20240926 120028.976 INFO             PET0 ESMF library build date/time: "Sep 26 2024" "09:45:11"
20240926 120028.976 INFO             PET0 ESMF library build location : /scratch2/NCEPDEV/stmp1/Gerhard.Theurich/ESMF-Nightly-Testing/nvhpc_24.1_mpiuni_g_release_8.7.0/esmf
20240926 120028.976 INFO             PET0 ESMF_COMM                   : mpiuni
20240926 120028.976 INFO             PET0 ESMF_MOAB                   : enabled
20240926 120028.977 INFO             PET0 ESMF_LAPACK                 : enabled
20240926 120028.977 INFO             PET0 ESMF_NETCDF                 : disabled
20240926 120028.977 INFO             PET0 ESMF_PNETCDF                : disabled
20240926 120028.977 INFO             PET0 ESMF_PIO                    : disabled
20240926 120028.977 INFO             PET0 ESMF_YAMLCPP                : enabled
20240926 120028.978 INFO             PET0  NUMBER_OF_PROCESSORS            1
20240926 120028.978 INFO             PET0  PASS  Example ESMF_VMDefaultBasicsEx, ESMF_VMDefaultBasicsEx.F90, line 107
20240926 120028.978 INFO             PET0  Finalizing ESMF
