2024-10-01 07:45:11
20241001 085006.763 INFO             PET0 !!!!!!!!!!!!!!!!!!!!!!!!!!!!!!!!!!!!!!!!!!!!!!!!!!!!!!
20241001 085006.763 INFO             PET0 !!! THE ESMF_LOG IS SET TO OUTPUT ALL LOG MESSAGES !!!
20241001 085006.763 INFO             PET0 !!!     THIS MAY CAUSE SLOWDOWN IN PERFORMANCE     !!!
20241001 085006.763 INFO             PET0 !!! FOR PRODUCTION RUNS, USE:                      !!!
20241001 085006.763 INFO             PET0 !!!                   ESMF_LOGKIND_Multi_On_Error  !!!
20241001 085006.763 INFO             PET0 !!!!!!!!!!!!!!!!!!!!!!!!!!!!!!!!!!!!!!!!!!!!!!!!!!!!!!
20241001 085006.763 INFO             PET0 Running with ESMF Version   : v8.7.0b14-1-g2597b0a993
20241001 085006.763 INFO             PET0 ESMF library build date/time: "Oct  1 2024" "07:41:00"
20241001 085006.763 INFO             PET0 ESMF library build location : /scratch2/NCEPDEV/stmp1/Gerhard.Theurich/ESMF-Nightly-Testing/nvhpc_24.1_mpiuni_g_release_8.7.0/esmf
20241001 085006.763 INFO             PET0 ESMF_COMM                   : mpiuni
20241001 085006.764 INFO             PET0 ESMF_MOAB                   : enabled
20241001 085006.764 INFO             PET0 ESMF_LAPACK                 : enabled
20241001 085006.764 INFO             PET0 ESMF_NETCDF                 : disabled
20241001 085006.764 INFO             PET0 ESMF_PNETCDF                : disabled
20241001 085006.764 INFO             PET0 ESMF_PIO                    : disabled
20241001 085006.764 INFO             PET0 ESMF_YAMLCPP                : enabled
20241001 085006.765 INFO             PET0  NUMBER_OF_PROCESSORS            1
20241001 085006.765 INFO             PET0  PASS  Example ESMF_VMNonBlockingEx, ESMF_VMNonBlockingEx.F90, line 433
20241001 085006.765 INFO             PET0  Finalizing ESMF
