2024-10-03 07:54:45
20241003 092028.236 INFO             PET0 !!!!!!!!!!!!!!!!!!!!!!!!!!!!!!!!!!!!!!!!!!!!!!!!!!!!!!
20241003 092028.236 INFO             PET0 !!! THE ESMF_LOG IS SET TO OUTPUT ALL LOG MESSAGES !!!
20241003 092028.236 INFO             PET0 !!!     THIS MAY CAUSE SLOWDOWN IN PERFORMANCE     !!!
20241003 092028.236 INFO             PET0 !!! FOR PRODUCTION RUNS, USE:                      !!!
20241003 092028.237 INFO             PET0 !!!                   ESMF_LOGKIND_Multi_On_Error  !!!
20241003 092028.237 INFO             PET0 !!!!!!!!!!!!!!!!!!!!!!!!!!!!!!!!!!!!!!!!!!!!!!!!!!!!!!
20241003 092028.237 INFO             PET0 Running with ESMF Version   : v8.7.0b14-6-gd29442cb2f
20241003 092028.237 INFO             PET0 ESMF library build date/time: "Oct  3 2024" "07:51:04"
20241003 092028.237 INFO             PET0 ESMF library build location : /scratch2/NCEPDEV/stmp1/Gerhard.Theurich/ESMF-Nightly-Testing/nvhpc_24.1_mpiuni_g_release_8.7.0/esmf
20241003 092028.237 INFO             PET0 ESMF_COMM                   : mpiuni
20241003 092028.237 INFO             PET0 ESMF_MOAB                   : enabled
20241003 092028.237 INFO             PET0 ESMF_LAPACK                 : enabled
20241003 092028.237 INFO             PET0 ESMF_NETCDF                 : disabled
20241003 092028.237 INFO             PET0 ESMF_PNETCDF                : disabled
20241003 092028.237 INFO             PET0 ESMF_PIO                    : disabled
20241003 092028.238 INFO             PET0 ESMF_YAMLCPP                : enabled
20241003 092028.365 DEBUG            PET0 about to destroy Grid: 0x1b3d370
20241003 092028.378 DEBUG            PET0 about to destroy Grid: 0x1b3e850
20241003 092028.411 INFO             PET0  NUMBER_OF_PROCESSORS            1
20241003 092028.411 INFO             PET0  PASS  Example ESMF_NUOPCAtmModelEx, ESMF_NUOPCAtmModelEx.F90, line 806
20241003 092028.411 INFO             PET0  Finalizing ESMF
