2024-10-04 01:23:35
20241004 014517.999 INFO             PET0 !!!!!!!!!!!!!!!!!!!!!!!!!!!!!!!!!!!!!!!!!!!!!!!!!!!!!!
20241004 014517.999 INFO             PET0 !!! THE ESMF_LOG IS SET TO OUTPUT ALL LOG MESSAGES !!!
20241004 014517.999 INFO             PET0 !!!     THIS MAY CAUSE SLOWDOWN IN PERFORMANCE     !!!
20241004 014517.999 INFO             PET0 !!! FOR PRODUCTION RUNS, USE:                      !!!
20241004 014517.999 INFO             PET0 !!!                   ESMF_LOGKIND_Multi_On_Error  !!!
20241004 014517.999 INFO             PET0 !!!!!!!!!!!!!!!!!!!!!!!!!!!!!!!!!!!!!!!!!!!!!!!!!!!!!!
20241004 014517.999 INFO             PET0 Running with ESMF Version   : v8.7.0
20241004 014517.999 INFO             PET0 ESMF library build date/time: "Oct  4 2024" "01:22:17"
20241004 014517.999 INFO             PET0 ESMF library build location : /home/gerhard/ESMF-Nightly-Testing/gfortran_7.4.0_mpich_g_v8.7.0/esmf
20241004 014517.999 INFO             PET0 ESMF_COMM                   : mpich
20241004 014518.000 INFO             PET0 ESMF_MOAB                   : enabled
20241004 014518.000 INFO             PET0 ESMF_LAPACK                 : enabled
20241004 014518.000 INFO             PET0 ESMF_NETCDF                 : enabled
20241004 014518.000 INFO             PET0 ESMF_PNETCDF                : disabled
20241004 014518.000 INFO             PET0 ESMF_PIO                    : enabled
20241004 014518.000 INFO             PET0 ESMF_YAMLCPP                : enabled
20241004 014518.000 INFO             PET0  NUMBER_OF_PROCESSORS           1
20241004 014518.000 INFO             PET0  PASS  Example ESMF_ClockEx, ESMF_ClockEx.F90, line 220
20241004 014518.000 INFO             PET0  Finalizing ESMF
