2024-10-07 22:28:55
Runtime Error: Unexpected end of format speRuntime Error: Unexpected end of format specification
Runtime Error: Unexpected end of format specification
ProgRuntime Error: Unexpected end of format specification
Program terminatProgram terminateed by I/O erram terminated by I/O cification
Program terminated by I/O error on interor on internal file
error on internal file
d by I/O error on internal file
rnal file
[borgl086:181226] *** Process received signal ***
[borgl086:181226] Signal: Aborted (6)
[borgl086:181226] Signal code:  (-6)
[borgl086:181226] [ 0] /lib64/libpthread.so.0(+0x16910)[0x14964a6ff910]
[borgl086:181226] [ 1] /lib64/libc.so.6(gsignal+0x10d)[0x149649e53d2b]
[borgl086:181226] [ 2] /lib64/libc.so.6(abort+0x177)[0x149649e553e5]
[borgl086:181226] [ 3] ./esmApp(__NAGf90_io_abort+0x78)[0x45a9f8]
[borgl086:181226] [ 4] ./esmApp(__NAGf90_ioerr+0x1cd)[0x45b05d]
[borgl086:181226] [ 5] /discover/nobackup/projects/gmao/SIteam/comp/SLES-15/nag/7.2.15/lib/NAG_Fortran/libf72rts.so.1(__NAGf90_maybe_next_edit+0xe19)[0x14964a0aa629]
[borgl086:181226] [ 6] [borgl086:181225] *** Process received signal ***
[borgl086:181225] Signal: Aborted (6)
[borgl086:181225] Signal code:  (-6)
[borgl086:181225] [ 0] /lib64/libpthread.so.0(+0x16910)[0x1485137f6910]
[borgl086:181225] [ 1] /lib64/libc.so.6(gsignal+0x10d)[0x148512d07d2b]
[borgl086:181225] [ 2] /lib64/libc.so.6(abort+0x177)[0x148512d093e5]
[borgl086:181225] [ 3] ./esmApp(__NAGf90_io_abort+0x78)[0x45a9f8]
[borgl086:181225] [ 4] ./esmApp(__NAGf90_ioerr+0x1cd)[0x45b05d]
[borgl086:181225] [ 5] /discover/nobackup/projects/gmao/SIteam/comp/SLES-15/nag/7.2.15/lib/NAG_Fortran/libf72rts.so.1(__NAGf90_maybe_next_edit+0xe19)[0x1485130aa629]
[borgl086:181225] [ 6] [borgl086:181224] *** Process received signal ***
[borgl086:181224] Signal: Aborted (6)
[borgl086:181224] Signal code:  (-6)
[borgl086:181223] *** Process received signal ***
[borgl086:181223] Signal: Aborted (6)
[borgl086:181223] Signal code:  (-6)
[borgl086:181223] [ 0] [borgl086:181224] [ 0] /lib64/libpthread.so.0(+0x16910)[0x1459759f2910]
/lib64/libpthread.so.0(+0x16910)[0x14fde2d14910]
[borgl086:181223] [ 1] [borgl086:181224] [ 1] /lib64/libc.so.6(gsignal+0x10d)[0x14597582fd2b]
[borgl086:181224] [ 2] /lib64/libc.so.6(gsignal+0x10d)[0x14fde2453d2b]
[borgl086:181223] [ 2] /lib64/libc.so.6(abort+0x177)[0x1459758313e5]
[borgl086:181224] [ 3] ./esmApp(__NAGf90_io_abort+0x78)[0x45a9f8]
/lib64/libc.so.6(abort+0x177)[0x14fde24553e5]
[borgl086:181223] [ 3] ./esmApp(__NAGf90_io_abort+0x78)[0x45a9f8]
[borgl086:181223] [ 4] ./esmApp(__NAGf90_ioerr+0x1cd)[0x45b05d]
[borgl086:181223] [ 5] [borgl086:181224] [ 4] ./esmApp(__NAGf90_ioerr+0x1cd)[0x45b05d]
[borgl086:181224] [ 5] /discover/nobackup/projects/gmao/SIteam/comp/SLES-15/nag/7.2.15/lib/NAG_Fortran/libf72rts.so.1(__NAGf90_maybe_next_edit+0xe19)[0x14fde26aa629]
[borgl086:181223] [ 6] /discover/nobackup/projects/gmao/SIteam/ESMF_Testing/nag_7.2.15_openmpi_O_v8.7.0/esmf/DEFAULTINSTALLDIR/lib/libO/Linux.nag.64.openmpi.default/libesmf.so(nuopc_driver_MP_loopdatadependentinitialize+0x3aef)[0x14964ca4b15c]
[borgl086:181226] [ 7] /discover/nobackup/projects/gmao/SIteam/comp/SLES-15/nag/7.2.15/lib/NAG_Fortran/libf72rts.so.1(__NAGf90_maybe_next_edit+0xe19)[0x145975aaa629]
[borgl086:181224] [ 6] /discover/nobackup/projects/gmao/SIteam/ESMF_Testing/nag_7.2.15_openmpi_O_v8.7.0/esmf/DEFAULTINSTALLDIR/lib/libO/Linux.nag.64.openmpi.default/libesmf.so(nuopc_driver_MP_loopdatadependentinitialize+0x3aef)[0x1485159f615c]
[borgl086:181225] [ 7] /discover/nobackup/projects/gmao/SIteam/ESMF_Testing/nag_7.2.15_openmpi_O_v8.7.0/esmf/DEFAULTINSTALLDIR/lib/libO/Linux.nag.64.openmpi.default/libesmf.so(nuopc_driver_MP_initializeipdv02p5data+0x3180)[0x14964ca5b07e]
[borgl086:181226] [ 8] /discover/nobackup/projects/gmao/SIteam/ESMF_Testing/nag_7.2.15_openmpi_O_v8.7.0/esmf/DEFAULTINSTALLDIR/lib/libO/Linux.nag.64.openmpi.default/libesmf.so(nuopc_driver_MP_loopdatadependentinitialize+0x3aef)[0x14597841a15c]
[borgl086:181224] [ 7] /discover/nobackup/projects/gmao/SIteam/ESMF_Testing/nag_7.2.15_openmpi_O_v8.7.0/esmf/DEFAULTINSTALLDIR/lib/libO/Linux.nag.64.openmpi.default/libesmf.so(nuopc_driver_MP_loopdatadependentinitialize+0x3aef)[0x14fde506015c]
[borgl086:181223] [ 7] /discover/nobackup/projects/gmao/SIteam/ESMF_Testing/nag_7.2.15_openmpi_O_v8.7.0/esmf/DEFAULTINSTALLDIR/lib/libO/Linux.nag.64.openmpi.default/libesmf.so(nuopc_driver_MP_initializeipdv02p5data+0x3180)[0x148515a0607e]
[borgl086:181225] [ 8] /discover/nobackup/projects/gmao/SIteam/ESMF_Testing/nag_7.2.15_openmpi_O_v8.7.0/esmf/DEFAULTINSTALLDIR/lib/libO/Linux.nag.64.openmpi.default/libesmf.so(nuopc_driver_MP_initializeipdv02p5+0x4779)[0x14964ca60643]
[borgl086:181226] [ 9] /discover/nobackup/projects/gmao/SIteam/ESMF_Testing/nag_7.2.15_openmpi_O_v8.7.0/esmf/DEFAULTINSTALLDIR/lib/libO/Linux.nag.64.openmpi.default/libesmf.so(nuopc_driver_MP_initializeipdv02p5data+0x3180)[0x14fde507007e]
[borgl086:181223] [ 8] /discover/nobackup/projects/gmao/SIteam/ESMF_Testing/nag_7.2.15_openmpi_O_v8.7.0/esmf/DEFAULTINSTALLDIR/lib/libO/Linux.nag.64.openmpi.default/libesmf.so(nuopc_driver_MP_initializeipdv02p5data+0x3180)[0x14597842a07e]
[borgl086:181224] [ 8] /discover/nobackup/projects/gmao/SIteam/ESMF_Testing/nag_7.2.15_openmpi_O_v8.7.0/esmf/DEFAULTINSTALLDIR/lib/libO/Linux.nag.64.openmpi.default/libesmf.so(nuopc_driver_MP_initializeipdv02p5+0x4779)[0x148515a0b643]
[borgl086:181225] [ 9] /discover/nobackup/projects/gmao/SIteam/ESMF_Testing/nag_7.2.15_openmpi_O_v8.7.0/esmf/DEFAULTINSTALLDIR/lib/libO/Linux.nag.64.openmpi.default/libesmf.so(nuopc_driver_MP_initializegeneric+0x1a06)[0x14964ca95cd1]
[borgl086:181226] [10] /discover/nobackup/projects/gmao/SIteam/ESMF_Testing/nag_7.2.15_openmpi_O_v8.7.0/esmf/DEFAULTINSTALLDIR/lib/libO/Linux.nag.64.openmpi.default/libesmf.so(nuopc_driver_MP_initializeipdv02p5+0x4779)[0x14fde5075643]
[borgl086:181223] [ 9] /discover/nobackup/projects/gmao/SIteam/ESMF_Testing/nag_7.2.15_openmpi_O_v8.7.0/esmf/DEFAULTINSTALLDIR/lib/libO/Linux.nag.64.openmpi.default/libesmf.so(nuopc_driver_MP_initializeipdv02p5+0x4779)[0x14597842f643]
[borgl086:181224] [ 9] /discover/nobackup/projects/gmao/SIteam/ESMF_Testing/nag_7.2.15_openmpi_O_v8.7.0/esmf/DEFAULTINSTALLDIR/lib/libO/Linux.nag.64.openmpi.default/libesmf.so(nuopc_driver_MP_initializegeneric+0x1a06)[0x148515a40cd1]
[borgl086:181225] [10] /discover/nobackup/projects/gmao/SIteam/ESMF_Testing/nag_7.2.15_openmpi_O_v8.7.0/esmf/DEFAULTINSTALLDIR/lib/libO/Linux.nag.64.openmpi.default/libesmf.so(nuopc_driver_MP_initializegeneric+0x1a06)[0x145978464cd1]
[borgl086:181224] [10] /discover/nobackup/projects/gmao/SIteam/ESMF_Testing/nag_7.2.15_openmpi_O_v8.7.0/esmf/DEFAULTINSTALLDIR/lib/libO/Linux.nag.64.openmpi.default/libesmf.so(nuopc_driver_MP_initializegeneric+0x1a06)[0x14fde50aacd1]
[borgl086:181223] [10] /discover/nobackup/projects/gmao/SIteam/ESMF_Testing/nag_7.2.15_openmpi_O_v8.7.0/esmf/DEFAULTINSTALLDIR/lib/libO/Linux.nag.64.openmpi.default/libesmf.so(_ZN5ESMCI6FTable12callVFuncPtrEPKcPNS_2VMEPi+0xc55)[0x14964bba1c79]
[borgl086:181226] [11] /discover/nobackup/projects/gmao/SIteam/ESMF_Testing/nag_7.2.15_openmpi_O_v8.7.0/esmf/DEFAULTINSTALLDIR/lib/libO/Linux.nag.64.openmpi.default/libesmf.so(_ZN5ESMCI6FTable12callVFuncPtrEPKcPNS_2VMEPi+0xc55)[0x148514b4cc79]
[borgl086:181225] [11] /discover/nobackup/projects/gmao/SIteam/ESMF_Testing/nag_7.2.15_openmpi_O_v8.7.0/esmf/DEFAULTINSTALLDIR/lib/libO/Linux.nag.64.openmpi.default/libesmf.so(_ZN5ESMCI6FTable12callVFuncPtrEPKcPNS_2VMEPi+0xc55)[0x145977570c79]
[borgl086:181224] [11] /discover/nobackup/projects/gmao/SIteam/ESMF_Testing/nag_7.2.15_openmpi_O_v8.7.0/esmf/DEFAULTINSTALLDIR/lib/libO/Linux.nag.64.openmpi.default/libesmf.so(_ZN5ESMCI6FTable12callVFuncPtrEPKcPNS_2VMEPi+0xc55)[0x14fde41b6c79]
[borgl086:181223] [11] /discover/nobackup/projects/gmao/SIteam/ESMF_Testing/nag_7.2.15_openmpi_O_v8.7.0/esmf/DEFAULTINSTALLDIR/lib/libO/Linux.nag.64.openmpi.default/libesmf.so(ESMCI_FTableCallEntryPointVMHop+0x32e)[0x14964bb9ed4c]
[borgl086:181226] [12] /discover/nobackup/projects/gmao/SIteam/ESMF_Testing/nag_7.2.15_openmpi_O_v8.7.0/esmf/DEFAULTINSTALLDIR/lib/libO/Linux.nag.64.openmpi.default/libesmf.so(ESMCI_FTableCallEntryPointVMHop+0x32e)[0x148514b49d4c]
[borgl086:181225] [12] /discover/nobackup/projects/gmao/SIteam/ESMF_Testing/nag_7.2.15_openmpi_O_v8.7.0/esmf/DEFAULTINSTALLDIR/lib/libO/Linux.nag.64.openmpi.default/libesmf.so(ESMCI_FTableCallEntryPointVMHop+0x32e)[0x14fde41b3d4c]
[borgl086:181223] [12] /discover/nobackup/projects/gmao/SIteam/ESMF_Testing/nag_7.2.15_openmpi_O_v8.7.0/esmf/DEFAULTINSTALLDIR/lib/libO/Linux.nag.64.openmpi.default/libesmf.so(ESMCI_FTableCallEntryPointVMHop+0x32e)[0x14597756dd4c]
[borgl086:181224] [12] /discover/nobackup/projects/gmao/SIteam/ESMF_Testing/nag_7.2.15_openmpi_O_v8.7.0/esmf/DEFAULTINSTALLDIR/lib/libO/Linux.nag.64.openmpi.default/libesmf.so(_ZN5ESMCI3VMK5enterEPNS_7VMKPlanEPvS3_+0xd5)[0x14964bf9d9b3]
[borgl086:181226] [13] /discover/nobackup/projects/gmao/SIteam/ESMF_Testing/nag_7.2.15_openmpi_O_v8.7.0/esmf/DEFAULTINSTALLDIR/lib/libO/Linux.nag.64.openmpi.default/libesmf.so(_ZN5ESMCI3VMK5enterEPNS_7VMKPlanEPvS3_+0xd5)[0x148514f489b3]
[borgl086:181225] [13] /discover/nobackup/projects/gmao/SIteam/ESMF_Testing/nag_7.2.15_openmpi_O_v8.7.0/esmf/DEFAULTINSTALLDIR/lib/libO/Linux.nag.64.openmpi.default/libesmf.so(_ZN5ESMCI3VMK5enterEPNS_7VMKPlanEPvS3_+0xd5)[0x14597796c9b3]
[borgl086:181224] [13] /discover/nobackup/projects/gmao/SIteam/ESMF_Testing/nag_7.2.15_openmpi_O_v8.7.0/esmf/DEFAULTINSTALLDIR/lib/libO/Linux.nag.64.openmpi.default/libesmf.so(_ZN5ESMCI3VMK5enterEPNS_7VMKPlanEPvS3_+0xd5)[0x14fde45b29b3]
[borgl086:181223] [13] /discover/nobackup/projects/gmao/SIteam/ESMF_Testing/nag_7.2.15_openmpi_O_v8.7.0/esmf/DEFAULTINSTALLDIR/lib/libO/Linux.nag.64.openmpi.default/libesmf.so(_ZN5ESMCI2VM5enterEPNS_6VMPlanEPvS3_+0xb7)[0x14964bf878cd]
[borgl086:181226] [14] /discover/nobackup/projects/gmao/SIteam/ESMF_Testing/nag_7.2.15_openmpi_O_v8.7.0/esmf/DEFAULTINSTALLDIR/lib/libO/Linux.nag.64.openmpi.default/libesmf.so(_ZN5ESMCI2VM5enterEPNS_6VMPlanEPvS3_+0xb7)[0x148514f328cd]
[borgl086:181225] [14] /discover/nobackup/projects/gmao/SIteam/ESMF_Testing/nag_7.2.15_openmpi_O_v8.7.0/esmf/DEFAULTINSTALLDIR/lib/libO/Linux.nag.64.openmpi.default/libesmf.so(_ZN5ESMCI2VM5enterEPNS_6VMPlanEPvS3_+0xb7)[0x14fde459c8cd]
[borgl086:181223] [14] /discover/nobackup/projects/gmao/SIteam/ESMF_Testing/nag_7.2.15_openmpi_O_v8.7.0/esmf/DEFAULTINSTALLDIR/lib/libO/Linux.nag.64.openmpi.default/libesmf.so(_ZN5ESMCI2VM5enterEPNS_6VMPlanEPvS3_+0xb7)[0x1459779568cd]
[borgl086:181224] [14] /discover/nobackup/projects/gmao/SIteam/ESMF_Testing/nag_7.2.15_openmpi_O_v8.7.0/esmf/DEFAULTINSTALLDIR/lib/libO/Linux.nag.64.openmpi.default/libesmf.so(c_esmc_ftablecallentrypointvm_+0x35f)[0x14964bb9f1e5]
[borgl086:181226] [15] /discover/nobackup/projects/gmao/SIteam/ESMF_Testing/nag_7.2.15_openmpi_O_v8.7.0/esmf/DEFAULTINSTALLDIR/lib/libO/Linux.nag.64.openmpi.default/libesmf.so(c_esmc_ftablecallentrypointvm_+0x35f)[0x148514b4a1e5]
[borgl086:181225] [15] /discover/nobackup/projects/gmao/SIteam/ESMF_Testing/nag_7.2.15_openmpi_O_v8.7.0/esmf/DEFAULTINSTALLDIR/lib/libO/Linux.nag.64.openmpi.default/libesmf.so(c_esmc_ftablecallentrypointvm_+0x35f)[0x14fde41b41e5]
[borgl086:181223] [15] /discover/nobackup/projects/gmao/SIteam/ESMF_Testing/nag_7.2.15_openmpi_O_v8.7.0/esmf/DEFAULTINSTALLDIR/lib/libO/Linux.nag.64.openmpi.default/libesmf.so(c_esmc_ftablecallentrypointvm_+0x35f)[0x14597756e1e5]
[borgl086:181224] [15] /discover/nobackup/projects/gmao/SIteam/ESMF_Testing/nag_7.2.15_openmpi_O_v8.7.0/esmf/DEFAULTINSTALLDIR/lib/libO/Linux.nag.64.openmpi.default/libesmf.so(esmf_compmod_MP_esmf_compexecute+0xa43)[0x14964c234f79]
[borgl086:181226] [16] /discover/nobackup/projects/gmao/SIteam/ESMF_Testing/nag_7.2.15_openmpi_O_v8.7.0/esmf/DEFAULTINSTALLDIR/lib/libO/Linux.nag.64.openmpi.default/libesmf.so(esmf_compmod_MP_esmf_compexecute+0xa43)[0x1485151dff79]
[borgl086:181225] [16] /discover/nobackup/projects/gmao/SIteam/ESMF_Testing/nag_7.2.15_openmpi_O_v8.7.0/esmf/DEFAULTINSTALLDIR/lib/libO/Linux.nag.64.openmpi.default/libesmf.so(esmf_compmod_MP_esmf_compexecute+0xa43)[0x14fde4849f79]
[borgl086:181223] [16] /discover/nobackup/projects/gmao/SIteam/ESMF_Testing/nag_7.2.15_openmpi_O_v8.7.0/esmf/DEFAULTINSTALLDIR/lib/libO/Linux.nag.64.openmpi.default/libesmf.so(esmf_compmod_MP_esmf_compexecute+0xa43)[0x145977c03f79]
[borgl086:181224] [16] /discover/nobackup/projects/gmao/SIteam/ESMF_Testing/nag_7.2.15_openmpi_O_v8.7.0/esmf/DEFAULTINSTALLDIR/lib/libO/Linux.nag.64.openmpi.default/libesmf.so(esmf_gridcompmod_MP_esmf_gridcompinitialize+0x176)[0x14964c556764]
[borgl086:181226] [17] ./esmApp[0x495d96]
[borgl086:181226] [18] ./esmApp(__NAGf90_cosmp_init+0x123)[0x434c63]
[borgl086:181226] [19] ./esmApp[0x495973]
[borgl086:181226] [20] /lib64/libc.so.6(__libc_start_main+0xef)[0x149649e3e24d]
[borgl086:181226] [21] ./esmApp[0x40c0ca]
[borgl086:181226] *** End of error message ***
/discover/nobackup/projects/gmao/SIteam/ESMF_Testing/nag_7.2.15_openmpi_O_v8.7.0/esmf/DEFAULTINSTALLDIR/lib/libO/Linux.nag.64.openmpi.default/libesmf.so(esmf_gridcompmod_MP_esmf_gridcompinitialize+0x176)[0x148515501764]
[borgl086:181225] [17] ./esmApp[0x495d96]
[borgl086:181225] [18] ./esmApp(__NAGf90_cosmp_init+0x123)[0x434c63]
[borgl086:181225] [19] ./esmApp[0x495973]
[borgl086:181225] [20] /lib64/libc.so.6(__libc_start_main+0xef)[0x148512cf224d]
[borgl086:181225] [21] ./esmApp[0x40c0ca]
[borgl086:181225] *** End of error message ***
/discover/nobackup/projects/gmao/SIteam/ESMF_Testing/nag_7.2.15_openmpi_O_v8.7.0/esmf/DEFAULTINSTALLDIR/lib/libO/Linux.nag.64.openmpi.default/libesmf.so(esmf_gridcompmod_MP_esmf_gridcompinitialize+0x176)[0x14fde4b6b764]
[borgl086:181223] [17] /discover/nobackup/projects/gmao/SIteam/ESMF_Testing/nag_7.2.15_openmpi_O_v8.7.0/esmf/DEFAULTINSTALLDIR/lib/libO/Linux.nag.64.openmpi.default/libesmf.so(esmf_gridcompmod_MP_esmf_gridcompinitialize+0x176)[0x145977f25764]
[borgl086:181224] [17] ./esmApp[0x495d96]
[borgl086:181224] [18] ./esmApp[0x495d96]
[borgl086:181223] [18] ./esmApp(__NAGf90_cosmp_init+0x123)[0x434c63]
[borgl086:181224] [19] ./esmApp(__NAGf90_cosmp_init+0x123)[0x434c63]
[borgl086:181223] [19] ./esmApp[0x495973]
[borgl086:181223] [20] /lib64/libc.so.6(__libc_start_main+0xef)[0x14fde243e24d]
[borgl086:181223] ./esmApp[0x495973]
[borgl086:181224] [20] /lib64/libc.so.6(__libc_start_main+0xef)[0x14597581a24d]
[borgl086:181224] [21] ./esmApp[0x40c0ca]
[borgl086:181224] *** End of error message ***
[21] ./esmApp[0x40c0ca]
[borgl086:181223] *** End of error message ***
--------------------------------------------------------------------------
Primary job  terminated normally, but 1 process returned
a non-zero exit code. Per user-direction, the job has been aborted.
--------------------------------------------------------------------------
--------------------------------------------------------------------------
mpirun noticed that process rank 3 with PID 181226 on node borgl086 exited on signal 6 (Aborted).
--------------------------------------------------------------------------
