2024-10-07 22:28:55
Runtime Error: Unexpected Runtime Error: Unexpected end of formaRuntime Error: Unexpected end of format specification
Pt specification
end of format specification
Program terogram terminated by Runtime Error: Unexpected end of format specification
Program terminated by I/O error on internal file
I/O error on internal file
rminated by I/O error on internal file
Program terminated by I/O error on internal file
[borgl086:179483] *** Process received signal ***
[borgl086:179483] Signal: Aborted (6)
[borgl086:179483] Signal code:  (-6)
[borgl086:179481] *** Process received signal ***
[borgl086:179481] Signal: Aborted (6)
[borgl086:179481] Signal code:  (-6)
[borgl086:179482] *** Process received signal ***
[borgl086:179480] *** Process received signal ***
[borgl086:179480] Signal: Aborted (6)
[borgl086:179480] Signal code:  (-6)
[borgl086:179482] Signal: Aborted (6)
[borgl086:179482] Signal code:  (-6)
[borgl086:179483] [ 0] [borgl086:179482] [ 0] [borgl086:179480] [ 0] [borgl086:179481] [ 0] /lib64/libpthread.so.0(+0x16910)[0x149b539ef910]
[borgl086:179483] [ 1] /lib64/libc.so.6(gsignal+0x10d)[0x149b52f07d2b]
[borgl086:179483] [ 2] /lib64/libpthread.so.0(+0x16910)[0x14dff9f05910]
[borgl086:179482] [ 1] /lib64/libc.so.6(gsignal+0x10d)[0x14dff9653d2b]
[borgl086:179482] [ 2] /lib64/libpthread.so.0(+0x16910)[0x1516bb2dd910]
[borgl086:179480] [ 1] /lib64/libc.so.6(gsignal+0x10d)[0x1516ba907d2b]
[borgl086:179480] [ 2] /lib64/libpthread.so.0(+0x16910)[0x145aa0925910]
[borgl086:179481] [ 1] /lib64/libc.so.6(gsignal+0x10d)[0x145aa0053d2b]
[borgl086:179481] [ 2] /lib64/libc.so.6(abort+0x177)[0x149b52f093e5]
[borgl086:179483] [ 3] /lib64/libc.so.6(abort+0x177)[0x145aa00553e5]
[borgl086:179481] [ 3] ./esmApp(__NAGf90_io_abort+0x78)[0x45a4a8]
[borgl086:179481] [ 4] ./esmApp(__NAGf90_ioerr+0x1cd)[0x45ab0d]
[borgl086:179481] [ 5] /lib64/libc.so.6(abort+0x177)[0x14dff96553e5]
[borgl086:179482] [ 3] ./esmApp(__NAGf90_io_abort+0x78)[0x45a4a8]
[borgl086:179482] [ 4] ./esmApp(__NAGf90_ioerr+0x1cd)[0x45ab0d]
[borgl086:179482] [ 5] /lib64/libc.so.6(abort+0x177)[0x1516ba9093e5]
[borgl086:179480] [ 3] ./esmApp(__NAGf90_io_abort+0x78)[0x45a4a8]
[borgl086:179480] [ 4] ./esmApp(__NAGf90_ioerr+0x1cd)[0x45ab0d]
[borgl086:179480] [ 5] ./esmApp(__NAGf90_io_abort+0x78)[0x45a4a8]
[borgl086:179483] [ 4] ./esmApp(__NAGf90_ioerr+0x1cd)[0x45ab0d]
[borgl086:179483] [ 5] /discover/nobackup/projects/gmao/SIteam/comp/SLES-15/nag/7.2.15/lib/NAG_Fortran/libf72rts.so.1(__NAGf90_maybe_next_edit+0xe19)[0x149b532aa629]
[borgl086:179483] [ 6] /discover/nobackup/projects/gmao/SIteam/comp/SLES-15/nag/7.2.15/lib/NAG_Fortran/libf72rts.so.1(__NAGf90_maybe_next_edit+0xe19)[0x1516bacaa629]
[borgl086:179480] [ 6] /discover/nobackup/projects/gmao/SIteam/comp/SLES-15/nag/7.2.15/lib/NAG_Fortran/libf72rts.so.1(__NAGf90_maybe_next_edit+0xe19)[0x145aa02aa629]
[borgl086:179481] [ 6] /discover/nobackup/projects/gmao/SIteam/comp/SLES-15/nag/7.2.15/lib/NAG_Fortran/libf72rts.so.1(__NAGf90_maybe_next_edit+0xe19)[0x14dff98aa629]
[borgl086:179482] [ 6] /discover/nobackup/projects/gmao/SIteam/ESMF_Testing/nag_7.2.15_openmpi_O_v8.7.0/esmf/DEFAULTINSTALLDIR/lib/libO/Linux.nag.64.openmpi.default/libesmf.so(nuopc_driver_MP_loopdatadependentinitialize+0x3aef)[0x149b55bef15c]
[borgl086:179483] [ 7] /discover/nobackup/projects/gmao/SIteam/ESMF_Testing/nag_7.2.15_openmpi_O_v8.7.0/esmf/DEFAULTINSTALLDIR/lib/libO/Linux.nag.64.openmpi.default/libesmf.so(nuopc_driver_MP_loopdatadependentinitialize+0x3aef)[0x14dffc25115c]
[borgl086:179482] [ 7] /discover/nobackup/projects/gmao/SIteam/ESMF_Testing/nag_7.2.15_openmpi_O_v8.7.0/esmf/DEFAULTINSTALLDIR/lib/libO/Linux.nag.64.openmpi.default/libesmf.so(nuopc_driver_MP_loopdatadependentinitialize+0x3aef)[0x1516bd4dd15c]
[borgl086:179480] [ 7] /discover/nobackup/projects/gmao/SIteam/ESMF_Testing/nag_7.2.15_openmpi_O_v8.7.0/esmf/DEFAULTINSTALLDIR/lib/libO/Linux.nag.64.openmpi.default/libesmf.so(nuopc_driver_MP_loopdatadependentinitialize+0x3aef)[0x145aa2c7115c]
[borgl086:179481] [ 7] /discover/nobackup/projects/gmao/SIteam/ESMF_Testing/nag_7.2.15_openmpi_O_v8.7.0/esmf/DEFAULTINSTALLDIR/lib/libO/Linux.nag.64.openmpi.default/libesmf.so(nuopc_driver_MP_initializeipdv02p5data+0x3180)[0x145aa2c8107e]
[borgl086:179481] [ 8] /discover/nobackup/projects/gmao/SIteam/ESMF_Testing/nag_7.2.15_openmpi_O_v8.7.0/esmf/DEFAULTINSTALLDIR/lib/libO/Linux.nag.64.openmpi.default/libesmf.so(nuopc_driver_MP_initializeipdv02p5data+0x3180)[0x149b55bff07e]
[borgl086:179483] [ 8] /discover/nobackup/projects/gmao/SIteam/ESMF_Testing/nag_7.2.15_openmpi_O_v8.7.0/esmf/DEFAULTINSTALLDIR/lib/libO/Linux.nag.64.openmpi.default/libesmf.so(nuopc_driver_MP_initializeipdv02p5data+0x3180)[0x14dffc26107e]
[borgl086:179482] [ 8] /discover/nobackup/projects/gmao/SIteam/ESMF_Testing/nag_7.2.15_openmpi_O_v8.7.0/esmf/DEFAULTINSTALLDIR/lib/libO/Linux.nag.64.openmpi.default/libesmf.so(nuopc_driver_MP_initializeipdv02p5data+0x3180)[0x1516bd4ed07e]
[borgl086:179480] [ 8] /discover/nobackup/projects/gmao/SIteam/ESMF_Testing/nag_7.2.15_openmpi_O_v8.7.0/esmf/DEFAULTINSTALLDIR/lib/libO/Linux.nag.64.openmpi.default/libesmf.so(nuopc_driver_MP_initializeipdv02p5+0x4779)[0x149b55c04643]
[borgl086:179483] [ 9] /discover/nobackup/projects/gmao/SIteam/ESMF_Testing/nag_7.2.15_openmpi_O_v8.7.0/esmf/DEFAULTINSTALLDIR/lib/libO/Linux.nag.64.openmpi.default/libesmf.so(nuopc_driver_MP_initializeipdv02p5+0x4779)[0x14dffc266643]
[borgl086:179482] [ 9] /discover/nobackup/projects/gmao/SIteam/ESMF_Testing/nag_7.2.15_openmpi_O_v8.7.0/esmf/DEFAULTINSTALLDIR/lib/libO/Linux.nag.64.openmpi.default/libesmf.so(nuopc_driver_MP_initializeipdv02p5+0x4779)[0x145aa2c86643]
[borgl086:179481] [ 9] /discover/nobackup/projects/gmao/SIteam/ESMF_Testing/nag_7.2.15_openmpi_O_v8.7.0/esmf/DEFAULTINSTALLDIR/lib/libO/Linux.nag.64.openmpi.default/libesmf.so(nuopc_driver_MP_initializeipdv02p5+0x4779)[0x1516bd4f2643]
[borgl086:179480] [ 9] /discover/nobackup/projects/gmao/SIteam/ESMF_Testing/nag_7.2.15_openmpi_O_v8.7.0/esmf/DEFAULTINSTALLDIR/lib/libO/Linux.nag.64.openmpi.default/libesmf.so(nuopc_driver_MP_initializegeneric+0x1a06)[0x14dffc29bcd1]
[borgl086:179482] [10] /discover/nobackup/projects/gmao/SIteam/ESMF_Testing/nag_7.2.15_openmpi_O_v8.7.0/esmf/DEFAULTINSTALLDIR/lib/libO/Linux.nag.64.openmpi.default/libesmf.so(nuopc_driver_MP_initializegeneric+0x1a06)[0x145aa2cbbcd1]
[borgl086:179481] [10] /discover/nobackup/projects/gmao/SIteam/ESMF_Testing/nag_7.2.15_openmpi_O_v8.7.0/esmf/DEFAULTINSTALLDIR/lib/libO/Linux.nag.64.openmpi.default/libesmf.so(nuopc_driver_MP_initializegeneric+0x1a06)[0x149b55c39cd1]
[borgl086:179483] [10] /discover/nobackup/projects/gmao/SIteam/ESMF_Testing/nag_7.2.15_openmpi_O_v8.7.0/esmf/DEFAULTINSTALLDIR/lib/libO/Linux.nag.64.openmpi.default/libesmf.so(nuopc_driver_MP_initializegeneric+0x1a06)[0x1516bd527cd1]
[borgl086:179480] [10] /discover/nobackup/projects/gmao/SIteam/ESMF_Testing/nag_7.2.15_openmpi_O_v8.7.0/esmf/DEFAULTINSTALLDIR/lib/libO/Linux.nag.64.openmpi.default/libesmf.so(_ZN5ESMCI6FTable12callVFuncPtrEPKcPNS_2VMEPi+0xc55)[0x149b54d45c79]
[borgl086:179483] [11] /discover/nobackup/projects/gmao/SIteam/ESMF_Testing/nag_7.2.15_openmpi_O_v8.7.0/esmf/DEFAULTINSTALLDIR/lib/libO/Linux.nag.64.openmpi.default/libesmf.so(_ZN5ESMCI6FTable12callVFuncPtrEPKcPNS_2VMEPi+0xc55)[0x14dffb3a7c79]
[borgl086:179482] [11] /discover/nobackup/projects/gmao/SIteam/ESMF_Testing/nag_7.2.15_openmpi_O_v8.7.0/esmf/DEFAULTINSTALLDIR/lib/libO/Linux.nag.64.openmpi.default/libesmf.so(_ZN5ESMCI6FTable12callVFuncPtrEPKcPNS_2VMEPi+0xc55)[0x145aa1dc7c79]
[borgl086:179481] [11] /discover/nobackup/projects/gmao/SIteam/ESMF_Testing/nag_7.2.15_openmpi_O_v8.7.0/esmf/DEFAULTINSTALLDIR/lib/libO/Linux.nag.64.openmpi.default/libesmf.so(_ZN5ESMCI6FTable12callVFuncPtrEPKcPNS_2VMEPi+0xc55)[0x1516bc633c79]
[borgl086:179480] [11] /discover/nobackup/projects/gmao/SIteam/ESMF_Testing/nag_7.2.15_openmpi_O_v8.7.0/esmf/DEFAULTINSTALLDIR/lib/libO/Linux.nag.64.openmpi.default/libesmf.so(ESMCI_FTableCallEntryPointVMHop+0x32e)[0x14dffb3a4d4c]
[borgl086:179482] [12] /discover/nobackup/projects/gmao/SIteam/ESMF_Testing/nag_7.2.15_openmpi_O_v8.7.0/esmf/DEFAULTINSTALLDIR/lib/libO/Linux.nag.64.openmpi.default/libesmf.so(ESMCI_FTableCallEntryPointVMHop+0x32e)[0x1516bc630d4c]
[borgl086:179480] [12] /discover/nobackup/projects/gmao/SIteam/ESMF_Testing/nag_7.2.15_openmpi_O_v8.7.0/esmf/DEFAULTINSTALLDIR/lib/libO/Linux.nag.64.openmpi.default/libesmf.so(ESMCI_FTableCallEntryPointVMHop+0x32e)[0x145aa1dc4d4c]
[borgl086:179481] [12] /discover/nobackup/projects/gmao/SIteam/ESMF_Testing/nag_7.2.15_openmpi_O_v8.7.0/esmf/DEFAULTINSTALLDIR/lib/libO/Linux.nag.64.openmpi.default/libesmf.so(ESMCI_FTableCallEntryPointVMHop+0x32e)[0x149b54d42d4c]
[borgl086:179483] [12] /discover/nobackup/projects/gmao/SIteam/ESMF_Testing/nag_7.2.15_openmpi_O_v8.7.0/esmf/DEFAULTINSTALLDIR/lib/libO/Linux.nag.64.openmpi.default/libesmf.so(_ZN5ESMCI3VMK5enterEPNS_7VMKPlanEPvS3_+0xd5)[0x14dffb7a39b3]
[borgl086:179482] [13] /discover/nobackup/projects/gmao/SIteam/ESMF_Testing/nag_7.2.15_openmpi_O_v8.7.0/esmf/DEFAULTINSTALLDIR/lib/libO/Linux.nag.64.openmpi.default/libesmf.so(_ZN5ESMCI3VMK5enterEPNS_7VMKPlanEPvS3_+0xd5)[0x149b551419b3]
[borgl086:179483] [13] /discover/nobackup/projects/gmao/SIteam/ESMF_Testing/nag_7.2.15_openmpi_O_v8.7.0/esmf/DEFAULTINSTALLDIR/lib/libO/Linux.nag.64.openmpi.default/libesmf.so(_ZN5ESMCI3VMK5enterEPNS_7VMKPlanEPvS3_+0xd5)[0x1516bca2f9b3]
[borgl086:179480] [13] /discover/nobackup/projects/gmao/SIteam/ESMF_Testing/nag_7.2.15_openmpi_O_v8.7.0/esmf/DEFAULTINSTALLDIR/lib/libO/Linux.nag.64.openmpi.default/libesmf.so(_ZN5ESMCI3VMK5enterEPNS_7VMKPlanEPvS3_+0xd5)[0x145aa21c39b3]
[borgl086:179481] [13] /discover/nobackup/projects/gmao/SIteam/ESMF_Testing/nag_7.2.15_openmpi_O_v8.7.0/esmf/DEFAULTINSTALLDIR/lib/libO/Linux.nag.64.openmpi.default/libesmf.so(_ZN5ESMCI2VM5enterEPNS_6VMPlanEPvS3_+0xb7)[0x149b5512b8cd]
[borgl086:179483] [14] /discover/nobackup/projects/gmao/SIteam/ESMF_Testing/nag_7.2.15_openmpi_O_v8.7.0/esmf/DEFAULTINSTALLDIR/lib/libO/Linux.nag.64.openmpi.default/libesmf.so(_ZN5ESMCI2VM5enterEPNS_6VMPlanEPvS3_+0xb7)[0x1516bca198cd]
[borgl086:179480] [14] /discover/nobackup/projects/gmao/SIteam/ESMF_Testing/nag_7.2.15_openmpi_O_v8.7.0/esmf/DEFAULTINSTALLDIR/lib/libO/Linux.nag.64.openmpi.default/libesmf.so(_ZN5ESMCI2VM5enterEPNS_6VMPlanEPvS3_+0xb7)[0x145aa21ad8cd]
[borgl086:179481] [14] /discover/nobackup/projects/gmao/SIteam/ESMF_Testing/nag_7.2.15_openmpi_O_v8.7.0/esmf/DEFAULTINSTALLDIR/lib/libO/Linux.nag.64.openmpi.default/libesmf.so(_ZN5ESMCI2VM5enterEPNS_6VMPlanEPvS3_+0xb7)[0x14dffb78d8cd]
[borgl086:179482] [14] /discover/nobackup/projects/gmao/SIteam/ESMF_Testing/nag_7.2.15_openmpi_O_v8.7.0/esmf/DEFAULTINSTALLDIR/lib/libO/Linux.nag.64.openmpi.default/libesmf.so(c_esmc_ftablecallentrypointvm_+0x35f)[0x1516bc6311e5]
[borgl086:179480] [15] /discover/nobackup/projects/gmao/SIteam/ESMF_Testing/nag_7.2.15_openmpi_O_v8.7.0/esmf/DEFAULTINSTALLDIR/lib/libO/Linux.nag.64.openmpi.default/libesmf.so(c_esmc_ftablecallentrypointvm_+0x35f)[0x145aa1dc51e5]
[borgl086:179481] [15] /discover/nobackup/projects/gmao/SIteam/ESMF_Testing/nag_7.2.15_openmpi_O_v8.7.0/esmf/DEFAULTINSTALLDIR/lib/libO/Linux.nag.64.openmpi.default/libesmf.so(c_esmc_ftablecallentrypointvm_+0x35f)[0x149b54d431e5]
[borgl086:179483] [15] /discover/nobackup/projects/gmao/SIteam/ESMF_Testing/nag_7.2.15_openmpi_O_v8.7.0/esmf/DEFAULTINSTALLDIR/lib/libO/Linux.nag.64.openmpi.default/libesmf.so(c_esmc_ftablecallentrypointvm_+0x35f)[0x14dffb3a51e5]
[borgl086:179482] [15] /discover/nobackup/projects/gmao/SIteam/ESMF_Testing/nag_7.2.15_openmpi_O_v8.7.0/esmf/DEFAULTINSTALLDIR/lib/libO/Linux.nag.64.openmpi.default/libesmf.so(esmf_compmod_MP_esmf_compexecute+0xa43)[0x145aa245af79]
[borgl086:179481] [16] /discover/nobackup/projects/gmao/SIteam/ESMF_Testing/nag_7.2.15_openmpi_O_v8.7.0/esmf/DEFAULTINSTALLDIR/lib/libO/Linux.nag.64.openmpi.default/libesmf.so(esmf_compmod_MP_esmf_compexecute+0xa43)[0x1516bccc6f79]
[borgl086:179480] [16] /discover/nobackup/projects/gmao/SIteam/ESMF_Testing/nag_7.2.15_openmpi_O_v8.7.0/esmf/DEFAULTINSTALLDIR/lib/libO/Linux.nag.64.openmpi.default/libesmf.so(esmf_compmod_MP_esmf_compexecute+0xa43)[0x149b553d8f79]
[borgl086:179483] [16] /discover/nobackup/projects/gmao/SIteam/ESMF_Testing/nag_7.2.15_openmpi_O_v8.7.0/esmf/DEFAULTINSTALLDIR/lib/libO/Linux.nag.64.openmpi.default/libesmf.so(esmf_compmod_MP_esmf_compexecute+0xa43)[0x14dffba3af79]
[borgl086:179482] [16] /discover/nobackup/projects/gmao/SIteam/ESMF_Testing/nag_7.2.15_openmpi_O_v8.7.0/esmf/DEFAULTINSTALLDIR/lib/libO/Linux.nag.64.openmpi.default/libesmf.so(esmf_gridcompmod_MP_esmf_gridcompinitialize+0x176)[0x1516bcfe8764]
[borgl086:179480] [17] ./esmApp[0x49583e]
/discover/nobackup/projects/gmao/SIteam/ESMF_Testing/nag_7.2.15_openmpi_O_v8.7.0/esmf/DEFAULTINSTALLDIR/lib/libO/Linux.nag.64.openmpi.default/libesmf.so(esmf_gridcompmod_MP_esmf_gridcompinitialize+0x176)[0x145aa277c764]
[borgl086:179481] [17] ./esmApp[0x49583e]
[borgl086:179481] [18] /discover/nobackup/projects/gmao/SIteam/ESMF_Testing/nag_7.2.15_openmpi_O_v8.7.0/esmf/DEFAULTINSTALLDIR/lib/libO/Linux.nag.64.openmpi.default/libesmf.so(esmf_gridcompmod_MP_esmf_gridcompinitialize+0x176)[0x149b556fa764]
[borgl086:179483] [17] ./esmApp[0x49583e]
[borgl086:179483] [borgl086:179480] [18] ./esmApp(__NAGf90_cosmp_init+0x123)[0x434713]
[borgl086:179480] ./esmApp(__NAGf90_cosmp_init+0x123)[0x434713]
[borgl086:179481] [19] ./esmApp[0x495423]
[borgl086:179481] [20] /discover/nobackup/projects/gmao/SIteam/ESMF_Testing/nag_7.2.15_openmpi_O_v8.7.0/esmf/DEFAULTINSTALLDIR/lib/libO/Linux.nag.64.openmpi.default/libesmf.so(esmf_gridcompmod_MP_esmf_gridcompinitialize+0x176)[0x14dffbd5c764]
[borgl086:179482] [17] ./esmApp[0x49583e]
[borgl086:179482] [18] ./esmApp(__NAGf90_cosmp_init+0x123)[0x434713]
[borgl086:179482] [19] ./esmApp[0x495423]
[borgl086:179482] [20] /lib64/libc.so.6(__libc_start_main+0xef)[0x14dff963e24d]
/lib64/libc.so.6(__libc_start_main+0xef)[0x145aa003e24d]
[borgl086:179481] [21] ./esmApp[0x40bb7a]
[borgl086:179481] *** End of error message ***
[19] ./esmApp[0x495423]
[borgl086:179480] [20] /lib64/libc.so.6(__libc_start_main+0xef)[0x1516ba8f224d]
[borgl086:179480] [21] ./esmApp[0x40bb7a]
[borgl086:179480] *** End of error message ***
[18] ./esmApp(__NAGf90_cosmp_init+0x123)[0x434713]
[borgl086:179483] [19] ./esmApp[0x495423]
[borgl086:179483] [20] /lib64/libc.so.6(__libc_start_main+0xef)[0x149b52ef224d]
[borgl086:179483] [21] ./esmApp[0x40bb7a]
[borgl086:179483] *** End of error message ***
[borgl086:179482] [21] ./esmApp[0x40bb7a]
[borgl086:179482] *** End of error message ***
--------------------------------------------------------------------------
Primary job  terminated normally, but 1 process returned
a non-zero exit code. Per user-direction, the job has been aborted.
--------------------------------------------------------------------------
--------------------------------------------------------------------------
mpirun noticed that process rank 3 with PID 179483 on node borgl086 exited on signal 6 (Aborted).
--------------------------------------------------------------------------
