2024-10-06 22:30:29
Runtime Error: Runtime Error: Unexpected endRuntime Error: Unexpected end of fRuntime Error: Unexpected end of format speciUnexpected end of format specification
 of format specification
PrProgram terminated by I/O error on internal file
ormat specification
Program terminated by I/O error on internal file
fication
Program terminated by I/O error on internal file
ogram terminated by I/O error on internal file
[borgl101:121999] *** Process received signal ***
[borgl101:121999] Signal: Aborted (6)
[borgl101:121999] Signal code:  (-6)
[borgl101:121997] *** Process received signal ***
[borgl101:121997] Signal: Aborted (6)
[borgl101:121997] Signal code:  (-6)
[borgl101:122000] *** Process received signal ***
[borgl101:122000] Signal: Aborted (6)
[borgl101:122000] Signal code:  (-6)
[borgl101:121998] *** Process received signal ***
[borgl101:121998] Signal: Aborted (6)
[borgl101:121998] Signal code:  (-6)
[borgl101:121999] [ 0] [borgl101:121997] [ 0] /lib64/libpthread.so.0(+0x16910)[0x1527c62a6910]
[borgl101:121997] [ 1] /lib64/libpthread.so.0(+0x16910)[0x15063551a910]
[borgl101:121999] [ 1] /lib64/libc.so.6(gsignal+0x10d)[0x150634c53d2b]
[borgl101:121999] [ 2] /lib64/libc.so.6(gsignal+0x10d)[0x1527c60e3d2b]
[borgl101:121997] [ 2] /lib64/libc.so.6(abort+0x177)[0x1527c60e53e5]
[borgl101:121997] [ 3] /lib64/libc.so.6(abort+0x177)[0x150634c553e5]
[borgl101:121999] [ 3] ./esmApp(__NAGf90_io_abort+0x78)[0x459fb8]
[borgl101:121999] [ 4] ./esmApp(__NAGf90_ioerr+0x1cd)[0x45a61d]
./esmApp(__NAGf90_io_abort+0x78)[0x459fb8]
[borgl101:121997] [ 4] ./esmApp(__NAGf90_ioerr+0x1cd)[0x45a61d]
[borgl101:121997] [ 5] [borgl101:121999] [ 5] /discover/nobackup/projects/gmao/SIteam/comp/SLES-15/nag/7.2.15/lib/NAG_Fortran/libf72rts.so.1(__NAGf90_maybe_next_edit+0xe19)[0x150634eaa629]
[borgl101:121999] [ 6] [borgl101:122000] [ 0] /discover/nobackup/projects/gmao/SIteam/comp/SLES-15/nag/7.2.15/lib/NAG_Fortran/libf72rts.so.1(__NAGf90_maybe_next_edit+0xe19)[0x1527c64aa629]
[borgl101:121997] [ 6] /lib64/libpthread.so.0(+0x16910)[0x150991149910]
[borgl101:122000] [ 1] [borgl101:121998] [ 0] /lib64/libc.so.6(gsignal+0x10d)[0x150990707d2b]
[borgl101:122000] [ 2] /lib64/libpthread.so.0(+0x16910)[0x14fc0cdf8910]
[borgl101:121998] [ 1] /lib64/libc.so.6(abort+0x177)[0x1509907093e5]
[borgl101:122000] [ 3] ./esmApp(__NAGf90_io_abort+0x78)[0x459fb8]
[borgl101:122000] [ 4] /lib64/libc.so.6(gsignal+0x10d)[0x14fc0c307d2b]
[borgl101:121998] [ 2] ./esmApp(__NAGf90_ioerr+0x1cd)[0x45a61d]
[borgl101:122000] [ 5] /lib64/libc.so.6(abort+0x177)[0x14fc0c3093e5]
[borgl101:121998] [ 3] /discover/nobackup/projects/gmao/SIteam/comp/SLES-15/nag/7.2.15/lib/NAG_Fortran/libf72rts.so.1(__NAGf90_maybe_next_edit+0xe19)[0x150990aaa629]
[borgl101:122000] [ 6] ./esmApp(__NAGf90_io_abort+0x78)[0x459fb8]
[borgl101:121998] [ 4] ./esmApp(__NAGf90_ioerr+0x1cd)[0x45a61d]
[borgl101:121998] [ 5] /discover/nobackup/projects/gmao/SIteam/comp/SLES-15/nag/7.2.15/lib/NAG_Fortran/libf72rts.so.1(__NAGf90_maybe_next_edit+0xe19)[0x14fc0c6aa629]
[borgl101:121998] [ 6] /discover/nobackup/projects/gmao/SIteam/ESMF_Testing/nag_7.2.15_openmpi_O_v8.7.0/esmf/DEFAULTINSTALLDIR/lib/libO/Linux.nag.64.openmpi.default/libesmf.so(nuopc_driver_MP_loopdatadependentinitialize+0x3aef)[0x15063786615c]
[borgl101:121999] [ 7] /discover/nobackup/projects/gmao/SIteam/ESMF_Testing/nag_7.2.15_openmpi_O_v8.7.0/esmf/DEFAULTINSTALLDIR/lib/libO/Linux.nag.64.openmpi.default/libesmf.so(nuopc_driver_MP_loopdatadependentinitialize+0x3aef)[0x1527c8cd015c]
[borgl101:121997] [ 7] /discover/nobackup/projects/gmao/SIteam/ESMF_Testing/nag_7.2.15_openmpi_O_v8.7.0/esmf/DEFAULTINSTALLDIR/lib/libO/Linux.nag.64.openmpi.default/libesmf.so(nuopc_driver_MP_loopdatadependentinitialize+0x3aef)[0x15099334915c]
[borgl101:122000] [ 7] /discover/nobackup/projects/gmao/SIteam/ESMF_Testing/nag_7.2.15_openmpi_O_v8.7.0/esmf/DEFAULTINSTALLDIR/lib/libO/Linux.nag.64.openmpi.default/libesmf.so(nuopc_driver_MP_loopdatadependentinitialize+0x3aef)[0x14fc0eff815c]
[borgl101:121998] [ 7] /discover/nobackup/projects/gmao/SIteam/ESMF_Testing/nag_7.2.15_openmpi_O_v8.7.0/esmf/DEFAULTINSTALLDIR/lib/libO/Linux.nag.64.openmpi.default/libesmf.so(nuopc_driver_MP_initializeipdv02p5data+0x3180)[0x14fc0f00807e]
[borgl101:121998] [ 8] /discover/nobackup/projects/gmao/SIteam/ESMF_Testing/nag_7.2.15_openmpi_O_v8.7.0/esmf/DEFAULTINSTALLDIR/lib/libO/Linux.nag.64.openmpi.default/libesmf.so(nuopc_driver_MP_initializeipdv02p5+0x4779)[0x14fc0f00d643]
[borgl101:121998] [ 9] /discover/nobackup/projects/gmao/SIteam/ESMF_Testing/nag_7.2.15_openmpi_O_v8.7.0/esmf/DEFAULTINSTALLDIR/lib/libO/Linux.nag.64.openmpi.default/libesmf.so(nuopc_driver_MP_initializeipdv02p5data+0x3180)[0x15099335907e]
[borgl101:122000] [ 8] /discover/nobackup/projects/gmao/SIteam/ESMF_Testing/nag_7.2.15_openmpi_O_v8.7.0/esmf/DEFAULTINSTALLDIR/lib/libO/Linux.nag.64.openmpi.default/libesmf.so(nuopc_driver_MP_initializeipdv02p5+0x4779)[0x15099335e643]
[borgl101:122000] [ 9] /discover/nobackup/projects/gmao/SIteam/ESMF_Testing/nag_7.2.15_openmpi_O_v8.7.0/esmf/DEFAULTINSTALLDIR/lib/libO/Linux.nag.64.openmpi.default/libesmf.so(nuopc_driver_MP_initializeipdv02p5data+0x3180)[0x1527c8ce007e]
[borgl101:121997] [ 8] /discover/nobackup/projects/gmao/SIteam/ESMF_Testing/nag_7.2.15_openmpi_O_v8.7.0/esmf/DEFAULTINSTALLDIR/lib/libO/Linux.nag.64.openmpi.default/libesmf.so(nuopc_driver_MP_initializeipdv02p5+0x4779)[0x1527c8ce5643]
[borgl101:121997] [ 9] /discover/nobackup/projects/gmao/SIteam/ESMF_Testing/nag_7.2.15_openmpi_O_v8.7.0/esmf/DEFAULTINSTALLDIR/lib/libO/Linux.nag.64.openmpi.default/libesmf.so(nuopc_driver_MP_initializegeneric+0x1a06)[0x1527c8d1acd1]
[borgl101:121997] [10] /discover/nobackup/projects/gmao/SIteam/ESMF_Testing/nag_7.2.15_openmpi_O_v8.7.0/esmf/DEFAULTINSTALLDIR/lib/libO/Linux.nag.64.openmpi.default/libesmf.so(nuopc_driver_MP_initializeipdv02p5data+0x3180)[0x15063787607e]
[borgl101:121999] [ 8] /discover/nobackup/projects/gmao/SIteam/ESMF_Testing/nag_7.2.15_openmpi_O_v8.7.0/esmf/DEFAULTINSTALLDIR/lib/libO/Linux.nag.64.openmpi.default/libesmf.so(nuopc_driver_MP_initializeipdv02p5+0x4779)[0x15063787b643]
[borgl101:121999] [ 9] /discover/nobackup/projects/gmao/SIteam/ESMF_Testing/nag_7.2.15_openmpi_O_v8.7.0/esmf/DEFAULTINSTALLDIR/lib/libO/Linux.nag.64.openmpi.default/libesmf.so(nuopc_driver_MP_initializegeneric+0x1a06)[0x1506378b0cd1]
[borgl101:121999] [10] /discover/nobackup/projects/gmao/SIteam/ESMF_Testing/nag_7.2.15_openmpi_O_v8.7.0/esmf/DEFAULTINSTALLDIR/lib/libO/Linux.nag.64.openmpi.default/libesmf.so(nuopc_driver_MP_initializegeneric+0x1a06)[0x150993393cd1]
[borgl101:122000] [10] /discover/nobackup/projects/gmao/SIteam/ESMF_Testing/nag_7.2.15_openmpi_O_v8.7.0/esmf/DEFAULTINSTALLDIR/lib/libO/Linux.nag.64.openmpi.default/libesmf.so(nuopc_driver_MP_initializegeneric+0x1a06)[0x14fc0f042cd1]
[borgl101:121998] [10] /discover/nobackup/projects/gmao/SIteam/ESMF_Testing/nag_7.2.15_openmpi_O_v8.7.0/esmf/DEFAULTINSTALLDIR/lib/libO/Linux.nag.64.openmpi.default/libesmf.so(_ZN5ESMCI6FTable12callVFuncPtrEPKcPNS_2VMEPi+0xc55)[0x1527c7e26c79]
[borgl101:121997] [11] /discover/nobackup/projects/gmao/SIteam/ESMF_Testing/nag_7.2.15_openmpi_O_v8.7.0/esmf/DEFAULTINSTALLDIR/lib/libO/Linux.nag.64.openmpi.default/libesmf.so(_ZN5ESMCI6FTable12callVFuncPtrEPKcPNS_2VMEPi+0xc55)[0x1506369bcc79]
[borgl101:121999] [11] /discover/nobackup/projects/gmao/SIteam/ESMF_Testing/nag_7.2.15_openmpi_O_v8.7.0/esmf/DEFAULTINSTALLDIR/lib/libO/Linux.nag.64.openmpi.default/libesmf.so(_ZN5ESMCI6FTable12callVFuncPtrEPKcPNS_2VMEPi+0xc55)[0x15099249fc79]
[borgl101:122000] [11] /discover/nobackup/projects/gmao/SIteam/ESMF_Testing/nag_7.2.15_openmpi_O_v8.7.0/esmf/DEFAULTINSTALLDIR/lib/libO/Linux.nag.64.openmpi.default/libesmf.so(_ZN5ESMCI6FTable12callVFuncPtrEPKcPNS_2VMEPi+0xc55)[0x14fc0e14ec79]
[borgl101:121998] [11] /discover/nobackup/projects/gmao/SIteam/ESMF_Testing/nag_7.2.15_openmpi_O_v8.7.0/esmf/DEFAULTINSTALLDIR/lib/libO/Linux.nag.64.openmpi.default/libesmf.so(ESMCI_FTableCallEntryPointVMHop+0x32e)[0x1506369b9d4c]
[borgl101:121999] [12] /discover/nobackup/projects/gmao/SIteam/ESMF_Testing/nag_7.2.15_openmpi_O_v8.7.0/esmf/DEFAULTINSTALLDIR/lib/libO/Linux.nag.64.openmpi.default/libesmf.so(ESMCI_FTableCallEntryPointVMHop+0x32e)[0x1527c7e23d4c]
[borgl101:121997] [12] /discover/nobackup/projects/gmao/SIteam/ESMF_Testing/nag_7.2.15_openmpi_O_v8.7.0/esmf/DEFAULTINSTALLDIR/lib/libO/Linux.nag.64.openmpi.default/libesmf.so(ESMCI_FTableCallEntryPointVMHop+0x32e)[0x15099249cd4c]
[borgl101:122000] [12] /discover/nobackup/projects/gmao/SIteam/ESMF_Testing/nag_7.2.15_openmpi_O_v8.7.0/esmf/DEFAULTINSTALLDIR/lib/libO/Linux.nag.64.openmpi.default/libesmf.so(ESMCI_FTableCallEntryPointVMHop+0x32e)[0x14fc0e14bd4c]
[borgl101:121998] [12] /discover/nobackup/projects/gmao/SIteam/ESMF_Testing/nag_7.2.15_openmpi_O_v8.7.0/esmf/DEFAULTINSTALLDIR/lib/libO/Linux.nag.64.openmpi.default/libesmf.so(_ZN5ESMCI3VMK5enterEPNS_7VMKPlanEPvS3_+0xd5)[0x150636db89b3]
[borgl101:121999] [13] /discover/nobackup/projects/gmao/SIteam/ESMF_Testing/nag_7.2.15_openmpi_O_v8.7.0/esmf/DEFAULTINSTALLDIR/lib/libO/Linux.nag.64.openmpi.default/libesmf.so(_ZN5ESMCI3VMK5enterEPNS_7VMKPlanEPvS3_+0xd5)[0x1527c82229b3]
[borgl101:121997] [13] /discover/nobackup/projects/gmao/SIteam/ESMF_Testing/nag_7.2.15_openmpi_O_v8.7.0/esmf/DEFAULTINSTALLDIR/lib/libO/Linux.nag.64.openmpi.default/libesmf.so(_ZN5ESMCI3VMK5enterEPNS_7VMKPlanEPvS3_+0xd5)[0x15099289b9b3]
[borgl101:122000] [13] /discover/nobackup/projects/gmao/SIteam/ESMF_Testing/nag_7.2.15_openmpi_O_v8.7.0/esmf/DEFAULTINSTALLDIR/lib/libO/Linux.nag.64.openmpi.default/libesmf.so(_ZN5ESMCI3VMK5enterEPNS_7VMKPlanEPvS3_+0xd5)[0x14fc0e54a9b3]
[borgl101:121998] [13] /discover/nobackup/projects/gmao/SIteam/ESMF_Testing/nag_7.2.15_openmpi_O_v8.7.0/esmf/DEFAULTINSTALLDIR/lib/libO/Linux.nag.64.openmpi.default/libesmf.so(_ZN5ESMCI2VM5enterEPNS_6VMPlanEPvS3_+0xb7)[0x150636da28cd]
[borgl101:121999] [14] /discover/nobackup/projects/gmao/SIteam/ESMF_Testing/nag_7.2.15_openmpi_O_v8.7.0/esmf/DEFAULTINSTALLDIR/lib/libO/Linux.nag.64.openmpi.default/libesmf.so(_ZN5ESMCI2VM5enterEPNS_6VMPlanEPvS3_+0xb7)[0x1527c820c8cd]
[borgl101:121997] [14] /discover/nobackup/projects/gmao/SIteam/ESMF_Testing/nag_7.2.15_openmpi_O_v8.7.0/esmf/DEFAULTINSTALLDIR/lib/libO/Linux.nag.64.openmpi.default/libesmf.so(_ZN5ESMCI2VM5enterEPNS_6VMPlanEPvS3_+0xb7)[0x1509928858cd]
[borgl101:122000] [14] /discover/nobackup/projects/gmao/SIteam/ESMF_Testing/nag_7.2.15_openmpi_O_v8.7.0/esmf/DEFAULTINSTALLDIR/lib/libO/Linux.nag.64.openmpi.default/libesmf.so(_ZN5ESMCI2VM5enterEPNS_6VMPlanEPvS3_+0xb7)[0x14fc0e5348cd]
[borgl101:121998] [14] /discover/nobackup/projects/gmao/SIteam/ESMF_Testing/nag_7.2.15_openmpi_O_v8.7.0/esmf/DEFAULTINSTALLDIR/lib/libO/Linux.nag.64.openmpi.default/libesmf.so(c_esmc_ftablecallentrypointvm_+0x35f)[0x1506369ba1e5]
[borgl101:121999] [15] /discover/nobackup/projects/gmao/SIteam/ESMF_Testing/nag_7.2.15_openmpi_O_v8.7.0/esmf/DEFAULTINSTALLDIR/lib/libO/Linux.nag.64.openmpi.default/libesmf.so(c_esmc_ftablecallentrypointvm_+0x35f)[0x1527c7e241e5]
[borgl101:121997] [15] /discover/nobackup/projects/gmao/SIteam/ESMF_Testing/nag_7.2.15_openmpi_O_v8.7.0/esmf/DEFAULTINSTALLDIR/lib/libO/Linux.nag.64.openmpi.default/libesmf.so(c_esmc_ftablecallentrypointvm_+0x35f)[0x15099249d1e5]
[borgl101:122000] [15] /discover/nobackup/projects/gmao/SIteam/ESMF_Testing/nag_7.2.15_openmpi_O_v8.7.0/esmf/DEFAULTINSTALLDIR/lib/libO/Linux.nag.64.openmpi.default/libesmf.so(c_esmc_ftablecallentrypointvm_+0x35f)[0x14fc0e14c1e5]
[borgl101:121998] [15] /discover/nobackup/projects/gmao/SIteam/ESMF_Testing/nag_7.2.15_openmpi_O_v8.7.0/esmf/DEFAULTINSTALLDIR/lib/libO/Linux.nag.64.openmpi.default/libesmf.so(esmf_compmod_MP_esmf_compexecute+0xa43)[0x15063704ff79]
[borgl101:121999] [16] /discover/nobackup/projects/gmao/SIteam/ESMF_Testing/nag_7.2.15_openmpi_O_v8.7.0/esmf/DEFAULTINSTALLDIR/lib/libO/Linux.nag.64.openmpi.default/libesmf.so(esmf_compmod_MP_esmf_compexecute+0xa43)[0x1527c84b9f79]
[borgl101:121997] [16] /discover/nobackup/projects/gmao/SIteam/ESMF_Testing/nag_7.2.15_openmpi_O_v8.7.0/esmf/DEFAULTINSTALLDIR/lib/libO/Linux.nag.64.openmpi.default/libesmf.so(esmf_compmod_MP_esmf_compexecute+0xa43)[0x150992b32f79]
[borgl101:122000] [16] /discover/nobackup/projects/gmao/SIteam/ESMF_Testing/nag_7.2.15_openmpi_O_v8.7.0/esmf/DEFAULTINSTALLDIR/lib/libO/Linux.nag.64.openmpi.default/libesmf.so(esmf_compmod_MP_esmf_compexecute+0xa43)[0x14fc0e7e1f79]
[borgl101:121998] [16] /discover/nobackup/projects/gmao/SIteam/ESMF_Testing/nag_7.2.15_openmpi_O_v8.7.0/esmf/DEFAULTINSTALLDIR/lib/libO/Linux.nag.64.openmpi.default/libesmf.so(esmf_gridcompmod_MP_esmf_gridcompinitialize+0x176)[0x150637371764]
[borgl101:121999] [17] ./esmApp[0x495356]
[borgl101:121999] [18] /discover/nobackup/projects/gmao/SIteam/ESMF_Testing/nag_7.2.15_openmpi_O_v8.7.0/esmf/DEFAULTINSTALLDIR/lib/libO/Linux.nag.64.openmpi.default/libesmf.so(esmf_gridcompmod_MP_esmf_gridcompinitialize+0x176)[0x1527c87db764]
[borgl101:121997] [17] ./esmApp(__NAGf90_cosmp_init+0x123)[0x434223]
[borgl101:121999] [19] ./esmApp[0x494f33]
[borgl101:121999] [20] ./esmApp[0x495356]
[borgl101:121997] [18] ./esmApp(__NAGf90_cosmp_init+0x123)[0x434223]
[borgl101:121997] [19] ./esmApp[0x494f33]
[borgl101:121997] [20] /lib64/libc.so.6(__libc_start_main+0xef)[0x150634c3e24d]
[borgl101:121999] [21] ./esmApp[0x40b68a]
[borgl101:121999] *** End of error message ***
/lib64/libc.so.6(__libc_start_main+0xef)[0x1527c60ce24d]
[borgl101:121997] [21] ./esmApp[0x40b68a]
[borgl101:121997] *** End of error message ***
/discover/nobackup/projects/gmao/SIteam/ESMF_Testing/nag_7.2.15_openmpi_O_v8.7.0/esmf/DEFAULTINSTALLDIR/lib/libO/Linux.nag.64.openmpi.default/libesmf.so(esmf_gridcompmod_MP_esmf_gridcompinitialize+0x176)[0x150992e54764]
[borgl101:122000] [17] ./esmApp[0x495356]
[borgl101:122000] [18] ./esmApp(__NAGf90_cosmp_init+0x123)[0x434223]
[borgl101:122000] [19] ./esmApp[0x494f33]
[borgl101:122000] [20] /lib64/libc.so.6(__libc_start_main+0xef)[0x1509906f224d]
[borgl101:122000] [21] ./esmApp[0x40b68a]
[borgl101:122000] *** End of error message ***
/discover/nobackup/projects/gmao/SIteam/ESMF_Testing/nag_7.2.15_openmpi_O_v8.7.0/esmf/DEFAULTINSTALLDIR/lib/libO/Linux.nag.64.openmpi.default/libesmf.so(esmf_gridcompmod_MP_esmf_gridcompinitialize+0x176)[0x14fc0eb03764]
[borgl101:121998] [17] ./esmApp[0x495356]
[borgl101:121998] [18] ./esmApp(__NAGf90_cosmp_init+0x123)[0x434223]
[borgl101:121998] [19] ./esmApp[0x494f33]
[borgl101:121998] [20] /lib64/libc.so.6(__libc_start_main+0xef)[0x14fc0c2f224d]
[borgl101:121998] [21] ./esmApp[0x40b68a]
[borgl101:121998] *** End of error message ***
--------------------------------------------------------------------------
Primary job  terminated normally, but 1 process returned
a non-zero exit code. Per user-direction, the job has been aborted.
--------------------------------------------------------------------------
--------------------------------------------------------------------------
mpirun noticed that process rank 3 with PID 122000 on node borgl101 exited on signal 6 (Aborted).
--------------------------------------------------------------------------
