2024-10-06 22:30:29
Runtime Error: UnexpectedRuntime Error: Unexpected end of Runtime Error: Unexpected end of format end of format specification
PrRuntime Error: Unexpected end of format specification
format specification
ProgrProgram terminated by I/O error on internal file
 specification
Program terminated by I/O error on internal file
ogram terminated by I/O error on internal file
am terminated by I/O error on internal file
[borgl101:122202] *** Process received signal ***
[borgl101:122202] Signal: Aborted (6)
[borgl101:122202] Signal code:  (-6)
[borgl101:122200] *** Process received signal ***
[borgl101:122200] Signal: Aborted (6)
[borgl101:122200] Signal code:  (-6)
[borgl101:122201] *** Process received signal ***
[borgl101:122201] Signal: Aborted (6)
[borgl101:122201] Signal code:  (-6)
[borgl101:122202] [ 0] /lib64/libpthread.so.0(+0x16910)[0x1531937f2910]
[borgl101:122202] [ 1] [borgl101:122200] [ 0] /lib64/libc.so.6(gsignal+0x10d)[0x15319362fd2b]
[borgl101:122202] [ 2] /lib64/libpthread.so.0(+0x16910)[0x14557ddf2910]
[borgl101:122200] [ 1] /lib64/libc.so.6(abort+0x177)[0x1531936313e5]
[borgl101:122202] [ 3] ./esmApp(__NAGf90_io_abort+0x78)[0x459fb8]
[borgl101:122202] [ 4] /lib64/libc.so.6(gsignal+0x10d)[0x14557dc2fd2b]
[borgl101:122200] [ 2] ./esmApp(__NAGf90_ioerr+0x1cd)[0x45a61d]
[borgl101:122202] [ 5] [borgl101:122201] [ 0] /lib64/libpthread.so.0(+0x16910)[0x15445effa910]
[borgl101:122201] [ 1] /lib64/libc.so.6(abort+0x177)[0x14557dc313e5]
[borgl101:122200] [ 3] /discover/nobackup/projects/gmao/SIteam/comp/SLES-15/nag/7.2.15/lib/NAG_Fortran/libf72rts.so.1(__NAGf90_maybe_next_edit+0xe19)[0x1531938aa629]
[borgl101:122202] [ 6] ./esmApp(__NAGf90_io_abort+0x78)[0x459fb8]
[borgl101:122200] [ 4] /lib64/libc.so.6(gsignal+0x10d)[0x15445e507d2b]
[borgl101:122201] [ 2] /lib64/libc.so.6(abort+0x177)[0x15445e5093e5]
./esmApp(__NAGf90_ioerr+0x1cd)[0x45a61d]
[borgl101:122200] [ 5] /discover/nobackup/projects/gmao/SIteam/comp/SLES-15/nag/7.2.15/lib/NAG_Fortran/libf72rts.so.1(__NAGf90_maybe_next_edit+0xe19)[0x14557deaa629]
[borgl101:122200] [ 6] [borgl101:122201] [ 3] ./esmApp(__NAGf90_io_abort+0x78)[0x459fb8]
[borgl101:122204] *** Process received signal ***
[borgl101:122204] Signal: Aborted (6)
[borgl101:122204] Signal code:  (-6)
[borgl101:122201] [ 4] ./esmApp(__NAGf90_ioerr+0x1cd)[0x45a61d]
[borgl101:122201] [ 5] /discover/nobackup/projects/gmao/SIteam/comp/SLES-15/nag/7.2.15/lib/NAG_Fortran/libf72rts.so.1(__NAGf90_maybe_next_edit+0xe19)[0x15445e8aa629]
[borgl101:122201] [ 6] [borgl101:122204] [ 0] /lib64/libpthread.so.0(+0x16910)[0x155357319910]
[borgl101:122204] [ 1] /lib64/libc.so.6(gsignal+0x10d)[0x155356907d2b]
[borgl101:122204] [ 2] /lib64/libc.so.6(abort+0x177)[0x1553569093e5]
[borgl101:122204] [ 3] ./esmApp(__NAGf90_io_abort+0x78)[0x459fb8]
[borgl101:122204] [ 4] ./esmApp(__NAGf90_ioerr+0x1cd)[0x45a61d]
[borgl101:122204] [ 5] /discover/nobackup/projects/gmao/SIteam/comp/SLES-15/nag/7.2.15/lib/NAG_Fortran/libf72rts.so.1(__NAGf90_maybe_next_edit+0xe19)[0x155356caa629]
[borgl101:122204] [ 6] /discover/nobackup/projects/gmao/SIteam/ESMF_Testing/nag_7.2.15_openmpi_O_v8.7.0/esmf/DEFAULTINSTALLDIR/lib/libO/Linux.nag.64.openmpi.default/libesmf.so(nuopc_driver_MP_loopdatadependentinitialize+0x3aef)[0x15319620315c]
[borgl101:122202] [ 7] /discover/nobackup/projects/gmao/SIteam/ESMF_Testing/nag_7.2.15_openmpi_O_v8.7.0/esmf/DEFAULTINSTALLDIR/lib/libO/Linux.nag.64.openmpi.default/libesmf.so(nuopc_driver_MP_loopdatadependentinitialize+0x3aef)[0x1544611fa15c]
[borgl101:122201] [ 7] /discover/nobackup/projects/gmao/SIteam/ESMF_Testing/nag_7.2.15_openmpi_O_v8.7.0/esmf/DEFAULTINSTALLDIR/lib/libO/Linux.nag.64.openmpi.default/libesmf.so(nuopc_driver_MP_loopdatadependentinitialize+0x3aef)[0x14558081b15c]
[borgl101:122200] [ 7] /discover/nobackup/projects/gmao/SIteam/ESMF_Testing/nag_7.2.15_openmpi_O_v8.7.0/esmf/DEFAULTINSTALLDIR/lib/libO/Linux.nag.64.openmpi.default/libesmf.so(nuopc_driver_MP_loopdatadependentinitialize+0x3aef)[0x15535951915c]
[borgl101:122204] [ 7] /discover/nobackup/projects/gmao/SIteam/ESMF_Testing/nag_7.2.15_openmpi_O_v8.7.0/esmf/DEFAULTINSTALLDIR/lib/libO/Linux.nag.64.openmpi.default/libesmf.so(nuopc_driver_MP_initializeipdv02p5data+0x3180)[0x15319621307e]
[borgl101:122202] [ 8] /discover/nobackup/projects/gmao/SIteam/ESMF_Testing/nag_7.2.15_openmpi_O_v8.7.0/esmf/DEFAULTINSTALLDIR/lib/libO/Linux.nag.64.openmpi.default/libesmf.so(nuopc_driver_MP_initializeipdv02p5+0x4779)[0x153196218643]
[borgl101:122202] [ 9] /discover/nobackup/projects/gmao/SIteam/ESMF_Testing/nag_7.2.15_openmpi_O_v8.7.0/esmf/DEFAULTINSTALLDIR/lib/libO/Linux.nag.64.openmpi.default/libesmf.so(nuopc_driver_MP_initializegeneric+0x1a06)[0x15319624dcd1]
[borgl101:122202] [10] /discover/nobackup/projects/gmao/SIteam/ESMF_Testing/nag_7.2.15_openmpi_O_v8.7.0/esmf/DEFAULTINSTALLDIR/lib/libO/Linux.nag.64.openmpi.default/libesmf.so(nuopc_driver_MP_initializeipdv02p5data+0x3180)[0x14558082b07e]
[borgl101:122200] [ 8] /discover/nobackup/projects/gmao/SIteam/ESMF_Testing/nag_7.2.15_openmpi_O_v8.7.0/esmf/DEFAULTINSTALLDIR/lib/libO/Linux.nag.64.openmpi.default/libesmf.so(nuopc_driver_MP_initializeipdv02p5+0x4779)[0x145580830643]
[borgl101:122200] [ 9] /discover/nobackup/projects/gmao/SIteam/ESMF_Testing/nag_7.2.15_openmpi_O_v8.7.0/esmf/DEFAULTINSTALLDIR/lib/libO/Linux.nag.64.openmpi.default/libesmf.so(nuopc_driver_MP_initializegeneric+0x1a06)[0x145580865cd1]
[borgl101:122200] [10] /discover/nobackup/projects/gmao/SIteam/ESMF_Testing/nag_7.2.15_openmpi_O_v8.7.0/esmf/DEFAULTINSTALLDIR/lib/libO/Linux.nag.64.openmpi.default/libesmf.so(nuopc_driver_MP_initializeipdv02p5data+0x3180)[0x15535952907e]
[borgl101:122204] [ 8] /discover/nobackup/projects/gmao/SIteam/ESMF_Testing/nag_7.2.15_openmpi_O_v8.7.0/esmf/DEFAULTINSTALLDIR/lib/libO/Linux.nag.64.openmpi.default/libesmf.so(nuopc_driver_MP_initializeipdv02p5+0x4779)[0x15535952e643]
[borgl101:122204] [ 9] /discover/nobackup/projects/gmao/SIteam/ESMF_Testing/nag_7.2.15_openmpi_O_v8.7.0/esmf/DEFAULTINSTALLDIR/lib/libO/Linux.nag.64.openmpi.default/libesmf.so(nuopc_driver_MP_initializegeneric+0x1a06)[0x155359563cd1]
[borgl101:122204] [10] /discover/nobackup/projects/gmao/SIteam/ESMF_Testing/nag_7.2.15_openmpi_O_v8.7.0/esmf/DEFAULTINSTALLDIR/lib/libO/Linux.nag.64.openmpi.default/libesmf.so(nuopc_driver_MP_initializeipdv02p5data+0x3180)[0x15446120a07e]
[borgl101:122201] [ 8] /discover/nobackup/projects/gmao/SIteam/ESMF_Testing/nag_7.2.15_openmpi_O_v8.7.0/esmf/DEFAULTINSTALLDIR/lib/libO/Linux.nag.64.openmpi.default/libesmf.so(nuopc_driver_MP_initializeipdv02p5+0x4779)[0x15446120f643]
[borgl101:122201] [ 9] /discover/nobackup/projects/gmao/SIteam/ESMF_Testing/nag_7.2.15_openmpi_O_v8.7.0/esmf/DEFAULTINSTALLDIR/lib/libO/Linux.nag.64.openmpi.default/libesmf.so(nuopc_driver_MP_initializegeneric+0x1a06)[0x154461244cd1]
[borgl101:122201] [10] /discover/nobackup/projects/gmao/SIteam/ESMF_Testing/nag_7.2.15_openmpi_O_v8.7.0/esmf/DEFAULTINSTALLDIR/lib/libO/Linux.nag.64.openmpi.default/libesmf.so(_ZN5ESMCI6FTable12callVFuncPtrEPKcPNS_2VMEPi+0xc55)[0x153195359c79]
[borgl101:122202] [11] /discover/nobackup/projects/gmao/SIteam/ESMF_Testing/nag_7.2.15_openmpi_O_v8.7.0/esmf/DEFAULTINSTALLDIR/lib/libO/Linux.nag.64.openmpi.default/libesmf.so(_ZN5ESMCI6FTable12callVFuncPtrEPKcPNS_2VMEPi+0xc55)[0x154460350c79]
[borgl101:122201] [11] /discover/nobackup/projects/gmao/SIteam/ESMF_Testing/nag_7.2.15_openmpi_O_v8.7.0/esmf/DEFAULTINSTALLDIR/lib/libO/Linux.nag.64.openmpi.default/libesmf.so(_ZN5ESMCI6FTable12callVFuncPtrEPKcPNS_2VMEPi+0xc55)[0x14557f971c79]
[borgl101:122200] [11] /discover/nobackup/projects/gmao/SIteam/ESMF_Testing/nag_7.2.15_openmpi_O_v8.7.0/esmf/DEFAULTINSTALLDIR/lib/libO/Linux.nag.64.openmpi.default/libesmf.so(_ZN5ESMCI6FTable12callVFuncPtrEPKcPNS_2VMEPi+0xc55)[0x15535866fc79]
[borgl101:122204] [11] /discover/nobackup/projects/gmao/SIteam/ESMF_Testing/nag_7.2.15_openmpi_O_v8.7.0/esmf/DEFAULTINSTALLDIR/lib/libO/Linux.nag.64.openmpi.default/libesmf.so(ESMCI_FTableCallEntryPointVMHop+0x32e)[0x153195356d4c]
[borgl101:122202] [12] /discover/nobackup/projects/gmao/SIteam/ESMF_Testing/nag_7.2.15_openmpi_O_v8.7.0/esmf/DEFAULTINSTALLDIR/lib/libO/Linux.nag.64.openmpi.default/libesmf.so(ESMCI_FTableCallEntryPointVMHop+0x32e)[0x15446034dd4c]
[borgl101:122201] [12] /discover/nobackup/projects/gmao/SIteam/ESMF_Testing/nag_7.2.15_openmpi_O_v8.7.0/esmf/DEFAULTINSTALLDIR/lib/libO/Linux.nag.64.openmpi.default/libesmf.so(ESMCI_FTableCallEntryPointVMHop+0x32e)[0x14557f96ed4c]
[borgl101:122200] [12] /discover/nobackup/projects/gmao/SIteam/ESMF_Testing/nag_7.2.15_openmpi_O_v8.7.0/esmf/DEFAULTINSTALLDIR/lib/libO/Linux.nag.64.openmpi.default/libesmf.so(ESMCI_FTableCallEntryPointVMHop+0x32e)[0x15535866cd4c]
[borgl101:122204] [12] /discover/nobackup/projects/gmao/SIteam/ESMF_Testing/nag_7.2.15_openmpi_O_v8.7.0/esmf/DEFAULTINSTALLDIR/lib/libO/Linux.nag.64.openmpi.default/libesmf.so(_ZN5ESMCI3VMK5enterEPNS_7VMKPlanEPvS3_+0xd5)[0x1531957559b3]
[borgl101:122202] [13] /discover/nobackup/projects/gmao/SIteam/ESMF_Testing/nag_7.2.15_openmpi_O_v8.7.0/esmf/DEFAULTINSTALLDIR/lib/libO/Linux.nag.64.openmpi.default/libesmf.so(_ZN5ESMCI3VMK5enterEPNS_7VMKPlanEPvS3_+0xd5)[0x15446074c9b3]
[borgl101:122201] [13] /discover/nobackup/projects/gmao/SIteam/ESMF_Testing/nag_7.2.15_openmpi_O_v8.7.0/esmf/DEFAULTINSTALLDIR/lib/libO/Linux.nag.64.openmpi.default/libesmf.so(_ZN5ESMCI3VMK5enterEPNS_7VMKPlanEPvS3_+0xd5)[0x14557fd6d9b3]
[borgl101:122200] [13] /discover/nobackup/projects/gmao/SIteam/ESMF_Testing/nag_7.2.15_openmpi_O_v8.7.0/esmf/DEFAULTINSTALLDIR/lib/libO/Linux.nag.64.openmpi.default/libesmf.so(_ZN5ESMCI3VMK5enterEPNS_7VMKPlanEPvS3_+0xd5)[0x155358a6b9b3]
[borgl101:122204] [13] /discover/nobackup/projects/gmao/SIteam/ESMF_Testing/nag_7.2.15_openmpi_O_v8.7.0/esmf/DEFAULTINSTALLDIR/lib/libO/Linux.nag.64.openmpi.default/libesmf.so(_ZN5ESMCI2VM5enterEPNS_6VMPlanEPvS3_+0xb7)[0x15319573f8cd]
[borgl101:122202] [14] /discover/nobackup/projects/gmao/SIteam/ESMF_Testing/nag_7.2.15_openmpi_O_v8.7.0/esmf/DEFAULTINSTALLDIR/lib/libO/Linux.nag.64.openmpi.default/libesmf.so(_ZN5ESMCI2VM5enterEPNS_6VMPlanEPvS3_+0xb7)[0x1544607368cd]
[borgl101:122201] [14] /discover/nobackup/projects/gmao/SIteam/ESMF_Testing/nag_7.2.15_openmpi_O_v8.7.0/esmf/DEFAULTINSTALLDIR/lib/libO/Linux.nag.64.openmpi.default/libesmf.so(_ZN5ESMCI2VM5enterEPNS_6VMPlanEPvS3_+0xb7)[0x14557fd578cd]
[borgl101:122200] [14] /discover/nobackup/projects/gmao/SIteam/ESMF_Testing/nag_7.2.15_openmpi_O_v8.7.0/esmf/DEFAULTINSTALLDIR/lib/libO/Linux.nag.64.openmpi.default/libesmf.so(_ZN5ESMCI2VM5enterEPNS_6VMPlanEPvS3_+0xb7)[0x155358a558cd]
[borgl101:122204] [14] /discover/nobackup/projects/gmao/SIteam/ESMF_Testing/nag_7.2.15_openmpi_O_v8.7.0/esmf/DEFAULTINSTALLDIR/lib/libO/Linux.nag.64.openmpi.default/libesmf.so(c_esmc_ftablecallentrypointvm_+0x35f)[0x1531953571e5]
[borgl101:122202] [15] /discover/nobackup/projects/gmao/SIteam/ESMF_Testing/nag_7.2.15_openmpi_O_v8.7.0/esmf/DEFAULTINSTALLDIR/lib/libO/Linux.nag.64.openmpi.default/libesmf.so(c_esmc_ftablecallentrypointvm_+0x35f)[0x15446034e1e5]
[borgl101:122201] [15] /discover/nobackup/projects/gmao/SIteam/ESMF_Testing/nag_7.2.15_openmpi_O_v8.7.0/esmf/DEFAULTINSTALLDIR/lib/libO/Linux.nag.64.openmpi.default/libesmf.so(c_esmc_ftablecallentrypointvm_+0x35f)[0x14557f96f1e5]
[borgl101:122200] [15] /discover/nobackup/projects/gmao/SIteam/ESMF_Testing/nag_7.2.15_openmpi_O_v8.7.0/esmf/DEFAULTINSTALLDIR/lib/libO/Linux.nag.64.openmpi.default/libesmf.so(c_esmc_ftablecallentrypointvm_+0x35f)[0x15535866d1e5]
[borgl101:122204] [15] /discover/nobackup/projects/gmao/SIteam/ESMF_Testing/nag_7.2.15_openmpi_O_v8.7.0/esmf/DEFAULTINSTALLDIR/lib/libO/Linux.nag.64.openmpi.default/libesmf.so(esmf_compmod_MP_esmf_compexecute+0xa43)[0x1531959ecf79]
[borgl101:122202] [16] /discover/nobackup/projects/gmao/SIteam/ESMF_Testing/nag_7.2.15_openmpi_O_v8.7.0/esmf/DEFAULTINSTALLDIR/lib/libO/Linux.nag.64.openmpi.default/libesmf.so(esmf_compmod_MP_esmf_compexecute+0xa43)[0x1544609e3f79]
[borgl101:122201] [16] /discover/nobackup/projects/gmao/SIteam/ESMF_Testing/nag_7.2.15_openmpi_O_v8.7.0/esmf/DEFAULTINSTALLDIR/lib/libO/Linux.nag.64.openmpi.default/libesmf.so(esmf_compmod_MP_esmf_compexecute+0xa43)[0x145580004f79]
[borgl101:122200] [16] /discover/nobackup/projects/gmao/SIteam/ESMF_Testing/nag_7.2.15_openmpi_O_v8.7.0/esmf/DEFAULTINSTALLDIR/lib/libO/Linux.nag.64.openmpi.default/libesmf.so(esmf_compmod_MP_esmf_compexecute+0xa43)[0x155358d02f79]
[borgl101:122204] [16] /discover/nobackup/projects/gmao/SIteam/ESMF_Testing/nag_7.2.15_openmpi_O_v8.7.0/esmf/DEFAULTINSTALLDIR/lib/libO/Linux.nag.64.openmpi.default/libesmf.so(esmf_gridcompmod_MP_esmf_gridcompinitialize+0x176)[0x153195d0e764]
[borgl101:122202] [17] ./esmApp[0x495356]
[borgl101:122202] [18] ./esmApp(__NAGf90_cosmp_init+0x123)[0x434223]
[borgl101:122202] [19] ./esmApp[0x494f33]
[borgl101:122202] [20] /lib64/libc.so.6(__libc_start_main+0xef)[0x15319361a24d]
[borgl101:122202] [21] ./esmApp[0x40b68a]
[borgl101:122202] *** End of error message ***
/discover/nobackup/projects/gmao/SIteam/ESMF_Testing/nag_7.2.15_openmpi_O_v8.7.0/esmf/DEFAULTINSTALLDIR/lib/libO/Linux.nag.64.openmpi.default/libesmf.so(esmf_gridcompmod_MP_esmf_gridcompinitialize+0x176)[0x154460d05764]
[borgl101:122201] [17] ./esmApp[0x495356]
[borgl101:122201] [18] ./esmApp(__NAGf90_cosmp_init+0x123)[0x434223]
[borgl101:122201] [19] ./esmApp[0x494f33]
[borgl101:122201] [20] /discover/nobackup/projects/gmao/SIteam/ESMF_Testing/nag_7.2.15_openmpi_O_v8.7.0/esmf/DEFAULTINSTALLDIR/lib/libO/Linux.nag.64.openmpi.default/libesmf.so(esmf_gridcompmod_MP_esmf_gridcompinitialize+0x176)[0x145580326764]
[borgl101:122200] [17] ./esmApp[0x495356]
[borgl101:122200] /lib64/libc.so.6(__libc_start_main+0xef)[0x15445e4f224d]
[borgl101:122201] [21] [18] ./esmApp[0x40b68a]
[borgl101:122201] *** End of error message ***
./esmApp(__NAGf90_cosmp_init+0x123)[0x434223]
[borgl101:122200] [19] ./esmApp[0x494f33]
[borgl101:122200] [20] /lib64/libc.so.6(__libc_start_main+0xef)[0x14557dc1a24d]
[borgl101:122200] [21] ./esmApp[0x40b68a]
[borgl101:122200] *** End of error message ***
/discover/nobackup/projects/gmao/SIteam/ESMF_Testing/nag_7.2.15_openmpi_O_v8.7.0/esmf/DEFAULTINSTALLDIR/lib/libO/Linux.nag.64.openmpi.default/libesmf.so(esmf_gridcompmod_MP_esmf_gridcompinitialize+0x176)[0x155359024764]
[borgl101:122204] [17] ./esmApp[0x495356]
[borgl101:122204] [18] ./esmApp(__NAGf90_cosmp_init+0x123)[0x434223]
[borgl101:122204] [19] ./esmApp[0x494f33]
[borgl101:122204] [20] /lib64/libc.so.6(__libc_start_main+0xef)[0x1553568f224d]
[borgl101:122204] [21] ./esmApp[0x40b68a]
[borgl101:122204] *** End of error message ***
--------------------------------------------------------------------------
Primary job  terminated normally, but 1 process returned
a non-zero exit code. Per user-direction, the job has been aborted.
--------------------------------------------------------------------------
--------------------------------------------------------------------------
mpirun noticed that process rank 0 with PID 122200 on node borgl101 exited on signal 6 (Aborted).
--------------------------------------------------------------------------
