2024-10-06 22:30:29
Runtime Error: UneRuntime Error: Unexpected end of format speRuntime Error: Unexpected end of format speciRuntime Error: Unexpected end of format specificfication
Progrxpected end of format specification
Progcification
Program terminated by ation
Program terminated ram terminated by I/O error on internal file
by I/O error on internal file
I/O error on internal file
am terminated by I/O error on internal file
[borgl101:122084] *** Process received signal ***
[borgl101:122084] Signal: Aborted (6)
[borgl101:122084] Signal code:  (-6)
[borgl101:122082] *** Process received signal ***
[borgl101:122082] Signal: Aborted (6)
[borgl101:122082] Signal code:  (-6)
[borgl101:122084] [ 0] /lib64/libpthread.so.0(+0x16910)[0x14af7a9ad910]
[borgl101:122084] [borgl101:122082] [ 0] /lib64/libpthread.so.0(+0x16910)[0x14dea654e910]
[borgl101:122082] [ 1] [ 1] /lib64/libc.so.6(gsignal+0x10d)[0x14af79f07d2b]
[borgl101:122084] [ 2] /lib64/libc.so.6(gsignal+0x10d)[0x14dea5c53d2b]
[borgl101:122082] [ 2] /lib64/libc.so.6(abort+0x177)[0x14af79f093e5]
[borgl101:122084] [ 3] /lib64/libc.so.6(abort+0x177)[0x14dea5c553e5]
[borgl101:122082] [ 3] ./esmApp(__NAGf90_io_abort+0x78)[0x459fb8]
[borgl101:122084] [ 4] ./esmApp(__NAGf90_ioerr+0x1cd)[0x45a61d]
[borgl101:122084] [ 5] ./esmApp(__NAGf90_io_abort+0x78)[0x459fb8]
[borgl101:122082] [ 4] /discover/nobackup/projects/gmao/SIteam/comp/SLES-15/nag/7.2.15/lib/NAG_Fortran/libf72rts.so.1(__NAGf90_maybe_next_edit+0xe19)[0x14af7a2aa629]
[borgl101:122084] [ 6] ./esmApp(__NAGf90_ioerr+0x1cd)[0x45a61d]
[borgl101:122082] [ 5] [borgl101:122083] *** Process received signal ***
/discover/nobackup/projects/gmao/SIteam/comp/SLES-15/nag/7.2.15/lib/NAG_Fortran/libf72rts.so.1(__NAGf90_maybe_next_edit+0xe19)[0x14dea5eaa629]
[borgl101:122082] [ 6] [borgl101:122083] Signal: Aborted (6)
[borgl101:122083] Signal code:  (-6)
[borgl101:122083] [ 0] /lib64/libpthread.so.0(+0x16910)[0x150e4dfbb910]
[borgl101:122083] [ 1] /lib64/libc.so.6(gsignal+0x10d)[0x150e4d507d2b]
[borgl101:122083] [ 2] [borgl101:122081] *** Process received signal ***
[borgl101:122081] Signal: Aborted (6)
[borgl101:122081] Signal code:  (-6)
/lib64/libc.so.6(abort+0x177)[0x150e4d5093e5]
[borgl101:122083] [ 3] ./esmApp(__NAGf90_io_abort+0x78)[0x459fb8]
[borgl101:122083] [ 4] ./esmApp(__NAGf90_ioerr+0x1cd)[0x45a61d]
[borgl101:122083] [ 5] /discover/nobackup/projects/gmao/SIteam/comp/SLES-15/nag/7.2.15/lib/NAG_Fortran/libf72rts.so.1(__NAGf90_maybe_next_edit+0xe19)[0x150e4d8aa629]
[borgl101:122083] [ 6] [borgl101:122081] [ 0] /lib64/libpthread.so.0(+0x16910)[0x14da91306910]
[borgl101:122081] [ 1] /lib64/libc.so.6(gsignal+0x10d)[0x14da90907d2b]
[borgl101:122081] [ 2] /lib64/libc.so.6(abort+0x177)[0x14da909093e5]
[borgl101:122081] [ 3] ./esmApp(__NAGf90_io_abort+0x78)[0x459fb8]
[borgl101:122081] [ 4] ./esmApp(__NAGf90_ioerr+0x1cd)[0x45a61d]
[borgl101:122081] [ 5] /discover/nobackup/projects/gmao/SIteam/comp/SLES-15/nag/7.2.15/lib/NAG_Fortran/libf72rts.so.1(__NAGf90_maybe_next_edit+0xe19)[0x14da90caa629]
[borgl101:122081] [ 6] /discover/nobackup/projects/gmao/SIteam/ESMF_Testing/nag_7.2.15_openmpi_O_v8.7.0/esmf/DEFAULTINSTALLDIR/lib/libO/Linux.nag.64.openmpi.default/libesmf.so(nuopc_driver_MP_loopdatadependentinitialize+0x3aef)[0x14af7cbad15c]
[borgl101:122084] [ 7] /discover/nobackup/projects/gmao/SIteam/ESMF_Testing/nag_7.2.15_openmpi_O_v8.7.0/esmf/DEFAULTINSTALLDIR/lib/libO/Linux.nag.64.openmpi.default/libesmf.so(nuopc_driver_MP_loopdatadependentinitialize+0x3aef)[0x14dea889a15c]
[borgl101:122082] [ 7] /discover/nobackup/projects/gmao/SIteam/ESMF_Testing/nag_7.2.15_openmpi_O_v8.7.0/esmf/DEFAULTINSTALLDIR/lib/libO/Linux.nag.64.openmpi.default/libesmf.so(nuopc_driver_MP_loopdatadependentinitialize+0x3aef)[0x150e501bb15c]
[borgl101:122083] [ 7] /discover/nobackup/projects/gmao/SIteam/ESMF_Testing/nag_7.2.15_openmpi_O_v8.7.0/esmf/DEFAULTINSTALLDIR/lib/libO/Linux.nag.64.openmpi.default/libesmf.so(nuopc_driver_MP_loopdatadependentinitialize+0x3aef)[0x14da9350615c]
[borgl101:122081] [ 7] /discover/nobackup/projects/gmao/SIteam/ESMF_Testing/nag_7.2.15_openmpi_O_v8.7.0/esmf/DEFAULTINSTALLDIR/lib/libO/Linux.nag.64.openmpi.default/libesmf.so(nuopc_driver_MP_initializeipdv02p5data+0x3180)[0x150e501cb07e]
[borgl101:122083] [ 8] /discover/nobackup/projects/gmao/SIteam/ESMF_Testing/nag_7.2.15_openmpi_O_v8.7.0/esmf/DEFAULTINSTALLDIR/lib/libO/Linux.nag.64.openmpi.default/libesmf.so(nuopc_driver_MP_initializeipdv02p5+0x4779)[0x150e501d0643]
[borgl101:122083] [ 9] /discover/nobackup/projects/gmao/SIteam/ESMF_Testing/nag_7.2.15_openmpi_O_v8.7.0/esmf/DEFAULTINSTALLDIR/lib/libO/Linux.nag.64.openmpi.default/libesmf.so(nuopc_driver_MP_initializegeneric+0x1a06)[0x150e50205cd1]
[borgl101:122083] [10] /discover/nobackup/projects/gmao/SIteam/ESMF_Testing/nag_7.2.15_openmpi_O_v8.7.0/esmf/DEFAULTINSTALLDIR/lib/libO/Linux.nag.64.openmpi.default/libesmf.so(nuopc_driver_MP_initializeipdv02p5data+0x3180)[0x14dea88aa07e]
[borgl101:122082] [ 8] /discover/nobackup/projects/gmao/SIteam/ESMF_Testing/nag_7.2.15_openmpi_O_v8.7.0/esmf/DEFAULTINSTALLDIR/lib/libO/Linux.nag.64.openmpi.default/libesmf.so(nuopc_driver_MP_initializeipdv02p5+0x4779)[0x14dea88af643]
[borgl101:122082] [ 9] /discover/nobackup/projects/gmao/SIteam/ESMF_Testing/nag_7.2.15_openmpi_O_v8.7.0/esmf/DEFAULTINSTALLDIR/lib/libO/Linux.nag.64.openmpi.default/libesmf.so(nuopc_driver_MP_initializegeneric+0x1a06)[0x14dea88e4cd1]
[borgl101:122082] [10] /discover/nobackup/projects/gmao/SIteam/ESMF_Testing/nag_7.2.15_openmpi_O_v8.7.0/esmf/DEFAULTINSTALLDIR/lib/libO/Linux.nag.64.openmpi.default/libesmf.so(_ZN5ESMCI6FTable12callVFuncPtrEPKcPNS_2VMEPi+0xc55)[0x14dea79f0c79]
[borgl101:122082] [11] /discover/nobackup/projects/gmao/SIteam/ESMF_Testing/nag_7.2.15_openmpi_O_v8.7.0/esmf/DEFAULTINSTALLDIR/lib/libO/Linux.nag.64.openmpi.default/libesmf.so(nuopc_driver_MP_initializeipdv02p5data+0x3180)[0x14da9351607e]
[borgl101:122081] [ 8] /discover/nobackup/projects/gmao/SIteam/ESMF_Testing/nag_7.2.15_openmpi_O_v8.7.0/esmf/DEFAULTINSTALLDIR/lib/libO/Linux.nag.64.openmpi.default/libesmf.so(nuopc_driver_MP_initializeipdv02p5+0x4779)[0x14da9351b643]
[borgl101:122081] [ 9] /discover/nobackup/projects/gmao/SIteam/ESMF_Testing/nag_7.2.15_openmpi_O_v8.7.0/esmf/DEFAULTINSTALLDIR/lib/libO/Linux.nag.64.openmpi.default/libesmf.so(nuopc_driver_MP_initializegeneric+0x1a06)[0x14da93550cd1]
[borgl101:122081] [10] /discover/nobackup/projects/gmao/SIteam/ESMF_Testing/nag_7.2.15_openmpi_O_v8.7.0/esmf/DEFAULTINSTALLDIR/lib/libO/Linux.nag.64.openmpi.default/libesmf.so(nuopc_driver_MP_initializeipdv02p5data+0x3180)[0x14af7cbbd07e]
[borgl101:122084] [ 8] /discover/nobackup/projects/gmao/SIteam/ESMF_Testing/nag_7.2.15_openmpi_O_v8.7.0/esmf/DEFAULTINSTALLDIR/lib/libO/Linux.nag.64.openmpi.default/libesmf.so(nuopc_driver_MP_initializeipdv02p5+0x4779)[0x14af7cbc2643]
[borgl101:122084] [ 9] /discover/nobackup/projects/gmao/SIteam/ESMF_Testing/nag_7.2.15_openmpi_O_v8.7.0/esmf/DEFAULTINSTALLDIR/lib/libO/Linux.nag.64.openmpi.default/libesmf.so(nuopc_driver_MP_initializegeneric+0x1a06)[0x14af7cbf7cd1]
[borgl101:122084] [10] /discover/nobackup/projects/gmao/SIteam/ESMF_Testing/nag_7.2.15_openmpi_O_v8.7.0/esmf/DEFAULTINSTALLDIR/lib/libO/Linux.nag.64.openmpi.default/libesmf.so(_ZN5ESMCI6FTable12callVFuncPtrEPKcPNS_2VMEPi+0xc55)[0x14af7bd03c79]
[borgl101:122084] [11] /discover/nobackup/projects/gmao/SIteam/ESMF_Testing/nag_7.2.15_openmpi_O_v8.7.0/esmf/DEFAULTINSTALLDIR/lib/libO/Linux.nag.64.openmpi.default/libesmf.so(_ZN5ESMCI6FTable12callVFuncPtrEPKcPNS_2VMEPi+0xc55)[0x150e4f311c79]
[borgl101:122083] [11] /discover/nobackup/projects/gmao/SIteam/ESMF_Testing/nag_7.2.15_openmpi_O_v8.7.0/esmf/DEFAULTINSTALLDIR/lib/libO/Linux.nag.64.openmpi.default/libesmf.so(_ZN5ESMCI6FTable12callVFuncPtrEPKcPNS_2VMEPi+0xc55)[0x14da9265cc79]
[borgl101:122081] [11] /discover/nobackup/projects/gmao/SIteam/ESMF_Testing/nag_7.2.15_openmpi_O_v8.7.0/esmf/DEFAULTINSTALLDIR/lib/libO/Linux.nag.64.openmpi.default/libesmf.so(ESMCI_FTableCallEntryPointVMHop+0x32e)[0x14af7bd00d4c]
[borgl101:122084] [12] /discover/nobackup/projects/gmao/SIteam/ESMF_Testing/nag_7.2.15_openmpi_O_v8.7.0/esmf/DEFAULTINSTALLDIR/lib/libO/Linux.nag.64.openmpi.default/libesmf.so(ESMCI_FTableCallEntryPointVMHop+0x32e)[0x14dea79edd4c]
[borgl101:122082] [12] /discover/nobackup/projects/gmao/SIteam/ESMF_Testing/nag_7.2.15_openmpi_O_v8.7.0/esmf/DEFAULTINSTALLDIR/lib/libO/Linux.nag.64.openmpi.default/libesmf.so(ESMCI_FTableCallEntryPointVMHop+0x32e)[0x150e4f30ed4c]
[borgl101:122083] [12] /discover/nobackup/projects/gmao/SIteam/ESMF_Testing/nag_7.2.15_openmpi_O_v8.7.0/esmf/DEFAULTINSTALLDIR/lib/libO/Linux.nag.64.openmpi.default/libesmf.so(ESMCI_FTableCallEntryPointVMHop+0x32e)[0x14da92659d4c]
[borgl101:122081] [12] /discover/nobackup/projects/gmao/SIteam/ESMF_Testing/nag_7.2.15_openmpi_O_v8.7.0/esmf/DEFAULTINSTALLDIR/lib/libO/Linux.nag.64.openmpi.default/libesmf.so(_ZN5ESMCI3VMK5enterEPNS_7VMKPlanEPvS3_+0xd5)[0x14af7c0ff9b3]
[borgl101:122084] [13] /discover/nobackup/projects/gmao/SIteam/ESMF_Testing/nag_7.2.15_openmpi_O_v8.7.0/esmf/DEFAULTINSTALLDIR/lib/libO/Linux.nag.64.openmpi.default/libesmf.so(_ZN5ESMCI3VMK5enterEPNS_7VMKPlanEPvS3_+0xd5)[0x14dea7dec9b3]
[borgl101:122082] [13] /discover/nobackup/projects/gmao/SIteam/ESMF_Testing/nag_7.2.15_openmpi_O_v8.7.0/esmf/DEFAULTINSTALLDIR/lib/libO/Linux.nag.64.openmpi.default/libesmf.so(_ZN5ESMCI3VMK5enterEPNS_7VMKPlanEPvS3_+0xd5)[0x150e4f70d9b3]
[borgl101:122083] [13] /discover/nobackup/projects/gmao/SIteam/ESMF_Testing/nag_7.2.15_openmpi_O_v8.7.0/esmf/DEFAULTINSTALLDIR/lib/libO/Linux.nag.64.openmpi.default/libesmf.so(_ZN5ESMCI3VMK5enterEPNS_7VMKPlanEPvS3_+0xd5)[0x14da92a589b3]
[borgl101:122081] [13] /discover/nobackup/projects/gmao/SIteam/ESMF_Testing/nag_7.2.15_openmpi_O_v8.7.0/esmf/DEFAULTINSTALLDIR/lib/libO/Linux.nag.64.openmpi.default/libesmf.so(_ZN5ESMCI2VM5enterEPNS_6VMPlanEPvS3_+0xb7)[0x14af7c0e98cd]
[borgl101:122084] [14] /discover/nobackup/projects/gmao/SIteam/ESMF_Testing/nag_7.2.15_openmpi_O_v8.7.0/esmf/DEFAULTINSTALLDIR/lib/libO/Linux.nag.64.openmpi.default/libesmf.so(_ZN5ESMCI2VM5enterEPNS_6VMPlanEPvS3_+0xb7)[0x14dea7dd68cd]
[borgl101:122082] [14] /discover/nobackup/projects/gmao/SIteam/ESMF_Testing/nag_7.2.15_openmpi_O_v8.7.0/esmf/DEFAULTINSTALLDIR/lib/libO/Linux.nag.64.openmpi.default/libesmf.so(_ZN5ESMCI2VM5enterEPNS_6VMPlanEPvS3_+0xb7)[0x150e4f6f78cd]
[borgl101:122083] [14] /discover/nobackup/projects/gmao/SIteam/ESMF_Testing/nag_7.2.15_openmpi_O_v8.7.0/esmf/DEFAULTINSTALLDIR/lib/libO/Linux.nag.64.openmpi.default/libesmf.so(_ZN5ESMCI2VM5enterEPNS_6VMPlanEPvS3_+0xb7)[0x14da92a428cd]
[borgl101:122081] [14] /discover/nobackup/projects/gmao/SIteam/ESMF_Testing/nag_7.2.15_openmpi_O_v8.7.0/esmf/DEFAULTINSTALLDIR/lib/libO/Linux.nag.64.openmpi.default/libesmf.so(c_esmc_ftablecallentrypointvm_+0x35f)[0x14af7bd011e5]
[borgl101:122084] [15] /discover/nobackup/projects/gmao/SIteam/ESMF_Testing/nag_7.2.15_openmpi_O_v8.7.0/esmf/DEFAULTINSTALLDIR/lib/libO/Linux.nag.64.openmpi.default/libesmf.so(c_esmc_ftablecallentrypointvm_+0x35f)[0x14dea79ee1e5]
[borgl101:122082] [15] /discover/nobackup/projects/gmao/SIteam/ESMF_Testing/nag_7.2.15_openmpi_O_v8.7.0/esmf/DEFAULTINSTALLDIR/lib/libO/Linux.nag.64.openmpi.default/libesmf.so(c_esmc_ftablecallentrypointvm_+0x35f)[0x150e4f30f1e5]
[borgl101:122083] [15] /discover/nobackup/projects/gmao/SIteam/ESMF_Testing/nag_7.2.15_openmpi_O_v8.7.0/esmf/DEFAULTINSTALLDIR/lib/libO/Linux.nag.64.openmpi.default/libesmf.so(c_esmc_ftablecallentrypointvm_+0x35f)[0x14da9265a1e5]
[borgl101:122081] [15] /discover/nobackup/projects/gmao/SIteam/ESMF_Testing/nag_7.2.15_openmpi_O_v8.7.0/esmf/DEFAULTINSTALLDIR/lib/libO/Linux.nag.64.openmpi.default/libesmf.so(esmf_compmod_MP_esmf_compexecute+0xa43)[0x14af7c396f79]
[borgl101:122084] [16] /discover/nobackup/projects/gmao/SIteam/ESMF_Testing/nag_7.2.15_openmpi_O_v8.7.0/esmf/DEFAULTINSTALLDIR/lib/libO/Linux.nag.64.openmpi.default/libesmf.so(esmf_compmod_MP_esmf_compexecute+0xa43)[0x14dea8083f79]
[borgl101:122082] [16] /discover/nobackup/projects/gmao/SIteam/ESMF_Testing/nag_7.2.15_openmpi_O_v8.7.0/esmf/DEFAULTINSTALLDIR/lib/libO/Linux.nag.64.openmpi.default/libesmf.so(esmf_compmod_MP_esmf_compexecute+0xa43)[0x150e4f9a4f79]
[borgl101:122083] [16] /discover/nobackup/projects/gmao/SIteam/ESMF_Testing/nag_7.2.15_openmpi_O_v8.7.0/esmf/DEFAULTINSTALLDIR/lib/libO/Linux.nag.64.openmpi.default/libesmf.so(esmf_compmod_MP_esmf_compexecute+0xa43)[0x14da92ceff79]
[borgl101:122081] [16] /discover/nobackup/projects/gmao/SIteam/ESMF_Testing/nag_7.2.15_openmpi_O_v8.7.0/esmf/DEFAULTINSTALLDIR/lib/libO/Linux.nag.64.openmpi.default/libesmf.so(esmf_gridcompmod_MP_esmf_gridcompinitialize+0x176)[0x14af7c6b8764]
[borgl101:122084] [17] ./esmApp[0x495356]
[borgl101:122084] [18] ./esmApp(__NAGf90_cosmp_init+0x123)[0x434223]
[borgl101:122084] [19] ./esmApp[0x494f33]
[borgl101:122084] [20] /lib64/libc.so.6(__libc_start_main+0xef)[0x14af79ef224d]
[borgl101:122084] [21] ./esmApp[0x40b68a]
[borgl101:122084] *** End of error message ***
/discover/nobackup/projects/gmao/SIteam/ESMF_Testing/nag_7.2.15_openmpi_O_v8.7.0/esmf/DEFAULTINSTALLDIR/lib/libO/Linux.nag.64.openmpi.default/libesmf.so(esmf_gridcompmod_MP_esmf_gridcompinitialize+0x176)[0x14dea83a5764]
[borgl101:122082] [17] ./esmApp[0x495356]
[borgl101:122082] [18] ./esmApp(__NAGf90_cosmp_init+0x123)[0x434223]
[borgl101:122082] [19] ./esmApp[0x494f33]
[borgl101:122082] [20] /lib64/libc.so.6(__libc_start_main+0xef)[0x14dea5c3e24d]
[borgl101:122082] [21] ./esmApp[0x40b68a]
[borgl101:122082] *** End of error message ***
/discover/nobackup/projects/gmao/SIteam/ESMF_Testing/nag_7.2.15_openmpi_O_v8.7.0/esmf/DEFAULTINSTALLDIR/lib/libO/Linux.nag.64.openmpi.default/libesmf.so(esmf_gridcompmod_MP_esmf_gridcompinitialize+0x176)[0x150e4fcc6764]
[borgl101:122083] [17] ./esmApp[0x495356]
[borgl101:122083] [18] ./esmApp(__NAGf90_cosmp_init+0x123)[0x434223]
[borgl101:122083] [19] ./esmApp[0x494f33]
[borgl101:122083] [20] /lib64/libc.so.6(__libc_start_main+0xef)[0x150e4d4f224d]
[borgl101:122083] [21] ./esmApp[0x40b68a]
[borgl101:122083] *** End of error message ***
/discover/nobackup/projects/gmao/SIteam/ESMF_Testing/nag_7.2.15_openmpi_O_v8.7.0/esmf/DEFAULTINSTALLDIR/lib/libO/Linux.nag.64.openmpi.default/libesmf.so(esmf_gridcompmod_MP_esmf_gridcompinitialize+0x176)[0x14da93011764]
[borgl101:122081] [17] ./esmApp[0x495356]
[borgl101:122081] [18] ./esmApp(__NAGf90_cosmp_init+0x123)[0x434223]
[borgl101:122081] [19] ./esmApp[0x494f33]
[borgl101:122081] [20] /lib64/libc.so.6(__libc_start_main+0xef)[0x14da908f224d]
[borgl101:122081] [21] ./esmApp[0x40b68a]
[borgl101:122081] *** End of error message ***
--------------------------------------------------------------------------
Primary job  terminated normally, but 1 process returned
a non-zero exit code. Per user-direction, the job has been aborted.
--------------------------------------------------------------------------
--------------------------------------------------------------------------
mpirun noticed that process rank 3 with PID 122084 on node borgl101 exited on signal 6 (Aborted).
--------------------------------------------------------------------------
