2024-10-04 22:25:07
 NUOPC_DriverPrint for PET: 0
   Model, Mediator, and Driver components, in the order
   that they were added to the Driver:
 1 :  ATM
 2 :  OCN
   Connector components, in the order
   that they were added to the Driver:
 1 :  OCN-TO-ATM
 2 :  ATM-TO-OCN
NUOPC_RunSequenceArrayPrint: element     1 out of      2
 NUOPC_DriverPrint for PET: 1
   Model, Mediator, and Driver components, in the order
   that they were added to the Driver:
 1 :  ATM
 2 :  OCN
   Connector components, in the order
   that they were added to the Driver:
 1 :  OCN-TO-ATM
runSeq::
 runElementPrint:      2     1     1 F T
 runElementPrint:     -2     0     0 F T
 runElementPrint:      1     2     1 F T
 runElementPrint:      2    -1     3 F T
 runElementPrint:     -1    -1     0 F F
::
NUOPC_RunSequenceArrayPrint: element     2 out of      2
runSeq::
 runElementPrint:      1    -1     2 F T
 runElementPrint:      1     2     1 F T
 runElementPrint:      2    -1     2 F T
 runElementPrint:      2     1     1 F T
 runElementPrint:      1    -1     3 F T
 runElementPrint:     -2    -1     0 F F
::
 2 :  ATM-TO-OCN
NUOPC_RunSequenceArrayPrint: element     1 out of      2
runSeq::
 runElementPrint:      2     1     1 F T
 runElementPrint:     -2     0     0 F T
 runElementPrint:      1     2     1 F T
 runElementPrint:      2    -1     3 F T
 runElementPrint:     -1    -1     0 F F
::
NUOPC_RunSequenceArrayPrint: element     2 out of      2
runSeq::
 runElementPrint:      1    -1     2 F T
 runElementPrint:      1     2     1 F T
 runElementPrint:      2    -1     2 F T
 runElementPrint:      2     1     1 F T
 runElementPrint:      1    -1     3 F T
 runElementPrint:     -2    -1     0 F F
::
 NUOPC_DriverPrint for PET: 2
   Model, Mediator, and Driver components, in the order
   that they were added to the Driver:
 1 :  ATM
 2 :  OCN
   Connector components, in the order
   that they were added to the Driver:
 1 :  OCN-TO-ATM
 2 :  ATM-TO-OCN
NUOPC_RunSequenceArrayPrint: element     1 out of      2
runSeq::
 runElementPrint:      2     1     1 F T
 runElementPrint:     -2     0     0 F T
 runElementPrint:      1     2     1 F T
 runElementPrint:      2    -1     3 F T
 runElementPrint:     -1    -1     0 F F
::
NUOPC_RunSequenceArrayPrint: element     2 out of      2
runSeq::
 runElementPrint:      1    -1     2 F T
 runElementPrint:      1     2     1 F T
 runElementPrint:      2    -1     2 F T
 runElementPrint:      2     1     1 F T
 runElementPrint:      1    -1     3 F T
 runElementPrint:     -2    -1     0 F F
::
 NUOPC_DriverPrint for PET: 3
   Model, Mediator, and Driver components, in the order
   that they were added to the Driver:
 1 :  ATM
 2 :  OCN
   Connector components, in the order
   that they were added to the Driver:
 1 :  OCN-TO-ATM
 2 :  ATM-TO-OCN
NUOPC_RunSequenceArrayPrint: element     1 out of      2
runSeq::
 runElementPrint:      2     1     1 F T
 runElementPrint:     -2     0     0 F T
 runElementPrint:      1     2     1 F T
 runElementPrint:      2    -1     3 F T
 runElementPrint:     -1    -1     0 F F
::
NUOPC_RunSequenceArrayPrint: element     2 out of      2
runSeq::
 runElementPrint:      1    -1     2 F T
 runElementPrint:      1     2     1 F T
 runElementPrint:      2    -1     2 F T
 runElementPrint:      2     1     1 F T
 runElementPrint:      1    -1     3 F T
 runElementPrint:     -2    -1     0 F F
::
Runtime Error: URuntime Error: UnexpecteRuntime Error: Unexpected end of fnexpected end of formRuntime Error: Unexpected end of fd end of format speciormat specification
Prfication
Program terminated by I/O error on internal file
at specification
Program terminated by I/O error on internal file
ormat specification
Program terminated by I/O error on internal file
ogram terminated by I/O error on internal file
[borgl142:45684] *** Process received signal ***
[borgl142:45684] Signal: Aborted (6)
[borgl142:45684] Signal code:  (-6)
[borgl142:45685] *** Process received signal ***
[borgl142:45685] Signal: Aborted (6)
[borgl142:45685] Signal code:  (-6)
[borgl142:45686] *** Process received signal ***
[borgl142:45686] Signal: Aborted (6)
[borgl142:45686] Signal code:  (-6)
[borgl142:45686] [ 0] /lib64/libpthread.so.0(+0x16910)[0x148404ef9910]
[borgl142:45686] [ 1] /lib64/libc.so.6(gsignal+0x10d)[0x148404507d2b]
[borgl142:45686] [ 2] [borgl142:45685] [ 0] /lib64/libpthread.so.0(+0x16910)[0x147281939910]
[borgl142:45685] [ 1] /lib64/libc.so.6(gsignal+0x10d)[0x147281053d2b]
[borgl142:45685] [ 2] [borgl142:45684] [ 0] /lib64/libpthread.so.0(+0x16910)[0x14a4710df910]
[borgl142:45684] [ 1] /lib64/libc.so.6(gsignal+0x10d)[0x14a470853d2b]
[borgl142:45684] [ 2] [borgl142:45683] *** Process received signal ***
[borgl142:45683] Signal: Aborted (6)
[borgl142:45683] Signal code:  (-6)
[borgl142:45683] [ 0] /lib64/libpthread.so.0(+0x16910)[0x14ebf31f2910]
[borgl142:45683] [ 1] /lib64/libc.so.6(gsignal+0x10d)[0x14ebf302fd2b]
[borgl142:45683] [ 2] /lib64/libc.so.6(abort+0x177)[0x1472810553e5]
[borgl142:45685] [ 3] /lib64/libc.so.6(abort+0x177)[0x14ebf30313e5]
[borgl142:45683] [ 3] ./esmApp(__NAGf90_io_abort+0x78)[0x45a628]
[borgl142:45683] [ 4] ./esmApp(__NAGf90_ioerr+0x1cd)[0x45ac8d]
[borgl142:45683] [ 5] /lib64/libc.so.6(abort+0x177)[0x14a4708553e5]
[borgl142:45684] [ 3] ./esmApp(__NAGf90_io_abort+0x78)[0x45a628]
[borgl142:45684] [ 4] ./esmApp(__NAGf90_ioerr+0x1cd)[0x45ac8d]
[borgl142:45684] [ 5] /lib64/libc.so.6(abort+0x177)[0x1484045093e5]
[borgl142:45686] [ 3] ./esmApp(__NAGf90_io_abort+0x78)[0x45a628]
[borgl142:45686] [ 4] ./esmApp(__NAGf90_ioerr+0x1cd)[0x45ac8d]
[borgl142:45686] [ 5] /discover/nobackup/projects/gmao/SIteam/comp/SLES-15/nag/7.2.15/lib/NAG_Fortran/libf72rts.so.1(__NAGf90_maybe_next_edit+0xe19)[0x1484048aa629]
[borgl142:45686] [ 6] ./esmApp(__NAGf90_io_abort+0x78)[0x45a628]
[borgl142:45685] [ 4] ./esmApp(__NAGf90_ioerr+0x1cd)[0x45ac8d]
[borgl142:45685] [ 5] /discover/nobackup/projects/gmao/SIteam/comp/SLES-15/nag/7.2.15/lib/NAG_Fortran/libf72rts.so.1(__NAGf90_maybe_next_edit+0xe19)[0x1472812aa629]
[borgl142:45685] [ 6] /discover/nobackup/projects/gmao/SIteam/comp/SLES-15/nag/7.2.15/lib/NAG_Fortran/libf72rts.so.1(__NAGf90_maybe_next_edit+0xe19)[0x14ebf32aa629]
[borgl142:45683] [ 6] /discover/nobackup/projects/gmao/SIteam/comp/SLES-15/nag/7.2.15/lib/NAG_Fortran/libf72rts.so.1(__NAGf90_maybe_next_edit+0xe19)[0x14a470aaa629]
[borgl142:45684] [ 6] /discover/nobackup/projects/gmao/SIteam/ESMF_Testing/nag_7.2.15_openmpi_O_v8.7.0/esmf/DEFAULTINSTALLDIR/lib/libO/Linux.nag.64.openmpi.default/libesmf.so(nuopc_driver_MP_loopdatadependentinitialize+0x3aef)[0x1484070f915c]
[borgl142:45686] [ 7] /discover/nobackup/projects/gmao/SIteam/ESMF_Testing/nag_7.2.15_openmpi_O_v8.7.0/esmf/DEFAULTINSTALLDIR/lib/libO/Linux.nag.64.openmpi.default/libesmf.so(nuopc_driver_MP_loopdatadependentinitialize+0x3aef)[0x147283c8515c]
[borgl142:45685] [ 7] /discover/nobackup/projects/gmao/SIteam/ESMF_Testing/nag_7.2.15_openmpi_O_v8.7.0/esmf/DEFAULTINSTALLDIR/lib/libO/Linux.nag.64.openmpi.default/libesmf.so(nuopc_driver_MP_loopdatadependentinitialize+0x3aef)[0x14ebf5c0915c]
[borgl142:45683] [ 7] /discover/nobackup/projects/gmao/SIteam/ESMF_Testing/nag_7.2.15_openmpi_O_v8.7.0/esmf/DEFAULTINSTALLDIR/lib/libO/Linux.nag.64.openmpi.default/libesmf.so(nuopc_driver_MP_loopdatadependentinitialize+0x3aef)[0x14a47342b15c]
[borgl142:45684] [ 7] /discover/nobackup/projects/gmao/SIteam/ESMF_Testing/nag_7.2.15_openmpi_O_v8.7.0/esmf/DEFAULTINSTALLDIR/lib/libO/Linux.nag.64.openmpi.default/libesmf.so(nuopc_driver_MP_initializeipdv02p5data+0x3180)[0x14ebf5c1907e]
[borgl142:45683] [ 8] /discover/nobackup/projects/gmao/SIteam/ESMF_Testing/nag_7.2.15_openmpi_O_v8.7.0/esmf/DEFAULTINSTALLDIR/lib/libO/Linux.nag.64.openmpi.default/libesmf.so(nuopc_driver_MP_initializeipdv02p5data+0x3180)[0x14840710907e]
[borgl142:45686] [ 8] /discover/nobackup/projects/gmao/SIteam/ESMF_Testing/nag_7.2.15_openmpi_O_v8.7.0/esmf/DEFAULTINSTALLDIR/lib/libO/Linux.nag.64.openmpi.default/libesmf.so(nuopc_driver_MP_initializeipdv02p5data+0x3180)[0x147283c9507e]
[borgl142:45685] [ 8] /discover/nobackup/projects/gmao/SIteam/ESMF_Testing/nag_7.2.15_openmpi_O_v8.7.0/esmf/DEFAULTINSTALLDIR/lib/libO/Linux.nag.64.openmpi.default/libesmf.so(nuopc_driver_MP_initializeipdv02p5data+0x3180)[0x14a47343b07e]
[borgl142:45684] [ 8] /discover/nobackup/projects/gmao/SIteam/ESMF_Testing/nag_7.2.15_openmpi_O_v8.7.0/esmf/DEFAULTINSTALLDIR/lib/libO/Linux.nag.64.openmpi.default/libesmf.so(nuopc_driver_MP_initializeipdv02p5+0x4779)[0x14ebf5c1e643]
[borgl142:45683] [ 9] /discover/nobackup/projects/gmao/SIteam/ESMF_Testing/nag_7.2.15_openmpi_O_v8.7.0/esmf/DEFAULTINSTALLDIR/lib/libO/Linux.nag.64.openmpi.default/libesmf.so(nuopc_driver_MP_initializeipdv02p5+0x4779)[0x14840710e643]
[borgl142:45686] [ 9] /discover/nobackup/projects/gmao/SIteam/ESMF_Testing/nag_7.2.15_openmpi_O_v8.7.0/esmf/DEFAULTINSTALLDIR/lib/libO/Linux.nag.64.openmpi.default/libesmf.so(nuopc_driver_MP_initializeipdv02p5+0x4779)[0x14a473440643]
[borgl142:45684] [ 9] /discover/nobackup/projects/gmao/SIteam/ESMF_Testing/nag_7.2.15_openmpi_O_v8.7.0/esmf/DEFAULTINSTALLDIR/lib/libO/Linux.nag.64.openmpi.default/libesmf.so(nuopc_driver_MP_initializeipdv02p5+0x4779)[0x147283c9a643]
[borgl142:45685] [ 9] /discover/nobackup/projects/gmao/SIteam/ESMF_Testing/nag_7.2.15_openmpi_O_v8.7.0/esmf/DEFAULTINSTALLDIR/lib/libO/Linux.nag.64.openmpi.default/libesmf.so(nuopc_driver_MP_initializegeneric+0x1a06)[0x14a473475cd1]
[borgl142:45684] [10] /discover/nobackup/projects/gmao/SIteam/ESMF_Testing/nag_7.2.15_openmpi_O_v8.7.0/esmf/DEFAULTINSTALLDIR/lib/libO/Linux.nag.64.openmpi.default/libesmf.so(nuopc_driver_MP_initializegeneric+0x1a06)[0x148407143cd1]
[borgl142:45686] [10] /discover/nobackup/projects/gmao/SIteam/ESMF_Testing/nag_7.2.15_openmpi_O_v8.7.0/esmf/DEFAULTINSTALLDIR/lib/libO/Linux.nag.64.openmpi.default/libesmf.so(nuopc_driver_MP_initializegeneric+0x1a06)[0x14ebf5c53cd1]
[borgl142:45683] [10] /discover/nobackup/projects/gmao/SIteam/ESMF_Testing/nag_7.2.15_openmpi_O_v8.7.0/esmf/DEFAULTINSTALLDIR/lib/libO/Linux.nag.64.openmpi.default/libesmf.so(nuopc_driver_MP_initializegeneric+0x1a06)[0x147283ccfcd1]
[borgl142:45685] [10] /discover/nobackup/projects/gmao/SIteam/ESMF_Testing/nag_7.2.15_openmpi_O_v8.7.0/esmf/DEFAULTINSTALLDIR/lib/libO/Linux.nag.64.openmpi.default/libesmf.so(_ZN5ESMCI6FTable12callVFuncPtrEPKcPNS_2VMEPi+0xc55)[0x14a472581c79]
[borgl142:45684] [11] /discover/nobackup/projects/gmao/SIteam/ESMF_Testing/nag_7.2.15_openmpi_O_v8.7.0/esmf/DEFAULTINSTALLDIR/lib/libO/Linux.nag.64.openmpi.default/libesmf.so(_ZN5ESMCI6FTable12callVFuncPtrEPKcPNS_2VMEPi+0xc55)[0x14840624fc79]
[borgl142:45686] [11] /discover/nobackup/projects/gmao/SIteam/ESMF_Testing/nag_7.2.15_openmpi_O_v8.7.0/esmf/DEFAULTINSTALLDIR/lib/libO/Linux.nag.64.openmpi.default/libesmf.so(_ZN5ESMCI6FTable12callVFuncPtrEPKcPNS_2VMEPi+0xc55)[0x14ebf4d5fc79]
[borgl142:45683] [11] /discover/nobackup/projects/gmao/SIteam/ESMF_Testing/nag_7.2.15_openmpi_O_v8.7.0/esmf/DEFAULTINSTALLDIR/lib/libO/Linux.nag.64.openmpi.default/libesmf.so(_ZN5ESMCI6FTable12callVFuncPtrEPKcPNS_2VMEPi+0xc55)[0x147282ddbc79]
[borgl142:45685] [11] /discover/nobackup/projects/gmao/SIteam/ESMF_Testing/nag_7.2.15_openmpi_O_v8.7.0/esmf/DEFAULTINSTALLDIR/lib/libO/Linux.nag.64.openmpi.default/libesmf.so(ESMCI_FTableCallEntryPointVMHop+0x32e)[0x147282dd8d4c]
[borgl142:45685] [12] /discover/nobackup/projects/gmao/SIteam/ESMF_Testing/nag_7.2.15_openmpi_O_v8.7.0/esmf/DEFAULTINSTALLDIR/lib/libO/Linux.nag.64.openmpi.default/libesmf.so(ESMCI_FTableCallEntryPointVMHop+0x32e)[0x14840624cd4c]
[borgl142:45686] [12] /discover/nobackup/projects/gmao/SIteam/ESMF_Testing/nag_7.2.15_openmpi_O_v8.7.0/esmf/DEFAULTINSTALLDIR/lib/libO/Linux.nag.64.openmpi.default/libesmf.so(ESMCI_FTableCallEntryPointVMHop+0x32e)[0x14ebf4d5cd4c]
[borgl142:45683] [12] /discover/nobackup/projects/gmao/SIteam/ESMF_Testing/nag_7.2.15_openmpi_O_v8.7.0/esmf/DEFAULTINSTALLDIR/lib/libO/Linux.nag.64.openmpi.default/libesmf.so(ESMCI_FTableCallEntryPointVMHop+0x32e)[0x14a47257ed4c]
[borgl142:45684] [12] /discover/nobackup/projects/gmao/SIteam/ESMF_Testing/nag_7.2.15_openmpi_O_v8.7.0/esmf/DEFAULTINSTALLDIR/lib/libO/Linux.nag.64.openmpi.default/libesmf.so(_ZN5ESMCI3VMK5enterEPNS_7VMKPlanEPvS3_+0xd5)[0x1472831d79b3]
[borgl142:45685] [13] /discover/nobackup/projects/gmao/SIteam/ESMF_Testing/nag_7.2.15_openmpi_O_v8.7.0/esmf/DEFAULTINSTALLDIR/lib/libO/Linux.nag.64.openmpi.default/libesmf.so(_ZN5ESMCI3VMK5enterEPNS_7VMKPlanEPvS3_+0xd5)[0x14840664b9b3]
[borgl142:45686] [13] /discover/nobackup/projects/gmao/SIteam/ESMF_Testing/nag_7.2.15_openmpi_O_v8.7.0/esmf/DEFAULTINSTALLDIR/lib/libO/Linux.nag.64.openmpi.default/libesmf.so(_ZN5ESMCI3VMK5enterEPNS_7VMKPlanEPvS3_+0xd5)[0x14a47297d9b3]
[borgl142:45684] [13] /discover/nobackup/projects/gmao/SIteam/ESMF_Testing/nag_7.2.15_openmpi_O_v8.7.0/esmf/DEFAULTINSTALLDIR/lib/libO/Linux.nag.64.openmpi.default/libesmf.so(_ZN5ESMCI3VMK5enterEPNS_7VMKPlanEPvS3_+0xd5)[0x14ebf515b9b3]
[borgl142:45683] [13] /discover/nobackup/projects/gmao/SIteam/ESMF_Testing/nag_7.2.15_openmpi_O_v8.7.0/esmf/DEFAULTINSTALLDIR/lib/libO/Linux.nag.64.openmpi.default/libesmf.so(_ZN5ESMCI2VM5enterEPNS_6VMPlanEPvS3_+0xb7)[0x1484066358cd]
[borgl142:45686] [14] /discover/nobackup/projects/gmao/SIteam/ESMF_Testing/nag_7.2.15_openmpi_O_v8.7.0/esmf/DEFAULTINSTALLDIR/lib/libO/Linux.nag.64.openmpi.default/libesmf.so(_ZN5ESMCI2VM5enterEPNS_6VMPlanEPvS3_+0xb7)[0x14a4729678cd]
[borgl142:45684] [14] /discover/nobackup/projects/gmao/SIteam/ESMF_Testing/nag_7.2.15_openmpi_O_v8.7.0/esmf/DEFAULTINSTALLDIR/lib/libO/Linux.nag.64.openmpi.default/libesmf.so(_ZN5ESMCI2VM5enterEPNS_6VMPlanEPvS3_+0xb7)[0x14ebf51458cd]
[borgl142:45683] [14] /discover/nobackup/projects/gmao/SIteam/ESMF_Testing/nag_7.2.15_openmpi_O_v8.7.0/esmf/DEFAULTINSTALLDIR/lib/libO/Linux.nag.64.openmpi.default/libesmf.so(_ZN5ESMCI2VM5enterEPNS_6VMPlanEPvS3_+0xb7)[0x1472831c18cd]
[borgl142:45685] [14] /discover/nobackup/projects/gmao/SIteam/ESMF_Testing/nag_7.2.15_openmpi_O_v8.7.0/esmf/DEFAULTINSTALLDIR/lib/libO/Linux.nag.64.openmpi.default/libesmf.so(c_esmc_ftablecallentrypointvm_+0x35f)[0x14a47257f1e5]
[borgl142:45684] [15] /discover/nobackup/projects/gmao/SIteam/ESMF_Testing/nag_7.2.15_openmpi_O_v8.7.0/esmf/DEFAULTINSTALLDIR/lib/libO/Linux.nag.64.openmpi.default/libesmf.so(c_esmc_ftablecallentrypointvm_+0x35f)[0x14ebf4d5d1e5]
[borgl142:45683] [15] /discover/nobackup/projects/gmao/SIteam/ESMF_Testing/nag_7.2.15_openmpi_O_v8.7.0/esmf/DEFAULTINSTALLDIR/lib/libO/Linux.nag.64.openmpi.default/libesmf.so(c_esmc_ftablecallentrypointvm_+0x35f)[0x14840624d1e5]
[borgl142:45686] [15] /discover/nobackup/projects/gmao/SIteam/ESMF_Testing/nag_7.2.15_openmpi_O_v8.7.0/esmf/DEFAULTINSTALLDIR/lib/libO/Linux.nag.64.openmpi.default/libesmf.so(c_esmc_ftablecallentrypointvm_+0x35f)[0x147282dd91e5]
[borgl142:45685] [15] /discover/nobackup/projects/gmao/SIteam/ESMF_Testing/nag_7.2.15_openmpi_O_v8.7.0/esmf/DEFAULTINSTALLDIR/lib/libO/Linux.nag.64.openmpi.default/libesmf.so(esmf_compmod_MP_esmf_compexecute+0xa43)[0x1484068e2f79]
[borgl142:45686] [16] /discover/nobackup/projects/gmao/SIteam/ESMF_Testing/nag_7.2.15_openmpi_O_v8.7.0/esmf/DEFAULTINSTALLDIR/lib/libO/Linux.nag.64.openmpi.default/libesmf.so(esmf_compmod_MP_esmf_compexecute+0xa43)[0x14a472c14f79]
[borgl142:45684] [16] /discover/nobackup/projects/gmao/SIteam/ESMF_Testing/nag_7.2.15_openmpi_O_v8.7.0/esmf/DEFAULTINSTALLDIR/lib/libO/Linux.nag.64.openmpi.default/libesmf.so(esmf_compmod_MP_esmf_compexecute+0xa43)[0x14ebf53f2f79]
[borgl142:45683] [16] /discover/nobackup/projects/gmao/SIteam/ESMF_Testing/nag_7.2.15_openmpi_O_v8.7.0/esmf/DEFAULTINSTALLDIR/lib/libO/Linux.nag.64.openmpi.default/libesmf.so(esmf_compmod_MP_esmf_compexecute+0xa43)[0x14728346ef79]
[borgl142:45685] [16] /discover/nobackup/projects/gmao/SIteam/ESMF_Testing/nag_7.2.15_openmpi_O_v8.7.0/esmf/DEFAULTINSTALLDIR/lib/libO/Linux.nag.64.openmpi.default/libesmf.so(esmf_gridcompmod_MP_esmf_gridcompinitialize+0x176)[0x148406c04764]
[borgl142:45686] [17] /discover/nobackup/projects/gmao/SIteam/ESMF_Testing/nag_7.2.15_openmpi_O_v8.7.0/esmf/DEFAULTINSTALLDIR/lib/libO/Linux.nag.64.openmpi.default/libesmf.so(esmf_gridcompmod_MP_esmf_gridcompinitialize+0x176)[0x14a472f36764]
[borgl142:45684] [17] ./esmApp[0x4959c6]
[borgl142:45684] [18] ./esmApp(__NAGf90_cosmp_init+0x123)[0x434893]
[borgl142:45684] /discover/nobackup/projects/gmao/SIteam/ESMF_Testing/nag_7.2.15_openmpi_O_v8.7.0/esmf/DEFAULTINSTALLDIR/lib/libO/Linux.nag.64.openmpi.default/libesmf.so(esmf_gridcompmod_MP_esmf_gridcompinitialize+0x176)[0x14ebf5714764]
[borgl142:45683] [17] /discover/nobackup/projects/gmao/SIteam/ESMF_Testing/nag_7.2.15_openmpi_O_v8.7.0/esmf/DEFAULTINSTALLDIR/lib/libO/Linux.nag.64.openmpi.default/libesmf.so(esmf_gridcompmod_MP_esmf_gridcompinitialize+0x176)[0x147283790764]
[borgl142:45685] [17] ./esmApp[0x4959c6]
[borgl142:45685] [18] ./esmApp[0x4959c6]
[borgl142:45686] [18] ./esmApp(__NAGf90_cosmp_init+0x123)[0x434893]
[borgl142:45686] [19] ./esmApp[0x4955a3]
[borgl142:45684] [20] /lib64/libc.so.6(__libc_start_main+0xef)[0x14a47083e24d]
[borgl142:45684] [21] ./esmApp[0x40bcfa]
[borgl142:45684] *** End of error message ***
./esmApp[0x4959c6]
[borgl142:45683] [18] ./esmApp(__NAGf90_cosmp_init+0x123)[0x434893]
[borgl142:45683] [19] ./esmApp[0x4955a3]
[borgl142:45683] [20] /lib64/libc.so.6(__libc_start_main+0xef)[0x14ebf301a24d]
[borgl142:45683] [21] ./esmApp(__NAGf90_cosmp_init+0x123)[0x434893]
[borgl142:45685] [19] ./esmApp[0x4955a3]
[borgl142:45685] [20] /lib64/libc.so.6(__libc_start_main+0xef)[0x14728103e24d]
[borgl142:45685] [21] ./esmApp[0x40bcfa]
[borgl142:45685] *** End of error message ***
[19] ./esmApp[0x4955a3]
[borgl142:45686] [20] /lib64/libc.so.6(__libc_start_main+0xef)[0x1484044f224d]
[borgl142:45686] [21] ./esmApp[0x40bcfa]
[borgl142:45686] *** End of error message ***
./esmApp[0x40bcfa]
[borgl142:45683] *** End of error message ***
--------------------------------------------------------------------------
Primary job  terminated normally, but 1 process returned
a non-zero exit code. Per user-direction, the job has been aborted.
--------------------------------------------------------------------------
--------------------------------------------------------------------------
mpirun noticed that process rank 0 with PID 45683 on node borgl142 exited on signal 6 (Aborted).
--------------------------------------------------------------------------
