2024-10-07 22:28:55
 staggerEdgeLWidth 0 0
 staggerEdgeUWidth 0 0
 staggerAlign 0 0
 staggerEdgeLWidth 1 1
 staggerEdgeUWidth 0 0
 staggerAlign 1 1
 staggerEdgeLWidth 0 1
 staggerEdgeUWidth 1 1
 staggerAlign -1 -1
 staggerEdgeLWidth 1 0
 staggerEdgeUWidth 0 1
 staggerAlign 1 -1
Runtime Error: Unexpected end of format Runtime Error: Unexpected end of format specification
Program terminaRuntime Error: Unexpected end of format specification
Program terminatRuntime Error: Unexpected end of format specification
Program terminated by Ied by I/O error on in/O error on internspecification
Program terminated by I/O error on ited by I/O error on internal file
al file
nternal file
ternal file
[borgl086:181150] *** Process received signal ***
[borgl086:181150] Signal: Aborted (6)
[borgl086:181150] Signal code:  (-6)
[borgl086:181148] *** Process received signal ***
[borgl086:181149] *** Process received signal ***
[borgl086:181148] Signal: Aborted (6)
[borgl086:181148] Signal code:  (-6)
[borgl086:181147] *** Process received signal ***
[borgl086:181147] Signal: Aborted (6)
[borgl086:181147] Signal code:  (-6)
[borgl086:181149] Signal: Aborted (6)
[borgl086:181149] Signal code:  (-6)
[borgl086:181150] [ 0] /lib64/libpthread.so.0(+0x16910)[0x14f490ce0910]
[borgl086:181148] [ 0] /lib64/libpthread.so.0(+0x16910)[0x15355475b910]
[borgl086:181148] [ 1] [borgl086:181149] [ 0] [borgl086:181150] [ 1] /lib64/libpthread.so.0(+0x16910)[0x14942214a910]
[borgl086:181149] [ 1] [borgl086:181147] [ 0] /lib64/libc.so.6(gsignal+0x10d)[0x14f490453d2b]
[borgl086:181150] [ 2] /lib64/libpthread.so.0(+0x16910)[0x14ed46d2b910]
[borgl086:181147] [ 1] /lib64/libc.so.6(gsignal+0x10d)[0x14ed46307d2b]
[borgl086:181147] [ 2] /lib64/libc.so.6(gsignal+0x10d)[0x153553d07d2b]
[borgl086:181148] [ 2] /lib64/libc.so.6(abort+0x177)[0x153553d093e5]
[borgl086:181148] [ 3] /lib64/libc.so.6(gsignal+0x10d)[0x149421853d2b]
[borgl086:181149] [ 2] /lib64/libc.so.6(abort+0x177)[0x14f4904553e5]
[borgl086:181150] [ 3] ./esmApp(__NAGf90_io_abort+0x78)[0x45b3d8]
[borgl086:181150] [ 4] ./esmApp(__NAGf90_ioerr+0x1cd)[0x45ba3d]
[borgl086:181150] [ 5] /lib64/libc.so.6(abort+0x177)[0x1494218553e5]
[borgl086:181149] [ 3] ./esmApp(__NAGf90_io_abort+0x78)[0x45b3d8]
[borgl086:181148] [ 4] ./esmApp(__NAGf90_ioerr+0x1cd)[0x45ba3d]
[borgl086:181148] [ 5] ./esmApp(__NAGf90_io_abort+0x78)[0x45b3d8]
[borgl086:181149] [ 4] ./esmApp(__NAGf90_ioerr+0x1cd)[0x45ba3d]
[borgl086:181149] [ 5] /discover/nobackup/projects/gmao/SIteam/comp/SLES-15/nag/7.2.15/lib/NAG_Fortran/libf72rts.so.1(__NAGf90_maybe_next_edit+0xe19)[0x1535540aa629]
[borgl086:181148] [ 6] /discover/nobackup/projects/gmao/SIteam/comp/SLES-15/nag/7.2.15/lib/NAG_Fortran/libf72rts.so.1(__NAGf90_maybe_next_edit+0xe19)[0x14f4906aa629]
[borgl086:181150] [ 6] /lib64/libc.so.6(abort+0x177)[0x14ed463093e5]
[borgl086:181147] [ 3] ./esmApp(__NAGf90_io_abort+0x78)[0x45b3d8]
[borgl086:181147] [ 4] ./esmApp(__NAGf90_ioerr+0x1cd)[0x45ba3d]
[borgl086:181147] [ 5] /discover/nobackup/projects/gmao/SIteam/comp/SLES-15/nag/7.2.15/lib/NAG_Fortran/libf72rts.so.1(__NAGf90_maybe_next_edit+0xe19)[0x149421aaa629]
[borgl086:181149] [ 6] /discover/nobackup/projects/gmao/SIteam/comp/SLES-15/nag/7.2.15/lib/NAG_Fortran/libf72rts.so.1(__NAGf90_maybe_next_edit+0xe19)[0x14ed466aa629]
[borgl086:181147] [ 6] /discover/nobackup/projects/gmao/SIteam/ESMF_Testing/nag_7.2.15_openmpi_O_v8.7.0/esmf/DEFAULTINSTALLDIR/lib/libO/Linux.nag.64.openmpi.default/libesmf.so(nuopc_driver_MP_loopdatadependentinitialize+0x3aef)[0x14f49302c15c]
[borgl086:181150] [ 7] /discover/nobackup/projects/gmao/SIteam/ESMF_Testing/nag_7.2.15_openmpi_O_v8.7.0/esmf/DEFAULTINSTALLDIR/lib/libO/Linux.nag.64.openmpi.default/libesmf.so(nuopc_driver_MP_loopdatadependentinitialize+0x3aef)[0x15355695b15c]
[borgl086:181148] [ 7] /discover/nobackup/projects/gmao/SIteam/ESMF_Testing/nag_7.2.15_openmpi_O_v8.7.0/esmf/DEFAULTINSTALLDIR/lib/libO/Linux.nag.64.openmpi.default/libesmf.so(nuopc_driver_MP_loopdatadependentinitialize+0x3aef)[0x14942449615c]
[borgl086:181149] /discover/nobackup/projects/gmao/SIteam/ESMF_Testing/nag_7.2.15_openmpi_O_v8.7.0/esmf/DEFAULTINSTALLDIR/lib/libO/Linux.nag.64.openmpi.default/libesmf.so(nuopc_driver_MP_loopdatadependentinitialize+0x3aef)[0x14ed48f2b15c]
[borgl086:181147] [ 7] [ 7] /discover/nobackup/projects/gmao/SIteam/ESMF_Testing/nag_7.2.15_openmpi_O_v8.7.0/esmf/DEFAULTINSTALLDIR/lib/libO/Linux.nag.64.openmpi.default/libesmf.so(nuopc_driver_MP_initializeipdv02p5data+0x3180)[0x14f49303c07e]
[borgl086:181150] [ 8] /discover/nobackup/projects/gmao/SIteam/ESMF_Testing/nag_7.2.15_openmpi_O_v8.7.0/esmf/DEFAULTINSTALLDIR/lib/libO/Linux.nag.64.openmpi.default/libesmf.so(nuopc_driver_MP_initializeipdv02p5data+0x3180)[0x15355696b07e]
[borgl086:181148] [ 8] /discover/nobackup/projects/gmao/SIteam/ESMF_Testing/nag_7.2.15_openmpi_O_v8.7.0/esmf/DEFAULTINSTALLDIR/lib/libO/Linux.nag.64.openmpi.default/libesmf.so(nuopc_driver_MP_initializeipdv02p5data+0x3180)[0x1494244a607e]
[borgl086:181149] [ 8] /discover/nobackup/projects/gmao/SIteam/ESMF_Testing/nag_7.2.15_openmpi_O_v8.7.0/esmf/DEFAULTINSTALLDIR/lib/libO/Linux.nag.64.openmpi.default/libesmf.so(nuopc_driver_MP_initializeipdv02p5data+0x3180)[0x14ed48f3b07e]
[borgl086:181147] [ 8] /discover/nobackup/projects/gmao/SIteam/ESMF_Testing/nag_7.2.15_openmpi_O_v8.7.0/esmf/DEFAULTINSTALLDIR/lib/libO/Linux.nag.64.openmpi.default/libesmf.so(nuopc_driver_MP_initializeipdv02p5+0x4779)[0x14f493041643]
[borgl086:181150] [ 9] /discover/nobackup/projects/gmao/SIteam/ESMF_Testing/nag_7.2.15_openmpi_O_v8.7.0/esmf/DEFAULTINSTALLDIR/lib/libO/Linux.nag.64.openmpi.default/libesmf.so(nuopc_driver_MP_initializeipdv02p5+0x4779)[0x153556970643]
[borgl086:181148] [ 9] /discover/nobackup/projects/gmao/SIteam/ESMF_Testing/nag_7.2.15_openmpi_O_v8.7.0/esmf/DEFAULTINSTALLDIR/lib/libO/Linux.nag.64.openmpi.default/libesmf.so(nuopc_driver_MP_initializeipdv02p5+0x4779)[0x1494244ab643]
[borgl086:181149] [ 9] /discover/nobackup/projects/gmao/SIteam/ESMF_Testing/nag_7.2.15_openmpi_O_v8.7.0/esmf/DEFAULTINSTALLDIR/lib/libO/Linux.nag.64.openmpi.default/libesmf.so(nuopc_driver_MP_initializeipdv02p5+0x4779)[0x14ed48f40643]
[borgl086:181147] [ 9] /discover/nobackup/projects/gmao/SIteam/ESMF_Testing/nag_7.2.15_openmpi_O_v8.7.0/esmf/DEFAULTINSTALLDIR/lib/libO/Linux.nag.64.openmpi.default/libesmf.so(nuopc_driver_MP_initializegeneric+0x1a06)[0x14f493076cd1]
[borgl086:181150] [10] /discover/nobackup/projects/gmao/SIteam/ESMF_Testing/nag_7.2.15_openmpi_O_v8.7.0/esmf/DEFAULTINSTALLDIR/lib/libO/Linux.nag.64.openmpi.default/libesmf.so(nuopc_driver_MP_initializegeneric+0x1a06)[0x1535569a5cd1]
[borgl086:181148] [10] /discover/nobackup/projects/gmao/SIteam/ESMF_Testing/nag_7.2.15_openmpi_O_v8.7.0/esmf/DEFAULTINSTALLDIR/lib/libO/Linux.nag.64.openmpi.default/libesmf.so(nuopc_driver_MP_initializegeneric+0x1a06)[0x14ed48f75cd1]
[borgl086:181147] [10] /discover/nobackup/projects/gmao/SIteam/ESMF_Testing/nag_7.2.15_openmpi_O_v8.7.0/esmf/DEFAULTINSTALLDIR/lib/libO/Linux.nag.64.openmpi.default/libesmf.so(nuopc_driver_MP_initializegeneric+0x1a06)[0x1494244e0cd1]
[borgl086:181149] [10] /discover/nobackup/projects/gmao/SIteam/ESMF_Testing/nag_7.2.15_openmpi_O_v8.7.0/esmf/DEFAULTINSTALLDIR/lib/libO/Linux.nag.64.openmpi.default/libesmf.so(_ZN5ESMCI6FTable12callVFuncPtrEPKcPNS_2VMEPi+0xc55)[0x14f492182c79]
[borgl086:181150] [11] /discover/nobackup/projects/gmao/SIteam/ESMF_Testing/nag_7.2.15_openmpi_O_v8.7.0/esmf/DEFAULTINSTALLDIR/lib/libO/Linux.nag.64.openmpi.default/libesmf.so(_ZN5ESMCI6FTable12callVFuncPtrEPKcPNS_2VMEPi+0xc55)[0x153555ab1c79]
[borgl086:181148] [11] /discover/nobackup/projects/gmao/SIteam/ESMF_Testing/nag_7.2.15_openmpi_O_v8.7.0/esmf/DEFAULTINSTALLDIR/lib/libO/Linux.nag.64.openmpi.default/libesmf.so(_ZN5ESMCI6FTable12callVFuncPtrEPKcPNS_2VMEPi+0xc55)[0x14ed48081c79]
[borgl086:181147] [11] /discover/nobackup/projects/gmao/SIteam/ESMF_Testing/nag_7.2.15_openmpi_O_v8.7.0/esmf/DEFAULTINSTALLDIR/lib/libO/Linux.nag.64.openmpi.default/libesmf.so(_ZN5ESMCI6FTable12callVFuncPtrEPKcPNS_2VMEPi+0xc55)[0x1494235ecc79]
[borgl086:181149] [11] /discover/nobackup/projects/gmao/SIteam/ESMF_Testing/nag_7.2.15_openmpi_O_v8.7.0/esmf/DEFAULTINSTALLDIR/lib/libO/Linux.nag.64.openmpi.default/libesmf.so(ESMCI_FTableCallEntryPointVMHop+0x32e)[0x14f49217fd4c]
[borgl086:181150] [12] /discover/nobackup/projects/gmao/SIteam/ESMF_Testing/nag_7.2.15_openmpi_O_v8.7.0/esmf/DEFAULTINSTALLDIR/lib/libO/Linux.nag.64.openmpi.default/libesmf.so(ESMCI_FTableCallEntryPointVMHop+0x32e)[0x153555aaed4c]
[borgl086:181148] [12] /discover/nobackup/projects/gmao/SIteam/ESMF_Testing/nag_7.2.15_openmpi_O_v8.7.0/esmf/DEFAULTINSTALLDIR/lib/libO/Linux.nag.64.openmpi.default/libesmf.so(ESMCI_FTableCallEntryPointVMHop+0x32e)[0x1494235e9d4c]
[borgl086:181149] [12] /discover/nobackup/projects/gmao/SIteam/ESMF_Testing/nag_7.2.15_openmpi_O_v8.7.0/esmf/DEFAULTINSTALLDIR/lib/libO/Linux.nag.64.openmpi.default/libesmf.so(ESMCI_FTableCallEntryPointVMHop+0x32e)[0x14ed4807ed4c]
[borgl086:181147] [12] /discover/nobackup/projects/gmao/SIteam/ESMF_Testing/nag_7.2.15_openmpi_O_v8.7.0/esmf/DEFAULTINSTALLDIR/lib/libO/Linux.nag.64.openmpi.default/libesmf.so(_ZN5ESMCI3VMK5enterEPNS_7VMKPlanEPvS3_+0xd5)[0x14f49257e9b3]
[borgl086:181150] [13] /discover/nobackup/projects/gmao/SIteam/ESMF_Testing/nag_7.2.15_openmpi_O_v8.7.0/esmf/DEFAULTINSTALLDIR/lib/libO/Linux.nag.64.openmpi.default/libesmf.so(_ZN5ESMCI3VMK5enterEPNS_7VMKPlanEPvS3_+0xd5)[0x153555ead9b3]
[borgl086:181148] [13] /discover/nobackup/projects/gmao/SIteam/ESMF_Testing/nag_7.2.15_openmpi_O_v8.7.0/esmf/DEFAULTINSTALLDIR/lib/libO/Linux.nag.64.openmpi.default/libesmf.so(_ZN5ESMCI3VMK5enterEPNS_7VMKPlanEPvS3_+0xd5)[0x14ed4847d9b3]
[borgl086:181147] [13] /discover/nobackup/projects/gmao/SIteam/ESMF_Testing/nag_7.2.15_openmpi_O_v8.7.0/esmf/DEFAULTINSTALLDIR/lib/libO/Linux.nag.64.openmpi.default/libesmf.so(_ZN5ESMCI3VMK5enterEPNS_7VMKPlanEPvS3_+0xd5)[0x1494239e89b3]
[borgl086:181149] [13] /discover/nobackup/projects/gmao/SIteam/ESMF_Testing/nag_7.2.15_openmpi_O_v8.7.0/esmf/DEFAULTINSTALLDIR/lib/libO/Linux.nag.64.openmpi.default/libesmf.so(_ZN5ESMCI2VM5enterEPNS_6VMPlanEPvS3_+0xb7)[0x14f4925688cd]
[borgl086:181150] [14] /discover/nobackup/projects/gmao/SIteam/ESMF_Testing/nag_7.2.15_openmpi_O_v8.7.0/esmf/DEFAULTINSTALLDIR/lib/libO/Linux.nag.64.openmpi.default/libesmf.so(_ZN5ESMCI2VM5enterEPNS_6VMPlanEPvS3_+0xb7)[0x153555e978cd]
[borgl086:181148] [14] /discover/nobackup/projects/gmao/SIteam/ESMF_Testing/nag_7.2.15_openmpi_O_v8.7.0/esmf/DEFAULTINSTALLDIR/lib/libO/Linux.nag.64.openmpi.default/libesmf.so(_ZN5ESMCI2VM5enterEPNS_6VMPlanEPvS3_+0xb7)[0x1494239d28cd]
[borgl086:181149] [14] /discover/nobackup/projects/gmao/SIteam/ESMF_Testing/nag_7.2.15_openmpi_O_v8.7.0/esmf/DEFAULTINSTALLDIR/lib/libO/Linux.nag.64.openmpi.default/libesmf.so(_ZN5ESMCI2VM5enterEPNS_6VMPlanEPvS3_+0xb7)[0x14ed484678cd]
[borgl086:181147] [14] /discover/nobackup/projects/gmao/SIteam/ESMF_Testing/nag_7.2.15_openmpi_O_v8.7.0/esmf/DEFAULTINSTALLDIR/lib/libO/Linux.nag.64.openmpi.default/libesmf.so(c_esmc_ftablecallentrypointvm_+0x35f)[0x14f4921801e5]
[borgl086:181150] [15] /discover/nobackup/projects/gmao/SIteam/ESMF_Testing/nag_7.2.15_openmpi_O_v8.7.0/esmf/DEFAULTINSTALLDIR/lib/libO/Linux.nag.64.openmpi.default/libesmf.so(c_esmc_ftablecallentrypointvm_+0x35f)[0x153555aaf1e5]
[borgl086:181148] [15] /discover/nobackup/projects/gmao/SIteam/ESMF_Testing/nag_7.2.15_openmpi_O_v8.7.0/esmf/DEFAULTINSTALLDIR/lib/libO/Linux.nag.64.openmpi.default/libesmf.so(c_esmc_ftablecallentrypointvm_+0x35f)[0x1494235ea1e5]
[borgl086:181149] [15] /discover/nobackup/projects/gmao/SIteam/ESMF_Testing/nag_7.2.15_openmpi_O_v8.7.0/esmf/DEFAULTINSTALLDIR/lib/libO/Linux.nag.64.openmpi.default/libesmf.so(c_esmc_ftablecallentrypointvm_+0x35f)[0x14ed4807f1e5]
[borgl086:181147] [15] /discover/nobackup/projects/gmao/SIteam/ESMF_Testing/nag_7.2.15_openmpi_O_v8.7.0/esmf/DEFAULTINSTALLDIR/lib/libO/Linux.nag.64.openmpi.default/libesmf.so(esmf_compmod_MP_esmf_compexecute+0xa43)[0x14f492815f79]
[borgl086:181150] [16] /discover/nobackup/projects/gmao/SIteam/ESMF_Testing/nag_7.2.15_openmpi_O_v8.7.0/esmf/DEFAULTINSTALLDIR/lib/libO/Linux.nag.64.openmpi.default/libesmf.so(esmf_compmod_MP_esmf_compexecute+0xa43)[0x153556144f79]
[borgl086:181148] [16] /discover/nobackup/projects/gmao/SIteam/ESMF_Testing/nag_7.2.15_openmpi_O_v8.7.0/esmf/DEFAULTINSTALLDIR/lib/libO/Linux.nag.64.openmpi.default/libesmf.so(esmf_compmod_MP_esmf_compexecute+0xa43)[0x14ed48714f79]
[borgl086:181147] [16] /discover/nobackup/projects/gmao/SIteam/ESMF_Testing/nag_7.2.15_openmpi_O_v8.7.0/esmf/DEFAULTINSTALLDIR/lib/libO/Linux.nag.64.openmpi.default/libesmf.so(esmf_compmod_MP_esmf_compexecute+0xa43)[0x149423c7ff79]
[borgl086:181149] [16] /discover/nobackup/projects/gmao/SIteam/ESMF_Testing/nag_7.2.15_openmpi_O_v8.7.0/esmf/DEFAULTINSTALLDIR/lib/libO/Linux.nag.64.openmpi.default/libesmf.so(esmf_gridcompmod_MP_esmf_gridcompinitialize+0x176)[0x153556466764]
[borgl086:181148] [17] ./esmApp[0x496776]
[borgl086:181148] [18] /discover/nobackup/projects/gmao/SIteam/ESMF_Testing/nag_7.2.15_openmpi_O_v8.7.0/esmf/DEFAULTINSTALLDIR/lib/libO/Linux.nag.64.openmpi.default/libesmf.so(esmf_gridcompmod_MP_esmf_gridcompinitialize+0x176)[0x14f492b37764]
[borgl086:181150] [17] ./esmApp[0x496776]
[borgl086:181150] [18] ./esmApp(__NAGf90_cosmp_init+0x123)[0x435643]
[borgl086:181150] [19] ./esmApp[0x496353]
[borgl086:181150] [20] ./esmApp(__NAGf90_cosmp_init+0x123)[0x435643]
[borgl086:181148] [19] ./esmApp[0x496353]
/discover/nobackup/projects/gmao/SIteam/ESMF_Testing/nag_7.2.15_openmpi_O_v8.7.0/esmf/DEFAULTINSTALLDIR/lib/libO/Linux.nag.64.openmpi.default/libesmf.so(esmf_gridcompmod_MP_esmf_gridcompinitialize+0x176)[0x14ed48a36764]
[borgl086:181147] [17] ./esmApp[0x496776]
[borgl086:181147] [18] ./esmApp(__NAGf90_cosmp_init+0x123)[0x435643]
[borgl086:181147] [19] ./esmApp[0x496353]
[borgl086:181147] [20] [borgl086:181148] [20] /lib64/libc.so.6(__libc_start_main+0xef)[0x153553cf224d]
[borgl086:181148] [21] ./esmApp[0x40caaa]
[borgl086:181148] *** End of error message ***
/discover/nobackup/projects/gmao/SIteam/ESMF_Testing/nag_7.2.15_openmpi_O_v8.7.0/esmf/DEFAULTINSTALLDIR/lib/libO/Linux.nag.64.openmpi.default/libesmf.so(esmf_gridcompmod_MP_esmf_gridcompinitialize+0x176)[0x149423fa1764]
[borgl086:181149] [17] ./esmApp[0x496776]
[borgl086:181149] [18] ./esmApp(__NAGf90_cosmp_init+0x123)[0x435643]
[borgl086:181149] [19] ./esmApp[0x496353]
[borgl086:181149] [20] /lib64/libc.so.6(__libc_start_main+0xef)[0x14f49043e24d]
[borgl086:181150] [21] ./esmApp[0x40caaa]
[borgl086:181150] *** End of error message ***
/lib64/libc.so.6(__libc_start_main+0xef)[0x14942183e24d]
[borgl086:181149] [21] ./esmApp[0x40caaa]
[borgl086:181149] *** End of error message ***
/lib64/libc.so.6(__libc_start_main+0xef)[0x14ed462f224d]
[borgl086:181147] [21] ./esmApp[0x40caaa]
[borgl086:181147] *** End of error message ***
--------------------------------------------------------------------------
Primary job  terminated normally, but 1 process returned
a non-zero exit code. Per user-direction, the job has been aborted.
--------------------------------------------------------------------------
--------------------------------------------------------------------------
mpirun noticed that process rank 1 with PID 181148 on node borgl086 exited on signal 6 (Aborted).
--------------------------------------------------------------------------
2 total processes killed (some possibly by mpirun during cleanup)
