2024-10-07 22:28:55
Runtime Error: UnexpRuntime Error: Unexpected end of format speRuntime Error: Unexpected end of format specification
PrRuntime Error: Unexpected end of format specification
Program terogram terminated by I/ected end of format specification
Program terminatcification
Program terminated by I/O error on internal file
minated by I/O error on internal file
O error on internal file
ed by I/O error on internal file
[borgl086:179623] *** Process received signal ***
[borgl086:179623] Signal: Aborted (6)
[borgl086:179623] Signal code:  (-6)
[borgl086:179624] *** Process received signal ***
[borgl086:179624] Signal: Aborted (6)
[borgl086:179624] Signal code:  (-6)
[borgl086:179622] *** Process received signal ***
[borgl086:179622] Signal: Aborted (6)
[borgl086:179622] Signal code:  (-6)
[borgl086:179621] *** Process received signal ***
[borgl086:179621] Signal: Aborted (6)
[borgl086:179621] Signal code:  (-6)
[borgl086:179623] [ 0] /lib64/libpthread.so.0(+0x16910)[0x14d248b11910]
[borgl086:179623] [ 1] [borgl086:179624] [ 0] /lib64/libc.so.6(gsignal+0x10d)[0x14d248107d2b]
[borgl086:179623] [ 2] /lib64/libpthread.so.0(+0x16910)[0x14ba63bc1910]
[borgl086:179624] [ 1] /lib64/libc.so.6(abort+0x177)[0x14d2481093e5]
[borgl086:179623] [ 3] ./esmApp(__NAGf90_io_abort+0x78)[0x459fa8]
[borgl086:179623] [ 4] ./esmApp(__NAGf90_ioerr+0x1cd)[0x45a60d]
[borgl086:179623] [ 5] [borgl086:179622] [ 0] /lib64/libc.so.6(gsignal+0x10d)[0x14ba63107d2b]
[borgl086:179624] [ 2] /lib64/libpthread.so.0(+0x16910)[0x14718acf5910]
[borgl086:179622] [ 1] [borgl086:179621] [ 0] /lib64/libpthread.so.0(+0x16910)[0x14fd2c6a6910]
/lib64/libc.so.6(abort+0x177)[0x14ba631093e5]
[borgl086:179624] [ 3] ./esmApp(__NAGf90_io_abort+0x78)[0x459fa8]
[borgl086:179624] [ 4] ./esmApp(__NAGf90_ioerr+0x1cd)[0x45a60d]
[borgl086:179624] [ 5] /lib64/libc.so.6(gsignal+0x10d)[0x14718a453d2b]
[borgl086:179622] [ 2] /discover/nobackup/projects/gmao/SIteam/comp/SLES-15/nag/7.2.15/lib/NAG_Fortran/libf72rts.so.1(__NAGf90_maybe_next_edit+0xe19)[0x14d2484aa629]
[borgl086:179623] [ 6] [borgl086:179621] [ 1] /lib64/libc.so.6(gsignal+0x10d)[0x14fd2c4e3d2b]
[borgl086:179621] [ 2] /lib64/libc.so.6(abort+0x177)[0x14718a4553e5]
[borgl086:179622] [ 3] /discover/nobackup/projects/gmao/SIteam/comp/SLES-15/nag/7.2.15/lib/NAG_Fortran/libf72rts.so.1(__NAGf90_maybe_next_edit+0xe19)[0x14ba634aa629]
[borgl086:179624] [ 6] /lib64/libc.so.6(abort+0x177)[0x14fd2c4e53e5]
[borgl086:179621] [ 3] ./esmApp(__NAGf90_io_abort+0x78)[0x459fa8]
[borgl086:179621] [ 4] ./esmApp(__NAGf90_ioerr+0x1cd)[0x45a60d]
[borgl086:179621] [ 5] ./esmApp(__NAGf90_io_abort+0x78)[0x459fa8]
[borgl086:179622] [ 4] ./esmApp(__NAGf90_ioerr+0x1cd)[0x45a60d]
[borgl086:179622] [ 5] /discover/nobackup/projects/gmao/SIteam/comp/SLES-15/nag/7.2.15/lib/NAG_Fortran/libf72rts.so.1(__NAGf90_maybe_next_edit+0xe19)[0x14718a6aa629]
[borgl086:179622] [ 6] /discover/nobackup/projects/gmao/SIteam/comp/SLES-15/nag/7.2.15/lib/NAG_Fortran/libf72rts.so.1(__NAGf90_maybe_next_edit+0xe19)[0x14fd2c8aa629]
[borgl086:179621] [ 6] /discover/nobackup/projects/gmao/SIteam/ESMF_Testing/nag_7.2.15_openmpi_O_v8.7.0/esmf/DEFAULTINSTALLDIR/lib/libO/Linux.nag.64.openmpi.default/libesmf.so(nuopc_driver_MP_loopdatadependentinitialize+0x3aef)[0x14d24ad1115c]
[borgl086:179623] [ 7] /discover/nobackup/projects/gmao/SIteam/ESMF_Testing/nag_7.2.15_openmpi_O_v8.7.0/esmf/DEFAULTINSTALLDIR/lib/libO/Linux.nag.64.openmpi.default/libesmf.so(nuopc_driver_MP_loopdatadependentinitialize+0x3aef)[0x14ba65dc115c]
[borgl086:179624] [ 7] /discover/nobackup/projects/gmao/SIteam/ESMF_Testing/nag_7.2.15_openmpi_O_v8.7.0/esmf/DEFAULTINSTALLDIR/lib/libO/Linux.nag.64.openmpi.default/libesmf.so(nuopc_driver_MP_loopdatadependentinitialize+0x3aef)[0x14718d04115c]
[borgl086:179622] [ 7] /discover/nobackup/projects/gmao/SIteam/ESMF_Testing/nag_7.2.15_openmpi_O_v8.7.0/esmf/DEFAULTINSTALLDIR/lib/libO/Linux.nag.64.openmpi.default/libesmf.so(nuopc_driver_MP_loopdatadependentinitialize+0x3aef)[0x14fd2f0c115c]
[borgl086:179621] [ 7] /discover/nobackup/projects/gmao/SIteam/ESMF_Testing/nag_7.2.15_openmpi_O_v8.7.0/esmf/DEFAULTINSTALLDIR/lib/libO/Linux.nag.64.openmpi.default/libesmf.so(nuopc_driver_MP_initializeipdv02p5data+0x3180)[0x14d24ad2107e]
[borgl086:179623] [ 8] /discover/nobackup/projects/gmao/SIteam/ESMF_Testing/nag_7.2.15_openmpi_O_v8.7.0/esmf/DEFAULTINSTALLDIR/lib/libO/Linux.nag.64.openmpi.default/libesmf.so(nuopc_driver_MP_initializeipdv02p5data+0x3180)[0x14ba65dd107e]
[borgl086:179624] [ 8] /discover/nobackup/projects/gmao/SIteam/ESMF_Testing/nag_7.2.15_openmpi_O_v8.7.0/esmf/DEFAULTINSTALLDIR/lib/libO/Linux.nag.64.openmpi.default/libesmf.so(nuopc_driver_MP_initializeipdv02p5data+0x3180)[0x14fd2f0d107e]
[borgl086:179621] [ 8] /discover/nobackup/projects/gmao/SIteam/ESMF_Testing/nag_7.2.15_openmpi_O_v8.7.0/esmf/DEFAULTINSTALLDIR/lib/libO/Linux.nag.64.openmpi.default/libesmf.so(nuopc_driver_MP_initializeipdv02p5data+0x3180)[0x14718d05107e]
[borgl086:179622] [ 8] /discover/nobackup/projects/gmao/SIteam/ESMF_Testing/nag_7.2.15_openmpi_O_v8.7.0/esmf/DEFAULTINSTALLDIR/lib/libO/Linux.nag.64.openmpi.default/libesmf.so(nuopc_driver_MP_initializeipdv02p5+0x4779)[0x14d24ad26643]
[borgl086:179623] [ 9] /discover/nobackup/projects/gmao/SIteam/ESMF_Testing/nag_7.2.15_openmpi_O_v8.7.0/esmf/DEFAULTINSTALLDIR/lib/libO/Linux.nag.64.openmpi.default/libesmf.so(nuopc_driver_MP_initializeipdv02p5+0x4779)[0x14ba65dd6643]
[borgl086:179624] [ 9] /discover/nobackup/projects/gmao/SIteam/ESMF_Testing/nag_7.2.15_openmpi_O_v8.7.0/esmf/DEFAULTINSTALLDIR/lib/libO/Linux.nag.64.openmpi.default/libesmf.so(nuopc_driver_MP_initializeipdv02p5+0x4779)[0x14fd2f0d6643]
[borgl086:179621] [ 9] /discover/nobackup/projects/gmao/SIteam/ESMF_Testing/nag_7.2.15_openmpi_O_v8.7.0/esmf/DEFAULTINSTALLDIR/lib/libO/Linux.nag.64.openmpi.default/libesmf.so(nuopc_driver_MP_initializeipdv02p5+0x4779)[0x14718d056643]
[borgl086:179622] [ 9] /discover/nobackup/projects/gmao/SIteam/ESMF_Testing/nag_7.2.15_openmpi_O_v8.7.0/esmf/DEFAULTINSTALLDIR/lib/libO/Linux.nag.64.openmpi.default/libesmf.so(nuopc_driver_MP_initializegeneric+0x1a06)[0x14d24ad5bcd1]
[borgl086:179623] [10] /discover/nobackup/projects/gmao/SIteam/ESMF_Testing/nag_7.2.15_openmpi_O_v8.7.0/esmf/DEFAULTINSTALLDIR/lib/libO/Linux.nag.64.openmpi.default/libesmf.so(nuopc_driver_MP_initializegeneric+0x1a06)[0x14ba65e0bcd1]
[borgl086:179624] [10] /discover/nobackup/projects/gmao/SIteam/ESMF_Testing/nag_7.2.15_openmpi_O_v8.7.0/esmf/DEFAULTINSTALLDIR/lib/libO/Linux.nag.64.openmpi.default/libesmf.so(nuopc_driver_MP_initializegeneric+0x1a06)[0x14fd2f10bcd1]
[borgl086:179621] [10] /discover/nobackup/projects/gmao/SIteam/ESMF_Testing/nag_7.2.15_openmpi_O_v8.7.0/esmf/DEFAULTINSTALLDIR/lib/libO/Linux.nag.64.openmpi.default/libesmf.so(nuopc_driver_MP_initializegeneric+0x1a06)[0x14718d08bcd1]
[borgl086:179622] [10] /discover/nobackup/projects/gmao/SIteam/ESMF_Testing/nag_7.2.15_openmpi_O_v8.7.0/esmf/DEFAULTINSTALLDIR/lib/libO/Linux.nag.64.openmpi.default/libesmf.so(_ZN5ESMCI6FTable12callVFuncPtrEPKcPNS_2VMEPi+0xc55)[0x14d249e67c79]
[borgl086:179623] [11] /discover/nobackup/projects/gmao/SIteam/ESMF_Testing/nag_7.2.15_openmpi_O_v8.7.0/esmf/DEFAULTINSTALLDIR/lib/libO/Linux.nag.64.openmpi.default/libesmf.so(_ZN5ESMCI6FTable12callVFuncPtrEPKcPNS_2VMEPi+0xc55)[0x14ba64f17c79]
[borgl086:179624] [11] /discover/nobackup/projects/gmao/SIteam/ESMF_Testing/nag_7.2.15_openmpi_O_v8.7.0/esmf/DEFAULTINSTALLDIR/lib/libO/Linux.nag.64.openmpi.default/libesmf.so(_ZN5ESMCI6FTable12callVFuncPtrEPKcPNS_2VMEPi+0xc55)[0x14fd2e217c79]
[borgl086:179621] [11] /discover/nobackup/projects/gmao/SIteam/ESMF_Testing/nag_7.2.15_openmpi_O_v8.7.0/esmf/DEFAULTINSTALLDIR/lib/libO/Linux.nag.64.openmpi.default/libesmf.so(_ZN5ESMCI6FTable12callVFuncPtrEPKcPNS_2VMEPi+0xc55)[0x14718c197c79]
[borgl086:179622] [11] /discover/nobackup/projects/gmao/SIteam/ESMF_Testing/nag_7.2.15_openmpi_O_v8.7.0/esmf/DEFAULTINSTALLDIR/lib/libO/Linux.nag.64.openmpi.default/libesmf.so(ESMCI_FTableCallEntryPointVMHop+0x32e)[0x14d249e64d4c]
[borgl086:179623] [12] /discover/nobackup/projects/gmao/SIteam/ESMF_Testing/nag_7.2.15_openmpi_O_v8.7.0/esmf/DEFAULTINSTALLDIR/lib/libO/Linux.nag.64.openmpi.default/libesmf.so(ESMCI_FTableCallEntryPointVMHop+0x32e)[0x14ba64f14d4c]
[borgl086:179624] [12] /discover/nobackup/projects/gmao/SIteam/ESMF_Testing/nag_7.2.15_openmpi_O_v8.7.0/esmf/DEFAULTINSTALLDIR/lib/libO/Linux.nag.64.openmpi.default/libesmf.so(ESMCI_FTableCallEntryPointVMHop+0x32e)[0x14fd2e214d4c]
[borgl086:179621] [12] /discover/nobackup/projects/gmao/SIteam/ESMF_Testing/nag_7.2.15_openmpi_O_v8.7.0/esmf/DEFAULTINSTALLDIR/lib/libO/Linux.nag.64.openmpi.default/libesmf.so(ESMCI_FTableCallEntryPointVMHop+0x32e)[0x14718c194d4c]
[borgl086:179622] [12] /discover/nobackup/projects/gmao/SIteam/ESMF_Testing/nag_7.2.15_openmpi_O_v8.7.0/esmf/DEFAULTINSTALLDIR/lib/libO/Linux.nag.64.openmpi.default/libesmf.so(_ZN5ESMCI3VMK5enterEPNS_7VMKPlanEPvS3_+0xd5)[0x14d24a2639b3]
[borgl086:179623] [13] /discover/nobackup/projects/gmao/SIteam/ESMF_Testing/nag_7.2.15_openmpi_O_v8.7.0/esmf/DEFAULTINSTALLDIR/lib/libO/Linux.nag.64.openmpi.default/libesmf.so(_ZN5ESMCI3VMK5enterEPNS_7VMKPlanEPvS3_+0xd5)[0x14ba653139b3]
[borgl086:179624] [13] /discover/nobackup/projects/gmao/SIteam/ESMF_Testing/nag_7.2.15_openmpi_O_v8.7.0/esmf/DEFAULTINSTALLDIR/lib/libO/Linux.nag.64.openmpi.default/libesmf.so(_ZN5ESMCI3VMK5enterEPNS_7VMKPlanEPvS3_+0xd5)[0x14718c5939b3]
[borgl086:179622] [13] /discover/nobackup/projects/gmao/SIteam/ESMF_Testing/nag_7.2.15_openmpi_O_v8.7.0/esmf/DEFAULTINSTALLDIR/lib/libO/Linux.nag.64.openmpi.default/libesmf.so(_ZN5ESMCI3VMK5enterEPNS_7VMKPlanEPvS3_+0xd5)[0x14fd2e6139b3]
[borgl086:179621] [13] /discover/nobackup/projects/gmao/SIteam/ESMF_Testing/nag_7.2.15_openmpi_O_v8.7.0/esmf/DEFAULTINSTALLDIR/lib/libO/Linux.nag.64.openmpi.default/libesmf.so(_ZN5ESMCI2VM5enterEPNS_6VMPlanEPvS3_+0xb7)[0x14d24a24d8cd]
[borgl086:179623] [14] /discover/nobackup/projects/gmao/SIteam/ESMF_Testing/nag_7.2.15_openmpi_O_v8.7.0/esmf/DEFAULTINSTALLDIR/lib/libO/Linux.nag.64.openmpi.default/libesmf.so(_ZN5ESMCI2VM5enterEPNS_6VMPlanEPvS3_+0xb7)[0x14ba652fd8cd]
[borgl086:179624] [14] /discover/nobackup/projects/gmao/SIteam/ESMF_Testing/nag_7.2.15_openmpi_O_v8.7.0/esmf/DEFAULTINSTALLDIR/lib/libO/Linux.nag.64.openmpi.default/libesmf.so(_ZN5ESMCI2VM5enterEPNS_6VMPlanEPvS3_+0xb7)[0x14718c57d8cd]
[borgl086:179622] [14] /discover/nobackup/projects/gmao/SIteam/ESMF_Testing/nag_7.2.15_openmpi_O_v8.7.0/esmf/DEFAULTINSTALLDIR/lib/libO/Linux.nag.64.openmpi.default/libesmf.so(_ZN5ESMCI2VM5enterEPNS_6VMPlanEPvS3_+0xb7)[0x14fd2e5fd8cd]
[borgl086:179621] [14] /discover/nobackup/projects/gmao/SIteam/ESMF_Testing/nag_7.2.15_openmpi_O_v8.7.0/esmf/DEFAULTINSTALLDIR/lib/libO/Linux.nag.64.openmpi.default/libesmf.so(c_esmc_ftablecallentrypointvm_+0x35f)[0x14d249e651e5]
[borgl086:179623] [15] /discover/nobackup/projects/gmao/SIteam/ESMF_Testing/nag_7.2.15_openmpi_O_v8.7.0/esmf/DEFAULTINSTALLDIR/lib/libO/Linux.nag.64.openmpi.default/libesmf.so(c_esmc_ftablecallentrypointvm_+0x35f)[0x14ba64f151e5]
[borgl086:179624] [15] /discover/nobackup/projects/gmao/SIteam/ESMF_Testing/nag_7.2.15_openmpi_O_v8.7.0/esmf/DEFAULTINSTALLDIR/lib/libO/Linux.nag.64.openmpi.default/libesmf.so(c_esmc_ftablecallentrypointvm_+0x35f)[0x14718c1951e5]
[borgl086:179622] [15] /discover/nobackup/projects/gmao/SIteam/ESMF_Testing/nag_7.2.15_openmpi_O_v8.7.0/esmf/DEFAULTINSTALLDIR/lib/libO/Linux.nag.64.openmpi.default/libesmf.so(c_esmc_ftablecallentrypointvm_+0x35f)[0x14fd2e2151e5]
[borgl086:179621] [15] /discover/nobackup/projects/gmao/SIteam/ESMF_Testing/nag_7.2.15_openmpi_O_v8.7.0/esmf/DEFAULTINSTALLDIR/lib/libO/Linux.nag.64.openmpi.default/libesmf.so(esmf_compmod_MP_esmf_compexecute+0xa43)[0x14d24a4faf79]
[borgl086:179623] [16] /discover/nobackup/projects/gmao/SIteam/ESMF_Testing/nag_7.2.15_openmpi_O_v8.7.0/esmf/DEFAULTINSTALLDIR/lib/libO/Linux.nag.64.openmpi.default/libesmf.so(esmf_compmod_MP_esmf_compexecute+0xa43)[0x14ba655aaf79]
[borgl086:179624] [16] /discover/nobackup/projects/gmao/SIteam/ESMF_Testing/nag_7.2.15_openmpi_O_v8.7.0/esmf/DEFAULTINSTALLDIR/lib/libO/Linux.nag.64.openmpi.default/libesmf.so(esmf_compmod_MP_esmf_compexecute+0xa43)[0x14fd2e8aaf79]
[borgl086:179621] [16] /discover/nobackup/projects/gmao/SIteam/ESMF_Testing/nag_7.2.15_openmpi_O_v8.7.0/esmf/DEFAULTINSTALLDIR/lib/libO/Linux.nag.64.openmpi.default/libesmf.so(esmf_compmod_MP_esmf_compexecute+0xa43)[0x14718c82af79]
[borgl086:179622] [16] /discover/nobackup/projects/gmao/SIteam/ESMF_Testing/nag_7.2.15_openmpi_O_v8.7.0/esmf/DEFAULTINSTALLDIR/lib/libO/Linux.nag.64.openmpi.default/libesmf.so(esmf_gridcompmod_MP_esmf_gridcompinitialize+0x176)[0x14d24a81c764]
[borgl086:179623] [17] ./esmApp[0x4955de]
[borgl086:179623] [18] ./esmApp(__NAGf90_cosmp_init+0x123)[0x434213]
[borgl086:179623] [19] ./esmApp[0x494f23]
[borgl086:179623] [20] /lib64/libc.so.6(__libc_start_main+0xef)[0x14d2480f224d]
[borgl086:179623] [21] ./esmApp[0x40b67a]
[borgl086:179623] *** End of error message ***
/discover/nobackup/projects/gmao/SIteam/ESMF_Testing/nag_7.2.15_openmpi_O_v8.7.0/esmf/DEFAULTINSTALLDIR/lib/libO/Linux.nag.64.openmpi.default/libesmf.so(esmf_gridcompmod_MP_esmf_gridcompinitialize+0x176)[0x14ba658cc764]
[borgl086:179624] [17] ./esmApp[0x4955de]
[borgl086:179624] [18] ./esmApp(__NAGf90_cosmp_init+0x123)[0x434213]
[borgl086:179624] [19] ./esmApp[0x494f23]
[borgl086:179624] [20] /discover/nobackup/projects/gmao/SIteam/ESMF_Testing/nag_7.2.15_openmpi_O_v8.7.0/esmf/DEFAULTINSTALLDIR/lib/libO/Linux.nag.64.openmpi.default/libesmf.so(esmf_gridcompmod_MP_esmf_gridcompinitialize+0x176)[0x14718cb4c764]
[borgl086:179622] [17] /lib64/libc.so.6(__libc_start_main+0xef)[0x14ba630f224d]
[borgl086:179624] [21] ./esmApp[0x40b67a]
[borgl086:179624] *** End of error message ***
/discover/nobackup/projects/gmao/SIteam/ESMF_Testing/nag_7.2.15_openmpi_O_v8.7.0/esmf/DEFAULTINSTALLDIR/lib/libO/Linux.nag.64.openmpi.default/libesmf.so(esmf_gridcompmod_MP_esmf_gridcompinitialize+0x176)[0x14fd2ebcc764]
[borgl086:179621] [17] ./esmApp[0x4955de]
[borgl086:179621] [18] ./esmApp(__NAGf90_cosmp_init+0x123)[0x434213]
[borgl086:179621] [19] ./esmApp[0x4955de]
[borgl086:179622] [18] ./esmApp(__NAGf90_cosmp_init+0x123)[0x434213]
[borgl086:179622] [19] ./esmApp[0x494f23]
[borgl086:179622] [20] ./esmApp[0x494f23]
[borgl086:179621] [20] /lib64/libc.so.6(__libc_start_main+0xef)[0x14fd2c4ce24d]
[borgl086:179621] [21] ./esmApp[0x40b67a]
[borgl086:179621] *** End of error message ***
/lib64/libc.so.6(__libc_start_main+0xef)[0x14718a43e24d]
[borgl086:179622] [21] ./esmApp[0x40b67a]
[borgl086:179622] *** End of error message ***
--------------------------------------------------------------------------
Primary job  terminated normally, but 1 process returned
a non-zero exit code. Per user-direction, the job has been aborted.
--------------------------------------------------------------------------
--------------------------------------------------------------------------
mpirun noticed that process rank 2 with PID 179623 on node borgl086 exited on signal 6 (Aborted).
--------------------------------------------------------------------------
