2024-10-04 22:25:07
Runtime Error: Unexpected end of formRuntime Error: Unexpected end of format specification
Program terminated by I/ORuntime Error: Unexpected end of format specification
Program terminated by I/O error on internalat specification
Program terminated by I/O error on int error on internal file
 file
Runtime Error: Unexpected end of format specification
Program terminated by I/O error on internal fiernal file
le
[borgl142:45611] *** Process received signal ***
[borgl142:45611] Signal: Aborted (6)
[borgl142:45611] Signal code:  (-6)
[borgl142:45614] *** Process received signal ***
[borgl142:45614] Signal: Aborted (6)
[borgl142:45614] Signal code:  (-6)
[borgl142:45613] *** Process received signal ***
[borgl142:45613] Signal: Aborted (6)
[borgl142:45613] Signal code:  (-6)
[borgl142:45612] *** Process received signal ***
[borgl142:45612] Signal: Aborted (6)
[borgl142:45612] Signal code:  (-6)
[borgl142:45611] [ 0] [borgl142:45614] [ 0] /lib64/libpthread.so.0(+0x16910)[0x14f6d5fcb910]
[borgl142:45614] [ 1] [borgl142:45613] [ 0] /lib64/libpthread.so.0(+0x16910)[0x152ebeff2910]
[borgl142:45613] [ 1] /lib64/libpthread.so.0(+0x16910)[0x150c80cfd910]
[borgl142:45611] [ 1] [borgl142:45612] [ 0] /lib64/libpthread.so.0(+0x16910)[0x1459c0efc910]
[borgl142:45612] /lib64/libc.so.6(gsignal+0x10d)[0x14f6d5507d2b]
[borgl142:45614] [ 2] /lib64/libc.so.6(abort+0x177)[0x14f6d55093e5]
[borgl142:45614] [ 3] ./esmApp(__NAGf90_io_abort+0x78)[0x45a1c8]
[borgl142:45614] [ 4] /lib64/libc.so.6(gsignal+0x10d)[0x150c80307d2b]
[borgl142:45611] [ 2] /lib64/libc.so.6(abort+0x177)[0x150c803093e5]
[borgl142:45611] [ 3] [ 1] /lib64/libc.so.6(gsignal+0x10d)[0x1459c0653d2b]
[borgl142:45612] [ 2] /lib64/libc.so.6(abort+0x177)[0x1459c06553e5]
/lib64/libc.so.6(gsignal+0x10d)[0x152ebee2fd2b]
[borgl142:45613] [ 2] /lib64/libc.so.6(abort+0x177)[0x152ebee313e5]
[borgl142:45613] [ 3] ./esmApp(__NAGf90_io_abort+0x78)[0x45a1c8]
[borgl142:45613] [ 4] ./esmApp(__NAGf90_ioerr+0x1cd)[0x45a82d]
[borgl142:45613] [ 5] [borgl142:45612] [ 3] ./esmApp(__NAGf90_io_abort+0x78)[0x45a1c8]
[borgl142:45612] [ 4] ./esmApp(__NAGf90_io_abort+0x78)[0x45a1c8]
[borgl142:45611] [ 4] ./esmApp(__NAGf90_ioerr+0x1cd)[0x45a82d]
[borgl142:45611] [ 5] ./esmApp(__NAGf90_ioerr+0x1cd)[0x45a82d]
[borgl142:45614] [ 5] ./esmApp(__NAGf90_ioerr+0x1cd)[0x45a82d]
[borgl142:45612] [ 5] /discover/nobackup/projects/gmao/SIteam/comp/SLES-15/nag/7.2.15/lib/NAG_Fortran/libf72rts.so.1(__NAGf90_maybe_next_edit+0xe19)[0x1459c08aa629]
[borgl142:45612] [ 6] /discover/nobackup/projects/gmao/SIteam/comp/SLES-15/nag/7.2.15/lib/NAG_Fortran/libf72rts.so.1(__NAGf90_maybe_next_edit+0xe19)[0x150c806aa629]
[borgl142:45611] [ 6] /discover/nobackup/projects/gmao/SIteam/comp/SLES-15/nag/7.2.15/lib/NAG_Fortran/libf72rts.so.1(__NAGf90_maybe_next_edit+0xe19)[0x14f6d58aa629]
[borgl142:45614] [ 6] /discover/nobackup/projects/gmao/SIteam/comp/SLES-15/nag/7.2.15/lib/NAG_Fortran/libf72rts.so.1(__NAGf90_maybe_next_edit+0xe19)[0x152ebf0aa629]
[borgl142:45613] [ 6] /discover/nobackup/projects/gmao/SIteam/ESMF_Testing/nag_7.2.15_openmpi_O_v8.7.0/esmf/DEFAULTINSTALLDIR/lib/libO/Linux.nag.64.openmpi.default/libesmf.so(nuopc_driver_MP_loopdatadependentinitialize+0x3aef)[0x150c82efd15c]
[borgl142:45611] [ 7] /discover/nobackup/projects/gmao/SIteam/ESMF_Testing/nag_7.2.15_openmpi_O_v8.7.0/esmf/DEFAULTINSTALLDIR/lib/libO/Linux.nag.64.openmpi.default/libesmf.so(nuopc_driver_MP_loopdatadependentinitialize+0x3aef)[0x1459c324815c]
[borgl142:45612] [ 7] /discover/nobackup/projects/gmao/SIteam/ESMF_Testing/nag_7.2.15_openmpi_O_v8.7.0/esmf/DEFAULTINSTALLDIR/lib/libO/Linux.nag.64.openmpi.default/libesmf.so(nuopc_driver_MP_loopdatadependentinitialize+0x3aef)[0x152ec1a0315c]
[borgl142:45613] [ 7] /discover/nobackup/projects/gmao/SIteam/ESMF_Testing/nag_7.2.15_openmpi_O_v8.7.0/esmf/DEFAULTINSTALLDIR/lib/libO/Linux.nag.64.openmpi.default/libesmf.so(nuopc_driver_MP_loopdatadependentinitialize+0x3aef)[0x14f6d81cb15c]
[borgl142:45614] [ 7] /discover/nobackup/projects/gmao/SIteam/ESMF_Testing/nag_7.2.15_openmpi_O_v8.7.0/esmf/DEFAULTINSTALLDIR/lib/libO/Linux.nag.64.openmpi.default/libesmf.so(nuopc_driver_MP_initializeipdv02p5data+0x3180)[0x152ec1a1307e]
[borgl142:45613] [ 8] /discover/nobackup/projects/gmao/SIteam/ESMF_Testing/nag_7.2.15_openmpi_O_v8.7.0/esmf/DEFAULTINSTALLDIR/lib/libO/Linux.nag.64.openmpi.default/libesmf.so(nuopc_driver_MP_initializeipdv02p5data+0x3180)[0x150c82f0d07e]
[borgl142:45611] [ 8] /discover/nobackup/projects/gmao/SIteam/ESMF_Testing/nag_7.2.15_openmpi_O_v8.7.0/esmf/DEFAULTINSTALLDIR/lib/libO/Linux.nag.64.openmpi.default/libesmf.so(nuopc_driver_MP_initializeipdv02p5data+0x3180)[0x14f6d81db07e]
[borgl142:45614] [ 8] /discover/nobackup/projects/gmao/SIteam/ESMF_Testing/nag_7.2.15_openmpi_O_v8.7.0/esmf/DEFAULTINSTALLDIR/lib/libO/Linux.nag.64.openmpi.default/libesmf.so(nuopc_driver_MP_initializeipdv02p5data+0x3180)[0x1459c325807e]
[borgl142:45612] [ 8] /discover/nobackup/projects/gmao/SIteam/ESMF_Testing/nag_7.2.15_openmpi_O_v8.7.0/esmf/DEFAULTINSTALLDIR/lib/libO/Linux.nag.64.openmpi.default/libesmf.so(nuopc_driver_MP_initializeipdv02p5+0x4779)[0x150c82f12643]
[borgl142:45611] [ 9] /discover/nobackup/projects/gmao/SIteam/ESMF_Testing/nag_7.2.15_openmpi_O_v8.7.0/esmf/DEFAULTINSTALLDIR/lib/libO/Linux.nag.64.openmpi.default/libesmf.so(nuopc_driver_MP_initializeipdv02p5+0x4779)[0x14f6d81e0643]
[borgl142:45614] [ 9] /discover/nobackup/projects/gmao/SIteam/ESMF_Testing/nag_7.2.15_openmpi_O_v8.7.0/esmf/DEFAULTINSTALLDIR/lib/libO/Linux.nag.64.openmpi.default/libesmf.so(nuopc_driver_MP_initializeipdv02p5+0x4779)[0x152ec1a18643]
[borgl142:45613] [ 9] /discover/nobackup/projects/gmao/SIteam/ESMF_Testing/nag_7.2.15_openmpi_O_v8.7.0/esmf/DEFAULTINSTALLDIR/lib/libO/Linux.nag.64.openmpi.default/libesmf.so(nuopc_driver_MP_initializeipdv02p5+0x4779)[0x1459c325d643]
[borgl142:45612] [ 9] /discover/nobackup/projects/gmao/SIteam/ESMF_Testing/nag_7.2.15_openmpi_O_v8.7.0/esmf/DEFAULTINSTALLDIR/lib/libO/Linux.nag.64.openmpi.default/libesmf.so(nuopc_driver_MP_initializegeneric+0x1a06)[0x152ec1a4dcd1]
[borgl142:45613] [10] /discover/nobackup/projects/gmao/SIteam/ESMF_Testing/nag_7.2.15_openmpi_O_v8.7.0/esmf/DEFAULTINSTALLDIR/lib/libO/Linux.nag.64.openmpi.default/libesmf.so(nuopc_driver_MP_initializegeneric+0x1a06)[0x150c82f47cd1]
[borgl142:45611] [10] /discover/nobackup/projects/gmao/SIteam/ESMF_Testing/nag_7.2.15_openmpi_O_v8.7.0/esmf/DEFAULTINSTALLDIR/lib/libO/Linux.nag.64.openmpi.default/libesmf.so(nuopc_driver_MP_initializegeneric+0x1a06)[0x14f6d8215cd1]
[borgl142:45614] [10] /discover/nobackup/projects/gmao/SIteam/ESMF_Testing/nag_7.2.15_openmpi_O_v8.7.0/esmf/DEFAULTINSTALLDIR/lib/libO/Linux.nag.64.openmpi.default/libesmf.so(nuopc_driver_MP_initializegeneric+0x1a06)[0x1459c3292cd1]
[borgl142:45612] [10] /discover/nobackup/projects/gmao/SIteam/ESMF_Testing/nag_7.2.15_openmpi_O_v8.7.0/esmf/DEFAULTINSTALLDIR/lib/libO/Linux.nag.64.openmpi.default/libesmf.so(_ZN5ESMCI6FTable12callVFuncPtrEPKcPNS_2VMEPi+0xc55)[0x150c82053c79]
[borgl142:45611] [11] /discover/nobackup/projects/gmao/SIteam/ESMF_Testing/nag_7.2.15_openmpi_O_v8.7.0/esmf/DEFAULTINSTALLDIR/lib/libO/Linux.nag.64.openmpi.default/libesmf.so(_ZN5ESMCI6FTable12callVFuncPtrEPKcPNS_2VMEPi+0xc55)[0x1459c239ec79]
[borgl142:45612] [11] /discover/nobackup/projects/gmao/SIteam/ESMF_Testing/nag_7.2.15_openmpi_O_v8.7.0/esmf/DEFAULTINSTALLDIR/lib/libO/Linux.nag.64.openmpi.default/libesmf.so(_ZN5ESMCI6FTable12callVFuncPtrEPKcPNS_2VMEPi+0xc55)[0x14f6d7321c79]
[borgl142:45614] [11] /discover/nobackup/projects/gmao/SIteam/ESMF_Testing/nag_7.2.15_openmpi_O_v8.7.0/esmf/DEFAULTINSTALLDIR/lib/libO/Linux.nag.64.openmpi.default/libesmf.so(_ZN5ESMCI6FTable12callVFuncPtrEPKcPNS_2VMEPi+0xc55)[0x152ec0b59c79]
[borgl142:45613] [11] /discover/nobackup/projects/gmao/SIteam/ESMF_Testing/nag_7.2.15_openmpi_O_v8.7.0/esmf/DEFAULTINSTALLDIR/lib/libO/Linux.nag.64.openmpi.default/libesmf.so(ESMCI_FTableCallEntryPointVMHop+0x32e)[0x152ec0b56d4c]
[borgl142:45613] [12] /discover/nobackup/projects/gmao/SIteam/ESMF_Testing/nag_7.2.15_openmpi_O_v8.7.0/esmf/DEFAULTINSTALLDIR/lib/libO/Linux.nag.64.openmpi.default/libesmf.so(ESMCI_FTableCallEntryPointVMHop+0x32e)[0x14f6d731ed4c]
[borgl142:45614] [12] /discover/nobackup/projects/gmao/SIteam/ESMF_Testing/nag_7.2.15_openmpi_O_v8.7.0/esmf/DEFAULTINSTALLDIR/lib/libO/Linux.nag.64.openmpi.default/libesmf.so(ESMCI_FTableCallEntryPointVMHop+0x32e)[0x150c82050d4c]
[borgl142:45611] [12] /discover/nobackup/projects/gmao/SIteam/ESMF_Testing/nag_7.2.15_openmpi_O_v8.7.0/esmf/DEFAULTINSTALLDIR/lib/libO/Linux.nag.64.openmpi.default/libesmf.so(ESMCI_FTableCallEntryPointVMHop+0x32e)[0x1459c239bd4c]
[borgl142:45612] [12] /discover/nobackup/projects/gmao/SIteam/ESMF_Testing/nag_7.2.15_openmpi_O_v8.7.0/esmf/DEFAULTINSTALLDIR/lib/libO/Linux.nag.64.openmpi.default/libesmf.so(_ZN5ESMCI3VMK5enterEPNS_7VMKPlanEPvS3_+0xd5)[0x152ec0f559b3]
[borgl142:45613] [13] /discover/nobackup/projects/gmao/SIteam/ESMF_Testing/nag_7.2.15_openmpi_O_v8.7.0/esmf/DEFAULTINSTALLDIR/lib/libO/Linux.nag.64.openmpi.default/libesmf.so(_ZN5ESMCI3VMK5enterEPNS_7VMKPlanEPvS3_+0xd5)[0x14f6d771d9b3]
[borgl142:45614] [13] /discover/nobackup/projects/gmao/SIteam/ESMF_Testing/nag_7.2.15_openmpi_O_v8.7.0/esmf/DEFAULTINSTALLDIR/lib/libO/Linux.nag.64.openmpi.default/libesmf.so(_ZN5ESMCI3VMK5enterEPNS_7VMKPlanEPvS3_+0xd5)[0x1459c279a9b3]
[borgl142:45612] [13] /discover/nobackup/projects/gmao/SIteam/ESMF_Testing/nag_7.2.15_openmpi_O_v8.7.0/esmf/DEFAULTINSTALLDIR/lib/libO/Linux.nag.64.openmpi.default/libesmf.so(_ZN5ESMCI3VMK5enterEPNS_7VMKPlanEPvS3_+0xd5)[0x150c8244f9b3]
[borgl142:45611] [13] /discover/nobackup/projects/gmao/SIteam/ESMF_Testing/nag_7.2.15_openmpi_O_v8.7.0/esmf/DEFAULTINSTALLDIR/lib/libO/Linux.nag.64.openmpi.default/libesmf.so(_ZN5ESMCI2VM5enterEPNS_6VMPlanEPvS3_+0xb7)[0x1459c27848cd]
[borgl142:45612] [14] /discover/nobackup/projects/gmao/SIteam/ESMF_Testing/nag_7.2.15_openmpi_O_v8.7.0/esmf/DEFAULTINSTALLDIR/lib/libO/Linux.nag.64.openmpi.default/libesmf.so(_ZN5ESMCI2VM5enterEPNS_6VMPlanEPvS3_+0xb7)[0x14f6d77078cd]
[borgl142:45614] [14] /discover/nobackup/projects/gmao/SIteam/ESMF_Testing/nag_7.2.15_openmpi_O_v8.7.0/esmf/DEFAULTINSTALLDIR/lib/libO/Linux.nag.64.openmpi.default/libesmf.so(_ZN5ESMCI2VM5enterEPNS_6VMPlanEPvS3_+0xb7)[0x152ec0f3f8cd]
[borgl142:45613] [14] /discover/nobackup/projects/gmao/SIteam/ESMF_Testing/nag_7.2.15_openmpi_O_v8.7.0/esmf/DEFAULTINSTALLDIR/lib/libO/Linux.nag.64.openmpi.default/libesmf.so(_ZN5ESMCI2VM5enterEPNS_6VMPlanEPvS3_+0xb7)[0x150c824398cd]
[borgl142:45611] [14] /discover/nobackup/projects/gmao/SIteam/ESMF_Testing/nag_7.2.15_openmpi_O_v8.7.0/esmf/DEFAULTINSTALLDIR/lib/libO/Linux.nag.64.openmpi.default/libesmf.so(c_esmc_ftablecallentrypointvm_+0x35f)[0x152ec0b571e5]
[borgl142:45613] [15] /discover/nobackup/projects/gmao/SIteam/ESMF_Testing/nag_7.2.15_openmpi_O_v8.7.0/esmf/DEFAULTINSTALLDIR/lib/libO/Linux.nag.64.openmpi.default/libesmf.so(c_esmc_ftablecallentrypointvm_+0x35f)[0x1459c239c1e5]
[borgl142:45612] [15] /discover/nobackup/projects/gmao/SIteam/ESMF_Testing/nag_7.2.15_openmpi_O_v8.7.0/esmf/DEFAULTINSTALLDIR/lib/libO/Linux.nag.64.openmpi.default/libesmf.so(c_esmc_ftablecallentrypointvm_+0x35f)[0x14f6d731f1e5]
[borgl142:45614] [15] /discover/nobackup/projects/gmao/SIteam/ESMF_Testing/nag_7.2.15_openmpi_O_v8.7.0/esmf/DEFAULTINSTALLDIR/lib/libO/Linux.nag.64.openmpi.default/libesmf.so(c_esmc_ftablecallentrypointvm_+0x35f)[0x150c820511e5]
[borgl142:45611] [15] /discover/nobackup/projects/gmao/SIteam/ESMF_Testing/nag_7.2.15_openmpi_O_v8.7.0/esmf/DEFAULTINSTALLDIR/lib/libO/Linux.nag.64.openmpi.default/libesmf.so(esmf_compmod_MP_esmf_compexecute+0xa43)[0x14f6d79b4f79]
[borgl142:45614] [16] /discover/nobackup/projects/gmao/SIteam/ESMF_Testing/nag_7.2.15_openmpi_O_v8.7.0/esmf/DEFAULTINSTALLDIR/lib/libO/Linux.nag.64.openmpi.default/libesmf.so(esmf_compmod_MP_esmf_compexecute+0xa43)[0x152ec11ecf79]
[borgl142:45613] [16] /discover/nobackup/projects/gmao/SIteam/ESMF_Testing/nag_7.2.15_openmpi_O_v8.7.0/esmf/DEFAULTINSTALLDIR/lib/libO/Linux.nag.64.openmpi.default/libesmf.so(esmf_compmod_MP_esmf_compexecute+0xa43)[0x1459c2a31f79]
[borgl142:45612] [16] /discover/nobackup/projects/gmao/SIteam/ESMF_Testing/nag_7.2.15_openmpi_O_v8.7.0/esmf/DEFAULTINSTALLDIR/lib/libO/Linux.nag.64.openmpi.default/libesmf.so(esmf_compmod_MP_esmf_compexecute+0xa43)[0x150c826e6f79]
[borgl142:45611] [16] /discover/nobackup/projects/gmao/SIteam/ESMF_Testing/nag_7.2.15_openmpi_O_v8.7.0/esmf/DEFAULTINSTALLDIR/lib/libO/Linux.nag.64.openmpi.default/libesmf.so(esmf_gridcompmod_MP_esmf_gridcompinitialize+0x176)[0x1459c2d53764]
[borgl142:45612] [17] ./esmApp[0x495566]
[borgl142:45612] [18] /discover/nobackup/projects/gmao/SIteam/ESMF_Testing/nag_7.2.15_openmpi_O_v8.7.0/esmf/DEFAULTINSTALLDIR/lib/libO/Linux.nag.64.openmpi.default/libesmf.so(esmf_gridcompmod_MP_esmf_gridcompinitialize+0x176)[0x14f6d7cd6764]
[borgl142:45614] [17] ./esmApp[0x495566]
[borgl142:45614] [18] /discover/nobackup/projects/gmao/SIteam/ESMF_Testing/nag_7.2.15_openmpi_O_v8.7.0/esmf/DEFAULTINSTALLDIR/lib/libO/Linux.nag.64.openmpi.default/libesmf.so(esmf_gridcompmod_MP_esmf_gridcompinitialize+0x176)[0x152ec150e764]
[borgl142:45613] [17] ./esmApp[0x495566]
[borgl142:45613] [18] ./esmApp(__NAGf90_cosmp_init+0x123)[0x434433]
/discover/nobackup/projects/gmao/SIteam/ESMF_Testing/nag_7.2.15_openmpi_O_v8.7.0/esmf/DEFAULTINSTALLDIR/lib/libO/Linux.nag.64.openmpi.default/libesmf.so(esmf_gridcompmod_MP_esmf_gridcompinitialize+0x176)[0x150c82a08764]
[borgl142:45611] [17] ./esmApp[0x495566]
[borgl142:45611] [18] [borgl142:45613] [19] ./esmApp[0x495143]
[borgl142:45613] [20] ./esmApp(__NAGf90_cosmp_init+0x123)[0x434433]
[borgl142:45612] [19] ./esmApp[0x495143]
[borgl142:45612] [20] ./esmApp(__NAGf90_cosmp_init+0x123)[0x434433]
[borgl142:45614] [19] ./esmApp[0x495143]
[borgl142:45614] [20] ./esmApp(__NAGf90_cosmp_init+0x123)[0x434433]
[borgl142:45611] [19] ./esmApp[0x495143]
[borgl142:45611] [20] /lib64/libc.so.6(__libc_start_main+0xef)[0x152ebee1a24d]
[borgl142:45613] [21] ./esmApp[0x40b89a]
[borgl142:45613] *** End of error message ***
/lib64/libc.so.6(__libc_start_main+0xef)[0x1459c063e24d]
[borgl142:45612] [21] ./esmApp[0x40b89a]
[borgl142:45612] *** End of error message ***
/lib64/libc.so.6(__libc_start_main+0xef)[0x150c802f224d]
[borgl142:45611] [21] ./esmApp[0x40b89a]
[borgl142:45611] *** End of error message ***
/lib64/libc.so.6(__libc_start_main+0xef)[0x14f6d54f224d]
[borgl142:45614] [21] ./esmApp[0x40b89a]
[borgl142:45614] *** End of error message ***
--------------------------------------------------------------------------
Primary job  terminated normally, but 1 process returned
a non-zero exit code. Per user-direction, the job has been aborted.
--------------------------------------------------------------------------
--------------------------------------------------------------------------
mpirun noticed that process rank 0 with PID 45611 on node borgl142 exited on signal 6 (Aborted).
--------------------------------------------------------------------------
