2024-10-04 22:25:07
Runtime Error: Unexpected enRuntime Error: Unexpected end of format speRuntime Error: Unexpected end of format specificationRuntime Error: Unexpected end of format specification
Program tecification
Program ter
Program terminated d of format specification
Program terminated by I/O errorminated by I/O error on intby I/O error on internal file
ernal file
r on internal file
minated by I/O error on internal file
[borgl142:46070] *** Process received signal ***
[borgl142:46070] Signal: Aborted (6)
[borgl142:46070] Signal code:  (-6)
[borgl142:46069] *** Process received signal ***
[borgl142:46071] *** Process received signal ***
[borgl142:46071] Signal: Aborted (6)
[borgl142:46071] Signal code:  (-6)
[borgl142:46069] Signal: Aborted (6)
[borgl142:46069] Signal code:  (-6)
[borgl142:46068] *** Process received signal ***
[borgl142:46068] Signal: Aborted (6)
[borgl142:46068] Signal code:  (-6)
[borgl142:46070] [ 0] /lib64/libpthread.so.0(+0x16910)[0x14bc11df2910]
[borgl142:46069] [ 0] [borgl142:46068] [ 0] [borgl142:46071] [ 0] [borgl142:46070] [ 1] /lib64/libpthread.so.0(+0x16910)[0x152c042a6910]
[borgl142:46069] [ 1] /lib64/libpthread.so.0(+0x16910)[0x15544c125910]
[borgl142:46068] [ 1] /lib64/libc.so.6(gsignal+0x10d)[0x15544b853d2b]
[borgl142:46068] [ 2] /lib64/libpthread.so.0(+0x16910)[0x14aacef20910]
[borgl142:46071] [ 1] /lib64/libc.so.6(gsignal+0x10d)[0x14aace653d2b]
[borgl142:46071] [ 2] /lib64/libc.so.6(gsignal+0x10d)[0x152c040e3d2b]
[borgl142:46069] [ 2] /lib64/libc.so.6(abort+0x177)[0x152c040e53e5]
[borgl142:46069] [ 3] /lib64/libc.so.6(gsignal+0x10d)[0x14bc11c2fd2b]
[borgl142:46070] [ 2] /lib64/libc.so.6(abort+0x177)[0x14bc11c313e5]
[borgl142:46070] [ 3] ./esmApp(__NAGf90_io_abort+0x78)[0x459f38]
/lib64/libc.so.6(abort+0x177)[0x14aace6553e5]
[borgl142:46071] [ 3] /lib64/libc.so.6(abort+0x177)[0x15544b8553e5]
[borgl142:46068] [ 3] ./esmApp(__NAGf90_io_abort+0x78)[0x459f38]
[borgl142:46070] [ 4] ./esmApp(__NAGf90_ioerr+0x1cd)[0x45a59d]
[borgl142:46070] [ 5] [borgl142:46068] [ 4] ./esmApp(__NAGf90_ioerr+0x1cd)[0x45a59d]
[borgl142:46068] [ 5] /discover/nobackup/projects/gmao/SIteam/comp/SLES-15/nag/7.2.15/lib/NAG_Fortran/libf72rts.so.1(__NAGf90_maybe_next_edit+0xe19)[0x15544baaa629]
[borgl142:46068] [ 6] ./esmApp(__NAGf90_io_abort+0x78)[0x459f38]
[borgl142:46071] [ 4] ./esmApp(__NAGf90_ioerr+0x1cd)[0x45a59d]
[borgl142:46071] [ 5] /discover/nobackup/projects/gmao/SIteam/comp/SLES-15/nag/7.2.15/lib/NAG_Fortran/libf72rts.so.1(__NAGf90_maybe_next_edit+0xe19)[0x14aace8aa629]
[borgl142:46071] [ 6] /discover/nobackup/projects/gmao/SIteam/comp/SLES-15/nag/7.2.15/lib/NAG_Fortran/libf72rts.so.1(__NAGf90_maybe_next_edit+0xe19)[0x14bc11eaa629]
[borgl142:46070] [ 6] ./esmApp(__NAGf90_io_abort+0x78)[0x459f38]
[borgl142:46069] [ 4] ./esmApp(__NAGf90_ioerr+0x1cd)[0x45a59d]
[borgl142:46069] [ 5] /discover/nobackup/projects/gmao/SIteam/comp/SLES-15/nag/7.2.15/lib/NAG_Fortran/libf72rts.so.1(__NAGf90_maybe_next_edit+0xe19)[0x152c044aa629]
[borgl142:46069] [ 6] /discover/nobackup/projects/gmao/SIteam/ESMF_Testing/nag_7.2.15_openmpi_O_v8.7.0/esmf/DEFAULTINSTALLDIR/lib/libO/Linux.nag.64.openmpi.default/libesmf.so(nuopc_driver_MP_loopdatadependentinitialize+0x3aef)[0x152c06cc415c]
[borgl142:46069] [ 7] /discover/nobackup/projects/gmao/SIteam/ESMF_Testing/nag_7.2.15_openmpi_O_v8.7.0/esmf/DEFAULTINSTALLDIR/lib/libO/Linux.nag.64.openmpi.default/libesmf.so(nuopc_driver_MP_loopdatadependentinitialize+0x3aef)[0x14bc1481915c]
[borgl142:46070] [ 7] /discover/nobackup/projects/gmao/SIteam/ESMF_Testing/nag_7.2.15_openmpi_O_v8.7.0/esmf/DEFAULTINSTALLDIR/lib/libO/Linux.nag.64.openmpi.default/libesmf.so(nuopc_driver_MP_loopdatadependentinitialize+0x3aef)[0x14aad126c15c]
[borgl142:46071] [ 7] /discover/nobackup/projects/gmao/SIteam/ESMF_Testing/nag_7.2.15_openmpi_O_v8.7.0/esmf/DEFAULTINSTALLDIR/lib/libO/Linux.nag.64.openmpi.default/libesmf.so(nuopc_driver_MP_loopdatadependentinitialize+0x3aef)[0x15544e47115c]
[borgl142:46068] [ 7] /discover/nobackup/projects/gmao/SIteam/ESMF_Testing/nag_7.2.15_openmpi_O_v8.7.0/esmf/DEFAULTINSTALLDIR/lib/libO/Linux.nag.64.openmpi.default/libesmf.so(nuopc_driver_MP_initializeipdv02p5data+0x3180)[0x14bc1482907e]
[borgl142:46070] [ 8] /discover/nobackup/projects/gmao/SIteam/ESMF_Testing/nag_7.2.15_openmpi_O_v8.7.0/esmf/DEFAULTINSTALLDIR/lib/libO/Linux.nag.64.openmpi.default/libesmf.so(nuopc_driver_MP_initializeipdv02p5data+0x3180)[0x14aad127c07e]
[borgl142:46071] [ 8] /discover/nobackup/projects/gmao/SIteam/ESMF_Testing/nag_7.2.15_openmpi_O_v8.7.0/esmf/DEFAULTINSTALLDIR/lib/libO/Linux.nag.64.openmpi.default/libesmf.so(nuopc_driver_MP_initializeipdv02p5data+0x3180)[0x15544e48107e]
[borgl142:46068] [ 8] /discover/nobackup/projects/gmao/SIteam/ESMF_Testing/nag_7.2.15_openmpi_O_v8.7.0/esmf/DEFAULTINSTALLDIR/lib/libO/Linux.nag.64.openmpi.default/libesmf.so(nuopc_driver_MP_initializeipdv02p5data+0x3180)[0x152c06cd407e]
[borgl142:46069] [ 8] /discover/nobackup/projects/gmao/SIteam/ESMF_Testing/nag_7.2.15_openmpi_O_v8.7.0/esmf/DEFAULTINSTALLDIR/lib/libO/Linux.nag.64.openmpi.default/libesmf.so(nuopc_driver_MP_initializeipdv02p5+0x4779)[0x15544e486643]
[borgl142:46068] [ 9] /discover/nobackup/projects/gmao/SIteam/ESMF_Testing/nag_7.2.15_openmpi_O_v8.7.0/esmf/DEFAULTINSTALLDIR/lib/libO/Linux.nag.64.openmpi.default/libesmf.so(nuopc_driver_MP_initializeipdv02p5+0x4779)[0x14aad1281643]
[borgl142:46071] [ 9] /discover/nobackup/projects/gmao/SIteam/ESMF_Testing/nag_7.2.15_openmpi_O_v8.7.0/esmf/DEFAULTINSTALLDIR/lib/libO/Linux.nag.64.openmpi.default/libesmf.so(nuopc_driver_MP_initializeipdv02p5+0x4779)[0x14bc1482e643]
[borgl142:46070] [ 9] /discover/nobackup/projects/gmao/SIteam/ESMF_Testing/nag_7.2.15_openmpi_O_v8.7.0/esmf/DEFAULTINSTALLDIR/lib/libO/Linux.nag.64.openmpi.default/libesmf.so(nuopc_driver_MP_initializeipdv02p5+0x4779)[0x152c06cd9643]
[borgl142:46069] [ 9] /discover/nobackup/projects/gmao/SIteam/ESMF_Testing/nag_7.2.15_openmpi_O_v8.7.0/esmf/DEFAULTINSTALLDIR/lib/libO/Linux.nag.64.openmpi.default/libesmf.so(nuopc_driver_MP_initializegeneric+0x1a06)[0x14aad12b6cd1]
[borgl142:46071] [10] /discover/nobackup/projects/gmao/SIteam/ESMF_Testing/nag_7.2.15_openmpi_O_v8.7.0/esmf/DEFAULTINSTALLDIR/lib/libO/Linux.nag.64.openmpi.default/libesmf.so(nuopc_driver_MP_initializegeneric+0x1a06)[0x152c06d0ecd1]
[borgl142:46069] [10] /discover/nobackup/projects/gmao/SIteam/ESMF_Testing/nag_7.2.15_openmpi_O_v8.7.0/esmf/DEFAULTINSTALLDIR/lib/libO/Linux.nag.64.openmpi.default/libesmf.so(nuopc_driver_MP_initializegeneric+0x1a06)[0x14bc14863cd1]
[borgl142:46070] [10] /discover/nobackup/projects/gmao/SIteam/ESMF_Testing/nag_7.2.15_openmpi_O_v8.7.0/esmf/DEFAULTINSTALLDIR/lib/libO/Linux.nag.64.openmpi.default/libesmf.so(nuopc_driver_MP_initializegeneric+0x1a06)[0x15544e4bbcd1]
[borgl142:46068] [10] /discover/nobackup/projects/gmao/SIteam/ESMF_Testing/nag_7.2.15_openmpi_O_v8.7.0/esmf/DEFAULTINSTALLDIR/lib/libO/Linux.nag.64.openmpi.default/libesmf.so(_ZN5ESMCI6FTable12callVFuncPtrEPKcPNS_2VMEPi+0xc55)[0x152c05e1ac79]
[borgl142:46069] [11] /discover/nobackup/projects/gmao/SIteam/ESMF_Testing/nag_7.2.15_openmpi_O_v8.7.0/esmf/DEFAULTINSTALLDIR/lib/libO/Linux.nag.64.openmpi.default/libesmf.so(_ZN5ESMCI6FTable12callVFuncPtrEPKcPNS_2VMEPi+0xc55)[0x14bc1396fc79]
[borgl142:46070] [11] /discover/nobackup/projects/gmao/SIteam/ESMF_Testing/nag_7.2.15_openmpi_O_v8.7.0/esmf/DEFAULTINSTALLDIR/lib/libO/Linux.nag.64.openmpi.default/libesmf.so(_ZN5ESMCI6FTable12callVFuncPtrEPKcPNS_2VMEPi+0xc55)[0x15544d5c7c79]
[borgl142:46068] [11] /discover/nobackup/projects/gmao/SIteam/ESMF_Testing/nag_7.2.15_openmpi_O_v8.7.0/esmf/DEFAULTINSTALLDIR/lib/libO/Linux.nag.64.openmpi.default/libesmf.so(_ZN5ESMCI6FTable12callVFuncPtrEPKcPNS_2VMEPi+0xc55)[0x14aad03c2c79]
[borgl142:46071] [11] /discover/nobackup/projects/gmao/SIteam/ESMF_Testing/nag_7.2.15_openmpi_O_v8.7.0/esmf/DEFAULTINSTALLDIR/lib/libO/Linux.nag.64.openmpi.default/libesmf.so(ESMCI_FTableCallEntryPointVMHop+0x32e)[0x152c05e17d4c]
[borgl142:46069] [12] /discover/nobackup/projects/gmao/SIteam/ESMF_Testing/nag_7.2.15_openmpi_O_v8.7.0/esmf/DEFAULTINSTALLDIR/lib/libO/Linux.nag.64.openmpi.default/libesmf.so(ESMCI_FTableCallEntryPointVMHop+0x32e)[0x15544d5c4d4c]
[borgl142:46068] [12] /discover/nobackup/projects/gmao/SIteam/ESMF_Testing/nag_7.2.15_openmpi_O_v8.7.0/esmf/DEFAULTINSTALLDIR/lib/libO/Linux.nag.64.openmpi.default/libesmf.so(ESMCI_FTableCallEntryPointVMHop+0x32e)[0x14bc1396cd4c]
[borgl142:46070] [12] /discover/nobackup/projects/gmao/SIteam/ESMF_Testing/nag_7.2.15_openmpi_O_v8.7.0/esmf/DEFAULTINSTALLDIR/lib/libO/Linux.nag.64.openmpi.default/libesmf.so(ESMCI_FTableCallEntryPointVMHop+0x32e)[0x14aad03bfd4c]
[borgl142:46071] [12] /discover/nobackup/projects/gmao/SIteam/ESMF_Testing/nag_7.2.15_openmpi_O_v8.7.0/esmf/DEFAULTINSTALLDIR/lib/libO/Linux.nag.64.openmpi.default/libesmf.so(_ZN5ESMCI3VMK5enterEPNS_7VMKPlanEPvS3_+0xd5)[0x14bc13d6b9b3]
[borgl142:46070] [13] /discover/nobackup/projects/gmao/SIteam/ESMF_Testing/nag_7.2.15_openmpi_O_v8.7.0/esmf/DEFAULTINSTALLDIR/lib/libO/Linux.nag.64.openmpi.default/libesmf.so(_ZN5ESMCI3VMK5enterEPNS_7VMKPlanEPvS3_+0xd5)[0x152c062169b3]
[borgl142:46069] [13] /discover/nobackup/projects/gmao/SIteam/ESMF_Testing/nag_7.2.15_openmpi_O_v8.7.0/esmf/DEFAULTINSTALLDIR/lib/libO/Linux.nag.64.openmpi.default/libesmf.so(_ZN5ESMCI3VMK5enterEPNS_7VMKPlanEPvS3_+0xd5)[0x15544d9c39b3]
[borgl142:46068] [13] /discover/nobackup/projects/gmao/SIteam/ESMF_Testing/nag_7.2.15_openmpi_O_v8.7.0/esmf/DEFAULTINSTALLDIR/lib/libO/Linux.nag.64.openmpi.default/libesmf.so(_ZN5ESMCI3VMK5enterEPNS_7VMKPlanEPvS3_+0xd5)[0x14aad07be9b3]
[borgl142:46071] [13] /discover/nobackup/projects/gmao/SIteam/ESMF_Testing/nag_7.2.15_openmpi_O_v8.7.0/esmf/DEFAULTINSTALLDIR/lib/libO/Linux.nag.64.openmpi.default/libesmf.so(_ZN5ESMCI2VM5enterEPNS_6VMPlanEPvS3_+0xb7)[0x152c062008cd]
[borgl142:46069] [14] /discover/nobackup/projects/gmao/SIteam/ESMF_Testing/nag_7.2.15_openmpi_O_v8.7.0/esmf/DEFAULTINSTALLDIR/lib/libO/Linux.nag.64.openmpi.default/libesmf.so(_ZN5ESMCI2VM5enterEPNS_6VMPlanEPvS3_+0xb7)[0x14bc13d558cd]
[borgl142:46070] [14] /discover/nobackup/projects/gmao/SIteam/ESMF_Testing/nag_7.2.15_openmpi_O_v8.7.0/esmf/DEFAULTINSTALLDIR/lib/libO/Linux.nag.64.openmpi.default/libesmf.so(_ZN5ESMCI2VM5enterEPNS_6VMPlanEPvS3_+0xb7)[0x14aad07a88cd]
[borgl142:46071] [14] /discover/nobackup/projects/gmao/SIteam/ESMF_Testing/nag_7.2.15_openmpi_O_v8.7.0/esmf/DEFAULTINSTALLDIR/lib/libO/Linux.nag.64.openmpi.default/libesmf.so(_ZN5ESMCI2VM5enterEPNS_6VMPlanEPvS3_+0xb7)[0x15544d9ad8cd]
[borgl142:46068] [14] /discover/nobackup/projects/gmao/SIteam/ESMF_Testing/nag_7.2.15_openmpi_O_v8.7.0/esmf/DEFAULTINSTALLDIR/lib/libO/Linux.nag.64.openmpi.default/libesmf.so(c_esmc_ftablecallentrypointvm_+0x35f)[0x14bc1396d1e5]
[borgl142:46070] [15] /discover/nobackup/projects/gmao/SIteam/ESMF_Testing/nag_7.2.15_openmpi_O_v8.7.0/esmf/DEFAULTINSTALLDIR/lib/libO/Linux.nag.64.openmpi.default/libesmf.so(c_esmc_ftablecallentrypointvm_+0x35f)[0x152c05e181e5]
[borgl142:46069] [15] /discover/nobackup/projects/gmao/SIteam/ESMF_Testing/nag_7.2.15_openmpi_O_v8.7.0/esmf/DEFAULTINSTALLDIR/lib/libO/Linux.nag.64.openmpi.default/libesmf.so(c_esmc_ftablecallentrypointvm_+0x35f)[0x15544d5c51e5]
[borgl142:46068] [15] /discover/nobackup/projects/gmao/SIteam/ESMF_Testing/nag_7.2.15_openmpi_O_v8.7.0/esmf/DEFAULTINSTALLDIR/lib/libO/Linux.nag.64.openmpi.default/libesmf.so(c_esmc_ftablecallentrypointvm_+0x35f)[0x14aad03c01e5]
[borgl142:46071] [15] /discover/nobackup/projects/gmao/SIteam/ESMF_Testing/nag_7.2.15_openmpi_O_v8.7.0/esmf/DEFAULTINSTALLDIR/lib/libO/Linux.nag.64.openmpi.default/libesmf.so(esmf_compmod_MP_esmf_compexecute+0xa43)[0x15544dc5af79]
[borgl142:46068] [16] /discover/nobackup/projects/gmao/SIteam/ESMF_Testing/nag_7.2.15_openmpi_O_v8.7.0/esmf/DEFAULTINSTALLDIR/lib/libO/Linux.nag.64.openmpi.default/libesmf.so(esmf_compmod_MP_esmf_compexecute+0xa43)[0x14bc14002f79]
[borgl142:46070] [16] /discover/nobackup/projects/gmao/SIteam/ESMF_Testing/nag_7.2.15_openmpi_O_v8.7.0/esmf/DEFAULTINSTALLDIR/lib/libO/Linux.nag.64.openmpi.default/libesmf.so(esmf_compmod_MP_esmf_compexecute+0xa43)[0x14aad0a55f79]
[borgl142:46071] [16] /discover/nobackup/projects/gmao/SIteam/ESMF_Testing/nag_7.2.15_openmpi_O_v8.7.0/esmf/DEFAULTINSTALLDIR/lib/libO/Linux.nag.64.openmpi.default/libesmf.so(esmf_compmod_MP_esmf_compexecute+0xa43)[0x152c064adf79]
[borgl142:46069] [16] /discover/nobackup/projects/gmao/SIteam/ESMF_Testing/nag_7.2.15_openmpi_O_v8.7.0/esmf/DEFAULTINSTALLDIR/lib/libO/Linux.nag.64.openmpi.default/libesmf.so(esmf_gridcompmod_MP_esmf_gridcompinitialize+0x176)[0x14aad0d77764]
[borgl142:46071] [17] /discover/nobackup/projects/gmao/SIteam/ESMF_Testing/nag_7.2.15_openmpi_O_v8.7.0/esmf/DEFAULTINSTALLDIR/lib/libO/Linux.nag.64.openmpi.default/libesmf.so(esmf_gridcompmod_MP_esmf_gridcompinitialize+0x176)[0x14bc14324764]
[borgl142:46070] [17] ./esmApp[0x4952d6]
[borgl142:46070] [18] /discover/nobackup/projects/gmao/SIteam/ESMF_Testing/nag_7.2.15_openmpi_O_v8.7.0/esmf/DEFAULTINSTALLDIR/lib/libO/Linux.nag.64.openmpi.default/libesmf.so(esmf_gridcompmod_MP_esmf_gridcompinitialize+0x176)[0x15544df7c764]
[borgl142:46068] [17] ./esmApp[0x4952d6]
[borgl142:46068] [18] ./esmApp(__NAGf90_cosmp_init+0x123)[0x4341a3]
/discover/nobackup/projects/gmao/SIteam/ESMF_Testing/nag_7.2.15_openmpi_O_v8.7.0/esmf/DEFAULTINSTALLDIR/lib/libO/Linux.nag.64.openmpi.default/libesmf.so(esmf_gridcompmod_MP_esmf_gridcompinitialize+0x176)[0x152c067cf764]
[borgl142:46069] [17] ./esmApp[0x4952d6]
[borgl142:46069] [18] ./esmApp(__NAGf90_cosmp_init+0x123)[0x4341a3]
[borgl142:46069] [19] ./esmApp[0x494eb3]
./esmApp[0x4952d6]
[borgl142:46071] [18] ./esmApp(__NAGf90_cosmp_init+0x123)[0x4341a3]
[borgl142:46071] [19] ./esmApp(__NAGf90_cosmp_init+0x123)[0x4341a3]
[borgl142:46070] [19] ./esmApp[0x494eb3]
[borgl142:46070] [20] [borgl142:46069] [20] [borgl142:46068] [19] ./esmApp[0x494eb3]
[borgl142:46068] [20] /lib64/libc.so.6(__libc_start_main+0xef)[0x152c040ce24d]
[borgl142:46069] [21] ./esmApp[0x40b60a]
[borgl142:46069] *** End of error message ***
/lib64/libc.so.6(__libc_start_main+0xef)[0x14bc11c1a24d]
[borgl142:46070] [21] ./esmApp[0x40b60a]
[borgl142:46070] *** End of error message ***
./esmApp[0x494eb3]
[borgl142:46071] [20] /lib64/libc.so.6(__libc_start_main+0xef)[0x14aace63e24d]
[borgl142:46071] [21] ./esmApp[0x40b60a]
[borgl142:46071] *** End of error message ***
/lib64/libc.so.6(__libc_start_main+0xef)[0x15544b83e24d]
[borgl142:46068] [21] ./esmApp[0x40b60a]
[borgl142:46068] *** End of error message ***
--------------------------------------------------------------------------
Primary job  terminated normally, but 1 process returned
a non-zero exit code. Per user-direction, the job has been aborted.
--------------------------------------------------------------------------
--------------------------------------------------------------------------
mpirun noticed that process rank 3 with PID 46071 on node borgl142 exited on signal 6 (Aborted).
--------------------------------------------------------------------------
