2024-10-05 22:54:45
Runtime Error: Expected integer literal constant in format specification
Program terminatedRuntime Error: Expected integer literal constant in format specification
Program terminated by I/O error on internal file
 by I/O error on internal file
[borgj084:136463] *** Process received signal ***
[borgj084:136463] Signal: Aborted (6)
[borgj084:136463] Signal code:  (-6)
[borgj084:136462] *** Process received signal ***
[borgj084:136462] Signal: Aborted (6)
[borgj084:136462] Signal code:  (-6)
[borgj084:136463] [ 0] [borgj084:136462] [ 0] /lib64/libpthread.so.0(+0x16910)[0x1531a3183910]
[borgj084:136463] [ 1] /lib64/libpthread.so.0(+0x16910)[0x154833fc3910]
[borgj084:136462] [ 1] /lib64/libc.so.6(gsignal+0x10d)[0x154833507d2b]
/lib64/libc.so.6(gsignal+0x10d)[0x1531a2707d2b]
[borgj084:136463] [ 2] [borgj084:136462] [ 2] /lib64/libc.so.6(abort+0x177)[0x1548335093e5]
[borgj084:136462] [ 3] /lib64/libc.so.6(abort+0x177)[0x1531a27093e5]
[borgj084:136463] [ 3] ./mainApp(__NAGf90_io_abort+0x78)[0x45a018]
[borgj084:136463] [ 4] ./mainApp(__NAGf90_ioerr+0x1cd)[0x45a67d]
[borgj084:136463] [ 5] ./mainApp(__NAGf90_io_abort+0x78)[0x45a018]
[borgj084:136462] [ 4] ./mainApp(__NAGf90_ioerr+0x1cd)[0x45a67d]
[borgj084:136462] [ 5] /discover/nobackup/projects/gmao/SIteam/comp/SLES-15/nag/7.2.15/lib/NAG_Fortran/libf72rts.so.1(__NAGf90_maybe_next_edit+0xe19)[0x1531a2aaa629]
[borgj084:136463] [ 6] /discover/nobackup/projects/gmao/SIteam/comp/SLES-15/nag/7.2.15/lib/NAG_Fortran/libf72rts.so.1(__NAGf90_maybe_next_edit+0xe19)[0x1548338aa629]
[borgj084:136462] [ 6] /discover/nobackup/projects/gmao/SIteam/ESMF_Testing/nag_7.2.15_openmpi_O_v8.7.0/esmf/DEFAULTINSTALLDIR/lib/libO/Linux.nag.64.openmpi.default/libesmf.so(nuopc_driver_MP_initializeipdv02p5+0x4025)[0x1548361d7eef]
[borgj084:136462] [ 7] /discover/nobackup/projects/gmao/SIteam/ESMF_Testing/nag_7.2.15_openmpi_O_v8.7.0/esmf/DEFAULTINSTALLDIR/lib/libO/Linux.nag.64.openmpi.default/libesmf.so(nuopc_driver_MP_initializeipdv02p5+0x4025)[0x1531a5397eef]
[borgj084:136463] [ 7] /discover/nobackup/projects/gmao/SIteam/ESMF_Testing/nag_7.2.15_openmpi_O_v8.7.0/esmf/DEFAULTINSTALLDIR/lib/libO/Linux.nag.64.openmpi.default/libesmf.so(_ZN5ESMCI6FTable12callVFuncPtrEPKcPNS_2VMEPi+0xc55)[0x154835319c79]
[borgj084:136462] [ 8] /discover/nobackup/projects/gmao/SIteam/ESMF_Testing/nag_7.2.15_openmpi_O_v8.7.0/esmf/DEFAULTINSTALLDIR/lib/libO/Linux.nag.64.openmpi.default/libesmf.so(_ZN5ESMCI6FTable12callVFuncPtrEPKcPNS_2VMEPi+0xc55)[0x1531a44d9c79]
[borgj084:136463] [ 8] /discover/nobackup/projects/gmao/SIteam/ESMF_Testing/nag_7.2.15_openmpi_O_v8.7.0/esmf/DEFAULTINSTALLDIR/lib/libO/Linux.nag.64.openmpi.default/libesmf.so(ESMCI_FTableCallEntryPointVMHop+0x32e)[0x154835316d4c]
[borgj084:136462] [ 9] /discover/nobackup/projects/gmao/SIteam/ESMF_Testing/nag_7.2.15_openmpi_O_v8.7.0/esmf/DEFAULTINSTALLDIR/lib/libO/Linux.nag.64.openmpi.default/libesmf.so(ESMCI_FTableCallEntryPointVMHop+0x32e)[0x1531a44d6d4c]
[borgj084:136463] [ 9] /discover/nobackup/projects/gmao/SIteam/ESMF_Testing/nag_7.2.15_openmpi_O_v8.7.0/esmf/DEFAULTINSTALLDIR/lib/libO/Linux.nag.64.openmpi.default/libesmf.so(_ZN5ESMCI3VMK5enterEPNS_7VMKPlanEPvS3_+0xd5)[0x1548357159b3]
[borgj084:136462] [10] /discover/nobackup/projects/gmao/SIteam/ESMF_Testing/nag_7.2.15_openmpi_O_v8.7.0/esmf/DEFAULTINSTALLDIR/lib/libO/Linux.nag.64.openmpi.default/libesmf.so(_ZN5ESMCI3VMK5enterEPNS_7VMKPlanEPvS3_+0xd5)[0x1531a48d59b3]
[borgj084:136463] [10] /discover/nobackup/projects/gmao/SIteam/ESMF_Testing/nag_7.2.15_openmpi_O_v8.7.0/esmf/DEFAULTINSTALLDIR/lib/libO/Linux.nag.64.openmpi.default/libesmf.so(_ZN5ESMCI2VM5enterEPNS_6VMPlanEPvS3_+0xb7)[0x1548356ff8cd]
[borgj084:136462] [11] /discover/nobackup/projects/gmao/SIteam/ESMF_Testing/nag_7.2.15_openmpi_O_v8.7.0/esmf/DEFAULTINSTALLDIR/lib/libO/Linux.nag.64.openmpi.default/libesmf.so(_ZN5ESMCI2VM5enterEPNS_6VMPlanEPvS3_+0xb7)[0x1531a48bf8cd]
[borgj084:136463] [11] /discover/nobackup/projects/gmao/SIteam/ESMF_Testing/nag_7.2.15_openmpi_O_v8.7.0/esmf/DEFAULTINSTALLDIR/lib/libO/Linux.nag.64.openmpi.default/libesmf.so(c_esmc_ftablecallentrypointvm_+0x35f)[0x1548353171e5]
[borgj084:136462] [12] /discover/nobackup/projects/gmao/SIteam/ESMF_Testing/nag_7.2.15_openmpi_O_v8.7.0/esmf/DEFAULTINSTALLDIR/lib/libO/Linux.nag.64.openmpi.default/libesmf.so(esmf_compmod_MP_esmf_compexecute+0xa43)[0x1548359acf79]
[borgj084:136462] [13] /discover/nobackup/projects/gmao/SIteam/ESMF_Testing/nag_7.2.15_openmpi_O_v8.7.0/esmf/DEFAULTINSTALLDIR/lib/libO/Linux.nag.64.openmpi.default/libesmf.so(c_esmc_ftablecallentrypointvm_+0x35f)[0x1531a44d71e5]
[borgj084:136463] [12] /discover/nobackup/projects/gmao/SIteam/ESMF_Testing/nag_7.2.15_openmpi_O_v8.7.0/esmf/DEFAULTINSTALLDIR/lib/libO/Linux.nag.64.openmpi.default/libesmf.so(esmf_compmod_MP_esmf_compexecute+0xa43)[0x1531a4b6cf79]
[borgj084:136463] [13] /discover/nobackup/projects/gmao/SIteam/ESMF_Testing/nag_7.2.15_openmpi_O_v8.7.0/esmf/DEFAULTINSTALLDIR/lib/libO/Linux.nag.64.openmpi.default/libesmf.so(esmf_gridcompmod_MP_esmf_gridcompinitialize+0x176)[0x154835cce764]
[borgj084:136462] [14] /discover/nobackup/projects/gmao/SIteam/ESMF_Testing/nag_7.2.15_openmpi_O_v8.7.0/esmf/DEFAULTINSTALLDIR/lib/libO/Linux.nag.64.openmpi.default/libesmf.so(esmf_gridcompmod_MP_esmf_gridcompinitialize+0x176)[0x1531a4e8e764]
[borgj084:136463] [14] /discover/nobackup/projects/gmao/SIteam/ESMF_Testing/nag_7.2.15_openmpi_O_v8.7.0/esmf/DEFAULTINSTALLDIR/lib/libO/Linux.nag.64.openmpi.default/libesmf.so(nuopc_driver_MP_loopmodelcompss+0x13e8)[0x1548361cec65]
[borgj084:136462] [15] /discover/nobackup/projects/gmao/SIteam/ESMF_Testing/nag_7.2.15_openmpi_O_v8.7.0/esmf/DEFAULTINSTALLDIR/lib/libO/Linux.nag.64.openmpi.default/libesmf.so(nuopc_driver_MP_loopmodelcompss+0x13e8)[0x1531a538ec65]
[borgj084:136463] [15] /discover/nobackup/projects/gmao/SIteam/ESMF_Testing/nag_7.2.15_openmpi_O_v8.7.0/esmf/DEFAULTINSTALLDIR/lib/libO/Linux.nag.64.openmpi.default/libesmf.so(nuopc_driver_MP_initializeipdv02p5data+0x18f7)[0x1548361d17f5]
[borgj084:136462] [16] /discover/nobackup/projects/gmao/SIteam/ESMF_Testing/nag_7.2.15_openmpi_O_v8.7.0/esmf/DEFAULTINSTALLDIR/lib/libO/Linux.nag.64.openmpi.default/libesmf.so(nuopc_driver_MP_initializeipdv02p5data+0x18f7)[0x1531a53917f5]
[borgj084:136463] [16] /discover/nobackup/projects/gmao/SIteam/ESMF_Testing/nag_7.2.15_openmpi_O_v8.7.0/esmf/DEFAULTINSTALLDIR/lib/libO/Linux.nag.64.openmpi.default/libesmf.so(nuopc_driver_MP_initializeipdv02p5+0x4779)[0x1548361d8643]
[borgj084:136462] [17] /discover/nobackup/projects/gmao/SIteam/ESMF_Testing/nag_7.2.15_openmpi_O_v8.7.0/esmf/DEFAULTINSTALLDIR/lib/libO/Linux.nag.64.openmpi.default/libesmf.so(nuopc_driver_MP_initializeipdv02p5+0x4779)[0x1531a5398643]
[borgj084:136463] [17] /discover/nobackup/projects/gmao/SIteam/ESMF_Testing/nag_7.2.15_openmpi_O_v8.7.0/esmf/DEFAULTINSTALLDIR/lib/libO/Linux.nag.64.openmpi.default/libesmf.so(nuopc_driver_MP_initializegeneric+0x1a06)[0x15483620dcd1]
[borgj084:136462] [18] /discover/nobackup/projects/gmao/SIteam/ESMF_Testing/nag_7.2.15_openmpi_O_v8.7.0/esmf/DEFAULTINSTALLDIR/lib/libO/Linux.nag.64.openmpi.default/libesmf.so(nuopc_driver_MP_initializegeneric+0x1a06)[0x1531a53cdcd1]
[borgj084:136463] [18] /discover/nobackup/projects/gmao/SIteam/ESMF_Testing/nag_7.2.15_openmpi_O_v8.7.0/esmf/DEFAULTINSTALLDIR/lib/libO/Linux.nag.64.openmpi.default/libesmf.so(_ZN5ESMCI6FTable12callVFuncPtrEPKcPNS_2VMEPi+0xc55)[0x154835319c79]
[borgj084:136462] [19] /discover/nobackup/projects/gmao/SIteam/ESMF_Testing/nag_7.2.15_openmpi_O_v8.7.0/esmf/DEFAULTINSTALLDIR/lib/libO/Linux.nag.64.openmpi.default/libesmf.so(_ZN5ESMCI6FTable12callVFuncPtrEPKcPNS_2VMEPi+0xc55)[0x1531a44d9c79]
[borgj084:136463] [19] /discover/nobackup/projects/gmao/SIteam/ESMF_Testing/nag_7.2.15_openmpi_O_v8.7.0/esmf/DEFAULTINSTALLDIR/lib/libO/Linux.nag.64.openmpi.default/libesmf.so(ESMCI_FTableCallEntryPointVMHop+0x32e)[0x154835316d4c]
[borgj084:136462] [20] /discover/nobackup/projects/gmao/SIteam/ESMF_Testing/nag_7.2.15_openmpi_O_v8.7.0/esmf/DEFAULTINSTALLDIR/lib/libO/Linux.nag.64.openmpi.default/libesmf.so(ESMCI_FTableCallEntryPointVMHop+0x32e)[0x1531a44d6d4c]
[borgj084:136463] [20] /discover/nobackup/projects/gmao/SIteam/ESMF_Testing/nag_7.2.15_openmpi_O_v8.7.0/esmf/DEFAULTINSTALLDIR/lib/libO/Linux.nag.64.openmpi.default/libesmf.so(_ZN5ESMCI3VMK5enterEPNS_7VMKPlanEPvS3_+0xd5)[0x1548357159b3]
[borgj084:136462] [21] /discover/nobackup/projects/gmao/SIteam/ESMF_Testing/nag_7.2.15_openmpi_O_v8.7.0/esmf/DEFAULTINSTALLDIR/lib/libO/Linux.nag.64.openmpi.default/libesmf.so(_ZN5ESMCI3VMK5enterEPNS_7VMKPlanEPvS3_+0xd5)[0x1531a48d59b3]
[borgj084:136463] [21] /discover/nobackup/projects/gmao/SIteam/ESMF_Testing/nag_7.2.15_openmpi_O_v8.7.0/esmf/DEFAULTINSTALLDIR/lib/libO/Linux.nag.64.openmpi.default/libesmf.so(_ZN5ESMCI2VM5enterEPNS_6VMPlanEPvS3_+0xb7)[0x1548356ff8cd]
[borgj084:136462] [22] /discover/nobackup/projects/gmao/SIteam/ESMF_Testing/nag_7.2.15_openmpi_O_v8.7.0/esmf/DEFAULTINSTALLDIR/lib/libO/Linux.nag.64.openmpi.default/libesmf.so(_ZN5ESMCI2VM5enterEPNS_6VMPlanEPvS3_+0xb7)[0x1531a48bf8cd]
[borgj084:136463] [22] /discover/nobackup/projects/gmao/SIteam/ESMF_Testing/nag_7.2.15_openmpi_O_v8.7.0/esmf/DEFAULTINSTALLDIR/lib/libO/Linux.nag.64.openmpi.default/libesmf.so(c_esmc_ftablecallentrypointvm_+0x35f)[0x1548353171e5]
[borgj084:136462] [23] /discover/nobackup/projects/gmao/SIteam/ESMF_Testing/nag_7.2.15_openmpi_O_v8.7.0/esmf/DEFAULTINSTALLDIR/lib/libO/Linux.nag.64.openmpi.default/libesmf.so(c_esmc_ftablecallentrypointvm_+0x35f)[0x1531a44d71e5]
[borgj084:136463] [23] /discover/nobackup/projects/gmao/SIteam/ESMF_Testing/nag_7.2.15_openmpi_O_v8.7.0/esmf/DEFAULTINSTALLDIR/lib/libO/Linux.nag.64.openmpi.default/libesmf.so(esmf_compmod_MP_esmf_compexecute+0xa43)[0x1548359acf79]
[borgj084:136462] [24] /discover/nobackup/projects/gmao/SIteam/ESMF_Testing/nag_7.2.15_openmpi_O_v8.7.0/esmf/DEFAULTINSTALLDIR/lib/libO/Linux.nag.64.openmpi.default/libesmf.so(esmf_compmod_MP_esmf_compexecute+0xa43)[0x1531a4b6cf79]
[borgj084:136463] [24] /discover/nobackup/projects/gmao/SIteam/ESMF_Testing/nag_7.2.15_openmpi_O_v8.7.0/esmf/DEFAULTINSTALLDIR/lib/libO/Linux.nag.64.openmpi.default/libesmf.so(esmf_gridcompmod_MP_esmf_gridcompinitialize+0x176)[0x154835cce764]
[borgj084:136462] [25] ./mainApp[0x4953ac]
[borgj084:136462] [26] ./mainApp(__NAGf90_cosmp_init+0x123)[0x434283]
[borgj084:136462] [27] ./mainApp[0x494f93]
[borgj084:136462] [28] /lib64/libc.so.6(__libc_start_main+0xef)[0x1548334f224d]
[borgj084:136462] [29] /discover/nobackup/projects/gmao/SIteam/ESMF_Testing/nag_7.2.15_openmpi_O_v8.7.0/esmf/DEFAULTINSTALLDIR/lib/libO/Linux.nag.64.openmpi.default/libesmf.so(esmf_gridcompmod_MP_esmf_gridcompinitialize+0x176)[0x1531a4e8e764]
[borgj084:136463] [25] ./mainApp[0x40b6ea]
[borgj084:136462] *** End of error message ***
./mainApp[0x4953ac]
[borgj084:136463] [26] ./mainApp(__NAGf90_cosmp_init+0x123)[0x434283]
[borgj084:136463] [27] ./mainApp[0x494f93]
[borgj084:136463] [28] /lib64/libc.so.6(__libc_start_main+0xef)[0x1531a26f224d]
[borgj084:136463] [29] ./mainApp[0x40b6ea]
[borgj084:136463] *** End of error message ***
--------------------------------------------------------------------------
Primary job  terminated normally, but 1 process returned
a non-zero exit code. Per user-direction, the job has been aborted.
--------------------------------------------------------------------------
--------------------------------------------------------------------------
mpirun noticed that process rank 0 with PID 136462 on node borgj084 exited on signal 6 (Aborted).
--------------------------------------------------------------------------
