2024-10-04 22:25:07
Runtime Error: Runtime Error: Unexpected end of format speciRuntime Error: Unexpected end of format specification
Runtime Error: Unexpected end of format specification
Program tUnexpected end of format specification
Progfication
Program terminaProgram terminated by I/Oerminated by I/O error on internal file
 error on internal file
ram terminated by I/O error on internal file
ted by I/O error on internal file
[borgl142:48032] *** Process received signal ***
[borgl142:48032] Signal: Aborted (6)
[borgl142:48032] Signal code:  (-6)
[borgl142:48033] *** Process received signal ***
[borgl142:48033] Signal: Aborted (6)
[borgl142:48033] Signal code:  (-6)
[borgl142:48031] *** Process received signal ***
[borgl142:48031] Signal: Aborted (6)
[borgl142:48031] Signal code:  (-6)
[borgl142:48030] *** Process received signal ***
[borgl142:48030] Signal: Aborted (6)
[borgl142:48030] Signal code:  (-6)
[borgl142:48033] [ 0] [borgl142:48032] [ 0] [borgl142:48030] [ 0] /lib64/libpthread.so.0(+0x16910)[0x150039f3f910]
[borgl142:48033] [ 1] [borgl142:48031] [ 0] /lib64/libpthread.so.0(+0x16910)[0x14d6e055b910]
[borgl142:48031] [ 1] /lib64/libpthread.so.0(+0x16910)[0x14f17ed39910]
[borgl142:48032] [ 1] /lib64/libc.so.6(gsignal+0x10d)[0x14f17e307d2b]
[borgl142:48032] [ 2] /lib64/libpthread.so.0(+0x16910)[0x14b45eff2910]
[borgl142:48030] [ 1] /lib64/libc.so.6(gsignal+0x10d)[0x14b45ee2fd2b]
[borgl142:48030] [ 2] /lib64/libc.so.6(gsignal+0x10d)[0x150039507d2b]
[borgl142:48033] [ 2] /lib64/libc.so.6(gsignal+0x10d)[0x14d6dfb07d2b]
[borgl142:48031] [ 2] /lib64/libc.so.6(abort+0x177)[0x14b45ee313e5]
[borgl142:48030] [ 3] ./mainApp(__NAGf90_io_abort+0x78)[0x45a7e8]
[borgl142:48030] [ 4] ./mainApp(__NAGf90_ioerr+0x1cd)[0x45ae4d]
[borgl142:48030] [ 5] /lib64/libc.so.6(abort+0x177)[0x1500395093e5]
[borgl142:48033] [ 3] ./mainApp(__NAGf90_io_abort+0x78)[0x45a7e8]
[borgl142:48033] [ 4] ./mainApp(__NAGf90_ioerr+0x1cd)[0x45ae4d]
[borgl142:48033] [ 5] /lib64/libc.so.6(abort+0x177)[0x14f17e3093e5]
[borgl142:48032] [ 3] ./mainApp(__NAGf90_io_abort+0x78)[0x45a7e8]
[borgl142:48032] [ 4] ./mainApp(__NAGf90_ioerr+0x1cd)[0x45ae4d]
[borgl142:48032] [ 5] /lib64/libc.so.6(abort+0x177)[0x14d6dfb093e5]
[borgl142:48031] [ 3] ./mainApp(__NAGf90_io_abort+0x78)[0x45a7e8]
[borgl142:48031] [ 4] ./mainApp(__NAGf90_ioerr+0x1cd)[0x45ae4d]
[borgl142:48031] [ 5] /discover/nobackup/projects/gmao/SIteam/comp/SLES-15/nag/7.2.15/lib/NAG_Fortran/libf72rts.so.1(__NAGf90_maybe_next_edit+0xe19)[0x1500398aa629]
[borgl142:48033] [ 6] /discover/nobackup/projects/gmao/SIteam/comp/SLES-15/nag/7.2.15/lib/NAG_Fortran/libf72rts.so.1(__NAGf90_maybe_next_edit+0xe19)[0x14d6dfeaa629]
[borgl142:48031] [ 6] /discover/nobackup/projects/gmao/SIteam/comp/SLES-15/nag/7.2.15/lib/NAG_Fortran/libf72rts.so.1(__NAGf90_maybe_next_edit+0xe19)[0x14f17e6aa629]
[borgl142:48032] [ 6] /discover/nobackup/projects/gmao/SIteam/comp/SLES-15/nag/7.2.15/lib/NAG_Fortran/libf72rts.so.1(__NAGf90_maybe_next_edit+0xe19)[0x14b45f0aa629]
[borgl142:48030] [ 6] /discover/nobackup/projects/gmao/SIteam/ESMF_Testing/nag_7.2.15_openmpi_O_v8.7.0/esmf/DEFAULTINSTALLDIR/lib/libO/Linux.nag.64.openmpi.default/libesmf.so(nuopc_driver_MP_loopdatadependentinitialize+0x3aef)[0x15003c13f15c]
[borgl142:48033] [ 7] /discover/nobackup/projects/gmao/SIteam/ESMF_Testing/nag_7.2.15_openmpi_O_v8.7.0/esmf/DEFAULTINSTALLDIR/lib/libO/Linux.nag.64.openmpi.default/libesmf.so(nuopc_driver_MP_loopdatadependentinitialize+0x3aef)[0x14f180f3915c]
[borgl142:48032] [ 7] /discover/nobackup/projects/gmao/SIteam/ESMF_Testing/nag_7.2.15_openmpi_O_v8.7.0/esmf/DEFAULTINSTALLDIR/lib/libO/Linux.nag.64.openmpi.default/libesmf.so(nuopc_driver_MP_loopdatadependentinitialize+0x3aef)[0x14b461a1015c]
[borgl142:48030] [ 7] /discover/nobackup/projects/gmao/SIteam/ESMF_Testing/nag_7.2.15_openmpi_O_v8.7.0/esmf/DEFAULTINSTALLDIR/lib/libO/Linux.nag.64.openmpi.default/libesmf.so(nuopc_driver_MP_loopdatadependentinitialize+0x3aef)[0x14d6e275b15c]
[borgl142:48031] [ 7] /discover/nobackup/projects/gmao/SIteam/ESMF_Testing/nag_7.2.15_openmpi_O_v8.7.0/esmf/DEFAULTINSTALLDIR/lib/libO/Linux.nag.64.openmpi.default/libesmf.so(nuopc_driver_MP_initializeipdv02p5data+0x3180)[0x15003c14f07e]
[borgl142:48033] [ 8] /discover/nobackup/projects/gmao/SIteam/ESMF_Testing/nag_7.2.15_openmpi_O_v8.7.0/esmf/DEFAULTINSTALLDIR/lib/libO/Linux.nag.64.openmpi.default/libesmf.so(nuopc_driver_MP_initializeipdv02p5data+0x3180)[0x14b461a2007e]
[borgl142:48030] [ 8] /discover/nobackup/projects/gmao/SIteam/ESMF_Testing/nag_7.2.15_openmpi_O_v8.7.0/esmf/DEFAULTINSTALLDIR/lib/libO/Linux.nag.64.openmpi.default/libesmf.so(nuopc_driver_MP_initializeipdv02p5data+0x3180)[0x14d6e276b07e]
[borgl142:48031] [ 8] /discover/nobackup/projects/gmao/SIteam/ESMF_Testing/nag_7.2.15_openmpi_O_v8.7.0/esmf/DEFAULTINSTALLDIR/lib/libO/Linux.nag.64.openmpi.default/libesmf.so(nuopc_driver_MP_initializeipdv02p5data+0x3180)[0x14f180f4907e]
[borgl142:48032] [ 8] /discover/nobackup/projects/gmao/SIteam/ESMF_Testing/nag_7.2.15_openmpi_O_v8.7.0/esmf/DEFAULTINSTALLDIR/lib/libO/Linux.nag.64.openmpi.default/libesmf.so(nuopc_driver_MP_initializeipdv02p5+0x4779)[0x15003c154643]
[borgl142:48033] [ 9] /discover/nobackup/projects/gmao/SIteam/ESMF_Testing/nag_7.2.15_openmpi_O_v8.7.0/esmf/DEFAULTINSTALLDIR/lib/libO/Linux.nag.64.openmpi.default/libesmf.so(nuopc_driver_MP_initializeipdv02p5+0x4779)[0x14b461a25643]
[borgl142:48030] [ 9] /discover/nobackup/projects/gmao/SIteam/ESMF_Testing/nag_7.2.15_openmpi_O_v8.7.0/esmf/DEFAULTINSTALLDIR/lib/libO/Linux.nag.64.openmpi.default/libesmf.so(nuopc_driver_MP_initializeipdv02p5+0x4779)[0x14d6e2770643]
[borgl142:48031] [ 9] /discover/nobackup/projects/gmao/SIteam/ESMF_Testing/nag_7.2.15_openmpi_O_v8.7.0/esmf/DEFAULTINSTALLDIR/lib/libO/Linux.nag.64.openmpi.default/libesmf.so(nuopc_driver_MP_initializeipdv02p5+0x4779)[0x14f180f4e643]
[borgl142:48032] [ 9] /discover/nobackup/projects/gmao/SIteam/ESMF_Testing/nag_7.2.15_openmpi_O_v8.7.0/esmf/DEFAULTINSTALLDIR/lib/libO/Linux.nag.64.openmpi.default/libesmf.so(nuopc_driver_MP_initializegeneric+0x1a06)[0x15003c189cd1]
[borgl142:48033] [10] /discover/nobackup/projects/gmao/SIteam/ESMF_Testing/nag_7.2.15_openmpi_O_v8.7.0/esmf/DEFAULTINSTALLDIR/lib/libO/Linux.nag.64.openmpi.default/libesmf.so(nuopc_driver_MP_initializegeneric+0x1a06)[0x14f180f83cd1]
[borgl142:48032] [10] /discover/nobackup/projects/gmao/SIteam/ESMF_Testing/nag_7.2.15_openmpi_O_v8.7.0/esmf/DEFAULTINSTALLDIR/lib/libO/Linux.nag.64.openmpi.default/libesmf.so(nuopc_driver_MP_initializegeneric+0x1a06)[0x14b461a5acd1]
[borgl142:48030] [10] /discover/nobackup/projects/gmao/SIteam/ESMF_Testing/nag_7.2.15_openmpi_O_v8.7.0/esmf/DEFAULTINSTALLDIR/lib/libO/Linux.nag.64.openmpi.default/libesmf.so(nuopc_driver_MP_initializegeneric+0x1a06)[0x14d6e27a5cd1]
[borgl142:48031] [10] /discover/nobackup/projects/gmao/SIteam/ESMF_Testing/nag_7.2.15_openmpi_O_v8.7.0/esmf/DEFAULTINSTALLDIR/lib/libO/Linux.nag.64.openmpi.default/libesmf.so(_ZN5ESMCI6FTable12callVFuncPtrEPKcPNS_2VMEPi+0xc55)[0x15003b295c79]
[borgl142:48033] [11] /discover/nobackup/projects/gmao/SIteam/ESMF_Testing/nag_7.2.15_openmpi_O_v8.7.0/esmf/DEFAULTINSTALLDIR/lib/libO/Linux.nag.64.openmpi.default/libesmf.so(_ZN5ESMCI6FTable12callVFuncPtrEPKcPNS_2VMEPi+0xc55)[0x14b460b66c79]
[borgl142:48030] [11] /discover/nobackup/projects/gmao/SIteam/ESMF_Testing/nag_7.2.15_openmpi_O_v8.7.0/esmf/DEFAULTINSTALLDIR/lib/libO/Linux.nag.64.openmpi.default/libesmf.so(_ZN5ESMCI6FTable12callVFuncPtrEPKcPNS_2VMEPi+0xc55)[0x14f18008fc79]
[borgl142:48032] [11] /discover/nobackup/projects/gmao/SIteam/ESMF_Testing/nag_7.2.15_openmpi_O_v8.7.0/esmf/DEFAULTINSTALLDIR/lib/libO/Linux.nag.64.openmpi.default/libesmf.so(_ZN5ESMCI6FTable12callVFuncPtrEPKcPNS_2VMEPi+0xc55)[0x14d6e18b1c79]
[borgl142:48031] [11] /discover/nobackup/projects/gmao/SIteam/ESMF_Testing/nag_7.2.15_openmpi_O_v8.7.0/esmf/DEFAULTINSTALLDIR/lib/libO/Linux.nag.64.openmpi.default/libesmf.so(ESMCI_FTableCallEntryPointVMHop+0x32e)[0x15003b292d4c]
[borgl142:48033] [12] /discover/nobackup/projects/gmao/SIteam/ESMF_Testing/nag_7.2.15_openmpi_O_v8.7.0/esmf/DEFAULTINSTALLDIR/lib/libO/Linux.nag.64.openmpi.default/libesmf.so(ESMCI_FTableCallEntryPointVMHop+0x32e)[0x14b460b63d4c]
[borgl142:48030] [12] /discover/nobackup/projects/gmao/SIteam/ESMF_Testing/nag_7.2.15_openmpi_O_v8.7.0/esmf/DEFAULTINSTALLDIR/lib/libO/Linux.nag.64.openmpi.default/libesmf.so(ESMCI_FTableCallEntryPointVMHop+0x32e)[0x14f18008cd4c]
[borgl142:48032] [12] /discover/nobackup/projects/gmao/SIteam/ESMF_Testing/nag_7.2.15_openmpi_O_v8.7.0/esmf/DEFAULTINSTALLDIR/lib/libO/Linux.nag.64.openmpi.default/libesmf.so(ESMCI_FTableCallEntryPointVMHop+0x32e)[0x14d6e18aed4c]
[borgl142:48031] [12] /discover/nobackup/projects/gmao/SIteam/ESMF_Testing/nag_7.2.15_openmpi_O_v8.7.0/esmf/DEFAULTINSTALLDIR/lib/libO/Linux.nag.64.openmpi.default/libesmf.so(_ZN5ESMCI3VMK5enterEPNS_7VMKPlanEPvS3_+0xd5)[0x15003b6919b3]
[borgl142:48033] [13] /discover/nobackup/projects/gmao/SIteam/ESMF_Testing/nag_7.2.15_openmpi_O_v8.7.0/esmf/DEFAULTINSTALLDIR/lib/libO/Linux.nag.64.openmpi.default/libesmf.so(_ZN5ESMCI3VMK5enterEPNS_7VMKPlanEPvS3_+0xd5)[0x14b460f629b3]
[borgl142:48030] /discover/nobackup/projects/gmao/SIteam/ESMF_Testing/nag_7.2.15_openmpi_O_v8.7.0/esmf/DEFAULTINSTALLDIR/lib/libO/Linux.nag.64.openmpi.default/libesmf.so(_ZN5ESMCI3VMK5enterEPNS_7VMKPlanEPvS3_+0xd5)[0x14f18048b9b3]
[borgl142:48032] [13] /discover/nobackup/projects/gmao/SIteam/ESMF_Testing/nag_7.2.15_openmpi_O_v8.7.0/esmf/DEFAULTINSTALLDIR/lib/libO/Linux.nag.64.openmpi.default/libesmf.so(_ZN5ESMCI3VMK5enterEPNS_7VMKPlanEPvS3_+0xd5)[0x14d6e1cad9b3]
[borgl142:48031] [13] [13] /discover/nobackup/projects/gmao/SIteam/ESMF_Testing/nag_7.2.15_openmpi_O_v8.7.0/esmf/DEFAULTINSTALLDIR/lib/libO/Linux.nag.64.openmpi.default/libesmf.so(_ZN5ESMCI2VM5enterEPNS_6VMPlanEPvS3_+0xb7)[0x15003b67b8cd]
[borgl142:48033] [14] /discover/nobackup/projects/gmao/SIteam/ESMF_Testing/nag_7.2.15_openmpi_O_v8.7.0/esmf/DEFAULTINSTALLDIR/lib/libO/Linux.nag.64.openmpi.default/libesmf.so(_ZN5ESMCI2VM5enterEPNS_6VMPlanEPvS3_+0xb7)[0x14b460f4c8cd]
[borgl142:48030] [14] /discover/nobackup/projects/gmao/SIteam/ESMF_Testing/nag_7.2.15_openmpi_O_v8.7.0/esmf/DEFAULTINSTALLDIR/lib/libO/Linux.nag.64.openmpi.default/libesmf.so(_ZN5ESMCI2VM5enterEPNS_6VMPlanEPvS3_+0xb7)[0x14f1804758cd]
[borgl142:48032] [14] /discover/nobackup/projects/gmao/SIteam/ESMF_Testing/nag_7.2.15_openmpi_O_v8.7.0/esmf/DEFAULTINSTALLDIR/lib/libO/Linux.nag.64.openmpi.default/libesmf.so(_ZN5ESMCI2VM5enterEPNS_6VMPlanEPvS3_+0xb7)[0x14d6e1c978cd]
[borgl142:48031] [14] /discover/nobackup/projects/gmao/SIteam/ESMF_Testing/nag_7.2.15_openmpi_O_v8.7.0/esmf/DEFAULTINSTALLDIR/lib/libO/Linux.nag.64.openmpi.default/libesmf.so(c_esmc_ftablecallentrypointvm_+0x35f)[0x15003b2931e5]
[borgl142:48033] [15] /discover/nobackup/projects/gmao/SIteam/ESMF_Testing/nag_7.2.15_openmpi_O_v8.7.0/esmf/DEFAULTINSTALLDIR/lib/libO/Linux.nag.64.openmpi.default/libesmf.so(c_esmc_ftablecallentrypointvm_+0x35f)[0x14f18008d1e5]
[borgl142:48032] [15] /discover/nobackup/projects/gmao/SIteam/ESMF_Testing/nag_7.2.15_openmpi_O_v8.7.0/esmf/DEFAULTINSTALLDIR/lib/libO/Linux.nag.64.openmpi.default/libesmf.so(c_esmc_ftablecallentrypointvm_+0x35f)[0x14b460b641e5]
[borgl142:48030] [15] /discover/nobackup/projects/gmao/SIteam/ESMF_Testing/nag_7.2.15_openmpi_O_v8.7.0/esmf/DEFAULTINSTALLDIR/lib/libO/Linux.nag.64.openmpi.default/libesmf.so(c_esmc_ftablecallentrypointvm_+0x35f)[0x14d6e18af1e5]
[borgl142:48031] [15] /discover/nobackup/projects/gmao/SIteam/ESMF_Testing/nag_7.2.15_openmpi_O_v8.7.0/esmf/DEFAULTINSTALLDIR/lib/libO/Linux.nag.64.openmpi.default/libesmf.so(esmf_compmod_MP_esmf_compexecute+0xa43)[0x14f180722f79]
[borgl142:48032] [16] /discover/nobackup/projects/gmao/SIteam/ESMF_Testing/nag_7.2.15_openmpi_O_v8.7.0/esmf/DEFAULTINSTALLDIR/lib/libO/Linux.nag.64.openmpi.default/libesmf.so(esmf_compmod_MP_esmf_compexecute+0xa43)[0x15003b928f79]
[borgl142:48033] [16] /discover/nobackup/projects/gmao/SIteam/ESMF_Testing/nag_7.2.15_openmpi_O_v8.7.0/esmf/DEFAULTINSTALLDIR/lib/libO/Linux.nag.64.openmpi.default/libesmf.so(esmf_compmod_MP_esmf_compexecute+0xa43)[0x14d6e1f44f79]
[borgl142:48031] [16] /discover/nobackup/projects/gmao/SIteam/ESMF_Testing/nag_7.2.15_openmpi_O_v8.7.0/esmf/DEFAULTINSTALLDIR/lib/libO/Linux.nag.64.openmpi.default/libesmf.so(esmf_compmod_MP_esmf_compexecute+0xa43)[0x14b4611f9f79]
[borgl142:48030] [16] /discover/nobackup/projects/gmao/SIteam/ESMF_Testing/nag_7.2.15_openmpi_O_v8.7.0/esmf/DEFAULTINSTALLDIR/lib/libO/Linux.nag.64.openmpi.default/libesmf.so(esmf_gridcompmod_MP_esmf_gridcompinitialize+0x176)[0x14f180a44764]
[borgl142:48032] [17] /discover/nobackup/projects/gmao/SIteam/ESMF_Testing/nag_7.2.15_openmpi_O_v8.7.0/esmf/DEFAULTINSTALLDIR/lib/libO/Linux.nag.64.openmpi.default/libesmf.so(esmf_gridcompmod_MP_esmf_gridcompinitialize+0x176)[0x15003bc4a764]
[borgl142:48033] [17] ./mainApp[0x495c1b]
[borgl142:48033] [18] /discover/nobackup/projects/gmao/SIteam/ESMF_Testing/nag_7.2.15_openmpi_O_v8.7.0/esmf/DEFAULTINSTALLDIR/lib/libO/Linux.nag.64.openmpi.default/libesmf.so(esmf_gridcompmod_MP_esmf_gridcompinitialize+0x176)[0x14d6e2266764]
[borgl142:48031] [17] ./mainApp[0x495c1b]
[borgl142:48032] [18] /discover/nobackup/projects/gmao/SIteam/ESMF_Testing/nag_7.2.15_openmpi_O_v8.7.0/esmf/DEFAULTINSTALLDIR/lib/libO/Linux.nag.64.openmpi.default/libesmf.so(esmf_gridcompmod_MP_esmf_gridcompinitialize+0x176)[0x14b46151b764]
[borgl142:48030] [17] ./mainApp[0x495c1b]
[borgl142:48030] [18] ./mainApp(__NAGf90_cosmp_init+0x123)[0x434a53]
[borgl142:48030] [19] ./mainApp[0x495763]
[borgl142:48030] [20] ./mainApp(__NAGf90_cosmp_init+0x123)[0x434a53]
[borgl142:48033] [19] ./mainApp[0x495763]
[borgl142:48033] [20] /lib64/libc.so.6(__libc_start_main+0xef)[0x1500394f224d]
[borgl142:48033] [21] ./mainApp[0x495c1b]
[borgl142:48031] [18] ./mainApp(__NAGf90_cosmp_init+0x123)[0x434a53]
[borgl142:48031] [19] ./mainApp[0x495763]
[borgl142:48031] [20] ./mainApp(__NAGf90_cosmp_init+0x123)[0x434a53]
[borgl142:48032] [19] ./mainApp[0x495763]
[borgl142:48032] [20] /lib64/libc.so.6(__libc_start_main+0xef)[0x14f17e2f224d]
[borgl142:48032] [21] ./mainApp[0x40beba]
[borgl142:48033] *** End of error message ***
/lib64/libc.so.6(__libc_start_main+0xef)[0x14d6dfaf224d]
[borgl142:48031] [21] ./mainApp[0x40beba]
[borgl142:48031] *** End of error message ***
/lib64/libc.so.6(__libc_start_main+0xef)[0x14b45ee1a24d]
[borgl142:48030] [21] ./mainApp[0x40beba]
[borgl142:48030] *** End of error message ***
./mainApp[0x40beba]
[borgl142:48032] *** End of error message ***
--------------------------------------------------------------------------
Primary job  terminated normally, but 1 process returned
a non-zero exit code. Per user-direction, the job has been aborted.
--------------------------------------------------------------------------
--------------------------------------------------------------------------
mpirun noticed that process rank 0 with PID 48030 on node borgl142 exited on signal 6 (Aborted).
--------------------------------------------------------------------------
