2024-10-06 22:30:29
Runtime Error: Runtime Error: Unexpected end of format speRuntime Error: Unexpected end of format specificatRuntime Error: Unexpected end of format specificatUnexpected end of format specification
Prcification
Program terminaion
Program terminated bion
Program terminated by I/O error on internal file
y I/O error on internal file
ogram terminated by I/O error on internal file
ted by I/O error on internal file
[borgl101:123616] *** Process received signal ***
[borgl101:123618] *** Process received signal ***
[borgl101:123618] Signal: Aborted (6)
[borgl101:123618] Signal code:  (-6)
[borgl101:123617] *** Process received signal ***
[borgl101:123617] Signal: Aborted (6)
[borgl101:123617] Signal code:  (-6)
[borgl101:123619] *** Process received signal ***
[borgl101:123619] Signal: Aborted (6)
[borgl101:123619] Signal code:  (-6)
[borgl101:123616] Signal: Aborted (6)
[borgl101:123616] Signal code:  (-6)
[borgl101:123619] [ 0] [borgl101:123618] [ 0] [borgl101:123617] [ 0] [borgl101:123616] [ 0] /lib64/libpthread.so.0(+0x16910)[0x14fea6d9a910]
[borgl101:123616] [ 1] /lib64/libpthread.so.0(+0x16910)[0x154cee32b910]
[borgl101:123618] [ 1] /lib64/libpthread.so.0(+0x16910)[0x14876ecdc910]
[borgl101:123617] [ 1] /lib64/libpthread.so.0(+0x16910)[0x155182359910]
[borgl101:123619] [ 1] /lib64/libc.so.6(gsignal+0x10d)[0x14fea6307d2b]
[borgl101:123616] [ 2] /lib64/libc.so.6(abort+0x177)[0x14fea63093e5]
[borgl101:123616] [ 3] ./mainApp(__NAGf90_io_abort+0x78)[0x459f98]
[borgl101:123616] [ 4] /lib64/libc.so.6(gsignal+0x10d)[0x155181907d2b]
[borgl101:123619] [ 2] /lib64/libc.so.6(abort+0x177)[0x1551819093e5]
[borgl101:123619] [ 3] ./mainApp(__NAGf90_io_abort+0x78)[0x459f98]
[borgl101:123619] [ 4] /lib64/libc.so.6(gsignal+0x10d)[0x154ced907d2b]
[borgl101:123618] [ 2] /lib64/libc.so.6(abort+0x177)[0x154ced9093e5]
[borgl101:123618] [ 3] ./mainApp(__NAGf90_io_abort+0x78)[0x459f98]
[borgl101:123618] [ 4] /lib64/libc.so.6(gsignal+0x10d)[0x14876e307d2b]
[borgl101:123617] [ 2] /lib64/libc.so.6(abort+0x177)[0x14876e3093e5]
[borgl101:123617] [ 3] ./mainApp(__NAGf90_io_abort+0x78)[0x459f98]
[borgl101:123617] [ 4] ./mainApp(__NAGf90_ioerr+0x1cd)[0x45a5fd]
[borgl101:123617] [ 5] ./mainApp(__NAGf90_ioerr+0x1cd)[0x45a5fd]
[borgl101:123619] [ 5] ./mainApp(__NAGf90_ioerr+0x1cd)[0x45a5fd]
[borgl101:123618] [ 5] ./mainApp(__NAGf90_ioerr+0x1cd)[0x45a5fd]
[borgl101:123616] [ 5] /discover/nobackup/projects/gmao/SIteam/comp/SLES-15/nag/7.2.15/lib/NAG_Fortran/libf72rts.so.1(__NAGf90_maybe_next_edit+0xe19)[0x14876e6aa629]
[borgl101:123617] [ 6] /discover/nobackup/projects/gmao/SIteam/comp/SLES-15/nag/7.2.15/lib/NAG_Fortran/libf72rts.so.1(__NAGf90_maybe_next_edit+0xe19)[0x155181caa629]
[borgl101:123619] [ 6] /discover/nobackup/projects/gmao/SIteam/comp/SLES-15/nag/7.2.15/lib/NAG_Fortran/libf72rts.so.1(__NAGf90_maybe_next_edit+0xe19)[0x154cedcaa629]
[borgl101:123618] [ 6] /discover/nobackup/projects/gmao/SIteam/comp/SLES-15/nag/7.2.15/lib/NAG_Fortran/libf72rts.so.1(__NAGf90_maybe_next_edit+0xe19)[0x14fea66aa629]
[borgl101:123616] [ 6] /discover/nobackup/projects/gmao/SIteam/ESMF_Testing/nag_7.2.15_openmpi_O_v8.7.0/esmf/DEFAULTINSTALLDIR/lib/libO/Linux.nag.64.openmpi.default/libesmf.so(nuopc_driver_MP_loopdatadependentinitialize+0x3aef)[0x148770edc15c]
[borgl101:123617] [ 7] /discover/nobackup/projects/gmao/SIteam/ESMF_Testing/nag_7.2.15_openmpi_O_v8.7.0/esmf/DEFAULTINSTALLDIR/lib/libO/Linux.nag.64.openmpi.default/libesmf.so(nuopc_driver_MP_loopdatadependentinitialize+0x3aef)[0x15518455915c]
[borgl101:123619] [ 7] /discover/nobackup/projects/gmao/SIteam/ESMF_Testing/nag_7.2.15_openmpi_O_v8.7.0/esmf/DEFAULTINSTALLDIR/lib/libO/Linux.nag.64.openmpi.default/libesmf.so(nuopc_driver_MP_loopdatadependentinitialize+0x3aef)[0x14fea8f9a15c]
[borgl101:123616] [ 7] /discover/nobackup/projects/gmao/SIteam/ESMF_Testing/nag_7.2.15_openmpi_O_v8.7.0/esmf/DEFAULTINSTALLDIR/lib/libO/Linux.nag.64.openmpi.default/libesmf.so(nuopc_driver_MP_loopdatadependentinitialize+0x3aef)[0x154cf052b15c]
[borgl101:123618] [ 7] /discover/nobackup/projects/gmao/SIteam/ESMF_Testing/nag_7.2.15_openmpi_O_v8.7.0/esmf/DEFAULTINSTALLDIR/lib/libO/Linux.nag.64.openmpi.default/libesmf.so(nuopc_driver_MP_initializeipdv02p5data+0x3180)[0x15518456907e]
[borgl101:123619] [ 8] /discover/nobackup/projects/gmao/SIteam/ESMF_Testing/nag_7.2.15_openmpi_O_v8.7.0/esmf/DEFAULTINSTALLDIR/lib/libO/Linux.nag.64.openmpi.default/libesmf.so(nuopc_driver_MP_initializeipdv02p5data+0x3180)[0x148770eec07e]
[borgl101:123617] [ 8] /discover/nobackup/projects/gmao/SIteam/ESMF_Testing/nag_7.2.15_openmpi_O_v8.7.0/esmf/DEFAULTINSTALLDIR/lib/libO/Linux.nag.64.openmpi.default/libesmf.so(nuopc_driver_MP_initializeipdv02p5data+0x3180)[0x154cf053b07e]
[borgl101:123618] [ 8] /discover/nobackup/projects/gmao/SIteam/ESMF_Testing/nag_7.2.15_openmpi_O_v8.7.0/esmf/DEFAULTINSTALLDIR/lib/libO/Linux.nag.64.openmpi.default/libesmf.so(nuopc_driver_MP_initializeipdv02p5data+0x3180)[0x14fea8faa07e]
[borgl101:123616] [ 8] /discover/nobackup/projects/gmao/SIteam/ESMF_Testing/nag_7.2.15_openmpi_O_v8.7.0/esmf/DEFAULTINSTALLDIR/lib/libO/Linux.nag.64.openmpi.default/libesmf.so(nuopc_driver_MP_initializeipdv02p5+0x4779)[0x154cf0540643]
[borgl101:123618] [ 9] /discover/nobackup/projects/gmao/SIteam/ESMF_Testing/nag_7.2.15_openmpi_O_v8.7.0/esmf/DEFAULTINSTALLDIR/lib/libO/Linux.nag.64.openmpi.default/libesmf.so(nuopc_driver_MP_initializeipdv02p5+0x4779)[0x148770ef1643]
[borgl101:123617] [ 9] /discover/nobackup/projects/gmao/SIteam/ESMF_Testing/nag_7.2.15_openmpi_O_v8.7.0/esmf/DEFAULTINSTALLDIR/lib/libO/Linux.nag.64.openmpi.default/libesmf.so(nuopc_driver_MP_initializeipdv02p5+0x4779)[0x15518456e643]
[borgl101:123619] [ 9] /discover/nobackup/projects/gmao/SIteam/ESMF_Testing/nag_7.2.15_openmpi_O_v8.7.0/esmf/DEFAULTINSTALLDIR/lib/libO/Linux.nag.64.openmpi.default/libesmf.so(nuopc_driver_MP_initializeipdv02p5+0x4779)[0x14fea8faf643]
[borgl101:123616] [ 9] /discover/nobackup/projects/gmao/SIteam/ESMF_Testing/nag_7.2.15_openmpi_O_v8.7.0/esmf/DEFAULTINSTALLDIR/lib/libO/Linux.nag.64.openmpi.default/libesmf.so(nuopc_driver_MP_initializegeneric+0x1a06)[0x14fea8fe4cd1]
[borgl101:123616] [10] /discover/nobackup/projects/gmao/SIteam/ESMF_Testing/nag_7.2.15_openmpi_O_v8.7.0/esmf/DEFAULTINSTALLDIR/lib/libO/Linux.nag.64.openmpi.default/libesmf.so(nuopc_driver_MP_initializegeneric+0x1a06)[0x1551845a3cd1]
[borgl101:123619] [10] /discover/nobackup/projects/gmao/SIteam/ESMF_Testing/nag_7.2.15_openmpi_O_v8.7.0/esmf/DEFAULTINSTALLDIR/lib/libO/Linux.nag.64.openmpi.default/libesmf.so(nuopc_driver_MP_initializegeneric+0x1a06)[0x154cf0575cd1]
[borgl101:123618] [10] /discover/nobackup/projects/gmao/SIteam/ESMF_Testing/nag_7.2.15_openmpi_O_v8.7.0/esmf/DEFAULTINSTALLDIR/lib/libO/Linux.nag.64.openmpi.default/libesmf.so(nuopc_driver_MP_initializegeneric+0x1a06)[0x148770f26cd1]
[borgl101:123617] [10] /discover/nobackup/projects/gmao/SIteam/ESMF_Testing/nag_7.2.15_openmpi_O_v8.7.0/esmf/DEFAULTINSTALLDIR/lib/libO/Linux.nag.64.openmpi.default/libesmf.so(_ZN5ESMCI6FTable12callVFuncPtrEPKcPNS_2VMEPi+0xc55)[0x14fea80f0c79]
[borgl101:123616] [11] /discover/nobackup/projects/gmao/SIteam/ESMF_Testing/nag_7.2.15_openmpi_O_v8.7.0/esmf/DEFAULTINSTALLDIR/lib/libO/Linux.nag.64.openmpi.default/libesmf.so(_ZN5ESMCI6FTable12callVFuncPtrEPKcPNS_2VMEPi+0xc55)[0x1551836afc79]
[borgl101:123619] [11] /discover/nobackup/projects/gmao/SIteam/ESMF_Testing/nag_7.2.15_openmpi_O_v8.7.0/esmf/DEFAULTINSTALLDIR/lib/libO/Linux.nag.64.openmpi.default/libesmf.so(_ZN5ESMCI6FTable12callVFuncPtrEPKcPNS_2VMEPi+0xc55)[0x154cef681c79]
[borgl101:123618] [11] /discover/nobackup/projects/gmao/SIteam/ESMF_Testing/nag_7.2.15_openmpi_O_v8.7.0/esmf/DEFAULTINSTALLDIR/lib/libO/Linux.nag.64.openmpi.default/libesmf.so(_ZN5ESMCI6FTable12callVFuncPtrEPKcPNS_2VMEPi+0xc55)[0x148770032c79]
[borgl101:123617] [11] /discover/nobackup/projects/gmao/SIteam/ESMF_Testing/nag_7.2.15_openmpi_O_v8.7.0/esmf/DEFAULTINSTALLDIR/lib/libO/Linux.nag.64.openmpi.default/libesmf.so(ESMCI_FTableCallEntryPointVMHop+0x32e)[0x154cef67ed4c]
[borgl101:123618] [12] /discover/nobackup/projects/gmao/SIteam/ESMF_Testing/nag_7.2.15_openmpi_O_v8.7.0/esmf/DEFAULTINSTALLDIR/lib/libO/Linux.nag.64.openmpi.default/libesmf.so(ESMCI_FTableCallEntryPointVMHop+0x32e)[0x14fea80edd4c]
[borgl101:123616] [12] /discover/nobackup/projects/gmao/SIteam/ESMF_Testing/nag_7.2.15_openmpi_O_v8.7.0/esmf/DEFAULTINSTALLDIR/lib/libO/Linux.nag.64.openmpi.default/libesmf.so(ESMCI_FTableCallEntryPointVMHop+0x32e)[0x1551836acd4c]
[borgl101:123619] [12] /discover/nobackup/projects/gmao/SIteam/ESMF_Testing/nag_7.2.15_openmpi_O_v8.7.0/esmf/DEFAULTINSTALLDIR/lib/libO/Linux.nag.64.openmpi.default/libesmf.so(ESMCI_FTableCallEntryPointVMHop+0x32e)[0x14877002fd4c]
[borgl101:123617] [12] /discover/nobackup/projects/gmao/SIteam/ESMF_Testing/nag_7.2.15_openmpi_O_v8.7.0/esmf/DEFAULTINSTALLDIR/lib/libO/Linux.nag.64.openmpi.default/libesmf.so(_ZN5ESMCI3VMK5enterEPNS_7VMKPlanEPvS3_+0xd5)[0x155183aab9b3]
[borgl101:123619] [13] /discover/nobackup/projects/gmao/SIteam/ESMF_Testing/nag_7.2.15_openmpi_O_v8.7.0/esmf/DEFAULTINSTALLDIR/lib/libO/Linux.nag.64.openmpi.default/libesmf.so(_ZN5ESMCI3VMK5enterEPNS_7VMKPlanEPvS3_+0xd5)[0x154cefa7d9b3]
[borgl101:123618] [13] /discover/nobackup/projects/gmao/SIteam/ESMF_Testing/nag_7.2.15_openmpi_O_v8.7.0/esmf/DEFAULTINSTALLDIR/lib/libO/Linux.nag.64.openmpi.default/libesmf.so(_ZN5ESMCI3VMK5enterEPNS_7VMKPlanEPvS3_+0xd5)[0x14fea84ec9b3]
[borgl101:123616] [13] /discover/nobackup/projects/gmao/SIteam/ESMF_Testing/nag_7.2.15_openmpi_O_v8.7.0/esmf/DEFAULTINSTALLDIR/lib/libO/Linux.nag.64.openmpi.default/libesmf.so(_ZN5ESMCI3VMK5enterEPNS_7VMKPlanEPvS3_+0xd5)[0x14877042e9b3]
[borgl101:123617] [13] /discover/nobackup/projects/gmao/SIteam/ESMF_Testing/nag_7.2.15_openmpi_O_v8.7.0/esmf/DEFAULTINSTALLDIR/lib/libO/Linux.nag.64.openmpi.default/libesmf.so(_ZN5ESMCI2VM5enterEPNS_6VMPlanEPvS3_+0xb7)[0x155183a958cd]
[borgl101:123619] [14] /discover/nobackup/projects/gmao/SIteam/ESMF_Testing/nag_7.2.15_openmpi_O_v8.7.0/esmf/DEFAULTINSTALLDIR/lib/libO/Linux.nag.64.openmpi.default/libesmf.so(_ZN5ESMCI2VM5enterEPNS_6VMPlanEPvS3_+0xb7)[0x154cefa678cd]
[borgl101:123618] [14] /discover/nobackup/projects/gmao/SIteam/ESMF_Testing/nag_7.2.15_openmpi_O_v8.7.0/esmf/DEFAULTINSTALLDIR/lib/libO/Linux.nag.64.openmpi.default/libesmf.so(_ZN5ESMCI2VM5enterEPNS_6VMPlanEPvS3_+0xb7)[0x1487704188cd]
[borgl101:123617] [14] /discover/nobackup/projects/gmao/SIteam/ESMF_Testing/nag_7.2.15_openmpi_O_v8.7.0/esmf/DEFAULTINSTALLDIR/lib/libO/Linux.nag.64.openmpi.default/libesmf.so(_ZN5ESMCI2VM5enterEPNS_6VMPlanEPvS3_+0xb7)[0x14fea84d68cd]
[borgl101:123616] [14] /discover/nobackup/projects/gmao/SIteam/ESMF_Testing/nag_7.2.15_openmpi_O_v8.7.0/esmf/DEFAULTINSTALLDIR/lib/libO/Linux.nag.64.openmpi.default/libesmf.so(c_esmc_ftablecallentrypointvm_+0x35f)[0x154cef67f1e5]
[borgl101:123618] [15] /discover/nobackup/projects/gmao/SIteam/ESMF_Testing/nag_7.2.15_openmpi_O_v8.7.0/esmf/DEFAULTINSTALLDIR/lib/libO/Linux.nag.64.openmpi.default/libesmf.so(c_esmc_ftablecallentrypointvm_+0x35f)[0x1551836ad1e5]
[borgl101:123619] [15] /discover/nobackup/projects/gmao/SIteam/ESMF_Testing/nag_7.2.15_openmpi_O_v8.7.0/esmf/DEFAULTINSTALLDIR/lib/libO/Linux.nag.64.openmpi.default/libesmf.so(c_esmc_ftablecallentrypointvm_+0x35f)[0x14fea80ee1e5]
[borgl101:123616] [15] /discover/nobackup/projects/gmao/SIteam/ESMF_Testing/nag_7.2.15_openmpi_O_v8.7.0/esmf/DEFAULTINSTALLDIR/lib/libO/Linux.nag.64.openmpi.default/libesmf.so(c_esmc_ftablecallentrypointvm_+0x35f)[0x1487700301e5]
[borgl101:123617] [15] /discover/nobackup/projects/gmao/SIteam/ESMF_Testing/nag_7.2.15_openmpi_O_v8.7.0/esmf/DEFAULTINSTALLDIR/lib/libO/Linux.nag.64.openmpi.default/libesmf.so(esmf_compmod_MP_esmf_compexecute+0xa43)[0x1487706c5f79]
[borgl101:123617] [16] /discover/nobackup/projects/gmao/SIteam/ESMF_Testing/nag_7.2.15_openmpi_O_v8.7.0/esmf/DEFAULTINSTALLDIR/lib/libO/Linux.nag.64.openmpi.default/libesmf.so(esmf_compmod_MP_esmf_compexecute+0xa43)[0x14fea8783f79]
[borgl101:123616] [16] /discover/nobackup/projects/gmao/SIteam/ESMF_Testing/nag_7.2.15_openmpi_O_v8.7.0/esmf/DEFAULTINSTALLDIR/lib/libO/Linux.nag.64.openmpi.default/libesmf.so(esmf_compmod_MP_esmf_compexecute+0xa43)[0x155183d42f79]
[borgl101:123619] [16] /discover/nobackup/projects/gmao/SIteam/ESMF_Testing/nag_7.2.15_openmpi_O_v8.7.0/esmf/DEFAULTINSTALLDIR/lib/libO/Linux.nag.64.openmpi.default/libesmf.so(esmf_compmod_MP_esmf_compexecute+0xa43)[0x154cefd14f79]
[borgl101:123618] [16] /discover/nobackup/projects/gmao/SIteam/ESMF_Testing/nag_7.2.15_openmpi_O_v8.7.0/esmf/DEFAULTINSTALLDIR/lib/libO/Linux.nag.64.openmpi.default/libesmf.so(esmf_gridcompmod_MP_esmf_gridcompinitialize+0x176)[0x1487709e7764]
[borgl101:123617] [17] ./mainApp[0x4953dd]
[borgl101:123617] /discover/nobackup/projects/gmao/SIteam/ESMF_Testing/nag_7.2.15_openmpi_O_v8.7.0/esmf/DEFAULTINSTALLDIR/lib/libO/Linux.nag.64.openmpi.default/libesmf.so(esmf_gridcompmod_MP_esmf_gridcompinitialize+0x176)[0x14fea8aa5764]
[borgl101:123616] [17] ./mainApp[0x4953dd]
[borgl101:123616] [18] /discover/nobackup/projects/gmao/SIteam/ESMF_Testing/nag_7.2.15_openmpi_O_v8.7.0/esmf/DEFAULTINSTALLDIR/lib/libO/Linux.nag.64.openmpi.default/libesmf.so(esmf_gridcompmod_MP_esmf_gridcompinitialize+0x176)[0x155184064764]
[borgl101:123619] [17] ./mainApp[0x4953dd]
[borgl101:123619] [18] /discover/nobackup/projects/gmao/SIteam/ESMF_Testing/nag_7.2.15_openmpi_O_v8.7.0/esmf/DEFAULTINSTALLDIR/lib/libO/Linux.nag.64.openmpi.default/libesmf.so(esmf_gridcompmod_MP_esmf_gridcompinitialize+0x176)[0x154cf0036764]
[borgl101:123618] [17] ./mainApp[0x4953dd]
[borgl101:123618] [18] ./mainApp(__NAGf90_cosmp_init+0x123)[0x434203]
[borgl101:123618] ./mainApp(__NAGf90_cosmp_init+0x123)[0x434203]
[borgl101:123619] [19] ./mainApp[0x494f13]
[borgl101:123619] [18] ./mainApp(__NAGf90_cosmp_init+0x123)[0x434203]
[borgl101:123617] [19] ./mainApp[0x494f13]
[borgl101:123617] [20] ./mainApp(__NAGf90_cosmp_init+0x123)[0x434203]
[borgl101:123616] [19] ./mainApp[0x494f13]
[borgl101:123616] [20] [19] ./mainApp[0x494f13]
[borgl101:123618] [20] /lib64/libc.so.6(__libc_start_main+0xef)[0x14876e2f224d]
[borgl101:123617] [21] ./mainApp[0x40b66a]
[borgl101:123617] *** End of error message ***
/lib64/libc.so.6(__libc_start_main+0xef)[0x154ced8f224d]
[borgl101:123618] [21] ./mainApp[0x40b66a]
[borgl101:123618] *** End of error message ***
/lib64/libc.so.6(__libc_start_main+0xef)[0x14fea62f224d]
[borgl101:123616] [21] ./mainApp[0x40b66a]
[borgl101:123616] *** End of error message ***
[20] /lib64/libc.so.6(__libc_start_main+0xef)[0x1551818f224d]
[borgl101:123619] [21] ./mainApp[0x40b66a]
[borgl101:123619] *** End of error message ***
--------------------------------------------------------------------------
Primary job  terminated normally, but 1 process returned
a non-zero exit code. Per user-direction, the job has been aborted.
--------------------------------------------------------------------------
--------------------------------------------------------------------------
mpirun noticed that process rank 2 with PID 123618 on node borgl101 exited on signal 6 (Aborted).
--------------------------------------------------------------------------
