2024-09-25 03:09:04
20240925 034239.692 INFO             PET0 !!!!!!!!!!!!!!!!!!!!!!!!!!!!!!!!!!!!!!!!!!!!!!!!!!!!!!
20240925 034239.692 INFO             PET0 !!! THE ESMF_LOG IS SET TO OUTPUT ALL LOG MESSAGES !!!
20240925 034239.692 INFO             PET0 !!!     THIS MAY CAUSE SLOWDOWN IN PERFORMANCE     !!!
20240925 034239.692 INFO             PET0 !!! FOR PRODUCTION RUNS, USE:                      !!!
20240925 034239.692 INFO             PET0 !!!                   ESMF_LOGKIND_Multi_On_Error  !!!
20240925 034239.692 INFO             PET0 !!!!!!!!!!!!!!!!!!!!!!!!!!!!!!!!!!!!!!!!!!!!!!!!!!!!!!
20240925 034239.692 INFO             PET0 Running with ESMF Version   : v8.7.0b14-1-g2597b0a993
20240925 034239.692 INFO             PET0 ESMF library build date/time: "Sep 25 2024" "03:06:48"
20240925 034239.692 INFO             PET0 ESMF library build location : /glade/derecho/scratch/sacks/esmf-testing/intel_2023.2.1-oneAPI_mpi_O_release_8.7.0/esmf
20240925 034239.692 INFO             PET0 ESMF_COMM                   : mpi
20240925 034239.693 INFO             PET0 ESMF_MOAB                   : enabled
20240925 034239.693 INFO             PET0 ESMF_LAPACK                 : enabled
20240925 034239.693 INFO             PET0 ESMF_NETCDF                 : enabled
20240925 034239.693 INFO             PET0 ESMF_PNETCDF                : disabled
20240925 034239.693 INFO             PET0 ESMF_PIO                    : enabled
20240925 034239.693 INFO             PET0 ESMF_YAMLCPP                : enabled
20240925 034239.698 INFO             PET0 ESMF_FieldRedistStoreNF(): Just entered routine.
20240925 034239.727 INFO             PET0 ESMF_FieldRedistStoreNF(): Leaving routine.
20240925 034239.742 INFO             PET0  NUMBER_OF_PROCESSORS           4
20240925 034239.742 INFO             PET0  PASS  Example ESMF_RHandleFromFileEx, ESMF_RHandleFromFileEx.F90, line 192
20240925 034239.742 INFO             PET0  Finalizing ESMF
20240925 034239.693 INFO             PET1 !!!!!!!!!!!!!!!!!!!!!!!!!!!!!!!!!!!!!!!!!!!!!!!!!!!!!!
20240925 034239.693 INFO             PET1 !!! THE ESMF_LOG IS SET TO OUTPUT ALL LOG MESSAGES !!!
20240925 034239.693 INFO             PET1 !!!     THIS MAY CAUSE SLOWDOWN IN PERFORMANCE     !!!
20240925 034239.693 INFO             PET1 !!! FOR PRODUCTION RUNS, USE:                      !!!
20240925 034239.693 INFO             PET1 !!!                   ESMF_LOGKIND_Multi_On_Error  !!!
20240925 034239.693 INFO             PET1 !!!!!!!!!!!!!!!!!!!!!!!!!!!!!!!!!!!!!!!!!!!!!!!!!!!!!!
20240925 034239.693 INFO             PET1 Running with ESMF Version   : v8.7.0b14-1-g2597b0a993
20240925 034239.693 INFO             PET1 ESMF library build date/time: "Sep 25 2024" "03:06:48"
20240925 034239.693 INFO             PET1 ESMF library build location : /glade/derecho/scratch/sacks/esmf-testing/intel_2023.2.1-oneAPI_mpi_O_release_8.7.0/esmf
20240925 034239.693 INFO             PET1 ESMF_COMM                   : mpi
20240925 034239.696 INFO             PET1 ESMF_MOAB                   : enabled
20240925 034239.696 INFO             PET1 ESMF_LAPACK                 : enabled
20240925 034239.696 INFO             PET1 ESMF_NETCDF                 : enabled
20240925 034239.696 INFO             PET1 ESMF_PNETCDF                : disabled
20240925 034239.696 INFO             PET1 ESMF_PIO                    : enabled
20240925 034239.696 INFO             PET1 ESMF_YAMLCPP                : enabled
20240925 034239.697 INFO             PET1 ESMF_FieldRedistStoreNF(): Just entered routine.
20240925 034239.727 INFO             PET1 ESMF_FieldRedistStoreNF(): Leaving routine.
20240925 034239.742 INFO             PET1  NUMBER_OF_PROCESSORS           4
20240925 034239.742 INFO             PET1  PASS  Example ESMF_RHandleFromFileEx, ESMF_RHandleFromFileEx.F90, line 192
20240925 034239.742 INFO             PET1  Finalizing ESMF
20240925 034239.692 INFO             PET2 !!!!!!!!!!!!!!!!!!!!!!!!!!!!!!!!!!!!!!!!!!!!!!!!!!!!!!
20240925 034239.692 INFO             PET2 !!! THE ESMF_LOG IS SET TO OUTPUT ALL LOG MESSAGES !!!
20240925 034239.692 INFO             PET2 !!!     THIS MAY CAUSE SLOWDOWN IN PERFORMANCE     !!!
20240925 034239.692 INFO             PET2 !!! FOR PRODUCTION RUNS, USE:                      !!!
20240925 034239.692 INFO             PET2 !!!                   ESMF_LOGKIND_Multi_On_Error  !!!
20240925 034239.692 INFO             PET2 !!!!!!!!!!!!!!!!!!!!!!!!!!!!!!!!!!!!!!!!!!!!!!!!!!!!!!
20240925 034239.692 INFO             PET2 Running with ESMF Version   : v8.7.0b14-1-g2597b0a993
20240925 034239.693 INFO             PET2 ESMF library build date/time: "Sep 25 2024" "03:06:48"
20240925 034239.693 INFO             PET2 ESMF library build location : /glade/derecho/scratch/sacks/esmf-testing/intel_2023.2.1-oneAPI_mpi_O_release_8.7.0/esmf
20240925 034239.693 INFO             PET2 ESMF_COMM                   : mpi
20240925 034239.693 INFO             PET2 ESMF_MOAB                   : enabled
20240925 034239.693 INFO             PET2 ESMF_LAPACK                 : enabled
20240925 034239.693 INFO             PET2 ESMF_NETCDF                 : enabled
20240925 034239.693 INFO             PET2 ESMF_PNETCDF                : disabled
20240925 034239.693 INFO             PET2 ESMF_PIO                    : enabled
20240925 034239.693 INFO             PET2 ESMF_YAMLCPP                : enabled
20240925 034239.697 INFO             PET2 ESMF_FieldRedistStoreNF(): Just entered routine.
20240925 034239.727 INFO             PET2 ESMF_FieldRedistStoreNF(): Leaving routine.
20240925 034239.742 INFO             PET2  NUMBER_OF_PROCESSORS           4
20240925 034239.742 INFO             PET2  PASS  Example ESMF_RHandleFromFileEx, ESMF_RHandleFromFileEx.F90, line 192
20240925 034239.742 INFO             PET2  Finalizing ESMF
20240925 034239.692 INFO             PET3 !!!!!!!!!!!!!!!!!!!!!!!!!!!!!!!!!!!!!!!!!!!!!!!!!!!!!!
20240925 034239.692 INFO             PET3 !!! THE ESMF_LOG IS SET TO OUTPUT ALL LOG MESSAGES !!!
20240925 034239.692 INFO             PET3 !!!     THIS MAY CAUSE SLOWDOWN IN PERFORMANCE     !!!
20240925 034239.692 INFO             PET3 !!! FOR PRODUCTION RUNS, USE:                      !!!
20240925 034239.692 INFO             PET3 !!!                   ESMF_LOGKIND_Multi_On_Error  !!!
20240925 034239.692 INFO             PET3 !!!!!!!!!!!!!!!!!!!!!!!!!!!!!!!!!!!!!!!!!!!!!!!!!!!!!!
20240925 034239.692 INFO             PET3 Running with ESMF Version   : v8.7.0b14-1-g2597b0a993
20240925 034239.692 INFO             PET3 ESMF library build date/time: "Sep 25 2024" "03:06:48"
20240925 034239.692 INFO             PET3 ESMF library build location : /glade/derecho/scratch/sacks/esmf-testing/intel_2023.2.1-oneAPI_mpi_O_release_8.7.0/esmf
20240925 034239.692 INFO             PET3 ESMF_COMM                   : mpi
20240925 034239.693 INFO             PET3 ESMF_MOAB                   : enabled
20240925 034239.693 INFO             PET3 ESMF_LAPACK                 : enabled
20240925 034239.693 INFO             PET3 ESMF_NETCDF                 : enabled
20240925 034239.693 INFO             PET3 ESMF_PNETCDF                : disabled
20240925 034239.693 INFO             PET3 ESMF_PIO                    : enabled
20240925 034239.693 INFO             PET3 ESMF_YAMLCPP                : enabled
20240925 034239.698 INFO             PET3 ESMF_FieldRedistStoreNF(): Just entered routine.
20240925 034239.727 INFO             PET3 ESMF_FieldRedistStoreNF(): Leaving routine.
20240925 034239.742 INFO             PET3  NUMBER_OF_PROCESSORS           4
20240925 034239.742 INFO             PET3  PASS  Example ESMF_RHandleFromFileEx, ESMF_RHandleFromFileEx.F90, line 192
20240925 034239.742 INFO             PET3  Finalizing ESMF
