2024-09-21 03:09:29
20240921 034517.112 INFO             PET0 !!!!!!!!!!!!!!!!!!!!!!!!!!!!!!!!!!!!!!!!!!!!!!!!!!!!!!
20240921 034517.112 INFO             PET0 !!! THE ESMF_LOG IS SET TO OUTPUT ALL LOG MESSAGES !!!
20240921 034517.112 INFO             PET0 !!!     THIS MAY CAUSE SLOWDOWN IN PERFORMANCE     !!!
20240921 034517.112 INFO             PET0 !!! FOR PRODUCTION RUNS, USE:                      !!!
20240921 034517.112 INFO             PET0 !!!                   ESMF_LOGKIND_Multi_On_Error  !!!
20240921 034517.112 INFO             PET0 !!!!!!!!!!!!!!!!!!!!!!!!!!!!!!!!!!!!!!!!!!!!!!!!!!!!!!
20240921 034517.112 INFO             PET0 Running with ESMF Version   : v8.7.0b14-1-g2597b0a993
20240921 034517.112 INFO             PET0 ESMF library build date/time: "Sep 21 2024" "03:07:07"
20240921 034517.112 INFO             PET0 ESMF library build location : /glade/derecho/scratch/sacks/esmf-testing/intel_2023.2.1-oneAPI_mpi_O_release_8.7.0/esmf
20240921 034517.112 INFO             PET0 ESMF_COMM                   : mpi
20240921 034517.113 INFO             PET0 ESMF_MOAB                   : enabled
20240921 034517.113 INFO             PET0 ESMF_LAPACK                 : enabled
20240921 034517.113 INFO             PET0 ESMF_NETCDF                 : enabled
20240921 034517.113 INFO             PET0 ESMF_PNETCDF                : disabled
20240921 034517.113 INFO             PET0 ESMF_PIO                    : enabled
20240921 034517.113 INFO             PET0 ESMF_YAMLCPP                : enabled
20240921 034517.117 INFO             PET0 ESMF_FieldRedistStoreNF(): Just entered routine.
20240921 034517.158 INFO             PET0 ESMF_FieldRedistStoreNF(): Leaving routine.
20240921 034517.162 INFO             PET0  NUMBER_OF_PROCESSORS           4
20240921 034517.162 INFO             PET0  PASS  Example ESMF_RHandleFromRHandleEx, ESMF_RHandleFromRHandleEx.F90, line 660
20240921 034517.162 INFO             PET0  Finalizing ESMF
20240921 034517.112 INFO             PET1 !!!!!!!!!!!!!!!!!!!!!!!!!!!!!!!!!!!!!!!!!!!!!!!!!!!!!!
20240921 034517.112 INFO             PET1 !!! THE ESMF_LOG IS SET TO OUTPUT ALL LOG MESSAGES !!!
20240921 034517.112 INFO             PET1 !!!     THIS MAY CAUSE SLOWDOWN IN PERFORMANCE     !!!
20240921 034517.112 INFO             PET1 !!! FOR PRODUCTION RUNS, USE:                      !!!
20240921 034517.112 INFO             PET1 !!!                   ESMF_LOGKIND_Multi_On_Error  !!!
20240921 034517.112 INFO             PET1 !!!!!!!!!!!!!!!!!!!!!!!!!!!!!!!!!!!!!!!!!!!!!!!!!!!!!!
20240921 034517.112 INFO             PET1 Running with ESMF Version   : v8.7.0b14-1-g2597b0a993
20240921 034517.112 INFO             PET1 ESMF library build date/time: "Sep 21 2024" "03:07:07"
20240921 034517.112 INFO             PET1 ESMF library build location : /glade/derecho/scratch/sacks/esmf-testing/intel_2023.2.1-oneAPI_mpi_O_release_8.7.0/esmf
20240921 034517.112 INFO             PET1 ESMF_COMM                   : mpi
20240921 034517.113 INFO             PET1 ESMF_MOAB                   : enabled
20240921 034517.113 INFO             PET1 ESMF_LAPACK                 : enabled
20240921 034517.113 INFO             PET1 ESMF_NETCDF                 : enabled
20240921 034517.113 INFO             PET1 ESMF_PNETCDF                : disabled
20240921 034517.113 INFO             PET1 ESMF_PIO                    : enabled
20240921 034517.113 INFO             PET1 ESMF_YAMLCPP                : enabled
20240921 034517.117 INFO             PET1 ESMF_FieldRedistStoreNF(): Just entered routine.
20240921 034517.158 INFO             PET1 ESMF_FieldRedistStoreNF(): Leaving routine.
20240921 034517.162 INFO             PET1  NUMBER_OF_PROCESSORS           4
20240921 034517.162 INFO             PET1  PASS  Example ESMF_RHandleFromRHandleEx, ESMF_RHandleFromRHandleEx.F90, line 660
20240921 034517.162 INFO             PET1  Finalizing ESMF
20240921 034517.112 INFO             PET2 !!!!!!!!!!!!!!!!!!!!!!!!!!!!!!!!!!!!!!!!!!!!!!!!!!!!!!
20240921 034517.112 INFO             PET2 !!! THE ESMF_LOG IS SET TO OUTPUT ALL LOG MESSAGES !!!
20240921 034517.112 INFO             PET2 !!!     THIS MAY CAUSE SLOWDOWN IN PERFORMANCE     !!!
20240921 034517.112 INFO             PET2 !!! FOR PRODUCTION RUNS, USE:                      !!!
20240921 034517.112 INFO             PET2 !!!                   ESMF_LOGKIND_Multi_On_Error  !!!
20240921 034517.112 INFO             PET2 !!!!!!!!!!!!!!!!!!!!!!!!!!!!!!!!!!!!!!!!!!!!!!!!!!!!!!
20240921 034517.112 INFO             PET2 Running with ESMF Version   : v8.7.0b14-1-g2597b0a993
20240921 034517.112 INFO             PET2 ESMF library build date/time: "Sep 21 2024" "03:07:07"
20240921 034517.112 INFO             PET2 ESMF library build location : /glade/derecho/scratch/sacks/esmf-testing/intel_2023.2.1-oneAPI_mpi_O_release_8.7.0/esmf
20240921 034517.112 INFO             PET2 ESMF_COMM                   : mpi
20240921 034517.112 INFO             PET2 ESMF_MOAB                   : enabled
20240921 034517.112 INFO             PET2 ESMF_LAPACK                 : enabled
20240921 034517.112 INFO             PET2 ESMF_NETCDF                 : enabled
20240921 034517.112 INFO             PET2 ESMF_PNETCDF                : disabled
20240921 034517.112 INFO             PET2 ESMF_PIO                    : enabled
20240921 034517.112 INFO             PET2 ESMF_YAMLCPP                : enabled
20240921 034517.117 INFO             PET2 ESMF_FieldRedistStoreNF(): Just entered routine.
20240921 034517.158 INFO             PET2 ESMF_FieldRedistStoreNF(): Leaving routine.
20240921 034517.160 INFO             PET2  NUMBER_OF_PROCESSORS           4
20240921 034517.160 INFO             PET2  PASS  Example ESMF_RHandleFromRHandleEx, ESMF_RHandleFromRHandleEx.F90, line 660
20240921 034517.160 INFO             PET2  Finalizing ESMF
20240921 034517.112 INFO             PET3 !!!!!!!!!!!!!!!!!!!!!!!!!!!!!!!!!!!!!!!!!!!!!!!!!!!!!!
20240921 034517.112 INFO             PET3 !!! THE ESMF_LOG IS SET TO OUTPUT ALL LOG MESSAGES !!!
20240921 034517.112 INFO             PET3 !!!     THIS MAY CAUSE SLOWDOWN IN PERFORMANCE     !!!
20240921 034517.112 INFO             PET3 !!! FOR PRODUCTION RUNS, USE:                      !!!
20240921 034517.112 INFO             PET3 !!!                   ESMF_LOGKIND_Multi_On_Error  !!!
20240921 034517.112 INFO             PET3 !!!!!!!!!!!!!!!!!!!!!!!!!!!!!!!!!!!!!!!!!!!!!!!!!!!!!!
20240921 034517.112 INFO             PET3 Running with ESMF Version   : v8.7.0b14-1-g2597b0a993
20240921 034517.112 INFO             PET3 ESMF library build date/time: "Sep 21 2024" "03:07:07"
20240921 034517.112 INFO             PET3 ESMF library build location : /glade/derecho/scratch/sacks/esmf-testing/intel_2023.2.1-oneAPI_mpi_O_release_8.7.0/esmf
20240921 034517.112 INFO             PET3 ESMF_COMM                   : mpi
20240921 034517.112 INFO             PET3 ESMF_MOAB                   : enabled
20240921 034517.112 INFO             PET3 ESMF_LAPACK                 : enabled
20240921 034517.112 INFO             PET3 ESMF_NETCDF                 : enabled
20240921 034517.112 INFO             PET3 ESMF_PNETCDF                : disabled
20240921 034517.112 INFO             PET3 ESMF_PIO                    : enabled
20240921 034517.112 INFO             PET3 ESMF_YAMLCPP                : enabled
20240921 034517.117 INFO             PET3 ESMF_FieldRedistStoreNF(): Just entered routine.
20240921 034517.158 INFO             PET3 ESMF_FieldRedistStoreNF(): Leaving routine.
20240921 034517.162 INFO             PET3  NUMBER_OF_PROCESSORS           4
20240921 034517.162 INFO             PET3  PASS  Example ESMF_RHandleFromRHandleEx, ESMF_RHandleFromRHandleEx.F90, line 660
20240921 034517.162 INFO             PET3  Finalizing ESMF
