2024-10-06 22:28:07
20241007 000433.697 INFO             PET0 !!!!!!!!!!!!!!!!!!!!!!!!!!!!!!!!!!!!!!!!!!!!!!!!!!!!!!
20241007 000433.697 INFO             PET0 !!! THE ESMF_LOG IS SET TO OUTPUT ALL LOG MESSAGES !!!
20241007 000433.697 INFO             PET0 !!!     THIS MAY CAUSE SLOWDOWN IN PERFORMANCE     !!!
20241007 000433.697 INFO             PET0 !!! FOR PRODUCTION RUNS, USE:                      !!!
20241007 000433.697 INFO             PET0 !!!                   ESMF_LOGKIND_Multi_On_Error  !!!
20241007 000433.697 INFO             PET0 !!!!!!!!!!!!!!!!!!!!!!!!!!!!!!!!!!!!!!!!!!!!!!!!!!!!!!
20241007 000433.697 INFO             PET0 Running with ESMF Version   : v8.7.0
20241007 000433.697 INFO             PET0 ESMF library build date/time: "Oct  6 2024" "22:25:40"
20241007 000433.697 INFO             PET0 ESMF library build location : /discover/nobackup/projects/gmao/SIteam/ESMF_Testing/intel_2024.2.0_intelmpi_g_v8.7.0/esmf
20241007 000433.697 INFO             PET0 ESMF_COMM                   : intelmpi
20241007 000433.698 INFO             PET0 ESMF_MOAB                   : enabled
20241007 000433.698 INFO             PET0 ESMF_LAPACK                 : enabled
20241007 000433.698 INFO             PET0 ESMF_NETCDF                 : disabled
20241007 000433.698 INFO             PET0 ESMF_PNETCDF                : disabled
20241007 000433.698 INFO             PET0 ESMF_PIO                    : disabled
20241007 000433.698 INFO             PET0 ESMF_YAMLCPP                : enabled
20241007 000433.700 ERROR            PET0 ESMCI_State.C:982 ESMCI::State::read() Library needed by ESMF not present  - Internal subroutine call returned Error
20241007 000433.700 ERROR            PET0 ESMF_StateAPI.cppF90:3446 ESMF_StateRead Library needed by ESMF not present  - Internal subroutine call returned Error
20241007 000433.700 INFO             PET0  NUMBER_OF_PROCESSORS           4
20241007 000433.700 INFO             PET0  PASS  Example ESMF_StateReadWriteEx, ESMF_StateReadWriteEx.F90, line 185
20241007 000433.700 INFO             PET0  Finalizing ESMF
20241007 000433.698 INFO             PET1 !!!!!!!!!!!!!!!!!!!!!!!!!!!!!!!!!!!!!!!!!!!!!!!!!!!!!!
20241007 000433.698 INFO             PET1 !!! THE ESMF_LOG IS SET TO OUTPUT ALL LOG MESSAGES !!!
20241007 000433.698 INFO             PET1 !!!     THIS MAY CAUSE SLOWDOWN IN PERFORMANCE     !!!
20241007 000433.698 INFO             PET1 !!! FOR PRODUCTION RUNS, USE:                      !!!
20241007 000433.698 INFO             PET1 !!!                   ESMF_LOGKIND_Multi_On_Error  !!!
20241007 000433.698 INFO             PET1 !!!!!!!!!!!!!!!!!!!!!!!!!!!!!!!!!!!!!!!!!!!!!!!!!!!!!!
20241007 000433.698 INFO             PET1 Running with ESMF Version   : v8.7.0
20241007 000433.698 INFO             PET1 ESMF library build date/time: "Oct  6 2024" "22:25:40"
20241007 000433.698 INFO             PET1 ESMF library build location : /discover/nobackup/projects/gmao/SIteam/ESMF_Testing/intel_2024.2.0_intelmpi_g_v8.7.0/esmf
20241007 000433.698 INFO             PET1 ESMF_COMM                   : intelmpi
20241007 000433.699 INFO             PET1 ESMF_MOAB                   : enabled
20241007 000433.699 INFO             PET1 ESMF_LAPACK                 : enabled
20241007 000433.699 INFO             PET1 ESMF_NETCDF                 : disabled
20241007 000433.699 INFO             PET1 ESMF_PNETCDF                : disabled
20241007 000433.699 INFO             PET1 ESMF_PIO                    : disabled
20241007 000433.699 INFO             PET1 ESMF_YAMLCPP                : enabled
20241007 000433.700 ERROR            PET1 ESMCI_State.C:982 ESMCI::State::read() Library needed by ESMF not present  - Internal subroutine call returned Error
20241007 000433.700 ERROR            PET1 ESMF_StateAPI.cppF90:3446 ESMF_StateRead Library needed by ESMF not present  - Internal subroutine call returned Error
20241007 000433.700 INFO             PET1  NUMBER_OF_PROCESSORS           4
20241007 000433.700 INFO             PET1  PASS  Example ESMF_StateReadWriteEx, ESMF_StateReadWriteEx.F90, line 185
20241007 000433.700 INFO             PET1  Finalizing ESMF
20241007 000433.697 INFO             PET2 !!!!!!!!!!!!!!!!!!!!!!!!!!!!!!!!!!!!!!!!!!!!!!!!!!!!!!
20241007 000433.697 INFO             PET2 !!! THE ESMF_LOG IS SET TO OUTPUT ALL LOG MESSAGES !!!
20241007 000433.697 INFO             PET2 !!!     THIS MAY CAUSE SLOWDOWN IN PERFORMANCE     !!!
20241007 000433.697 INFO             PET2 !!! FOR PRODUCTION RUNS, USE:                      !!!
20241007 000433.697 INFO             PET2 !!!                   ESMF_LOGKIND_Multi_On_Error  !!!
20241007 000433.697 INFO             PET2 !!!!!!!!!!!!!!!!!!!!!!!!!!!!!!!!!!!!!!!!!!!!!!!!!!!!!!
20241007 000433.697 INFO             PET2 Running with ESMF Version   : v8.7.0
20241007 000433.697 INFO             PET2 ESMF library build date/time: "Oct  6 2024" "22:25:40"
20241007 000433.697 INFO             PET2 ESMF library build location : /discover/nobackup/projects/gmao/SIteam/ESMF_Testing/intel_2024.2.0_intelmpi_g_v8.7.0/esmf
20241007 000433.697 INFO             PET2 ESMF_COMM                   : intelmpi
20241007 000433.698 INFO             PET2 ESMF_MOAB                   : enabled
20241007 000433.698 INFO             PET2 ESMF_LAPACK                 : enabled
20241007 000433.698 INFO             PET2 ESMF_NETCDF                 : disabled
20241007 000433.698 INFO             PET2 ESMF_PNETCDF                : disabled
20241007 000433.698 INFO             PET2 ESMF_PIO                    : disabled
20241007 000433.698 INFO             PET2 ESMF_YAMLCPP                : enabled
20241007 000433.700 ERROR            PET2 ESMCI_State.C:982 ESMCI::State::read() Library needed by ESMF not present  - Internal subroutine call returned Error
20241007 000433.700 ERROR            PET2 ESMF_StateAPI.cppF90:3446 ESMF_StateRead Library needed by ESMF not present  - Internal subroutine call returned Error
20241007 000433.700 INFO             PET2  NUMBER_OF_PROCESSORS           4
20241007 000433.700 INFO             PET2  PASS  Example ESMF_StateReadWriteEx, ESMF_StateReadWriteEx.F90, line 185
20241007 000433.700 INFO             PET2  Finalizing ESMF
20241007 000433.699 INFO             PET3 !!!!!!!!!!!!!!!!!!!!!!!!!!!!!!!!!!!!!!!!!!!!!!!!!!!!!!
20241007 000433.699 INFO             PET3 !!! THE ESMF_LOG IS SET TO OUTPUT ALL LOG MESSAGES !!!
20241007 000433.699 INFO             PET3 !!!     THIS MAY CAUSE SLOWDOWN IN PERFORMANCE     !!!
20241007 000433.699 INFO             PET3 !!! FOR PRODUCTION RUNS, USE:                      !!!
20241007 000433.699 INFO             PET3 !!!                   ESMF_LOGKIND_Multi_On_Error  !!!
20241007 000433.699 INFO             PET3 !!!!!!!!!!!!!!!!!!!!!!!!!!!!!!!!!!!!!!!!!!!!!!!!!!!!!!
20241007 000433.699 INFO             PET3 Running with ESMF Version   : v8.7.0
20241007 000433.699 INFO             PET3 ESMF library build date/time: "Oct  6 2024" "22:25:40"
20241007 000433.699 INFO             PET3 ESMF library build location : /discover/nobackup/projects/gmao/SIteam/ESMF_Testing/intel_2024.2.0_intelmpi_g_v8.7.0/esmf
20241007 000433.699 INFO             PET3 ESMF_COMM                   : intelmpi
20241007 000433.699 INFO             PET3 ESMF_MOAB                   : enabled
20241007 000433.699 INFO             PET3 ESMF_LAPACK                 : enabled
20241007 000433.699 INFO             PET3 ESMF_NETCDF                 : disabled
20241007 000433.699 INFO             PET3 ESMF_PNETCDF                : disabled
20241007 000433.699 INFO             PET3 ESMF_PIO                    : disabled
20241007 000433.699 INFO             PET3 ESMF_YAMLCPP                : enabled
20241007 000433.700 ERROR            PET3 ESMCI_State.C:982 ESMCI::State::read() Library needed by ESMF not present  - Internal subroutine call returned Error
20241007 000433.700 ERROR            PET3 ESMF_StateAPI.cppF90:3446 ESMF_StateRead Library needed by ESMF not present  - Internal subroutine call returned Error
20241007 000433.700 INFO             PET3  NUMBER_OF_PROCESSORS           4
20241007 000433.700 INFO             PET3  PASS  Example ESMF_StateReadWriteEx, ESMF_StateReadWriteEx.F90, line 185
20241007 000433.700 INFO             PET3  Finalizing ESMF
