2024-10-06 22:28:07
20241007 000153.830 INFO             PET0 !!!!!!!!!!!!!!!!!!!!!!!!!!!!!!!!!!!!!!!!!!!!!!!!!!!!!!
20241007 000153.830 INFO             PET0 !!! THE ESMF_LOG IS SET TO OUTPUT ALL LOG MESSAGES !!!
20241007 000153.830 INFO             PET0 !!!     THIS MAY CAUSE SLOWDOWN IN PERFORMANCE     !!!
20241007 000153.830 INFO             PET0 !!! FOR PRODUCTION RUNS, USE:                      !!!
20241007 000153.830 INFO             PET0 !!!                   ESMF_LOGKIND_Multi_On_Error  !!!
20241007 000153.830 INFO             PET0 !!!!!!!!!!!!!!!!!!!!!!!!!!!!!!!!!!!!!!!!!!!!!!!!!!!!!!
20241007 000153.830 INFO             PET0 Running with ESMF Version   : v8.7.0
20241007 000153.830 INFO             PET0 ESMF library build date/time: "Oct  6 2024" "22:25:40"
20241007 000153.830 INFO             PET0 ESMF library build location : /discover/nobackup/projects/gmao/SIteam/ESMF_Testing/intel_2024.2.0_intelmpi_g_v8.7.0/esmf
20241007 000153.830 INFO             PET0 ESMF_COMM                   : intelmpi
20241007 000153.831 INFO             PET0 ESMF_MOAB                   : enabled
20241007 000153.831 INFO             PET0 ESMF_LAPACK                 : enabled
20241007 000153.831 INFO             PET0 ESMF_NETCDF                 : disabled
20241007 000153.831 INFO             PET0 ESMF_PNETCDF                : disabled
20241007 000153.831 INFO             PET0 ESMF_PIO                    : disabled
20241007 000153.831 INFO             PET0 ESMF_YAMLCPP                : enabled
20241007 000153.831 INFO             PET0  NUMBER_OF_PROCESSORS           1
20241007 000153.832 INFO             PET0  PASS  Example ESMF_ClockEx, ESMF_ClockEx.F90, line 220
20241007 000153.832 INFO             PET0  Finalizing ESMF
