 
Installing ESMF:
 
mkdir -p /glade/derecho/scratch/sacks/esmf-testing/cce_15.0.1_mpi_g_develop/esmf/DEFAULTINSTALLDIR/include
cp -f /glade/derecho/scratch/sacks/esmf-testing/cce_15.0.1_mpi_g_develop/esmf/src/include/NUOPC.h /glade/derecho/scratch/sacks/esmf-testing/cce_15.0.1_mpi_g_develop/esmf/DEFAULTINSTALLDIR/include
cp -f /glade/derecho/scratch/sacks/esmf-testing/cce_15.0.1_mpi_g_develop/esmf/src/include/ESMC.h /glade/derecho/scratch/sacks/esmf-testing/cce_15.0.1_mpi_g_develop/esmf/DEFAULTINSTALLDIR/include
cp -f /glade/derecho/scratch/sacks/esmf-testing/cce_15.0.1_mpi_g_develop/esmf/src/include/ESMC_*.h /glade/derecho/scratch/sacks/esmf-testing/cce_15.0.1_mpi_g_develop/esmf/DEFAULTINSTALLDIR/include
cp -f /glade/derecho/scratch/sacks/esmf-testing/cce_15.0.1_mpi_g_develop/esmf/build_config/Unicos.cce.default/ESMC_Conf.h /glade/derecho/scratch/sacks/esmf-testing/cce_15.0.1_mpi_g_develop/esmf/DEFAULTINSTALLDIR/include
cp -fr /glade/derecho/scratch/sacks/esmf-testing/cce_15.0.1_mpi_g_develop/esmf/src/addon/ESMX /glade/derecho/scratch/sacks/esmf-testing/cce_15.0.1_mpi_g_develop/esmf/DEFAULTINSTALLDIR/include
mkdir -p /glade/derecho/scratch/sacks/esmf-testing/cce_15.0.1_mpi_g_develop/esmf/DEFAULTINSTALLDIR/cmake
cp -f /glade/derecho/scratch/sacks/esmf-testing/cce_15.0.1_mpi_g_develop/esmf/cmake/*.cmake /glade/derecho/scratch/sacks/esmf-testing/cce_15.0.1_mpi_g_develop/esmf/DEFAULTINSTALLDIR/cmake
mkdir -p /glade/derecho/scratch/sacks/esmf-testing/cce_15.0.1_mpi_g_develop/esmf/DEFAULTINSTALLDIR/mod/modg/Unicos.cce.64.mpi.default
cp -f /glade/derecho/scratch/sacks/esmf-testing/cce_15.0.1_mpi_g_develop/esmf/mod/modg/Unicos.cce.64.mpi.default/*.mod /glade/derecho/scratch/sacks/esmf-testing/cce_15.0.1_mpi_g_develop/esmf/DEFAULTINSTALLDIR/mod/modg/Unicos.cce.64.mpi.default
mkdir -p /glade/derecho/scratch/sacks/esmf-testing/cce_15.0.1_mpi_g_develop/esmf/DEFAULTINSTALLDIR/lib/libg/Unicos.cce.64.mpi.default
cp -f /glade/derecho/scratch/sacks/esmf-testing/cce_15.0.1_mpi_g_develop/esmf/lib/libg/Unicos.cce.64.mpi.default/libesmf*.* /glade/derecho/scratch/sacks/esmf-testing/cce_15.0.1_mpi_g_develop/esmf/DEFAULTINSTALLDIR/lib/libg/Unicos.cce.64.mpi.default
cp -f /glade/derecho/scratch/sacks/esmf-testing/cce_15.0.1_mpi_g_develop/esmf/lib/libg/Unicos.cce.64.mpi.default/libpioc.* /glade/derecho/scratch/sacks/esmf-testing/cce_15.0.1_mpi_g_develop/esmf/DEFAULTINSTALLDIR/lib/libg/Unicos.cce.64.mpi.default
make ESMF_PRELOADDIR=/glade/derecho/scratch/sacks/esmf-testing/cce_15.0.1_mpi_g_develop/esmf/DEFAULTINSTALLDIR/lib/libg/Unicos.cce.64.mpi.default build_preload_script
make[1]: Entering directory '/glade/derecho/scratch/sacks/esmf-testing/cce_15.0.1_mpi_g_develop/esmf'
chmod 755 /glade/derecho/scratch/sacks/esmf-testing/cce_15.0.1_mpi_g_develop/esmf/DEFAULTINSTALLDIR/lib/libg/Unicos.cce.64.mpi.default/preload.sh
make[1]: Leaving directory '/glade/derecho/scratch/sacks/esmf-testing/cce_15.0.1_mpi_g_develop/esmf'
ranlib /glade/derecho/scratch/sacks/esmf-testing/cce_15.0.1_mpi_g_develop/esmf/DEFAULTINSTALLDIR/lib/libg/Unicos.cce.64.mpi.default/libesmf*.a
make install_apps
make[1]: Entering directory '/glade/derecho/scratch/sacks/esmf-testing/cce_15.0.1_mpi_g_develop/esmf'
mkdir -p /glade/derecho/scratch/sacks/esmf-testing/cce_15.0.1_mpi_g_develop/esmf/DEFAULTINSTALLDIR/bin/bing/Unicos.cce.64.mpi.default
make build_apps ESMF_APPSDIR=/glade/derecho/scratch/sacks/esmf-testing/cce_15.0.1_mpi_g_develop/esmf/DEFAULTINSTALLDIR/bin/bing/Unicos.cce.64.mpi.default ESMF_LDIR=/glade/derecho/scratch/sacks/esmf-testing/cce_15.0.1_mpi_g_develop/esmf/DEFAULTINSTALLDIR/lib/libg/Unicos.cce.64.mpi.default ESMF_LIBDIR=/glade/derecho/scratch/sacks/esmf-testing/cce_15.0.1_mpi_g_develop/esmf/DEFAULTINSTALLDIR/lib/libg/Unicos.cce.64.mpi.default ESMF_MODDIR=/glade/derecho/scratch/sacks/esmf-testing/cce_15.0.1_mpi_g_develop/esmf/DEFAULTINSTALLDIR/mod/modg/Unicos.cce.64.mpi.default
make[2]: Entering directory '/glade/derecho/scratch/sacks/esmf-testing/cce_15.0.1_mpi_g_develop/esmf'
cd /glade/derecho/scratch/sacks/esmf-testing/cce_15.0.1_mpi_g_develop/esmf/src/apps; make ACTION=tree_build_apps tree
make[3]: Entering directory '/glade/derecho/scratch/sacks/esmf-testing/cce_15.0.1_mpi_g_develop/esmf/src/apps'
tree_build_apps in: /glade/derecho/scratch/sacks/esmf-testing/cce_15.0.1_mpi_g_develop/esmf/src/apps/ESMF_PrintInfo
make[4]: Entering directory '/glade/derecho/scratch/sacks/esmf-testing/cce_15.0.1_mpi_g_develop/esmf/src/apps/ESMF_PrintInfo'
make chkdir_locobj
make[5]: Entering directory '/glade/derecho/scratch/sacks/esmf-testing/cce_15.0.1_mpi_g_develop/esmf/src/apps/ESMF_PrintInfo'
Making directory /glade/derecho/scratch/sacks/esmf-testing/cce_15.0.1_mpi_g_develop/esmf/obj/objg/Unicos.cce.64.mpi.default/src/apps/ESMF_PrintInfo for apps output
make[5]: Leaving directory '/glade/derecho/scratch/sacks/esmf-testing/cce_15.0.1_mpi_g_develop/esmf/src/apps/ESMF_PrintInfo'
ftn -c -g -fPIC  -fopenmp -I/glade/derecho/scratch/sacks/esmf-testing/cce_15.0.1_mpi_g_develop/esmf/src/apps/ESMF_PrintInfo -I/glade/derecho/scratch/sacks/esmf-testing/cce_15.0.1_mpi_g_develop/esmf/build_config/Unicos.cce.default -I/glade/derecho/scratch/sacks/esmf-testing/cce_15.0.1_mpi_g_develop/esmf/src/Infrastructure -I/glade/derecho/scratch/sacks/esmf-testing/cce_15.0.1_mpi_g_develop/esmf/src/Superstructure -I/glade/derecho/scratch/sacks/esmf-testing/cce_15.0.1_mpi_g_develop/esmf/DEFAULTINSTALLDIR/mod/modg/Unicos.cce.64.mpi.default -I/glade/derecho/scratch/sacks/esmf-testing/cce_15.0.1_mpi_g_develop/esmf/src/include -I/glade/u/apps/derecho/23.06/spack/opt/spack/netcdf/4.9.2/packages/netcdf-c/4.9.2/cce/15.0.1/kfqe/include -I/glade/u/apps/derecho/23.06/spack/opt/spack/netcdf/4.9.2/packages/netcdf-fortran/4.6.0/cce/15.0.1/khki/include -f free -N 255 -F -DESMF_NO_INTEGER_1_BYTE -DESMF_NO_INTEGER_2_BYTE -DESMF_VERSION_STRING_GIT='"v8.7.0b13-3-gedb848d90b"' -DESMF_MOAB=1 -DESMF_LAPACK=1 -DESMF_LAPACK_INTERNAL=1 -DESMF_NO_ACC_SOFTWARE_STACK=1 -DESMF_NETCDF=1 -DESMF_YAMLCPP=1 -DESMF_YAML=1 -DESMF_PIO=1 -DESMF_NO_OPENACC -DESMF_TESTEXHAUSTIVE -DESMF_BOPT_g -DESMF_TESTPERFORMANCE -DESMF_TESTCOMPTUNNEL -DESMF_TESTWITHTHREADS -DS64=1 -DESMF_OS_Unicos=1 -DESMF_COMM=mpi -DESMF_DIR=/glade/derecho/scratch/sacks/esmf-testing/cce_15.0.1_mpi_g_develop/esmf ESMF_PrintInfo.F90 -o /glade/derecho/scratch/sacks/esmf-testing/cce_15.0.1_mpi_g_develop/esmf/obj/objg/Unicos.cce.64.mpi.default/src/apps/ESMF_PrintInfo/ESMF_PrintInfo.o
make chkdir_apps
make[5]: Entering directory '/glade/derecho/scratch/sacks/esmf-testing/cce_15.0.1_mpi_g_develop/esmf/src/apps/ESMF_PrintInfo'
make[5]: Leaving directory '/glade/derecho/scratch/sacks/esmf-testing/cce_15.0.1_mpi_g_develop/esmf/src/apps/ESMF_PrintInfo'
ftn     -fopenmp -L/glade/derecho/scratch/sacks/esmf-testing/cce_15.0.1_mpi_g_develop/esmf/DEFAULTINSTALLDIR/lib/libg/Unicos.cce.64.mpi.default -L/glade/u/apps/derecho/23.06/spack/opt/spack/netcdf/4.9.2/packages/netcdf-c/4.9.2/cce/15.0.1/kfqe/lib -L/glade/u/apps/derecho/23.06/spack/opt/spack/netcdf/4.9.2/packages/netcdf-fortran/4.6.0/cce/15.0.1/khki/lib -Wl,-rpath,/glade/derecho/scratch/sacks/esmf-testing/cce_15.0.1_mpi_g_develop/esmf/DEFAULTINSTALLDIR/lib/libg/Unicos.cce.64.mpi.default -Wl,-rpath,/glade/u/apps/derecho/23.06/spack/opt/spack/netcdf/4.9.2/packages/netcdf-c/4.9.2/cce/15.0.1/kfqe/lib -Wl,-rpath,/glade/u/apps/derecho/23.06/spack/opt/spack/netcdf/4.9.2/packages/netcdf-fortran/4.6.0/cce/15.0.1/khki/lib  -o /glade/derecho/scratch/sacks/esmf-testing/cce_15.0.1_mpi_g_develop/esmf/DEFAULTINSTALLDIR/bin/bing/Unicos.cce.64.mpi.default/ESMF_PrintInfo /glade/derecho/scratch/sacks/esmf-testing/cce_15.0.1_mpi_g_develop/esmf/obj/objg/Unicos.cce.64.mpi.default/src/apps/ESMF_PrintInfo/ESMF_PrintInfo.o -lesmf   -lnetcdf -lnetcdff -lnetcdf -lnetcdf -ldl -lm -lpioc
make[4]: Leaving directory '/glade/derecho/scratch/sacks/esmf-testing/cce_15.0.1_mpi_g_develop/esmf/src/apps/ESMF_PrintInfo'
tree_build_apps in: /glade/derecho/scratch/sacks/esmf-testing/cce_15.0.1_mpi_g_develop/esmf/src/apps/ESMF_PrintInfoC
make[4]: Entering directory '/glade/derecho/scratch/sacks/esmf-testing/cce_15.0.1_mpi_g_develop/esmf/src/apps/ESMF_PrintInfoC'
make chkdir_locobj
make[5]: Entering directory '/glade/derecho/scratch/sacks/esmf-testing/cce_15.0.1_mpi_g_develop/esmf/src/apps/ESMF_PrintInfoC'
Making directory /glade/derecho/scratch/sacks/esmf-testing/cce_15.0.1_mpi_g_develop/esmf/obj/objg/Unicos.cce.64.mpi.default/src/apps/ESMF_PrintInfoC for apps output
make[5]: Leaving directory '/glade/derecho/scratch/sacks/esmf-testing/cce_15.0.1_mpi_g_develop/esmf/src/apps/ESMF_PrintInfoC'
cc -c -std=c99 -g -fPIC  -fopenmp -I/glade/derecho/scratch/sacks/esmf-testing/cce_15.0.1_mpi_g_develop/esmf/src/apps/ESMF_PrintInfoC -I/glade/derecho/scratch/sacks/esmf-testing/cce_15.0.1_mpi_g_develop/esmf/src/apps/ESMF_PrintInfoC/../include -I/glade/derecho/scratch/sacks/esmf-testing/cce_15.0.1_mpi_g_develop/esmf/build_config/Unicos.cce.default -I/glade/derecho/scratch/sacks/esmf-testing/cce_15.0.1_mpi_g_develop/esmf/src/Infrastructure -I/glade/derecho/scratch/sacks/esmf-testing/cce_15.0.1_mpi_g_develop/esmf/src/Superstructure  -I/glade/derecho/scratch/sacks/esmf-testing/cce_15.0.1_mpi_g_develop/esmf/src/include   -DESMF_NO_INTEGER_1_BYTE -DESMF_NO_INTEGER_2_BYTE -DESMF_VERSION_STRING_GIT='"v8.7.0b13-3-gedb848d90b"' -DESMF_MOAB=1 -DESMF_LAPACK=1 -DESMF_LAPACK_INTERNAL=1 -DESMF_NO_ACC_SOFTWARE_STACK=1 -DESMF_NETCDF=1 -DESMF_YAMLCPP=1 -DESMF_YAML=1 -DESMF_PIO=1 -DESMF_NO_OPENACC -DESMF_TESTEXHAUSTIVE -DESMF_BOPT_g -DESMF_TESTPERFORMANCE -DESMF_TESTCOMPTUNNEL -DESMF_TESTWITHTHREADS -DS64=1 -DESMF_OS_Unicos=1 -DESMF_COMM=mpi -DESMF_DIR=/glade/derecho/scratch/sacks/esmf-testing/cce_15.0.1_mpi_g_develop/esmf -D__SDIR__='"src/apps/ESMF_PrintInfoC"' -DESMF_CSTD=99 ESMF_PrintInfoC.c -o /glade/derecho/scratch/sacks/esmf-testing/cce_15.0.1_mpi_g_develop/esmf/obj/objg/Unicos.cce.64.mpi.default/src/apps/ESMF_PrintInfoC/ESMF_PrintInfoC.o
make chkdir_apps
make[5]: Entering directory '/glade/derecho/scratch/sacks/esmf-testing/cce_15.0.1_mpi_g_develop/esmf/src/apps/ESMF_PrintInfoC'
make[5]: Leaving directory '/glade/derecho/scratch/sacks/esmf-testing/cce_15.0.1_mpi_g_develop/esmf/src/apps/ESMF_PrintInfoC'
cc     -fopenmp -L/glade/derecho/scratch/sacks/esmf-testing/cce_15.0.1_mpi_g_develop/esmf/DEFAULTINSTALLDIR/lib/libg/Unicos.cce.64.mpi.default -L/glade/u/apps/derecho/23.06/spack/opt/spack/netcdf/4.9.2/packages/netcdf-c/4.9.2/cce/15.0.1/kfqe/lib -L/glade/u/apps/derecho/23.06/spack/opt/spack/netcdf/4.9.2/packages/netcdf-fortran/4.6.0/cce/15.0.1/khki/lib -L/glade/derecho/scratch/sacks/esmf-testing/cce_15.0.1_mpi_g_develop/esmf/DEFAULTINSTALLDIR/lib/libg/Unicos.cce.64.mpi.default -L/glade/u/apps/derecho/23.06/spack/opt/spack/netcdf/4.9.2/packages/netcdf-c/4.9.2/cce/15.0.1/kfqe/lib -L/glade/u/apps/derecho/23.06/spack/opt/spack/netcdf/4.9.2/packages/netcdf-fortran/4.6.0/cce/15.0.1/khki/lib -Wl,-rpath,/glade/derecho/scratch/sacks/esmf-testing/cce_15.0.1_mpi_g_develop/esmf/DEFAULTINSTALLDIR/lib/libg/Unicos.cce.64.mpi.default -Wl,-rpath,/glade/u/apps/derecho/23.06/spack/opt/spack/netcdf/4.9.2/packages/netcdf-c/4.9.2/cce/15.0.1/kfqe/lib -Wl,-rpath,/glade/u/apps/derecho/23.06/spack/opt/spack/netcdf/4.9.2/packages/netcdf-fortran/4.6.0/cce/15.0.1/khki/lib -Wl,-rpath,/glade/derecho/scratch/sacks/esmf-testing/cce_15.0.1_mpi_g_develop/esmf/DEFAULTINSTALLDIR/lib/libg/Unicos.cce.64.mpi.default -Wl,-rpath,/glade/u/apps/derecho/23.06/spack/opt/spack/netcdf/4.9.2/packages/netcdf-c/4.9.2/cce/15.0.1/kfqe/lib -Wl,-rpath,/glade/u/apps/derecho/23.06/spack/opt/spack/netcdf/4.9.2/packages/netcdf-fortran/4.6.0/cce/15.0.1/khki/lib -o /glade/derecho/scratch/sacks/esmf-testing/cce_15.0.1_mpi_g_develop/esmf/DEFAULTINSTALLDIR/bin/bing/Unicos.cce.64.mpi.default/ESMF_PrintInfoC /glade/derecho/scratch/sacks/esmf-testing/cce_15.0.1_mpi_g_develop/esmf/obj/objg/Unicos.cce.64.mpi.default/src/apps/ESMF_PrintInfoC/ESMF_PrintInfoC.o -lesmf   -lnetcdf -lnetcdff -lnetcdf -lnetcdf -ldl -lm -lpioc   -lnetcdf -lnetcdff -lnetcdf -lnetcdf -ldl -lm -lpioc
make[4]: Leaving directory '/glade/derecho/scratch/sacks/esmf-testing/cce_15.0.1_mpi_g_develop/esmf/src/apps/ESMF_PrintInfoC'
tree_build_apps in: /glade/derecho/scratch/sacks/esmf-testing/cce_15.0.1_mpi_g_develop/esmf/src/apps/ESMF_RegridWeightGen
make[4]: Entering directory '/glade/derecho/scratch/sacks/esmf-testing/cce_15.0.1_mpi_g_develop/esmf/src/apps/ESMF_RegridWeightGen'
make chkdir_locobj
make[5]: Entering directory '/glade/derecho/scratch/sacks/esmf-testing/cce_15.0.1_mpi_g_develop/esmf/src/apps/ESMF_RegridWeightGen'
Making directory /glade/derecho/scratch/sacks/esmf-testing/cce_15.0.1_mpi_g_develop/esmf/obj/objg/Unicos.cce.64.mpi.default/src/apps/ESMF_RegridWeightGen for apps output
make[5]: Leaving directory '/glade/derecho/scratch/sacks/esmf-testing/cce_15.0.1_mpi_g_develop/esmf/src/apps/ESMF_RegridWeightGen'
ftn -c -g -fPIC  -fopenmp -I/glade/derecho/scratch/sacks/esmf-testing/cce_15.0.1_mpi_g_develop/esmf/src/apps/ESMF_RegridWeightGen -I/glade/derecho/scratch/sacks/esmf-testing/cce_15.0.1_mpi_g_develop/esmf/build_config/Unicos.cce.default -I/glade/derecho/scratch/sacks/esmf-testing/cce_15.0.1_mpi_g_develop/esmf/src/Infrastructure -I/glade/derecho/scratch/sacks/esmf-testing/cce_15.0.1_mpi_g_develop/esmf/src/Superstructure -I/glade/derecho/scratch/sacks/esmf-testing/cce_15.0.1_mpi_g_develop/esmf/DEFAULTINSTALLDIR/mod/modg/Unicos.cce.64.mpi.default -I/glade/derecho/scratch/sacks/esmf-testing/cce_15.0.1_mpi_g_develop/esmf/src/include -I/glade/u/apps/derecho/23.06/spack/opt/spack/netcdf/4.9.2/packages/netcdf-c/4.9.2/cce/15.0.1/kfqe/include -I/glade/u/apps/derecho/23.06/spack/opt/spack/netcdf/4.9.2/packages/netcdf-fortran/4.6.0/cce/15.0.1/khki/include -f free -N 255 -F -DESMF_NO_INTEGER_1_BYTE -DESMF_NO_INTEGER_2_BYTE -DESMF_VERSION_STRING_GIT='"v8.7.0b13-3-gedb848d90b"' -DESMF_MOAB=1 -DESMF_LAPACK=1 -DESMF_LAPACK_INTERNAL=1 -DESMF_NO_ACC_SOFTWARE_STACK=1 -DESMF_NETCDF=1 -DESMF_YAMLCPP=1 -DESMF_YAML=1 -DESMF_PIO=1 -DESMF_NO_OPENACC -DESMF_TESTEXHAUSTIVE -DESMF_BOPT_g -DESMF_TESTPERFORMANCE -DESMF_TESTCOMPTUNNEL -DESMF_TESTWITHTHREADS -DS64=1 -DESMF_OS_Unicos=1 -DESMF_COMM=mpi -DESMF_DIR=/glade/derecho/scratch/sacks/esmf-testing/cce_15.0.1_mpi_g_develop/esmf ESMF_RegridWeightGen.F90 -o /glade/derecho/scratch/sacks/esmf-testing/cce_15.0.1_mpi_g_develop/esmf/obj/objg/Unicos.cce.64.mpi.default/src/apps/ESMF_RegridWeightGen/ESMF_RegridWeightGen.o

  use ESMF
      ^    
ftn-878 ftn: WARNING ESMF_REGRIDWEIGHTGENAPP, File = ESMF_RegridWeightGen.F90, Line = 16, Column = 7 
  A module named "ESMF_REGRIDWEIGHTGENMOD" has already been directly or indirectly use associated into this scope.
      ^    
ftn-878 ftn: WARNING ESMF_REGRIDWEIGHTGENAPP, File = ESMF_RegridWeightGen.F90, Line = 16, Column = 7 
  A module named "ESMF_IOSCRIPMOD" has already been directly or indirectly use associated into this scope.

  use ESMF_IOScripMod
      ^               
ftn-878 ftn: WARNING ESMF_REGRIDWEIGHTGENAPP, File = ESMF_RegridWeightGen.F90, Line = 17, Column = 7 
  A module named "ESMF_UTILTYPESMOD" has already been directly or indirectly use associated into this scope.

  use ESMF_IOFileTypeCheckMod
      ^                       
ftn-878 ftn: WARNING ESMF_REGRIDWEIGHTGENAPP, File = ESMF_RegridWeightGen.F90, Line = 19, Column = 7 
  A module named "ESMF_UTILSTRINGMOD" has already been directly or indirectly use associated into this scope.
      ^                       
ftn-878 ftn: WARNING ESMF_REGRIDWEIGHTGENAPP, File = ESMF_RegridWeightGen.F90, Line = 19, Column = 7 
  A module named "ESMF_IOSCRIPMOD" has already been directly or indirectly use associated into this scope.
      ^                       
ftn-878 ftn: WARNING ESMF_REGRIDWEIGHTGENAPP, File = ESMF_RegridWeightGen.F90, Line = 19, Column = 7 
  A module named "ESMF_IOGRIDSPECMOD" has already been directly or indirectly use associated into this scope.
      ^                       
ftn-878 ftn: WARNING ESMF_REGRIDWEIGHTGENAPP, File = ESMF_RegridWeightGen.F90, Line = 19, Column = 7 
  A module named "ESMF_VMMOD" has already been directly or indirectly use associated into this scope.
      ^                       
ftn-878 ftn: WARNING ESMF_REGRIDWEIGHTGENAPP, File = ESMF_RegridWeightGen.F90, Line = 19, Column = 7 
  A module named "ESMF_LOGERRMOD" has already been directly or indirectly use associated into this scope.
      ^                       
ftn-878 ftn: WARNING ESMF_REGRIDWEIGHTGENAPP, File = ESMF_RegridWeightGen.F90, Line = 19, Column = 7 
  A module named "ESMF_INITMACROSMOD" has already been directly or indirectly use associated into this scope.
      ^                       
ftn-878 ftn: WARNING ESMF_REGRIDWEIGHTGENAPP, File = ESMF_RegridWeightGen.F90, Line = 19, Column = 7 
  A module named "ESMF_UTILMOD" has already been directly or indirectly use associated into this scope.
      ^                       
ftn-878 ftn: WARNING ESMF_REGRIDWEIGHTGENAPP, File = ESMF_RegridWeightGen.F90, Line = 19, Column = 7 
  A module named "ESMF_UTILTYPESMOD" has already been directly or indirectly use associated into this scope.

  use ESMF_RegridWeightGenCheckMod
      ^                            
ftn-878 ftn: WARNING ESMF_REGRIDWEIGHTGENAPP, File = ESMF_RegridWeightGen.F90, Line = 21, Column = 7 
  A module named "ESMF_DISTGRIDREGDECOMPMOD" has already been directly or indirectly use associated into this scope.
      ^                            
ftn-878 ftn: WARNING ESMF_REGRIDWEIGHTGENAPP, File = ESMF_RegridWeightGen.F90, Line = 21, Column = 7 
  A module named "ESMF_DISTGRIDCONNECTIONMOD" has already been directly or indirectly use associated into this scope.
      ^                            
ftn-878 ftn: WARNING ESMF_REGRIDWEIGHTGENAPP, File = ESMF_RegridWeightGen.F90, Line = 21, Column = 7 
  A module named "ESMF_ARRAYSCATTERMOD" has already been directly or indirectly use associated into this scope.
      ^                            
ftn-878 ftn: WARNING ESMF_REGRIDWEIGHTGENAPP, File = ESMF_RegridWeightGen.F90, Line = 21, Column = 7 
  A module named "ESMF_ARRAYHAMOD" has already been directly or indirectly use associated into this scope.
      ^                            
ftn-878 ftn: WARNING ESMF_REGRIDWEIGHTGENAPP, File = ESMF_RegridWeightGen.F90, Line = 21, Column = 7 
  A module named "ESMF_ARRAYGETMOD" has already been directly or indirectly use associated into this scope.
      ^                            
ftn-878 ftn: WARNING ESMF_REGRIDWEIGHTGENAPP, File = ESMF_RegridWeightGen.F90, Line = 21, Column = 7 
  A module named "ESMF_ARRAYGATHERMOD" has already been directly or indirectly use associated into this scope.
      ^                            
ftn-878 ftn: WARNING ESMF_REGRIDWEIGHTGENAPP, File = ESMF_RegridWeightGen.F90, Line = 21, Column = 7 
  A module named "ESMF_ARRAYCREATEMOD" has already been directly or indirectly use associated into this scope.
      ^                            
ftn-878 ftn: WARNING ESMF_REGRIDWEIGHTGENAPP, File = ESMF_RegridWeightGen.F90, Line = 21, Column = 7 
  A module named "ESMF_RHANDLEMOD" has already been directly or indirectly use associated into this scope.
      ^                            
ftn-878 ftn: WARNING ESMF_REGRIDWEIGHTGENAPP, File = ESMF_RegridWeightGen.F90, Line = 21, Column = 7 
  A module named "ESMF_FIELDREGRIDMOD" has already been directly or indirectly use associated into this scope.
      ^                            
ftn-878 ftn: WARNING ESMF_REGRIDWEIGHTGENAPP, File = ESMF_RegridWeightGen.F90, Line = 21, Column = 7 
  A module named "ESMF_FIELDSMMMOD" has already been directly or indirectly use associated into this scope.
      ^                            
ftn-878 ftn: WARNING ESMF_REGRIDWEIGHTGENAPP, File = ESMF_RegridWeightGen.F90, Line = 21, Column = 7 
  A module named "ESMF_FIELDCREATEMOD" has already been directly or indirectly use associated into this scope.
      ^                            
ftn-878 ftn: WARNING ESMF_REGRIDWEIGHTGENAPP, File = ESMF_RegridWeightGen.F90, Line = 21, Column = 7 
  A module named "ESMF_FIELDMOD" has already been directly or indirectly use associated into this scope.
      ^                            
ftn-878 ftn: WARNING ESMF_REGRIDWEIGHTGENAPP, File = ESMF_RegridWeightGen.F90, Line = 21, Column = 7 
  A module named "ESMF_GRIDMOD" has already been directly or indirectly use associated into this scope.
      ^                            
ftn-878 ftn: WARNING ESMF_REGRIDWEIGHTGENAPP, File = ESMF_RegridWeightGen.F90, Line = 21, Column = 7 
  A module named "ESMF_DISTGRIDMOD" has already been directly or indirectly use associated into this scope.
      ^                            
ftn-878 ftn: WARNING ESMF_REGRIDWEIGHTGENAPP, File = ESMF_RegridWeightGen.F90, Line = 21, Column = 7 
  A module named "ESMF_ARRAYMOD" has already been directly or indirectly use associated into this scope.
      ^                            
ftn-878 ftn: WARNING ESMF_REGRIDWEIGHTGENAPP, File = ESMF_RegridWeightGen.F90, Line = 21, Column = 7 
  A module named "ESMF_ARRAYSPECMOD" has already been directly or indirectly use associated into this scope.
      ^                            
ftn-878 ftn: WARNING ESMF_REGRIDWEIGHTGENAPP, File = ESMF_RegridWeightGen.F90, Line = 21, Column = 7 
  A module named "ESMF_VMMOD" has already been directly or indirectly use associated into this scope.
      ^                            
ftn-878 ftn: WARNING ESMF_REGRIDWEIGHTGENAPP, File = ESMF_RegridWeightGen.F90, Line = 21, Column = 7 
  A module named "ESMF_LOGERRMOD" has already been directly or indirectly use associated into this scope.
      ^                            
ftn-878 ftn: WARNING ESMF_REGRIDWEIGHTGENAPP, File = ESMF_RegridWeightGen.F90, Line = 21, Column = 7 
  A module named "ESMF_UTILTYPESMOD" has already been directly or indirectly use associated into this scope.
      ^                            
ftn-878 ftn: WARNING ESMF_REGRIDWEIGHTGENAPP, File = ESMF_RegridWeightGen.F90, Line = 21, Column = 7 
  A module named "NETCDF" has already been directly or indirectly use associated into this scope.

Cray Fortran : Version 15.0.1 (20230120205242_66f7391d6a03cf932f321b9f6b1d8612ef5f362c)
Cray Fortran : Mon Sep 09, 2024  04:15:27
Cray Fortran : Compile time:  0.5405 seconds
Cray Fortran : 2089 source lines
Cray Fortran : 0 errors, 31 warnings, 0 other messages, 0 ansi
Cray Fortran : "explain ftn-message number" gives more information about each message.
make chkdir_apps
make[5]: Entering directory '/glade/derecho/scratch/sacks/esmf-testing/cce_15.0.1_mpi_g_develop/esmf/src/apps/ESMF_RegridWeightGen'
make[5]: Leaving directory '/glade/derecho/scratch/sacks/esmf-testing/cce_15.0.1_mpi_g_develop/esmf/src/apps/ESMF_RegridWeightGen'
ftn     -fopenmp -L/glade/derecho/scratch/sacks/esmf-testing/cce_15.0.1_mpi_g_develop/esmf/DEFAULTINSTALLDIR/lib/libg/Unicos.cce.64.mpi.default -L/glade/u/apps/derecho/23.06/spack/opt/spack/netcdf/4.9.2/packages/netcdf-c/4.9.2/cce/15.0.1/kfqe/lib -L/glade/u/apps/derecho/23.06/spack/opt/spack/netcdf/4.9.2/packages/netcdf-fortran/4.6.0/cce/15.0.1/khki/lib -Wl,-rpath,/glade/derecho/scratch/sacks/esmf-testing/cce_15.0.1_mpi_g_develop/esmf/DEFAULTINSTALLDIR/lib/libg/Unicos.cce.64.mpi.default -Wl,-rpath,/glade/u/apps/derecho/23.06/spack/opt/spack/netcdf/4.9.2/packages/netcdf-c/4.9.2/cce/15.0.1/kfqe/lib -Wl,-rpath,/glade/u/apps/derecho/23.06/spack/opt/spack/netcdf/4.9.2/packages/netcdf-fortran/4.6.0/cce/15.0.1/khki/lib  -o /glade/derecho/scratch/sacks/esmf-testing/cce_15.0.1_mpi_g_develop/esmf/DEFAULTINSTALLDIR/bin/bing/Unicos.cce.64.mpi.default/ESMF_RegridWeightGen /glade/derecho/scratch/sacks/esmf-testing/cce_15.0.1_mpi_g_develop/esmf/obj/objg/Unicos.cce.64.mpi.default/src/apps/ESMF_RegridWeightGen/ESMF_RegridWeightGen.o -lesmf   -lnetcdf -lnetcdff -lnetcdf -lnetcdf -ldl -lm -lpioc
make[4]: Leaving directory '/glade/derecho/scratch/sacks/esmf-testing/cce_15.0.1_mpi_g_develop/esmf/src/apps/ESMF_RegridWeightGen'
tree_build_apps in: /glade/derecho/scratch/sacks/esmf-testing/cce_15.0.1_mpi_g_develop/esmf/src/apps/ESMF_WebServController
make[4]: Entering directory '/glade/derecho/scratch/sacks/esmf-testing/cce_15.0.1_mpi_g_develop/esmf/src/apps/ESMF_WebServController'
make chkdir_locobj
make[5]: Entering directory '/glade/derecho/scratch/sacks/esmf-testing/cce_15.0.1_mpi_g_develop/esmf/src/apps/ESMF_WebServController'
Making directory /glade/derecho/scratch/sacks/esmf-testing/cce_15.0.1_mpi_g_develop/esmf/obj/objg/Unicos.cce.64.mpi.default/src/apps/ESMF_WebServController for apps output
make[5]: Leaving directory '/glade/derecho/scratch/sacks/esmf-testing/cce_15.0.1_mpi_g_develop/esmf/src/apps/ESMF_WebServController'
CC -c -std=c++11 -g -fPIC  -fopenmp -I/glade/derecho/scratch/sacks/esmf-testing/cce_15.0.1_mpi_g_develop/esmf/src/apps/ESMF_WebServController -I/glade/derecho/scratch/sacks/esmf-testing/cce_15.0.1_mpi_g_develop/esmf/src/apps/ESMF_WebServController/../include -I/glade/derecho/scratch/sacks/esmf-testing/cce_15.0.1_mpi_g_develop/esmf/build_config/Unicos.cce.default -I/glade/derecho/scratch/sacks/esmf-testing/cce_15.0.1_mpi_g_develop/esmf/src/Infrastructure -I/glade/derecho/scratch/sacks/esmf-testing/cce_15.0.1_mpi_g_develop/esmf/src/Superstructure -I/glade/derecho/scratch/sacks/esmf-testing/cce_15.0.1_mpi_g_develop/esmf/src/Infrastructure/stubs/pthread  -I/glade/derecho/scratch/sacks/esmf-testing/cce_15.0.1_mpi_g_develop/esmf/src/include  -I/glade/u/apps/derecho/23.06/spack/opt/spack/netcdf/4.9.2/packages/netcdf-c/4.9.2/cce/15.0.1/kfqe/include -I/glade/derecho/scratch/sacks/esmf-testing/cce_15.0.1_mpi_g_develop/esmf/src/prologue/yaml-cpp/include -DESMF_NO_INTEGER_1_BYTE -DESMF_NO_INTEGER_2_BYTE -DESMF_VERSION_STRING_GIT='"v8.7.0b13-3-gedb848d90b"' -DESMF_MOAB=1 -DESMF_LAPACK=1 -DESMF_LAPACK_INTERNAL=1 -DESMF_NO_ACC_SOFTWARE_STACK=1 -DESMF_NETCDF=1 -DESMF_YAMLCPP=1 -DESMF_YAML=1 -DESMF_PIO=1 -DESMF_NO_OPENACC -DESMF_TESTEXHAUSTIVE -DESMF_BOPT_g -DESMF_TESTPERFORMANCE -DESMF_TESTCOMPTUNNEL -DESMF_TESTWITHTHREADS -DS64=1 -DESMF_OS_Unicos=1 -DESMF_COMM=mpi -DESMF_DIR=/glade/derecho/scratch/sacks/esmf-testing/cce_15.0.1_mpi_g_develop/esmf -D__SDIR__='"src/apps/ESMF_WebServController"' -DESMF_CXXSTD=11 -DESMF_NO_POSIXIPC ESMF_WebServController.C -o /glade/derecho/scratch/sacks/esmf-testing/cce_15.0.1_mpi_g_develop/esmf/obj/objg/Unicos.cce.64.mpi.default/src/apps/ESMF_WebServController/ESMF_WebServController.o
make chkdir_apps
make[5]: Entering directory '/glade/derecho/scratch/sacks/esmf-testing/cce_15.0.1_mpi_g_develop/esmf/src/apps/ESMF_WebServController'
make[5]: Leaving directory '/glade/derecho/scratch/sacks/esmf-testing/cce_15.0.1_mpi_g_develop/esmf/src/apps/ESMF_WebServController'
CC     -fopenmp -L/glade/derecho/scratch/sacks/esmf-testing/cce_15.0.1_mpi_g_develop/esmf/DEFAULTINSTALLDIR/lib/libg/Unicos.cce.64.mpi.default -L/glade/u/apps/derecho/23.06/spack/opt/spack/netcdf/4.9.2/packages/netcdf-c/4.9.2/cce/15.0.1/kfqe/lib -L/glade/u/apps/derecho/23.06/spack/opt/spack/netcdf/4.9.2/packages/netcdf-fortran/4.6.0/cce/15.0.1/khki/lib -Wl,-rpath,/glade/derecho/scratch/sacks/esmf-testing/cce_15.0.1_mpi_g_develop/esmf/DEFAULTINSTALLDIR/lib/libg/Unicos.cce.64.mpi.default -Wl,-rpath,/glade/u/apps/derecho/23.06/spack/opt/spack/netcdf/4.9.2/packages/netcdf-c/4.9.2/cce/15.0.1/kfqe/lib -Wl,-rpath,/glade/u/apps/derecho/23.06/spack/opt/spack/netcdf/4.9.2/packages/netcdf-fortran/4.6.0/cce/15.0.1/khki/lib  -o /glade/derecho/scratch/sacks/esmf-testing/cce_15.0.1_mpi_g_develop/esmf/DEFAULTINSTALLDIR/bin/bing/Unicos.cce.64.mpi.default/ESMF_WebServController /glade/derecho/scratch/sacks/esmf-testing/cce_15.0.1_mpi_g_develop/esmf/obj/objg/Unicos.cce.64.mpi.default/src/apps/ESMF_WebServController/ESMF_WebServController.o -lesmf   -lnetcdf -lnetcdff -lnetcdf -lnetcdf -ldl -lm -lpioc
make[4]: Leaving directory '/glade/derecho/scratch/sacks/esmf-testing/cce_15.0.1_mpi_g_develop/esmf/src/apps/ESMF_WebServController'
tree_build_apps in: /glade/derecho/scratch/sacks/esmf-testing/cce_15.0.1_mpi_g_develop/esmf/src/apps/ESMF_Scrip2Unstruct
make[4]: Entering directory '/glade/derecho/scratch/sacks/esmf-testing/cce_15.0.1_mpi_g_develop/esmf/src/apps/ESMF_Scrip2Unstruct'
make chkdir_locobj
make[5]: Entering directory '/glade/derecho/scratch/sacks/esmf-testing/cce_15.0.1_mpi_g_develop/esmf/src/apps/ESMF_Scrip2Unstruct'
Making directory /glade/derecho/scratch/sacks/esmf-testing/cce_15.0.1_mpi_g_develop/esmf/obj/objg/Unicos.cce.64.mpi.default/src/apps/ESMF_Scrip2Unstruct for apps output
make[5]: Leaving directory '/glade/derecho/scratch/sacks/esmf-testing/cce_15.0.1_mpi_g_develop/esmf/src/apps/ESMF_Scrip2Unstruct'
CC -c -std=c++11 -g -fPIC  -fopenmp -I/glade/derecho/scratch/sacks/esmf-testing/cce_15.0.1_mpi_g_develop/esmf/src/apps/ESMF_Scrip2Unstruct -I/glade/derecho/scratch/sacks/esmf-testing/cce_15.0.1_mpi_g_develop/esmf/src/apps/ESMF_Scrip2Unstruct/../include -I/glade/derecho/scratch/sacks/esmf-testing/cce_15.0.1_mpi_g_develop/esmf/build_config/Unicos.cce.default -I/glade/derecho/scratch/sacks/esmf-testing/cce_15.0.1_mpi_g_develop/esmf/src/Infrastructure -I/glade/derecho/scratch/sacks/esmf-testing/cce_15.0.1_mpi_g_develop/esmf/src/Superstructure -I/glade/derecho/scratch/sacks/esmf-testing/cce_15.0.1_mpi_g_develop/esmf/src/Infrastructure/stubs/pthread  -I/glade/derecho/scratch/sacks/esmf-testing/cce_15.0.1_mpi_g_develop/esmf/src/include  -I/glade/u/apps/derecho/23.06/spack/opt/spack/netcdf/4.9.2/packages/netcdf-c/4.9.2/cce/15.0.1/kfqe/include -I/glade/derecho/scratch/sacks/esmf-testing/cce_15.0.1_mpi_g_develop/esmf/src/prologue/yaml-cpp/include -DESMF_NO_INTEGER_1_BYTE -DESMF_NO_INTEGER_2_BYTE -DESMF_VERSION_STRING_GIT='"v8.7.0b13-3-gedb848d90b"' -DESMF_MOAB=1 -DESMF_LAPACK=1 -DESMF_LAPACK_INTERNAL=1 -DESMF_NO_ACC_SOFTWARE_STACK=1 -DESMF_NETCDF=1 -DESMF_YAMLCPP=1 -DESMF_YAML=1 -DESMF_PIO=1 -DESMF_NO_OPENACC -DESMF_TESTEXHAUSTIVE -DESMF_BOPT_g -DESMF_TESTPERFORMANCE -DESMF_TESTCOMPTUNNEL -DESMF_TESTWITHTHREADS -DS64=1 -DESMF_OS_Unicos=1 -DESMF_COMM=mpi -DESMF_DIR=/glade/derecho/scratch/sacks/esmf-testing/cce_15.0.1_mpi_g_develop/esmf -D__SDIR__='"src/apps/ESMF_Scrip2Unstruct"' -DESMF_CXXSTD=11 -DESMF_NO_POSIXIPC ESMF_Scrip2Unstruct.C -o /glade/derecho/scratch/sacks/esmf-testing/cce_15.0.1_mpi_g_develop/esmf/obj/objg/Unicos.cce.64.mpi.default/src/apps/ESMF_Scrip2Unstruct/ESMF_Scrip2Unstruct.o
make chkdir_apps
make[5]: Entering directory '/glade/derecho/scratch/sacks/esmf-testing/cce_15.0.1_mpi_g_develop/esmf/src/apps/ESMF_Scrip2Unstruct'
make[5]: Leaving directory '/glade/derecho/scratch/sacks/esmf-testing/cce_15.0.1_mpi_g_develop/esmf/src/apps/ESMF_Scrip2Unstruct'
CC     -fopenmp -L/glade/derecho/scratch/sacks/esmf-testing/cce_15.0.1_mpi_g_develop/esmf/DEFAULTINSTALLDIR/lib/libg/Unicos.cce.64.mpi.default -L/glade/u/apps/derecho/23.06/spack/opt/spack/netcdf/4.9.2/packages/netcdf-c/4.9.2/cce/15.0.1/kfqe/lib -L/glade/u/apps/derecho/23.06/spack/opt/spack/netcdf/4.9.2/packages/netcdf-fortran/4.6.0/cce/15.0.1/khki/lib -Wl,-rpath,/glade/derecho/scratch/sacks/esmf-testing/cce_15.0.1_mpi_g_develop/esmf/DEFAULTINSTALLDIR/lib/libg/Unicos.cce.64.mpi.default -Wl,-rpath,/glade/u/apps/derecho/23.06/spack/opt/spack/netcdf/4.9.2/packages/netcdf-c/4.9.2/cce/15.0.1/kfqe/lib -Wl,-rpath,/glade/u/apps/derecho/23.06/spack/opt/spack/netcdf/4.9.2/packages/netcdf-fortran/4.6.0/cce/15.0.1/khki/lib  -o /glade/derecho/scratch/sacks/esmf-testing/cce_15.0.1_mpi_g_develop/esmf/DEFAULTINSTALLDIR/bin/bing/Unicos.cce.64.mpi.default/ESMF_Scrip2Unstruct /glade/derecho/scratch/sacks/esmf-testing/cce_15.0.1_mpi_g_develop/esmf/obj/objg/Unicos.cce.64.mpi.default/src/apps/ESMF_Scrip2Unstruct/ESMF_Scrip2Unstruct.o -lesmf   -lnetcdf -lnetcdff -lnetcdf -lnetcdf -ldl -lm -lpioc
make[4]: Leaving directory '/glade/derecho/scratch/sacks/esmf-testing/cce_15.0.1_mpi_g_develop/esmf/src/apps/ESMF_Scrip2Unstruct'
tree_build_apps in: /glade/derecho/scratch/sacks/esmf-testing/cce_15.0.1_mpi_g_develop/esmf/src/apps/ESMF_Regrid
make[4]: Entering directory '/glade/derecho/scratch/sacks/esmf-testing/cce_15.0.1_mpi_g_develop/esmf/src/apps/ESMF_Regrid'
make chkdir_locobj
make[5]: Entering directory '/glade/derecho/scratch/sacks/esmf-testing/cce_15.0.1_mpi_g_develop/esmf/src/apps/ESMF_Regrid'
Making directory /glade/derecho/scratch/sacks/esmf-testing/cce_15.0.1_mpi_g_develop/esmf/obj/objg/Unicos.cce.64.mpi.default/src/apps/ESMF_Regrid for apps output
make[5]: Leaving directory '/glade/derecho/scratch/sacks/esmf-testing/cce_15.0.1_mpi_g_develop/esmf/src/apps/ESMF_Regrid'
ftn -c -g -fPIC  -fopenmp -I/glade/derecho/scratch/sacks/esmf-testing/cce_15.0.1_mpi_g_develop/esmf/src/apps/ESMF_Regrid -I/glade/derecho/scratch/sacks/esmf-testing/cce_15.0.1_mpi_g_develop/esmf/build_config/Unicos.cce.default -I/glade/derecho/scratch/sacks/esmf-testing/cce_15.0.1_mpi_g_develop/esmf/src/Infrastructure -I/glade/derecho/scratch/sacks/esmf-testing/cce_15.0.1_mpi_g_develop/esmf/src/Superstructure -I/glade/derecho/scratch/sacks/esmf-testing/cce_15.0.1_mpi_g_develop/esmf/DEFAULTINSTALLDIR/mod/modg/Unicos.cce.64.mpi.default -I/glade/derecho/scratch/sacks/esmf-testing/cce_15.0.1_mpi_g_develop/esmf/src/include -I/glade/u/apps/derecho/23.06/spack/opt/spack/netcdf/4.9.2/packages/netcdf-c/4.9.2/cce/15.0.1/kfqe/include -I/glade/u/apps/derecho/23.06/spack/opt/spack/netcdf/4.9.2/packages/netcdf-fortran/4.6.0/cce/15.0.1/khki/include -f free -N 255 -F -DESMF_NO_INTEGER_1_BYTE -DESMF_NO_INTEGER_2_BYTE -DESMF_VERSION_STRING_GIT='"v8.7.0b13-3-gedb848d90b"' -DESMF_MOAB=1 -DESMF_LAPACK=1 -DESMF_LAPACK_INTERNAL=1 -DESMF_NO_ACC_SOFTWARE_STACK=1 -DESMF_NETCDF=1 -DESMF_YAMLCPP=1 -DESMF_YAML=1 -DESMF_PIO=1 -DESMF_NO_OPENACC -DESMF_TESTEXHAUSTIVE -DESMF_BOPT_g -DESMF_TESTPERFORMANCE -DESMF_TESTCOMPTUNNEL -DESMF_TESTWITHTHREADS -DS64=1 -DESMF_OS_Unicos=1 -DESMF_COMM=mpi -DESMF_DIR=/glade/derecho/scratch/sacks/esmf-testing/cce_15.0.1_mpi_g_develop/esmf ESMF_Regrid.F90 -o /glade/derecho/scratch/sacks/esmf-testing/cce_15.0.1_mpi_g_develop/esmf/obj/objg/Unicos.cce.64.mpi.default/src/apps/ESMF_Regrid/ESMF_Regrid.o

  use ESMF
      ^    
ftn-878 ftn: WARNING ESMF_REGRIDAPP, File = ESMF_Regrid.F90, Line = 16, Column = 7 
  A module named "ESMF_IOSCRIPMOD" has already been directly or indirectly use associated into this scope.

  use ESMF_IOScripMod
      ^               
ftn-878 ftn: WARNING ESMF_REGRIDAPP, File = ESMF_Regrid.F90, Line = 17, Column = 7 
  A module named "ESMF_UTILTYPESMOD" has already been directly or indirectly use associated into this scope.

  use ESMF_FileRegridMod
      ^                  
ftn-878 ftn: WARNING ESMF_REGRIDAPP, File = ESMF_Regrid.F90, Line = 19, Column = 7 
  A module named "ESMF_UTILSTRINGMOD" has already been directly or indirectly use associated into this scope.
      ^                  
ftn-878 ftn: WARNING ESMF_REGRIDAPP, File = ESMF_Regrid.F90, Line = 19, Column = 7 
  A module named "ESMF_INITMACROSMOD" has already been directly or indirectly use associated into this scope.
      ^                  
ftn-878 ftn: WARNING ESMF_REGRIDAPP, File = ESMF_Regrid.F90, Line = 19, Column = 7 
  A module named "ESMF_UTILMOD" has already been directly or indirectly use associated into this scope.
      ^                  
ftn-878 ftn: WARNING ESMF_REGRIDAPP, File = ESMF_Regrid.F90, Line = 19, Column = 7 
  A module named "ESMF_STAGGERLOCTYPEMOD" has already been directly or indirectly use associated into this scope.
      ^                  
ftn-878 ftn: WARNING ESMF_REGRIDAPP, File = ESMF_Regrid.F90, Line = 19, Column = 7 
  A module named "ESMF_DISTGRIDREGDECOMPMOD" has already been directly or indirectly use associated into this scope.
      ^                  
ftn-878 ftn: WARNING ESMF_REGRIDAPP, File = ESMF_Regrid.F90, Line = 19, Column = 7 
  A module named "ESMF_DISTGRIDCONNECTIONMOD" has already been directly or indirectly use associated into this scope.
      ^                  
ftn-878 ftn: WARNING ESMF_REGRIDAPP, File = ESMF_Regrid.F90, Line = 19, Column = 7 
  A module named "ESMF_ARRAYSCATTERMOD" has already been directly or indirectly use associated into this scope.
      ^                  
ftn-878 ftn: WARNING ESMF_REGRIDAPP, File = ESMF_Regrid.F90, Line = 19, Column = 7 
  A module named "ESMF_ARRAYHAMOD" has already been directly or indirectly use associated into this scope.
      ^                  
ftn-878 ftn: WARNING ESMF_REGRIDAPP, File = ESMF_Regrid.F90, Line = 19, Column = 7 
  A module named "ESMF_ARRAYGETMOD" has already been directly or indirectly use associated into this scope.
      ^                  
ftn-878 ftn: WARNING ESMF_REGRIDAPP, File = ESMF_Regrid.F90, Line = 19, Column = 7 
  A module named "ESMF_ARRAYGATHERMOD" has already been directly or indirectly use associated into this scope.
      ^                  
ftn-878 ftn: WARNING ESMF_REGRIDAPP, File = ESMF_Regrid.F90, Line = 19, Column = 7 
  A module named "ESMF_ARRAYCREATEMOD" has already been directly or indirectly use associated into this scope.
      ^                  
ftn-878 ftn: WARNING ESMF_REGRIDAPP, File = ESMF_Regrid.F90, Line = 19, Column = 7 
  A module named "ESMF_LOCSTREAMMOD" has already been directly or indirectly use associated into this scope.
      ^                  
ftn-878 ftn: WARNING ESMF_REGRIDAPP, File = ESMF_Regrid.F90, Line = 19, Column = 7 
  A module named "ESMF_RHANDLEMOD" has already been directly or indirectly use associated into this scope.
      ^                  
ftn-878 ftn: WARNING ESMF_REGRIDAPP, File = ESMF_Regrid.F90, Line = 19, Column = 7 
  A module named "ESMF_IOGRIDSPECMOD" has already been directly or indirectly use associated into this scope.
      ^                  
ftn-878 ftn: WARNING ESMF_REGRIDAPP, File = ESMF_Regrid.F90, Line = 19, Column = 7 
  A module named "ESMF_IOSCRIPMOD" has already been directly or indirectly use associated into this scope.
      ^                  
ftn-878 ftn: WARNING ESMF_REGRIDAPP, File = ESMF_Regrid.F90, Line = 19, Column = 7 
  A module named "ESMF_FIELDWRMOD" has already been directly or indirectly use associated into this scope.
      ^                  
ftn-878 ftn: WARNING ESMF_REGRIDAPP, File = ESMF_Regrid.F90, Line = 19, Column = 7 
  A module named "ESMF_FIELDPRMOD" has already been directly or indirectly use associated into this scope.
      ^                  
ftn-878 ftn: WARNING ESMF_REGRIDAPP, File = ESMF_Regrid.F90, Line = 19, Column = 7 
  A module named "ESMF_FIELDREDISTMOD" has already been directly or indirectly use associated into this scope.
      ^                  
ftn-878 ftn: WARNING ESMF_REGRIDAPP, File = ESMF_Regrid.F90, Line = 19, Column = 7 
  A module named "ESMF_FIELDREGRIDMOD" has already been directly or indirectly use associated into this scope.
      ^                  
ftn-878 ftn: WARNING ESMF_REGRIDAPP, File = ESMF_Regrid.F90, Line = 19, Column = 7 
  A module named "ESMF_FIELDSMMMOD" has already been directly or indirectly use associated into this scope.
      ^                  
ftn-878 ftn: WARNING ESMF_REGRIDAPP, File = ESMF_Regrid.F90, Line = 19, Column = 7 
  A module named "ESMF_FIELDGATHERMOD" has already been directly or indirectly use associated into this scope.
      ^                  
ftn-878 ftn: WARNING ESMF_REGRIDAPP, File = ESMF_Regrid.F90, Line = 19, Column = 7 
  A module named "ESMF_FIELDGETMOD" has already been directly or indirectly use associated into this scope.
      ^                  
ftn-878 ftn: WARNING ESMF_REGRIDAPP, File = ESMF_Regrid.F90, Line = 19, Column = 7 
  A module named "ESMF_FIELDCREATEMOD" has already been directly or indirectly use associated into this scope.
      ^                  
ftn-878 ftn: WARNING ESMF_REGRIDAPP, File = ESMF_Regrid.F90, Line = 19, Column = 7 
  A module named "ESMF_FIELDMOD" has already been directly or indirectly use associated into this scope.
      ^                  
ftn-878 ftn: WARNING ESMF_REGRIDAPP, File = ESMF_Regrid.F90, Line = 19, Column = 7 
  A module named "ESMF_MESHMOD" has already been directly or indirectly use associated into this scope.
      ^                  
ftn-878 ftn: WARNING ESMF_REGRIDAPP, File = ESMF_Regrid.F90, Line = 19, Column = 7 
  A module named "ESMF_STAGGERLOCMOD" has already been directly or indirectly use associated into this scope.
      ^                  
ftn-878 ftn: WARNING ESMF_REGRIDAPP, File = ESMF_Regrid.F90, Line = 19, Column = 7 
  A module named "ESMF_GRIDUTILMOD" has already been directly or indirectly use associated into this scope.
      ^                  
ftn-878 ftn: WARNING ESMF_REGRIDAPP, File = ESMF_Regrid.F90, Line = 19, Column = 7 
  A module named "ESMF_GRIDMOD" has already been directly or indirectly use associated into this scope.
      ^                  
ftn-878 ftn: WARNING ESMF_REGRIDAPP, File = ESMF_Regrid.F90, Line = 19, Column = 7 
  A module named "ESMF_DISTGRIDMOD" has already been directly or indirectly use associated into this scope.
      ^                  
ftn-878 ftn: WARNING ESMF_REGRIDAPP, File = ESMF_Regrid.F90, Line = 19, Column = 7 
  A module named "ESMF_ARRAYMOD" has already been directly or indirectly use associated into this scope.
      ^                  
ftn-878 ftn: WARNING ESMF_REGRIDAPP, File = ESMF_Regrid.F90, Line = 19, Column = 7 
  A module named "ESMF_ARRAYSPECMOD" has already been directly or indirectly use associated into this scope.
      ^                  
ftn-878 ftn: WARNING ESMF_REGRIDAPP, File = ESMF_Regrid.F90, Line = 19, Column = 7 
  A module named "ESMF_LOGERRMOD" has already been directly or indirectly use associated into this scope.
      ^                  
ftn-878 ftn: WARNING ESMF_REGRIDAPP, File = ESMF_Regrid.F90, Line = 19, Column = 7 
  A module named "ESMF_VMMOD" has already been directly or indirectly use associated into this scope.
      ^                  
ftn-878 ftn: WARNING ESMF_REGRIDAPP, File = ESMF_Regrid.F90, Line = 19, Column = 7 
  A module named "ESMF_UTILTYPESMOD" has already been directly or indirectly use associated into this scope.

  use ESMF_FileRegridCheckMod
      ^                       
ftn-878 ftn: WARNING ESMF_REGRIDAPP, File = ESMF_Regrid.F90, Line = 20, Column = 7 
  A module named "ESMF_IO_NCPUTGETMOD" has already been directly or indirectly use associated into this scope.
      ^                       
ftn-878 ftn: WARNING ESMF_REGRIDAPP, File = ESMF_Regrid.F90, Line = 20, Column = 7 
  A module named "ESMF_FIELDWRMOD" has already been directly or indirectly use associated into this scope.
      ^                       
ftn-878 ftn: WARNING ESMF_REGRIDAPP, File = ESMF_Regrid.F90, Line = 20, Column = 7 
  A module named "ESMF_FIELDPRMOD" has already been directly or indirectly use associated into this scope.
      ^                       
ftn-878 ftn: WARNING ESMF_REGRIDAPP, File = ESMF_Regrid.F90, Line = 20, Column = 7 
  A module named "ESMF_FIELDREDISTMOD" has already been directly or indirectly use associated into this scope.
      ^                       
ftn-878 ftn: WARNING ESMF_REGRIDAPP, File = ESMF_Regrid.F90, Line = 20, Column = 7 
  A module named "ESMF_FIELDGATHERMOD" has already been directly or indirectly use associated into this scope.
      ^                       
ftn-878 ftn: WARNING ESMF_REGRIDAPP, File = ESMF_Regrid.F90, Line = 20, Column = 7 
  A module named "ESMF_FIELDGETMOD" has already been directly or indirectly use associated into this scope.
      ^                       
ftn-878 ftn: WARNING ESMF_REGRIDAPP, File = ESMF_Regrid.F90, Line = 20, Column = 7 
  A module named "ESMF_GRIDUTILMOD" has already been directly or indirectly use associated into this scope.
      ^                       
ftn-878 ftn: WARNING ESMF_REGRIDAPP, File = ESMF_Regrid.F90, Line = 20, Column = 7 
  A module named "ESMF_UTILSTRINGMOD" has already been directly or indirectly use associated into this scope.
      ^                       
ftn-878 ftn: WARNING ESMF_REGRIDAPP, File = ESMF_Regrid.F90, Line = 20, Column = 7 
  A module named "ESMF_IOSCRIPMOD" has already been directly or indirectly use associated into this scope.
      ^                       
ftn-878 ftn: WARNING ESMF_REGRIDAPP, File = ESMF_Regrid.F90, Line = 20, Column = 7 
  A module named "ESMF_IOGRIDSPECMOD" has already been directly or indirectly use associated into this scope.
      ^                       
ftn-878 ftn: WARNING ESMF_REGRIDAPP, File = ESMF_Regrid.F90, Line = 20, Column = 7 
  A module named "ESMF_INITMACROSMOD" has already been directly or indirectly use associated into this scope.
      ^                       
ftn-878 ftn: WARNING ESMF_REGRIDAPP, File = ESMF_Regrid.F90, Line = 20, Column = 7 
  A module named "ESMF_UTILMOD" has already been directly or indirectly use associated into this scope.
      ^                       
ftn-878 ftn: WARNING ESMF_REGRIDAPP, File = ESMF_Regrid.F90, Line = 20, Column = 7 
  A module named "ESMF_LOCSTREAMMOD" has already been directly or indirectly use associated into this scope.
      ^                       
ftn-878 ftn: WARNING ESMF_REGRIDAPP, File = ESMF_Regrid.F90, Line = 20, Column = 7 
  A module named "ESMF_MESHMOD" has already been directly or indirectly use associated into this scope.
      ^                       
ftn-878 ftn: WARNING ESMF_REGRIDAPP, File = ESMF_Regrid.F90, Line = 20, Column = 7 
  A module named "ESMF_STAGGERLOCTYPEMOD" has already been directly or indirectly use associated into this scope.
      ^                       
ftn-878 ftn: WARNING ESMF_REGRIDAPP, File = ESMF_Regrid.F90, Line = 20, Column = 7 
  A module named "ESMF_STAGGERLOCMOD" has already been directly or indirectly use associated into this scope.
      ^                       
ftn-878 ftn: WARNING ESMF_REGRIDAPP, File = ESMF_Regrid.F90, Line = 20, Column = 7 
  A module named "ESMF_DISTGRIDREGDECOMPMOD" has already been directly or indirectly use associated into this scope.
      ^                       
ftn-878 ftn: WARNING ESMF_REGRIDAPP, File = ESMF_Regrid.F90, Line = 20, Column = 7 
  A module named "ESMF_DISTGRIDCONNECTIONMOD" has already been directly or indirectly use associated into this scope.
      ^                       
ftn-878 ftn: WARNING ESMF_REGRIDAPP, File = ESMF_Regrid.F90, Line = 20, Column = 7 
  A module named "ESMF_ARRAYSCATTERMOD" has already been directly or indirectly use associated into this scope.
      ^                       
ftn-878 ftn: WARNING ESMF_REGRIDAPP, File = ESMF_Regrid.F90, Line = 20, Column = 7 
  A module named "ESMF_ARRAYHAMOD" has already been directly or indirectly use associated into this scope.
      ^                       
ftn-878 ftn: WARNING ESMF_REGRIDAPP, File = ESMF_Regrid.F90, Line = 20, Column = 7 
  A module named "ESMF_ARRAYGETMOD" has already been directly or indirectly use associated into this scope.
      ^                       
ftn-878 ftn: WARNING ESMF_REGRIDAPP, File = ESMF_Regrid.F90, Line = 20, Column = 7 
  A module named "ESMF_ARRAYGATHERMOD" has already been directly or indirectly use associated into this scope.
      ^                       
ftn-878 ftn: WARNING ESMF_REGRIDAPP, File = ESMF_Regrid.F90, Line = 20, Column = 7 
  A module named "ESMF_ARRAYCREATEMOD" has already been directly or indirectly use associated into this scope.
      ^                       
ftn-878 ftn: WARNING ESMF_REGRIDAPP, File = ESMF_Regrid.F90, Line = 20, Column = 7 
  A module named "ESMF_FILEREGRIDMOD" has already been directly or indirectly use associated into this scope.
      ^                       
ftn-878 ftn: WARNING ESMF_REGRIDAPP, File = ESMF_Regrid.F90, Line = 20, Column = 7 
  A module named "ESMF_IOFILETYPECHECKMOD" has already been directly or indirectly use associated into this scope.
      ^                       
ftn-878 ftn: WARNING ESMF_REGRIDAPP, File = ESMF_Regrid.F90, Line = 20, Column = 7 
  A module named "ESMF_IOGRIDMOSAICMOD" has already been directly or indirectly use associated into this scope.
      ^                       
ftn-878 ftn: WARNING ESMF_REGRIDAPP, File = ESMF_Regrid.F90, Line = 20, Column = 7 
  A module named "ESMF_IOUGRIDMOD" has already been directly or indirectly use associated into this scope.
      ^                       
ftn-878 ftn: WARNING ESMF_REGRIDAPP, File = ESMF_Regrid.F90, Line = 20, Column = 7 
  A module named "ESMF_RHANDLEMOD" has already been directly or indirectly use associated into this scope.
      ^                       
ftn-878 ftn: WARNING ESMF_REGRIDAPP, File = ESMF_Regrid.F90, Line = 20, Column = 7 
  A module named "ESMF_FIELDREGRIDMOD" has already been directly or indirectly use associated into this scope.
      ^                       
ftn-878 ftn: WARNING ESMF_REGRIDAPP, File = ESMF_Regrid.F90, Line = 20, Column = 7 
  A module named "ESMF_FIELDSMMMOD" has already been directly or indirectly use associated into this scope.
      ^                       
ftn-878 ftn: WARNING ESMF_REGRIDAPP, File = ESMF_Regrid.F90, Line = 20, Column = 7 
  A module named "ESMF_FIELDCREATEMOD" has already been directly or indirectly use associated into this scope.
      ^                       
ftn-878 ftn: WARNING ESMF_REGRIDAPP, File = ESMF_Regrid.F90, Line = 20, Column = 7 
  A module named "ESMF_FIELDMOD" has already been directly or indirectly use associated into this scope.
      ^                       
ftn-878 ftn: WARNING ESMF_REGRIDAPP, File = ESMF_Regrid.F90, Line = 20, Column = 7 
  A module named "ESMF_GRIDMOD" has already been directly or indirectly use associated into this scope.
      ^                       
ftn-878 ftn: WARNING ESMF_REGRIDAPP, File = ESMF_Regrid.F90, Line = 20, Column = 7 
  A module named "ESMF_DISTGRIDMOD" has already been directly or indirectly use associated into this scope.
      ^                       
ftn-878 ftn: WARNING ESMF_REGRIDAPP, File = ESMF_Regrid.F90, Line = 20, Column = 7 
  A module named "ESMF_ARRAYMOD" has already been directly or indirectly use associated into this scope.
      ^                       
ftn-878 ftn: WARNING ESMF_REGRIDAPP, File = ESMF_Regrid.F90, Line = 20, Column = 7 
  A module named "ESMF_ARRAYSPECMOD" has already been directly or indirectly use associated into this scope.
      ^                       
ftn-878 ftn: WARNING ESMF_REGRIDAPP, File = ESMF_Regrid.F90, Line = 20, Column = 7 
  A module named "ESMF_VMMOD" has already been directly or indirectly use associated into this scope.
      ^                       
ftn-878 ftn: WARNING ESMF_REGRIDAPP, File = ESMF_Regrid.F90, Line = 20, Column = 7 
  A module named "ESMF_LOGERRMOD" has already been directly or indirectly use associated into this scope.
      ^                       
ftn-878 ftn: WARNING ESMF_REGRIDAPP, File = ESMF_Regrid.F90, Line = 20, Column = 7 
  A module named "ESMF_UTILTYPESMOD" has already been directly or indirectly use associated into this scope.
      ^                       
ftn-878 ftn: WARNING ESMF_REGRIDAPP, File = ESMF_Regrid.F90, Line = 20, Column = 7 
  A module named "NETCDF" has already been directly or indirectly use associated into this scope.

Cray Fortran : Version 15.0.1 (20230120205242_66f7391d6a03cf932f321b9f6b1d8612ef5f362c)
Cray Fortran : Mon Sep 09, 2024  04:15:37
Cray Fortran : Compile time:  0.4396 seconds
Cray Fortran : 1154 source lines
Cray Fortran : 0 errors, 76 warnings, 0 other messages, 0 ansi
Cray Fortran : "explain ftn-message number" gives more information about each message.
make chkdir_apps
make[5]: Entering directory '/glade/derecho/scratch/sacks/esmf-testing/cce_15.0.1_mpi_g_develop/esmf/src/apps/ESMF_Regrid'
make[5]: Leaving directory '/glade/derecho/scratch/sacks/esmf-testing/cce_15.0.1_mpi_g_develop/esmf/src/apps/ESMF_Regrid'
ftn     -fopenmp -L/glade/derecho/scratch/sacks/esmf-testing/cce_15.0.1_mpi_g_develop/esmf/DEFAULTINSTALLDIR/lib/libg/Unicos.cce.64.mpi.default -L/glade/u/apps/derecho/23.06/spack/opt/spack/netcdf/4.9.2/packages/netcdf-c/4.9.2/cce/15.0.1/kfqe/lib -L/glade/u/apps/derecho/23.06/spack/opt/spack/netcdf/4.9.2/packages/netcdf-fortran/4.6.0/cce/15.0.1/khki/lib -Wl,-rpath,/glade/derecho/scratch/sacks/esmf-testing/cce_15.0.1_mpi_g_develop/esmf/DEFAULTINSTALLDIR/lib/libg/Unicos.cce.64.mpi.default -Wl,-rpath,/glade/u/apps/derecho/23.06/spack/opt/spack/netcdf/4.9.2/packages/netcdf-c/4.9.2/cce/15.0.1/kfqe/lib -Wl,-rpath,/glade/u/apps/derecho/23.06/spack/opt/spack/netcdf/4.9.2/packages/netcdf-fortran/4.6.0/cce/15.0.1/khki/lib  -o /glade/derecho/scratch/sacks/esmf-testing/cce_15.0.1_mpi_g_develop/esmf/DEFAULTINSTALLDIR/bin/bing/Unicos.cce.64.mpi.default/ESMF_Regrid /glade/derecho/scratch/sacks/esmf-testing/cce_15.0.1_mpi_g_develop/esmf/obj/objg/Unicos.cce.64.mpi.default/src/apps/ESMF_Regrid/ESMF_Regrid.o -lesmf   -lnetcdf -lnetcdff -lnetcdf -lnetcdf -ldl -lm -lpioc
make[4]: Leaving directory '/glade/derecho/scratch/sacks/esmf-testing/cce_15.0.1_mpi_g_develop/esmf/src/apps/ESMF_Regrid'
tree_build_apps in: /glade/derecho/scratch/sacks/esmf-testing/cce_15.0.1_mpi_g_develop/esmf/src/apps/ESMX_Builder
make[4]: Entering directory '/glade/derecho/scratch/sacks/esmf-testing/cce_15.0.1_mpi_g_develop/esmf/src/apps/ESMX_Builder'
make chkdir_apps
make[5]: Entering directory '/glade/derecho/scratch/sacks/esmf-testing/cce_15.0.1_mpi_g_develop/esmf/src/apps/ESMX_Builder'
make[5]: Leaving directory '/glade/derecho/scratch/sacks/esmf-testing/cce_15.0.1_mpi_g_develop/esmf/src/apps/ESMX_Builder'
cp -f ESMX_Builder.sh /glade/derecho/scratch/sacks/esmf-testing/cce_15.0.1_mpi_g_develop/esmf/DEFAULTINSTALLDIR/bin/bing/Unicos.cce.64.mpi.default/ESMX_Builder
make[4]: Leaving directory '/glade/derecho/scratch/sacks/esmf-testing/cce_15.0.1_mpi_g_develop/esmf/src/apps/ESMX_Builder'
make[3]: Leaving directory '/glade/derecho/scratch/sacks/esmf-testing/cce_15.0.1_mpi_g_develop/esmf/src/apps'
ESMF apps built successfully.
make[2]: Leaving directory '/glade/derecho/scratch/sacks/esmf-testing/cce_15.0.1_mpi_g_develop/esmf'
make[1]: Leaving directory '/glade/derecho/scratch/sacks/esmf-testing/cce_15.0.1_mpi_g_develop/esmf'
mkdir -p /glade/derecho/scratch/sacks/esmf-testing/cce_15.0.1_mpi_g_develop/esmf/DEFAULTINSTALLDIR/doc
make install_info_mk
make[1]: Entering directory '/glade/derecho/scratch/sacks/esmf-testing/cce_15.0.1_mpi_g_develop/esmf'
make info_mk ESMF_APPSDIR=/glade/derecho/scratch/sacks/esmf-testing/cce_15.0.1_mpi_g_develop/esmf/DEFAULTINSTALLDIR/bin/bing/Unicos.cce.64.mpi.default ESMF_LDIR=/glade/derecho/scratch/sacks/esmf-testing/cce_15.0.1_mpi_g_develop/esmf/DEFAULTINSTALLDIR/lib/libg/Unicos.cce.64.mpi.default ESMF_LIBDIR=/glade/derecho/scratch/sacks/esmf-testing/cce_15.0.1_mpi_g_develop/esmf/DEFAULTINSTALLDIR/lib/libg/Unicos.cce.64.mpi.default ESMF_ESMXDIR=/glade/derecho/scratch/sacks/esmf-testing/cce_15.0.1_mpi_g_develop/esmf/DEFAULTINSTALLDIR/include/ESMX ESMF_CMAKEDIR=/glade/derecho/scratch/sacks/esmf-testing/cce_15.0.1_mpi_g_develop/esmf/DEFAULTINSTALLDIR/cmake ESMF_MODDIR=/glade/derecho/scratch/sacks/esmf-testing/cce_15.0.1_mpi_g_develop/esmf/DEFAULTINSTALLDIR/mod/modg/Unicos.cce.64.mpi.default ESMF_INCDIR=/glade/derecho/scratch/sacks/esmf-testing/cce_15.0.1_mpi_g_develop/esmf/DEFAULTINSTALLDIR/include
make[2]: Entering directory '/glade/derecho/scratch/sacks/esmf-testing/cce_15.0.1_mpi_g_develop/esmf'
make[2]: Leaving directory '/glade/derecho/scratch/sacks/esmf-testing/cce_15.0.1_mpi_g_develop/esmf'
make[1]: Leaving directory '/glade/derecho/scratch/sacks/esmf-testing/cce_15.0.1_mpi_g_develop/esmf'
 
ESMF installation complete.
 
