2024-09-30 23:36:40
20241001 001031.383 INFO             PET0 !!!!!!!!!!!!!!!!!!!!!!!!!!!!!!!!!!!!!!!!!!!!!!!!!!!!!!
20241001 001031.383 INFO             PET0 !!! THE ESMF_LOG IS SET TO OUTPUT ALL LOG MESSAGES !!!
20241001 001031.383 INFO             PET0 !!!     THIS MAY CAUSE SLOWDOWN IN PERFORMANCE     !!!
20241001 001031.383 INFO             PET0 !!! FOR PRODUCTION RUNS, USE:                      !!!
20241001 001031.383 INFO             PET0 !!!                   ESMF_LOGKIND_Multi_On_Error  !!!
20241001 001031.383 INFO             PET0 !!!!!!!!!!!!!!!!!!!!!!!!!!!!!!!!!!!!!!!!!!!!!!!!!!!!!!
20241001 001031.383 INFO             PET0 Running with ESMF Version   : v8.7.0b14-1-g2597b0a993
20241001 001031.383 INFO             PET0 ESMF library build date/time: "Sep 30 2024" "23:35:00"
20241001 001031.383 INFO             PET0 ESMF library build location : /discover/nobackup/projects/gmao/SIteam/ESMF_Testing/gfortran_14.2.0_mpiuni_g_release_8.7.0/esmf
20241001 001031.383 INFO             PET0 ESMF_COMM                   : mpiuni
20241001 001031.383 INFO             PET0 ESMF_MOAB                   : enabled
20241001 001031.383 INFO             PET0 ESMF_LAPACK                 : enabled
20241001 001031.383 INFO             PET0 ESMF_NETCDF                 : disabled
20241001 001031.383 INFO             PET0 ESMF_PNETCDF                : disabled
20241001 001031.383 INFO             PET0 ESMF_PIO                    : disabled
20241001 001031.383 INFO             PET0 ESMF_YAMLCPP                : enabled
20241001 001031.383 INFO             PET0 ESMF Tracing Enabled
20241001 001031.383 INFO             PET0 ESMF Profiling Enabled
20241001 001031.383 INFO             PET0 ESMF Trace/Profile clock: REALTIME
20241001 001031.386 INFO             PET0  NUMBER_OF_PROCESSORS           1
20241001 001031.387 INFO             PET0  PASS  Example ESMF_TraceEx, ESMF_TraceEx.F90, line 178
20241001 001031.387 INFO             PET0  Finalizing ESMF
20241001 001031.387 INFO             PET0 **************** Region Timings *******************
20241001 001031.387 INFO             PET0 Region              Count  Total (s)   Self (s)    Mean (s)    Min (s)     Max (s)
20241001 001031.387 INFO             PET0   [ESMF]            1      0.0015      0.0015      0.0015      0.0015      0.0015
20241001 001031.387 INFO             PET0     [test] Run 1    5      0.0000      0.0000      0.0000      0.0000      0.0000
20241001 001031.387 INFO             PET0     [test] Init 1   1      0.0000      0.0000      0.0000      0.0000      0.0000
20241001 001031.387 INFO             PET0     [test] Final 1  1      0.0000      0.0000      0.0000      0.0000      0.0000
