2024-09-21 22:37:35
20240922 000243.323 INFO             PET0 !!!!!!!!!!!!!!!!!!!!!!!!!!!!!!!!!!!!!!!!!!!!!!!!!!!!!!
20240922 000243.323 INFO             PET0 !!! THE ESMF_LOG IS SET TO OUTPUT ALL LOG MESSAGES !!!
20240922 000243.323 INFO             PET0 !!!     THIS MAY CAUSE SLOWDOWN IN PERFORMANCE     !!!
20240922 000243.323 INFO             PET0 !!! FOR PRODUCTION RUNS, USE:                      !!!
20240922 000243.323 INFO             PET0 !!!                   ESMF_LOGKIND_Multi_On_Error  !!!
20240922 000243.323 INFO             PET0 !!!!!!!!!!!!!!!!!!!!!!!!!!!!!!!!!!!!!!!!!!!!!!!!!!!!!!
20240922 000243.323 INFO             PET0 Running with ESMF Version   : v8.7.0b14-1-g2597b0a993
20240922 000243.323 INFO             PET0 ESMF library build date/time: "Sep 21 2024" "22:35:46"
20240922 000243.323 INFO             PET0 ESMF library build location : /discover/nobackup/projects/gmao/SIteam/ESMF_Testing/gfortran_14.2.0_mpiuni_g_release_8.7.0/esmf
20240922 000243.323 INFO             PET0 ESMF_COMM                   : mpiuni
20240922 000243.323 INFO             PET0 ESMF_MOAB                   : enabled
20240922 000243.323 INFO             PET0 ESMF_LAPACK                 : enabled
20240922 000243.323 INFO             PET0 ESMF_NETCDF                 : disabled
20240922 000243.323 INFO             PET0 ESMF_PNETCDF                : disabled
20240922 000243.323 INFO             PET0 ESMF_PIO                    : disabled
20240922 000243.323 INFO             PET0 ESMF_YAMLCPP                : enabled
20240922 000243.323 INFO             PET0  NUMBER_OF_PROCESSORS           1
20240922 000243.323 INFO             PET0  PASS  Example ESMF_VMUserMpiCommMultiEx, ESMF_VMUserMpiCommMultiEx.F90, line 126
20240922 000243.323 INFO             PET0  Finalizing ESMF with endflag==ESMF_END_KEEPMPI
