2024-09-28 03:26:01
20240928 044654.686 INFO             PET0 !!!!!!!!!!!!!!!!!!!!!!!!!!!!!!!!!!!!!!!!!!!!!!!!!!!!!!
20240928 044654.687 INFO             PET0 !!! THE ESMF_LOG IS SET TO OUTPUT ALL LOG MESSAGES !!!
20240928 044654.687 INFO             PET0 !!!     THIS MAY CAUSE SLOWDOWN IN PERFORMANCE     !!!
20240928 044654.687 INFO             PET0 !!! FOR PRODUCTION RUNS, USE:                      !!!
20240928 044654.687 INFO             PET0 !!!                   ESMF_LOGKIND_Multi_On_Error  !!!
20240928 044654.687 INFO             PET0 !!!!!!!!!!!!!!!!!!!!!!!!!!!!!!!!!!!!!!!!!!!!!!!!!!!!!!
20240928 044654.687 INFO             PET0 Running with ESMF Version   : v8.7.0b14-1-g2597b0a993
20240928 044654.687 INFO             PET0 ESMF library build date/time: "Sep 28 2024" "03:24:47"
20240928 044654.687 INFO             PET0 ESMF library build location : /tmp/intel_2023.1.0-classic_mpi_O_release_8.7.0/esmf
20240928 044654.687 INFO             PET0 ESMF_COMM                   : mpi
20240928 044654.687 INFO             PET0 ESMF_MOAB                   : enabled
20240928 044654.687 INFO             PET0 ESMF_LAPACK                 : enabled
20240928 044654.687 INFO             PET0 ESMF_NETCDF                 : enabled
20240928 044654.687 INFO             PET0 ESMF_PNETCDF                : disabled
20240928 044654.687 INFO             PET0 ESMF_PIO                    : enabled
20240928 044654.687 INFO             PET0 ESMF_YAMLCPP                : enabled
20240928 044654.725 DEBUG            PET0 about to destroy Grid: 0x6f2a50
20240928 044654.728 DEBUG            PET0 about to destroy Grid: 0x6f6ba0
20240928 044654.740 INFO             PET0  NUMBER_OF_PROCESSORS           4
20240928 044654.740 INFO             PET0  PASS  Example ESMF_NUOPCAtmModelEx, ESMF_NUOPCAtmModelEx.F90, line 806
20240928 044654.740 INFO             PET0  Finalizing ESMF
20240928 044654.686 INFO             PET1 !!!!!!!!!!!!!!!!!!!!!!!!!!!!!!!!!!!!!!!!!!!!!!!!!!!!!!
20240928 044654.686 INFO             PET1 !!! THE ESMF_LOG IS SET TO OUTPUT ALL LOG MESSAGES !!!
20240928 044654.686 INFO             PET1 !!!     THIS MAY CAUSE SLOWDOWN IN PERFORMANCE     !!!
20240928 044654.686 INFO             PET1 !!! FOR PRODUCTION RUNS, USE:                      !!!
20240928 044654.686 INFO             PET1 !!!                   ESMF_LOGKIND_Multi_On_Error  !!!
20240928 044654.686 INFO             PET1 !!!!!!!!!!!!!!!!!!!!!!!!!!!!!!!!!!!!!!!!!!!!!!!!!!!!!!
20240928 044654.686 INFO             PET1 Running with ESMF Version   : v8.7.0b14-1-g2597b0a993
20240928 044654.686 INFO             PET1 ESMF library build date/time: "Sep 28 2024" "03:24:47"
20240928 044654.686 INFO             PET1 ESMF library build location : /tmp/intel_2023.1.0-classic_mpi_O_release_8.7.0/esmf
20240928 044654.686 INFO             PET1 ESMF_COMM                   : mpi
20240928 044654.686 INFO             PET1 ESMF_MOAB                   : enabled
20240928 044654.686 INFO             PET1 ESMF_LAPACK                 : enabled
20240928 044654.686 INFO             PET1 ESMF_NETCDF                 : enabled
20240928 044654.686 INFO             PET1 ESMF_PNETCDF                : disabled
20240928 044654.686 INFO             PET1 ESMF_PIO                    : enabled
20240928 044654.686 INFO             PET1 ESMF_YAMLCPP                : enabled
20240928 044654.725 DEBUG            PET1 about to destroy Grid: 0x6f2ac0
20240928 044654.728 DEBUG            PET1 about to destroy Grid: 0x6f3b40
20240928 044654.740 INFO             PET1  NUMBER_OF_PROCESSORS           4
20240928 044654.740 INFO             PET1  PASS  Example ESMF_NUOPCAtmModelEx, ESMF_NUOPCAtmModelEx.F90, line 806
20240928 044654.740 INFO             PET1  Finalizing ESMF
20240928 044654.686 INFO             PET2 !!!!!!!!!!!!!!!!!!!!!!!!!!!!!!!!!!!!!!!!!!!!!!!!!!!!!!
20240928 044654.687 INFO             PET2 !!! THE ESMF_LOG IS SET TO OUTPUT ALL LOG MESSAGES !!!
20240928 044654.687 INFO             PET2 !!!     THIS MAY CAUSE SLOWDOWN IN PERFORMANCE     !!!
20240928 044654.687 INFO             PET2 !!! FOR PRODUCTION RUNS, USE:                      !!!
20240928 044654.687 INFO             PET2 !!!                   ESMF_LOGKIND_Multi_On_Error  !!!
20240928 044654.687 INFO             PET2 !!!!!!!!!!!!!!!!!!!!!!!!!!!!!!!!!!!!!!!!!!!!!!!!!!!!!!
20240928 044654.687 INFO             PET2 Running with ESMF Version   : v8.7.0b14-1-g2597b0a993
20240928 044654.687 INFO             PET2 ESMF library build date/time: "Sep 28 2024" "03:24:47"
20240928 044654.687 INFO             PET2 ESMF library build location : /tmp/intel_2023.1.0-classic_mpi_O_release_8.7.0/esmf
20240928 044654.687 INFO             PET2 ESMF_COMM                   : mpi
20240928 044654.687 INFO             PET2 ESMF_MOAB                   : enabled
20240928 044654.687 INFO             PET2 ESMF_LAPACK                 : enabled
20240928 044654.687 INFO             PET2 ESMF_NETCDF                 : enabled
20240928 044654.687 INFO             PET2 ESMF_PNETCDF                : disabled
20240928 044654.687 INFO             PET2 ESMF_PIO                    : enabled
20240928 044654.687 INFO             PET2 ESMF_YAMLCPP                : enabled
20240928 044654.725 DEBUG            PET2 about to destroy Grid: 0x6f2ad0
20240928 044654.728 DEBUG            PET2 about to destroy Grid: 0x6f3960
20240928 044654.740 INFO             PET2  NUMBER_OF_PROCESSORS           4
20240928 044654.740 INFO             PET2  PASS  Example ESMF_NUOPCAtmModelEx, ESMF_NUOPCAtmModelEx.F90, line 806
20240928 044654.740 INFO             PET2  Finalizing ESMF
20240928 044654.686 INFO             PET3 !!!!!!!!!!!!!!!!!!!!!!!!!!!!!!!!!!!!!!!!!!!!!!!!!!!!!!
20240928 044654.686 INFO             PET3 !!! THE ESMF_LOG IS SET TO OUTPUT ALL LOG MESSAGES !!!
20240928 044654.686 INFO             PET3 !!!     THIS MAY CAUSE SLOWDOWN IN PERFORMANCE     !!!
20240928 044654.686 INFO             PET3 !!! FOR PRODUCTION RUNS, USE:                      !!!
20240928 044654.686 INFO             PET3 !!!                   ESMF_LOGKIND_Multi_On_Error  !!!
20240928 044654.686 INFO             PET3 !!!!!!!!!!!!!!!!!!!!!!!!!!!!!!!!!!!!!!!!!!!!!!!!!!!!!!
20240928 044654.686 INFO             PET3 Running with ESMF Version   : v8.7.0b14-1-g2597b0a993
20240928 044654.686 INFO             PET3 ESMF library build date/time: "Sep 28 2024" "03:24:47"
20240928 044654.686 INFO             PET3 ESMF library build location : /tmp/intel_2023.1.0-classic_mpi_O_release_8.7.0/esmf
20240928 044654.686 INFO             PET3 ESMF_COMM                   : mpi
20240928 044654.686 INFO             PET3 ESMF_MOAB                   : enabled
20240928 044654.686 INFO             PET3 ESMF_LAPACK                 : enabled
20240928 044654.686 INFO             PET3 ESMF_NETCDF                 : enabled
20240928 044654.686 INFO             PET3 ESMF_PNETCDF                : disabled
20240928 044654.686 INFO             PET3 ESMF_PIO                    : enabled
20240928 044654.686 INFO             PET3 ESMF_YAMLCPP                : enabled
20240928 044654.725 DEBUG            PET3 about to destroy Grid: 0x6f2ac0
20240928 044654.728 DEBUG            PET3 about to destroy Grid: 0x6f3b40
20240928 044654.740 INFO             PET3  NUMBER_OF_PROCESSORS           4
20240928 044654.740 INFO             PET3  PASS  Example ESMF_NUOPCAtmModelEx, ESMF_NUOPCAtmModelEx.F90, line 806
20240928 044654.740 INFO             PET3  Finalizing ESMF
