2024-09-02 02:03:06
20240902 025501.692 INFO             PET0 !!!!!!!!!!!!!!!!!!!!!!!!!!!!!!!!!!!!!!!!!!!!!!!!!!!!!!
20240902 025501.692 INFO             PET0 !!! THE ESMF_LOG IS SET TO OUTPUT ALL LOG MESSAGES !!!
20240902 025501.692 INFO             PET0 !!!     THIS MAY CAUSE SLOWDOWN IN PERFORMANCE     !!!
20240902 025501.692 INFO             PET0 !!! FOR PRODUCTION RUNS, USE:                      !!!
20240902 025501.692 INFO             PET0 !!!                   ESMF_LOGKIND_Multi_On_Error  !!!
20240902 025501.692 INFO             PET0 !!!!!!!!!!!!!!!!!!!!!!!!!!!!!!!!!!!!!!!!!!!!!!!!!!!!!!
20240902 025501.692 INFO             PET0 Running with ESMF Version   : v8.7.0b12-2-gbfe22b56ac
20240902 025501.692 INFO             PET0 ESMF library build date/time: "Sep  2 2024" "02:00:24"
20240902 025501.692 INFO             PET0 ESMF library build location : /glade/derecho/scratch/sacks/esmf-testing/intel_2023.2.1_mpiuni_g_develop/esmf
20240902 025501.692 INFO             PET0 ESMF_COMM                   : mpiuni
20240902 025501.693 INFO             PET0 ESMF_MOAB                   : enabled
20240902 025501.693 INFO             PET0 ESMF_LAPACK                 : enabled
20240902 025501.693 INFO             PET0 ESMF_NETCDF                 : enabled
20240902 025501.693 INFO             PET0 ESMF_PNETCDF                : disabled
20240902 025501.693 INFO             PET0 ESMF_PIO                    : enabled
20240902 025501.693 INFO             PET0 ESMF_YAMLCPP                : enabled
20240902 025501.702 INFO             PET0 ESMF_FieldRedistStoreNF(): Just entered routine.
20240902 025502.286 INFO             PET0 ESMF_FieldRedistStoreNF(): Leaving routine.
20240902 025502.498 INFO             PET0  NUMBER_OF_PROCESSORS           1
20240902 025502.498 INFO             PET0  PASS  Example ESMF_RHandleFromFileEx, ESMF_RHandleFromFileEx.F90, line 192
20240902 025502.498 INFO             PET0  Finalizing ESMF
