2024-08-21 01:43:02
20240821 021458.159 INFO             PET0 !!!!!!!!!!!!!!!!!!!!!!!!!!!!!!!!!!!!!!!!!!!!!!!!!!!!!!
20240821 021458.159 INFO             PET0 !!! THE ESMF_LOG IS SET TO OUTPUT ALL LOG MESSAGES !!!
20240821 021458.159 INFO             PET0 !!!     THIS MAY CAUSE SLOWDOWN IN PERFORMANCE     !!!
20240821 021458.159 INFO             PET0 !!! FOR PRODUCTION RUNS, USE:                      !!!
20240821 021458.159 INFO             PET0 !!!                   ESMF_LOGKIND_Multi_On_Error  !!!
20240821 021458.159 INFO             PET0 !!!!!!!!!!!!!!!!!!!!!!!!!!!!!!!!!!!!!!!!!!!!!!!!!!!!!!
20240821 021458.159 INFO             PET0 Running with ESMF Version   : v8.7.0b11-5-gfda68a9ac3
20240821 021458.159 INFO             PET0 ESMF library build date/time: "Aug 21 2024" "01:41:22"
20240821 021458.159 INFO             PET0 ESMF library build location : /glade/derecho/scratch/sacks/esmf-testing/intel_2023.2.1_mpiuni_g_develop/esmf
20240821 021458.159 INFO             PET0 ESMF_COMM                   : mpiuni
20240821 021458.160 INFO             PET0 ESMF_MOAB                   : enabled
20240821 021458.160 INFO             PET0 ESMF_LAPACK                 : enabled
20240821 021458.160 INFO             PET0 ESMF_NETCDF                 : enabled
20240821 021458.160 INFO             PET0 ESMF_PNETCDF                : disabled
20240821 021458.160 INFO             PET0 ESMF_PIO                    : enabled
20240821 021458.160 INFO             PET0 ESMF_YAMLCPP                : enabled
20240821 021458.161 INFO             PET0  NUMBER_OF_PROCESSORS           1
20240821 021458.161 INFO             PET0  PASS  Example ESMF_VMNonBlockingEx, ESMF_VMNonBlockingEx.F90, line 433
20240821 021458.161 INFO             PET0  Finalizing ESMF
