2024-08-07 01:41:25
20240807 021200.883 INFO             PET0 !!!!!!!!!!!!!!!!!!!!!!!!!!!!!!!!!!!!!!!!!!!!!!!!!!!!!!
20240807 021200.883 INFO             PET0 !!! THE ESMF_LOG IS SET TO OUTPUT ALL LOG MESSAGES !!!
20240807 021200.883 INFO             PET0 !!!     THIS MAY CAUSE SLOWDOWN IN PERFORMANCE     !!!
20240807 021200.883 INFO             PET0 !!! FOR PRODUCTION RUNS, USE:                      !!!
20240807 021200.883 INFO             PET0 !!!                   ESMF_LOGKIND_Multi_On_Error  !!!
20240807 021200.883 INFO             PET0 !!!!!!!!!!!!!!!!!!!!!!!!!!!!!!!!!!!!!!!!!!!!!!!!!!!!!!
20240807 021200.883 INFO             PET0 Running with ESMF Version   : v8.7.0b11
20240807 021200.883 INFO             PET0 ESMF library build date/time: "Aug  7 2024" "01:39:47"
20240807 021200.883 INFO             PET0 ESMF library build location : /glade/derecho/scratch/sacks/esmf-testing/intel_2023.2.1_mpiuni_g_develop/esmf
20240807 021200.883 INFO             PET0 ESMF_COMM                   : mpiuni
20240807 021200.884 INFO             PET0 ESMF_MOAB                   : enabled
20240807 021200.884 INFO             PET0 ESMF_LAPACK                 : enabled
20240807 021200.884 INFO             PET0 ESMF_NETCDF                 : enabled
20240807 021200.884 INFO             PET0 ESMF_PNETCDF                : disabled
20240807 021200.884 INFO             PET0 ESMF_PIO                    : enabled
20240807 021200.884 INFO             PET0 ESMF_YAMLCPP                : enabled
20240807 021200.885 INFO             PET0  NUMBER_OF_PROCESSORS           1
20240807 021200.885 INFO             PET0  PASS  Example ESMF_VMUserMpiCommMultiEx, ESMF_VMUserMpiCommMultiEx.F90, line 126
20240807 021200.885 INFO             PET0  Finalizing ESMF with endflag==ESMF_END_KEEPMPI
