2024-08-20 01:41:47
20240820 021502.710 INFO             PET0 !!!!!!!!!!!!!!!!!!!!!!!!!!!!!!!!!!!!!!!!!!!!!!!!!!!!!!
20240820 021502.710 INFO             PET0 !!! THE ESMF_LOG IS SET TO OUTPUT ALL LOG MESSAGES !!!
20240820 021502.710 INFO             PET0 !!!     THIS MAY CAUSE SLOWDOWN IN PERFORMANCE     !!!
20240820 021502.710 INFO             PET0 !!! FOR PRODUCTION RUNS, USE:                      !!!
20240820 021502.710 INFO             PET0 !!!                   ESMF_LOGKIND_Multi_On_Error  !!!
20240820 021502.710 INFO             PET0 !!!!!!!!!!!!!!!!!!!!!!!!!!!!!!!!!!!!!!!!!!!!!!!!!!!!!!
20240820 021502.710 INFO             PET0 Running with ESMF Version   : v8.7.0b11-5-gfda68a9ac3
20240820 021502.710 INFO             PET0 ESMF library build date/time: "Aug 20 2024" "01:40:03"
20240820 021502.710 INFO             PET0 ESMF library build location : /glade/derecho/scratch/sacks/esmf-testing/intel_2023.2.1_mpiuni_g_develop/esmf
20240820 021502.710 INFO             PET0 ESMF_COMM                   : mpiuni
20240820 021502.710 INFO             PET0 ESMF_MOAB                   : enabled
20240820 021502.710 INFO             PET0 ESMF_LAPACK                 : enabled
20240820 021502.710 INFO             PET0 ESMF_NETCDF                 : enabled
20240820 021502.710 INFO             PET0 ESMF_PNETCDF                : disabled
20240820 021502.710 INFO             PET0 ESMF_PIO                    : enabled
20240820 021502.710 INFO             PET0 ESMF_YAMLCPP                : enabled
20240820 021502.721 INFO             PET0  NUMBER_OF_PROCESSORS           1
20240820 021502.721 INFO             PET0  PASS  Example ESMF_XGridSparseMatEx, ESMF_XGridSparseMatEx.F90, line 642
20240820 021502.721 INFO             PET0  Finalizing ESMF
