2024-09-05 01:46:03
20240905 022507.153 INFO             PET0 !!!!!!!!!!!!!!!!!!!!!!!!!!!!!!!!!!!!!!!!!!!!!!!!!!!!!!
20240905 022507.153 INFO             PET0 !!! THE ESMF_LOG IS SET TO OUTPUT ALL LOG MESSAGES !!!
20240905 022507.153 INFO             PET0 !!!     THIS MAY CAUSE SLOWDOWN IN PERFORMANCE     !!!
20240905 022507.153 INFO             PET0 !!! FOR PRODUCTION RUNS, USE:                      !!!
20240905 022507.153 INFO             PET0 !!!                   ESMF_LOGKIND_Multi_On_Error  !!!
20240905 022507.153 INFO             PET0 !!!!!!!!!!!!!!!!!!!!!!!!!!!!!!!!!!!!!!!!!!!!!!!!!!!!!!
20240905 022507.153 INFO             PET0 Running with ESMF Version   : v8.7.0b13-1-g82ba326579
20240905 022507.153 INFO             PET0 ESMF library build date/time: "Sep  5 2024" "01:44:05"
20240905 022507.153 INFO             PET0 ESMF library build location : /glade/derecho/scratch/sacks/esmf-testing/intel_2023.2.1_mpiuni_g_develop/esmf
20240905 022507.153 INFO             PET0 ESMF_COMM                   : mpiuni
20240905 022507.154 INFO             PET0 ESMF_MOAB                   : enabled
20240905 022507.154 INFO             PET0 ESMF_LAPACK                 : enabled
20240905 022507.154 INFO             PET0 ESMF_NETCDF                 : enabled
20240905 022507.154 INFO             PET0 ESMF_PNETCDF                : disabled
20240905 022507.154 INFO             PET0 ESMF_PIO                    : enabled
20240905 022507.154 INFO             PET0 ESMF_YAMLCPP                : enabled
20240905 022507.223 DEBUG            PET0 about to destroy Grid: 0x820130
20240905 022507.237 DEBUG            PET0 about to destroy Grid: 0x8211c0
20240905 022507.273 INFO             PET0  NUMBER_OF_PROCESSORS           1
20240905 022507.273 INFO             PET0  PASS  Example ESMF_NUOPCAtmModelEx, ESMF_NUOPCAtmModelEx.F90, line 806
20240905 022507.273 INFO             PET0  Finalizing ESMF
