2024-08-14 01:54:51
20240814 023500.283 INFO             PET0 !!!!!!!!!!!!!!!!!!!!!!!!!!!!!!!!!!!!!!!!!!!!!!!!!!!!!!
20240814 023500.283 INFO             PET0 !!! THE ESMF_LOG IS SET TO OUTPUT ALL LOG MESSAGES !!!
20240814 023500.283 INFO             PET0 !!!     THIS MAY CAUSE SLOWDOWN IN PERFORMANCE     !!!
20240814 023500.283 INFO             PET0 !!! FOR PRODUCTION RUNS, USE:                      !!!
20240814 023500.283 INFO             PET0 !!!                   ESMF_LOGKIND_Multi_On_Error  !!!
20240814 023500.283 INFO             PET0 !!!!!!!!!!!!!!!!!!!!!!!!!!!!!!!!!!!!!!!!!!!!!!!!!!!!!!
20240814 023500.283 INFO             PET0 Running with ESMF Version   : v8.7.0b11
20240814 023500.283 INFO             PET0 ESMF library build date/time: "Aug 14 2024" "01:52:39"
20240814 023500.283 INFO             PET0 ESMF library build location : /glade/derecho/scratch/sacks/esmf-testing/intel_2023.2.1_mpiuni_g_develop/esmf
20240814 023500.283 INFO             PET0 ESMF_COMM                   : mpiuni
20240814 023500.285 INFO             PET0 ESMF_MOAB                   : enabled
20240814 023500.285 INFO             PET0 ESMF_LAPACK                 : enabled
20240814 023500.285 INFO             PET0 ESMF_NETCDF                 : enabled
20240814 023500.285 INFO             PET0 ESMF_PNETCDF                : disabled
20240814 023500.285 INFO             PET0 ESMF_PIO                    : enabled
20240814 023500.285 INFO             PET0 ESMF_YAMLCPP                : enabled
20240814 023500.285 INFO             PET0 Log Write 2
20240814 023500.285 ERROR            PET0 Invalid object  - Convergence failure
20240814 023500.285 ERROR            PET0 ESMCI_Time.C:866 ESMCI::Time::syncToRealTime() Wrong argument specified  - ; calkindflag is NOCALENDAR. Only GREGORIAN and JULIAN are supported when syncing to real time.
20240814 023500.285 ERROR            PET0 ESMF_Time.F90:1485 ESMF_TimeSyncToRealTime() Wrong argument specified  - Internal subroutine call returned Error
20240814 023500.285 ERROR            PET0 Wrong argument specified  - getting wall clock time
20240814 023500.297 INFO             PET0  NUMBER_OF_PROCESSORS           1
20240814 023500.298 INFO             PET0  PASS  Example ESMF_LogErrEx, ESMF_LogErrEx.F90, line 186
20240814 023500.299 INFO             PET0  Finalizing ESMF
