2024-08-29 02:10:28
20240829 025212.891 INFO             PET0 !!!!!!!!!!!!!!!!!!!!!!!!!!!!!!!!!!!!!!!!!!!!!!!!!!!!!!
20240829 025212.891 INFO             PET0 !!! THE ESMF_LOG IS SET TO OUTPUT ALL LOG MESSAGES !!!
20240829 025212.891 INFO             PET0 !!!     THIS MAY CAUSE SLOWDOWN IN PERFORMANCE     !!!
20240829 025212.891 INFO             PET0 !!! FOR PRODUCTION RUNS, USE:                      !!!
20240829 025212.891 INFO             PET0 !!!                   ESMF_LOGKIND_Multi_On_Error  !!!
20240829 025212.891 INFO             PET0 !!!!!!!!!!!!!!!!!!!!!!!!!!!!!!!!!!!!!!!!!!!!!!!!!!!!!!
20240829 025212.891 INFO             PET0 Running with ESMF Version   : v8.7.0b11-6-g82f8052f9c
20240829 025212.891 INFO             PET0 ESMF library build date/time: "Aug 29 2024" "02:07:19"
20240829 025212.891 INFO             PET0 ESMF library build location : /glade/derecho/scratch/sacks/esmf-testing/gfortran_12.2.0_pio2.5.10_mpi_g_develop/esmf
20240829 025212.891 INFO             PET0 ESMF_COMM                   : mpi
20240829 025212.892 INFO             PET0 ESMF_MOAB                   : enabled
20240829 025212.893 INFO             PET0 ESMF_LAPACK                 : enabled
20240829 025212.893 INFO             PET0 ESMF_NETCDF                 : enabled
20240829 025212.893 INFO             PET0 ESMF_PNETCDF                : disabled
20240829 025212.893 INFO             PET0 ESMF_PIO                    : enabled
20240829 025212.893 INFO             PET0 ESMF_YAMLCPP                : enabled
20240829 025212.893 INFO             PET0  NUMBER_OF_PROCESSORS           4
20240829 025212.893 INFO             PET0  PASS  Example ESMF_VMUserMpiCommMultiEx, ESMF_VMUserMpiCommMultiEx.F90, line 126
20240829 025212.893 INFO             PET0  Finalizing ESMF with endflag==ESMF_END_KEEPMPI
20240829 025212.884 INFO             PET0 !!!!!!!!!!!!!!!!!!!!!!!!!!!!!!!!!!!!!!!!!!!!!!!!!!!!!!
20240829 025212.884 INFO             PET0 !!! THE ESMF_LOG IS SET TO OUTPUT ALL LOG MESSAGES !!!
20240829 025212.884 INFO             PET0 !!!     THIS MAY CAUSE SLOWDOWN IN PERFORMANCE     !!!
20240829 025212.884 INFO             PET0 !!! FOR PRODUCTION RUNS, USE:                      !!!
20240829 025212.884 INFO             PET0 !!!                   ESMF_LOGKIND_Multi_On_Error  !!!
20240829 025212.884 INFO             PET0 !!!!!!!!!!!!!!!!!!!!!!!!!!!!!!!!!!!!!!!!!!!!!!!!!!!!!!
20240829 025212.884 INFO             PET0 Running with ESMF Version   : v8.7.0b11-6-g82f8052f9c
20240829 025212.884 INFO             PET0 ESMF library build date/time: "Aug 29 2024" "02:07:19"
20240829 025212.884 INFO             PET0 ESMF library build location : /glade/derecho/scratch/sacks/esmf-testing/gfortran_12.2.0_pio2.5.10_mpi_g_develop/esmf
20240829 025212.884 INFO             PET0 ESMF_COMM                   : mpi
20240829 025212.892 INFO             PET0 ESMF_MOAB                   : enabled
20240829 025212.892 INFO             PET0 ESMF_LAPACK                 : enabled
20240829 025212.892 INFO             PET0 ESMF_NETCDF                 : enabled
20240829 025212.892 INFO             PET0 ESMF_PNETCDF                : disabled
20240829 025212.892 INFO             PET0 ESMF_PIO                    : enabled
20240829 025212.892 INFO             PET0 ESMF_YAMLCPP                : enabled
20240829 025212.906 INFO             PET0  NUMBER_OF_PROCESSORS           4
20240829 025212.906 INFO             PET0  PASS  Example ESMF_VMUserMpiCommMultiEx, ESMF_VMUserMpiCommMultiEx.F90, line 154
20240829 025212.906 INFO             PET0  Finalizing ESMF with endflag==ESMF_END_KEEPMPI
20240829 025212.890 INFO             PET1 !!!!!!!!!!!!!!!!!!!!!!!!!!!!!!!!!!!!!!!!!!!!!!!!!!!!!!
20240829 025212.890 INFO             PET1 !!! THE ESMF_LOG IS SET TO OUTPUT ALL LOG MESSAGES !!!
20240829 025212.890 INFO             PET1 !!!     THIS MAY CAUSE SLOWDOWN IN PERFORMANCE     !!!
20240829 025212.890 INFO             PET1 !!! FOR PRODUCTION RUNS, USE:                      !!!
20240829 025212.890 INFO             PET1 !!!                   ESMF_LOGKIND_Multi_On_Error  !!!
20240829 025212.890 INFO             PET1 !!!!!!!!!!!!!!!!!!!!!!!!!!!!!!!!!!!!!!!!!!!!!!!!!!!!!!
20240829 025212.890 INFO             PET1 Running with ESMF Version   : v8.7.0b11-6-g82f8052f9c
20240829 025212.890 INFO             PET1 ESMF library build date/time: "Aug 29 2024" "02:07:19"
20240829 025212.890 INFO             PET1 ESMF library build location : /glade/derecho/scratch/sacks/esmf-testing/gfortran_12.2.0_pio2.5.10_mpi_g_develop/esmf
20240829 025212.891 INFO             PET1 ESMF_COMM                   : mpi
20240829 025212.893 INFO             PET1 ESMF_MOAB                   : enabled
20240829 025212.893 INFO             PET1 ESMF_LAPACK                 : enabled
20240829 025212.893 INFO             PET1 ESMF_NETCDF                 : enabled
20240829 025212.893 INFO             PET1 ESMF_PNETCDF                : disabled
20240829 025212.893 INFO             PET1 ESMF_PIO                    : enabled
20240829 025212.893 INFO             PET1 ESMF_YAMLCPP                : enabled
20240829 025212.893 INFO             PET1  NUMBER_OF_PROCESSORS           4
20240829 025212.893 INFO             PET1  PASS  Example ESMF_VMUserMpiCommMultiEx, ESMF_VMUserMpiCommMultiEx.F90, line 126
20240829 025212.893 INFO             PET1  Finalizing ESMF with endflag==ESMF_END_KEEPMPI
20240829 025212.895 INFO             PET1 !!!!!!!!!!!!!!!!!!!!!!!!!!!!!!!!!!!!!!!!!!!!!!!!!!!!!!
20240829 025212.895 INFO             PET1 !!! THE ESMF_LOG IS SET TO OUTPUT ALL LOG MESSAGES !!!
20240829 025212.895 INFO             PET1 !!!     THIS MAY CAUSE SLOWDOWN IN PERFORMANCE     !!!
20240829 025212.895 INFO             PET1 !!! FOR PRODUCTION RUNS, USE:                      !!!
20240829 025212.895 INFO             PET1 !!!                   ESMF_LOGKIND_Multi_On_Error  !!!
20240829 025212.895 INFO             PET1 !!!!!!!!!!!!!!!!!!!!!!!!!!!!!!!!!!!!!!!!!!!!!!!!!!!!!!
20240829 025212.895 INFO             PET1 Running with ESMF Version   : v8.7.0b11-6-g82f8052f9c
20240829 025212.895 INFO             PET1 ESMF library build date/time: "Aug 29 2024" "02:07:19"
20240829 025212.895 INFO             PET1 ESMF library build location : /glade/derecho/scratch/sacks/esmf-testing/gfortran_12.2.0_pio2.5.10_mpi_g_develop/esmf
20240829 025212.895 INFO             PET1 ESMF_COMM                   : mpi
20240829 025212.905 INFO             PET1 ESMF_MOAB                   : enabled
20240829 025212.905 INFO             PET1 ESMF_LAPACK                 : enabled
20240829 025212.905 INFO             PET1 ESMF_NETCDF                 : enabled
20240829 025212.905 INFO             PET1 ESMF_PNETCDF                : disabled
20240829 025212.905 INFO             PET1 ESMF_PIO                    : enabled
20240829 025212.905 INFO             PET1 ESMF_YAMLCPP                : enabled
20240829 025212.906 INFO             PET1  NUMBER_OF_PROCESSORS           4
20240829 025212.906 INFO             PET1  PASS  Example ESMF_VMUserMpiCommMultiEx, ESMF_VMUserMpiCommMultiEx.F90, line 154
20240829 025212.906 INFO             PET1  Finalizing ESMF with endflag==ESMF_END_KEEPMPI
