2024-09-11 02:01:08
20240911 023901.551 INFO             PET0 !!!!!!!!!!!!!!!!!!!!!!!!!!!!!!!!!!!!!!!!!!!!!!!!!!!!!!
20240911 023901.551 INFO             PET0 !!! THE ESMF_LOG IS SET TO OUTPUT ALL LOG MESSAGES !!!
20240911 023901.551 INFO             PET0 !!!     THIS MAY CAUSE SLOWDOWN IN PERFORMANCE     !!!
20240911 023901.551 INFO             PET0 !!! FOR PRODUCTION RUNS, USE:                      !!!
20240911 023901.551 INFO             PET0 !!!                   ESMF_LOGKIND_Multi_On_Error  !!!
20240911 023901.551 INFO             PET0 !!!!!!!!!!!!!!!!!!!!!!!!!!!!!!!!!!!!!!!!!!!!!!!!!!!!!!
20240911 023901.551 INFO             PET0 Running with ESMF Version   : v8.7.0b13-15-g49bd433481
20240911 023901.551 INFO             PET0 ESMF library build date/time: "Sep 11 2024" "01:58:22"
20240911 023901.551 INFO             PET0 ESMF library build location : /glade/derecho/scratch/sacks/esmf-testing/gfortran_12.2.0_pio2.5.10_mpi_g_develop/esmf
20240911 023901.551 INFO             PET0 ESMF_COMM                   : mpi
20240911 023901.551 INFO             PET0 ESMF_MOAB                   : enabled
20240911 023901.551 INFO             PET0 ESMF_LAPACK                 : enabled
20240911 023901.551 INFO             PET0 ESMF_NETCDF                 : enabled
20240911 023901.551 INFO             PET0 ESMF_PNETCDF                : disabled
20240911 023901.551 INFO             PET0 ESMF_PIO                    : enabled
20240911 023901.551 INFO             PET0 ESMF_YAMLCPP                : enabled
20240911 023901.554 INFO             PET0 ESMF_FieldRedistStoreNF(): Just entered routine.
20240911 023901.556 INFO             PET0 ESMF_FieldRedistStoreNF(): Leaving routine.
20240911 023901.560 INFO             PET0 ESMF_FieldRedistStoreNF(): Just entered routine.
20240911 023901.561 INFO             PET0 ESMF_FieldRedistStoreNF(): Leaving routine.
20240911 023901.562 INFO             PET0 ESMF_FieldRedistStoreNF(): Just entered routine.
20240911 023901.562 INFO             PET0 ESMF_FieldRedistStoreNF(): Leaving routine.
20240911 023901.563 INFO             PET0  NUMBER_OF_PROCESSORS           4
20240911 023901.563 INFO             PET0  PASS  Example ESMF_FieldRedistEx, ESMF_FieldRedistEx.F90, line 521
20240911 023901.563 INFO             PET0  Finalizing ESMF
20240911 023901.550 INFO             PET1 !!!!!!!!!!!!!!!!!!!!!!!!!!!!!!!!!!!!!!!!!!!!!!!!!!!!!!
20240911 023901.551 INFO             PET1 !!! THE ESMF_LOG IS SET TO OUTPUT ALL LOG MESSAGES !!!
20240911 023901.551 INFO             PET1 !!!     THIS MAY CAUSE SLOWDOWN IN PERFORMANCE     !!!
20240911 023901.551 INFO             PET1 !!! FOR PRODUCTION RUNS, USE:                      !!!
20240911 023901.551 INFO             PET1 !!!                   ESMF_LOGKIND_Multi_On_Error  !!!
20240911 023901.551 INFO             PET1 !!!!!!!!!!!!!!!!!!!!!!!!!!!!!!!!!!!!!!!!!!!!!!!!!!!!!!
20240911 023901.551 INFO             PET1 Running with ESMF Version   : v8.7.0b13-15-g49bd433481
20240911 023901.551 INFO             PET1 ESMF library build date/time: "Sep 11 2024" "01:58:22"
20240911 023901.551 INFO             PET1 ESMF library build location : /glade/derecho/scratch/sacks/esmf-testing/gfortran_12.2.0_pio2.5.10_mpi_g_develop/esmf
20240911 023901.551 INFO             PET1 ESMF_COMM                   : mpi
20240911 023901.551 INFO             PET1 ESMF_MOAB                   : enabled
20240911 023901.551 INFO             PET1 ESMF_LAPACK                 : enabled
20240911 023901.551 INFO             PET1 ESMF_NETCDF                 : enabled
20240911 023901.551 INFO             PET1 ESMF_PNETCDF                : disabled
20240911 023901.551 INFO             PET1 ESMF_PIO                    : enabled
20240911 023901.551 INFO             PET1 ESMF_YAMLCPP                : enabled
20240911 023901.554 INFO             PET1 ESMF_FieldRedistStoreNF(): Just entered routine.
20240911 023901.556 INFO             PET1 ESMF_FieldRedistStoreNF(): Leaving routine.
20240911 023901.560 INFO             PET1 ESMF_FieldRedistStoreNF(): Just entered routine.
20240911 023901.561 INFO             PET1 ESMF_FieldRedistStoreNF(): Leaving routine.
20240911 023901.562 INFO             PET1 ESMF_FieldRedistStoreNF(): Just entered routine.
20240911 023901.562 INFO             PET1 ESMF_FieldRedistStoreNF(): Leaving routine.
20240911 023901.563 INFO             PET1  NUMBER_OF_PROCESSORS           4
20240911 023901.563 INFO             PET1  PASS  Example ESMF_FieldRedistEx, ESMF_FieldRedistEx.F90, line 521
20240911 023901.563 INFO             PET1  Finalizing ESMF
20240911 023901.551 INFO             PET2 !!!!!!!!!!!!!!!!!!!!!!!!!!!!!!!!!!!!!!!!!!!!!!!!!!!!!!
20240911 023901.551 INFO             PET2 !!! THE ESMF_LOG IS SET TO OUTPUT ALL LOG MESSAGES !!!
20240911 023901.551 INFO             PET2 !!!     THIS MAY CAUSE SLOWDOWN IN PERFORMANCE     !!!
20240911 023901.551 INFO             PET2 !!! FOR PRODUCTION RUNS, USE:                      !!!
20240911 023901.551 INFO             PET2 !!!                   ESMF_LOGKIND_Multi_On_Error  !!!
20240911 023901.551 INFO             PET2 !!!!!!!!!!!!!!!!!!!!!!!!!!!!!!!!!!!!!!!!!!!!!!!!!!!!!!
20240911 023901.551 INFO             PET2 Running with ESMF Version   : v8.7.0b13-15-g49bd433481
20240911 023901.551 INFO             PET2 ESMF library build date/time: "Sep 11 2024" "01:58:22"
20240911 023901.551 INFO             PET2 ESMF library build location : /glade/derecho/scratch/sacks/esmf-testing/gfortran_12.2.0_pio2.5.10_mpi_g_develop/esmf
20240911 023901.551 INFO             PET2 ESMF_COMM                   : mpi
20240911 023901.552 INFO             PET2 ESMF_MOAB                   : enabled
20240911 023901.552 INFO             PET2 ESMF_LAPACK                 : enabled
20240911 023901.552 INFO             PET2 ESMF_NETCDF                 : enabled
20240911 023901.552 INFO             PET2 ESMF_PNETCDF                : disabled
20240911 023901.552 INFO             PET2 ESMF_PIO                    : enabled
20240911 023901.552 INFO             PET2 ESMF_YAMLCPP                : enabled
20240911 023901.554 INFO             PET2 ESMF_FieldRedistStoreNF(): Just entered routine.
20240911 023901.556 INFO             PET2 ESMF_FieldRedistStoreNF(): Leaving routine.
20240911 023901.560 INFO             PET2 ESMF_FieldRedistStoreNF(): Just entered routine.
20240911 023901.561 INFO             PET2 ESMF_FieldRedistStoreNF(): Leaving routine.
20240911 023901.562 INFO             PET2 ESMF_FieldRedistStoreNF(): Just entered routine.
20240911 023901.562 INFO             PET2 ESMF_FieldRedistStoreNF(): Leaving routine.
20240911 023901.563 INFO             PET2  NUMBER_OF_PROCESSORS           4
20240911 023901.563 INFO             PET2  PASS  Example ESMF_FieldRedistEx, ESMF_FieldRedistEx.F90, line 521
20240911 023901.563 INFO             PET2  Finalizing ESMF
20240911 023901.551 INFO             PET3 !!!!!!!!!!!!!!!!!!!!!!!!!!!!!!!!!!!!!!!!!!!!!!!!!!!!!!
20240911 023901.551 INFO             PET3 !!! THE ESMF_LOG IS SET TO OUTPUT ALL LOG MESSAGES !!!
20240911 023901.551 INFO             PET3 !!!     THIS MAY CAUSE SLOWDOWN IN PERFORMANCE     !!!
20240911 023901.551 INFO             PET3 !!! FOR PRODUCTION RUNS, USE:                      !!!
20240911 023901.551 INFO             PET3 !!!                   ESMF_LOGKIND_Multi_On_Error  !!!
20240911 023901.551 INFO             PET3 !!!!!!!!!!!!!!!!!!!!!!!!!!!!!!!!!!!!!!!!!!!!!!!!!!!!!!
20240911 023901.551 INFO             PET3 Running with ESMF Version   : v8.7.0b13-15-g49bd433481
20240911 023901.551 INFO             PET3 ESMF library build date/time: "Sep 11 2024" "01:58:22"
20240911 023901.551 INFO             PET3 ESMF library build location : /glade/derecho/scratch/sacks/esmf-testing/gfortran_12.2.0_pio2.5.10_mpi_g_develop/esmf
20240911 023901.551 INFO             PET3 ESMF_COMM                   : mpi
20240911 023901.552 INFO             PET3 ESMF_MOAB                   : enabled
20240911 023901.552 INFO             PET3 ESMF_LAPACK                 : enabled
20240911 023901.552 INFO             PET3 ESMF_NETCDF                 : enabled
20240911 023901.552 INFO             PET3 ESMF_PNETCDF                : disabled
20240911 023901.552 INFO             PET3 ESMF_PIO                    : enabled
20240911 023901.552 INFO             PET3 ESMF_YAMLCPP                : enabled
20240911 023901.554 INFO             PET3 ESMF_FieldRedistStoreNF(): Just entered routine.
20240911 023901.556 INFO             PET3 ESMF_FieldRedistStoreNF(): Leaving routine.
20240911 023901.560 INFO             PET3 ESMF_FieldRedistStoreNF(): Just entered routine.
20240911 023901.561 INFO             PET3 ESMF_FieldRedistStoreNF(): Leaving routine.
20240911 023901.562 INFO             PET3 ESMF_FieldRedistStoreNF(): Just entered routine.
20240911 023901.562 INFO             PET3 ESMF_FieldRedistStoreNF(): Leaving routine.
20240911 023901.563 INFO             PET3  NUMBER_OF_PROCESSORS           4
20240911 023901.563 INFO             PET3  PASS  Example ESMF_FieldRedistEx, ESMF_FieldRedistEx.F90, line 521
20240911 023901.563 INFO             PET3  Finalizing ESMF
