2024-09-25 04:05:28
20240925 045811.199 INFO             PET0 !!!!!!!!!!!!!!!!!!!!!!!!!!!!!!!!!!!!!!!!!!!!!!!!!!!!!!
20240925 045811.199 INFO             PET0 !!! THE ESMF_LOG IS SET TO OUTPUT ALL LOG MESSAGES !!!
20240925 045811.199 INFO             PET0 !!!     THIS MAY CAUSE SLOWDOWN IN PERFORMANCE     !!!
20240925 045811.199 INFO             PET0 !!! FOR PRODUCTION RUNS, USE:                      !!!
20240925 045811.199 INFO             PET0 !!!                   ESMF_LOGKIND_Multi_On_Error  !!!
20240925 045811.199 INFO             PET0 !!!!!!!!!!!!!!!!!!!!!!!!!!!!!!!!!!!!!!!!!!!!!!!!!!!!!!
20240925 045811.199 INFO             PET0 Running with ESMF Version   : v8.7.0b14-1-g2597b0a993
20240925 045811.199 INFO             PET0 ESMF library build date/time: "Sep 25 2024" "04:01:32"
20240925 045811.199 INFO             PET0 ESMF library build location : /glade/derecho/scratch/sacks/esmf-testing/nvhpc_23.7_mpi_O_release_8.7.0/esmf
20240925 045811.199 INFO             PET0 ESMF_COMM                   : mpi
20240925 045811.212 INFO             PET0 ESMF_MOAB                   : enabled
20240925 045811.212 INFO             PET0 ESMF_LAPACK                 : enabled
20240925 045811.212 INFO             PET0 ESMF_NETCDF                 : enabled
20240925 045811.212 INFO             PET0 ESMF_PNETCDF                : disabled
20240925 045811.212 INFO             PET0 ESMF_PIO                    : enabled
20240925 045811.212 INFO             PET0 ESMF_YAMLCPP                : enabled
20240925 045811.265 INFO             PET0  NUMBER_OF_PROCESSORS            4
20240925 045811.265 INFO             PET0  PASS  Example ESMF_ArraySparseMatMulEx, ESMF_ArraySparseMatMulEx.F90, line 647
20240925 045811.265 INFO             PET0  Finalizing ESMF
20240925 045811.232 INFO             PET1 !!!!!!!!!!!!!!!!!!!!!!!!!!!!!!!!!!!!!!!!!!!!!!!!!!!!!!
20240925 045811.233 INFO             PET1 !!! THE ESMF_LOG IS SET TO OUTPUT ALL LOG MESSAGES !!!
20240925 045811.233 INFO             PET1 !!!     THIS MAY CAUSE SLOWDOWN IN PERFORMANCE     !!!
20240925 045811.233 INFO             PET1 !!! FOR PRODUCTION RUNS, USE:                      !!!
20240925 045811.233 INFO             PET1 !!!                   ESMF_LOGKIND_Multi_On_Error  !!!
20240925 045811.233 INFO             PET1 !!!!!!!!!!!!!!!!!!!!!!!!!!!!!!!!!!!!!!!!!!!!!!!!!!!!!!
20240925 045811.233 INFO             PET1 Running with ESMF Version   : v8.7.0b14-1-g2597b0a993
20240925 045811.233 INFO             PET1 ESMF library build date/time: "Sep 25 2024" "04:01:32"
20240925 045811.233 INFO             PET1 ESMF library build location : /glade/derecho/scratch/sacks/esmf-testing/nvhpc_23.7_mpi_O_release_8.7.0/esmf
20240925 045811.233 INFO             PET1 ESMF_COMM                   : mpi
20240925 045811.261 INFO             PET1 ESMF_MOAB                   : enabled
20240925 045811.261 INFO             PET1 ESMF_LAPACK                 : enabled
20240925 045811.261 INFO             PET1 ESMF_NETCDF                 : enabled
20240925 045811.261 INFO             PET1 ESMF_PNETCDF                : disabled
20240925 045811.261 INFO             PET1 ESMF_PIO                    : enabled
20240925 045811.262 INFO             PET1 ESMF_YAMLCPP                : enabled
20240925 045811.265 INFO             PET1  NUMBER_OF_PROCESSORS            4
20240925 045811.265 INFO             PET1  PASS  Example ESMF_ArraySparseMatMulEx, ESMF_ArraySparseMatMulEx.F90, line 647
20240925 045811.265 INFO             PET1  Finalizing ESMF
20240925 045811.200 INFO             PET2 !!!!!!!!!!!!!!!!!!!!!!!!!!!!!!!!!!!!!!!!!!!!!!!!!!!!!!
20240925 045811.200 INFO             PET2 !!! THE ESMF_LOG IS SET TO OUTPUT ALL LOG MESSAGES !!!
20240925 045811.200 INFO             PET2 !!!     THIS MAY CAUSE SLOWDOWN IN PERFORMANCE     !!!
20240925 045811.200 INFO             PET2 !!! FOR PRODUCTION RUNS, USE:                      !!!
20240925 045811.200 INFO             PET2 !!!                   ESMF_LOGKIND_Multi_On_Error  !!!
20240925 045811.200 INFO             PET2 !!!!!!!!!!!!!!!!!!!!!!!!!!!!!!!!!!!!!!!!!!!!!!!!!!!!!!
20240925 045811.200 INFO             PET2 Running with ESMF Version   : v8.7.0b14-1-g2597b0a993
20240925 045811.200 INFO             PET2 ESMF library build date/time: "Sep 25 2024" "04:01:32"
20240925 045811.200 INFO             PET2 ESMF library build location : /glade/derecho/scratch/sacks/esmf-testing/nvhpc_23.7_mpi_O_release_8.7.0/esmf
20240925 045811.200 INFO             PET2 ESMF_COMM                   : mpi
20240925 045811.210 INFO             PET2 ESMF_MOAB                   : enabled
20240925 045811.210 INFO             PET2 ESMF_LAPACK                 : enabled
20240925 045811.210 INFO             PET2 ESMF_NETCDF                 : enabled
20240925 045811.210 INFO             PET2 ESMF_PNETCDF                : disabled
20240925 045811.210 INFO             PET2 ESMF_PIO                    : enabled
20240925 045811.210 INFO             PET2 ESMF_YAMLCPP                : enabled
20240925 045811.265 INFO             PET2  NUMBER_OF_PROCESSORS            4
20240925 045811.265 INFO             PET2  PASS  Example ESMF_ArraySparseMatMulEx, ESMF_ArraySparseMatMulEx.F90, line 647
20240925 045811.265 INFO             PET2  Finalizing ESMF
20240925 045811.202 INFO             PET3 !!!!!!!!!!!!!!!!!!!!!!!!!!!!!!!!!!!!!!!!!!!!!!!!!!!!!!
20240925 045811.202 INFO             PET3 !!! THE ESMF_LOG IS SET TO OUTPUT ALL LOG MESSAGES !!!
20240925 045811.202 INFO             PET3 !!!     THIS MAY CAUSE SLOWDOWN IN PERFORMANCE     !!!
20240925 045811.202 INFO             PET3 !!! FOR PRODUCTION RUNS, USE:                      !!!
20240925 045811.202 INFO             PET3 !!!                   ESMF_LOGKIND_Multi_On_Error  !!!
20240925 045811.202 INFO             PET3 !!!!!!!!!!!!!!!!!!!!!!!!!!!!!!!!!!!!!!!!!!!!!!!!!!!!!!
20240925 045811.202 INFO             PET3 Running with ESMF Version   : v8.7.0b14-1-g2597b0a993
20240925 045811.202 INFO             PET3 ESMF library build date/time: "Sep 25 2024" "04:01:32"
20240925 045811.202 INFO             PET3 ESMF library build location : /glade/derecho/scratch/sacks/esmf-testing/nvhpc_23.7_mpi_O_release_8.7.0/esmf
20240925 045811.202 INFO             PET3 ESMF_COMM                   : mpi
20240925 045811.206 INFO             PET3 ESMF_MOAB                   : enabled
20240925 045811.206 INFO             PET3 ESMF_LAPACK                 : enabled
20240925 045811.206 INFO             PET3 ESMF_NETCDF                 : enabled
20240925 045811.206 INFO             PET3 ESMF_PNETCDF                : disabled
20240925 045811.206 INFO             PET3 ESMF_PIO                    : enabled
20240925 045811.206 INFO             PET3 ESMF_YAMLCPP                : enabled
20240925 045811.265 INFO             PET3  NUMBER_OF_PROCESSORS            4
20240925 045811.265 INFO             PET3  PASS  Example ESMF_ArraySparseMatMulEx, ESMF_ArraySparseMatMulEx.F90, line 647
20240925 045811.265 INFO             PET3  Finalizing ESMF
