2024-08-20 08:33:05
20240820 092532.673 INFO             PET0 !!!!!!!!!!!!!!!!!!!!!!!!!!!!!!!!!!!!!!!!!!!!!!!!!!!!!!
20240820 092532.673 INFO             PET0 !!! THE ESMF_LOG IS SET TO OUTPUT ALL LOG MESSAGES !!!
20240820 092532.673 INFO             PET0 !!!     THIS MAY CAUSE SLOWDOWN IN PERFORMANCE     !!!
20240820 092532.673 INFO             PET0 !!! FOR PRODUCTION RUNS, USE:                      !!!
20240820 092532.673 INFO             PET0 !!!                   ESMF_LOGKIND_Multi_On_Error  !!!
20240820 092532.673 INFO             PET0 !!!!!!!!!!!!!!!!!!!!!!!!!!!!!!!!!!!!!!!!!!!!!!!!!!!!!!
20240820 092532.673 INFO             PET0 Running with ESMF Version   : v8.7.0b11-5-gfda68a9ac3
20240820 092532.673 INFO             PET0 ESMF library build date/time: "Aug 20 2024" "08:29:17"
20240820 092532.673 INFO             PET0 ESMF library build location : /discover/nobackup/projects/sbu/mpotts/esmf-test/pgi_20.4_mpiuni_O_develop/esmf
20240820 092532.673 INFO             PET0 ESMF_COMM                   : mpiuni
20240820 092532.673 INFO             PET0 ESMF_MOAB                   : enabled
20240820 092532.673 INFO             PET0 ESMF_LAPACK                 : enabled
20240820 092532.673 INFO             PET0 ESMF_NETCDF                 : disabled
20240820 092532.673 INFO             PET0 ESMF_PNETCDF                : disabled
20240820 092532.673 INFO             PET0 ESMF_PIO                    : disabled
20240820 092532.673 INFO             PET0 ESMF_YAMLCPP                : enabled
20240820 092532.673 INFO             PET0  NUMBER_OF_PROCESSORS            1
20240820 092532.673 INFO             PET0  PASS  Example ESMF_VMGetMPICommunicatorEx, ESMF_VMGetMPICommunicatorEx.F90, line 94
20240820 092532.673 INFO             PET0  Finalizing ESMF
