2024-08-13 11:16:42
20240813 120955.519 INFO             PET0 !!!!!!!!!!!!!!!!!!!!!!!!!!!!!!!!!!!!!!!!!!!!!!!!!!!!!!
20240813 120955.520 INFO             PET0 !!! THE ESMF_LOG IS SET TO OUTPUT ALL LOG MESSAGES !!!
20240813 120955.520 INFO             PET0 !!!     THIS MAY CAUSE SLOWDOWN IN PERFORMANCE     !!!
20240813 120955.520 INFO             PET0 !!! FOR PRODUCTION RUNS, USE:                      !!!
20240813 120955.520 INFO             PET0 !!!                   ESMF_LOGKIND_Multi_On_Error  !!!
20240813 120955.520 INFO             PET0 !!!!!!!!!!!!!!!!!!!!!!!!!!!!!!!!!!!!!!!!!!!!!!!!!!!!!!
20240813 120955.520 INFO             PET0 Running with ESMF Version   : v8.7.0b11
20240813 120955.520 INFO             PET0 ESMF library build date/time: "Aug 13 2024" "11:12:58"
20240813 120955.520 INFO             PET0 ESMF library build location : /discover/nobackup/projects/sbu/mpotts/esmf-test/pgi_20.4_mpiuni_O_develop/esmf
20240813 120955.520 INFO             PET0 ESMF_COMM                   : mpiuni
20240813 120955.520 INFO             PET0 ESMF_MOAB                   : enabled
20240813 120955.520 INFO             PET0 ESMF_LAPACK                 : enabled
20240813 120955.520 INFO             PET0 ESMF_NETCDF                 : disabled
20240813 120955.520 INFO             PET0 ESMF_PNETCDF                : disabled
20240813 120955.520 INFO             PET0 ESMF_PIO                    : disabled
20240813 120955.520 INFO             PET0 ESMF_YAMLCPP                : enabled
20240813 120955.520 ERROR            PET0 ESMCI_Info.C:1289 Info::set(<json>) Cannot set value  - Error/Return Code 540 (ESMC_RC_CANNOT_SET) - Key '/myIntegerKey' already in map and force=false.
20240813 120955.520 ERROR            PET0 ESMCI_Info.C:1292 Info::set(<json>) Cannot set value  - Internal subroutine call returned Error
20240813 120955.520 ERROR            PET0 ESMCI_Info.C:1334 Info::set(<json>) Cannot set value  - Internal subroutine call returned Error
20240813 120955.520 ERROR            PET0 ESMCI_Info.C:1337 Info::set(<json>) Cannot set value  - Internal subroutine call returned Error
20240813 120955.520 ERROR            PET0 ESMCI_Info.C:1385 Info::set(<scalar>) Cannot set value  - Internal subroutine call returned Error
20240813 120955.521 ERROR            PET0 ESMC_InfoCDefGeneric.C:387 ESMC_InfoSetI4() Cannot set value  - Internal subroutine call returned Error
20240813 120955.521 ERROR            PET0 ESMF_Info.F90:2871 ESMF_InfoSetI4() Cannot set value  - Internal subroutine call returned Error
20240813 120955.521 INFO             PET0  NUMBER_OF_PROCESSORS            1
20240813 120955.521 INFO             PET0  PASS  Example ESMF_InfoTutorialEx, ESMF_InfoTutorialEx.F90, line 335
20240813 120955.521 INFO             PET0  Finalizing ESMF
