2024-08-24 04:00:25
20240824 045145.267 INFO             PET0 !!!!!!!!!!!!!!!!!!!!!!!!!!!!!!!!!!!!!!!!!!!!!!!!!!!!!!
20240824 045145.267 INFO             PET0 !!! THE ESMF_LOG IS SET TO OUTPUT ALL LOG MESSAGES !!!
20240824 045145.267 INFO             PET0 !!!     THIS MAY CAUSE SLOWDOWN IN PERFORMANCE     !!!
20240824 045145.267 INFO             PET0 !!! FOR PRODUCTION RUNS, USE:                      !!!
20240824 045145.267 INFO             PET0 !!!                   ESMF_LOGKIND_Multi_On_Error  !!!
20240824 045145.267 INFO             PET0 !!!!!!!!!!!!!!!!!!!!!!!!!!!!!!!!!!!!!!!!!!!!!!!!!!!!!!
20240824 045145.267 INFO             PET0 Running with ESMF Version   : v8.7.0b11-5-gfda68a9ac3
20240824 045145.267 INFO             PET0 ESMF library build date/time: "Aug 24 2024" "03:56:46"
20240824 045145.267 INFO             PET0 ESMF library build location : /glade/derecho/scratch/sacks/esmf-testing/nvhpc_23.7_mpiuni_g_develop/esmf
20240824 045145.267 INFO             PET0 ESMF_COMM                   : mpiuni
20240824 045145.268 INFO             PET0 ESMF_MOAB                   : enabled
20240824 045145.268 INFO             PET0 ESMF_LAPACK                 : enabled
20240824 045145.268 INFO             PET0 ESMF_NETCDF                 : enabled
20240824 045145.268 INFO             PET0 ESMF_PNETCDF                : disabled
20240824 045145.268 INFO             PET0 ESMF_PIO                    : enabled
20240824 045145.268 INFO             PET0 ESMF_YAMLCPP                : enabled
20240824 045145.268 INFO             PET0 Log Write 2
20240824 045145.268 ERROR            PET0 Invalid object  - Convergence failure
20240824 045145.268 ERROR            PET0 ESMCI_Time.C:866 ESMCI::Time::syncToRealTime() Wrong argument specified  - ; calkindflag is NOCALENDAR. Only GREGORIAN and JULIAN are supported when syncing to real time.
20240824 045145.268 ERROR            PET0 ESMF_Time.F90:1485 ESMF_TimeSyncToRealTime() Wrong argument specified  - Internal subroutine call returned Error
20240824 045145.268 ERROR            PET0 Wrong argument specified  - getting wall clock time
20240824 045145.269 INFO             PET0  NUMBER_OF_PROCESSORS            1
20240824 045145.270 INFO             PET0  PASS  Example ESMF_LogErrEx, ESMF_LogErrEx.F90, line 186
20240824 045145.270 INFO             PET0  Finalizing ESMF
