2024-08-29 04:44:09
20240829 054023.338 INFO             PET0 !!!!!!!!!!!!!!!!!!!!!!!!!!!!!!!!!!!!!!!!!!!!!!!!!!!!!!
20240829 054023.339 INFO             PET0 !!! THE ESMF_LOG IS SET TO OUTPUT ALL LOG MESSAGES !!!
20240829 054023.339 INFO             PET0 !!!     THIS MAY CAUSE SLOWDOWN IN PERFORMANCE     !!!
20240829 054023.339 INFO             PET0 !!! FOR PRODUCTION RUNS, USE:                      !!!
20240829 054023.339 INFO             PET0 !!!                   ESMF_LOGKIND_Multi_On_Error  !!!
20240829 054023.339 INFO             PET0 !!!!!!!!!!!!!!!!!!!!!!!!!!!!!!!!!!!!!!!!!!!!!!!!!!!!!!
20240829 054023.339 INFO             PET0 Running with ESMF Version   : v8.7.0b11-6-g82f8052f9c
20240829 054023.339 INFO             PET0 ESMF library build date/time: "Aug 29 2024" "04:39:57"
20240829 054023.339 INFO             PET0 ESMF library build location : /glade/derecho/scratch/sacks/esmf-testing/nvhpc_23.7_mpiuni_g_develop/esmf
20240829 054023.339 INFO             PET0 ESMF_COMM                   : mpiuni
20240829 054023.341 INFO             PET0 ESMF_MOAB                   : enabled
20240829 054023.341 INFO             PET0 ESMF_LAPACK                 : enabled
20240829 054023.341 INFO             PET0 ESMF_NETCDF                 : enabled
20240829 054023.341 INFO             PET0 ESMF_PNETCDF                : disabled
20240829 054023.341 INFO             PET0 ESMF_PIO                    : enabled
20240829 054023.341 INFO             PET0 ESMF_YAMLCPP                : enabled
20240829 054023.342 INFO             PET0  NUMBER_OF_PROCESSORS            1
20240829 054023.343 INFO             PET0  PASS  Example ESMF_InfoGetFromHostEx, ESMF_InfoGetFromHostEx.F90, line 112
20240829 054023.343 INFO             PET0  Finalizing ESMF
