 
Installing ESMF:
 
mkdir -p /home/gerhard/ESMF-Nightly-Testing/gfortranclang_7.5.0_16.0.3_mpiuni_O_release_8.7.0/esmf/DEFAULTINSTALLDIR/include
cp -f /home/gerhard/ESMF-Nightly-Testing/gfortranclang_7.5.0_16.0.3_mpiuni_O_release_8.7.0/esmf/src/include/NUOPC.h /home/gerhard/ESMF-Nightly-Testing/gfortranclang_7.5.0_16.0.3_mpiuni_O_release_8.7.0/esmf/DEFAULTINSTALLDIR/include
cp -f /home/gerhard/ESMF-Nightly-Testing/gfortranclang_7.5.0_16.0.3_mpiuni_O_release_8.7.0/esmf/src/include/ESMC.h /home/gerhard/ESMF-Nightly-Testing/gfortranclang_7.5.0_16.0.3_mpiuni_O_release_8.7.0/esmf/DEFAULTINSTALLDIR/include
cp -f /home/gerhard/ESMF-Nightly-Testing/gfortranclang_7.5.0_16.0.3_mpiuni_O_release_8.7.0/esmf/src/include/ESMC_*.h /home/gerhard/ESMF-Nightly-Testing/gfortranclang_7.5.0_16.0.3_mpiuni_O_release_8.7.0/esmf/DEFAULTINSTALLDIR/include
cp -f /home/gerhard/ESMF-Nightly-Testing/gfortranclang_7.5.0_16.0.3_mpiuni_O_release_8.7.0/esmf/build_config/Linux.gfortranclang.default/ESMC_Conf.h /home/gerhard/ESMF-Nightly-Testing/gfortranclang_7.5.0_16.0.3_mpiuni_O_release_8.7.0/esmf/DEFAULTINSTALLDIR/include
cp -fr /home/gerhard/ESMF-Nightly-Testing/gfortranclang_7.5.0_16.0.3_mpiuni_O_release_8.7.0/esmf/src/addon/ESMX /home/gerhard/ESMF-Nightly-Testing/gfortranclang_7.5.0_16.0.3_mpiuni_O_release_8.7.0/esmf/DEFAULTINSTALLDIR/include
mkdir -p /home/gerhard/ESMF-Nightly-Testing/gfortranclang_7.5.0_16.0.3_mpiuni_O_release_8.7.0/esmf/DEFAULTINSTALLDIR/cmake
cp -f /home/gerhard/ESMF-Nightly-Testing/gfortranclang_7.5.0_16.0.3_mpiuni_O_release_8.7.0/esmf/cmake/*.cmake /home/gerhard/ESMF-Nightly-Testing/gfortranclang_7.5.0_16.0.3_mpiuni_O_release_8.7.0/esmf/DEFAULTINSTALLDIR/cmake
mkdir -p /home/gerhard/ESMF-Nightly-Testing/gfortranclang_7.5.0_16.0.3_mpiuni_O_release_8.7.0/esmf/DEFAULTINSTALLDIR/mod/modO/Linux.gfortranclang.64.mpiuni.default
cp -f /home/gerhard/ESMF-Nightly-Testing/gfortranclang_7.5.0_16.0.3_mpiuni_O_release_8.7.0/esmf/mod/modO/Linux.gfortranclang.64.mpiuni.default/*.mod /home/gerhard/ESMF-Nightly-Testing/gfortranclang_7.5.0_16.0.3_mpiuni_O_release_8.7.0/esmf/DEFAULTINSTALLDIR/mod/modO/Linux.gfortranclang.64.mpiuni.default
mkdir -p /home/gerhard/ESMF-Nightly-Testing/gfortranclang_7.5.0_16.0.3_mpiuni_O_release_8.7.0/esmf/DEFAULTINSTALLDIR/lib/libO/Linux.gfortranclang.64.mpiuni.default
cp -f /home/gerhard/ESMF-Nightly-Testing/gfortranclang_7.5.0_16.0.3_mpiuni_O_release_8.7.0/esmf/lib/libO/Linux.gfortranclang.64.mpiuni.default/libesmf*.* /home/gerhard/ESMF-Nightly-Testing/gfortranclang_7.5.0_16.0.3_mpiuni_O_release_8.7.0/esmf/DEFAULTINSTALLDIR/lib/libO/Linux.gfortranclang.64.mpiuni.default
make ESMF_PRELOADDIR=/home/gerhard/ESMF-Nightly-Testing/gfortranclang_7.5.0_16.0.3_mpiuni_O_release_8.7.0/esmf/DEFAULTINSTALLDIR/lib/libO/Linux.gfortranclang.64.mpiuni.default build_preload_script
make[1]: Entering directory '/home/gerhard/ESMF-Nightly-Testing/gfortranclang_7.5.0_16.0.3_mpiuni_O_release_8.7.0/esmf'
chmod 755 /home/gerhard/ESMF-Nightly-Testing/gfortranclang_7.5.0_16.0.3_mpiuni_O_release_8.7.0/esmf/DEFAULTINSTALLDIR/lib/libO/Linux.gfortranclang.64.mpiuni.default/preload.sh
make[1]: Leaving directory '/home/gerhard/ESMF-Nightly-Testing/gfortranclang_7.5.0_16.0.3_mpiuni_O_release_8.7.0/esmf'
ranlib /home/gerhard/ESMF-Nightly-Testing/gfortranclang_7.5.0_16.0.3_mpiuni_O_release_8.7.0/esmf/DEFAULTINSTALLDIR/lib/libO/Linux.gfortranclang.64.mpiuni.default/libesmf*.a
make install_apps
make[1]: Entering directory '/home/gerhard/ESMF-Nightly-Testing/gfortranclang_7.5.0_16.0.3_mpiuni_O_release_8.7.0/esmf'
mkdir -p /home/gerhard/ESMF-Nightly-Testing/gfortranclang_7.5.0_16.0.3_mpiuni_O_release_8.7.0/esmf/DEFAULTINSTALLDIR/bin/binO/Linux.gfortranclang.64.mpiuni.default
make build_apps ESMF_APPSDIR=/home/gerhard/ESMF-Nightly-Testing/gfortranclang_7.5.0_16.0.3_mpiuni_O_release_8.7.0/esmf/DEFAULTINSTALLDIR/bin/binO/Linux.gfortranclang.64.mpiuni.default ESMF_LDIR=/home/gerhard/ESMF-Nightly-Testing/gfortranclang_7.5.0_16.0.3_mpiuni_O_release_8.7.0/esmf/DEFAULTINSTALLDIR/lib/libO/Linux.gfortranclang.64.mpiuni.default ESMF_LIBDIR=/home/gerhard/ESMF-Nightly-Testing/gfortranclang_7.5.0_16.0.3_mpiuni_O_release_8.7.0/esmf/DEFAULTINSTALLDIR/lib/libO/Linux.gfortranclang.64.mpiuni.default ESMF_MODDIR=/home/gerhard/ESMF-Nightly-Testing/gfortranclang_7.5.0_16.0.3_mpiuni_O_release_8.7.0/esmf/DEFAULTINSTALLDIR/mod/modO/Linux.gfortranclang.64.mpiuni.default
make[2]: Entering directory '/home/gerhard/ESMF-Nightly-Testing/gfortranclang_7.5.0_16.0.3_mpiuni_O_release_8.7.0/esmf'
cd /home/gerhard/ESMF-Nightly-Testing/gfortranclang_7.5.0_16.0.3_mpiuni_O_release_8.7.0/esmf/src/apps; make ACTION=tree_build_apps tree
make[3]: Entering directory '/home/gerhard/ESMF-Nightly-Testing/gfortranclang_7.5.0_16.0.3_mpiuni_O_release_8.7.0/esmf/src/apps'
tree_build_apps in: /home/gerhard/ESMF-Nightly-Testing/gfortranclang_7.5.0_16.0.3_mpiuni_O_release_8.7.0/esmf/src/apps/ESMF_PrintInfo
make[4]: Entering directory '/home/gerhard/ESMF-Nightly-Testing/gfortranclang_7.5.0_16.0.3_mpiuni_O_release_8.7.0/esmf/src/apps/ESMF_PrintInfo'
make chkdir_locobj
make[5]: Entering directory '/home/gerhard/ESMF-Nightly-Testing/gfortranclang_7.5.0_16.0.3_mpiuni_O_release_8.7.0/esmf/src/apps/ESMF_PrintInfo'
Making directory /home/gerhard/ESMF-Nightly-Testing/gfortranclang_7.5.0_16.0.3_mpiuni_O_release_8.7.0/esmf/obj/objO/Linux.gfortranclang.64.mpiuni.default/src/apps/ESMF_PrintInfo for apps output
make[5]: Leaving directory '/home/gerhard/ESMF-Nightly-Testing/gfortranclang_7.5.0_16.0.3_mpiuni_O_release_8.7.0/esmf/src/apps/ESMF_PrintInfo'
gfortran -c -O -fPIC  -m64 -mcmodel=small -pthread -ffree-line-length-none  -fopenmp -I/home/gerhard/ESMF-Nightly-Testing/gfortranclang_7.5.0_16.0.3_mpiuni_O_release_8.7.0/esmf/src/apps/ESMF_PrintInfo -I/home/gerhard/ESMF-Nightly-Testing/gfortranclang_7.5.0_16.0.3_mpiuni_O_release_8.7.0/esmf/build_config/Linux.gfortranclang.default -I/home/gerhard/ESMF-Nightly-Testing/gfortranclang_7.5.0_16.0.3_mpiuni_O_release_8.7.0/esmf/src/Infrastructure -I/home/gerhard/ESMF-Nightly-Testing/gfortranclang_7.5.0_16.0.3_mpiuni_O_release_8.7.0/esmf/src/Superstructure -I/home/gerhard/ESMF-Nightly-Testing/gfortranclang_7.5.0_16.0.3_mpiuni_O_release_8.7.0/esmf/DEFAULTINSTALLDIR/mod/modO/Linux.gfortranclang.64.mpiuni.default -I/home/gerhard/ESMF-Nightly-Testing/gfortranclang_7.5.0_16.0.3_mpiuni_O_release_8.7.0/esmf/src/include   -DESMF_NO_INTEGER_1_BYTE -DESMF_NO_INTEGER_2_BYTE -DESMF_VERSION_STRING_GIT='"v8.7.0b14-1-g2597b0a993"' -DESMF_MPIUNI -I/home/gerhard/ESMF-Nightly-Testing/gfortranclang_7.5.0_16.0.3_mpiuni_O_release_8.7.0/esmf/src/Infrastructure/stubs/mpiuni -DESMF_LOWERCASE_SINGLEUNDERSCORE -DESMF_MOAB=1 -DESMF_LAPACK=1 -DESMF_LAPACK_INTERNAL=1 -DESMF_NO_ACC_SOFTWARE_STACK=1 -DESMF_YAMLCPP=1 -DESMF_YAML=1 -DESMF_NO_OPENACC -DESMF_TESTEXHAUSTIVE -DESMF_BOPT_O -DESMF_TESTPERFORMANCE -DESMF_TESTCOMPTUNNEL -DESMF_TESTWITHTHREADS -DSx86_64_small=1 -DESMF_OS_Linux=1 -DESMF_COMM=mpiuni -DESMF_DIR=/home/gerhard/ESMF-Nightly-Testing/gfortranclang_7.5.0_16.0.3_mpiuni_O_release_8.7.0/esmf ESMF_PrintInfo.F90 -o /home/gerhard/ESMF-Nightly-Testing/gfortranclang_7.5.0_16.0.3_mpiuni_O_release_8.7.0/esmf/obj/objO/Linux.gfortranclang.64.mpiuni.default/src/apps/ESMF_PrintInfo/ESMF_PrintInfo.o
make chkdir_apps
make[5]: Entering directory '/home/gerhard/ESMF-Nightly-Testing/gfortranclang_7.5.0_16.0.3_mpiuni_O_release_8.7.0/esmf/src/apps/ESMF_PrintInfo'
make[5]: Leaving directory '/home/gerhard/ESMF-Nightly-Testing/gfortranclang_7.5.0_16.0.3_mpiuni_O_release_8.7.0/esmf/src/apps/ESMF_PrintInfo'
gfortran     -m64 -mcmodel=small -pthread -Wl,--no-as-needed  -fopenmp -L/home/gerhard/ESMF-Nightly-Testing/gfortranclang_7.5.0_16.0.3_mpiuni_O_release_8.7.0/esmf/DEFAULTINSTALLDIR/lib/libO/Linux.gfortranclang.64.mpiuni.default  -L/usr/lib64/gcc/x86_64-suse-linux/7/ -Wl,-rpath,/home/gerhard/ESMF-Nightly-Testing/gfortranclang_7.5.0_16.0.3_mpiuni_O_release_8.7.0/esmf/DEFAULTINSTALLDIR/lib/libO/Linux.gfortranclang.64.mpiuni.default  -Wl,-rpath,/usr/lib64/gcc/x86_64-suse-linux/7/ -o /home/gerhard/ESMF-Nightly-Testing/gfortranclang_7.5.0_16.0.3_mpiuni_O_release_8.7.0/esmf/DEFAULTINSTALLDIR/bin/binO/Linux.gfortranclang.64.mpiuni.default/ESMF_PrintInfo /home/gerhard/ESMF-Nightly-Testing/gfortranclang_7.5.0_16.0.3_mpiuni_O_release_8.7.0/esmf/obj/objO/Linux.gfortranclang.64.mpiuni.default/src/apps/ESMF_PrintInfo/ESMF_PrintInfo.o -lesmf  -lrt -lstdc++ -ldl
make[4]: Leaving directory '/home/gerhard/ESMF-Nightly-Testing/gfortranclang_7.5.0_16.0.3_mpiuni_O_release_8.7.0/esmf/src/apps/ESMF_PrintInfo'
tree_build_apps in: /home/gerhard/ESMF-Nightly-Testing/gfortranclang_7.5.0_16.0.3_mpiuni_O_release_8.7.0/esmf/src/apps/ESMF_PrintInfoC
make[4]: Entering directory '/home/gerhard/ESMF-Nightly-Testing/gfortranclang_7.5.0_16.0.3_mpiuni_O_release_8.7.0/esmf/src/apps/ESMF_PrintInfoC'
make chkdir_locobj
make[5]: Entering directory '/home/gerhard/ESMF-Nightly-Testing/gfortranclang_7.5.0_16.0.3_mpiuni_O_release_8.7.0/esmf/src/apps/ESMF_PrintInfoC'
Making directory /home/gerhard/ESMF-Nightly-Testing/gfortranclang_7.5.0_16.0.3_mpiuni_O_release_8.7.0/esmf/obj/objO/Linux.gfortranclang.64.mpiuni.default/src/apps/ESMF_PrintInfoC for apps output
make[5]: Leaving directory '/home/gerhard/ESMF-Nightly-Testing/gfortranclang_7.5.0_16.0.3_mpiuni_O_release_8.7.0/esmf/src/apps/ESMF_PrintInfoC'
clang -c -std=c99 -O -DNDEBUG -fPIC -m64 -mcmodel=small -pthread  -fopenmp -I/home/gerhard/ESMF-Nightly-Testing/gfortranclang_7.5.0_16.0.3_mpiuni_O_release_8.7.0/esmf/src/apps/ESMF_PrintInfoC -I/home/gerhard/ESMF-Nightly-Testing/gfortranclang_7.5.0_16.0.3_mpiuni_O_release_8.7.0/esmf/src/apps/ESMF_PrintInfoC/../include -I/home/gerhard/ESMF-Nightly-Testing/gfortranclang_7.5.0_16.0.3_mpiuni_O_release_8.7.0/esmf/build_config/Linux.gfortranclang.default -I/home/gerhard/ESMF-Nightly-Testing/gfortranclang_7.5.0_16.0.3_mpiuni_O_release_8.7.0/esmf/src/Infrastructure -I/home/gerhard/ESMF-Nightly-Testing/gfortranclang_7.5.0_16.0.3_mpiuni_O_release_8.7.0/esmf/src/Superstructure  -I/home/gerhard/ESMF-Nightly-Testing/gfortranclang_7.5.0_16.0.3_mpiuni_O_release_8.7.0/esmf/src/include   -DESMF_NO_INTEGER_1_BYTE -DESMF_NO_INTEGER_2_BYTE -DESMF_VERSION_STRING_GIT='"v8.7.0b14-1-g2597b0a993"' -DESMF_MPIUNI -I/home/gerhard/ESMF-Nightly-Testing/gfortranclang_7.5.0_16.0.3_mpiuni_O_release_8.7.0/esmf/src/Infrastructure/stubs/mpiuni -DESMF_LOWERCASE_SINGLEUNDERSCORE -DESMF_MOAB=1 -DESMF_LAPACK=1 -DESMF_LAPACK_INTERNAL=1 -DESMF_NO_ACC_SOFTWARE_STACK=1 -DESMF_YAMLCPP=1 -DESMF_YAML=1 -DESMF_NO_OPENACC -DESMF_TESTEXHAUSTIVE -DESMF_BOPT_O -DESMF_TESTPERFORMANCE -DESMF_TESTCOMPTUNNEL -DESMF_TESTWITHTHREADS -DSx86_64_small=1 -DESMF_OS_Linux=1 -DESMF_COMM=mpiuni -DESMF_DIR=/home/gerhard/ESMF-Nightly-Testing/gfortranclang_7.5.0_16.0.3_mpiuni_O_release_8.7.0/esmf -D__SDIR__='"src/apps/ESMF_PrintInfoC"' -DESMF_CSTD=99 ESMF_PrintInfoC.c -o /home/gerhard/ESMF-Nightly-Testing/gfortranclang_7.5.0_16.0.3_mpiuni_O_release_8.7.0/esmf/obj/objO/Linux.gfortranclang.64.mpiuni.default/src/apps/ESMF_PrintInfoC/ESMF_PrintInfoC.o
make chkdir_apps
make[5]: Entering directory '/home/gerhard/ESMF-Nightly-Testing/gfortranclang_7.5.0_16.0.3_mpiuni_O_release_8.7.0/esmf/src/apps/ESMF_PrintInfoC'
make[5]: Leaving directory '/home/gerhard/ESMF-Nightly-Testing/gfortranclang_7.5.0_16.0.3_mpiuni_O_release_8.7.0/esmf/src/apps/ESMF_PrintInfoC'
clang    -m64 -mcmodel=small -pthread  -fopenmp -L/home/gerhard/ESMF-Nightly-Testing/gfortranclang_7.5.0_16.0.3_mpiuni_O_release_8.7.0/esmf/DEFAULTINSTALLDIR/lib/libO/Linux.gfortranclang.64.mpiuni.default  -L/usr/lib64/gcc/x86_64-suse-linux/7/ -L/home/gerhard/ESMF-Nightly-Testing/gfortranclang_7.5.0_16.0.3_mpiuni_O_release_8.7.0/esmf/DEFAULTINSTALLDIR/lib/libO/Linux.gfortranclang.64.mpiuni.default  -L/usr/lib64/gcc/x86_64-suse-linux/7/ -Wl,-rpath,/home/gerhard/ESMF-Nightly-Testing/gfortranclang_7.5.0_16.0.3_mpiuni_O_release_8.7.0/esmf/DEFAULTINSTALLDIR/lib/libO/Linux.gfortranclang.64.mpiuni.default -Wl,-rpath,/usr/lib64/gcc/x86_64-suse-linux/7/ -Wl,-rpath,/home/gerhard/ESMF-Nightly-Testing/gfortranclang_7.5.0_16.0.3_mpiuni_O_release_8.7.0/esmf/DEFAULTINSTALLDIR/lib/libO/Linux.gfortranclang.64.mpiuni.default -Wl,-rpath,/usr/lib64/gcc/x86_64-suse-linux/7/ -o /home/gerhard/ESMF-Nightly-Testing/gfortranclang_7.5.0_16.0.3_mpiuni_O_release_8.7.0/esmf/DEFAULTINSTALLDIR/bin/binO/Linux.gfortranclang.64.mpiuni.default/ESMF_PrintInfoC /home/gerhard/ESMF-Nightly-Testing/gfortranclang_7.5.0_16.0.3_mpiuni_O_release_8.7.0/esmf/obj/objO/Linux.gfortranclang.64.mpiuni.default/src/apps/ESMF_PrintInfoC/ESMF_PrintInfoC.o -lesmf  -lrt -lgfortran -lstdc++ -lm -ldl  -lrt -lstdc++ -ldl
make[4]: Leaving directory '/home/gerhard/ESMF-Nightly-Testing/gfortranclang_7.5.0_16.0.3_mpiuni_O_release_8.7.0/esmf/src/apps/ESMF_PrintInfoC'
tree_build_apps in: /home/gerhard/ESMF-Nightly-Testing/gfortranclang_7.5.0_16.0.3_mpiuni_O_release_8.7.0/esmf/src/apps/ESMF_RegridWeightGen
make[4]: Entering directory '/home/gerhard/ESMF-Nightly-Testing/gfortranclang_7.5.0_16.0.3_mpiuni_O_release_8.7.0/esmf/src/apps/ESMF_RegridWeightGen'
make chkdir_locobj
make[5]: Entering directory '/home/gerhard/ESMF-Nightly-Testing/gfortranclang_7.5.0_16.0.3_mpiuni_O_release_8.7.0/esmf/src/apps/ESMF_RegridWeightGen'
Making directory /home/gerhard/ESMF-Nightly-Testing/gfortranclang_7.5.0_16.0.3_mpiuni_O_release_8.7.0/esmf/obj/objO/Linux.gfortranclang.64.mpiuni.default/src/apps/ESMF_RegridWeightGen for apps output
make[5]: Leaving directory '/home/gerhard/ESMF-Nightly-Testing/gfortranclang_7.5.0_16.0.3_mpiuni_O_release_8.7.0/esmf/src/apps/ESMF_RegridWeightGen'
gfortran -c -O -fPIC  -m64 -mcmodel=small -pthread -ffree-line-length-none  -fopenmp -I/home/gerhard/ESMF-Nightly-Testing/gfortranclang_7.5.0_16.0.3_mpiuni_O_release_8.7.0/esmf/src/apps/ESMF_RegridWeightGen -I/home/gerhard/ESMF-Nightly-Testing/gfortranclang_7.5.0_16.0.3_mpiuni_O_release_8.7.0/esmf/build_config/Linux.gfortranclang.default -I/home/gerhard/ESMF-Nightly-Testing/gfortranclang_7.5.0_16.0.3_mpiuni_O_release_8.7.0/esmf/src/Infrastructure -I/home/gerhard/ESMF-Nightly-Testing/gfortranclang_7.5.0_16.0.3_mpiuni_O_release_8.7.0/esmf/src/Superstructure -I/home/gerhard/ESMF-Nightly-Testing/gfortranclang_7.5.0_16.0.3_mpiuni_O_release_8.7.0/esmf/DEFAULTINSTALLDIR/mod/modO/Linux.gfortranclang.64.mpiuni.default -I/home/gerhard/ESMF-Nightly-Testing/gfortranclang_7.5.0_16.0.3_mpiuni_O_release_8.7.0/esmf/src/include   -DESMF_NO_INTEGER_1_BYTE -DESMF_NO_INTEGER_2_BYTE -DESMF_VERSION_STRING_GIT='"v8.7.0b14-1-g2597b0a993"' -DESMF_MPIUNI -I/home/gerhard/ESMF-Nightly-Testing/gfortranclang_7.5.0_16.0.3_mpiuni_O_release_8.7.0/esmf/src/Infrastructure/stubs/mpiuni -DESMF_LOWERCASE_SINGLEUNDERSCORE -DESMF_MOAB=1 -DESMF_LAPACK=1 -DESMF_LAPACK_INTERNAL=1 -DESMF_NO_ACC_SOFTWARE_STACK=1 -DESMF_YAMLCPP=1 -DESMF_YAML=1 -DESMF_NO_OPENACC -DESMF_TESTEXHAUSTIVE -DESMF_BOPT_O -DESMF_TESTPERFORMANCE -DESMF_TESTCOMPTUNNEL -DESMF_TESTWITHTHREADS -DSx86_64_small=1 -DESMF_OS_Linux=1 -DESMF_COMM=mpiuni -DESMF_DIR=/home/gerhard/ESMF-Nightly-Testing/gfortranclang_7.5.0_16.0.3_mpiuni_O_release_8.7.0/esmf ESMF_RegridWeightGen.F90 -o /home/gerhard/ESMF-Nightly-Testing/gfortranclang_7.5.0_16.0.3_mpiuni_O_release_8.7.0/esmf/obj/objO/Linux.gfortranclang.64.mpiuni.default/src/apps/ESMF_RegridWeightGen/ESMF_RegridWeightGen.o
make chkdir_apps
make[5]: Entering directory '/home/gerhard/ESMF-Nightly-Testing/gfortranclang_7.5.0_16.0.3_mpiuni_O_release_8.7.0/esmf/src/apps/ESMF_RegridWeightGen'
make[5]: Leaving directory '/home/gerhard/ESMF-Nightly-Testing/gfortranclang_7.5.0_16.0.3_mpiuni_O_release_8.7.0/esmf/src/apps/ESMF_RegridWeightGen'
gfortran     -m64 -mcmodel=small -pthread -Wl,--no-as-needed  -fopenmp -L/home/gerhard/ESMF-Nightly-Testing/gfortranclang_7.5.0_16.0.3_mpiuni_O_release_8.7.0/esmf/DEFAULTINSTALLDIR/lib/libO/Linux.gfortranclang.64.mpiuni.default  -L/usr/lib64/gcc/x86_64-suse-linux/7/ -Wl,-rpath,/home/gerhard/ESMF-Nightly-Testing/gfortranclang_7.5.0_16.0.3_mpiuni_O_release_8.7.0/esmf/DEFAULTINSTALLDIR/lib/libO/Linux.gfortranclang.64.mpiuni.default  -Wl,-rpath,/usr/lib64/gcc/x86_64-suse-linux/7/ -o /home/gerhard/ESMF-Nightly-Testing/gfortranclang_7.5.0_16.0.3_mpiuni_O_release_8.7.0/esmf/DEFAULTINSTALLDIR/bin/binO/Linux.gfortranclang.64.mpiuni.default/ESMF_RegridWeightGen /home/gerhard/ESMF-Nightly-Testing/gfortranclang_7.5.0_16.0.3_mpiuni_O_release_8.7.0/esmf/obj/objO/Linux.gfortranclang.64.mpiuni.default/src/apps/ESMF_RegridWeightGen/ESMF_RegridWeightGen.o -lesmf  -lrt -lstdc++ -ldl
make[4]: Leaving directory '/home/gerhard/ESMF-Nightly-Testing/gfortranclang_7.5.0_16.0.3_mpiuni_O_release_8.7.0/esmf/src/apps/ESMF_RegridWeightGen'
tree_build_apps in: /home/gerhard/ESMF-Nightly-Testing/gfortranclang_7.5.0_16.0.3_mpiuni_O_release_8.7.0/esmf/src/apps/ESMF_WebServController
make[4]: Entering directory '/home/gerhard/ESMF-Nightly-Testing/gfortranclang_7.5.0_16.0.3_mpiuni_O_release_8.7.0/esmf/src/apps/ESMF_WebServController'
make chkdir_locobj
make[5]: Entering directory '/home/gerhard/ESMF-Nightly-Testing/gfortranclang_7.5.0_16.0.3_mpiuni_O_release_8.7.0/esmf/src/apps/ESMF_WebServController'
Making directory /home/gerhard/ESMF-Nightly-Testing/gfortranclang_7.5.0_16.0.3_mpiuni_O_release_8.7.0/esmf/obj/objO/Linux.gfortranclang.64.mpiuni.default/src/apps/ESMF_WebServController for apps output
make[5]: Leaving directory '/home/gerhard/ESMF-Nightly-Testing/gfortranclang_7.5.0_16.0.3_mpiuni_O_release_8.7.0/esmf/src/apps/ESMF_WebServController'
clang++ -c -std=c++11 -O -DNDEBUG -fPIC -m64 -mcmodel=small -pthread  -fopenmp -I/home/gerhard/ESMF-Nightly-Testing/gfortranclang_7.5.0_16.0.3_mpiuni_O_release_8.7.0/esmf/src/apps/ESMF_WebServController -I/home/gerhard/ESMF-Nightly-Testing/gfortranclang_7.5.0_16.0.3_mpiuni_O_release_8.7.0/esmf/src/apps/ESMF_WebServController/../include -I/home/gerhard/ESMF-Nightly-Testing/gfortranclang_7.5.0_16.0.3_mpiuni_O_release_8.7.0/esmf/build_config/Linux.gfortranclang.default -I/home/gerhard/ESMF-Nightly-Testing/gfortranclang_7.5.0_16.0.3_mpiuni_O_release_8.7.0/esmf/src/Infrastructure -I/home/gerhard/ESMF-Nightly-Testing/gfortranclang_7.5.0_16.0.3_mpiuni_O_release_8.7.0/esmf/src/Superstructure -I/home/gerhard/ESMF-Nightly-Testing/gfortranclang_7.5.0_16.0.3_mpiuni_O_release_8.7.0/esmf/src/Infrastructure/stubs/pthread  -I/home/gerhard/ESMF-Nightly-Testing/gfortranclang_7.5.0_16.0.3_mpiuni_O_release_8.7.0/esmf/src/include   -I/home/gerhard/ESMF-Nightly-Testing/gfortranclang_7.5.0_16.0.3_mpiuni_O_release_8.7.0/esmf/src/prologue/yaml-cpp/include -DESMF_NO_INTEGER_1_BYTE -DESMF_NO_INTEGER_2_BYTE -DESMF_VERSION_STRING_GIT='"v8.7.0b14-1-g2597b0a993"' -DESMF_MPIUNI -I/home/gerhard/ESMF-Nightly-Testing/gfortranclang_7.5.0_16.0.3_mpiuni_O_release_8.7.0/esmf/src/Infrastructure/stubs/mpiuni -DESMF_LOWERCASE_SINGLEUNDERSCORE -DESMF_MOAB=1 -DESMF_LAPACK=1 -DESMF_LAPACK_INTERNAL=1 -DESMF_NO_ACC_SOFTWARE_STACK=1 -DESMF_YAMLCPP=1 -DESMF_YAML=1 -DESMF_NO_OPENACC -DESMF_TESTEXHAUSTIVE -DESMF_BOPT_O -DESMF_TESTPERFORMANCE -DESMF_TESTCOMPTUNNEL -DESMF_TESTWITHTHREADS -DSx86_64_small=1 -DESMF_OS_Linux=1 -DESMF_COMM=mpiuni -DESMF_DIR=/home/gerhard/ESMF-Nightly-Testing/gfortranclang_7.5.0_16.0.3_mpiuni_O_release_8.7.0/esmf -D__SDIR__='"src/apps/ESMF_WebServController"' -DESMF_CXXSTD=11 -x c++ ESMF_WebServController.C -o /home/gerhard/ESMF-Nightly-Testing/gfortranclang_7.5.0_16.0.3_mpiuni_O_release_8.7.0/esmf/obj/objO/Linux.gfortranclang.64.mpiuni.default/src/apps/ESMF_WebServController/ESMF_WebServController.o
make chkdir_apps
make[5]: Entering directory '/home/gerhard/ESMF-Nightly-Testing/gfortranclang_7.5.0_16.0.3_mpiuni_O_release_8.7.0/esmf/src/apps/ESMF_WebServController'
make[5]: Leaving directory '/home/gerhard/ESMF-Nightly-Testing/gfortranclang_7.5.0_16.0.3_mpiuni_O_release_8.7.0/esmf/src/apps/ESMF_WebServController'
clang++    -m64 -mcmodel=small -pthread -Wl,--no-as-needed  -fopenmp -L/home/gerhard/ESMF-Nightly-Testing/gfortranclang_7.5.0_16.0.3_mpiuni_O_release_8.7.0/esmf/DEFAULTINSTALLDIR/lib/libO/Linux.gfortranclang.64.mpiuni.default  -L/usr/lib64/gcc/x86_64-suse-linux/7/ -Wl,-rpath,/home/gerhard/ESMF-Nightly-Testing/gfortranclang_7.5.0_16.0.3_mpiuni_O_release_8.7.0/esmf/DEFAULTINSTALLDIR/lib/libO/Linux.gfortranclang.64.mpiuni.default  -Wl,-rpath,/usr/lib64/gcc/x86_64-suse-linux/7/ -o /home/gerhard/ESMF-Nightly-Testing/gfortranclang_7.5.0_16.0.3_mpiuni_O_release_8.7.0/esmf/DEFAULTINSTALLDIR/bin/binO/Linux.gfortranclang.64.mpiuni.default/ESMF_WebServController /home/gerhard/ESMF-Nightly-Testing/gfortranclang_7.5.0_16.0.3_mpiuni_O_release_8.7.0/esmf/obj/objO/Linux.gfortranclang.64.mpiuni.default/src/apps/ESMF_WebServController/ESMF_WebServController.o -lesmf  -lrt -lgfortran -lstdc++ -lm -ldl
make[4]: Leaving directory '/home/gerhard/ESMF-Nightly-Testing/gfortranclang_7.5.0_16.0.3_mpiuni_O_release_8.7.0/esmf/src/apps/ESMF_WebServController'
tree_build_apps in: /home/gerhard/ESMF-Nightly-Testing/gfortranclang_7.5.0_16.0.3_mpiuni_O_release_8.7.0/esmf/src/apps/ESMF_Scrip2Unstruct
make[4]: Entering directory '/home/gerhard/ESMF-Nightly-Testing/gfortranclang_7.5.0_16.0.3_mpiuni_O_release_8.7.0/esmf/src/apps/ESMF_Scrip2Unstruct'
make chkdir_locobj
make[5]: Entering directory '/home/gerhard/ESMF-Nightly-Testing/gfortranclang_7.5.0_16.0.3_mpiuni_O_release_8.7.0/esmf/src/apps/ESMF_Scrip2Unstruct'
Making directory /home/gerhard/ESMF-Nightly-Testing/gfortranclang_7.5.0_16.0.3_mpiuni_O_release_8.7.0/esmf/obj/objO/Linux.gfortranclang.64.mpiuni.default/src/apps/ESMF_Scrip2Unstruct for apps output
make[5]: Leaving directory '/home/gerhard/ESMF-Nightly-Testing/gfortranclang_7.5.0_16.0.3_mpiuni_O_release_8.7.0/esmf/src/apps/ESMF_Scrip2Unstruct'
clang++ -c -std=c++11 -O -DNDEBUG -fPIC -m64 -mcmodel=small -pthread  -fopenmp -I/home/gerhard/ESMF-Nightly-Testing/gfortranclang_7.5.0_16.0.3_mpiuni_O_release_8.7.0/esmf/src/apps/ESMF_Scrip2Unstruct -I/home/gerhard/ESMF-Nightly-Testing/gfortranclang_7.5.0_16.0.3_mpiuni_O_release_8.7.0/esmf/src/apps/ESMF_Scrip2Unstruct/../include -I/home/gerhard/ESMF-Nightly-Testing/gfortranclang_7.5.0_16.0.3_mpiuni_O_release_8.7.0/esmf/build_config/Linux.gfortranclang.default -I/home/gerhard/ESMF-Nightly-Testing/gfortranclang_7.5.0_16.0.3_mpiuni_O_release_8.7.0/esmf/src/Infrastructure -I/home/gerhard/ESMF-Nightly-Testing/gfortranclang_7.5.0_16.0.3_mpiuni_O_release_8.7.0/esmf/src/Superstructure -I/home/gerhard/ESMF-Nightly-Testing/gfortranclang_7.5.0_16.0.3_mpiuni_O_release_8.7.0/esmf/src/Infrastructure/stubs/pthread  -I/home/gerhard/ESMF-Nightly-Testing/gfortranclang_7.5.0_16.0.3_mpiuni_O_release_8.7.0/esmf/src/include   -I/home/gerhard/ESMF-Nightly-Testing/gfortranclang_7.5.0_16.0.3_mpiuni_O_release_8.7.0/esmf/src/prologue/yaml-cpp/include -DESMF_NO_INTEGER_1_BYTE -DESMF_NO_INTEGER_2_BYTE -DESMF_VERSION_STRING_GIT='"v8.7.0b14-1-g2597b0a993"' -DESMF_MPIUNI -I/home/gerhard/ESMF-Nightly-Testing/gfortranclang_7.5.0_16.0.3_mpiuni_O_release_8.7.0/esmf/src/Infrastructure/stubs/mpiuni -DESMF_LOWERCASE_SINGLEUNDERSCORE -DESMF_MOAB=1 -DESMF_LAPACK=1 -DESMF_LAPACK_INTERNAL=1 -DESMF_NO_ACC_SOFTWARE_STACK=1 -DESMF_YAMLCPP=1 -DESMF_YAML=1 -DESMF_NO_OPENACC -DESMF_TESTEXHAUSTIVE -DESMF_BOPT_O -DESMF_TESTPERFORMANCE -DESMF_TESTCOMPTUNNEL -DESMF_TESTWITHTHREADS -DSx86_64_small=1 -DESMF_OS_Linux=1 -DESMF_COMM=mpiuni -DESMF_DIR=/home/gerhard/ESMF-Nightly-Testing/gfortranclang_7.5.0_16.0.3_mpiuni_O_release_8.7.0/esmf -D__SDIR__='"src/apps/ESMF_Scrip2Unstruct"' -DESMF_CXXSTD=11 -x c++ ESMF_Scrip2Unstruct.C -o /home/gerhard/ESMF-Nightly-Testing/gfortranclang_7.5.0_16.0.3_mpiuni_O_release_8.7.0/esmf/obj/objO/Linux.gfortranclang.64.mpiuni.default/src/apps/ESMF_Scrip2Unstruct/ESMF_Scrip2Unstruct.o
make chkdir_apps
make[5]: Entering directory '/home/gerhard/ESMF-Nightly-Testing/gfortranclang_7.5.0_16.0.3_mpiuni_O_release_8.7.0/esmf/src/apps/ESMF_Scrip2Unstruct'
make[5]: Leaving directory '/home/gerhard/ESMF-Nightly-Testing/gfortranclang_7.5.0_16.0.3_mpiuni_O_release_8.7.0/esmf/src/apps/ESMF_Scrip2Unstruct'
clang++    -m64 -mcmodel=small -pthread -Wl,--no-as-needed  -fopenmp -L/home/gerhard/ESMF-Nightly-Testing/gfortranclang_7.5.0_16.0.3_mpiuni_O_release_8.7.0/esmf/DEFAULTINSTALLDIR/lib/libO/Linux.gfortranclang.64.mpiuni.default  -L/usr/lib64/gcc/x86_64-suse-linux/7/ -Wl,-rpath,/home/gerhard/ESMF-Nightly-Testing/gfortranclang_7.5.0_16.0.3_mpiuni_O_release_8.7.0/esmf/DEFAULTINSTALLDIR/lib/libO/Linux.gfortranclang.64.mpiuni.default  -Wl,-rpath,/usr/lib64/gcc/x86_64-suse-linux/7/ -o /home/gerhard/ESMF-Nightly-Testing/gfortranclang_7.5.0_16.0.3_mpiuni_O_release_8.7.0/esmf/DEFAULTINSTALLDIR/bin/binO/Linux.gfortranclang.64.mpiuni.default/ESMF_Scrip2Unstruct /home/gerhard/ESMF-Nightly-Testing/gfortranclang_7.5.0_16.0.3_mpiuni_O_release_8.7.0/esmf/obj/objO/Linux.gfortranclang.64.mpiuni.default/src/apps/ESMF_Scrip2Unstruct/ESMF_Scrip2Unstruct.o -lesmf  -lrt -lgfortran -lstdc++ -lm -ldl
make[4]: Leaving directory '/home/gerhard/ESMF-Nightly-Testing/gfortranclang_7.5.0_16.0.3_mpiuni_O_release_8.7.0/esmf/src/apps/ESMF_Scrip2Unstruct'
tree_build_apps in: /home/gerhard/ESMF-Nightly-Testing/gfortranclang_7.5.0_16.0.3_mpiuni_O_release_8.7.0/esmf/src/apps/ESMF_Regrid
make[4]: Entering directory '/home/gerhard/ESMF-Nightly-Testing/gfortranclang_7.5.0_16.0.3_mpiuni_O_release_8.7.0/esmf/src/apps/ESMF_Regrid'
make chkdir_locobj
make[5]: Entering directory '/home/gerhard/ESMF-Nightly-Testing/gfortranclang_7.5.0_16.0.3_mpiuni_O_release_8.7.0/esmf/src/apps/ESMF_Regrid'
Making directory /home/gerhard/ESMF-Nightly-Testing/gfortranclang_7.5.0_16.0.3_mpiuni_O_release_8.7.0/esmf/obj/objO/Linux.gfortranclang.64.mpiuni.default/src/apps/ESMF_Regrid for apps output
make[5]: Leaving directory '/home/gerhard/ESMF-Nightly-Testing/gfortranclang_7.5.0_16.0.3_mpiuni_O_release_8.7.0/esmf/src/apps/ESMF_Regrid'
gfortran -c -O -fPIC  -m64 -mcmodel=small -pthread -ffree-line-length-none  -fopenmp -I/home/gerhard/ESMF-Nightly-Testing/gfortranclang_7.5.0_16.0.3_mpiuni_O_release_8.7.0/esmf/src/apps/ESMF_Regrid -I/home/gerhard/ESMF-Nightly-Testing/gfortranclang_7.5.0_16.0.3_mpiuni_O_release_8.7.0/esmf/build_config/Linux.gfortranclang.default -I/home/gerhard/ESMF-Nightly-Testing/gfortranclang_7.5.0_16.0.3_mpiuni_O_release_8.7.0/esmf/src/Infrastructure -I/home/gerhard/ESMF-Nightly-Testing/gfortranclang_7.5.0_16.0.3_mpiuni_O_release_8.7.0/esmf/src/Superstructure -I/home/gerhard/ESMF-Nightly-Testing/gfortranclang_7.5.0_16.0.3_mpiuni_O_release_8.7.0/esmf/DEFAULTINSTALLDIR/mod/modO/Linux.gfortranclang.64.mpiuni.default -I/home/gerhard/ESMF-Nightly-Testing/gfortranclang_7.5.0_16.0.3_mpiuni_O_release_8.7.0/esmf/src/include   -DESMF_NO_INTEGER_1_BYTE -DESMF_NO_INTEGER_2_BYTE -DESMF_VERSION_STRING_GIT='"v8.7.0b14-1-g2597b0a993"' -DESMF_MPIUNI -I/home/gerhard/ESMF-Nightly-Testing/gfortranclang_7.5.0_16.0.3_mpiuni_O_release_8.7.0/esmf/src/Infrastructure/stubs/mpiuni -DESMF_LOWERCASE_SINGLEUNDERSCORE -DESMF_MOAB=1 -DESMF_LAPACK=1 -DESMF_LAPACK_INTERNAL=1 -DESMF_NO_ACC_SOFTWARE_STACK=1 -DESMF_YAMLCPP=1 -DESMF_YAML=1 -DESMF_NO_OPENACC -DESMF_TESTEXHAUSTIVE -DESMF_BOPT_O -DESMF_TESTPERFORMANCE -DESMF_TESTCOMPTUNNEL -DESMF_TESTWITHTHREADS -DSx86_64_small=1 -DESMF_OS_Linux=1 -DESMF_COMM=mpiuni -DESMF_DIR=/home/gerhard/ESMF-Nightly-Testing/gfortranclang_7.5.0_16.0.3_mpiuni_O_release_8.7.0/esmf ESMF_Regrid.F90 -o /home/gerhard/ESMF-Nightly-Testing/gfortranclang_7.5.0_16.0.3_mpiuni_O_release_8.7.0/esmf/obj/objO/Linux.gfortranclang.64.mpiuni.default/src/apps/ESMF_Regrid/ESMF_Regrid.o
make chkdir_apps
make[5]: Entering directory '/home/gerhard/ESMF-Nightly-Testing/gfortranclang_7.5.0_16.0.3_mpiuni_O_release_8.7.0/esmf/src/apps/ESMF_Regrid'
make[5]: Leaving directory '/home/gerhard/ESMF-Nightly-Testing/gfortranclang_7.5.0_16.0.3_mpiuni_O_release_8.7.0/esmf/src/apps/ESMF_Regrid'
gfortran     -m64 -mcmodel=small -pthread -Wl,--no-as-needed  -fopenmp -L/home/gerhard/ESMF-Nightly-Testing/gfortranclang_7.5.0_16.0.3_mpiuni_O_release_8.7.0/esmf/DEFAULTINSTALLDIR/lib/libO/Linux.gfortranclang.64.mpiuni.default  -L/usr/lib64/gcc/x86_64-suse-linux/7/ -Wl,-rpath,/home/gerhard/ESMF-Nightly-Testing/gfortranclang_7.5.0_16.0.3_mpiuni_O_release_8.7.0/esmf/DEFAULTINSTALLDIR/lib/libO/Linux.gfortranclang.64.mpiuni.default  -Wl,-rpath,/usr/lib64/gcc/x86_64-suse-linux/7/ -o /home/gerhard/ESMF-Nightly-Testing/gfortranclang_7.5.0_16.0.3_mpiuni_O_release_8.7.0/esmf/DEFAULTINSTALLDIR/bin/binO/Linux.gfortranclang.64.mpiuni.default/ESMF_Regrid /home/gerhard/ESMF-Nightly-Testing/gfortranclang_7.5.0_16.0.3_mpiuni_O_release_8.7.0/esmf/obj/objO/Linux.gfortranclang.64.mpiuni.default/src/apps/ESMF_Regrid/ESMF_Regrid.o -lesmf  -lrt -lstdc++ -ldl
make[4]: Leaving directory '/home/gerhard/ESMF-Nightly-Testing/gfortranclang_7.5.0_16.0.3_mpiuni_O_release_8.7.0/esmf/src/apps/ESMF_Regrid'
tree_build_apps in: /home/gerhard/ESMF-Nightly-Testing/gfortranclang_7.5.0_16.0.3_mpiuni_O_release_8.7.0/esmf/src/apps/ESMX_Builder
make[4]: Entering directory '/home/gerhard/ESMF-Nightly-Testing/gfortranclang_7.5.0_16.0.3_mpiuni_O_release_8.7.0/esmf/src/apps/ESMX_Builder'
make chkdir_apps
make[5]: Entering directory '/home/gerhard/ESMF-Nightly-Testing/gfortranclang_7.5.0_16.0.3_mpiuni_O_release_8.7.0/esmf/src/apps/ESMX_Builder'
make[5]: Leaving directory '/home/gerhard/ESMF-Nightly-Testing/gfortranclang_7.5.0_16.0.3_mpiuni_O_release_8.7.0/esmf/src/apps/ESMX_Builder'
cp -f ESMX_Builder.sh /home/gerhard/ESMF-Nightly-Testing/gfortranclang_7.5.0_16.0.3_mpiuni_O_release_8.7.0/esmf/DEFAULTINSTALLDIR/bin/binO/Linux.gfortranclang.64.mpiuni.default/ESMX_Builder
make[4]: Leaving directory '/home/gerhard/ESMF-Nightly-Testing/gfortranclang_7.5.0_16.0.3_mpiuni_O_release_8.7.0/esmf/src/apps/ESMX_Builder'
make[3]: Leaving directory '/home/gerhard/ESMF-Nightly-Testing/gfortranclang_7.5.0_16.0.3_mpiuni_O_release_8.7.0/esmf/src/apps'
ESMF apps built successfully.
make[2]: Leaving directory '/home/gerhard/ESMF-Nightly-Testing/gfortranclang_7.5.0_16.0.3_mpiuni_O_release_8.7.0/esmf'
make[1]: Leaving directory '/home/gerhard/ESMF-Nightly-Testing/gfortranclang_7.5.0_16.0.3_mpiuni_O_release_8.7.0/esmf'
mkdir -p /home/gerhard/ESMF-Nightly-Testing/gfortranclang_7.5.0_16.0.3_mpiuni_O_release_8.7.0/esmf/DEFAULTINSTALLDIR/doc
make install_info_mk
make[1]: Entering directory '/home/gerhard/ESMF-Nightly-Testing/gfortranclang_7.5.0_16.0.3_mpiuni_O_release_8.7.0/esmf'
make info_mk ESMF_APPSDIR=/home/gerhard/ESMF-Nightly-Testing/gfortranclang_7.5.0_16.0.3_mpiuni_O_release_8.7.0/esmf/DEFAULTINSTALLDIR/bin/binO/Linux.gfortranclang.64.mpiuni.default ESMF_LDIR=/home/gerhard/ESMF-Nightly-Testing/gfortranclang_7.5.0_16.0.3_mpiuni_O_release_8.7.0/esmf/DEFAULTINSTALLDIR/lib/libO/Linux.gfortranclang.64.mpiuni.default ESMF_LIBDIR=/home/gerhard/ESMF-Nightly-Testing/gfortranclang_7.5.0_16.0.3_mpiuni_O_release_8.7.0/esmf/DEFAULTINSTALLDIR/lib/libO/Linux.gfortranclang.64.mpiuni.default ESMF_ESMXDIR=/home/gerhard/ESMF-Nightly-Testing/gfortranclang_7.5.0_16.0.3_mpiuni_O_release_8.7.0/esmf/DEFAULTINSTALLDIR/include/ESMX ESMF_CMAKEDIR=/home/gerhard/ESMF-Nightly-Testing/gfortranclang_7.5.0_16.0.3_mpiuni_O_release_8.7.0/esmf/DEFAULTINSTALLDIR/cmake ESMF_MODDIR=/home/gerhard/ESMF-Nightly-Testing/gfortranclang_7.5.0_16.0.3_mpiuni_O_release_8.7.0/esmf/DEFAULTINSTALLDIR/mod/modO/Linux.gfortranclang.64.mpiuni.default ESMF_INCDIR=/home/gerhard/ESMF-Nightly-Testing/gfortranclang_7.5.0_16.0.3_mpiuni_O_release_8.7.0/esmf/DEFAULTINSTALLDIR/include
make[2]: Entering directory '/home/gerhard/ESMF-Nightly-Testing/gfortranclang_7.5.0_16.0.3_mpiuni_O_release_8.7.0/esmf'
make[2]: Leaving directory '/home/gerhard/ESMF-Nightly-Testing/gfortranclang_7.5.0_16.0.3_mpiuni_O_release_8.7.0/esmf'
make[1]: Leaving directory '/home/gerhard/ESMF-Nightly-Testing/gfortranclang_7.5.0_16.0.3_mpiuni_O_release_8.7.0/esmf'
 
ESMF installation complete.
 
