2024-10-01 02:36:18
20241001 032331.231 INFO             PET0 !!!!!!!!!!!!!!!!!!!!!!!!!!!!!!!!!!!!!!!!!!!!!!!!!!!!!!
20241001 032331.232 INFO             PET0 !!! THE ESMF_LOG IS SET TO OUTPUT ALL LOG MESSAGES !!!
20241001 032331.232 INFO             PET0 !!!     THIS MAY CAUSE SLOWDOWN IN PERFORMANCE     !!!
20241001 032331.232 INFO             PET0 !!! FOR PRODUCTION RUNS, USE:                      !!!
20241001 032331.232 INFO             PET0 !!!                   ESMF_LOGKIND_Multi_On_Error  !!!
20241001 032331.232 INFO             PET0 !!!!!!!!!!!!!!!!!!!!!!!!!!!!!!!!!!!!!!!!!!!!!!!!!!!!!!
20241001 032331.232 INFO             PET0 Running with ESMF Version   : v8.7.0b14-1-g2597b0a993
20241001 032331.232 INFO             PET0 ESMF library build date/time: "Oct  1 2024" "02:33:43"
20241001 032331.232 INFO             PET0 ESMF library build location : /work/noaa/da/mpotts/sandbox/gfortran_12.2.0_openmpi_g_release_8.7.0/esmf
20241001 032331.232 INFO             PET0 ESMF_COMM                   : openmpi
20241001 032331.232 INFO             PET0 ESMF_MOAB                   : enabled
20241001 032331.232 INFO             PET0 ESMF_LAPACK                 : enabled
20241001 032331.232 INFO             PET0 ESMF_NETCDF                 : disabled
20241001 032331.232 INFO             PET0 ESMF_PNETCDF                : disabled
20241001 032331.232 INFO             PET0 ESMF_PIO                    : disabled
20241001 032331.232 INFO             PET0 ESMF_YAMLCPP                : enabled
20241001 032331.232 INFO             PET0 ESMF Tracing Enabled
20241001 032331.232 INFO             PET0 ESMF Profiling Enabled
20241001 032331.232 INFO             PET0 ESMF Trace/Profile clock: REALTIME
20241001 032331.237 INFO             PET0  NUMBER_OF_PROCESSORS           4
20241001 032331.237 INFO             PET0  PASS  Example ESMF_TraceEx, ESMF_TraceEx.F90, line 178
20241001 032331.237 INFO             PET0  Finalizing ESMF
20241001 032331.237 INFO             PET0 **************** Region Timings *******************
20241001 032331.237 INFO             PET0 Region              Count  Total (s)   Self (s)    Mean (s)    Min (s)     Max (s)
20241001 032331.237 INFO             PET0   [ESMF]            1      0.0022      0.0022      0.0022      0.0022      0.0022
20241001 032331.237 INFO             PET0     [test] Run 1    5      0.0000      0.0000      0.0000      0.0000      0.0000
20241001 032331.237 INFO             PET0     [test] Init 1   1      0.0000      0.0000      0.0000      0.0000      0.0000
20241001 032331.237 INFO             PET0     [test] Final 1  1      0.0000      0.0000      0.0000      0.0000      0.0000
20241001 032331.232 INFO             PET1 !!!!!!!!!!!!!!!!!!!!!!!!!!!!!!!!!!!!!!!!!!!!!!!!!!!!!!
20241001 032331.232 INFO             PET1 !!! THE ESMF_LOG IS SET TO OUTPUT ALL LOG MESSAGES !!!
20241001 032331.232 INFO             PET1 !!!     THIS MAY CAUSE SLOWDOWN IN PERFORMANCE     !!!
20241001 032331.232 INFO             PET1 !!! FOR PRODUCTION RUNS, USE:                      !!!
20241001 032331.232 INFO             PET1 !!!                   ESMF_LOGKIND_Multi_On_Error  !!!
20241001 032331.232 INFO             PET1 !!!!!!!!!!!!!!!!!!!!!!!!!!!!!!!!!!!!!!!!!!!!!!!!!!!!!!
20241001 032331.232 INFO             PET1 Running with ESMF Version   : v8.7.0b14-1-g2597b0a993
20241001 032331.232 INFO             PET1 ESMF library build date/time: "Oct  1 2024" "02:33:43"
20241001 032331.232 INFO             PET1 ESMF library build location : /work/noaa/da/mpotts/sandbox/gfortran_12.2.0_openmpi_g_release_8.7.0/esmf
20241001 032331.232 INFO             PET1 ESMF_COMM                   : openmpi
20241001 032331.233 INFO             PET1 ESMF_MOAB                   : enabled
20241001 032331.233 INFO             PET1 ESMF_LAPACK                 : enabled
20241001 032331.233 INFO             PET1 ESMF_NETCDF                 : disabled
20241001 032331.233 INFO             PET1 ESMF_PNETCDF                : disabled
20241001 032331.233 INFO             PET1 ESMF_PIO                    : disabled
20241001 032331.233 INFO             PET1 ESMF_YAMLCPP                : enabled
20241001 032331.233 INFO             PET1 ESMF Tracing Enabled
20241001 032331.233 INFO             PET1 ESMF Profiling Enabled
20241001 032331.233 INFO             PET1 ESMF Trace/Profile clock: REALTIME
20241001 032331.237 INFO             PET1  NUMBER_OF_PROCESSORS           4
20241001 032331.237 INFO             PET1  PASS  Example ESMF_TraceEx, ESMF_TraceEx.F90, line 178
20241001 032331.237 INFO             PET1  Finalizing ESMF
20241001 032331.237 INFO             PET1 **************** Region Timings *******************
20241001 032331.237 INFO             PET1 Region              Count  Total (s)   Self (s)    Mean (s)    Min (s)     Max (s)
20241001 032331.237 INFO             PET1   [ESMF]            1      0.0032      0.0032      0.0032      0.0032      0.0032
20241001 032331.237 INFO             PET1     [test] Run 1    5      0.0000      0.0000      0.0000      0.0000      0.0000
20241001 032331.237 INFO             PET1     [test] Init 1   1      0.0000      0.0000      0.0000      0.0000      0.0000
20241001 032331.237 INFO             PET1     [test] Final 1  1      0.0000      0.0000      0.0000      0.0000      0.0000
20241001 032331.232 INFO             PET2 !!!!!!!!!!!!!!!!!!!!!!!!!!!!!!!!!!!!!!!!!!!!!!!!!!!!!!
20241001 032331.232 INFO             PET2 !!! THE ESMF_LOG IS SET TO OUTPUT ALL LOG MESSAGES !!!
20241001 032331.232 INFO             PET2 !!!     THIS MAY CAUSE SLOWDOWN IN PERFORMANCE     !!!
20241001 032331.232 INFO             PET2 !!! FOR PRODUCTION RUNS, USE:                      !!!
20241001 032331.232 INFO             PET2 !!!                   ESMF_LOGKIND_Multi_On_Error  !!!
20241001 032331.232 INFO             PET2 !!!!!!!!!!!!!!!!!!!!!!!!!!!!!!!!!!!!!!!!!!!!!!!!!!!!!!
20241001 032331.232 INFO             PET2 Running with ESMF Version   : v8.7.0b14-1-g2597b0a993
20241001 032331.232 INFO             PET2 ESMF library build date/time: "Oct  1 2024" "02:33:43"
20241001 032331.232 INFO             PET2 ESMF library build location : /work/noaa/da/mpotts/sandbox/gfortran_12.2.0_openmpi_g_release_8.7.0/esmf
20241001 032331.232 INFO             PET2 ESMF_COMM                   : openmpi
20241001 032331.233 INFO             PET2 ESMF_MOAB                   : enabled
20241001 032331.233 INFO             PET2 ESMF_LAPACK                 : enabled
20241001 032331.233 INFO             PET2 ESMF_NETCDF                 : disabled
20241001 032331.233 INFO             PET2 ESMF_PNETCDF                : disabled
20241001 032331.233 INFO             PET2 ESMF_PIO                    : disabled
20241001 032331.233 INFO             PET2 ESMF_YAMLCPP                : enabled
20241001 032331.233 INFO             PET2 ESMF Tracing Enabled
20241001 032331.233 INFO             PET2 ESMF Profiling Enabled
20241001 032331.233 INFO             PET2 ESMF Trace/Profile clock: REALTIME
20241001 032331.237 INFO             PET2  NUMBER_OF_PROCESSORS           4
20241001 032331.237 INFO             PET2  PASS  Example ESMF_TraceEx, ESMF_TraceEx.F90, line 178
20241001 032331.237 INFO             PET2  Finalizing ESMF
20241001 032331.237 INFO             PET2 **************** Region Timings *******************
20241001 032331.237 INFO             PET2 Region              Count  Total (s)   Self (s)    Mean (s)    Min (s)     Max (s)
20241001 032331.237 INFO             PET2   [ESMF]            1      0.0027      0.0027      0.0027      0.0027      0.0027
20241001 032331.237 INFO             PET2     [test] Run 1    5      0.0000      0.0000      0.0000      0.0000      0.0000
20241001 032331.237 INFO             PET2     [test] Init 1   1      0.0000      0.0000      0.0000      0.0000      0.0000
20241001 032331.237 INFO             PET2     [test] Final 1  1      0.0000      0.0000      0.0000      0.0000      0.0000
20241001 032331.232 INFO             PET3 !!!!!!!!!!!!!!!!!!!!!!!!!!!!!!!!!!!!!!!!!!!!!!!!!!!!!!
20241001 032331.232 INFO             PET3 !!! THE ESMF_LOG IS SET TO OUTPUT ALL LOG MESSAGES !!!
20241001 032331.232 INFO             PET3 !!!     THIS MAY CAUSE SLOWDOWN IN PERFORMANCE     !!!
20241001 032331.232 INFO             PET3 !!! FOR PRODUCTION RUNS, USE:                      !!!
20241001 032331.232 INFO             PET3 !!!                   ESMF_LOGKIND_Multi_On_Error  !!!
20241001 032331.232 INFO             PET3 !!!!!!!!!!!!!!!!!!!!!!!!!!!!!!!!!!!!!!!!!!!!!!!!!!!!!!
20241001 032331.232 INFO             PET3 Running with ESMF Version   : v8.7.0b14-1-g2597b0a993
20241001 032331.232 INFO             PET3 ESMF library build date/time: "Oct  1 2024" "02:33:43"
20241001 032331.232 INFO             PET3 ESMF library build location : /work/noaa/da/mpotts/sandbox/gfortran_12.2.0_openmpi_g_release_8.7.0/esmf
20241001 032331.232 INFO             PET3 ESMF_COMM                   : openmpi
20241001 032331.232 INFO             PET3 ESMF_MOAB                   : enabled
20241001 032331.232 INFO             PET3 ESMF_LAPACK                 : enabled
20241001 032331.232 INFO             PET3 ESMF_NETCDF                 : disabled
20241001 032331.232 INFO             PET3 ESMF_PNETCDF                : disabled
20241001 032331.232 INFO             PET3 ESMF_PIO                    : disabled
20241001 032331.232 INFO             PET3 ESMF_YAMLCPP                : enabled
20241001 032331.232 INFO             PET3 ESMF Tracing Enabled
20241001 032331.232 INFO             PET3 ESMF Profiling Enabled
20241001 032331.233 INFO             PET3 ESMF Trace/Profile clock: REALTIME
20241001 032331.237 INFO             PET3  NUMBER_OF_PROCESSORS           4
20241001 032331.237 INFO             PET3  PASS  Example ESMF_TraceEx, ESMF_TraceEx.F90, line 178
20241001 032331.237 INFO             PET3  Finalizing ESMF
20241001 032331.237 INFO             PET3 **************** Region Timings *******************
20241001 032331.237 INFO             PET3 Region              Count  Total (s)   Self (s)    Mean (s)    Min (s)     Max (s)
20241001 032331.237 INFO             PET3   [ESMF]            1      0.0031      0.0030      0.0031      0.0031      0.0031
20241001 032331.237 INFO             PET3     [test] Run 1    5      0.0000      0.0000      0.0000      0.0000      0.0000
20241001 032331.237 INFO             PET3     [test] Init 1   1      0.0000      0.0000      0.0000      0.0000      0.0000
20241001 032331.237 INFO             PET3     [test] Final 1  1      0.0000      0.0000      0.0000      0.0000      0.0000
