2024-10-02 02:36:17
20241002 032900.234 INFO             PET0 !!!!!!!!!!!!!!!!!!!!!!!!!!!!!!!!!!!!!!!!!!!!!!!!!!!!!!
20241002 032900.234 INFO             PET0 !!! THE ESMF_LOG IS SET TO OUTPUT ALL LOG MESSAGES !!!
20241002 032900.234 INFO             PET0 !!!     THIS MAY CAUSE SLOWDOWN IN PERFORMANCE     !!!
20241002 032900.234 INFO             PET0 !!! FOR PRODUCTION RUNS, USE:                      !!!
20241002 032900.234 INFO             PET0 !!!                   ESMF_LOGKIND_Multi_On_Error  !!!
20241002 032900.234 INFO             PET0 !!!!!!!!!!!!!!!!!!!!!!!!!!!!!!!!!!!!!!!!!!!!!!!!!!!!!!
20241002 032900.234 INFO             PET0 Running with ESMF Version   : v8.7.0b14-1-g2597b0a993
20241002 032900.234 INFO             PET0 ESMF library build date/time: "Oct  2 2024" "02:33:42"
20241002 032900.234 INFO             PET0 ESMF library build location : /work/noaa/da/mpotts/sandbox/gfortran_12.2.0_openmpi_g_release_8.7.0/esmf
20241002 032900.234 INFO             PET0 ESMF_COMM                   : openmpi
20241002 032900.235 INFO             PET0 ESMF_MOAB                   : enabled
20241002 032900.235 INFO             PET0 ESMF_LAPACK                 : enabled
20241002 032900.235 INFO             PET0 ESMF_NETCDF                 : disabled
20241002 032900.235 INFO             PET0 ESMF_PNETCDF                : disabled
20241002 032900.235 INFO             PET0 ESMF_PIO                    : disabled
20241002 032900.235 INFO             PET0 ESMF_YAMLCPP                : enabled
20241002 032900.473 DEBUG            PET0 about to destroy Grid: 0x2104130
20241002 032900.510 DEBUG            PET0 about to destroy Grid: 0x2106170
20241002 032900.607 INFO             PET0  NUMBER_OF_PROCESSORS           4
20241002 032900.607 INFO             PET0  PASS  Example ESMF_NUOPCAtmModelEx, ESMF_NUOPCAtmModelEx.F90, line 806
20241002 032900.607 INFO             PET0  Finalizing ESMF
20241002 032900.235 INFO             PET1 !!!!!!!!!!!!!!!!!!!!!!!!!!!!!!!!!!!!!!!!!!!!!!!!!!!!!!
20241002 032900.235 INFO             PET1 !!! THE ESMF_LOG IS SET TO OUTPUT ALL LOG MESSAGES !!!
20241002 032900.235 INFO             PET1 !!!     THIS MAY CAUSE SLOWDOWN IN PERFORMANCE     !!!
20241002 032900.235 INFO             PET1 !!! FOR PRODUCTION RUNS, USE:                      !!!
20241002 032900.235 INFO             PET1 !!!                   ESMF_LOGKIND_Multi_On_Error  !!!
20241002 032900.235 INFO             PET1 !!!!!!!!!!!!!!!!!!!!!!!!!!!!!!!!!!!!!!!!!!!!!!!!!!!!!!
20241002 032900.235 INFO             PET1 Running with ESMF Version   : v8.7.0b14-1-g2597b0a993
20241002 032900.235 INFO             PET1 ESMF library build date/time: "Oct  2 2024" "02:33:42"
20241002 032900.235 INFO             PET1 ESMF library build location : /work/noaa/da/mpotts/sandbox/gfortran_12.2.0_openmpi_g_release_8.7.0/esmf
20241002 032900.235 INFO             PET1 ESMF_COMM                   : openmpi
20241002 032900.236 INFO             PET1 ESMF_MOAB                   : enabled
20241002 032900.236 INFO             PET1 ESMF_LAPACK                 : enabled
20241002 032900.236 INFO             PET1 ESMF_NETCDF                 : disabled
20241002 032900.236 INFO             PET1 ESMF_PNETCDF                : disabled
20241002 032900.236 INFO             PET1 ESMF_PIO                    : disabled
20241002 032900.236 INFO             PET1 ESMF_YAMLCPP                : enabled
20241002 032900.473 DEBUG            PET1 about to destroy Grid: 0x172d8d0
20241002 032900.510 DEBUG            PET1 about to destroy Grid: 0x172fb30
20241002 032900.608 INFO             PET1  NUMBER_OF_PROCESSORS           4
20241002 032900.608 INFO             PET1  PASS  Example ESMF_NUOPCAtmModelEx, ESMF_NUOPCAtmModelEx.F90, line 806
20241002 032900.608 INFO             PET1  Finalizing ESMF
20241002 032900.235 INFO             PET2 !!!!!!!!!!!!!!!!!!!!!!!!!!!!!!!!!!!!!!!!!!!!!!!!!!!!!!
20241002 032900.235 INFO             PET2 !!! THE ESMF_LOG IS SET TO OUTPUT ALL LOG MESSAGES !!!
20241002 032900.235 INFO             PET2 !!!     THIS MAY CAUSE SLOWDOWN IN PERFORMANCE     !!!
20241002 032900.235 INFO             PET2 !!! FOR PRODUCTION RUNS, USE:                      !!!
20241002 032900.235 INFO             PET2 !!!                   ESMF_LOGKIND_Multi_On_Error  !!!
20241002 032900.235 INFO             PET2 !!!!!!!!!!!!!!!!!!!!!!!!!!!!!!!!!!!!!!!!!!!!!!!!!!!!!!
20241002 032900.235 INFO             PET2 Running with ESMF Version   : v8.7.0b14-1-g2597b0a993
20241002 032900.235 INFO             PET2 ESMF library build date/time: "Oct  2 2024" "02:33:42"
20241002 032900.235 INFO             PET2 ESMF library build location : /work/noaa/da/mpotts/sandbox/gfortran_12.2.0_openmpi_g_release_8.7.0/esmf
20241002 032900.235 INFO             PET2 ESMF_COMM                   : openmpi
20241002 032900.235 INFO             PET2 ESMF_MOAB                   : enabled
20241002 032900.235 INFO             PET2 ESMF_LAPACK                 : enabled
20241002 032900.235 INFO             PET2 ESMF_NETCDF                 : disabled
20241002 032900.235 INFO             PET2 ESMF_PNETCDF                : disabled
20241002 032900.235 INFO             PET2 ESMF_PIO                    : disabled
20241002 032900.235 INFO             PET2 ESMF_YAMLCPP                : enabled
20241002 032900.473 DEBUG            PET2 about to destroy Grid: 0x197a110
20241002 032900.510 DEBUG            PET2 about to destroy Grid: 0x197c480
20241002 032900.607 INFO             PET2  NUMBER_OF_PROCESSORS           4
20241002 032900.607 INFO             PET2  PASS  Example ESMF_NUOPCAtmModelEx, ESMF_NUOPCAtmModelEx.F90, line 806
20241002 032900.607 INFO             PET2  Finalizing ESMF
20241002 032900.235 INFO             PET3 !!!!!!!!!!!!!!!!!!!!!!!!!!!!!!!!!!!!!!!!!!!!!!!!!!!!!!
20241002 032900.235 INFO             PET3 !!! THE ESMF_LOG IS SET TO OUTPUT ALL LOG MESSAGES !!!
20241002 032900.235 INFO             PET3 !!!     THIS MAY CAUSE SLOWDOWN IN PERFORMANCE     !!!
20241002 032900.235 INFO             PET3 !!! FOR PRODUCTION RUNS, USE:                      !!!
20241002 032900.235 INFO             PET3 !!!                   ESMF_LOGKIND_Multi_On_Error  !!!
20241002 032900.235 INFO             PET3 !!!!!!!!!!!!!!!!!!!!!!!!!!!!!!!!!!!!!!!!!!!!!!!!!!!!!!
20241002 032900.235 INFO             PET3 Running with ESMF Version   : v8.7.0b14-1-g2597b0a993
20241002 032900.235 INFO             PET3 ESMF library build date/time: "Oct  2 2024" "02:33:42"
20241002 032900.235 INFO             PET3 ESMF library build location : /work/noaa/da/mpotts/sandbox/gfortran_12.2.0_openmpi_g_release_8.7.0/esmf
20241002 032900.235 INFO             PET3 ESMF_COMM                   : openmpi
20241002 032900.235 INFO             PET3 ESMF_MOAB                   : enabled
20241002 032900.235 INFO             PET3 ESMF_LAPACK                 : enabled
20241002 032900.235 INFO             PET3 ESMF_NETCDF                 : disabled
20241002 032900.235 INFO             PET3 ESMF_PNETCDF                : disabled
20241002 032900.235 INFO             PET3 ESMF_PIO                    : disabled
20241002 032900.235 INFO             PET3 ESMF_YAMLCPP                : enabled
20241002 032900.473 DEBUG            PET3 about to destroy Grid: 0x13eaf50
20241002 032900.510 DEBUG            PET3 about to destroy Grid: 0x13ed1b0
20241002 032900.607 INFO             PET3  NUMBER_OF_PROCESSORS           4
20241002 032900.607 INFO             PET3  PASS  Example ESMF_NUOPCAtmModelEx, ESMF_NUOPCAtmModelEx.F90, line 806
20241002 032900.607 INFO             PET3  Finalizing ESMF
