 
Installing ESMF:
 
mkdir -p /project/esmf/sacks/esmf-testing/gfortran_11.2.0_mpiuni_g_develop/esmf/DEFAULTINSTALLDIR/include
cp -f /project/esmf/sacks/esmf-testing/gfortran_11.2.0_mpiuni_g_develop/esmf/src/include/NUOPC.h /project/esmf/sacks/esmf-testing/gfortran_11.2.0_mpiuni_g_develop/esmf/DEFAULTINSTALLDIR/include
cp -f /project/esmf/sacks/esmf-testing/gfortran_11.2.0_mpiuni_g_develop/esmf/src/include/ESMC.h /project/esmf/sacks/esmf-testing/gfortran_11.2.0_mpiuni_g_develop/esmf/DEFAULTINSTALLDIR/include
cp -f /project/esmf/sacks/esmf-testing/gfortran_11.2.0_mpiuni_g_develop/esmf/src/include/ESMC_*.h /project/esmf/sacks/esmf-testing/gfortran_11.2.0_mpiuni_g_develop/esmf/DEFAULTINSTALLDIR/include
cp -f /project/esmf/sacks/esmf-testing/gfortran_11.2.0_mpiuni_g_develop/esmf/build_config/Darwin.gfortran.default/ESMC_Conf.h /project/esmf/sacks/esmf-testing/gfortran_11.2.0_mpiuni_g_develop/esmf/DEFAULTINSTALLDIR/include
cp -fr /project/esmf/sacks/esmf-testing/gfortran_11.2.0_mpiuni_g_develop/esmf/src/addon/ESMX /project/esmf/sacks/esmf-testing/gfortran_11.2.0_mpiuni_g_develop/esmf/DEFAULTINSTALLDIR/include
mkdir -p /project/esmf/sacks/esmf-testing/gfortran_11.2.0_mpiuni_g_develop/esmf/DEFAULTINSTALLDIR/cmake
cp -f /project/esmf/sacks/esmf-testing/gfortran_11.2.0_mpiuni_g_develop/esmf/cmake/*.cmake /project/esmf/sacks/esmf-testing/gfortran_11.2.0_mpiuni_g_develop/esmf/DEFAULTINSTALLDIR/cmake
mkdir -p /project/esmf/sacks/esmf-testing/gfortran_11.2.0_mpiuni_g_develop/esmf/DEFAULTINSTALLDIR/mod/modg/Darwin.gfortran.64.mpiuni.default
cp -f /project/esmf/sacks/esmf-testing/gfortran_11.2.0_mpiuni_g_develop/esmf/mod/modg/Darwin.gfortran.64.mpiuni.default/*.mod /project/esmf/sacks/esmf-testing/gfortran_11.2.0_mpiuni_g_develop/esmf/DEFAULTINSTALLDIR/mod/modg/Darwin.gfortran.64.mpiuni.default
mkdir -p /project/esmf/sacks/esmf-testing/gfortran_11.2.0_mpiuni_g_develop/esmf/DEFAULTINSTALLDIR/lib/libg/Darwin.gfortran.64.mpiuni.default
cp -f /project/esmf/sacks/esmf-testing/gfortran_11.2.0_mpiuni_g_develop/esmf/lib/libg/Darwin.gfortran.64.mpiuni.default/libesmf*.* /project/esmf/sacks/esmf-testing/gfortran_11.2.0_mpiuni_g_develop/esmf/DEFAULTINSTALLDIR/lib/libg/Darwin.gfortran.64.mpiuni.default
cp -f /project/esmf/sacks/esmf-testing/gfortran_11.2.0_mpiuni_g_develop/esmf/lib/libg/Darwin.gfortran.64.mpiuni.default/libpioc.* /project/esmf/sacks/esmf-testing/gfortran_11.2.0_mpiuni_g_develop/esmf/DEFAULTINSTALLDIR/lib/libg/Darwin.gfortran.64.mpiuni.default
/Library/Developer/CommandLineTools/usr/bin/make ESMF_PRELOADDIR=/project/esmf/sacks/esmf-testing/gfortran_11.2.0_mpiuni_g_develop/esmf/DEFAULTINSTALLDIR/lib/libg/Darwin.gfortran.64.mpiuni.default build_preload_script
chmod 755 /project/esmf/sacks/esmf-testing/gfortran_11.2.0_mpiuni_g_develop/esmf/DEFAULTINSTALLDIR/lib/libg/Darwin.gfortran.64.mpiuni.default/preload.sh
ranlib /project/esmf/sacks/esmf-testing/gfortran_11.2.0_mpiuni_g_develop/esmf/DEFAULTINSTALLDIR/lib/libg/Darwin.gfortran.64.mpiuni.default/libesmf*.a
/Library/Developer/CommandLineTools/usr/bin/ranlib: file: /project/esmf/sacks/esmf-testing/gfortran_11.2.0_mpiuni_g_develop/esmf/DEFAULTINSTALLDIR/lib/libg/Darwin.gfortran.64.mpiuni.default/libesmf.a(ESMF.o) has no symbols
/Library/Developer/CommandLineTools/usr/bin/ranlib: file: /project/esmf/sacks/esmf-testing/gfortran_11.2.0_mpiuni_g_develop/esmf/DEFAULTINSTALLDIR/lib/libg/Darwin.gfortran.64.mpiuni.default/libesmf.a(ESMF_LocalArray.o) has no symbols
/Library/Developer/CommandLineTools/usr/bin/ranlib: file: /project/esmf/sacks/esmf-testing/gfortran_11.2.0_mpiuni_g_develop/esmf/DEFAULTINSTALLDIR/lib/libg/Darwin.gfortran.64.mpiuni.default/libesmf.a(ESMF_LogPublic.o) has no symbols
/Library/Developer/CommandLineTools/usr/bin/ranlib: file: /project/esmf/sacks/esmf-testing/gfortran_11.2.0_mpiuni_g_develop/esmf/DEFAULTINSTALLDIR/lib/libg/Darwin.gfortran.64.mpiuni.default/libesmf.a(ESMF_State.o) has no symbols
/Library/Developer/CommandLineTools/usr/bin/ranlib: file: /project/esmf/sacks/esmf-testing/gfortran_11.2.0_mpiuni_g_develop/esmf/DEFAULTINSTALLDIR/lib/libg/Darwin.gfortran.64.mpiuni.default/libesmf.a(NUOPC.o) has no symbols
/Library/Developer/CommandLineTools/usr/bin/ranlib: file: /project/esmf/sacks/esmf-testing/gfortran_11.2.0_mpiuni_g_develop/esmf/DEFAULTINSTALLDIR/lib/libg/Darwin.gfortran.64.mpiuni.default/libesmf.a(phg_comm.o) has no symbols
/Library/Developer/CommandLineTools/usr/bin/ranlib: file: /project/esmf/sacks/esmf-testing/gfortran_11.2.0_mpiuni_g_develop/esmf/DEFAULTINSTALLDIR/lib/libg/Darwin.gfortran.64.mpiuni.default/libesmftrace_static.a(wrappers_mpi.o) has no symbols
/Library/Developer/CommandLineTools/usr/bin/make install_apps
mkdir -p /project/esmf/sacks/esmf-testing/gfortran_11.2.0_mpiuni_g_develop/esmf/DEFAULTINSTALLDIR/bin/bing/Darwin.gfortran.64.mpiuni.default
/Library/Developer/CommandLineTools/usr/bin/make build_apps ESMF_APPSDIR=/project/esmf/sacks/esmf-testing/gfortran_11.2.0_mpiuni_g_develop/esmf/DEFAULTINSTALLDIR/bin/bing/Darwin.gfortran.64.mpiuni.default ESMF_LDIR=/project/esmf/sacks/esmf-testing/gfortran_11.2.0_mpiuni_g_develop/esmf/DEFAULTINSTALLDIR/lib/libg/Darwin.gfortran.64.mpiuni.default ESMF_LIBDIR=/project/esmf/sacks/esmf-testing/gfortran_11.2.0_mpiuni_g_develop/esmf/DEFAULTINSTALLDIR/lib/libg/Darwin.gfortran.64.mpiuni.default ESMF_MODDIR=/project/esmf/sacks/esmf-testing/gfortran_11.2.0_mpiuni_g_develop/esmf/DEFAULTINSTALLDIR/mod/modg/Darwin.gfortran.64.mpiuni.default
cd /project/esmf/sacks/esmf-testing/gfortran_11.2.0_mpiuni_g_develop/esmf/src/apps; /Library/Developer/CommandLineTools/usr/bin/make ACTION=tree_build_apps tree
tree_build_apps in: /project/esmf/sacks/esmf-testing/gfortran_11.2.0_mpiuni_g_develop/esmf/src/apps/ESMF_PrintInfo
/Library/Developer/CommandLineTools/usr/bin/make chkdir_locobj
Making directory /project/esmf/sacks/esmf-testing/gfortran_11.2.0_mpiuni_g_develop/esmf/obj/objg/Darwin.gfortran.64.mpiuni.default/src/apps/ESMF_PrintInfo for apps output
gfortran -c -g -Wall -Wextra -Wconversion -Wno-unused -Wno-unused-dummy-argument -fbacktrace -fimplicit-none -fcheck=all,no-pointer -fPIC  -m64 -mcmodel=small -pthread -ffree-line-length-none  -fopenmp -I/project/esmf/sacks/esmf-testing/gfortran_11.2.0_mpiuni_g_develop/esmf/src/apps/ESMF_PrintInfo -I/project/esmf/sacks/esmf-testing/gfortran_11.2.0_mpiuni_g_develop/esmf/build_config/Darwin.gfortran.default -I/project/esmf/sacks/esmf-testing/gfortran_11.2.0_mpiuni_g_develop/esmf/src/Infrastructure -I/project/esmf/sacks/esmf-testing/gfortran_11.2.0_mpiuni_g_develop/esmf/src/Superstructure -I/project/esmf/sacks/esmf-testing/gfortran_11.2.0_mpiuni_g_develop/esmf/DEFAULTINSTALLDIR/mod/modg/Darwin.gfortran.64.mpiuni.default -I/project/esmf/sacks/esmf-testing/gfortran_11.2.0_mpiuni_g_develop/esmf/src/include -I/project/esmf/stack/install/gcc/11.2.0/netcdf/4.7.4/include -I/project/esmf/stack/install/gcc/11.2.0/netcdf/4.7.4/include  -DESMF_NO_INTEGER_1_BYTE -DESMF_NO_INTEGER_2_BYTE -DESMF_VERSION_STRING_GIT='"v8.7.0b13-12-g9379ba6a7e"' -DESMF_MPIUNI -I/project/esmf/sacks/esmf-testing/gfortran_11.2.0_mpiuni_g_develop/esmf/src/Infrastructure/stubs/mpiuni -DESMF_LOWERCASE_SINGLEUNDERSCORE -DESMF_MOAB=1 -DESMF_LAPACK=1 -DESMF_LAPACK_INTERNAL=1 -DESMF_NO_ACC_SOFTWARE_STACK=1 -DESMF_NETCDF=1 -DESMF_YAMLCPP=1 -DESMF_YAML=1 -DESMF_PIO=1 -DESMF_NO_OPENACC -DESMF_TESTEXHAUSTIVE -DESMF_BOPT_g -DESMF_TESTPERFORMANCE -DESMF_TESTCOMPTUNNEL -DESMF_TESTWITHTHREADS -DSx86_64_small=1 -DESMF_OS_Darwin=1 -DESMF_COMM=mpiuni -DESMF_DIR=/project/esmf/sacks/esmf-testing/gfortran_11.2.0_mpiuni_g_develop/esmf ESMF_PrintInfo.F90 -o /project/esmf/sacks/esmf-testing/gfortran_11.2.0_mpiuni_g_develop/esmf/obj/objg/Darwin.gfortran.64.mpiuni.default/src/apps/ESMF_PrintInfo/ESMF_PrintInfo.o
/Library/Developer/CommandLineTools/usr/bin/make chkdir_apps
gfortran     -m64 -mcmodel=small -pthread  -fopenmp -L/project/esmf/sacks/esmf-testing/gfortran_11.2.0_mpiuni_g_develop/esmf/DEFAULTINSTALLDIR/lib/libg/Darwin.gfortran.64.mpiuni.default -L/project/esmf/stack/install/gcc/11.2.0/netcdf/4.7.4/lib -L/project/esmf/stack/install/gcc/11.2.0/netcdf/4.7.4/lib -L/opt/local/lib/gcc11/gcc/x86_64-apple-darwin21/11.2.0/../../../  -o /project/esmf/sacks/esmf-testing/gfortran_11.2.0_mpiuni_g_develop/esmf/DEFAULTINSTALLDIR/bin/bing/Darwin.gfortran.64.mpiuni.default/ESMF_PrintInfo /project/esmf/sacks/esmf-testing/gfortran_11.2.0_mpiuni_g_develop/esmf/obj/objg/Darwin.gfortran.64.mpiuni.default/src/apps/ESMF_PrintInfo/ESMF_PrintInfo.o -lesmf  -lstdc++ -lnetcdf -lnetcdff -lpioc
ld: warning: object file (/project/esmf/sacks/esmf-testing/gfortran_11.2.0_mpiuni_g_develop/esmf/DEFAULTINSTALLDIR/lib/libg/Darwin.gfortran.64.mpiuni.default/libpioc.a(topology.c.o)) was built for newer macOS version (12.7) than being linked (12.5)
ld: warning: object file (/project/esmf/sacks/esmf-testing/gfortran_11.2.0_mpiuni_g_develop/esmf/DEFAULTINSTALLDIR/lib/libg/Darwin.gfortran.64.mpiuni.default/libpioc.a(pio_file.c.o)) was built for newer macOS version (12.7) than being linked (12.5)
ld: warning: object file (/project/esmf/sacks/esmf-testing/gfortran_11.2.0_mpiuni_g_develop/esmf/DEFAULTINSTALLDIR/lib/libg/Darwin.gfortran.64.mpiuni.default/libpioc.a(pioc_support.c.o)) was built for newer macOS version (12.7) than being linked (12.5)
ld: warning: object file (/project/esmf/sacks/esmf-testing/gfortran_11.2.0_mpiuni_g_develop/esmf/DEFAULTINSTALLDIR/lib/libg/Darwin.gfortran.64.mpiuni.default/libpioc.a(pio_lists.c.o)) was built for newer macOS version (12.7) than being linked (12.5)
ld: warning: object file (/project/esmf/sacks/esmf-testing/gfortran_11.2.0_mpiuni_g_develop/esmf/DEFAULTINSTALLDIR/lib/libg/Darwin.gfortran.64.mpiuni.default/libpioc.a(pioc.c.o)) was built for newer macOS version (12.7) than being linked (12.5)
ld: warning: object file (/project/esmf/sacks/esmf-testing/gfortran_11.2.0_mpiuni_g_develop/esmf/DEFAULTINSTALLDIR/lib/libg/Darwin.gfortran.64.mpiuni.default/libpioc.a(pioc_sc.c.o)) was built for newer macOS version (12.7) than being linked (12.5)
ld: warning: object file (/project/esmf/sacks/esmf-testing/gfortran_11.2.0_mpiuni_g_develop/esmf/DEFAULTINSTALLDIR/lib/libg/Darwin.gfortran.64.mpiuni.default/libpioc.a(pio_spmd.c.o)) was built for newer macOS version (12.7) than being linked (12.5)
ld: warning: object file (/project/esmf/sacks/esmf-testing/gfortran_11.2.0_mpiuni_g_develop/esmf/DEFAULTINSTALLDIR/lib/libg/Darwin.gfortran.64.mpiuni.default/libpioc.a(pio_rearrange.c.o)) was built for newer macOS version (12.7) than being linked (12.5)
ld: warning: object file (/project/esmf/sacks/esmf-testing/gfortran_11.2.0_mpiuni_g_develop/esmf/DEFAULTINSTALLDIR/lib/libg/Darwin.gfortran.64.mpiuni.default/libpioc.a(pio_nc4.c.o)) was built for newer macOS version (12.7) than being linked (12.5)
ld: warning: object file (/project/esmf/sacks/esmf-testing/gfortran_11.2.0_mpiuni_g_develop/esmf/DEFAULTINSTALLDIR/lib/libg/Darwin.gfortran.64.mpiuni.default/libpioc.a(pioc_async.c.o)) was built for newer macOS version (12.7) than being linked (12.5)
ld: warning: object file (/project/esmf/sacks/esmf-testing/gfortran_11.2.0_mpiuni_g_develop/esmf/DEFAULTINSTALLDIR/lib/libg/Darwin.gfortran.64.mpiuni.default/libpioc.a(pio_nc.c.o)) was built for newer macOS version (12.7) than being linked (12.5)
ld: warning: object file (/project/esmf/sacks/esmf-testing/gfortran_11.2.0_mpiuni_g_develop/esmf/DEFAULTINSTALLDIR/lib/libg/Darwin.gfortran.64.mpiuni.default/libpioc.a(pio_put_nc.c.o)) was built for newer macOS version (12.7) than being linked (12.5)
ld: warning: object file (/project/esmf/sacks/esmf-testing/gfortran_11.2.0_mpiuni_g_develop/esmf/DEFAULTINSTALLDIR/lib/libg/Darwin.gfortran.64.mpiuni.default/libpioc.a(pio_get_nc.c.o)) was built for newer macOS version (12.7) than being linked (12.5)
ld: warning: object file (/project/esmf/sacks/esmf-testing/gfortran_11.2.0_mpiuni_g_develop/esmf/DEFAULTINSTALLDIR/lib/libg/Darwin.gfortran.64.mpiuni.default/libpioc.a(pio_getput_int.c.o)) was built for newer macOS version (12.7) than being linked (12.5)
ld: warning: object file (/project/esmf/sacks/esmf-testing/gfortran_11.2.0_mpiuni_g_develop/esmf/DEFAULTINSTALLDIR/lib/libg/Darwin.gfortran.64.mpiuni.default/libpioc.a(pio_msg.c.o)) was built for newer macOS version (12.7) than being linked (12.5)
ld: warning: object file (/project/esmf/sacks/esmf-testing/gfortran_11.2.0_mpiuni_g_develop/esmf/DEFAULTINSTALLDIR/lib/libg/Darwin.gfortran.64.mpiuni.default/libpioc.a(pio_darray.c.o)) was built for newer macOS version (12.7) than being linked (12.5)
ld: warning: object file (/project/esmf/sacks/esmf-testing/gfortran_11.2.0_mpiuni_g_develop/esmf/DEFAULTINSTALLDIR/lib/libg/Darwin.gfortran.64.mpiuni.default/libpioc.a(pio_darray_int.c.o)) was built for newer macOS version (12.7) than being linked (12.5)
ld: warning: object file (/project/esmf/sacks/esmf-testing/gfortran_11.2.0_mpiuni_g_develop/esmf/DEFAULTINSTALLDIR/lib/libg/Darwin.gfortran.64.mpiuni.default/libpioc.a(pio_get_vard.c.o)) was built for newer macOS version (12.7) than being linked (12.5)
ld: warning: object file (/project/esmf/sacks/esmf-testing/gfortran_11.2.0_mpiuni_g_develop/esmf/DEFAULTINSTALLDIR/lib/libg/Darwin.gfortran.64.mpiuni.default/libpioc.a(pio_put_vard.c.o)) was built for newer macOS version (12.7) than being linked (12.5)
ld: warning: object file (/project/esmf/sacks/esmf-testing/gfortran_11.2.0_mpiuni_g_develop/esmf/DEFAULTINSTALLDIR/lib/libg/Darwin.gfortran.64.mpiuni.default/libpioc.a(pio_error.c.o)) was built for newer macOS version (12.7) than being linked (12.5)
ld: warning: object file (/project/esmf/sacks/esmf-testing/gfortran_11.2.0_mpiuni_g_develop/esmf/DEFAULTINSTALLDIR/lib/libg/Darwin.gfortran.64.mpiuni.default/libpioc.a(parallel_sort.c.o)) was built for newer macOS version (12.7) than being linked (12.5)
tree_build_apps in: /project/esmf/sacks/esmf-testing/gfortran_11.2.0_mpiuni_g_develop/esmf/src/apps/ESMF_PrintInfoC
/Library/Developer/CommandLineTools/usr/bin/make chkdir_locobj
Making directory /project/esmf/sacks/esmf-testing/gfortran_11.2.0_mpiuni_g_develop/esmf/obj/objg/Darwin.gfortran.64.mpiuni.default/src/apps/ESMF_PrintInfoC for apps output
gcc -c -std=c99 -g -fPIC  -fopenmp -I/project/esmf/sacks/esmf-testing/gfortran_11.2.0_mpiuni_g_develop/esmf/src/apps/ESMF_PrintInfoC -I/project/esmf/sacks/esmf-testing/gfortran_11.2.0_mpiuni_g_develop/esmf/src/apps/ESMF_PrintInfoC/../include -I/project/esmf/sacks/esmf-testing/gfortran_11.2.0_mpiuni_g_develop/esmf/build_config/Darwin.gfortran.default -I/project/esmf/sacks/esmf-testing/gfortran_11.2.0_mpiuni_g_develop/esmf/src/Infrastructure -I/project/esmf/sacks/esmf-testing/gfortran_11.2.0_mpiuni_g_develop/esmf/src/Superstructure  -I/project/esmf/sacks/esmf-testing/gfortran_11.2.0_mpiuni_g_develop/esmf/src/include   -DESMF_NO_INTEGER_1_BYTE -DESMF_NO_INTEGER_2_BYTE -DESMF_VERSION_STRING_GIT='"v8.7.0b13-12-g9379ba6a7e"' -DESMF_MPIUNI -I/project/esmf/sacks/esmf-testing/gfortran_11.2.0_mpiuni_g_develop/esmf/src/Infrastructure/stubs/mpiuni -DESMF_LOWERCASE_SINGLEUNDERSCORE -DESMF_MOAB=1 -DESMF_LAPACK=1 -DESMF_LAPACK_INTERNAL=1 -DESMF_NO_ACC_SOFTWARE_STACK=1 -DESMF_NETCDF=1 -DESMF_YAMLCPP=1 -DESMF_YAML=1 -DESMF_PIO=1 -DESMF_NO_OPENACC -DESMF_TESTEXHAUSTIVE -DESMF_BOPT_g -DESMF_TESTPERFORMANCE -DESMF_TESTCOMPTUNNEL -DESMF_TESTWITHTHREADS -DSx86_64_small=1 -DESMF_OS_Darwin=1 -DESMF_COMM=mpiuni -DESMF_DIR=/project/esmf/sacks/esmf-testing/gfortran_11.2.0_mpiuni_g_develop/esmf -D__SDIR__='"src/apps/ESMF_PrintInfoC"' -DESMF_CSTD=99 ESMF_PrintInfoC.c -o /project/esmf/sacks/esmf-testing/gfortran_11.2.0_mpiuni_g_develop/esmf/obj/objg/Darwin.gfortran.64.mpiuni.default/src/apps/ESMF_PrintInfoC/ESMF_PrintInfoC.o
/Library/Developer/CommandLineTools/usr/bin/make chkdir_apps
gcc     -fopenmp -L/project/esmf/sacks/esmf-testing/gfortran_11.2.0_mpiuni_g_develop/esmf/DEFAULTINSTALLDIR/lib/libg/Darwin.gfortran.64.mpiuni.default -L/project/esmf/stack/install/gcc/11.2.0/netcdf/4.7.4/lib -L/project/esmf/stack/install/gcc/11.2.0/netcdf/4.7.4/lib -L/opt/local/lib/gcc11/gcc/x86_64-apple-darwin21/11.2.0/../../../ -L/project/esmf/sacks/esmf-testing/gfortran_11.2.0_mpiuni_g_develop/esmf/DEFAULTINSTALLDIR/lib/libg/Darwin.gfortran.64.mpiuni.default -L/project/esmf/stack/install/gcc/11.2.0/netcdf/4.7.4/lib -L/project/esmf/stack/install/gcc/11.2.0/netcdf/4.7.4/lib -L/opt/local/lib/gcc11/gcc/x86_64-apple-darwin21/11.2.0/../../../  -o /project/esmf/sacks/esmf-testing/gfortran_11.2.0_mpiuni_g_develop/esmf/DEFAULTINSTALLDIR/bin/bing/Darwin.gfortran.64.mpiuni.default/ESMF_PrintInfoC /project/esmf/sacks/esmf-testing/gfortran_11.2.0_mpiuni_g_develop/esmf/obj/objg/Darwin.gfortran.64.mpiuni.default/src/apps/ESMF_PrintInfoC/ESMF_PrintInfoC.o -lesmf  -lgfortran -lnetcdf -lnetcdff -lpioc  -lstdc++ -lnetcdf -lnetcdff -lpioc
ld: warning: object file (/project/esmf/sacks/esmf-testing/gfortran_11.2.0_mpiuni_g_develop/esmf/DEFAULTINSTALLDIR/lib/libg/Darwin.gfortran.64.mpiuni.default/libpioc.a(topology.c.o)) was built for newer macOS version (12.7) than being linked (12.5)
ld: warning: object file (/project/esmf/sacks/esmf-testing/gfortran_11.2.0_mpiuni_g_develop/esmf/DEFAULTINSTALLDIR/lib/libg/Darwin.gfortran.64.mpiuni.default/libpioc.a(pio_file.c.o)) was built for newer macOS version (12.7) than being linked (12.5)
ld: warning: object file (/project/esmf/sacks/esmf-testing/gfortran_11.2.0_mpiuni_g_develop/esmf/DEFAULTINSTALLDIR/lib/libg/Darwin.gfortran.64.mpiuni.default/libpioc.a(pioc_support.c.o)) was built for newer macOS version (12.7) than being linked (12.5)
ld: warning: object file (/project/esmf/sacks/esmf-testing/gfortran_11.2.0_mpiuni_g_develop/esmf/DEFAULTINSTALLDIR/lib/libg/Darwin.gfortran.64.mpiuni.default/libpioc.a(pio_lists.c.o)) was built for newer macOS version (12.7) than being linked (12.5)
ld: warning: object file (/project/esmf/sacks/esmf-testing/gfortran_11.2.0_mpiuni_g_develop/esmf/DEFAULTINSTALLDIR/lib/libg/Darwin.gfortran.64.mpiuni.default/libpioc.a(pioc.c.o)) was built for newer macOS version (12.7) than being linked (12.5)
ld: warning: object file (/project/esmf/sacks/esmf-testing/gfortran_11.2.0_mpiuni_g_develop/esmf/DEFAULTINSTALLDIR/lib/libg/Darwin.gfortran.64.mpiuni.default/libpioc.a(pioc_sc.c.o)) was built for newer macOS version (12.7) than being linked (12.5)
ld: warning: object file (/project/esmf/sacks/esmf-testing/gfortran_11.2.0_mpiuni_g_develop/esmf/DEFAULTINSTALLDIR/lib/libg/Darwin.gfortran.64.mpiuni.default/libpioc.a(pio_spmd.c.o)) was built for newer macOS version (12.7) than being linked (12.5)
ld: warning: object file (/project/esmf/sacks/esmf-testing/gfortran_11.2.0_mpiuni_g_develop/esmf/DEFAULTINSTALLDIR/lib/libg/Darwin.gfortran.64.mpiuni.default/libpioc.a(pio_rearrange.c.o)) was built for newer macOS version (12.7) than being linked (12.5)
ld: warning: object file (/project/esmf/sacks/esmf-testing/gfortran_11.2.0_mpiuni_g_develop/esmf/DEFAULTINSTALLDIR/lib/libg/Darwin.gfortran.64.mpiuni.default/libpioc.a(pio_nc4.c.o)) was built for newer macOS version (12.7) than being linked (12.5)
ld: warning: object file (/project/esmf/sacks/esmf-testing/gfortran_11.2.0_mpiuni_g_develop/esmf/DEFAULTINSTALLDIR/lib/libg/Darwin.gfortran.64.mpiuni.default/libpioc.a(pioc_async.c.o)) was built for newer macOS version (12.7) than being linked (12.5)
ld: warning: object file (/project/esmf/sacks/esmf-testing/gfortran_11.2.0_mpiuni_g_develop/esmf/DEFAULTINSTALLDIR/lib/libg/Darwin.gfortran.64.mpiuni.default/libpioc.a(pio_nc.c.o)) was built for newer macOS version (12.7) than being linked (12.5)
ld: warning: object file (/project/esmf/sacks/esmf-testing/gfortran_11.2.0_mpiuni_g_develop/esmf/DEFAULTINSTALLDIR/lib/libg/Darwin.gfortran.64.mpiuni.default/libpioc.a(pio_put_nc.c.o)) was built for newer macOS version (12.7) than being linked (12.5)
ld: warning: object file (/project/esmf/sacks/esmf-testing/gfortran_11.2.0_mpiuni_g_develop/esmf/DEFAULTINSTALLDIR/lib/libg/Darwin.gfortran.64.mpiuni.default/libpioc.a(pio_get_nc.c.o)) was built for newer macOS version (12.7) than being linked (12.5)
ld: warning: object file (/project/esmf/sacks/esmf-testing/gfortran_11.2.0_mpiuni_g_develop/esmf/DEFAULTINSTALLDIR/lib/libg/Darwin.gfortran.64.mpiuni.default/libpioc.a(pio_getput_int.c.o)) was built for newer macOS version (12.7) than being linked (12.5)
ld: warning: object file (/project/esmf/sacks/esmf-testing/gfortran_11.2.0_mpiuni_g_develop/esmf/DEFAULTINSTALLDIR/lib/libg/Darwin.gfortran.64.mpiuni.default/libpioc.a(pio_msg.c.o)) was built for newer macOS version (12.7) than being linked (12.5)
ld: warning: object file (/project/esmf/sacks/esmf-testing/gfortran_11.2.0_mpiuni_g_develop/esmf/DEFAULTINSTALLDIR/lib/libg/Darwin.gfortran.64.mpiuni.default/libpioc.a(pio_darray.c.o)) was built for newer macOS version (12.7) than being linked (12.5)
ld: warning: object file (/project/esmf/sacks/esmf-testing/gfortran_11.2.0_mpiuni_g_develop/esmf/DEFAULTINSTALLDIR/lib/libg/Darwin.gfortran.64.mpiuni.default/libpioc.a(pio_darray_int.c.o)) was built for newer macOS version (12.7) than being linked (12.5)
ld: warning: object file (/project/esmf/sacks/esmf-testing/gfortran_11.2.0_mpiuni_g_develop/esmf/DEFAULTINSTALLDIR/lib/libg/Darwin.gfortran.64.mpiuni.default/libpioc.a(pio_get_vard.c.o)) was built for newer macOS version (12.7) than being linked (12.5)
ld: warning: object file (/project/esmf/sacks/esmf-testing/gfortran_11.2.0_mpiuni_g_develop/esmf/DEFAULTINSTALLDIR/lib/libg/Darwin.gfortran.64.mpiuni.default/libpioc.a(pio_put_vard.c.o)) was built for newer macOS version (12.7) than being linked (12.5)
ld: warning: object file (/project/esmf/sacks/esmf-testing/gfortran_11.2.0_mpiuni_g_develop/esmf/DEFAULTINSTALLDIR/lib/libg/Darwin.gfortran.64.mpiuni.default/libpioc.a(pio_error.c.o)) was built for newer macOS version (12.7) than being linked (12.5)
ld: warning: object file (/project/esmf/sacks/esmf-testing/gfortran_11.2.0_mpiuni_g_develop/esmf/DEFAULTINSTALLDIR/lib/libg/Darwin.gfortran.64.mpiuni.default/libpioc.a(parallel_sort.c.o)) was built for newer macOS version (12.7) than being linked (12.5)
tree_build_apps in: /project/esmf/sacks/esmf-testing/gfortran_11.2.0_mpiuni_g_develop/esmf/src/apps/ESMF_RegridWeightGen
/Library/Developer/CommandLineTools/usr/bin/make chkdir_locobj
Making directory /project/esmf/sacks/esmf-testing/gfortran_11.2.0_mpiuni_g_develop/esmf/obj/objg/Darwin.gfortran.64.mpiuni.default/src/apps/ESMF_RegridWeightGen for apps output
gfortran -c -g -Wall -Wextra -Wconversion -Wno-unused -Wno-unused-dummy-argument -fbacktrace -fimplicit-none -fcheck=all,no-pointer -fPIC  -m64 -mcmodel=small -pthread -ffree-line-length-none  -fopenmp -I/project/esmf/sacks/esmf-testing/gfortran_11.2.0_mpiuni_g_develop/esmf/src/apps/ESMF_RegridWeightGen -I/project/esmf/sacks/esmf-testing/gfortran_11.2.0_mpiuni_g_develop/esmf/build_config/Darwin.gfortran.default -I/project/esmf/sacks/esmf-testing/gfortran_11.2.0_mpiuni_g_develop/esmf/src/Infrastructure -I/project/esmf/sacks/esmf-testing/gfortran_11.2.0_mpiuni_g_develop/esmf/src/Superstructure -I/project/esmf/sacks/esmf-testing/gfortran_11.2.0_mpiuni_g_develop/esmf/DEFAULTINSTALLDIR/mod/modg/Darwin.gfortran.64.mpiuni.default -I/project/esmf/sacks/esmf-testing/gfortran_11.2.0_mpiuni_g_develop/esmf/src/include -I/project/esmf/stack/install/gcc/11.2.0/netcdf/4.7.4/include -I/project/esmf/stack/install/gcc/11.2.0/netcdf/4.7.4/include  -DESMF_NO_INTEGER_1_BYTE -DESMF_NO_INTEGER_2_BYTE -DESMF_VERSION_STRING_GIT='"v8.7.0b13-12-g9379ba6a7e"' -DESMF_MPIUNI -I/project/esmf/sacks/esmf-testing/gfortran_11.2.0_mpiuni_g_develop/esmf/src/Infrastructure/stubs/mpiuni -DESMF_LOWERCASE_SINGLEUNDERSCORE -DESMF_MOAB=1 -DESMF_LAPACK=1 -DESMF_LAPACK_INTERNAL=1 -DESMF_NO_ACC_SOFTWARE_STACK=1 -DESMF_NETCDF=1 -DESMF_YAMLCPP=1 -DESMF_YAML=1 -DESMF_PIO=1 -DESMF_NO_OPENACC -DESMF_TESTEXHAUSTIVE -DESMF_BOPT_g -DESMF_TESTPERFORMANCE -DESMF_TESTCOMPTUNNEL -DESMF_TESTWITHTHREADS -DSx86_64_small=1 -DESMF_OS_Darwin=1 -DESMF_COMM=mpiuni -DESMF_DIR=/project/esmf/sacks/esmf-testing/gfortran_11.2.0_mpiuni_g_develop/esmf ESMF_RegridWeightGen.F90 -o /project/esmf/sacks/esmf-testing/gfortran_11.2.0_mpiuni_g_develop/esmf/obj/objg/Darwin.gfortran.64.mpiuni.default/src/apps/ESMF_RegridWeightGen/ESMF_RegridWeightGen.o
/Library/Developer/CommandLineTools/usr/bin/make chkdir_apps
gfortran     -m64 -mcmodel=small -pthread  -fopenmp -L/project/esmf/sacks/esmf-testing/gfortran_11.2.0_mpiuni_g_develop/esmf/DEFAULTINSTALLDIR/lib/libg/Darwin.gfortran.64.mpiuni.default -L/project/esmf/stack/install/gcc/11.2.0/netcdf/4.7.4/lib -L/project/esmf/stack/install/gcc/11.2.0/netcdf/4.7.4/lib -L/opt/local/lib/gcc11/gcc/x86_64-apple-darwin21/11.2.0/../../../  -o /project/esmf/sacks/esmf-testing/gfortran_11.2.0_mpiuni_g_develop/esmf/DEFAULTINSTALLDIR/bin/bing/Darwin.gfortran.64.mpiuni.default/ESMF_RegridWeightGen /project/esmf/sacks/esmf-testing/gfortran_11.2.0_mpiuni_g_develop/esmf/obj/objg/Darwin.gfortran.64.mpiuni.default/src/apps/ESMF_RegridWeightGen/ESMF_RegridWeightGen.o -lesmf  -lstdc++ -lnetcdf -lnetcdff -lpioc
ld: warning: object file (/project/esmf/sacks/esmf-testing/gfortran_11.2.0_mpiuni_g_develop/esmf/DEFAULTINSTALLDIR/lib/libg/Darwin.gfortran.64.mpiuni.default/libpioc.a(topology.c.o)) was built for newer macOS version (12.7) than being linked (12.5)
ld: warning: object file (/project/esmf/sacks/esmf-testing/gfortran_11.2.0_mpiuni_g_develop/esmf/DEFAULTINSTALLDIR/lib/libg/Darwin.gfortran.64.mpiuni.default/libpioc.a(pio_file.c.o)) was built for newer macOS version (12.7) than being linked (12.5)
ld: warning: object file (/project/esmf/sacks/esmf-testing/gfortran_11.2.0_mpiuni_g_develop/esmf/DEFAULTINSTALLDIR/lib/libg/Darwin.gfortran.64.mpiuni.default/libpioc.a(pioc_support.c.o)) was built for newer macOS version (12.7) than being linked (12.5)
ld: warning: object file (/project/esmf/sacks/esmf-testing/gfortran_11.2.0_mpiuni_g_develop/esmf/DEFAULTINSTALLDIR/lib/libg/Darwin.gfortran.64.mpiuni.default/libpioc.a(pio_lists.c.o)) was built for newer macOS version (12.7) than being linked (12.5)
ld: warning: object file (/project/esmf/sacks/esmf-testing/gfortran_11.2.0_mpiuni_g_develop/esmf/DEFAULTINSTALLDIR/lib/libg/Darwin.gfortran.64.mpiuni.default/libpioc.a(pioc.c.o)) was built for newer macOS version (12.7) than being linked (12.5)
ld: warning: object file (/project/esmf/sacks/esmf-testing/gfortran_11.2.0_mpiuni_g_develop/esmf/DEFAULTINSTALLDIR/lib/libg/Darwin.gfortran.64.mpiuni.default/libpioc.a(pioc_sc.c.o)) was built for newer macOS version (12.7) than being linked (12.5)
ld: warning: object file (/project/esmf/sacks/esmf-testing/gfortran_11.2.0_mpiuni_g_develop/esmf/DEFAULTINSTALLDIR/lib/libg/Darwin.gfortran.64.mpiuni.default/libpioc.a(pio_spmd.c.o)) was built for newer macOS version (12.7) than being linked (12.5)
ld: warning: object file (/project/esmf/sacks/esmf-testing/gfortran_11.2.0_mpiuni_g_develop/esmf/DEFAULTINSTALLDIR/lib/libg/Darwin.gfortran.64.mpiuni.default/libpioc.a(pio_rearrange.c.o)) was built for newer macOS version (12.7) than being linked (12.5)
ld: warning: object file (/project/esmf/sacks/esmf-testing/gfortran_11.2.0_mpiuni_g_develop/esmf/DEFAULTINSTALLDIR/lib/libg/Darwin.gfortran.64.mpiuni.default/libpioc.a(pio_nc4.c.o)) was built for newer macOS version (12.7) than being linked (12.5)
ld: warning: object file (/project/esmf/sacks/esmf-testing/gfortran_11.2.0_mpiuni_g_develop/esmf/DEFAULTINSTALLDIR/lib/libg/Darwin.gfortran.64.mpiuni.default/libpioc.a(pioc_async.c.o)) was built for newer macOS version (12.7) than being linked (12.5)
ld: warning: object file (/project/esmf/sacks/esmf-testing/gfortran_11.2.0_mpiuni_g_develop/esmf/DEFAULTINSTALLDIR/lib/libg/Darwin.gfortran.64.mpiuni.default/libpioc.a(pio_nc.c.o)) was built for newer macOS version (12.7) than being linked (12.5)
ld: warning: object file (/project/esmf/sacks/esmf-testing/gfortran_11.2.0_mpiuni_g_develop/esmf/DEFAULTINSTALLDIR/lib/libg/Darwin.gfortran.64.mpiuni.default/libpioc.a(pio_put_nc.c.o)) was built for newer macOS version (12.7) than being linked (12.5)
ld: warning: object file (/project/esmf/sacks/esmf-testing/gfortran_11.2.0_mpiuni_g_develop/esmf/DEFAULTINSTALLDIR/lib/libg/Darwin.gfortran.64.mpiuni.default/libpioc.a(pio_get_nc.c.o)) was built for newer macOS version (12.7) than being linked (12.5)
ld: warning: object file (/project/esmf/sacks/esmf-testing/gfortran_11.2.0_mpiuni_g_develop/esmf/DEFAULTINSTALLDIR/lib/libg/Darwin.gfortran.64.mpiuni.default/libpioc.a(pio_getput_int.c.o)) was built for newer macOS version (12.7) than being linked (12.5)
ld: warning: object file (/project/esmf/sacks/esmf-testing/gfortran_11.2.0_mpiuni_g_develop/esmf/DEFAULTINSTALLDIR/lib/libg/Darwin.gfortran.64.mpiuni.default/libpioc.a(pio_msg.c.o)) was built for newer macOS version (12.7) than being linked (12.5)
ld: warning: object file (/project/esmf/sacks/esmf-testing/gfortran_11.2.0_mpiuni_g_develop/esmf/DEFAULTINSTALLDIR/lib/libg/Darwin.gfortran.64.mpiuni.default/libpioc.a(pio_darray.c.o)) was built for newer macOS version (12.7) than being linked (12.5)
ld: warning: object file (/project/esmf/sacks/esmf-testing/gfortran_11.2.0_mpiuni_g_develop/esmf/DEFAULTINSTALLDIR/lib/libg/Darwin.gfortran.64.mpiuni.default/libpioc.a(pio_darray_int.c.o)) was built for newer macOS version (12.7) than being linked (12.5)
ld: warning: object file (/project/esmf/sacks/esmf-testing/gfortran_11.2.0_mpiuni_g_develop/esmf/DEFAULTINSTALLDIR/lib/libg/Darwin.gfortran.64.mpiuni.default/libpioc.a(pio_get_vard.c.o)) was built for newer macOS version (12.7) than being linked (12.5)
ld: warning: object file (/project/esmf/sacks/esmf-testing/gfortran_11.2.0_mpiuni_g_develop/esmf/DEFAULTINSTALLDIR/lib/libg/Darwin.gfortran.64.mpiuni.default/libpioc.a(pio_put_vard.c.o)) was built for newer macOS version (12.7) than being linked (12.5)
ld: warning: object file (/project/esmf/sacks/esmf-testing/gfortran_11.2.0_mpiuni_g_develop/esmf/DEFAULTINSTALLDIR/lib/libg/Darwin.gfortran.64.mpiuni.default/libpioc.a(pio_error.c.o)) was built for newer macOS version (12.7) than being linked (12.5)
ld: warning: object file (/project/esmf/sacks/esmf-testing/gfortran_11.2.0_mpiuni_g_develop/esmf/DEFAULTINSTALLDIR/lib/libg/Darwin.gfortran.64.mpiuni.default/libpioc.a(parallel_sort.c.o)) was built for newer macOS version (12.7) than being linked (12.5)
tree_build_apps in: /project/esmf/sacks/esmf-testing/gfortran_11.2.0_mpiuni_g_develop/esmf/src/apps/ESMF_WebServController
/Library/Developer/CommandLineTools/usr/bin/make chkdir_locobj
Making directory /project/esmf/sacks/esmf-testing/gfortran_11.2.0_mpiuni_g_develop/esmf/obj/objg/Darwin.gfortran.64.mpiuni.default/src/apps/ESMF_WebServController for apps output
g++ -c -std=c++11 -g -Wall -Wextra -Wno-unused -fPIC -m64 -mcmodel=small -pthread  -fopenmp -I/project/esmf/sacks/esmf-testing/gfortran_11.2.0_mpiuni_g_develop/esmf/src/apps/ESMF_WebServController -I/project/esmf/sacks/esmf-testing/gfortran_11.2.0_mpiuni_g_develop/esmf/src/apps/ESMF_WebServController/../include -I/project/esmf/sacks/esmf-testing/gfortran_11.2.0_mpiuni_g_develop/esmf/build_config/Darwin.gfortran.default -I/project/esmf/sacks/esmf-testing/gfortran_11.2.0_mpiuni_g_develop/esmf/src/Infrastructure -I/project/esmf/sacks/esmf-testing/gfortran_11.2.0_mpiuni_g_develop/esmf/src/Superstructure -I/project/esmf/sacks/esmf-testing/gfortran_11.2.0_mpiuni_g_develop/esmf/src/Infrastructure/stubs/pthread  -I/project/esmf/sacks/esmf-testing/gfortran_11.2.0_mpiuni_g_develop/esmf/src/include  -I/project/esmf/stack/install/gcc/11.2.0/netcdf/4.7.4/include -I/project/esmf/sacks/esmf-testing/gfortran_11.2.0_mpiuni_g_develop/esmf/src/prologue/yaml-cpp/include -DESMF_NO_INTEGER_1_BYTE -DESMF_NO_INTEGER_2_BYTE -DESMF_VERSION_STRING_GIT='"v8.7.0b13-12-g9379ba6a7e"' -DESMF_MPIUNI -I/project/esmf/sacks/esmf-testing/gfortran_11.2.0_mpiuni_g_develop/esmf/src/Infrastructure/stubs/mpiuni -DESMF_LOWERCASE_SINGLEUNDERSCORE -DESMF_MOAB=1 -DESMF_LAPACK=1 -DESMF_LAPACK_INTERNAL=1 -DESMF_NO_ACC_SOFTWARE_STACK=1 -DESMF_NETCDF=1 -DESMF_YAMLCPP=1 -DESMF_YAML=1 -DESMF_PIO=1 -DESMF_NO_OPENACC -DESMF_TESTEXHAUSTIVE -DESMF_BOPT_g -DESMF_TESTPERFORMANCE -DESMF_TESTCOMPTUNNEL -DESMF_TESTWITHTHREADS -DSx86_64_small=1 -DESMF_OS_Darwin=1 -DESMF_COMM=mpiuni -DESMF_DIR=/project/esmf/sacks/esmf-testing/gfortran_11.2.0_mpiuni_g_develop/esmf -D__SDIR__='"src/apps/ESMF_WebServController"' -DESMF_CXXSTD=11 ESMF_WebServController.C -o /project/esmf/sacks/esmf-testing/gfortran_11.2.0_mpiuni_g_develop/esmf/obj/objg/Darwin.gfortran.64.mpiuni.default/src/apps/ESMF_WebServController/ESMF_WebServController.o
/Library/Developer/CommandLineTools/usr/bin/make chkdir_apps
g++    -m64 -mcmodel=small -pthread  -fopenmp -L/project/esmf/sacks/esmf-testing/gfortran_11.2.0_mpiuni_g_develop/esmf/DEFAULTINSTALLDIR/lib/libg/Darwin.gfortran.64.mpiuni.default -L/project/esmf/stack/install/gcc/11.2.0/netcdf/4.7.4/lib -L/project/esmf/stack/install/gcc/11.2.0/netcdf/4.7.4/lib -L/opt/local/lib/gcc11/gcc/x86_64-apple-darwin21/11.2.0/../../../  -o /project/esmf/sacks/esmf-testing/gfortran_11.2.0_mpiuni_g_develop/esmf/DEFAULTINSTALLDIR/bin/bing/Darwin.gfortran.64.mpiuni.default/ESMF_WebServController /project/esmf/sacks/esmf-testing/gfortran_11.2.0_mpiuni_g_develop/esmf/obj/objg/Darwin.gfortran.64.mpiuni.default/src/apps/ESMF_WebServController/ESMF_WebServController.o -lesmf  -lgfortran -lnetcdf -lnetcdff -lpioc
ld: warning: object file (/project/esmf/sacks/esmf-testing/gfortran_11.2.0_mpiuni_g_develop/esmf/DEFAULTINSTALLDIR/lib/libg/Darwin.gfortran.64.mpiuni.default/libpioc.a(topology.c.o)) was built for newer macOS version (12.7) than being linked (12.5)
ld: warning: object file (/project/esmf/sacks/esmf-testing/gfortran_11.2.0_mpiuni_g_develop/esmf/DEFAULTINSTALLDIR/lib/libg/Darwin.gfortran.64.mpiuni.default/libpioc.a(pio_file.c.o)) was built for newer macOS version (12.7) than being linked (12.5)
ld: warning: object file (/project/esmf/sacks/esmf-testing/gfortran_11.2.0_mpiuni_g_develop/esmf/DEFAULTINSTALLDIR/lib/libg/Darwin.gfortran.64.mpiuni.default/libpioc.a(pioc_support.c.o)) was built for newer macOS version (12.7) than being linked (12.5)
ld: warning: object file (/project/esmf/sacks/esmf-testing/gfortran_11.2.0_mpiuni_g_develop/esmf/DEFAULTINSTALLDIR/lib/libg/Darwin.gfortran.64.mpiuni.default/libpioc.a(pio_lists.c.o)) was built for newer macOS version (12.7) than being linked (12.5)
ld: warning: object file (/project/esmf/sacks/esmf-testing/gfortran_11.2.0_mpiuni_g_develop/esmf/DEFAULTINSTALLDIR/lib/libg/Darwin.gfortran.64.mpiuni.default/libpioc.a(pioc.c.o)) was built for newer macOS version (12.7) than being linked (12.5)
ld: warning: object file (/project/esmf/sacks/esmf-testing/gfortran_11.2.0_mpiuni_g_develop/esmf/DEFAULTINSTALLDIR/lib/libg/Darwin.gfortran.64.mpiuni.default/libpioc.a(pioc_sc.c.o)) was built for newer macOS version (12.7) than being linked (12.5)
ld: warning: object file (/project/esmf/sacks/esmf-testing/gfortran_11.2.0_mpiuni_g_develop/esmf/DEFAULTINSTALLDIR/lib/libg/Darwin.gfortran.64.mpiuni.default/libpioc.a(pio_spmd.c.o)) was built for newer macOS version (12.7) than being linked (12.5)
ld: warning: object file (/project/esmf/sacks/esmf-testing/gfortran_11.2.0_mpiuni_g_develop/esmf/DEFAULTINSTALLDIR/lib/libg/Darwin.gfortran.64.mpiuni.default/libpioc.a(pio_rearrange.c.o)) was built for newer macOS version (12.7) than being linked (12.5)
ld: warning: object file (/project/esmf/sacks/esmf-testing/gfortran_11.2.0_mpiuni_g_develop/esmf/DEFAULTINSTALLDIR/lib/libg/Darwin.gfortran.64.mpiuni.default/libpioc.a(pio_nc4.c.o)) was built for newer macOS version (12.7) than being linked (12.5)
ld: warning: object file (/project/esmf/sacks/esmf-testing/gfortran_11.2.0_mpiuni_g_develop/esmf/DEFAULTINSTALLDIR/lib/libg/Darwin.gfortran.64.mpiuni.default/libpioc.a(pioc_async.c.o)) was built for newer macOS version (12.7) than being linked (12.5)
ld: warning: object file (/project/esmf/sacks/esmf-testing/gfortran_11.2.0_mpiuni_g_develop/esmf/DEFAULTINSTALLDIR/lib/libg/Darwin.gfortran.64.mpiuni.default/libpioc.a(pio_nc.c.o)) was built for newer macOS version (12.7) than being linked (12.5)
ld: warning: object file (/project/esmf/sacks/esmf-testing/gfortran_11.2.0_mpiuni_g_develop/esmf/DEFAULTINSTALLDIR/lib/libg/Darwin.gfortran.64.mpiuni.default/libpioc.a(pio_put_nc.c.o)) was built for newer macOS version (12.7) than being linked (12.5)
ld: warning: object file (/project/esmf/sacks/esmf-testing/gfortran_11.2.0_mpiuni_g_develop/esmf/DEFAULTINSTALLDIR/lib/libg/Darwin.gfortran.64.mpiuni.default/libpioc.a(pio_get_nc.c.o)) was built for newer macOS version (12.7) than being linked (12.5)
ld: warning: object file (/project/esmf/sacks/esmf-testing/gfortran_11.2.0_mpiuni_g_develop/esmf/DEFAULTINSTALLDIR/lib/libg/Darwin.gfortran.64.mpiuni.default/libpioc.a(pio_getput_int.c.o)) was built for newer macOS version (12.7) than being linked (12.5)
ld: warning: object file (/project/esmf/sacks/esmf-testing/gfortran_11.2.0_mpiuni_g_develop/esmf/DEFAULTINSTALLDIR/lib/libg/Darwin.gfortran.64.mpiuni.default/libpioc.a(pio_msg.c.o)) was built for newer macOS version (12.7) than being linked (12.5)
ld: warning: object file (/project/esmf/sacks/esmf-testing/gfortran_11.2.0_mpiuni_g_develop/esmf/DEFAULTINSTALLDIR/lib/libg/Darwin.gfortran.64.mpiuni.default/libpioc.a(pio_darray.c.o)) was built for newer macOS version (12.7) than being linked (12.5)
ld: warning: object file (/project/esmf/sacks/esmf-testing/gfortran_11.2.0_mpiuni_g_develop/esmf/DEFAULTINSTALLDIR/lib/libg/Darwin.gfortran.64.mpiuni.default/libpioc.a(pio_darray_int.c.o)) was built for newer macOS version (12.7) than being linked (12.5)
ld: warning: object file (/project/esmf/sacks/esmf-testing/gfortran_11.2.0_mpiuni_g_develop/esmf/DEFAULTINSTALLDIR/lib/libg/Darwin.gfortran.64.mpiuni.default/libpioc.a(pio_get_vard.c.o)) was built for newer macOS version (12.7) than being linked (12.5)
ld: warning: object file (/project/esmf/sacks/esmf-testing/gfortran_11.2.0_mpiuni_g_develop/esmf/DEFAULTINSTALLDIR/lib/libg/Darwin.gfortran.64.mpiuni.default/libpioc.a(pio_put_vard.c.o)) was built for newer macOS version (12.7) than being linked (12.5)
ld: warning: object file (/project/esmf/sacks/esmf-testing/gfortran_11.2.0_mpiuni_g_develop/esmf/DEFAULTINSTALLDIR/lib/libg/Darwin.gfortran.64.mpiuni.default/libpioc.a(pio_error.c.o)) was built for newer macOS version (12.7) than being linked (12.5)
ld: warning: object file (/project/esmf/sacks/esmf-testing/gfortran_11.2.0_mpiuni_g_develop/esmf/DEFAULTINSTALLDIR/lib/libg/Darwin.gfortran.64.mpiuni.default/libpioc.a(parallel_sort.c.o)) was built for newer macOS version (12.7) than being linked (12.5)
tree_build_apps in: /project/esmf/sacks/esmf-testing/gfortran_11.2.0_mpiuni_g_develop/esmf/src/apps/ESMF_Scrip2Unstruct
/Library/Developer/CommandLineTools/usr/bin/make chkdir_locobj
Making directory /project/esmf/sacks/esmf-testing/gfortran_11.2.0_mpiuni_g_develop/esmf/obj/objg/Darwin.gfortran.64.mpiuni.default/src/apps/ESMF_Scrip2Unstruct for apps output
g++ -c -std=c++11 -g -Wall -Wextra -Wno-unused -fPIC -m64 -mcmodel=small -pthread  -fopenmp -I/project/esmf/sacks/esmf-testing/gfortran_11.2.0_mpiuni_g_develop/esmf/src/apps/ESMF_Scrip2Unstruct -I/project/esmf/sacks/esmf-testing/gfortran_11.2.0_mpiuni_g_develop/esmf/src/apps/ESMF_Scrip2Unstruct/../include -I/project/esmf/sacks/esmf-testing/gfortran_11.2.0_mpiuni_g_develop/esmf/build_config/Darwin.gfortran.default -I/project/esmf/sacks/esmf-testing/gfortran_11.2.0_mpiuni_g_develop/esmf/src/Infrastructure -I/project/esmf/sacks/esmf-testing/gfortran_11.2.0_mpiuni_g_develop/esmf/src/Superstructure -I/project/esmf/sacks/esmf-testing/gfortran_11.2.0_mpiuni_g_develop/esmf/src/Infrastructure/stubs/pthread  -I/project/esmf/sacks/esmf-testing/gfortran_11.2.0_mpiuni_g_develop/esmf/src/include  -I/project/esmf/stack/install/gcc/11.2.0/netcdf/4.7.4/include -I/project/esmf/sacks/esmf-testing/gfortran_11.2.0_mpiuni_g_develop/esmf/src/prologue/yaml-cpp/include -DESMF_NO_INTEGER_1_BYTE -DESMF_NO_INTEGER_2_BYTE -DESMF_VERSION_STRING_GIT='"v8.7.0b13-12-g9379ba6a7e"' -DESMF_MPIUNI -I/project/esmf/sacks/esmf-testing/gfortran_11.2.0_mpiuni_g_develop/esmf/src/Infrastructure/stubs/mpiuni -DESMF_LOWERCASE_SINGLEUNDERSCORE -DESMF_MOAB=1 -DESMF_LAPACK=1 -DESMF_LAPACK_INTERNAL=1 -DESMF_NO_ACC_SOFTWARE_STACK=1 -DESMF_NETCDF=1 -DESMF_YAMLCPP=1 -DESMF_YAML=1 -DESMF_PIO=1 -DESMF_NO_OPENACC -DESMF_TESTEXHAUSTIVE -DESMF_BOPT_g -DESMF_TESTPERFORMANCE -DESMF_TESTCOMPTUNNEL -DESMF_TESTWITHTHREADS -DSx86_64_small=1 -DESMF_OS_Darwin=1 -DESMF_COMM=mpiuni -DESMF_DIR=/project/esmf/sacks/esmf-testing/gfortran_11.2.0_mpiuni_g_develop/esmf -D__SDIR__='"src/apps/ESMF_Scrip2Unstruct"' -DESMF_CXXSTD=11 ESMF_Scrip2Unstruct.C -o /project/esmf/sacks/esmf-testing/gfortran_11.2.0_mpiuni_g_develop/esmf/obj/objg/Darwin.gfortran.64.mpiuni.default/src/apps/ESMF_Scrip2Unstruct/ESMF_Scrip2Unstruct.o
ESMF_Scrip2Unstruct.C: In function 'int main(int, char**)':
ESMF_Scrip2Unstruct.C:581:14: warning: comparison of integer expressions of different signedness: 'int' and 'size_t' {aka 'long unsigned int'} [-Wsign-compare]
  581 |   for (i=0; i<len; i++) {
      |             ~^~~~
ESMF_Scrip2Unstruct.C:592:19: warning: comparison of integer expressions of different signedness: 'int' and 'size_t' {aka 'long unsigned int'} [-Wsign-compare]
  592 |     for (i = 0; i < gcdim*gsdim; i++) {
      |                 ~~^~~~~~~~~~~~~
ESMF_Scrip2Unstruct.C:598:17: warning: comparison of integer expressions of different signedness: 'int' and 'size_t' {aka 'long unsigned int'} [-Wsign-compare]
  598 |   for (i = 0; i < gcdim*gsdim; i++) {
      |               ~~^~~~~~~~~~~~~
ESMF_Scrip2Unstruct.C:666:14: warning: comparison of integer expressions of different signedness: 'int' and 'size_t' {aka 'long unsigned int'} [-Wsign-compare]
  666 |   for (i=0; i<gcdim*gsdim; i++) {
      |             ~^~~~~~~~~~~~
ESMF_Scrip2Unstruct.C:693:14: warning: comparison of integer expressions of different signedness: 'int' and 'size_t' {aka 'long unsigned int'} [-Wsign-compare]
  693 |   for (i=0; i<gsdim; i++) {
      |             ~^~~~~~
ESMF_Scrip2Unstruct.C:698:16: warning: comparison of integer expressions of different signedness: 'int' and 'size_t' {aka 'long unsigned int'} [-Wsign-compare]
  698 |     for (j=1; j<gcdim; j++) {
      |               ~^~~~~~
ESMF_Scrip2Unstruct.C:724:20: warning: comparison of integer expressions of different signedness: 'int' and 'size_t' {aka 'long unsigned int'} [-Wsign-compare]
  724 |     for (j=count; j<gcdim; j++) {
      |                   ~^~~~~~
ESMF_Scrip2Unstruct.C:838:22: warning: comparison of integer expressions of different signedness: 'int' and 'size_t' {aka 'long unsigned int'} [-Wsign-compare]
  838 |           for (i=0; i<len; i++) {
      |                     ~^~~~
ESMF_Scrip2Unstruct.C:849:24: warning: comparison of integer expressions of different signedness: 'int' and 'size_t' {aka 'long unsigned int'} [-Wsign-compare]
  849 |             for (i=0; i<gsdim; i++) {
      |                       ~^~~~~~
ESMF_Scrip2Unstruct.C:856:24: warning: comparison of integer expressions of different signedness: 'int' and 'size_t' {aka 'long unsigned int'} [-Wsign-compare]
  856 |             for (i=0; i<gsdim; i++) {
      |                       ~^~~~~~
ESMF_Scrip2Unstruct.C:869:24: warning: comparison of integer expressions of different signedness: 'int' and 'size_t' {aka 'long unsigned int'} [-Wsign-compare]
  869 |             for (i=0; i<gsdim; i++) {
      |                       ~^~~~~~
ESMF_Scrip2Unstruct.C:875:24: warning: comparison of integer expressions of different signedness: 'int' and 'size_t' {aka 'long unsigned int'} [-Wsign-compare]
  875 |             for (i=0; i<gsdim; i++) {
      |                       ~^~~~~~
ESMF_Scrip2Unstruct.C:946:16: warning: comparison of integer expressions of different signedness: 'int' and 'size_t' {aka 'long unsigned int'} [-Wsign-compare]
  946 |     for (i=0; i<gsdim; i++) {
      |               ~^~~~~~
ESMF_Scrip2Unstruct.C:957:16: warning: comparison of integer expressions of different signedness: 'int' and 'size_t' {aka 'long unsigned int'} [-Wsign-compare]
  957 |     for (i=0; i<gsdim; i++) {
      |               ~^~~~~~
ESMF_Scrip2Unstruct.C:967:16: warning: comparison of integer expressions of different signedness: 'int' and 'size_t' {aka 'long unsigned int'} [-Wsign-compare]
  967 |     for (i=0; i<len; i++) {
      |               ~^~~~
ESMF_Scrip2Unstruct.C:976:18: warning: comparison of integer expressions of different signedness: 'int' and 'size_t' {aka 'long unsigned int'} [-Wsign-compare]
  976 |       for (i=0; i<gsdim*2; i++) {
      |                 ~^~~~~~~~
ESMF_Scrip2Unstruct.C:992:20: warning: comparison of integer expressions of different signedness: 'int' and 'size_t' {aka 'long unsigned int'} [-Wsign-compare]
  992 |     for (i=0,k=0; i<gsdim; i++) {
      |                   ~^~~~~~
ESMF_Scrip2Unstruct.C:993:18: warning: comparison of integer expressions of different signedness: 'int' and 'size_t' {aka 'long unsigned int'} [-Wsign-compare]
  993 |       for (j=0; j<gcdim; j++,k++) {
      |                 ~^~~~~~
ESMF_Scrip2Unstruct.C:1082:24: warning: comparison of integer expressions of different signedness: 'int' and 'size_t' {aka 'long unsigned int'} [-Wsign-compare]
 1082 |             for (j=0; j<gsdim;j++) {
      |                       ~^~~~~~
ESMF_Scrip2Unstruct.C:1089:25: warning: comparison of integer expressions of different signedness: 'int' and 'size_t' {aka 'long unsigned int'} [-Wsign-compare]
 1089 |             for (j=0;  j<gsdim;j++) {
      |                        ~^~~~~~
/Library/Developer/CommandLineTools/usr/bin/make chkdir_apps
g++    -m64 -mcmodel=small -pthread  -fopenmp -L/project/esmf/sacks/esmf-testing/gfortran_11.2.0_mpiuni_g_develop/esmf/DEFAULTINSTALLDIR/lib/libg/Darwin.gfortran.64.mpiuni.default -L/project/esmf/stack/install/gcc/11.2.0/netcdf/4.7.4/lib -L/project/esmf/stack/install/gcc/11.2.0/netcdf/4.7.4/lib -L/opt/local/lib/gcc11/gcc/x86_64-apple-darwin21/11.2.0/../../../  -o /project/esmf/sacks/esmf-testing/gfortran_11.2.0_mpiuni_g_develop/esmf/DEFAULTINSTALLDIR/bin/bing/Darwin.gfortran.64.mpiuni.default/ESMF_Scrip2Unstruct /project/esmf/sacks/esmf-testing/gfortran_11.2.0_mpiuni_g_develop/esmf/obj/objg/Darwin.gfortran.64.mpiuni.default/src/apps/ESMF_Scrip2Unstruct/ESMF_Scrip2Unstruct.o -lesmf  -lgfortran -lnetcdf -lnetcdff -lpioc
ld: warning: object file (/project/esmf/sacks/esmf-testing/gfortran_11.2.0_mpiuni_g_develop/esmf/DEFAULTINSTALLDIR/lib/libg/Darwin.gfortran.64.mpiuni.default/libpioc.a(topology.c.o)) was built for newer macOS version (12.7) than being linked (12.5)
ld: warning: object file (/project/esmf/sacks/esmf-testing/gfortran_11.2.0_mpiuni_g_develop/esmf/DEFAULTINSTALLDIR/lib/libg/Darwin.gfortran.64.mpiuni.default/libpioc.a(pio_file.c.o)) was built for newer macOS version (12.7) than being linked (12.5)
ld: warning: object file (/project/esmf/sacks/esmf-testing/gfortran_11.2.0_mpiuni_g_develop/esmf/DEFAULTINSTALLDIR/lib/libg/Darwin.gfortran.64.mpiuni.default/libpioc.a(pioc_support.c.o)) was built for newer macOS version (12.7) than being linked (12.5)
ld: warning: object file (/project/esmf/sacks/esmf-testing/gfortran_11.2.0_mpiuni_g_develop/esmf/DEFAULTINSTALLDIR/lib/libg/Darwin.gfortran.64.mpiuni.default/libpioc.a(pio_lists.c.o)) was built for newer macOS version (12.7) than being linked (12.5)
ld: warning: object file (/project/esmf/sacks/esmf-testing/gfortran_11.2.0_mpiuni_g_develop/esmf/DEFAULTINSTALLDIR/lib/libg/Darwin.gfortran.64.mpiuni.default/libpioc.a(pioc.c.o)) was built for newer macOS version (12.7) than being linked (12.5)
ld: warning: object file (/project/esmf/sacks/esmf-testing/gfortran_11.2.0_mpiuni_g_develop/esmf/DEFAULTINSTALLDIR/lib/libg/Darwin.gfortran.64.mpiuni.default/libpioc.a(pioc_sc.c.o)) was built for newer macOS version (12.7) than being linked (12.5)
ld: warning: object file (/project/esmf/sacks/esmf-testing/gfortran_11.2.0_mpiuni_g_develop/esmf/DEFAULTINSTALLDIR/lib/libg/Darwin.gfortran.64.mpiuni.default/libpioc.a(pio_spmd.c.o)) was built for newer macOS version (12.7) than being linked (12.5)
ld: warning: object file (/project/esmf/sacks/esmf-testing/gfortran_11.2.0_mpiuni_g_develop/esmf/DEFAULTINSTALLDIR/lib/libg/Darwin.gfortran.64.mpiuni.default/libpioc.a(pio_rearrange.c.o)) was built for newer macOS version (12.7) than being linked (12.5)
ld: warning: object file (/project/esmf/sacks/esmf-testing/gfortran_11.2.0_mpiuni_g_develop/esmf/DEFAULTINSTALLDIR/lib/libg/Darwin.gfortran.64.mpiuni.default/libpioc.a(pio_nc4.c.o)) was built for newer macOS version (12.7) than being linked (12.5)
ld: warning: object file (/project/esmf/sacks/esmf-testing/gfortran_11.2.0_mpiuni_g_develop/esmf/DEFAULTINSTALLDIR/lib/libg/Darwin.gfortran.64.mpiuni.default/libpioc.a(pioc_async.c.o)) was built for newer macOS version (12.7) than being linked (12.5)
ld: warning: object file (/project/esmf/sacks/esmf-testing/gfortran_11.2.0_mpiuni_g_develop/esmf/DEFAULTINSTALLDIR/lib/libg/Darwin.gfortran.64.mpiuni.default/libpioc.a(pio_nc.c.o)) was built for newer macOS version (12.7) than being linked (12.5)
ld: warning: object file (/project/esmf/sacks/esmf-testing/gfortran_11.2.0_mpiuni_g_develop/esmf/DEFAULTINSTALLDIR/lib/libg/Darwin.gfortran.64.mpiuni.default/libpioc.a(pio_put_nc.c.o)) was built for newer macOS version (12.7) than being linked (12.5)
ld: warning: object file (/project/esmf/sacks/esmf-testing/gfortran_11.2.0_mpiuni_g_develop/esmf/DEFAULTINSTALLDIR/lib/libg/Darwin.gfortran.64.mpiuni.default/libpioc.a(pio_get_nc.c.o)) was built for newer macOS version (12.7) than being linked (12.5)
ld: warning: object file (/project/esmf/sacks/esmf-testing/gfortran_11.2.0_mpiuni_g_develop/esmf/DEFAULTINSTALLDIR/lib/libg/Darwin.gfortran.64.mpiuni.default/libpioc.a(pio_getput_int.c.o)) was built for newer macOS version (12.7) than being linked (12.5)
ld: warning: object file (/project/esmf/sacks/esmf-testing/gfortran_11.2.0_mpiuni_g_develop/esmf/DEFAULTINSTALLDIR/lib/libg/Darwin.gfortran.64.mpiuni.default/libpioc.a(pio_msg.c.o)) was built for newer macOS version (12.7) than being linked (12.5)
ld: warning: object file (/project/esmf/sacks/esmf-testing/gfortran_11.2.0_mpiuni_g_develop/esmf/DEFAULTINSTALLDIR/lib/libg/Darwin.gfortran.64.mpiuni.default/libpioc.a(pio_darray.c.o)) was built for newer macOS version (12.7) than being linked (12.5)
ld: warning: object file (/project/esmf/sacks/esmf-testing/gfortran_11.2.0_mpiuni_g_develop/esmf/DEFAULTINSTALLDIR/lib/libg/Darwin.gfortran.64.mpiuni.default/libpioc.a(pio_darray_int.c.o)) was built for newer macOS version (12.7) than being linked (12.5)
ld: warning: object file (/project/esmf/sacks/esmf-testing/gfortran_11.2.0_mpiuni_g_develop/esmf/DEFAULTINSTALLDIR/lib/libg/Darwin.gfortran.64.mpiuni.default/libpioc.a(pio_get_vard.c.o)) was built for newer macOS version (12.7) than being linked (12.5)
ld: warning: object file (/project/esmf/sacks/esmf-testing/gfortran_11.2.0_mpiuni_g_develop/esmf/DEFAULTINSTALLDIR/lib/libg/Darwin.gfortran.64.mpiuni.default/libpioc.a(pio_put_vard.c.o)) was built for newer macOS version (12.7) than being linked (12.5)
ld: warning: object file (/project/esmf/sacks/esmf-testing/gfortran_11.2.0_mpiuni_g_develop/esmf/DEFAULTINSTALLDIR/lib/libg/Darwin.gfortran.64.mpiuni.default/libpioc.a(pio_error.c.o)) was built for newer macOS version (12.7) than being linked (12.5)
ld: warning: object file (/project/esmf/sacks/esmf-testing/gfortran_11.2.0_mpiuni_g_develop/esmf/DEFAULTINSTALLDIR/lib/libg/Darwin.gfortran.64.mpiuni.default/libpioc.a(parallel_sort.c.o)) was built for newer macOS version (12.7) than being linked (12.5)
tree_build_apps in: /project/esmf/sacks/esmf-testing/gfortran_11.2.0_mpiuni_g_develop/esmf/src/apps/ESMF_Regrid
/Library/Developer/CommandLineTools/usr/bin/make chkdir_locobj
Making directory /project/esmf/sacks/esmf-testing/gfortran_11.2.0_mpiuni_g_develop/esmf/obj/objg/Darwin.gfortran.64.mpiuni.default/src/apps/ESMF_Regrid for apps output
gfortran -c -g -Wall -Wextra -Wconversion -Wno-unused -Wno-unused-dummy-argument -fbacktrace -fimplicit-none -fcheck=all,no-pointer -fPIC  -m64 -mcmodel=small -pthread -ffree-line-length-none  -fopenmp -I/project/esmf/sacks/esmf-testing/gfortran_11.2.0_mpiuni_g_develop/esmf/src/apps/ESMF_Regrid -I/project/esmf/sacks/esmf-testing/gfortran_11.2.0_mpiuni_g_develop/esmf/build_config/Darwin.gfortran.default -I/project/esmf/sacks/esmf-testing/gfortran_11.2.0_mpiuni_g_develop/esmf/src/Infrastructure -I/project/esmf/sacks/esmf-testing/gfortran_11.2.0_mpiuni_g_develop/esmf/src/Superstructure -I/project/esmf/sacks/esmf-testing/gfortran_11.2.0_mpiuni_g_develop/esmf/DEFAULTINSTALLDIR/mod/modg/Darwin.gfortran.64.mpiuni.default -I/project/esmf/sacks/esmf-testing/gfortran_11.2.0_mpiuni_g_develop/esmf/src/include -I/project/esmf/stack/install/gcc/11.2.0/netcdf/4.7.4/include -I/project/esmf/stack/install/gcc/11.2.0/netcdf/4.7.4/include  -DESMF_NO_INTEGER_1_BYTE -DESMF_NO_INTEGER_2_BYTE -DESMF_VERSION_STRING_GIT='"v8.7.0b13-12-g9379ba6a7e"' -DESMF_MPIUNI -I/project/esmf/sacks/esmf-testing/gfortran_11.2.0_mpiuni_g_develop/esmf/src/Infrastructure/stubs/mpiuni -DESMF_LOWERCASE_SINGLEUNDERSCORE -DESMF_MOAB=1 -DESMF_LAPACK=1 -DESMF_LAPACK_INTERNAL=1 -DESMF_NO_ACC_SOFTWARE_STACK=1 -DESMF_NETCDF=1 -DESMF_YAMLCPP=1 -DESMF_YAML=1 -DESMF_PIO=1 -DESMF_NO_OPENACC -DESMF_TESTEXHAUSTIVE -DESMF_BOPT_g -DESMF_TESTPERFORMANCE -DESMF_TESTCOMPTUNNEL -DESMF_TESTWITHTHREADS -DSx86_64_small=1 -DESMF_OS_Darwin=1 -DESMF_COMM=mpiuni -DESMF_DIR=/project/esmf/sacks/esmf-testing/gfortran_11.2.0_mpiuni_g_develop/esmf ESMF_Regrid.F90 -o /project/esmf/sacks/esmf-testing/gfortran_11.2.0_mpiuni_g_develop/esmf/obj/objg/Darwin.gfortran.64.mpiuni.default/src/apps/ESMF_Regrid/ESMF_Regrid.o
/Library/Developer/CommandLineTools/usr/bin/make chkdir_apps
gfortran     -m64 -mcmodel=small -pthread  -fopenmp -L/project/esmf/sacks/esmf-testing/gfortran_11.2.0_mpiuni_g_develop/esmf/DEFAULTINSTALLDIR/lib/libg/Darwin.gfortran.64.mpiuni.default -L/project/esmf/stack/install/gcc/11.2.0/netcdf/4.7.4/lib -L/project/esmf/stack/install/gcc/11.2.0/netcdf/4.7.4/lib -L/opt/local/lib/gcc11/gcc/x86_64-apple-darwin21/11.2.0/../../../  -o /project/esmf/sacks/esmf-testing/gfortran_11.2.0_mpiuni_g_develop/esmf/DEFAULTINSTALLDIR/bin/bing/Darwin.gfortran.64.mpiuni.default/ESMF_Regrid /project/esmf/sacks/esmf-testing/gfortran_11.2.0_mpiuni_g_develop/esmf/obj/objg/Darwin.gfortran.64.mpiuni.default/src/apps/ESMF_Regrid/ESMF_Regrid.o -lesmf  -lstdc++ -lnetcdf -lnetcdff -lpioc
ld: warning: object file (/project/esmf/sacks/esmf-testing/gfortran_11.2.0_mpiuni_g_develop/esmf/DEFAULTINSTALLDIR/lib/libg/Darwin.gfortran.64.mpiuni.default/libpioc.a(topology.c.o)) was built for newer macOS version (12.7) than being linked (12.5)
ld: warning: object file (/project/esmf/sacks/esmf-testing/gfortran_11.2.0_mpiuni_g_develop/esmf/DEFAULTINSTALLDIR/lib/libg/Darwin.gfortran.64.mpiuni.default/libpioc.a(pio_file.c.o)) was built for newer macOS version (12.7) than being linked (12.5)
ld: warning: object file (/project/esmf/sacks/esmf-testing/gfortran_11.2.0_mpiuni_g_develop/esmf/DEFAULTINSTALLDIR/lib/libg/Darwin.gfortran.64.mpiuni.default/libpioc.a(pioc_support.c.o)) was built for newer macOS version (12.7) than being linked (12.5)
ld: warning: object file (/project/esmf/sacks/esmf-testing/gfortran_11.2.0_mpiuni_g_develop/esmf/DEFAULTINSTALLDIR/lib/libg/Darwin.gfortran.64.mpiuni.default/libpioc.a(pio_lists.c.o)) was built for newer macOS version (12.7) than being linked (12.5)
ld: warning: object file (/project/esmf/sacks/esmf-testing/gfortran_11.2.0_mpiuni_g_develop/esmf/DEFAULTINSTALLDIR/lib/libg/Darwin.gfortran.64.mpiuni.default/libpioc.a(pioc.c.o)) was built for newer macOS version (12.7) than being linked (12.5)
ld: warning: object file (/project/esmf/sacks/esmf-testing/gfortran_11.2.0_mpiuni_g_develop/esmf/DEFAULTINSTALLDIR/lib/libg/Darwin.gfortran.64.mpiuni.default/libpioc.a(pioc_sc.c.o)) was built for newer macOS version (12.7) than being linked (12.5)
ld: warning: object file (/project/esmf/sacks/esmf-testing/gfortran_11.2.0_mpiuni_g_develop/esmf/DEFAULTINSTALLDIR/lib/libg/Darwin.gfortran.64.mpiuni.default/libpioc.a(pio_spmd.c.o)) was built for newer macOS version (12.7) than being linked (12.5)
ld: warning: object file (/project/esmf/sacks/esmf-testing/gfortran_11.2.0_mpiuni_g_develop/esmf/DEFAULTINSTALLDIR/lib/libg/Darwin.gfortran.64.mpiuni.default/libpioc.a(pio_rearrange.c.o)) was built for newer macOS version (12.7) than being linked (12.5)
ld: warning: object file (/project/esmf/sacks/esmf-testing/gfortran_11.2.0_mpiuni_g_develop/esmf/DEFAULTINSTALLDIR/lib/libg/Darwin.gfortran.64.mpiuni.default/libpioc.a(pio_nc4.c.o)) was built for newer macOS version (12.7) than being linked (12.5)
ld: warning: object file (/project/esmf/sacks/esmf-testing/gfortran_11.2.0_mpiuni_g_develop/esmf/DEFAULTINSTALLDIR/lib/libg/Darwin.gfortran.64.mpiuni.default/libpioc.a(pioc_async.c.o)) was built for newer macOS version (12.7) than being linked (12.5)
ld: warning: object file (/project/esmf/sacks/esmf-testing/gfortran_11.2.0_mpiuni_g_develop/esmf/DEFAULTINSTALLDIR/lib/libg/Darwin.gfortran.64.mpiuni.default/libpioc.a(pio_nc.c.o)) was built for newer macOS version (12.7) than being linked (12.5)
ld: warning: object file (/project/esmf/sacks/esmf-testing/gfortran_11.2.0_mpiuni_g_develop/esmf/DEFAULTINSTALLDIR/lib/libg/Darwin.gfortran.64.mpiuni.default/libpioc.a(pio_put_nc.c.o)) was built for newer macOS version (12.7) than being linked (12.5)
ld: warning: object file (/project/esmf/sacks/esmf-testing/gfortran_11.2.0_mpiuni_g_develop/esmf/DEFAULTINSTALLDIR/lib/libg/Darwin.gfortran.64.mpiuni.default/libpioc.a(pio_get_nc.c.o)) was built for newer macOS version (12.7) than being linked (12.5)
ld: warning: object file (/project/esmf/sacks/esmf-testing/gfortran_11.2.0_mpiuni_g_develop/esmf/DEFAULTINSTALLDIR/lib/libg/Darwin.gfortran.64.mpiuni.default/libpioc.a(pio_getput_int.c.o)) was built for newer macOS version (12.7) than being linked (12.5)
ld: warning: object file (/project/esmf/sacks/esmf-testing/gfortran_11.2.0_mpiuni_g_develop/esmf/DEFAULTINSTALLDIR/lib/libg/Darwin.gfortran.64.mpiuni.default/libpioc.a(pio_msg.c.o)) was built for newer macOS version (12.7) than being linked (12.5)
ld: warning: object file (/project/esmf/sacks/esmf-testing/gfortran_11.2.0_mpiuni_g_develop/esmf/DEFAULTINSTALLDIR/lib/libg/Darwin.gfortran.64.mpiuni.default/libpioc.a(pio_darray.c.o)) was built for newer macOS version (12.7) than being linked (12.5)
ld: warning: object file (/project/esmf/sacks/esmf-testing/gfortran_11.2.0_mpiuni_g_develop/esmf/DEFAULTINSTALLDIR/lib/libg/Darwin.gfortran.64.mpiuni.default/libpioc.a(pio_darray_int.c.o)) was built for newer macOS version (12.7) than being linked (12.5)
ld: warning: object file (/project/esmf/sacks/esmf-testing/gfortran_11.2.0_mpiuni_g_develop/esmf/DEFAULTINSTALLDIR/lib/libg/Darwin.gfortran.64.mpiuni.default/libpioc.a(pio_get_vard.c.o)) was built for newer macOS version (12.7) than being linked (12.5)
ld: warning: object file (/project/esmf/sacks/esmf-testing/gfortran_11.2.0_mpiuni_g_develop/esmf/DEFAULTINSTALLDIR/lib/libg/Darwin.gfortran.64.mpiuni.default/libpioc.a(pio_put_vard.c.o)) was built for newer macOS version (12.7) than being linked (12.5)
ld: warning: object file (/project/esmf/sacks/esmf-testing/gfortran_11.2.0_mpiuni_g_develop/esmf/DEFAULTINSTALLDIR/lib/libg/Darwin.gfortran.64.mpiuni.default/libpioc.a(pio_error.c.o)) was built for newer macOS version (12.7) than being linked (12.5)
ld: warning: object file (/project/esmf/sacks/esmf-testing/gfortran_11.2.0_mpiuni_g_develop/esmf/DEFAULTINSTALLDIR/lib/libg/Darwin.gfortran.64.mpiuni.default/libpioc.a(parallel_sort.c.o)) was built for newer macOS version (12.7) than being linked (12.5)
tree_build_apps in: /project/esmf/sacks/esmf-testing/gfortran_11.2.0_mpiuni_g_develop/esmf/src/apps/ESMX_Builder
/Library/Developer/CommandLineTools/usr/bin/make chkdir_apps
cp -f ESMX_Builder.sh /project/esmf/sacks/esmf-testing/gfortran_11.2.0_mpiuni_g_develop/esmf/DEFAULTINSTALLDIR/bin/bing/Darwin.gfortran.64.mpiuni.default/ESMX_Builder
ESMF apps built successfully.
mkdir -p /project/esmf/sacks/esmf-testing/gfortran_11.2.0_mpiuni_g_develop/esmf/DEFAULTINSTALLDIR/doc
/Library/Developer/CommandLineTools/usr/bin/make install_info_mk
/Library/Developer/CommandLineTools/usr/bin/make info_mk ESMF_APPSDIR=/project/esmf/sacks/esmf-testing/gfortran_11.2.0_mpiuni_g_develop/esmf/DEFAULTINSTALLDIR/bin/bing/Darwin.gfortran.64.mpiuni.default ESMF_LDIR=/project/esmf/sacks/esmf-testing/gfortran_11.2.0_mpiuni_g_develop/esmf/DEFAULTINSTALLDIR/lib/libg/Darwin.gfortran.64.mpiuni.default ESMF_LIBDIR=/project/esmf/sacks/esmf-testing/gfortran_11.2.0_mpiuni_g_develop/esmf/DEFAULTINSTALLDIR/lib/libg/Darwin.gfortran.64.mpiuni.default ESMF_ESMXDIR=/project/esmf/sacks/esmf-testing/gfortran_11.2.0_mpiuni_g_develop/esmf/DEFAULTINSTALLDIR/include/ESMX ESMF_CMAKEDIR=/project/esmf/sacks/esmf-testing/gfortran_11.2.0_mpiuni_g_develop/esmf/DEFAULTINSTALLDIR/cmake ESMF_MODDIR=/project/esmf/sacks/esmf-testing/gfortran_11.2.0_mpiuni_g_develop/esmf/DEFAULTINSTALLDIR/mod/modg/Darwin.gfortran.64.mpiuni.default ESMF_INCDIR=/project/esmf/sacks/esmf-testing/gfortran_11.2.0_mpiuni_g_develop/esmf/DEFAULTINSTALLDIR/include
 
ESMF installation complete.
 
