2024-10-08 07:37:57
20241008 083245.800 INFO             PET0 !!!!!!!!!!!!!!!!!!!!!!!!!!!!!!!!!!!!!!!!!!!!!!!!!!!!!!
20241008 083245.800 INFO             PET0 !!! THE ESMF_LOG IS SET TO OUTPUT ALL LOG MESSAGES !!!
20241008 083245.800 INFO             PET0 !!!     THIS MAY CAUSE SLOWDOWN IN PERFORMANCE     !!!
20241008 083245.800 INFO             PET0 !!! FOR PRODUCTION RUNS, USE:                      !!!
20241008 083245.800 INFO             PET0 !!!                   ESMF_LOGKIND_Multi_On_Error  !!!
20241008 083245.800 INFO             PET0 !!!!!!!!!!!!!!!!!!!!!!!!!!!!!!!!!!!!!!!!!!!!!!!!!!!!!!
20241008 083245.800 INFO             PET0 Running with ESMF Version   : v8.7.0
20241008 083245.800 INFO             PET0 ESMF library build date/time: "Oct  8 2024" "07:34:51"
20241008 083245.800 INFO             PET0 ESMF library build location : /scratch2/NCEPDEV/stmp1/Gerhard.Theurich/ESMF-Nightly-Testing/intel_2023.2.0_intelmpi_g_v8.7.0/esmf
20241008 083245.800 INFO             PET0 ESMF_COMM                   : intelmpi
20241008 083245.801 INFO             PET0 ESMF_MOAB                   : enabled
20241008 083245.801 INFO             PET0 ESMF_LAPACK                 : enabled
20241008 083245.801 INFO             PET0 ESMF_NETCDF                 : enabled
20241008 083245.801 INFO             PET0 ESMF_PNETCDF                : disabled
20241008 083245.801 INFO             PET0 ESMF_PIO                    : enabled
20241008 083245.801 INFO             PET0 ESMF_YAMLCPP                : enabled
20241008 083245.803 INFO             PET0  NUMBER_OF_PROCESSORS           1
20241008 083245.803 INFO             PET0  PASS  Example ESMF_AlarmEx, ESMF_AlarmEx.F90, line 244
20241008 083245.803 INFO             PET0  Finalizing ESMF
