2024-10-04 08:57:38
20241004 112920.286 INFO             PET0 !!!!!!!!!!!!!!!!!!!!!!!!!!!!!!!!!!!!!!!!!!!!!!!!!!!!!!
20241004 112920.286 INFO             PET0 !!! THE ESMF_LOG IS SET TO OUTPUT ALL LOG MESSAGES !!!
20241004 112920.286 INFO             PET0 !!!     THIS MAY CAUSE SLOWDOWN IN PERFORMANCE     !!!
20241004 112920.286 INFO             PET0 !!! FOR PRODUCTION RUNS, USE:                      !!!
20241004 112920.286 INFO             PET0 !!!                   ESMF_LOGKIND_Multi_On_Error  !!!
20241004 112920.286 INFO             PET0 !!!!!!!!!!!!!!!!!!!!!!!!!!!!!!!!!!!!!!!!!!!!!!!!!!!!!!
20241004 112920.286 INFO             PET0 Running with ESMF Version   : v8.7.0
20241004 112920.286 INFO             PET0 ESMF library build date/time: "Oct  4 2024" "08:54:54"
20241004 112920.286 INFO             PET0 ESMF library build location : /scratch2/NCEPDEV/stmp1/Gerhard.Theurich/ESMF-Nightly-Testing/intel_2023.2.0_intelmpi_g_v8.7.0/esmf
20241004 112920.286 INFO             PET0 ESMF_COMM                   : intelmpi
20241004 112920.286 INFO             PET0 ESMF_MOAB                   : enabled
20241004 112920.286 INFO             PET0 ESMF_LAPACK                 : enabled
20241004 112920.286 INFO             PET0 ESMF_NETCDF                 : enabled
20241004 112920.286 INFO             PET0 ESMF_PNETCDF                : disabled
20241004 112920.286 INFO             PET0 ESMF_PIO                    : enabled
20241004 112920.286 INFO             PET0 ESMF_YAMLCPP                : enabled
20241004 112920.363 DEBUG            PET0 about to destroy Grid: 0x23bba50
20241004 112920.372 DEBUG            PET0 about to destroy Grid: 0x23bc880
20241004 112920.399 INFO             PET0  NUMBER_OF_PROCESSORS           4
20241004 112920.399 INFO             PET0  PASS  Example ESMF_NUOPCAtmModelEx, ESMF_NUOPCAtmModelEx.F90, line 806
20241004 112920.399 INFO             PET0  Finalizing ESMF
20241004 112920.286 INFO             PET1 !!!!!!!!!!!!!!!!!!!!!!!!!!!!!!!!!!!!!!!!!!!!!!!!!!!!!!
20241004 112920.286 INFO             PET1 !!! THE ESMF_LOG IS SET TO OUTPUT ALL LOG MESSAGES !!!
20241004 112920.286 INFO             PET1 !!!     THIS MAY CAUSE SLOWDOWN IN PERFORMANCE     !!!
20241004 112920.286 INFO             PET1 !!! FOR PRODUCTION RUNS, USE:                      !!!
20241004 112920.286 INFO             PET1 !!!                   ESMF_LOGKIND_Multi_On_Error  !!!
20241004 112920.286 INFO             PET1 !!!!!!!!!!!!!!!!!!!!!!!!!!!!!!!!!!!!!!!!!!!!!!!!!!!!!!
20241004 112920.286 INFO             PET1 Running with ESMF Version   : v8.7.0
20241004 112920.286 INFO             PET1 ESMF library build date/time: "Oct  4 2024" "08:54:54"
20241004 112920.286 INFO             PET1 ESMF library build location : /scratch2/NCEPDEV/stmp1/Gerhard.Theurich/ESMF-Nightly-Testing/intel_2023.2.0_intelmpi_g_v8.7.0/esmf
20241004 112920.286 INFO             PET1 ESMF_COMM                   : intelmpi
20241004 112920.286 INFO             PET1 ESMF_MOAB                   : enabled
20241004 112920.286 INFO             PET1 ESMF_LAPACK                 : enabled
20241004 112920.286 INFO             PET1 ESMF_NETCDF                 : enabled
20241004 112920.286 INFO             PET1 ESMF_PNETCDF                : disabled
20241004 112920.286 INFO             PET1 ESMF_PIO                    : enabled
20241004 112920.286 INFO             PET1 ESMF_YAMLCPP                : enabled
20241004 112920.363 DEBUG            PET1 about to destroy Grid: 0x13e4500
20241004 112920.372 DEBUG            PET1 about to destroy Grid: 0x13e51e0
20241004 112920.399 INFO             PET1  NUMBER_OF_PROCESSORS           4
20241004 112920.399 INFO             PET1  PASS  Example ESMF_NUOPCAtmModelEx, ESMF_NUOPCAtmModelEx.F90, line 806
20241004 112920.399 INFO             PET1  Finalizing ESMF
20241004 112920.286 INFO             PET2 !!!!!!!!!!!!!!!!!!!!!!!!!!!!!!!!!!!!!!!!!!!!!!!!!!!!!!
20241004 112920.286 INFO             PET2 !!! THE ESMF_LOG IS SET TO OUTPUT ALL LOG MESSAGES !!!
20241004 112920.286 INFO             PET2 !!!     THIS MAY CAUSE SLOWDOWN IN PERFORMANCE     !!!
20241004 112920.286 INFO             PET2 !!! FOR PRODUCTION RUNS, USE:                      !!!
20241004 112920.286 INFO             PET2 !!!                   ESMF_LOGKIND_Multi_On_Error  !!!
20241004 112920.286 INFO             PET2 !!!!!!!!!!!!!!!!!!!!!!!!!!!!!!!!!!!!!!!!!!!!!!!!!!!!!!
20241004 112920.286 INFO             PET2 Running with ESMF Version   : v8.7.0
20241004 112920.286 INFO             PET2 ESMF library build date/time: "Oct  4 2024" "08:54:54"
20241004 112920.286 INFO             PET2 ESMF library build location : /scratch2/NCEPDEV/stmp1/Gerhard.Theurich/ESMF-Nightly-Testing/intel_2023.2.0_intelmpi_g_v8.7.0/esmf
20241004 112920.286 INFO             PET2 ESMF_COMM                   : intelmpi
20241004 112920.286 INFO             PET2 ESMF_MOAB                   : enabled
20241004 112920.286 INFO             PET2 ESMF_LAPACK                 : enabled
20241004 112920.286 INFO             PET2 ESMF_NETCDF                 : enabled
20241004 112920.286 INFO             PET2 ESMF_PNETCDF                : disabled
20241004 112920.286 INFO             PET2 ESMF_PIO                    : enabled
20241004 112920.286 INFO             PET2 ESMF_YAMLCPP                : enabled
20241004 112920.363 DEBUG            PET2 about to destroy Grid: 0x1e1e100
20241004 112920.372 DEBUG            PET2 about to destroy Grid: 0x1e1ede0
20241004 112920.398 INFO             PET2  NUMBER_OF_PROCESSORS           4
20241004 112920.398 INFO             PET2  PASS  Example ESMF_NUOPCAtmModelEx, ESMF_NUOPCAtmModelEx.F90, line 806
20241004 112920.398 INFO             PET2  Finalizing ESMF
20241004 112920.286 INFO             PET3 !!!!!!!!!!!!!!!!!!!!!!!!!!!!!!!!!!!!!!!!!!!!!!!!!!!!!!
20241004 112920.286 INFO             PET3 !!! THE ESMF_LOG IS SET TO OUTPUT ALL LOG MESSAGES !!!
20241004 112920.286 INFO             PET3 !!!     THIS MAY CAUSE SLOWDOWN IN PERFORMANCE     !!!
20241004 112920.286 INFO             PET3 !!! FOR PRODUCTION RUNS, USE:                      !!!
20241004 112920.286 INFO             PET3 !!!                   ESMF_LOGKIND_Multi_On_Error  !!!
20241004 112920.286 INFO             PET3 !!!!!!!!!!!!!!!!!!!!!!!!!!!!!!!!!!!!!!!!!!!!!!!!!!!!!!
20241004 112920.286 INFO             PET3 Running with ESMF Version   : v8.7.0
20241004 112920.286 INFO             PET3 ESMF library build date/time: "Oct  4 2024" "08:54:54"
20241004 112920.286 INFO             PET3 ESMF library build location : /scratch2/NCEPDEV/stmp1/Gerhard.Theurich/ESMF-Nightly-Testing/intel_2023.2.0_intelmpi_g_v8.7.0/esmf
20241004 112920.286 INFO             PET3 ESMF_COMM                   : intelmpi
20241004 112920.286 INFO             PET3 ESMF_MOAB                   : enabled
20241004 112920.286 INFO             PET3 ESMF_LAPACK                 : enabled
20241004 112920.286 INFO             PET3 ESMF_NETCDF                 : enabled
20241004 112920.286 INFO             PET3 ESMF_PNETCDF                : disabled
20241004 112920.286 INFO             PET3 ESMF_PIO                    : enabled
20241004 112920.286 INFO             PET3 ESMF_YAMLCPP                : enabled
20241004 112920.363 DEBUG            PET3 about to destroy Grid: 0x28ad580
20241004 112920.372 DEBUG            PET3 about to destroy Grid: 0x28ade20
20241004 112920.398 INFO             PET3  NUMBER_OF_PROCESSORS           4
20241004 112920.398 INFO             PET3  PASS  Example ESMF_NUOPCAtmModelEx, ESMF_NUOPCAtmModelEx.F90, line 806
20241004 112920.398 INFO             PET3  Finalizing ESMF
