2024-10-01 07:43:49
20241001 084415.219 INFO             PET0 !!!!!!!!!!!!!!!!!!!!!!!!!!!!!!!!!!!!!!!!!!!!!!!!!!!!!!
20241001 084415.219 INFO             PET0 !!! THE ESMF_LOG IS SET TO OUTPUT ALL LOG MESSAGES !!!
20241001 084415.219 INFO             PET0 !!!     THIS MAY CAUSE SLOWDOWN IN PERFORMANCE     !!!
20241001 084415.219 INFO             PET0 !!! FOR PRODUCTION RUNS, USE:                      !!!
20241001 084415.219 INFO             PET0 !!!                   ESMF_LOGKIND_Multi_On_Error  !!!
20241001 084415.220 INFO             PET0 !!!!!!!!!!!!!!!!!!!!!!!!!!!!!!!!!!!!!!!!!!!!!!!!!!!!!!
20241001 084415.220 INFO             PET0 Running with ESMF Version   : v8.7.0b14-1-g2597b0a993
20241001 084415.220 INFO             PET0 ESMF library build date/time: "Oct  1 2024" "07:39:57"
20241001 084415.220 INFO             PET0 ESMF library build location : /scratch2/NCEPDEV/stmp1/Gerhard.Theurich/ESMF-Nightly-Testing/nvhpc_24.1_mpiuni_O_release_8.7.0/esmf
20241001 084415.220 INFO             PET0 ESMF_COMM                   : mpiuni
20241001 084415.220 INFO             PET0 ESMF_MOAB                   : enabled
20241001 084415.220 INFO             PET0 ESMF_LAPACK                 : enabled
20241001 084415.220 INFO             PET0 ESMF_NETCDF                 : disabled
20241001 084415.220 INFO             PET0 ESMF_PNETCDF                : disabled
20241001 084415.220 INFO             PET0 ESMF_PIO                    : disabled
20241001 084415.220 INFO             PET0 ESMF_YAMLCPP                : enabled
20241001 084415.220 INFO             PET0 ESMF Tracing Enabled
20241001 084415.220 INFO             PET0 ESMF Profiling Enabled
20241001 084415.220 INFO             PET0 ESMF Trace/Profile clock: REALTIME
20241001 084415.223 INFO             PET0  NUMBER_OF_PROCESSORS            1
20241001 084415.223 INFO             PET0  PASS  Example ESMF_TraceUserEx, ESMF_TraceUserEx.F90, line 125
20241001 084415.223 INFO             PET0  Finalizing ESMF
20241001 084415.223 INFO             PET0 **************** Region Timings *******************
20241001 084415.223 INFO             PET0 Region                Count  Total (s)   Self (s)    Mean (s)    Min (s)     Max (s)
20241001 084415.223 INFO             PET0   [ESMF]              1      0.0007      0.0007      0.0007      0.0007      0.0007
20241001 084415.223 INFO             PET0     outer_region      1      0.0000      0.0000      0.0000      0.0000      0.0000
20241001 084415.223 INFO             PET0       inner_region_1  10     0.0000      0.0000      0.0000      0.0000      0.0000
20241001 084415.223 INFO             PET0       inner_region_2  10     0.0000      0.0000      0.0000      0.0000      0.0000
