2024-09-11 04:07:00
20240911 042714.681 INFO             PET0 !!!!!!!!!!!!!!!!!!!!!!!!!!!!!!!!!!!!!!!!!!!!!!!!!!!!!!
20240911 042714.681 INFO             PET0 !!! THE ESMF_LOG IS SET TO OUTPUT ALL LOG MESSAGES !!!
20240911 042714.681 INFO             PET0 !!!     THIS MAY CAUSE SLOWDOWN IN PERFORMANCE     !!!
20240911 042714.681 INFO             PET0 !!! FOR PRODUCTION RUNS, USE:                      !!!
20240911 042714.681 INFO             PET0 !!!                   ESMF_LOGKIND_Multi_On_Error  !!!
20240911 042714.681 INFO             PET0 !!!!!!!!!!!!!!!!!!!!!!!!!!!!!!!!!!!!!!!!!!!!!!!!!!!!!!
20240911 042714.681 INFO             PET0 Running with ESMF Version   : v8.7.0b13-15-g49bd433481
20240911 042714.681 INFO             PET0 ESMF library build date/time: "Sep 11 2024" "04:05:48"
20240911 042714.681 INFO             PET0 ESMF library build location : /tmp/intel_2023.1.0-classic_mpiuni_O_develop/esmf
20240911 042714.681 INFO             PET0 ESMF_COMM                   : mpiuni
20240911 042714.681 INFO             PET0 ESMF_MOAB                   : enabled
20240911 042714.681 INFO             PET0 ESMF_LAPACK                 : enabled
20240911 042714.681 INFO             PET0 ESMF_NETCDF                 : enabled
20240911 042714.681 INFO             PET0 ESMF_PNETCDF                : disabled
20240911 042714.681 INFO             PET0 ESMF_PIO                    : enabled
20240911 042714.681 INFO             PET0 ESMF_YAMLCPP                : enabled
20240911 042714.682 INFO             PET0  NUMBER_OF_PROCESSORS           1
20240911 042714.682 INFO             PET0  PASS  Example ESMF_VMUserMpiEx, ESMF_VMUserMpiEx.F90, line 96
20240911 042714.682 INFO             PET0  Finalizing ESMF with endflag==ESMF_END_KEEPMPI
