2024-09-11 04:07:00
 recvData for PET            0 :            1
 recvData for PET            0 :            2
 recvData for PET            0 :            3
 recvData for PET            0 :            4
 recvData for PET            0 :            5
 recvData for PET            0 :            6
 recvData for PET            0 :            7
 recvData for PET            0 :            8
 recvData for PET            0 :            9
 recvData for PET            0 :           10
 recvData for PET            0 :    172124960
 recvData for PET            0 :   1701080910
 recvData for PET            0 :   1092630048
 recvData for PET            0 :   1986622563
 recvData for PET            0 :    538983013
 recvData for PET            0 :    538976288
 recvData for PET            0 :    538976288
 recvData for PET            0 :    809054496
 recvData for PET            0 :    540291126
 recvData for PET            0 :   1309295211
 recvData for PET            0 :    543515759
 recvData for PET            0 :   1850286134
 recvData for PET            0 :   1769235297
 recvData for PET            0 :    540697974
 recvData for PET            0 :    538976288
 recvData for PET            0 :    538976288
 recvData for PET            0 :    842150710
 recvData for PET            0 :   1797272119
 recvData for PET            0 :   1867385410
 recvData for PET            0 :    908092772
 recvData for PET            0 :   1952661792
 recvData for PET            0 :    677738089
 recvData for PET            0 :   1852796513
 recvData for PET            0 :    538982953
 recvData for PET            0 :    824188960
 recvData for PET            0 :    926431283
 recvData for PET            0 :   1114316854
 recvData for PET            0 :   1685016074
 recvData for PET            0 :    540418149
 recvData for PET            0 :   1667329609
  PASS  Example ESMF_VMHigherRankDataEx, ESMF_VMHigherRankDataEx.F90, line 140
 PASS: ESMF_VMHigherRankDataEx.F90
