2024-08-13 04:20:35
20240813 044134.863 INFO             PET0 !!!!!!!!!!!!!!!!!!!!!!!!!!!!!!!!!!!!!!!!!!!!!!!!!!!!!!
20240813 044134.863 INFO             PET0 !!! THE ESMF_LOG IS SET TO OUTPUT ALL LOG MESSAGES !!!
20240813 044134.863 INFO             PET0 !!!     THIS MAY CAUSE SLOWDOWN IN PERFORMANCE     !!!
20240813 044134.863 INFO             PET0 !!! FOR PRODUCTION RUNS, USE:                      !!!
20240813 044134.863 INFO             PET0 !!!                   ESMF_LOGKIND_Multi_On_Error  !!!
20240813 044134.863 INFO             PET0 !!!!!!!!!!!!!!!!!!!!!!!!!!!!!!!!!!!!!!!!!!!!!!!!!!!!!!
20240813 044134.863 INFO             PET0 Running with ESMF Version   : v8.7.0b11
20240813 044134.863 INFO             PET0 ESMF library build date/time: "Aug 13 2024" "04:19:27"
20240813 044134.863 INFO             PET0 ESMF library build location : /tmp/intel_2023.1.0-classic_mpiuni_O_develop/esmf
20240813 044134.863 INFO             PET0 ESMF_COMM                   : mpiuni
20240813 044134.863 INFO             PET0 ESMF_MOAB                   : enabled
20240813 044134.863 INFO             PET0 ESMF_LAPACK                 : enabled
20240813 044134.863 INFO             PET0 ESMF_NETCDF                 : enabled
20240813 044134.863 INFO             PET0 ESMF_PNETCDF                : disabled
20240813 044134.863 INFO             PET0 ESMF_PIO                    : enabled
20240813 044134.863 INFO             PET0 ESMF_YAMLCPP                : enabled
20240813 044134.863 INFO             PET0  NUMBER_OF_PROCESSORS           1
20240813 044134.863 INFO             PET0  PASS  Example ESMF_TimeIntervalEx, ESMF_TimeIntervalEx.F90, line 176
20240813 044134.863 INFO             PET0  Finalizing ESMF
