2024-09-01 00:09:36
20240901 002554.677 INFO             PET0 !!!!!!!!!!!!!!!!!!!!!!!!!!!!!!!!!!!!!!!!!!!!!!!!!!!!!!
20240901 002554.677 INFO             PET0 !!! THE ESMF_LOG IS SET TO OUTPUT ALL LOG MESSAGES !!!
20240901 002554.677 INFO             PET0 !!!     THIS MAY CAUSE SLOWDOWN IN PERFORMANCE     !!!
20240901 002554.677 INFO             PET0 !!! FOR PRODUCTION RUNS, USE:                      !!!
20240901 002554.677 INFO             PET0 !!!                   ESMF_LOGKIND_Multi_On_Error  !!!
20240901 002554.677 INFO             PET0 !!!!!!!!!!!!!!!!!!!!!!!!!!!!!!!!!!!!!!!!!!!!!!!!!!!!!!
20240901 002554.677 INFO             PET0 Running with ESMF Version   : v8.7.0b12-2-gbfe22b56ac
20240901 002554.677 INFO             PET0 ESMF library build date/time: "Sep  1 2024" "00:08:46"
20240901 002554.677 INFO             PET0 ESMF library build location : /home/gerhard/ESMF-Nightly-Testing/gfortranclang_7.5.0_16.0.3_mpiuni_g_develop/esmf
20240901 002554.677 INFO             PET0 ESMF_COMM                   : mpiuni
20240901 002554.677 INFO             PET0 ESMF_MOAB                   : enabled
20240901 002554.677 INFO             PET0 ESMF_LAPACK                 : enabled
20240901 002554.677 INFO             PET0 ESMF_NETCDF                 : disabled
20240901 002554.677 INFO             PET0 ESMF_PNETCDF                : disabled
20240901 002554.677 INFO             PET0 ESMF_PIO                    : disabled
20240901 002554.677 INFO             PET0 ESMF_YAMLCPP                : enabled
20240901 002554.696 DEBUG            PET0 about to destroy Grid: 0x181ec00
20240901 002554.698 DEBUG            PET0 about to destroy Grid: 0x1820af0
20240901 002554.705 INFO             PET0  NUMBER_OF_PROCESSORS           1
20240901 002554.705 INFO             PET0  PASS  Example ESMF_NUOPCAtmModelEx, ESMF_NUOPCAtmModelEx.F90, line 806
20240901 002554.705 INFO             PET0  Finalizing ESMF
