2024-10-07 05:04:10
20241007 055322.138 INFO             PET0 !!!!!!!!!!!!!!!!!!!!!!!!!!!!!!!!!!!!!!!!!!!!!!!!!!!!!!
20241007 055322.138 INFO             PET0 !!! THE ESMF_LOG IS SET TO OUTPUT ALL LOG MESSAGES !!!
20241007 055322.138 INFO             PET0 !!!     THIS MAY CAUSE SLOWDOWN IN PERFORMANCE     !!!
20241007 055322.138 INFO             PET0 !!! FOR PRODUCTION RUNS, USE:                      !!!
20241007 055322.138 INFO             PET0 !!!                   ESMF_LOGKIND_Multi_On_Error  !!!
20241007 055322.138 INFO             PET0 !!!!!!!!!!!!!!!!!!!!!!!!!!!!!!!!!!!!!!!!!!!!!!!!!!!!!!
20241007 055322.138 INFO             PET0 Running with ESMF Version   : v8.7.0
20241007 055322.138 INFO             PET0 ESMF library build date/time: "Oct  7 2024" "05:00:50"
20241007 055322.138 INFO             PET0 ESMF library build location : /glade/derecho/scratch/sacks/esmf-testing/cce_15.0.1_mpiuni_O_v8.7.0/esmf
20241007 055322.138 INFO             PET0 ESMF_COMM                   : mpiuni
20241007 055322.139 INFO             PET0 ESMF_MOAB                   : enabled
20241007 055322.139 INFO             PET0 ESMF_LAPACK                 : enabled
20241007 055322.139 INFO             PET0 ESMF_NETCDF                 : enabled
20241007 055322.139 INFO             PET0 ESMF_PNETCDF                : disabled
20241007 055322.139 INFO             PET0 ESMF_PIO                    : enabled
20241007 055322.139 INFO             PET0 ESMF_YAMLCPP                : enabled
20241007 055322.139 INFO             PET0 ESMF Tracing Enabled
20241007 055322.139 INFO             PET0 ESMF Profiling Enabled
20241007 055322.139 INFO             PET0 ESMF Trace/Profile clock: REALTIME
20241007 055322.142 INFO             PET0  NUMBER_OF_PROCESSORS 1
20241007 055322.142 INFO             PET0  PASS  Example ESMF_TraceUserEx, ESMF_TraceUserEx.F90, line 125
20241007 055322.142 INFO             PET0  Finalizing ESMF
20241007 055322.142 INFO             PET0 **************** Region Timings *******************
20241007 055322.142 INFO             PET0 Region                Count  Total (s)   Self (s)    Mean (s)    Min (s)     Max (s)
20241007 055322.142 INFO             PET0   [ESMF]              1      0.0001      0.0001      0.0001      0.0001      0.0001
20241007 055322.142 INFO             PET0     outer_region      1      0.0000      0.0000      0.0000      0.0000      0.0000
20241007 055322.142 INFO             PET0       inner_region_1  10     0.0000      0.0000      0.0000      0.0000      0.0000
20241007 055322.142 INFO             PET0       inner_region_2  10     0.0000      0.0000      0.0000      0.0000      0.0000
