2024-10-04 06:01:56
20241004 071214.230 INFO             PET0 !!!!!!!!!!!!!!!!!!!!!!!!!!!!!!!!!!!!!!!!!!!!!!!!!!!!!!
20241004 071214.230 INFO             PET0 !!! THE ESMF_LOG IS SET TO OUTPUT ALL LOG MESSAGES !!!
20241004 071214.230 INFO             PET0 !!!     THIS MAY CAUSE SLOWDOWN IN PERFORMANCE     !!!
20241004 071214.230 INFO             PET0 !!! FOR PRODUCTION RUNS, USE:                      !!!
20241004 071214.230 INFO             PET0 !!!                   ESMF_LOGKIND_Multi_On_Error  !!!
20241004 071214.230 INFO             PET0 !!!!!!!!!!!!!!!!!!!!!!!!!!!!!!!!!!!!!!!!!!!!!!!!!!!!!!
20241004 071214.230 INFO             PET0 Running with ESMF Version   : v8.7.0
20241004 071214.230 INFO             PET0 ESMF library build date/time: "Oct  4 2024" "05:58:20"
20241004 071214.230 INFO             PET0 ESMF library build location : /glade/derecho/scratch/sacks/esmf-testing/cce_15.0.1_mpiuni_O_v8.7.0/esmf
20241004 071214.230 INFO             PET0 ESMF_COMM                   : mpiuni
20241004 071214.231 INFO             PET0 ESMF_MOAB                   : enabled
20241004 071214.231 INFO             PET0 ESMF_LAPACK                 : enabled
20241004 071214.231 INFO             PET0 ESMF_NETCDF                 : enabled
20241004 071214.231 INFO             PET0 ESMF_PNETCDF                : disabled
20241004 071214.231 INFO             PET0 ESMF_PIO                    : enabled
20241004 071214.231 INFO             PET0 ESMF_YAMLCPP                : enabled
20241004 071214.261 DEBUG            PET0 about to destroy Grid: 0x7a8310
20241004 071214.263 DEBUG            PET0 about to destroy Grid: 0x7ad940
20241004 071214.273 INFO             PET0  NUMBER_OF_PROCESSORS 1
20241004 071214.273 INFO             PET0  PASS  Example ESMF_NUOPCAtmModelEx, ESMF_NUOPCAtmModelEx.F90, line 806
20241004 071214.273 INFO             PET0  Finalizing ESMF
