2024-10-06 01:20:03
20241006 014743.583 INFO             PET0 !!!!!!!!!!!!!!!!!!!!!!!!!!!!!!!!!!!!!!!!!!!!!!!!!!!!!!
20241006 014743.584 INFO             PET0 !!! THE ESMF_LOG IS SET TO OUTPUT ALL LOG MESSAGES !!!
20241006 014743.584 INFO             PET0 !!!     THIS MAY CAUSE SLOWDOWN IN PERFORMANCE     !!!
20241006 014743.584 INFO             PET0 !!! FOR PRODUCTION RUNS, USE:                      !!!
20241006 014743.584 INFO             PET0 !!!                   ESMF_LOGKIND_Multi_On_Error  !!!
20241006 014743.584 INFO             PET0 !!!!!!!!!!!!!!!!!!!!!!!!!!!!!!!!!!!!!!!!!!!!!!!!!!!!!!
20241006 014743.584 INFO             PET0 Running with ESMF Version   : v8.7.0
20241006 014743.584 INFO             PET0 ESMF library build date/time: "Oct  6 2024" "01:18:02"
20241006 014743.584 INFO             PET0 ESMF library build location : /project/esmf/sacks/esmf-testing/gfortran_11.2.0_openmpi_O_v8.7.0/esmf
20241006 014743.584 INFO             PET0 ESMF_COMM                   : openmpi
20241006 014743.584 INFO             PET0 ESMF_MOAB                   : enabled
20241006 014743.584 INFO             PET0 ESMF_LAPACK                 : enabled
20241006 014743.584 INFO             PET0 ESMF_NETCDF                 : enabled
20241006 014743.584 INFO             PET0 ESMF_PNETCDF                : disabled
20241006 014743.584 INFO             PET0 ESMF_PIO                    : enabled
20241006 014743.584 INFO             PET0 ESMF_YAMLCPP                : enabled
20241006 014743.595 INFO             PET0 ESMF_FieldRedistStoreNF(): Just entered routine.
20241006 014743.679 INFO             PET0 ESMF_FieldRedistStoreNF(): Leaving routine.
20241006 014743.685 INFO             PET0  NUMBER_OF_PROCESSORS           4
20241006 014743.686 INFO             PET0  PASS  Example ESMF_RHandleFromRHandleEx, ESMF_RHandleFromRHandleEx.F90, line 660
20241006 014743.686 INFO             PET0  Finalizing ESMF
20241006 014743.583 INFO             PET1 !!!!!!!!!!!!!!!!!!!!!!!!!!!!!!!!!!!!!!!!!!!!!!!!!!!!!!
20241006 014743.584 INFO             PET1 !!! THE ESMF_LOG IS SET TO OUTPUT ALL LOG MESSAGES !!!
20241006 014743.584 INFO             PET1 !!!     THIS MAY CAUSE SLOWDOWN IN PERFORMANCE     !!!
20241006 014743.584 INFO             PET1 !!! FOR PRODUCTION RUNS, USE:                      !!!
20241006 014743.584 INFO             PET1 !!!                   ESMF_LOGKIND_Multi_On_Error  !!!
20241006 014743.584 INFO             PET1 !!!!!!!!!!!!!!!!!!!!!!!!!!!!!!!!!!!!!!!!!!!!!!!!!!!!!!
20241006 014743.584 INFO             PET1 Running with ESMF Version   : v8.7.0
20241006 014743.584 INFO             PET1 ESMF library build date/time: "Oct  6 2024" "01:18:02"
20241006 014743.584 INFO             PET1 ESMF library build location : /project/esmf/sacks/esmf-testing/gfortran_11.2.0_openmpi_O_v8.7.0/esmf
20241006 014743.584 INFO             PET1 ESMF_COMM                   : openmpi
20241006 014743.584 INFO             PET1 ESMF_MOAB                   : enabled
20241006 014743.584 INFO             PET1 ESMF_LAPACK                 : enabled
20241006 014743.584 INFO             PET1 ESMF_NETCDF                 : enabled
20241006 014743.584 INFO             PET1 ESMF_PNETCDF                : disabled
20241006 014743.584 INFO             PET1 ESMF_PIO                    : enabled
20241006 014743.584 INFO             PET1 ESMF_YAMLCPP                : enabled
20241006 014743.595 INFO             PET1 ESMF_FieldRedistStoreNF(): Just entered routine.
20241006 014743.679 INFO             PET1 ESMF_FieldRedistStoreNF(): Leaving routine.
20241006 014743.685 INFO             PET1  NUMBER_OF_PROCESSORS           4
20241006 014743.686 INFO             PET1  PASS  Example ESMF_RHandleFromRHandleEx, ESMF_RHandleFromRHandleEx.F90, line 660
20241006 014743.686 INFO             PET1  Finalizing ESMF
20241006 014743.583 INFO             PET2 !!!!!!!!!!!!!!!!!!!!!!!!!!!!!!!!!!!!!!!!!!!!!!!!!!!!!!
20241006 014743.584 INFO             PET2 !!! THE ESMF_LOG IS SET TO OUTPUT ALL LOG MESSAGES !!!
20241006 014743.584 INFO             PET2 !!!     THIS MAY CAUSE SLOWDOWN IN PERFORMANCE     !!!
20241006 014743.584 INFO             PET2 !!! FOR PRODUCTION RUNS, USE:                      !!!
20241006 014743.584 INFO             PET2 !!!                   ESMF_LOGKIND_Multi_On_Error  !!!
20241006 014743.584 INFO             PET2 !!!!!!!!!!!!!!!!!!!!!!!!!!!!!!!!!!!!!!!!!!!!!!!!!!!!!!
20241006 014743.584 INFO             PET2 Running with ESMF Version   : v8.7.0
20241006 014743.584 INFO             PET2 ESMF library build date/time: "Oct  6 2024" "01:18:02"
20241006 014743.584 INFO             PET2 ESMF library build location : /project/esmf/sacks/esmf-testing/gfortran_11.2.0_openmpi_O_v8.7.0/esmf
20241006 014743.584 INFO             PET2 ESMF_COMM                   : openmpi
20241006 014743.584 INFO             PET2 ESMF_MOAB                   : enabled
20241006 014743.584 INFO             PET2 ESMF_LAPACK                 : enabled
20241006 014743.584 INFO             PET2 ESMF_NETCDF                 : enabled
20241006 014743.584 INFO             PET2 ESMF_PNETCDF                : disabled
20241006 014743.584 INFO             PET2 ESMF_PIO                    : enabled
20241006 014743.584 INFO             PET2 ESMF_YAMLCPP                : enabled
20241006 014743.595 INFO             PET2 ESMF_FieldRedistStoreNF(): Just entered routine.
20241006 014743.679 INFO             PET2 ESMF_FieldRedistStoreNF(): Leaving routine.
20241006 014743.683 INFO             PET2  NUMBER_OF_PROCESSORS           4
20241006 014743.684 INFO             PET2  PASS  Example ESMF_RHandleFromRHandleEx, ESMF_RHandleFromRHandleEx.F90, line 660
20241006 014743.684 INFO             PET2  Finalizing ESMF
20241006 014743.583 INFO             PET3 !!!!!!!!!!!!!!!!!!!!!!!!!!!!!!!!!!!!!!!!!!!!!!!!!!!!!!
20241006 014743.585 INFO             PET3 !!! THE ESMF_LOG IS SET TO OUTPUT ALL LOG MESSAGES !!!
20241006 014743.585 INFO             PET3 !!!     THIS MAY CAUSE SLOWDOWN IN PERFORMANCE     !!!
20241006 014743.585 INFO             PET3 !!! FOR PRODUCTION RUNS, USE:                      !!!
20241006 014743.585 INFO             PET3 !!!                   ESMF_LOGKIND_Multi_On_Error  !!!
20241006 014743.585 INFO             PET3 !!!!!!!!!!!!!!!!!!!!!!!!!!!!!!!!!!!!!!!!!!!!!!!!!!!!!!
20241006 014743.585 INFO             PET3 Running with ESMF Version   : v8.7.0
20241006 014743.585 INFO             PET3 ESMF library build date/time: "Oct  6 2024" "01:18:02"
20241006 014743.585 INFO             PET3 ESMF library build location : /project/esmf/sacks/esmf-testing/gfortran_11.2.0_openmpi_O_v8.7.0/esmf
20241006 014743.585 INFO             PET3 ESMF_COMM                   : openmpi
20241006 014743.585 INFO             PET3 ESMF_MOAB                   : enabled
20241006 014743.585 INFO             PET3 ESMF_LAPACK                 : enabled
20241006 014743.585 INFO             PET3 ESMF_NETCDF                 : enabled
20241006 014743.585 INFO             PET3 ESMF_PNETCDF                : disabled
20241006 014743.585 INFO             PET3 ESMF_PIO                    : enabled
20241006 014743.585 INFO             PET3 ESMF_YAMLCPP                : enabled
20241006 014743.595 INFO             PET3 ESMF_FieldRedistStoreNF(): Just entered routine.
20241006 014743.679 INFO             PET3 ESMF_FieldRedistStoreNF(): Leaving routine.
20241006 014743.686 INFO             PET3  NUMBER_OF_PROCESSORS           4
20241006 014743.686 INFO             PET3  PASS  Example ESMF_RHandleFromRHandleEx, ESMF_RHandleFromRHandleEx.F90, line 660
20241006 014743.686 INFO             PET3  Finalizing ESMF
