2024-10-08 01:22:09
20241008 021052.419 INFO             PET0 !!!!!!!!!!!!!!!!!!!!!!!!!!!!!!!!!!!!!!!!!!!!!!!!!!!!!!
20241008 021052.421 INFO             PET0 !!! THE ESMF_LOG IS SET TO OUTPUT ALL LOG MESSAGES !!!
20241008 021052.421 INFO             PET0 !!!     THIS MAY CAUSE SLOWDOWN IN PERFORMANCE     !!!
20241008 021052.421 INFO             PET0 !!! FOR PRODUCTION RUNS, USE:                      !!!
20241008 021052.421 INFO             PET0 !!!                   ESMF_LOGKIND_Multi_On_Error  !!!
20241008 021052.421 INFO             PET0 !!!!!!!!!!!!!!!!!!!!!!!!!!!!!!!!!!!!!!!!!!!!!!!!!!!!!!
20241008 021052.421 INFO             PET0 Running with ESMF Version   : v8.7.0
20241008 021052.421 INFO             PET0 ESMF library build date/time: "Oct  8 2024" "01:20:09"
20241008 021052.421 INFO             PET0 ESMF library build location : /project/esmf/sacks/esmf-testing/gfortran_11.2.0_openmpi_O_v8.7.0/esmf
20241008 021052.421 INFO             PET0 ESMF_COMM                   : openmpi
20241008 021052.421 INFO             PET0 ESMF_MOAB                   : enabled
20241008 021052.421 INFO             PET0 ESMF_LAPACK                 : enabled
20241008 021052.421 INFO             PET0 ESMF_NETCDF                 : enabled
20241008 021052.421 INFO             PET0 ESMF_PNETCDF                : disabled
20241008 021052.421 INFO             PET0 ESMF_PIO                    : enabled
20241008 021052.421 INFO             PET0 ESMF_YAMLCPP                : enabled
20241008 021052.521 INFO             PET0  NUMBER_OF_PROCESSORS           4
20241008 021052.522 INFO             PET0  PASS  Example ESMF_MeshEx, ESMF_MeshEx.F90, line 1795
20241008 021052.522 INFO             PET0  Finalizing ESMF
20241008 021052.419 INFO             PET1 !!!!!!!!!!!!!!!!!!!!!!!!!!!!!!!!!!!!!!!!!!!!!!!!!!!!!!
20241008 021052.420 INFO             PET1 !!! THE ESMF_LOG IS SET TO OUTPUT ALL LOG MESSAGES !!!
20241008 021052.420 INFO             PET1 !!!     THIS MAY CAUSE SLOWDOWN IN PERFORMANCE     !!!
20241008 021052.420 INFO             PET1 !!! FOR PRODUCTION RUNS, USE:                      !!!
20241008 021052.420 INFO             PET1 !!!                   ESMF_LOGKIND_Multi_On_Error  !!!
20241008 021052.420 INFO             PET1 !!!!!!!!!!!!!!!!!!!!!!!!!!!!!!!!!!!!!!!!!!!!!!!!!!!!!!
20241008 021052.420 INFO             PET1 Running with ESMF Version   : v8.7.0
20241008 021052.420 INFO             PET1 ESMF library build date/time: "Oct  8 2024" "01:20:09"
20241008 021052.420 INFO             PET1 ESMF library build location : /project/esmf/sacks/esmf-testing/gfortran_11.2.0_openmpi_O_v8.7.0/esmf
20241008 021052.420 INFO             PET1 ESMF_COMM                   : openmpi
20241008 021052.420 INFO             PET1 ESMF_MOAB                   : enabled
20241008 021052.420 INFO             PET1 ESMF_LAPACK                 : enabled
20241008 021052.420 INFO             PET1 ESMF_NETCDF                 : enabled
20241008 021052.420 INFO             PET1 ESMF_PNETCDF                : disabled
20241008 021052.420 INFO             PET1 ESMF_PIO                    : enabled
20241008 021052.420 INFO             PET1 ESMF_YAMLCPP                : enabled
20241008 021052.521 INFO             PET1  NUMBER_OF_PROCESSORS           4
20241008 021052.522 INFO             PET1  PASS  Example ESMF_MeshEx, ESMF_MeshEx.F90, line 1795
20241008 021052.522 INFO             PET1  Finalizing ESMF
20241008 021052.419 INFO             PET2 !!!!!!!!!!!!!!!!!!!!!!!!!!!!!!!!!!!!!!!!!!!!!!!!!!!!!!
20241008 021052.420 INFO             PET2 !!! THE ESMF_LOG IS SET TO OUTPUT ALL LOG MESSAGES !!!
20241008 021052.420 INFO             PET2 !!!     THIS MAY CAUSE SLOWDOWN IN PERFORMANCE     !!!
20241008 021052.420 INFO             PET2 !!! FOR PRODUCTION RUNS, USE:                      !!!
20241008 021052.420 INFO             PET2 !!!                   ESMF_LOGKIND_Multi_On_Error  !!!
20241008 021052.420 INFO             PET2 !!!!!!!!!!!!!!!!!!!!!!!!!!!!!!!!!!!!!!!!!!!!!!!!!!!!!!
20241008 021052.420 INFO             PET2 Running with ESMF Version   : v8.7.0
20241008 021052.420 INFO             PET2 ESMF library build date/time: "Oct  8 2024" "01:20:09"
20241008 021052.420 INFO             PET2 ESMF library build location : /project/esmf/sacks/esmf-testing/gfortran_11.2.0_openmpi_O_v8.7.0/esmf
20241008 021052.420 INFO             PET2 ESMF_COMM                   : openmpi
20241008 021052.420 INFO             PET2 ESMF_MOAB                   : enabled
20241008 021052.420 INFO             PET2 ESMF_LAPACK                 : enabled
20241008 021052.420 INFO             PET2 ESMF_NETCDF                 : enabled
20241008 021052.420 INFO             PET2 ESMF_PNETCDF                : disabled
20241008 021052.420 INFO             PET2 ESMF_PIO                    : enabled
20241008 021052.420 INFO             PET2 ESMF_YAMLCPP                : enabled
20241008 021052.521 INFO             PET2  NUMBER_OF_PROCESSORS           4
20241008 021052.522 INFO             PET2  PASS  Example ESMF_MeshEx, ESMF_MeshEx.F90, line 1795
20241008 021052.522 INFO             PET2  Finalizing ESMF
20241008 021052.419 INFO             PET3 !!!!!!!!!!!!!!!!!!!!!!!!!!!!!!!!!!!!!!!!!!!!!!!!!!!!!!
20241008 021052.421 INFO             PET3 !!! THE ESMF_LOG IS SET TO OUTPUT ALL LOG MESSAGES !!!
20241008 021052.421 INFO             PET3 !!!     THIS MAY CAUSE SLOWDOWN IN PERFORMANCE     !!!
20241008 021052.421 INFO             PET3 !!! FOR PRODUCTION RUNS, USE:                      !!!
20241008 021052.421 INFO             PET3 !!!                   ESMF_LOGKIND_Multi_On_Error  !!!
20241008 021052.421 INFO             PET3 !!!!!!!!!!!!!!!!!!!!!!!!!!!!!!!!!!!!!!!!!!!!!!!!!!!!!!
20241008 021052.421 INFO             PET3 Running with ESMF Version   : v8.7.0
20241008 021052.421 INFO             PET3 ESMF library build date/time: "Oct  8 2024" "01:20:09"
20241008 021052.421 INFO             PET3 ESMF library build location : /project/esmf/sacks/esmf-testing/gfortran_11.2.0_openmpi_O_v8.7.0/esmf
20241008 021052.421 INFO             PET3 ESMF_COMM                   : openmpi
20241008 021052.421 INFO             PET3 ESMF_MOAB                   : enabled
20241008 021052.421 INFO             PET3 ESMF_LAPACK                 : enabled
20241008 021052.421 INFO             PET3 ESMF_NETCDF                 : enabled
20241008 021052.421 INFO             PET3 ESMF_PNETCDF                : disabled
20241008 021052.421 INFO             PET3 ESMF_PIO                    : enabled
20241008 021052.421 INFO             PET3 ESMF_YAMLCPP                : enabled
20241008 021052.521 INFO             PET3  NUMBER_OF_PROCESSORS           4
20241008 021052.522 INFO             PET3  PASS  Example ESMF_MeshEx, ESMF_MeshEx.F90, line 1795
20241008 021052.522 INFO             PET3  Finalizing ESMF
