2024-10-03 01:20:24
20241003 015059.772 INFO             PET0 !!!!!!!!!!!!!!!!!!!!!!!!!!!!!!!!!!!!!!!!!!!!!!!!!!!!!!
20241003 015059.774 INFO             PET0 !!! THE ESMF_LOG IS SET TO OUTPUT ALL LOG MESSAGES !!!
20241003 015059.774 INFO             PET0 !!!     THIS MAY CAUSE SLOWDOWN IN PERFORMANCE     !!!
20241003 015059.774 INFO             PET0 !!! FOR PRODUCTION RUNS, USE:                      !!!
20241003 015059.774 INFO             PET0 !!!                   ESMF_LOGKIND_Multi_On_Error  !!!
20241003 015059.774 INFO             PET0 !!!!!!!!!!!!!!!!!!!!!!!!!!!!!!!!!!!!!!!!!!!!!!!!!!!!!!
20241003 015059.774 INFO             PET0 Running with ESMF Version   : v8.7.0b14-6-gd29442cb2f
20241003 015059.774 INFO             PET0 ESMF library build date/time: "Oct  3 2024" "01:18:24"
20241003 015059.774 INFO             PET0 ESMF library build location : /project/esmf/sacks/esmf-testing/gfortran_11.2.0_openmpi_O_release_8.7.0/esmf
20241003 015059.774 INFO             PET0 ESMF_COMM                   : openmpi
20241003 015059.774 INFO             PET0 ESMF_MOAB                   : enabled
20241003 015059.774 INFO             PET0 ESMF_LAPACK                 : enabled
20241003 015059.774 INFO             PET0 ESMF_NETCDF                 : enabled
20241003 015059.774 INFO             PET0 ESMF_PNETCDF                : disabled
20241003 015059.774 INFO             PET0 ESMF_PIO                    : enabled
20241003 015059.774 INFO             PET0 ESMF_YAMLCPP                : enabled
20241003 015059.828 DEBUG            PET0 about to destroy Grid: 0x7fd1c2822800
20241003 015059.832 DEBUG            PET0 about to destroy Grid: 0x7fd1c2828a00
20241003 015059.847 INFO             PET0  NUMBER_OF_PROCESSORS           4
20241003 015059.847 INFO             PET0  PASS  Example ESMF_NUOPCAtmModelEx, ESMF_NUOPCAtmModelEx.F90, line 806
20241003 015059.847 INFO             PET0  Finalizing ESMF
20241003 015059.772 INFO             PET1 !!!!!!!!!!!!!!!!!!!!!!!!!!!!!!!!!!!!!!!!!!!!!!!!!!!!!!
20241003 015059.773 INFO             PET1 !!! THE ESMF_LOG IS SET TO OUTPUT ALL LOG MESSAGES !!!
20241003 015059.773 INFO             PET1 !!!     THIS MAY CAUSE SLOWDOWN IN PERFORMANCE     !!!
20241003 015059.773 INFO             PET1 !!! FOR PRODUCTION RUNS, USE:                      !!!
20241003 015059.773 INFO             PET1 !!!                   ESMF_LOGKIND_Multi_On_Error  !!!
20241003 015059.773 INFO             PET1 !!!!!!!!!!!!!!!!!!!!!!!!!!!!!!!!!!!!!!!!!!!!!!!!!!!!!!
20241003 015059.773 INFO             PET1 Running with ESMF Version   : v8.7.0b14-6-gd29442cb2f
20241003 015059.773 INFO             PET1 ESMF library build date/time: "Oct  3 2024" "01:18:24"
20241003 015059.773 INFO             PET1 ESMF library build location : /project/esmf/sacks/esmf-testing/gfortran_11.2.0_openmpi_O_release_8.7.0/esmf
20241003 015059.773 INFO             PET1 ESMF_COMM                   : openmpi
20241003 015059.773 INFO             PET1 ESMF_MOAB                   : enabled
20241003 015059.773 INFO             PET1 ESMF_LAPACK                 : enabled
20241003 015059.773 INFO             PET1 ESMF_NETCDF                 : enabled
20241003 015059.773 INFO             PET1 ESMF_PNETCDF                : disabled
20241003 015059.773 INFO             PET1 ESMF_PIO                    : enabled
20241003 015059.773 INFO             PET1 ESMF_YAMLCPP                : enabled
20241003 015059.828 DEBUG            PET1 about to destroy Grid: 0x7ff77c034200
20241003 015059.832 DEBUG            PET1 about to destroy Grid: 0x7ff77c03a600
20241003 015059.847 INFO             PET1  NUMBER_OF_PROCESSORS           4
20241003 015059.847 INFO             PET1  PASS  Example ESMF_NUOPCAtmModelEx, ESMF_NUOPCAtmModelEx.F90, line 806
20241003 015059.847 INFO             PET1  Finalizing ESMF
20241003 015059.772 INFO             PET2 !!!!!!!!!!!!!!!!!!!!!!!!!!!!!!!!!!!!!!!!!!!!!!!!!!!!!!
20241003 015059.773 INFO             PET2 !!! THE ESMF_LOG IS SET TO OUTPUT ALL LOG MESSAGES !!!
20241003 015059.773 INFO             PET2 !!!     THIS MAY CAUSE SLOWDOWN IN PERFORMANCE     !!!
20241003 015059.773 INFO             PET2 !!! FOR PRODUCTION RUNS, USE:                      !!!
20241003 015059.773 INFO             PET2 !!!                   ESMF_LOGKIND_Multi_On_Error  !!!
20241003 015059.773 INFO             PET2 !!!!!!!!!!!!!!!!!!!!!!!!!!!!!!!!!!!!!!!!!!!!!!!!!!!!!!
20241003 015059.773 INFO             PET2 Running with ESMF Version   : v8.7.0b14-6-gd29442cb2f
20241003 015059.773 INFO             PET2 ESMF library build date/time: "Oct  3 2024" "01:18:24"
20241003 015059.773 INFO             PET2 ESMF library build location : /project/esmf/sacks/esmf-testing/gfortran_11.2.0_openmpi_O_release_8.7.0/esmf
20241003 015059.773 INFO             PET2 ESMF_COMM                   : openmpi
20241003 015059.773 INFO             PET2 ESMF_MOAB                   : enabled
20241003 015059.773 INFO             PET2 ESMF_LAPACK                 : enabled
20241003 015059.773 INFO             PET2 ESMF_NETCDF                 : enabled
20241003 015059.773 INFO             PET2 ESMF_PNETCDF                : disabled
20241003 015059.773 INFO             PET2 ESMF_PIO                    : enabled
20241003 015059.773 INFO             PET2 ESMF_YAMLCPP                : enabled
20241003 015059.828 DEBUG            PET2 about to destroy Grid: 0x7f7fae815600
20241003 015059.832 DEBUG            PET2 about to destroy Grid: 0x7f7fae816200
20241003 015059.847 INFO             PET2  NUMBER_OF_PROCESSORS           4
20241003 015059.847 INFO             PET2  PASS  Example ESMF_NUOPCAtmModelEx, ESMF_NUOPCAtmModelEx.F90, line 806
20241003 015059.847 INFO             PET2  Finalizing ESMF
20241003 015059.772 INFO             PET3 !!!!!!!!!!!!!!!!!!!!!!!!!!!!!!!!!!!!!!!!!!!!!!!!!!!!!!
20241003 015059.773 INFO             PET3 !!! THE ESMF_LOG IS SET TO OUTPUT ALL LOG MESSAGES !!!
20241003 015059.773 INFO             PET3 !!!     THIS MAY CAUSE SLOWDOWN IN PERFORMANCE     !!!
20241003 015059.773 INFO             PET3 !!! FOR PRODUCTION RUNS, USE:                      !!!
20241003 015059.773 INFO             PET3 !!!                   ESMF_LOGKIND_Multi_On_Error  !!!
20241003 015059.773 INFO             PET3 !!!!!!!!!!!!!!!!!!!!!!!!!!!!!!!!!!!!!!!!!!!!!!!!!!!!!!
20241003 015059.773 INFO             PET3 Running with ESMF Version   : v8.7.0b14-6-gd29442cb2f
20241003 015059.773 INFO             PET3 ESMF library build date/time: "Oct  3 2024" "01:18:24"
20241003 015059.773 INFO             PET3 ESMF library build location : /project/esmf/sacks/esmf-testing/gfortran_11.2.0_openmpi_O_release_8.7.0/esmf
20241003 015059.773 INFO             PET3 ESMF_COMM                   : openmpi
20241003 015059.773 INFO             PET3 ESMF_MOAB                   : enabled
20241003 015059.773 INFO             PET3 ESMF_LAPACK                 : enabled
20241003 015059.773 INFO             PET3 ESMF_NETCDF                 : enabled
20241003 015059.773 INFO             PET3 ESMF_PNETCDF                : disabled
20241003 015059.773 INFO             PET3 ESMF_PIO                    : enabled
20241003 015059.773 INFO             PET3 ESMF_YAMLCPP                : enabled
20241003 015059.828 DEBUG            PET3 about to destroy Grid: 0x7fe605811c00
20241003 015059.832 DEBUG            PET3 about to destroy Grid: 0x7fe60580ae00
20241003 015059.847 INFO             PET3  NUMBER_OF_PROCESSORS           4
20241003 015059.847 INFO             PET3  PASS  Example ESMF_NUOPCAtmModelEx, ESMF_NUOPCAtmModelEx.F90, line 806
20241003 015059.847 INFO             PET3  Finalizing ESMF
