2024-10-03 01:20:24
20241003 014759.153 INFO             PET0 !!!!!!!!!!!!!!!!!!!!!!!!!!!!!!!!!!!!!!!!!!!!!!!!!!!!!!
20241003 014759.154 INFO             PET0 !!! THE ESMF_LOG IS SET TO OUTPUT ALL LOG MESSAGES !!!
20241003 014759.154 INFO             PET0 !!!     THIS MAY CAUSE SLOWDOWN IN PERFORMANCE     !!!
20241003 014759.154 INFO             PET0 !!! FOR PRODUCTION RUNS, USE:                      !!!
20241003 014759.154 INFO             PET0 !!!                   ESMF_LOGKIND_Multi_On_Error  !!!
20241003 014759.154 INFO             PET0 !!!!!!!!!!!!!!!!!!!!!!!!!!!!!!!!!!!!!!!!!!!!!!!!!!!!!!
20241003 014759.154 INFO             PET0 Running with ESMF Version   : v8.7.0b14-6-gd29442cb2f
20241003 014759.154 INFO             PET0 ESMF library build date/time: "Oct  3 2024" "01:18:24"
20241003 014759.154 INFO             PET0 ESMF library build location : /project/esmf/sacks/esmf-testing/gfortran_11.2.0_openmpi_O_release_8.7.0/esmf
20241003 014759.154 INFO             PET0 ESMF_COMM                   : openmpi
20241003 014759.154 INFO             PET0 ESMF_MOAB                   : enabled
20241003 014759.154 INFO             PET0 ESMF_LAPACK                 : enabled
20241003 014759.154 INFO             PET0 ESMF_NETCDF                 : enabled
20241003 014759.154 INFO             PET0 ESMF_PNETCDF                : disabled
20241003 014759.154 INFO             PET0 ESMF_PIO                    : enabled
20241003 014759.154 INFO             PET0 ESMF_YAMLCPP                : enabled
20241003 014759.154 INFO             PET0  NUMBER_OF_PROCESSORS           1
20241003 014759.154 INFO             PET0  PASS  Example CalendarEx, ESMF_CalendarEx.F90, line 217
20241003 014759.154 INFO             PET0  Finalizing ESMF
