/bin/sh: line 1: [: -ge: unary operator expected
/bin/sh: line 1: [: -ge: unary operator expected
 
--------------------------------------------------------------
ESMF_VERSION_STRING:      8.7.0 beta snapshot
ESMF_VERSION_STRING_GIT: v8.7.0b11
--------------------------------------------------------------
On branch develop
Your branch is up to date with 'origin/develop'.

nothing to commit, working tree clean
--------------------------------------------------------------
 
--------------------------------------------------------------
Make version:
GNU Make 4.3
Built for x86_64-redhat-linux-gnu
Copyright (C) 1988-2020 Free Software Foundation, Inc.
License GPLv3+: GNU GPL version 3 or later <http://gnu.org/licenses/gpl.html>
This is free software: you are free to change and redistribute it.
There is NO WARRANTY, to the extent permitted by law.

--------------------------------------------------------------
CMake version:
cmake version 3.26.3

CMake suite maintained and supported by Kitware (kitware.com/cmake).

--------------------------------------------------------------
Fortran Compiler version:
/bin/sh: line 1: mpiifort: command not found

--------------------------------------------------------------
C++ Compiler version:
/bin/sh: line 1: mpiicpc: command not found

--------------------------------------------------------------
C Compiler version:
/bin/sh: line 1: mpiicc: command not found

--------------------------------------------------------------
Preprocessor version:
gcc (GCC) 11.3.1 20220421 (Red Hat 11.3.1-2)
Copyright (C) 2021 Free Software Foundation, Inc.
This is free software; see the source for copying conditions.  There is NO
warranty; not even for MERCHANTABILITY or FITNESS FOR A PARTICULAR PURPOSE.

--------------------------------------------------------------
NetCDF library version: netCDF 4.9.2
/bin/sh: line 1: nf-config: command not found
NetCDF Fortran version: 
 
--------------------------------------------------------------
 * User set ESMF environment variables *
ESMF_BOPT=g
ESMF_COMM=intelmpi
ESMF_COMPILER=intel
ESMF_DIR=/work/noaa/da/mpotts/sandbox/intel_2020.2.1_intelmpi_g_develop/esmf
ESMF_MPIRUN=mpirun.srun
ESMF_NETCDF=nc-config
ESMF_TESTEXHAUSTIVE=ON
ESMF_TESTWITHTHREADS=ON
 
--------------------------------------------------------------
 * ESMF environment variables *
ESMF_DIR: /work/noaa/da/mpotts/sandbox/intel_2020.2.1_intelmpi_g_develop/esmf
ESMF_OS:                   Linux
ESMF_MACHINE:              x86_64
ESMF_ABI:                  64
ESMF_COMPILER:             intel
ESMF_BOPT:                 g
ESMF_COMM:                 intelmpi
ESMF_SITE:                 default
ESMF_PTHREADS:             ON
ESMF_OPENMP:               ON
ESMF_OPENACC:              OFF
ESMF_CXXSTD:               11
ESMF_ARRAY_LITE:           FALSE
ESMF_NO_INTEGER_1_BYTE:    TRUE
ESMF_NO_INTEGER_2_BYTE:    TRUE
ESMF_FORTRANSYMBOLS:       default
ESMF_MAPPER_BUILD:         OFF
ESMF_AUTO_LIB_BUILD:       ON
ESMF_DEFER_LIB_BUILD:      ON
ESMF_SHARED_LIB_BUILD:     ON
ESMF_TRACE_LIB_BUILD:      ON
ESMF_TRACE_BUILD_SHARED:   ON
ESMF_TRACE_PRELOAD_LINKED: OFF
ESMF_TESTEXHAUSTIVE:       ON
ESMF_TESTPERFORMANCE:      ON
ESMF_TESTCOMPTUNNEL:       ON
ESMF_TESTWITHTHREADS:      ON
ESMF_TESTMPMD:             OFF
ESMF_TESTSHAREDOBJ:        OFF
ESMF_TESTFORCEOPENMP:      OFF
ESMF_TESTFORCEOPENACC:     OFF
ESMF_TESTHARNESS_ARRAY:    default
ESMF_TESTHARNESS_FIELD:    default
ESMF_MPIRUN:               /work/noaa/da/mpotts/sandbox/intel_2020.2.1_intelmpi_g_develop/esmf/scripts/mpirun.srun 
 
--------------------------------------------------------------
 * ESMF environment variables pointing to 3rd party software *
ESMF_MOAB:               internal
ESMF_LAPACK:             internal
ESMF_ACC_SOFTWARE_STACK: none
ESMF_NETCDF:             nc-config
ESMF_NETCDF_INCLUDE:     /apps/spack-managed/gcc-11.3.1/netcdf-c-4.9.2-yjlphf2mkfbvqjfqmvtqs2fd44zglg2z/include
ESMF_NETCDF_LIBS:        -lnetcdf
ESMF_NETCDF_LIBPATH:     /apps/spack-managed/gcc-11.3.1/netcdf-c-4.9.2-yjlphf2mkfbvqjfqmvtqs2fd44zglg2z/lib
ESMF_PIO:                internal
ESMF_PIO_LIBS:           -lpioc
ESMF_YAMLCPP:            internal
 
--------------------------------------------------------------
 * ESMF environment variables for final installation *
ESMF_INSTALL_PREFIX:    ./DEFAULTINSTALLDIR
ESMF_INSTALL_HEADERDIR: include
ESMF_INSTALL_MODDIR:    mod/modg/Linux.intel.64.intelmpi.default
ESMF_INSTALL_LIBDIR:    lib/libg/Linux.intel.64.intelmpi.default
ESMF_INSTALL_BINDIR:    bin/bing/Linux.intel.64.intelmpi.default
ESMF_INSTALL_DOCDIR:    doc
 
--------------------------------------------------------------
 * ESMF Benchmark directory and parameters *
ESMF_BENCHMARK_PREFIX:         ./DEFAULTBENCHMARKDIR
ESMF_BENCHMARK_TOLERANCE:      20%
ESMF_BENCHMARK_THRESHOLD_MSEC: 500
 
--------------------------------------------------------------
 * Other relevant environment variables *
PATH:     /apps/spack-managed/gcc-11.3.1/netcdf-c-4.9.2-yjlphf2mkfbvqjfqmvtqs2fd44zglg2z/bin:/apps/spack-managed/gcc-11.3.1/python-3.10.8-4kb4l6xa6dx4qnzyf5sctojg5vidplmo/bin:/apps/spack-managed/gcc-11.3.1/cmake-3.26.3-dfdvqxif5tziw2vi4hi623hp7jjcunev/bin:/apps/spack-managed/gcc-11.3.1/qt-5.15.8-d47tsna6f5dylcpblkfgw4gpn2cucihd/bin:/apps/spack-managed/gcc-11.3.1/sqlite-3.39.4-q5yj3mngfpzv2onwt6v2bouttzozkcrv/bin:/apps/spack-managed/gcc-11.3.1/libxkbcommon-1.4.0-ssicsdwazunlm2o5ttwz2okrpgezgajb/bin:/apps/python-3.7.5/bin:/usr/sbin:/usr/bin:/apps/sbin:/apps/bin:/opt/slurm/bin
LD_LIBRARY_PATH: /apps/spack-managed/gcc-11.3.1/netcdf-c-4.9.2-yjlphf2mkfbvqjfqmvtqs2fd44zglg2z/lib:/apps/spack-managed/gcc-11.3.1/python-3.10.8-4kb4l6xa6dx4qnzyf5sctojg5vidplmo/lib:/apps/spack-managed/gcc-11.3.1/qt-5.15.8-d47tsna6f5dylcpblkfgw4gpn2cucihd/lib:/apps/spack-managed/gcc-11.3.1/sqlite-3.39.4-q5yj3mngfpzv2onwt6v2bouttzozkcrv/lib:/apps/spack-managed/gcc-11.3.1/zlib-1.2.13-ltp4c3zzde3zi3gf7x4b7c7nj5ww4i4g/lib:/apps/spack-managed/gcc-11.3.1/libxkbcommon-1.4.0-ssicsdwazunlm2o5ttwz2okrpgezgajb/lib:/usr/lib64:/usr/lib:/opt/slurm/lib:/apps/python-3.7.5/lib
LDFLAGS:  
CXXFLAGS: 
FCFLAGS:  
CFLAGS:   
 
--------------------------------------------------------------
 * Compilers, Linkers, Flags, and Libraries *
Location of the preprocessor:      /usr/bin/gcc
/usr/bin/which: no mpiifort in (/apps/spack-managed/gcc-11.3.1/netcdf-c-4.9.2-yjlphf2mkfbvqjfqmvtqs2fd44zglg2z/bin:/apps/spack-managed/gcc-11.3.1/python-3.10.8-4kb4l6xa6dx4qnzyf5sctojg5vidplmo/bin:/apps/spack-managed/gcc-11.3.1/cmake-3.26.3-dfdvqxif5tziw2vi4hi623hp7jjcunev/bin:/apps/spack-managed/gcc-11.3.1/qt-5.15.8-d47tsna6f5dylcpblkfgw4gpn2cucihd/bin:/apps/spack-managed/gcc-11.3.1/sqlite-3.39.4-q5yj3mngfpzv2onwt6v2bouttzozkcrv/bin:/apps/spack-managed/gcc-11.3.1/libxkbcommon-1.4.0-ssicsdwazunlm2o5ttwz2okrpgezgajb/bin:/apps/python-3.7.5/bin:/usr/sbin:/usr/bin:/apps/sbin:/apps/bin:/opt/slurm/bin)
Location of the Fortran compiler: 
/usr/bin/which: no mpiifort in (/apps/spack-managed/gcc-11.3.1/netcdf-c-4.9.2-yjlphf2mkfbvqjfqmvtqs2fd44zglg2z/bin:/apps/spack-managed/gcc-11.3.1/python-3.10.8-4kb4l6xa6dx4qnzyf5sctojg5vidplmo/bin:/apps/spack-managed/gcc-11.3.1/cmake-3.26.3-dfdvqxif5tziw2vi4hi623hp7jjcunev/bin:/apps/spack-managed/gcc-11.3.1/qt-5.15.8-d47tsna6f5dylcpblkfgw4gpn2cucihd/bin:/apps/spack-managed/gcc-11.3.1/sqlite-3.39.4-q5yj3mngfpzv2onwt6v2bouttzozkcrv/bin:/apps/spack-managed/gcc-11.3.1/libxkbcommon-1.4.0-ssicsdwazunlm2o5ttwz2okrpgezgajb/bin:/apps/python-3.7.5/bin:/usr/sbin:/usr/bin:/apps/sbin:/apps/bin:/opt/slurm/bin)
Location of the Fortran linker:   
/usr/bin/which: no mpiicpc in (/apps/spack-managed/gcc-11.3.1/netcdf-c-4.9.2-yjlphf2mkfbvqjfqmvtqs2fd44zglg2z/bin:/apps/spack-managed/gcc-11.3.1/python-3.10.8-4kb4l6xa6dx4qnzyf5sctojg5vidplmo/bin:/apps/spack-managed/gcc-11.3.1/cmake-3.26.3-dfdvqxif5tziw2vi4hi623hp7jjcunev/bin:/apps/spack-managed/gcc-11.3.1/qt-5.15.8-d47tsna6f5dylcpblkfgw4gpn2cucihd/bin:/apps/spack-managed/gcc-11.3.1/sqlite-3.39.4-q5yj3mngfpzv2onwt6v2bouttzozkcrv/bin:/apps/spack-managed/gcc-11.3.1/libxkbcommon-1.4.0-ssicsdwazunlm2o5ttwz2okrpgezgajb/bin:/apps/python-3.7.5/bin:/usr/sbin:/usr/bin:/apps/sbin:/apps/bin:/opt/slurm/bin)
Location of the C++ compiler:     
/usr/bin/which: no mpiicpc in (/apps/spack-managed/gcc-11.3.1/netcdf-c-4.9.2-yjlphf2mkfbvqjfqmvtqs2fd44zglg2z/bin:/apps/spack-managed/gcc-11.3.1/python-3.10.8-4kb4l6xa6dx4qnzyf5sctojg5vidplmo/bin:/apps/spack-managed/gcc-11.3.1/cmake-3.26.3-dfdvqxif5tziw2vi4hi623hp7jjcunev/bin:/apps/spack-managed/gcc-11.3.1/qt-5.15.8-d47tsna6f5dylcpblkfgw4gpn2cucihd/bin:/apps/spack-managed/gcc-11.3.1/sqlite-3.39.4-q5yj3mngfpzv2onwt6v2bouttzozkcrv/bin:/apps/spack-managed/gcc-11.3.1/libxkbcommon-1.4.0-ssicsdwazunlm2o5ttwz2okrpgezgajb/bin:/apps/python-3.7.5/bin:/usr/sbin:/usr/bin:/apps/sbin:/apps/bin:/opt/slurm/bin)
Location of the C++ linker:       
/usr/bin/which: no mpiicc in (/apps/spack-managed/gcc-11.3.1/netcdf-c-4.9.2-yjlphf2mkfbvqjfqmvtqs2fd44zglg2z/bin:/apps/spack-managed/gcc-11.3.1/python-3.10.8-4kb4l6xa6dx4qnzyf5sctojg5vidplmo/bin:/apps/spack-managed/gcc-11.3.1/cmake-3.26.3-dfdvqxif5tziw2vi4hi623hp7jjcunev/bin:/apps/spack-managed/gcc-11.3.1/qt-5.15.8-d47tsna6f5dylcpblkfgw4gpn2cucihd/bin:/apps/spack-managed/gcc-11.3.1/sqlite-3.39.4-q5yj3mngfpzv2onwt6v2bouttzozkcrv/bin:/apps/spack-managed/gcc-11.3.1/libxkbcommon-1.4.0-ssicsdwazunlm2o5ttwz2okrpgezgajb/bin:/apps/python-3.7.5/bin:/usr/sbin:/usr/bin:/apps/sbin:/apps/bin:/opt/slurm/bin)
Location of the C compiler:       
/usr/bin/which: no mpiicc in (/apps/spack-managed/gcc-11.3.1/netcdf-c-4.9.2-yjlphf2mkfbvqjfqmvtqs2fd44zglg2z/bin:/apps/spack-managed/gcc-11.3.1/python-3.10.8-4kb4l6xa6dx4qnzyf5sctojg5vidplmo/bin:/apps/spack-managed/gcc-11.3.1/cmake-3.26.3-dfdvqxif5tziw2vi4hi623hp7jjcunev/bin:/apps/spack-managed/gcc-11.3.1/qt-5.15.8-d47tsna6f5dylcpblkfgw4gpn2cucihd/bin:/apps/spack-managed/gcc-11.3.1/sqlite-3.39.4-q5yj3mngfpzv2onwt6v2bouttzozkcrv/bin:/apps/spack-managed/gcc-11.3.1/libxkbcommon-1.4.0-ssicsdwazunlm2o5ttwz2okrpgezgajb/bin:/apps/python-3.7.5/bin:/usr/sbin:/usr/bin:/apps/sbin:/apps/bin:/opt/slurm/bin)
Location of the C linker:         

Fortran compiler flags:
ESMF_F90COMPILER: mpiifort
ESMF_F90COMPILEOPTS: -g -traceback -check arg_temp_created,bounds,format,output_conversion,stack -fPIC -debug minimal -assume realloc_lhs -m64 -mcmodel=small -pthread -threads -openmp
ESMF_F90COMPILEPATHS: -I/work/noaa/da/mpotts/sandbox/intel_2020.2.1_intelmpi_g_develop/esmf/mod/modg/Linux.intel.64.intelmpi.default -I/work/noaa/da/mpotts/sandbox/intel_2020.2.1_intelmpi_g_develop/esmf/src/include -I/apps/spack-managed/gcc-11.3.1/netcdf-c-4.9.2-yjlphf2mkfbvqjfqmvtqs2fd44zglg2z/include
ESMF_F90COMPILECPPFLAGS: -DESMF_NO_INTEGER_1_BYTE -DESMF_NO_INTEGER_2_BYTE -DESMF_VERSION_STRING_GIT='v8.7.0b11' -DESMF_MOAB=1 -DESMF_LAPACK=1 -DESMF_LAPACK_INTERNAL=1 -DESMF_NO_ACC_SOFTWARE_STACK=1 -DESMF_NETCDF=1 -DESMF_YAMLCPP=1 -DESMF_YAML=1 -DESMF_PIO=1 -DESMF_NO_OPENACC -DESMF_TESTEXHAUSTIVE -DESMF_BOPT_g -DESMF_TESTPERFORMANCE -DESMF_TESTCOMPTUNNEL -DESMF_TESTWITHTHREADS -DSx86_64_small=1 -DESMF_OS_Linux=1 -DESMF_COMM=intelmpi -DESMF_DIR=/work/noaa/da/mpotts/sandbox/intel_2020.2.1_intelmpi_g_develop/esmf
ESMF_F90COMPILEFREECPP: 
ESMF_F90COMPILEFREENOCPP: 
ESMF_F90COMPILEFIXCPP: 
ESMF_F90COMPILEFIXNOCPP: 

Fortran linker flags:
ESMF_F90LINKOPTS:  -m64 -mcmodel=small -pthread -threads -cxxlib -Wl,--no-as-needed -openmp
ESMF_F90LINKPATHS: -L/work/noaa/da/mpotts/sandbox/intel_2020.2.1_intelmpi_g_develop/esmf/lib/libg/Linux.intel.64.intelmpi.default -L/apps/spack-managed/gcc-11.3.1/netcdf-c-4.9.2-yjlphf2mkfbvqjfqmvtqs2fd44zglg2z/lib
ESMF_F90LINKRPATHS: -Wl,-rpath,/work/noaa/da/mpotts/sandbox/intel_2020.2.1_intelmpi_g_develop/esmf/lib/libg/Linux.intel.64.intelmpi.default -Wl,-rpath,/apps/spack-managed/gcc-11.3.1/netcdf-c-4.9.2-yjlphf2mkfbvqjfqmvtqs2fd44zglg2z/lib 
ESMF_F90LINKLIBS: -lrt -ldl -lnetcdf -lpioc
ESMF_F90ESMFLINKLIBS: -lesmf -lrt -ldl -lnetcdf -lpioc

C++ compiler flags:
ESMF_CXXCOMPILER: mpiicpc
ESMF_CXXCOMPILEOPTS: -std=c++11 -g -traceback -Wcheck -fPIC -debug minimal -m64 -mcmodel=small -pthread -openmp
ESMF_CXXCOMPILEPATHS: -I/work/noaa/da/mpotts/sandbox/intel_2020.2.1_intelmpi_g_develop/esmf/src/include  -I/apps/spack-managed/gcc-11.3.1/netcdf-c-4.9.2-yjlphf2mkfbvqjfqmvtqs2fd44zglg2z/include -I/work/noaa/da/mpotts/sandbox/intel_2020.2.1_intelmpi_g_develop/esmf/src/prologue/yaml-cpp/include
ESMF_CXXCOMPILECPPFLAGS: -DESMF_NO_INTEGER_1_BYTE -DESMF_NO_INTEGER_2_BYTE -DESMF_VERSION_STRING_GIT='v8.7.0b11' -DESMF_MOAB=1 -DESMF_LAPACK=1 -DESMF_LAPACK_INTERNAL=1 -DESMF_NO_ACC_SOFTWARE_STACK=1 -DESMF_NETCDF=1 -DESMF_YAMLCPP=1 -DESMF_YAML=1 -DESMF_PIO=1 -DESMF_NO_OPENACC -DESMF_TESTEXHAUSTIVE -DESMF_BOPT_g -DESMF_TESTPERFORMANCE -DESMF_TESTCOMPTUNNEL -DESMF_TESTWITHTHREADS -DSx86_64_small=1 -DESMF_OS_Linux=1 -DESMF_COMM=intelmpi -DESMF_DIR=/work/noaa/da/mpotts/sandbox/intel_2020.2.1_intelmpi_g_develop/esmf -D__SDIR__='' -DESMF_CXXSTD=11

C++ linker flags:
ESMF_CXXLINKOPTS:  -m64 -mcmodel=small -pthread -Wl,--no-as-needed -openmp
ESMF_CXXLINKPATHS: -L/work/noaa/da/mpotts/sandbox/intel_2020.2.1_intelmpi_g_develop/esmf/lib/libg/Linux.intel.64.intelmpi.default -L/apps/spack-managed/gcc-11.3.1/netcdf-c-4.9.2-yjlphf2mkfbvqjfqmvtqs2fd44zglg2z/lib -L
ESMF_CXXLINKRPATHS: -Wl,-rpath,/work/noaa/da/mpotts/sandbox/intel_2020.2.1_intelmpi_g_develop/esmf/lib/libg/Linux.intel.64.intelmpi.default -Wl,-rpath,/apps/spack-managed/gcc-11.3.1/netcdf-c-4.9.2-yjlphf2mkfbvqjfqmvtqs2fd44zglg2z/lib  -Wl,-rpath,
ESMF_CXXLINKLIBS:  -lrt -ldl -lnetcdf -lpioc
ESMF_CXXESMFLINKLIBS: -lesmf  -lrt -ldl -lnetcdf -lpioc

C compiler flags:
ESMF_CCOMPILER: mpiicc
ESMF_CCOMPILEOPTS: -std=c99 -g -fPIC -debug minimal -openmp
ESMF_CCOMPILEPATHS: -I/work/noaa/da/mpotts/sandbox/intel_2020.2.1_intelmpi_g_develop/esmf/src/include  
ESMF_CCOMPILECPPFLAGS: -DESMF_NO_INTEGER_1_BYTE -DESMF_NO_INTEGER_2_BYTE -DESMF_VERSION_STRING_GIT='v8.7.0b11' -DESMF_MOAB=1 -DESMF_LAPACK=1 -DESMF_LAPACK_INTERNAL=1 -DESMF_NO_ACC_SOFTWARE_STACK=1 -DESMF_NETCDF=1 -DESMF_YAMLCPP=1 -DESMF_YAML=1 -DESMF_PIO=1 -DESMF_NO_OPENACC -DESMF_TESTEXHAUSTIVE -DESMF_BOPT_g -DESMF_TESTPERFORMANCE -DESMF_TESTCOMPTUNNEL -DESMF_TESTWITHTHREADS -DSx86_64_small=1 -DESMF_OS_Linux=1 -DESMF_COMM=intelmpi -DESMF_DIR=/work/noaa/da/mpotts/sandbox/intel_2020.2.1_intelmpi_g_develop/esmf -D__SDIR__='' -DESMF_CSTD=99

C linker flags:
ESMF_CLINKOPTS:  -openmp
ESMF_CLINKPATHS: -L/work/noaa/da/mpotts/sandbox/intel_2020.2.1_intelmpi_g_develop/esmf/lib/libg/Linux.intel.64.intelmpi.default -L/apps/spack-managed/gcc-11.3.1/netcdf-c-4.9.2-yjlphf2mkfbvqjfqmvtqs2fd44zglg2z/lib -L -L/work/noaa/da/mpotts/sandbox/intel_2020.2.1_intelmpi_g_develop/esmf/lib/libg/Linux.intel.64.intelmpi.default -L/apps/spack-managed/gcc-11.3.1/netcdf-c-4.9.2-yjlphf2mkfbvqjfqmvtqs2fd44zglg2z/lib
ESMF_CLINKRPATHS: -Wl,-rpath,/work/noaa/da/mpotts/sandbox/intel_2020.2.1_intelmpi_g_develop/esmf/lib/libg/Linux.intel.64.intelmpi.default -Wl,-rpath,/apps/spack-managed/gcc-11.3.1/netcdf-c-4.9.2-yjlphf2mkfbvqjfqmvtqs2fd44zglg2z/lib -Wl,-rpath,/work/noaa/da/mpotts/sandbox/intel_2020.2.1_intelmpi_g_develop/esmf/lib/libg/Linux.intel.64.intelmpi.default -Wl,-rpath,/apps/spack-managed/gcc-11.3.1/netcdf-c-4.9.2-yjlphf2mkfbvqjfqmvtqs2fd44zglg2z/lib
ESMF_CLINKLIBS:  -lrt -ldl -lnetcdf -lpioc -lrt -ldl -lnetcdf -lpioc
ESMF_CESMFLINKLIBS: -lesmf  -lrt -ldl -lnetcdf -lpioc -lrt -ldl -lnetcdf -lpioc

Shared library build:
ESMF_SL_LIBS_TO_MAKE: libesmf
ESMF_SL_SUFFIX:       so
ESMF_SL_LIBLINKER:    mpiicpc
ESMF_SL_LIBOPTS:      -pthread -shared -openmp
ESMF_SL_LIBLIBS:      

ESMF Tracing linker options:
ESMF_TRACE_LDPRELOAD=/work/noaa/da/mpotts/sandbox/intel_2020.2.1_intelmpi_g_develop/esmf/lib/libg/Linux.intel.64.intelmpi.default/libesmftrace_preload.so
ESMF_TRACE_STATICLINKOPTS=-static -Wl,--wrap=c_esmftrace_notify_wrappers -Wl,--wrap=c_esmftrace_isinitialized -Wl,--wrap=write -Wl,--wrap=writev -Wl,--wrap=pwrite -Wl,--wrap=read -Wl,--wrap=open -Wl,--wrap=MPI_Allgather -Wl,--wrap=MPI_Allgatherv -Wl,--wrap=MPI_Allreduce -Wl,--wrap=MPI_Alltoall -Wl,--wrap=MPI_Alltoallv -Wl,--wrap=MPI_Alltoallw -Wl,--wrap=MPI_Barrier -Wl,--wrap=MPI_Bcast -Wl,--wrap=MPI_Bsend -Wl,--wrap=MPI_Gather -Wl,--wrap=MPI_Gatherv -Wl,--wrap=MPI_Iprobe -Wl,--wrap=MPI_Irecv -Wl,--wrap=MPI_Irsend -Wl,--wrap=MPI_Isend -Wl,--wrap=MPI_Issend -Wl,--wrap=MPI_Probe -Wl,--wrap=MPI_Recv -Wl,--wrap=MPI_Reduce -Wl,--wrap=MPI_Rsend -Wl,--wrap=MPI_Scan -Wl,--wrap=MPI_Scatter -Wl,--wrap=MPI_Scatterv -Wl,--wrap=MPI_Send -Wl,--wrap=MPI_Sendrecv -Wl,--wrap=MPI_Test -Wl,--wrap=MPI_Testall -Wl,--wrap=MPI_Testany -Wl,--wrap=MPI_Testsome -Wl,--wrap=MPI_Wait -Wl,--wrap=MPI_Waitall -Wl,--wrap=MPI_Waitany -Wl,--wrap=MPI_Waitsome -Wl,--wrap=mpi_allgather_ -Wl,--wrap=mpi_allgather__ -Wl,--wrap=mpi_allgatherv_ -Wl,--wrap=mpi_allgatherv__ -Wl,--wrap=mpi_allreduce_ -Wl,--wrap=mpi_allreduce__ -Wl,--wrap=mpi_alltoall_ -Wl,--wrap=mpi_alltoall__ -Wl,--wrap=mpi_alltoallv_ -Wl,--wrap=mpi_alltoallv__ -Wl,--wrap=mpi_alltoallw_ -Wl,--wrap=mpi_alltoallw__ -Wl,--wrap=mpi_barrier_ -Wl,--wrap=mpi_barrier__ -Wl,--wrap=mpi_bcast_ -Wl,--wrap=mpi_bcast__ -Wl,--wrap=mpi_bsend_ -Wl,--wrap=mpi_bsend__ -Wl,--wrap=mpi_exscan_ -Wl,--wrap=mpi_exscan__ -Wl,--wrap=mpi_gather_ -Wl,--wrap=mpi_gather__ -Wl,--wrap=mpi_gatherv_ -Wl,--wrap=mpi_gatherv__ -Wl,--wrap=mpi_iprobe_ -Wl,--wrap=mpi_iprobe__ -Wl,--wrap=mpi_irecv_ -Wl,--wrap=mpi_irecv__ -Wl,--wrap=mpi_irsend_ -Wl,--wrap=mpi_irsend__ -Wl,--wrap=mpi_isend_ -Wl,--wrap=mpi_isend__ -Wl,--wrap=mpi_issend_ -Wl,--wrap=mpi_issend__ -Wl,--wrap=mpi_probe_ -Wl,--wrap=mpi_probe__ -Wl,--wrap=mpi_recv_ -Wl,--wrap=mpi_recv__ -Wl,--wrap=mpi_reduce_ -Wl,--wrap=mpi_reduce__ -Wl,--wrap=mpi_reduce_scatter_ -Wl,--wrap=mpi_reduce_scatter__ -Wl,--wrap=mpi_rsend_ -Wl,--wrap=mpi_rsend__ -Wl,--wrap=mpi_scatter_ -Wl,--wrap=mpi_scatter__ -Wl,--wrap=mpi_scatterv_ -Wl,--wrap=mpi_scatterv__ -Wl,--wrap=mpi_scan_ -Wl,--wrap=mpi_scan__ -Wl,--wrap=mpi_send_ -Wl,--wrap=mpi_send__ -Wl,--wrap=mpi_sendrecv_ -Wl,--wrap=mpi_sendrecv__ -Wl,--wrap=mpi_test_ -Wl,--wrap=mpi_test__ -Wl,--wrap=mpi_testall_ -Wl,--wrap=mpi_testall__ -Wl,--wrap=mpi_testany_ -Wl,--wrap=mpi_testany__ -Wl,--wrap=mpi_testsome_ -Wl,--wrap=mpi_testsome__ -Wl,--wrap=mpi_wait_ -Wl,--wrap=mpi_wait__ -Wl,--wrap=mpi_waitall_ -Wl,--wrap=mpi_waitall__ -Wl,--wrap=mpi_waitany_ -Wl,--wrap=mpi_waitany__
ESMF_TRACE_STATICLINKLIBS=-lesmftrace_static
ESMF_TRACE_DYNAMICLINKLIBS=-lesmftrace_preload
ESMF_F90ESMFPRELOADLINKLIBS=-lesmf -lesmftrace_preload -lrt -ldl -lnetcdf -lpioc


--------------------------------------------------------------
Compiling on Thu Aug 15 02:19:52 AM CDT 2024 on orion-03-04
Machine characteristics: Linux orion-03-04 5.14.0-162.23.1.el9_1.x86_64 #1 SMP PREEMPT_DYNAMIC Tue Apr 11 19:09:37 UTC 2023 x86_64 x86_64 x86_64 GNU/Linux
==============================================================
 
