2024-10-06 00:27:06
20241006 004327.250 INFO             PET0 !!!!!!!!!!!!!!!!!!!!!!!!!!!!!!!!!!!!!!!!!!!!!!!!!!!!!!
20241006 004327.250 INFO             PET0 !!! THE ESMF_LOG IS SET TO OUTPUT ALL LOG MESSAGES !!!
20241006 004327.250 INFO             PET0 !!!     THIS MAY CAUSE SLOWDOWN IN PERFORMANCE     !!!
20241006 004327.250 INFO             PET0 !!! FOR PRODUCTION RUNS, USE:                      !!!
20241006 004327.250 INFO             PET0 !!!                   ESMF_LOGKIND_Multi_On_Error  !!!
20241006 004327.250 INFO             PET0 !!!!!!!!!!!!!!!!!!!!!!!!!!!!!!!!!!!!!!!!!!!!!!!!!!!!!!
20241006 004327.250 INFO             PET0 Running with ESMF Version   : v8.7.0
20241006 004327.250 INFO             PET0 ESMF library build date/time: "Oct  6 2024" "00:26:15"
20241006 004327.250 INFO             PET0 ESMF library build location : /home/gerhard/ESMF-Nightly-Testing/gfortranclang_7.5.0_16.0.3_mpiuni_g_v8.7.0/esmf
20241006 004327.250 INFO             PET0 ESMF_COMM                   : mpiuni
20241006 004327.250 INFO             PET0 ESMF_MOAB                   : enabled
20241006 004327.250 INFO             PET0 ESMF_LAPACK                 : enabled
20241006 004327.250 INFO             PET0 ESMF_NETCDF                 : disabled
20241006 004327.250 INFO             PET0 ESMF_PNETCDF                : disabled
20241006 004327.250 INFO             PET0 ESMF_PIO                    : disabled
20241006 004327.250 INFO             PET0 ESMF_YAMLCPP                : enabled
20241006 004327.250 INFO             PET0  NUMBER_OF_PROCESSORS           1
20241006 004327.250 INFO             PET0  PASS  Example ESMF_InternalStateModEx, ESMF_InternalStateModEx.F90, line 239
20241006 004327.250 INFO             PET0  Finalizing ESMF
