2024-08-25 07:41:41
20240825 083020.670 INFO             PET0 !!!!!!!!!!!!!!!!!!!!!!!!!!!!!!!!!!!!!!!!!!!!!!!!!!!!!!
20240825 083020.670 INFO             PET0 !!! THE ESMF_LOG IS SET TO OUTPUT ALL LOG MESSAGES !!!
20240825 083020.670 INFO             PET0 !!!     THIS MAY CAUSE SLOWDOWN IN PERFORMANCE     !!!
20240825 083020.670 INFO             PET0 !!! FOR PRODUCTION RUNS, USE:                      !!!
20240825 083020.670 INFO             PET0 !!!                   ESMF_LOGKIND_Multi_On_Error  !!!
20240825 083020.670 INFO             PET0 !!!!!!!!!!!!!!!!!!!!!!!!!!!!!!!!!!!!!!!!!!!!!!!!!!!!!!
20240825 083020.670 INFO             PET0 Running with ESMF Version   : v8.7.0b11-5-gfda68a9ac3
20240825 083020.670 INFO             PET0 ESMF library build date/time: "Aug 25 2024" "07:38:08"
20240825 083020.670 INFO             PET0 ESMF library build location : /scratch2/NCEPDEV/stmp1/Gerhard.Theurich/ESMF-Nightly-Testing/nvhpc_24.1_mpiuni_O_develop/esmf
20240825 083020.670 INFO             PET0 ESMF_COMM                   : mpiuni
20240825 083020.671 INFO             PET0 ESMF_MOAB                   : enabled
20240825 083020.671 INFO             PET0 ESMF_LAPACK                 : enabled
20240825 083020.671 INFO             PET0 ESMF_NETCDF                 : disabled
20240825 083020.671 INFO             PET0 ESMF_PNETCDF                : disabled
20240825 083020.671 INFO             PET0 ESMF_PIO                    : disabled
20240825 083020.671 INFO             PET0 ESMF_YAMLCPP                : enabled
20240825 083020.673 INFO             PET0 ESMF_FieldRedistStoreNF(): Just entered routine.
20240825 083020.767 INFO             PET0 ESMF_FieldRedistStoreNF(): Leaving routine.
20240825 083020.775 INFO             PET0  NUMBER_OF_PROCESSORS            1
20240825 083020.781 INFO             PET0  PASS  Example ESMF_RHandleFromFileEx, ESMF_RHandleFromFileEx.F90, line 192
20240825 083020.782 INFO             PET0  Finalizing ESMF
