2024-08-14 07:48:02
20240814 083739.447 INFO             PET0 !!!!!!!!!!!!!!!!!!!!!!!!!!!!!!!!!!!!!!!!!!!!!!!!!!!!!!
20240814 083739.447 INFO             PET0 !!! THE ESMF_LOG IS SET TO OUTPUT ALL LOG MESSAGES !!!
20240814 083739.447 INFO             PET0 !!!     THIS MAY CAUSE SLOWDOWN IN PERFORMANCE     !!!
20240814 083739.448 INFO             PET0 !!! FOR PRODUCTION RUNS, USE:                      !!!
20240814 083739.448 INFO             PET0 !!!                   ESMF_LOGKIND_Multi_On_Error  !!!
20240814 083739.448 INFO             PET0 !!!!!!!!!!!!!!!!!!!!!!!!!!!!!!!!!!!!!!!!!!!!!!!!!!!!!!
20240814 083739.448 INFO             PET0 Running with ESMF Version   : v8.7.0b11
20240814 083739.448 INFO             PET0 ESMF library build date/time: "Aug 14 2024" "07:44:13"
20240814 083739.448 INFO             PET0 ESMF library build location : /scratch2/NCEPDEV/stmp1/Gerhard.Theurich/ESMF-Nightly-Testing/nvhpc_24.1_mpiuni_O_develop/esmf
20240814 083739.448 INFO             PET0 ESMF_COMM                   : mpiuni
20240814 083739.449 INFO             PET0 ESMF_MOAB                   : enabled
20240814 083739.449 INFO             PET0 ESMF_LAPACK                 : enabled
20240814 083739.449 INFO             PET0 ESMF_NETCDF                 : disabled
20240814 083739.449 INFO             PET0 ESMF_PNETCDF                : disabled
20240814 083739.449 INFO             PET0 ESMF_PIO                    : disabled
20240814 083739.449 INFO             PET0 ESMF_YAMLCPP                : enabled
20240814 083739.450 INFO             PET0  NUMBER_OF_PROCESSORS            1
20240814 083739.450 INFO             PET0  PASS  Example ESMF_StateReconcileEx, ESMF_StateReconcileEx.F90, line 294
20240814 083739.450 INFO             PET0  Finalizing ESMF
