2024-09-07 07:38:13
20240907 082346.668 INFO             PET0 !!!!!!!!!!!!!!!!!!!!!!!!!!!!!!!!!!!!!!!!!!!!!!!!!!!!!!
20240907 082346.669 INFO             PET0 !!! THE ESMF_LOG IS SET TO OUTPUT ALL LOG MESSAGES !!!
20240907 082346.669 INFO             PET0 !!!     THIS MAY CAUSE SLOWDOWN IN PERFORMANCE     !!!
20240907 082346.669 INFO             PET0 !!! FOR PRODUCTION RUNS, USE:                      !!!
20240907 082346.669 INFO             PET0 !!!                   ESMF_LOGKIND_Multi_On_Error  !!!
20240907 082346.669 INFO             PET0 !!!!!!!!!!!!!!!!!!!!!!!!!!!!!!!!!!!!!!!!!!!!!!!!!!!!!!
20240907 082346.669 INFO             PET0 Running with ESMF Version   : v8.7.0b13-3-gedb848d90b
20240907 082346.669 INFO             PET0 ESMF library build date/time: "Sep  7 2024" "07:34:49"
20240907 082346.669 INFO             PET0 ESMF library build location : /scratch2/NCEPDEV/stmp1/Gerhard.Theurich/ESMF-Nightly-Testing/nvhpc_24.1_mpiuni_O_develop/esmf
20240907 082346.669 INFO             PET0 ESMF_COMM                   : mpiuni
20240907 082346.669 INFO             PET0 ESMF_MOAB                   : enabled
20240907 082346.669 INFO             PET0 ESMF_LAPACK                 : enabled
20240907 082346.669 INFO             PET0 ESMF_NETCDF                 : disabled
20240907 082346.669 INFO             PET0 ESMF_PNETCDF                : disabled
20240907 082346.669 INFO             PET0 ESMF_PIO                    : disabled
20240907 082346.669 INFO             PET0 ESMF_YAMLCPP                : enabled
20240907 082346.669 INFO             PET0 ESMF Tracing Enabled
20240907 082346.669 INFO             PET0 ESMF Profiling Enabled
20240907 082346.669 INFO             PET0 ESMF Trace/Profile clock: REALTIME
20240907 082346.671 INFO             PET0  NUMBER_OF_PROCESSORS            1
20240907 082346.671 INFO             PET0  PASS  Example ESMF_TraceEx, ESMF_TraceEx.F90, line 178
20240907 082346.671 INFO             PET0  Finalizing ESMF
20240907 082346.671 INFO             PET0 **************** Region Timings *******************
20240907 082346.671 INFO             PET0 Region              Count  Total (s)   Self (s)    Mean (s)    Min (s)     Max (s)
20240907 082346.671 INFO             PET0   [ESMF]            1      0.0008      0.0008      0.0008      0.0008      0.0008
20240907 082346.671 INFO             PET0     [test] Run 1    5      0.0000      0.0000      0.0000      0.0000      0.0000
20240907 082346.671 INFO             PET0     [test] Init 1   1      0.0000      0.0000      0.0000      0.0000      0.0000
20240907 082346.671 INFO             PET0     [test] Final 1  1      0.0000      0.0000      0.0000      0.0000      0.0000
