2024-08-22 07:40:25
20240822 082920.675 INFO             PET0 !!!!!!!!!!!!!!!!!!!!!!!!!!!!!!!!!!!!!!!!!!!!!!!!!!!!!!
20240822 082920.676 INFO             PET0 !!! THE ESMF_LOG IS SET TO OUTPUT ALL LOG MESSAGES !!!
20240822 082920.676 INFO             PET0 !!!     THIS MAY CAUSE SLOWDOWN IN PERFORMANCE     !!!
20240822 082920.676 INFO             PET0 !!! FOR PRODUCTION RUNS, USE:                      !!!
20240822 082920.676 INFO             PET0 !!!                   ESMF_LOGKIND_Multi_On_Error  !!!
20240822 082920.676 INFO             PET0 !!!!!!!!!!!!!!!!!!!!!!!!!!!!!!!!!!!!!!!!!!!!!!!!!!!!!!
20240822 082920.676 INFO             PET0 Running with ESMF Version   : v8.7.0b11-5-gfda68a9ac3
20240822 082920.676 INFO             PET0 ESMF library build date/time: "Aug 22 2024" "07:36:56"
20240822 082920.676 INFO             PET0 ESMF library build location : /scratch2/NCEPDEV/stmp1/Gerhard.Theurich/ESMF-Nightly-Testing/nvhpc_24.1_mpiuni_O_develop/esmf
20240822 082920.676 INFO             PET0 ESMF_COMM                   : mpiuni
20240822 082920.676 INFO             PET0 ESMF_MOAB                   : enabled
20240822 082920.676 INFO             PET0 ESMF_LAPACK                 : enabled
20240822 082920.676 INFO             PET0 ESMF_NETCDF                 : disabled
20240822 082920.676 INFO             PET0 ESMF_PNETCDF                : disabled
20240822 082920.676 INFO             PET0 ESMF_PIO                    : disabled
20240822 082920.676 INFO             PET0 ESMF_YAMLCPP                : enabled
20240822 082920.676 INFO             PET0 Log Write 2
20240822 082920.677 ERROR            PET0 Invalid object  - Convergence failure
20240822 082920.677 ERROR            PET0 ESMCI_Time.C:866 ESMCI::Time::syncToRealTime() Wrong argument specified  - ; calkindflag is NOCALENDAR. Only GREGORIAN and JULIAN are supported when syncing to real time.
20240822 082920.677 ERROR            PET0 ESMF_Time.F90:1485 ESMF_TimeSyncToRealTime() Wrong argument specified  - Internal subroutine call returned Error
20240822 082920.677 ERROR            PET0 Wrong argument specified  - getting wall clock time
20240822 082920.678 INFO             PET0  NUMBER_OF_PROCESSORS            1
20240822 082920.678 INFO             PET0  PASS  Example ESMF_LogErrEx, ESMF_LogErrEx.F90, line 186
20240822 082920.678 INFO             PET0  Finalizing ESMF
