2024-09-03 07:45:35
20240903 083306.964 INFO             PET0 !!!!!!!!!!!!!!!!!!!!!!!!!!!!!!!!!!!!!!!!!!!!!!!!!!!!!!
20240903 083306.964 INFO             PET0 !!! THE ESMF_LOG IS SET TO OUTPUT ALL LOG MESSAGES !!!
20240903 083306.964 INFO             PET0 !!!     THIS MAY CAUSE SLOWDOWN IN PERFORMANCE     !!!
20240903 083306.964 INFO             PET0 !!! FOR PRODUCTION RUNS, USE:                      !!!
20240903 083306.964 INFO             PET0 !!!                   ESMF_LOGKIND_Multi_On_Error  !!!
20240903 083306.964 INFO             PET0 !!!!!!!!!!!!!!!!!!!!!!!!!!!!!!!!!!!!!!!!!!!!!!!!!!!!!!
20240903 083306.964 INFO             PET0 Running with ESMF Version   : v8.7.0b12-2-gbfe22b56ac
20240903 083306.964 INFO             PET0 ESMF library build date/time: "Sep  3 2024" "07:41:58"
20240903 083306.964 INFO             PET0 ESMF library build location : /scratch2/NCEPDEV/stmp1/Gerhard.Theurich/ESMF-Nightly-Testing/nvhpc_24.1_mpiuni_O_develop/esmf
20240903 083306.964 INFO             PET0 ESMF_COMM                   : mpiuni
20240903 083306.965 INFO             PET0 ESMF_MOAB                   : enabled
20240903 083306.965 INFO             PET0 ESMF_LAPACK                 : enabled
20240903 083306.965 INFO             PET0 ESMF_NETCDF                 : disabled
20240903 083306.965 INFO             PET0 ESMF_PNETCDF                : disabled
20240903 083306.965 INFO             PET0 ESMF_PIO                    : disabled
20240903 083306.965 INFO             PET0 ESMF_YAMLCPP                : enabled
20240903 083307.000 INFO             PET0  NUMBER_OF_PROCESSORS            1
20240903 083307.000 INFO             PET0  PASS  Example ESMF_ConfigOverviewEx, ESMF_ConfigOverviewEx.F90, line 638
20240903 083307.000 INFO             PET0  Finalizing ESMF
