2024-09-15 07:42:00
20240915 083123.874 INFO             PET0 !!!!!!!!!!!!!!!!!!!!!!!!!!!!!!!!!!!!!!!!!!!!!!!!!!!!!!
20240915 083123.875 INFO             PET0 !!! THE ESMF_LOG IS SET TO OUTPUT ALL LOG MESSAGES !!!
20240915 083123.875 INFO             PET0 !!!     THIS MAY CAUSE SLOWDOWN IN PERFORMANCE     !!!
20240915 083123.875 INFO             PET0 !!! FOR PRODUCTION RUNS, USE:                      !!!
20240915 083123.875 INFO             PET0 !!!                   ESMF_LOGKIND_Multi_On_Error  !!!
20240915 083123.875 INFO             PET0 !!!!!!!!!!!!!!!!!!!!!!!!!!!!!!!!!!!!!!!!!!!!!!!!!!!!!!
20240915 083123.875 INFO             PET0 Running with ESMF Version   : v8.7.0b14
20240915 083123.875 INFO             PET0 ESMF library build date/time: "Sep 15 2024" "07:37:55"
20240915 083123.875 INFO             PET0 ESMF library build location : /scratch2/NCEPDEV/stmp1/Gerhard.Theurich/ESMF-Nightly-Testing/nvhpc_24.1_mpiuni_O_develop/esmf
20240915 083123.875 INFO             PET0 ESMF_COMM                   : mpiuni
20240915 083123.875 INFO             PET0 ESMF_MOAB                   : enabled
20240915 083123.875 INFO             PET0 ESMF_LAPACK                 : enabled
20240915 083123.875 INFO             PET0 ESMF_NETCDF                 : disabled
20240915 083123.875 INFO             PET0 ESMF_PNETCDF                : disabled
20240915 083123.875 INFO             PET0 ESMF_PIO                    : disabled
20240915 083123.875 INFO             PET0 ESMF_YAMLCPP                : enabled
20240915 083123.876 INFO             PET0  NUMBER_OF_PROCESSORS            1
20240915 083123.876 INFO             PET0  PASS  Example ESMF_WebServicesEx, ESMF_WebServicesEx.F90, line 227
20240915 083123.876 INFO             PET0  Finalizing ESMF
