2024-10-03 16:27:29
20241003 164418.979 INFO             PET0 !!!!!!!!!!!!!!!!!!!!!!!!!!!!!!!!!!!!!!!!!!!!!!!!!!!!!!
20241003 164418.979 INFO             PET0 !!! THE ESMF_LOG IS SET TO OUTPUT ALL LOG MESSAGES !!!
20241003 164418.979 INFO             PET0 !!!     THIS MAY CAUSE SLOWDOWN IN PERFORMANCE     !!!
20241003 164418.979 INFO             PET0 !!! FOR PRODUCTION RUNS, USE:                      !!!
20241003 164418.979 INFO             PET0 !!!                   ESMF_LOGKIND_Multi_On_Error  !!!
20241003 164418.979 INFO             PET0 !!!!!!!!!!!!!!!!!!!!!!!!!!!!!!!!!!!!!!!!!!!!!!!!!!!!!!
20241003 164418.979 INFO             PET0 Running with ESMF Version   : v8.7.0
20241003 164418.979 INFO             PET0 ESMF library build date/time: "Oct  3 2024" "16:26:36"
20241003 164418.979 INFO             PET0 ESMF library build location : /Users/oehmke/ESMF_AutoTest/gfortranclang_12.2.0_14.0.0_mpich_g_v8.7.0/esmf
20241003 164418.979 INFO             PET0 ESMF_COMM                   : mpich
20241003 164418.979 INFO             PET0 ESMF_MOAB                   : enabled
20241003 164418.979 INFO             PET0 ESMF_LAPACK                 : enabled
20241003 164418.979 INFO             PET0 ESMF_NETCDF                 : enabled
20241003 164418.979 INFO             PET0 ESMF_PNETCDF                : disabled
20241003 164418.979 INFO             PET0 ESMF_PIO                    : enabled
20241003 164418.979 INFO             PET0 ESMF_YAMLCPP                : enabled
20241003 164418.982 INFO             PET0  NUMBER_OF_PROCESSORS           1
20241003 164418.982 INFO             PET0  PASS  Example ESMF_XGridSparseMatEx, ESMF_XGridSparseMatEx.F90, line 642
20241003 164418.982 INFO             PET0  Finalizing ESMF
20241003 164418.982 INFO             PET0 ESMCI_IO_Handler.C:335 ESMCI::IO_Handler::finalize() 
20241003 164418.982 INFO             PET0 ESMCI_PIO_Handler.C:356 ESMCI::PIO_Handler::finalize() 
20241003 164418.982 INFO             PET0 ESMCI_IO_Handler.C:337 ESMCI::IO_Handler::finalize() after finalize, localrc = 0
20241003 164418.982 INFO             PET0 ESMCI_IO_Handler.C:360 ESMCI::IO_Handler::finalize() before return, localrc = 0
