2024-09-23 03:45:40
20240923 043634.380 INFO             PET0 !!!!!!!!!!!!!!!!!!!!!!!!!!!!!!!!!!!!!!!!!!!!!!!!!!!!!!
20240923 043634.381 INFO             PET0 !!! THE ESMF_LOG IS SET TO OUTPUT ALL LOG MESSAGES !!!
20240923 043634.381 INFO             PET0 !!!     THIS MAY CAUSE SLOWDOWN IN PERFORMANCE     !!!
20240923 043634.381 INFO             PET0 !!! FOR PRODUCTION RUNS, USE:                      !!!
20240923 043634.381 INFO             PET0 !!!                   ESMF_LOGKIND_Multi_On_Error  !!!
20240923 043634.381 INFO             PET0 !!!!!!!!!!!!!!!!!!!!!!!!!!!!!!!!!!!!!!!!!!!!!!!!!!!!!!
20240923 043634.381 INFO             PET0 Running with ESMF Version   : v8.7.0b14-1-g2597b0a993
20240923 043634.381 INFO             PET0 ESMF library build date/time: "Sep 23 2024" "03:42:07"
20240923 043634.381 INFO             PET0 ESMF library build location : /glade/derecho/scratch/sacks/esmf-testing/nvhpc_23.7_mpiuni_g_release_8.7.0/esmf
20240923 043634.381 INFO             PET0 ESMF_COMM                   : mpiuni
20240923 043634.381 INFO             PET0 ESMF_MOAB                   : enabled
20240923 043634.381 INFO             PET0 ESMF_LAPACK                 : enabled
20240923 043634.381 INFO             PET0 ESMF_NETCDF                 : enabled
20240923 043634.381 INFO             PET0 ESMF_PNETCDF                : disabled
20240923 043634.381 INFO             PET0 ESMF_PIO                    : enabled
20240923 043634.381 INFO             PET0 ESMF_YAMLCPP                : enabled
20240923 043634.381 INFO             PET0  NUMBER_OF_PROCESSORS            1
20240923 043634.382 INFO             PET0  PASS  Example ESMF_VMUserMpiEx, ESMF_VMUserMpiEx.F90, line 96
20240923 043634.382 INFO             PET0  Finalizing ESMF with endflag==ESMF_END_KEEPMPI
