2024-10-07 03:28:40
20241007 042049.596 INFO             PET0 !!!!!!!!!!!!!!!!!!!!!!!!!!!!!!!!!!!!!!!!!!!!!!!!!!!!!!
20241007 042049.596 INFO             PET0 !!! THE ESMF_LOG IS SET TO OUTPUT ALL LOG MESSAGES !!!
20241007 042049.596 INFO             PET0 !!!     THIS MAY CAUSE SLOWDOWN IN PERFORMANCE     !!!
20241007 042049.596 INFO             PET0 !!! FOR PRODUCTION RUNS, USE:                      !!!
20241007 042049.596 INFO             PET0 !!!                   ESMF_LOGKIND_Multi_On_Error  !!!
20241007 042049.596 INFO             PET0 !!!!!!!!!!!!!!!!!!!!!!!!!!!!!!!!!!!!!!!!!!!!!!!!!!!!!!
20241007 042049.596 INFO             PET0 Running with ESMF Version   : v8.7.0
20241007 042049.596 INFO             PET0 ESMF library build date/time: "Oct  7 2024" "03:25:38"
20241007 042049.596 INFO             PET0 ESMF library build location : /glade/derecho/scratch/sacks/esmf-testing/intel_2023.2.1-classic_mpi_O_v8.7.0/esmf
20241007 042049.596 INFO             PET0 ESMF_COMM                   : mpi
20241007 042049.600 INFO             PET0 ESMF_MOAB                   : enabled
20241007 042049.600 INFO             PET0 ESMF_LAPACK                 : enabled
20241007 042049.600 INFO             PET0 ESMF_NETCDF                 : enabled
20241007 042049.600 INFO             PET0 ESMF_PNETCDF                : disabled
20241007 042049.600 INFO             PET0 ESMF_PIO                    : enabled
20241007 042049.600 INFO             PET0 ESMF_YAMLCPP                : enabled
20241007 042049.610 INFO             PET0  NUMBER_OF_PROCESSORS           4
20241007 042049.610 INFO             PET0  PASS  Example ESMF_VMUserMpiCommMultiEx, ESMF_VMUserMpiCommMultiEx.F90, line 126
20241007 042049.610 INFO             PET0  Finalizing ESMF with endflag==ESMF_END_KEEPMPI
20241007 042049.795 INFO             PET0 !!!!!!!!!!!!!!!!!!!!!!!!!!!!!!!!!!!!!!!!!!!!!!!!!!!!!!
20241007 042049.795 INFO             PET0 !!! THE ESMF_LOG IS SET TO OUTPUT ALL LOG MESSAGES !!!
20241007 042049.795 INFO             PET0 !!!     THIS MAY CAUSE SLOWDOWN IN PERFORMANCE     !!!
20241007 042049.795 INFO             PET0 !!! FOR PRODUCTION RUNS, USE:                      !!!
20241007 042049.795 INFO             PET0 !!!                   ESMF_LOGKIND_Multi_On_Error  !!!
20241007 042049.795 INFO             PET0 !!!!!!!!!!!!!!!!!!!!!!!!!!!!!!!!!!!!!!!!!!!!!!!!!!!!!!
20241007 042049.795 INFO             PET0 Running with ESMF Version   : v8.7.0
20241007 042049.795 INFO             PET0 ESMF library build date/time: "Oct  7 2024" "03:25:38"
20241007 042049.795 INFO             PET0 ESMF library build location : /glade/derecho/scratch/sacks/esmf-testing/intel_2023.2.1-classic_mpi_O_v8.7.0/esmf
20241007 042049.795 INFO             PET0 ESMF_COMM                   : mpi
20241007 042049.796 INFO             PET0 ESMF_MOAB                   : enabled
20241007 042049.796 INFO             PET0 ESMF_LAPACK                 : enabled
20241007 042049.796 INFO             PET0 ESMF_NETCDF                 : enabled
20241007 042049.796 INFO             PET0 ESMF_PNETCDF                : disabled
20241007 042049.796 INFO             PET0 ESMF_PIO                    : enabled
20241007 042049.796 INFO             PET0 ESMF_YAMLCPP                : enabled
20241007 042049.804 INFO             PET0  NUMBER_OF_PROCESSORS           4
20241007 042049.804 INFO             PET0  PASS  Example ESMF_VMUserMpiCommMultiEx, ESMF_VMUserMpiCommMultiEx.F90, line 154
20241007 042049.804 INFO             PET0  Finalizing ESMF with endflag==ESMF_END_KEEPMPI
20241007 042049.607 INFO             PET1 !!!!!!!!!!!!!!!!!!!!!!!!!!!!!!!!!!!!!!!!!!!!!!!!!!!!!!
20241007 042049.607 INFO             PET1 !!! THE ESMF_LOG IS SET TO OUTPUT ALL LOG MESSAGES !!!
20241007 042049.607 INFO             PET1 !!!     THIS MAY CAUSE SLOWDOWN IN PERFORMANCE     !!!
20241007 042049.607 INFO             PET1 !!! FOR PRODUCTION RUNS, USE:                      !!!
20241007 042049.607 INFO             PET1 !!!                   ESMF_LOGKIND_Multi_On_Error  !!!
20241007 042049.607 INFO             PET1 !!!!!!!!!!!!!!!!!!!!!!!!!!!!!!!!!!!!!!!!!!!!!!!!!!!!!!
20241007 042049.607 INFO             PET1 Running with ESMF Version   : v8.7.0
20241007 042049.607 INFO             PET1 ESMF library build date/time: "Oct  7 2024" "03:25:38"
20241007 042049.607 INFO             PET1 ESMF library build location : /glade/derecho/scratch/sacks/esmf-testing/intel_2023.2.1-classic_mpi_O_v8.7.0/esmf
20241007 042049.607 INFO             PET1 ESMF_COMM                   : mpi
20241007 042049.610 INFO             PET1 ESMF_MOAB                   : enabled
20241007 042049.610 INFO             PET1 ESMF_LAPACK                 : enabled
20241007 042049.610 INFO             PET1 ESMF_NETCDF                 : enabled
20241007 042049.610 INFO             PET1 ESMF_PNETCDF                : disabled
20241007 042049.610 INFO             PET1 ESMF_PIO                    : enabled
20241007 042049.610 INFO             PET1 ESMF_YAMLCPP                : enabled
20241007 042049.610 INFO             PET1  NUMBER_OF_PROCESSORS           4
20241007 042049.610 INFO             PET1  PASS  Example ESMF_VMUserMpiCommMultiEx, ESMF_VMUserMpiCommMultiEx.F90, line 126
20241007 042049.610 INFO             PET1  Finalizing ESMF with endflag==ESMF_END_KEEPMPI
20241007 042049.803 INFO             PET1 !!!!!!!!!!!!!!!!!!!!!!!!!!!!!!!!!!!!!!!!!!!!!!!!!!!!!!
20241007 042049.803 INFO             PET1 !!! THE ESMF_LOG IS SET TO OUTPUT ALL LOG MESSAGES !!!
20241007 042049.803 INFO             PET1 !!!     THIS MAY CAUSE SLOWDOWN IN PERFORMANCE     !!!
20241007 042049.803 INFO             PET1 !!! FOR PRODUCTION RUNS, USE:                      !!!
20241007 042049.803 INFO             PET1 !!!                   ESMF_LOGKIND_Multi_On_Error  !!!
20241007 042049.803 INFO             PET1 !!!!!!!!!!!!!!!!!!!!!!!!!!!!!!!!!!!!!!!!!!!!!!!!!!!!!!
20241007 042049.803 INFO             PET1 Running with ESMF Version   : v8.7.0
20241007 042049.803 INFO             PET1 ESMF library build date/time: "Oct  7 2024" "03:25:38"
20241007 042049.803 INFO             PET1 ESMF library build location : /glade/derecho/scratch/sacks/esmf-testing/intel_2023.2.1-classic_mpi_O_v8.7.0/esmf
20241007 042049.803 INFO             PET1 ESMF_COMM                   : mpi
20241007 042049.804 INFO             PET1 ESMF_MOAB                   : enabled
20241007 042049.804 INFO             PET1 ESMF_LAPACK                 : enabled
20241007 042049.804 INFO             PET1 ESMF_NETCDF                 : enabled
20241007 042049.804 INFO             PET1 ESMF_PNETCDF                : disabled
20241007 042049.804 INFO             PET1 ESMF_PIO                    : enabled
20241007 042049.804 INFO             PET1 ESMF_YAMLCPP                : enabled
20241007 042049.804 INFO             PET1  NUMBER_OF_PROCESSORS           4
20241007 042049.804 INFO             PET1  PASS  Example ESMF_VMUserMpiCommMultiEx, ESMF_VMUserMpiCommMultiEx.F90, line 154
20241007 042049.804 INFO             PET1  Finalizing ESMF with endflag==ESMF_END_KEEPMPI
