2024-09-25 01:51:15
20240925 022558.439 INFO             PET0 !!!!!!!!!!!!!!!!!!!!!!!!!!!!!!!!!!!!!!!!!!!!!!!!!!!!!!
20240925 022558.439 INFO             PET0 !!! THE ESMF_LOG IS SET TO OUTPUT ALL LOG MESSAGES !!!
20240925 022558.439 INFO             PET0 !!!     THIS MAY CAUSE SLOWDOWN IN PERFORMANCE     !!!
20240925 022558.439 INFO             PET0 !!! FOR PRODUCTION RUNS, USE:                      !!!
20240925 022558.439 INFO             PET0 !!!                   ESMF_LOGKIND_Multi_On_Error  !!!
20240925 022558.439 INFO             PET0 !!!!!!!!!!!!!!!!!!!!!!!!!!!!!!!!!!!!!!!!!!!!!!!!!!!!!!
20240925 022558.439 INFO             PET0 Running with ESMF Version   : v8.7.0b14-1-g2597b0a993
20240925 022558.439 INFO             PET0 ESMF library build date/time: "Sep 25 2024" "01:48:35"
20240925 022558.439 INFO             PET0 ESMF library build location : /glade/derecho/scratch/sacks/esmf-testing/gfortran_12.2.0_pio2.5.10_mpi_g_release_8.7.0/esmf
20240925 022558.439 INFO             PET0 ESMF_COMM                   : mpi
20240925 022558.440 INFO             PET0 ESMF_MOAB                   : enabled
20240925 022558.440 INFO             PET0 ESMF_LAPACK                 : enabled
20240925 022558.440 INFO             PET0 ESMF_NETCDF                 : enabled
20240925 022558.440 INFO             PET0 ESMF_PNETCDF                : disabled
20240925 022558.440 INFO             PET0 ESMF_PIO                    : enabled
20240925 022558.440 INFO             PET0 ESMF_YAMLCPP                : enabled
20240925 022558.440 INFO             PET0  NUMBER_OF_PROCESSORS           4
20240925 022558.440 INFO             PET0  PASS  Example ESMF_VMUserMpiCommMultiEx, ESMF_VMUserMpiCommMultiEx.F90, line 126
20240925 022558.440 INFO             PET0  Finalizing ESMF with endflag==ESMF_END_KEEPMPI
20240925 022558.439 INFO             PET0 !!!!!!!!!!!!!!!!!!!!!!!!!!!!!!!!!!!!!!!!!!!!!!!!!!!!!!
20240925 022558.439 INFO             PET0 !!! THE ESMF_LOG IS SET TO OUTPUT ALL LOG MESSAGES !!!
20240925 022558.439 INFO             PET0 !!!     THIS MAY CAUSE SLOWDOWN IN PERFORMANCE     !!!
20240925 022558.439 INFO             PET0 !!! FOR PRODUCTION RUNS, USE:                      !!!
20240925 022558.439 INFO             PET0 !!!                   ESMF_LOGKIND_Multi_On_Error  !!!
20240925 022558.439 INFO             PET0 !!!!!!!!!!!!!!!!!!!!!!!!!!!!!!!!!!!!!!!!!!!!!!!!!!!!!!
20240925 022558.439 INFO             PET0 Running with ESMF Version   : v8.7.0b14-1-g2597b0a993
20240925 022558.439 INFO             PET0 ESMF library build date/time: "Sep 25 2024" "01:48:35"
20240925 022558.439 INFO             PET0 ESMF library build location : /glade/derecho/scratch/sacks/esmf-testing/gfortran_12.2.0_pio2.5.10_mpi_g_release_8.7.0/esmf
20240925 022558.439 INFO             PET0 ESMF_COMM                   : mpi
20240925 022558.440 INFO             PET0 ESMF_MOAB                   : enabled
20240925 022558.440 INFO             PET0 ESMF_LAPACK                 : enabled
20240925 022558.440 INFO             PET0 ESMF_NETCDF                 : enabled
20240925 022558.440 INFO             PET0 ESMF_PNETCDF                : disabled
20240925 022558.440 INFO             PET0 ESMF_PIO                    : enabled
20240925 022558.440 INFO             PET0 ESMF_YAMLCPP                : enabled
20240925 022558.440 INFO             PET0  NUMBER_OF_PROCESSORS           4
20240925 022558.440 INFO             PET0  PASS  Example ESMF_VMUserMpiCommMultiEx, ESMF_VMUserMpiCommMultiEx.F90, line 154
20240925 022558.440 INFO             PET0  Finalizing ESMF with endflag==ESMF_END_KEEPMPI
20240925 022558.440 INFO             PET1 !!!!!!!!!!!!!!!!!!!!!!!!!!!!!!!!!!!!!!!!!!!!!!!!!!!!!!
20240925 022558.440 INFO             PET1 !!! THE ESMF_LOG IS SET TO OUTPUT ALL LOG MESSAGES !!!
20240925 022558.440 INFO             PET1 !!!     THIS MAY CAUSE SLOWDOWN IN PERFORMANCE     !!!
20240925 022558.440 INFO             PET1 !!! FOR PRODUCTION RUNS, USE:                      !!!
20240925 022558.440 INFO             PET1 !!!                   ESMF_LOGKIND_Multi_On_Error  !!!
20240925 022558.440 INFO             PET1 !!!!!!!!!!!!!!!!!!!!!!!!!!!!!!!!!!!!!!!!!!!!!!!!!!!!!!
20240925 022558.440 INFO             PET1 Running with ESMF Version   : v8.7.0b14-1-g2597b0a993
20240925 022558.440 INFO             PET1 ESMF library build date/time: "Sep 25 2024" "01:48:35"
20240925 022558.440 INFO             PET1 ESMF library build location : /glade/derecho/scratch/sacks/esmf-testing/gfortran_12.2.0_pio2.5.10_mpi_g_release_8.7.0/esmf
20240925 022558.440 INFO             PET1 ESMF_COMM                   : mpi
20240925 022558.440 INFO             PET1 ESMF_MOAB                   : enabled
20240925 022558.440 INFO             PET1 ESMF_LAPACK                 : enabled
20240925 022558.440 INFO             PET1 ESMF_NETCDF                 : enabled
20240925 022558.440 INFO             PET1 ESMF_PNETCDF                : disabled
20240925 022558.440 INFO             PET1 ESMF_PIO                    : enabled
20240925 022558.440 INFO             PET1 ESMF_YAMLCPP                : enabled
20240925 022558.440 INFO             PET1  NUMBER_OF_PROCESSORS           4
20240925 022558.440 INFO             PET1  PASS  Example ESMF_VMUserMpiCommMultiEx, ESMF_VMUserMpiCommMultiEx.F90, line 126
20240925 022558.440 INFO             PET1  Finalizing ESMF with endflag==ESMF_END_KEEPMPI
20240925 022558.439 INFO             PET1 !!!!!!!!!!!!!!!!!!!!!!!!!!!!!!!!!!!!!!!!!!!!!!!!!!!!!!
20240925 022558.439 INFO             PET1 !!! THE ESMF_LOG IS SET TO OUTPUT ALL LOG MESSAGES !!!
20240925 022558.439 INFO             PET1 !!!     THIS MAY CAUSE SLOWDOWN IN PERFORMANCE     !!!
20240925 022558.439 INFO             PET1 !!! FOR PRODUCTION RUNS, USE:                      !!!
20240925 022558.439 INFO             PET1 !!!                   ESMF_LOGKIND_Multi_On_Error  !!!
20240925 022558.439 INFO             PET1 !!!!!!!!!!!!!!!!!!!!!!!!!!!!!!!!!!!!!!!!!!!!!!!!!!!!!!
20240925 022558.439 INFO             PET1 Running with ESMF Version   : v8.7.0b14-1-g2597b0a993
20240925 022558.439 INFO             PET1 ESMF library build date/time: "Sep 25 2024" "01:48:35"
20240925 022558.439 INFO             PET1 ESMF library build location : /glade/derecho/scratch/sacks/esmf-testing/gfortran_12.2.0_pio2.5.10_mpi_g_release_8.7.0/esmf
20240925 022558.439 INFO             PET1 ESMF_COMM                   : mpi
20240925 022558.440 INFO             PET1 ESMF_MOAB                   : enabled
20240925 022558.440 INFO             PET1 ESMF_LAPACK                 : enabled
20240925 022558.440 INFO             PET1 ESMF_NETCDF                 : enabled
20240925 022558.440 INFO             PET1 ESMF_PNETCDF                : disabled
20240925 022558.440 INFO             PET1 ESMF_PIO                    : enabled
20240925 022558.440 INFO             PET1 ESMF_YAMLCPP                : enabled
20240925 022558.440 INFO             PET1  NUMBER_OF_PROCESSORS           4
20240925 022558.440 INFO             PET1  PASS  Example ESMF_VMUserMpiCommMultiEx, ESMF_VMUserMpiCommMultiEx.F90, line 154
20240925 022558.440 INFO             PET1  Finalizing ESMF with endflag==ESMF_END_KEEPMPI
