2024-09-23 07:45:39
20240923 085303.691 INFO             PET0 !!!!!!!!!!!!!!!!!!!!!!!!!!!!!!!!!!!!!!!!!!!!!!!!!!!!!!
20240923 085303.691 INFO             PET0 !!! THE ESMF_LOG IS SET TO OUTPUT ALL LOG MESSAGES !!!
20240923 085303.691 INFO             PET0 !!!     THIS MAY CAUSE SLOWDOWN IN PERFORMANCE     !!!
20240923 085303.691 INFO             PET0 !!! FOR PRODUCTION RUNS, USE:                      !!!
20240923 085303.691 INFO             PET0 !!!                   ESMF_LOGKIND_Multi_On_Error  !!!
20240923 085303.691 INFO             PET0 !!!!!!!!!!!!!!!!!!!!!!!!!!!!!!!!!!!!!!!!!!!!!!!!!!!!!!
20240923 085303.691 INFO             PET0 Running with ESMF Version   : v8.7.0b14-1-g2597b0a993
20240923 085303.691 INFO             PET0 ESMF library build date/time: "Sep 23 2024" "07:39:49"
20240923 085303.692 INFO             PET0 ESMF library build location : /scratch2/NCEPDEV/stmp1/Gerhard.Theurich/ESMF-Nightly-Testing/intel_2023.2.0_intelmpi_O_release_8.7.0/esmf
20240923 085303.692 INFO             PET0 ESMF_COMM                   : intelmpi
20240923 085303.693 INFO             PET0 ESMF_MOAB                   : enabled
20240923 085303.693 INFO             PET0 ESMF_LAPACK                 : enabled
20240923 085303.693 INFO             PET0 ESMF_NETCDF                 : enabled
20240923 085303.693 INFO             PET0 ESMF_PNETCDF                : disabled
20240923 085303.693 INFO             PET0 ESMF_PIO                    : enabled
20240923 085303.693 INFO             PET0 ESMF_YAMLCPP                : enabled
20240923 085303.694 INFO             PET0 =============================================
20240923 085303.694 INFO             PET0 ESMX (Earth System Model eXecutable) STARTING
20240923 085303.694 INFO             PET0 =============================================
20240923 085303.700 INFO             PET0 =============================================
20240923 085303.700 INFO             PET0 ESMX (Earth System Model eXecutable) FINISHED
20240923 085303.700 INFO             PET0 =============================================
20240923 085303.700 INFO             PET0  Finalizing ESMF
20240923 085303.692 INFO             PET1 !!!!!!!!!!!!!!!!!!!!!!!!!!!!!!!!!!!!!!!!!!!!!!!!!!!!!!
20240923 085303.693 INFO             PET1 !!! THE ESMF_LOG IS SET TO OUTPUT ALL LOG MESSAGES !!!
20240923 085303.693 INFO             PET1 !!!     THIS MAY CAUSE SLOWDOWN IN PERFORMANCE     !!!
20240923 085303.693 INFO             PET1 !!! FOR PRODUCTION RUNS, USE:                      !!!
20240923 085303.693 INFO             PET1 !!!                   ESMF_LOGKIND_Multi_On_Error  !!!
20240923 085303.693 INFO             PET1 !!!!!!!!!!!!!!!!!!!!!!!!!!!!!!!!!!!!!!!!!!!!!!!!!!!!!!
20240923 085303.693 INFO             PET1 Running with ESMF Version   : v8.7.0b14-1-g2597b0a993
20240923 085303.693 INFO             PET1 ESMF library build date/time: "Sep 23 2024" "07:39:49"
20240923 085303.693 INFO             PET1 ESMF library build location : /scratch2/NCEPDEV/stmp1/Gerhard.Theurich/ESMF-Nightly-Testing/intel_2023.2.0_intelmpi_O_release_8.7.0/esmf
20240923 085303.693 INFO             PET1 ESMF_COMM                   : intelmpi
20240923 085303.694 INFO             PET1 ESMF_MOAB                   : enabled
20240923 085303.694 INFO             PET1 ESMF_LAPACK                 : enabled
20240923 085303.694 INFO             PET1 ESMF_NETCDF                 : enabled
20240923 085303.694 INFO             PET1 ESMF_PNETCDF                : disabled
20240923 085303.694 INFO             PET1 ESMF_PIO                    : enabled
20240923 085303.694 INFO             PET1 ESMF_YAMLCPP                : enabled
20240923 085303.694 INFO             PET1 =============================================
20240923 085303.694 INFO             PET1 ESMX (Earth System Model eXecutable) STARTING
20240923 085303.694 INFO             PET1 =============================================
20240923 085303.700 INFO             PET1 =============================================
20240923 085303.700 INFO             PET1 ESMX (Earth System Model eXecutable) FINISHED
20240923 085303.700 INFO             PET1 =============================================
20240923 085303.700 INFO             PET1  Finalizing ESMF
20240923 085303.691 INFO             PET2 !!!!!!!!!!!!!!!!!!!!!!!!!!!!!!!!!!!!!!!!!!!!!!!!!!!!!!
20240923 085303.692 INFO             PET2 !!! THE ESMF_LOG IS SET TO OUTPUT ALL LOG MESSAGES !!!
20240923 085303.692 INFO             PET2 !!!     THIS MAY CAUSE SLOWDOWN IN PERFORMANCE     !!!
20240923 085303.692 INFO             PET2 !!! FOR PRODUCTION RUNS, USE:                      !!!
20240923 085303.692 INFO             PET2 !!!                   ESMF_LOGKIND_Multi_On_Error  !!!
20240923 085303.692 INFO             PET2 !!!!!!!!!!!!!!!!!!!!!!!!!!!!!!!!!!!!!!!!!!!!!!!!!!!!!!
20240923 085303.692 INFO             PET2 Running with ESMF Version   : v8.7.0b14-1-g2597b0a993
20240923 085303.692 INFO             PET2 ESMF library build date/time: "Sep 23 2024" "07:39:49"
20240923 085303.692 INFO             PET2 ESMF library build location : /scratch2/NCEPDEV/stmp1/Gerhard.Theurich/ESMF-Nightly-Testing/intel_2023.2.0_intelmpi_O_release_8.7.0/esmf
20240923 085303.692 INFO             PET2 ESMF_COMM                   : intelmpi
20240923 085303.693 INFO             PET2 ESMF_MOAB                   : enabled
20240923 085303.693 INFO             PET2 ESMF_LAPACK                 : enabled
20240923 085303.693 INFO             PET2 ESMF_NETCDF                 : enabled
20240923 085303.693 INFO             PET2 ESMF_PNETCDF                : disabled
20240923 085303.693 INFO             PET2 ESMF_PIO                    : enabled
20240923 085303.693 INFO             PET2 ESMF_YAMLCPP                : enabled
20240923 085303.694 INFO             PET2 =============================================
20240923 085303.694 INFO             PET2 ESMX (Earth System Model eXecutable) STARTING
20240923 085303.694 INFO             PET2 =============================================
20240923 085303.700 INFO             PET2 =============================================
20240923 085303.700 INFO             PET2 ESMX (Earth System Model eXecutable) FINISHED
20240923 085303.700 INFO             PET2 =============================================
20240923 085303.700 INFO             PET2  Finalizing ESMF
20240923 085303.692 INFO             PET3 !!!!!!!!!!!!!!!!!!!!!!!!!!!!!!!!!!!!!!!!!!!!!!!!!!!!!!
20240923 085303.693 INFO             PET3 !!! THE ESMF_LOG IS SET TO OUTPUT ALL LOG MESSAGES !!!
20240923 085303.693 INFO             PET3 !!!     THIS MAY CAUSE SLOWDOWN IN PERFORMANCE     !!!
20240923 085303.693 INFO             PET3 !!! FOR PRODUCTION RUNS, USE:                      !!!
20240923 085303.693 INFO             PET3 !!!                   ESMF_LOGKIND_Multi_On_Error  !!!
20240923 085303.693 INFO             PET3 !!!!!!!!!!!!!!!!!!!!!!!!!!!!!!!!!!!!!!!!!!!!!!!!!!!!!!
20240923 085303.693 INFO             PET3 Running with ESMF Version   : v8.7.0b14-1-g2597b0a993
20240923 085303.693 INFO             PET3 ESMF library build date/time: "Sep 23 2024" "07:39:49"
20240923 085303.693 INFO             PET3 ESMF library build location : /scratch2/NCEPDEV/stmp1/Gerhard.Theurich/ESMF-Nightly-Testing/intel_2023.2.0_intelmpi_O_release_8.7.0/esmf
20240923 085303.693 INFO             PET3 ESMF_COMM                   : intelmpi
20240923 085303.693 INFO             PET3 ESMF_MOAB                   : enabled
20240923 085303.693 INFO             PET3 ESMF_LAPACK                 : enabled
20240923 085303.693 INFO             PET3 ESMF_NETCDF                 : enabled
20240923 085303.693 INFO             PET3 ESMF_PNETCDF                : disabled
20240923 085303.693 INFO             PET3 ESMF_PIO                    : enabled
20240923 085303.693 INFO             PET3 ESMF_YAMLCPP                : enabled
20240923 085303.694 INFO             PET3 =============================================
20240923 085303.694 INFO             PET3 ESMX (Earth System Model eXecutable) STARTING
20240923 085303.694 INFO             PET3 =============================================
20240923 085303.700 INFO             PET3 =============================================
20240923 085303.700 INFO             PET3 ESMX (Earth System Model eXecutable) FINISHED
20240923 085303.700 INFO             PET3 =============================================
20240923 085303.700 INFO             PET3  Finalizing ESMF
