2024-10-07 05:04:00
20241007 055526.916 INFO             PET0 !!!!!!!!!!!!!!!!!!!!!!!!!!!!!!!!!!!!!!!!!!!!!!!!!!!!!!
20241007 055526.916 INFO             PET0 !!! THE ESMF_LOG IS SET TO OUTPUT ALL LOG MESSAGES !!!
20241007 055526.916 INFO             PET0 !!!     THIS MAY CAUSE SLOWDOWN IN PERFORMANCE     !!!
20241007 055526.916 INFO             PET0 !!! FOR PRODUCTION RUNS, USE:                      !!!
20241007 055526.916 INFO             PET0 !!!                   ESMF_LOGKIND_Multi_On_Error  !!!
20241007 055526.916 INFO             PET0 !!!!!!!!!!!!!!!!!!!!!!!!!!!!!!!!!!!!!!!!!!!!!!!!!!!!!!
20241007 055526.916 INFO             PET0 Running with ESMF Version   : v8.7.0
20241007 055526.916 INFO             PET0 ESMF library build date/time: "Oct  7 2024" "05:00:49"
20241007 055526.916 INFO             PET0 ESMF library build location : /glade/derecho/scratch/sacks/esmf-testing/cce_15.0.1_mpi_g_v8.7.0/esmf
20241007 055526.916 INFO             PET0 ESMF_COMM                   : mpi
20241007 055526.916 INFO             PET0 ESMF_MOAB                   : enabled
20241007 055526.916 INFO             PET0 ESMF_LAPACK                 : enabled
20241007 055526.916 INFO             PET0 ESMF_NETCDF                 : enabled
20241007 055526.916 INFO             PET0 ESMF_PNETCDF                : disabled
20241007 055526.916 INFO             PET0 ESMF_PIO                    : enabled
20241007 055526.916 INFO             PET0 ESMF_YAMLCPP                : enabled
20241007 055527.074 INFO             PET0  NUMBER_OF_PROCESSORS 4
20241007 055527.074 INFO             PET0  PASS  Example ESMF_XGridEx, ESMF_XGridEx.F90, line 525
20241007 055527.074 INFO             PET0  Finalizing ESMF
20241007 055526.923 INFO             PET1 !!!!!!!!!!!!!!!!!!!!!!!!!!!!!!!!!!!!!!!!!!!!!!!!!!!!!!
20241007 055526.923 INFO             PET1 !!! THE ESMF_LOG IS SET TO OUTPUT ALL LOG MESSAGES !!!
20241007 055526.923 INFO             PET1 !!!     THIS MAY CAUSE SLOWDOWN IN PERFORMANCE     !!!
20241007 055526.923 INFO             PET1 !!! FOR PRODUCTION RUNS, USE:                      !!!
20241007 055526.923 INFO             PET1 !!!                   ESMF_LOGKIND_Multi_On_Error  !!!
20241007 055526.923 INFO             PET1 !!!!!!!!!!!!!!!!!!!!!!!!!!!!!!!!!!!!!!!!!!!!!!!!!!!!!!
20241007 055526.923 INFO             PET1 Running with ESMF Version   : v8.7.0
20241007 055526.923 INFO             PET1 ESMF library build date/time: "Oct  7 2024" "05:00:49"
20241007 055526.923 INFO             PET1 ESMF library build location : /glade/derecho/scratch/sacks/esmf-testing/cce_15.0.1_mpi_g_v8.7.0/esmf
20241007 055526.923 INFO             PET1 ESMF_COMM                   : mpi
20241007 055526.923 INFO             PET1 ESMF_MOAB                   : enabled
20241007 055526.923 INFO             PET1 ESMF_LAPACK                 : enabled
20241007 055526.923 INFO             PET1 ESMF_NETCDF                 : enabled
20241007 055526.923 INFO             PET1 ESMF_PNETCDF                : disabled
20241007 055526.923 INFO             PET1 ESMF_PIO                    : enabled
20241007 055526.923 INFO             PET1 ESMF_YAMLCPP                : enabled
20241007 055527.074 INFO             PET1  NUMBER_OF_PROCESSORS 4
20241007 055527.074 INFO             PET1  PASS  Example ESMF_XGridEx, ESMF_XGridEx.F90, line 525
20241007 055527.074 INFO             PET1  Finalizing ESMF
20241007 055526.920 INFO             PET2 !!!!!!!!!!!!!!!!!!!!!!!!!!!!!!!!!!!!!!!!!!!!!!!!!!!!!!
20241007 055526.920 INFO             PET2 !!! THE ESMF_LOG IS SET TO OUTPUT ALL LOG MESSAGES !!!
20241007 055526.920 INFO             PET2 !!!     THIS MAY CAUSE SLOWDOWN IN PERFORMANCE     !!!
20241007 055526.920 INFO             PET2 !!! FOR PRODUCTION RUNS, USE:                      !!!
20241007 055526.920 INFO             PET2 !!!                   ESMF_LOGKIND_Multi_On_Error  !!!
20241007 055526.920 INFO             PET2 !!!!!!!!!!!!!!!!!!!!!!!!!!!!!!!!!!!!!!!!!!!!!!!!!!!!!!
20241007 055526.920 INFO             PET2 Running with ESMF Version   : v8.7.0
20241007 055526.920 INFO             PET2 ESMF library build date/time: "Oct  7 2024" "05:00:49"
20241007 055526.920 INFO             PET2 ESMF library build location : /glade/derecho/scratch/sacks/esmf-testing/cce_15.0.1_mpi_g_v8.7.0/esmf
20241007 055526.920 INFO             PET2 ESMF_COMM                   : mpi
20241007 055526.921 INFO             PET2 ESMF_MOAB                   : enabled
20241007 055526.921 INFO             PET2 ESMF_LAPACK                 : enabled
20241007 055526.921 INFO             PET2 ESMF_NETCDF                 : enabled
20241007 055526.921 INFO             PET2 ESMF_PNETCDF                : disabled
20241007 055526.921 INFO             PET2 ESMF_PIO                    : enabled
20241007 055526.921 INFO             PET2 ESMF_YAMLCPP                : enabled
20241007 055527.074 INFO             PET2  NUMBER_OF_PROCESSORS 4
20241007 055527.074 INFO             PET2  PASS  Example ESMF_XGridEx, ESMF_XGridEx.F90, line 525
20241007 055527.074 INFO             PET2  Finalizing ESMF
20241007 055526.917 INFO             PET3 !!!!!!!!!!!!!!!!!!!!!!!!!!!!!!!!!!!!!!!!!!!!!!!!!!!!!!
20241007 055526.917 INFO             PET3 !!! THE ESMF_LOG IS SET TO OUTPUT ALL LOG MESSAGES !!!
20241007 055526.917 INFO             PET3 !!!     THIS MAY CAUSE SLOWDOWN IN PERFORMANCE     !!!
20241007 055526.917 INFO             PET3 !!! FOR PRODUCTION RUNS, USE:                      !!!
20241007 055526.917 INFO             PET3 !!!                   ESMF_LOGKIND_Multi_On_Error  !!!
20241007 055526.917 INFO             PET3 !!!!!!!!!!!!!!!!!!!!!!!!!!!!!!!!!!!!!!!!!!!!!!!!!!!!!!
20241007 055526.917 INFO             PET3 Running with ESMF Version   : v8.7.0
20241007 055526.917 INFO             PET3 ESMF library build date/time: "Oct  7 2024" "05:00:49"
20241007 055526.917 INFO             PET3 ESMF library build location : /glade/derecho/scratch/sacks/esmf-testing/cce_15.0.1_mpi_g_v8.7.0/esmf
20241007 055526.917 INFO             PET3 ESMF_COMM                   : mpi
20241007 055526.918 INFO             PET3 ESMF_MOAB                   : enabled
20241007 055526.918 INFO             PET3 ESMF_LAPACK                 : enabled
20241007 055526.918 INFO             PET3 ESMF_NETCDF                 : enabled
20241007 055526.918 INFO             PET3 ESMF_PNETCDF                : disabled
20241007 055526.918 INFO             PET3 ESMF_PIO                    : enabled
20241007 055526.918 INFO             PET3 ESMF_YAMLCPP                : enabled
20241007 055527.073 INFO             PET3  NUMBER_OF_PROCESSORS 4
20241007 055527.073 INFO             PET3  PASS  Example ESMF_XGridEx, ESMF_XGridEx.F90, line 525
20241007 055527.073 INFO             PET3  Finalizing ESMF
