2024-09-21 07:56:53
20240921 112148.282 INFO             PET0 !!!!!!!!!!!!!!!!!!!!!!!!!!!!!!!!!!!!!!!!!!!!!!!!!!!!!!
20240921 112148.282 INFO             PET0 !!! THE ESMF_LOG IS SET TO OUTPUT ALL LOG MESSAGES !!!
20240921 112148.282 INFO             PET0 !!!     THIS MAY CAUSE SLOWDOWN IN PERFORMANCE     !!!
20240921 112148.282 INFO             PET0 !!! FOR PRODUCTION RUNS, USE:                      !!!
20240921 112148.282 INFO             PET0 !!!                   ESMF_LOGKIND_Multi_On_Error  !!!
20240921 112148.282 INFO             PET0 !!!!!!!!!!!!!!!!!!!!!!!!!!!!!!!!!!!!!!!!!!!!!!!!!!!!!!
20240921 112148.282 INFO             PET0 Running with ESMF Version   : v8.7.0b14-1-g2597b0a993
20240921 112148.282 INFO             PET0 ESMF library build date/time: "Sep 21 2024" "07:53:10"
20240921 112148.283 INFO             PET0 ESMF library build location : /scratch2/NCEPDEV/stmp1/Gerhard.Theurich/ESMF-Nightly-Testing/nvhpc_24.1_openmpi_g_release_8.7.0/esmf
20240921 112148.283 INFO             PET0 ESMF_COMM                   : openmpi
20240921 112148.283 INFO             PET0 ESMF_MOAB                   : enabled
20240921 112148.283 INFO             PET0 ESMF_LAPACK                 : enabled
20240921 112148.283 INFO             PET0 ESMF_NETCDF                 : disabled
20240921 112148.283 INFO             PET0 ESMF_PNETCDF                : disabled
20240921 112148.283 INFO             PET0 ESMF_PIO                    : disabled
20240921 112148.283 INFO             PET0 ESMF_YAMLCPP                : enabled
20240921 112148.286 INFO             PET0  NUMBER_OF_PROCESSORS            4
20240921 112148.286 INFO             PET0  PASS  Example ESMF_StateEx, ESMF_StateEx.F90, line 237
20240921 112148.286 INFO             PET0  Finalizing ESMF
20240921 112148.283 INFO             PET1 !!!!!!!!!!!!!!!!!!!!!!!!!!!!!!!!!!!!!!!!!!!!!!!!!!!!!!
20240921 112148.283 INFO             PET1 !!! THE ESMF_LOG IS SET TO OUTPUT ALL LOG MESSAGES !!!
20240921 112148.283 INFO             PET1 !!!     THIS MAY CAUSE SLOWDOWN IN PERFORMANCE     !!!
20240921 112148.283 INFO             PET1 !!! FOR PRODUCTION RUNS, USE:                      !!!
20240921 112148.283 INFO             PET1 !!!                   ESMF_LOGKIND_Multi_On_Error  !!!
20240921 112148.283 INFO             PET1 !!!!!!!!!!!!!!!!!!!!!!!!!!!!!!!!!!!!!!!!!!!!!!!!!!!!!!
20240921 112148.283 INFO             PET1 Running with ESMF Version   : v8.7.0b14-1-g2597b0a993
20240921 112148.283 INFO             PET1 ESMF library build date/time: "Sep 21 2024" "07:53:10"
20240921 112148.283 INFO             PET1 ESMF library build location : /scratch2/NCEPDEV/stmp1/Gerhard.Theurich/ESMF-Nightly-Testing/nvhpc_24.1_openmpi_g_release_8.7.0/esmf
20240921 112148.283 INFO             PET1 ESMF_COMM                   : openmpi
20240921 112148.284 INFO             PET1 ESMF_MOAB                   : enabled
20240921 112148.284 INFO             PET1 ESMF_LAPACK                 : enabled
20240921 112148.284 INFO             PET1 ESMF_NETCDF                 : disabled
20240921 112148.284 INFO             PET1 ESMF_PNETCDF                : disabled
20240921 112148.284 INFO             PET1 ESMF_PIO                    : disabled
20240921 112148.284 INFO             PET1 ESMF_YAMLCPP                : enabled
20240921 112148.286 INFO             PET1  NUMBER_OF_PROCESSORS            4
20240921 112148.286 INFO             PET1  PASS  Example ESMF_StateEx, ESMF_StateEx.F90, line 237
20240921 112148.286 INFO             PET1  Finalizing ESMF
20240921 112148.282 INFO             PET2 !!!!!!!!!!!!!!!!!!!!!!!!!!!!!!!!!!!!!!!!!!!!!!!!!!!!!!
20240921 112148.282 INFO             PET2 !!! THE ESMF_LOG IS SET TO OUTPUT ALL LOG MESSAGES !!!
20240921 112148.282 INFO             PET2 !!!     THIS MAY CAUSE SLOWDOWN IN PERFORMANCE     !!!
20240921 112148.282 INFO             PET2 !!! FOR PRODUCTION RUNS, USE:                      !!!
20240921 112148.282 INFO             PET2 !!!                   ESMF_LOGKIND_Multi_On_Error  !!!
20240921 112148.282 INFO             PET2 !!!!!!!!!!!!!!!!!!!!!!!!!!!!!!!!!!!!!!!!!!!!!!!!!!!!!!
20240921 112148.282 INFO             PET2 Running with ESMF Version   : v8.7.0b14-1-g2597b0a993
20240921 112148.282 INFO             PET2 ESMF library build date/time: "Sep 21 2024" "07:53:10"
20240921 112148.282 INFO             PET2 ESMF library build location : /scratch2/NCEPDEV/stmp1/Gerhard.Theurich/ESMF-Nightly-Testing/nvhpc_24.1_openmpi_g_release_8.7.0/esmf
20240921 112148.282 INFO             PET2 ESMF_COMM                   : openmpi
20240921 112148.283 INFO             PET2 ESMF_MOAB                   : enabled
20240921 112148.283 INFO             PET2 ESMF_LAPACK                 : enabled
20240921 112148.283 INFO             PET2 ESMF_NETCDF                 : disabled
20240921 112148.283 INFO             PET2 ESMF_PNETCDF                : disabled
20240921 112148.283 INFO             PET2 ESMF_PIO                    : disabled
20240921 112148.283 INFO             PET2 ESMF_YAMLCPP                : enabled
20240921 112148.286 INFO             PET2  NUMBER_OF_PROCESSORS            4
20240921 112148.286 INFO             PET2  PASS  Example ESMF_StateEx, ESMF_StateEx.F90, line 237
20240921 112148.286 INFO             PET2  Finalizing ESMF
20240921 112148.283 INFO             PET3 !!!!!!!!!!!!!!!!!!!!!!!!!!!!!!!!!!!!!!!!!!!!!!!!!!!!!!
20240921 112148.283 INFO             PET3 !!! THE ESMF_LOG IS SET TO OUTPUT ALL LOG MESSAGES !!!
20240921 112148.283 INFO             PET3 !!!     THIS MAY CAUSE SLOWDOWN IN PERFORMANCE     !!!
20240921 112148.283 INFO             PET3 !!! FOR PRODUCTION RUNS, USE:                      !!!
20240921 112148.283 INFO             PET3 !!!                   ESMF_LOGKIND_Multi_On_Error  !!!
20240921 112148.283 INFO             PET3 !!!!!!!!!!!!!!!!!!!!!!!!!!!!!!!!!!!!!!!!!!!!!!!!!!!!!!
20240921 112148.283 INFO             PET3 Running with ESMF Version   : v8.7.0b14-1-g2597b0a993
20240921 112148.283 INFO             PET3 ESMF library build date/time: "Sep 21 2024" "07:53:10"
20240921 112148.283 INFO             PET3 ESMF library build location : /scratch2/NCEPDEV/stmp1/Gerhard.Theurich/ESMF-Nightly-Testing/nvhpc_24.1_openmpi_g_release_8.7.0/esmf
20240921 112148.283 INFO             PET3 ESMF_COMM                   : openmpi
20240921 112148.284 INFO             PET3 ESMF_MOAB                   : enabled
20240921 112148.284 INFO             PET3 ESMF_LAPACK                 : enabled
20240921 112148.284 INFO             PET3 ESMF_NETCDF                 : disabled
20240921 112148.284 INFO             PET3 ESMF_PNETCDF                : disabled
20240921 112148.284 INFO             PET3 ESMF_PIO                    : disabled
20240921 112148.284 INFO             PET3 ESMF_YAMLCPP                : enabled
20240921 112148.286 INFO             PET3  NUMBER_OF_PROCESSORS            4
20240921 112148.286 INFO             PET3  PASS  Example ESMF_StateEx, ESMF_StateEx.F90, line 237
20240921 112148.286 INFO             PET3  Finalizing ESMF
