2024-09-09 01:43:23
20240909 020515.460 INFO             PET0 !!!!!!!!!!!!!!!!!!!!!!!!!!!!!!!!!!!!!!!!!!!!!!!!!!!!!!
20240909 020515.460 INFO             PET0 !!! THE ESMF_LOG IS SET TO OUTPUT ALL LOG MESSAGES !!!
20240909 020515.460 INFO             PET0 !!!     THIS MAY CAUSE SLOWDOWN IN PERFORMANCE     !!!
20240909 020515.460 INFO             PET0 !!! FOR PRODUCTION RUNS, USE:                      !!!
20240909 020515.460 INFO             PET0 !!!                   ESMF_LOGKIND_Multi_On_Error  !!!
20240909 020515.460 INFO             PET0 !!!!!!!!!!!!!!!!!!!!!!!!!!!!!!!!!!!!!!!!!!!!!!!!!!!!!!
20240909 020515.460 INFO             PET0 Running with ESMF Version   : v8.7.0b13-3-gedb848d90b
20240909 020515.460 INFO             PET0 ESMF library build date/time: "Sep  9 2024" "01:42:19"
20240909 020515.460 INFO             PET0 ESMF library build location : /home/gerhard/ESMF-Nightly-Testing/gfortran_11.2.0_mpich_O_develop/esmf
20240909 020515.460 INFO             PET0 ESMF_COMM                   : mpich
20240909 020515.460 INFO             PET0 ESMF_MOAB                   : enabled
20240909 020515.460 INFO             PET0 ESMF_LAPACK                 : enabled
20240909 020515.460 INFO             PET0 ESMF_NETCDF                 : enabled
20240909 020515.460 INFO             PET0 ESMF_PNETCDF                : disabled
20240909 020515.461 INFO             PET0 ESMF_PIO                    : enabled
20240909 020515.461 INFO             PET0 ESMF_YAMLCPP                : enabled
20240909 020515.461 INFO             PET0 =============================================
20240909 020515.461 INFO             PET0 ESMX (Earth System Model eXecutable) STARTING
20240909 020515.461 INFO             PET0 =============================================
20240909 020515.463 INFO             PET0 ESMX_Driver: InitializeGeneric intro.
20240909 020515.463 INFO             PET0   ESMX_Driver: InitializeP0 intro.
20240909 020515.463 INFO             PET0   ESMX_Driver: InitializeP0 extro.
20240909 020515.463 INFO             PET0   ESMX_Driver: InitializeIPDv02p1 intro.
20240909 020515.464 INFO             PET0     >>>ESMX_Driver: entered Initialize (phase=<none>) without valid internal Clock.
20240909 020515.464 INFO             PET0     ESMX_Driver - Creating model component MDL without petList.
20240909 020515.464 DEBUG            PET0     Generic SetVM() is executing for: MDL
20240909 020515.464 DEBUG            PET0     Generic SetVM() found no NUOPC Hint for: MDL
20240909 020515.464 DEBUG            PET0     Generic SetVM() therefore is NOT calling ESMF_GridCompSetVMMaxPEs() for: MDL
20240909 020515.467 INFO             PET0     ESMX_Driver: IInitAdvertise intro.
20240909 020515.467 INFO             PET0     ESMX_Driver: IInitAdvertise extro.
20240909 020515.467 INFO             PET0     Message from inside C component Advertise() method
20240909 020515.467 INFO             PET0     ESMX_Driver: IInitAdvertiseFinish intro.
20240909 020515.467 INFO             PET0     ESMX_Driver: IInitAdvertiseFinish extro.
20240909 020515.467 INFO             PET0     ESMX_Driver: IInitModifyCplLists intro.
20240909 020515.467 INFO             PET0     ESMX_Driver: IInitModifyCplLists extro.
20240909 020515.467 INFO             PET0     <<<ESMX_Driver: leaving Initialize (phase=<none>) with current time: 2012 10 24 18  0  0   0
20240909 020515.467 INFO             PET0   ESMX_Driver: InitializeIPDv02p1 extro.
20240909 020515.467 INFO             PET0   ESMX_Driver: InitializeIPDv02p3 intro.
20240909 020515.467 INFO             PET0     >>>ESMX_Driver: entered Initialize (phase=<none>) with current time: 2012 10 24 18  0  0   0
20240909 020515.467 INFO             PET0     ESMX_Driver: IInitCheck intro.
20240909 020515.467 INFO             PET0     ESMX_Driver: IInitCheck extro.
20240909 020515.468 INFO             PET0     ESMX_Driver: IInitRealize intro.
20240909 020515.468 INFO             PET0     ESMX_Driver: IInitRealize extro.
20240909 020515.468 INFO             PET0     <<<ESMX_Driver: leaving Initialize (phase=<none>) with current time: 2012 10 24 18  0  0   0
20240909 020515.468 INFO             PET0   ESMX_Driver: InitializeIPDv02p3 extro.
20240909 020515.468 INFO             PET0   ESMX_Driver: InitializeIPDv02p5 intro.
20240909 020515.468 INFO             PET0     >>>ESMX_Driver: entered Initialize (phase=<none>) with current time: 2012 10 24 18  0  0   0
20240909 020515.468 INFO             PET0     ESMX_Driver: InitializeIPDv02p5Data intro.
20240909 020515.468 INFO             PET0       ESMX_Driver: InternalInitializeComplete intro.
20240909 020515.468 INFO             PET0       ESMX_Driver: InternalInitializeComplete extro.
20240909 020515.468 INFO             PET0       ESMX_Driver: loopDataDependentInitialize intro.
20240909 020515.468 INFO             PET0       ESMX_Driver: loopDataDependentInitialize extro.
20240909 020515.468 INFO             PET0     ESMX_Driver: InitializeIPDv02p5Data extro.
20240909 020515.468 INFO             PET0     <<<ESMX_Driver: leaving Initialize (phase=<none>) with current time: 2012 10 24 18  0  0   0
20240909 020515.468 INFO             PET0   ESMX_Driver: InitializeIPDv02p5 extro.
20240909 020515.468 INFO             PET0 ESMX_Driver: InitializeGeneric extro.
20240909 020515.468 INFO             PET0 ESMX_Driver: Run intro.
20240909 020515.469 INFO             PET0   >>>ESMX_Driver: entered Run (phase=RunPhase1) with current time: 2012 10 24 18  0  0   0
20240909 020515.469 INFO             PET0   Message from inside C component Advance() method
20240909 020515.469 INFO             PET0   <<<ESMX_Driver: leaving Run (phase=RunPhase1) with current time: 2012 10 24 19  0  0   0
20240909 020515.469 INFO             PET0 ESMX_Driver: Run extro.
20240909 020515.469 INFO             PET0 ESMX_Driver: Finalize intro.
20240909 020515.469 INFO             PET0   Calling Finalize phase 1 for modelComp: MDL
20240909 020515.469 INFO             PET0   Delete modelComp: MDL
20240909 020515.469 INFO             PET0 ESMX_Driver: Finalize extro.
20240909 020515.469 INFO             PET0 =============================================
20240909 020515.469 INFO             PET0 ESMX (Earth System Model eXecutable) FINISHED
20240909 020515.469 INFO             PET0 =============================================
20240909 020515.469 INFO             PET0  Finalizing ESMF
20240909 020515.460 INFO             PET1 !!!!!!!!!!!!!!!!!!!!!!!!!!!!!!!!!!!!!!!!!!!!!!!!!!!!!!
20240909 020515.460 INFO             PET1 !!! THE ESMF_LOG IS SET TO OUTPUT ALL LOG MESSAGES !!!
20240909 020515.460 INFO             PET1 !!!     THIS MAY CAUSE SLOWDOWN IN PERFORMANCE     !!!
20240909 020515.460 INFO             PET1 !!! FOR PRODUCTION RUNS, USE:                      !!!
20240909 020515.460 INFO             PET1 !!!                   ESMF_LOGKIND_Multi_On_Error  !!!
20240909 020515.460 INFO             PET1 !!!!!!!!!!!!!!!!!!!!!!!!!!!!!!!!!!!!!!!!!!!!!!!!!!!!!!
20240909 020515.460 INFO             PET1 Running with ESMF Version   : v8.7.0b13-3-gedb848d90b
20240909 020515.460 INFO             PET1 ESMF library build date/time: "Sep  9 2024" "01:42:19"
20240909 020515.460 INFO             PET1 ESMF library build location : /home/gerhard/ESMF-Nightly-Testing/gfortran_11.2.0_mpich_O_develop/esmf
20240909 020515.460 INFO             PET1 ESMF_COMM                   : mpich
20240909 020515.461 INFO             PET1 ESMF_MOAB                   : enabled
20240909 020515.461 INFO             PET1 ESMF_LAPACK                 : enabled
20240909 020515.461 INFO             PET1 ESMF_NETCDF                 : enabled
20240909 020515.461 INFO             PET1 ESMF_PNETCDF                : disabled
20240909 020515.461 INFO             PET1 ESMF_PIO                    : enabled
20240909 020515.461 INFO             PET1 ESMF_YAMLCPP                : enabled
20240909 020515.461 INFO             PET1 =============================================
20240909 020515.461 INFO             PET1 ESMX (Earth System Model eXecutable) STARTING
20240909 020515.461 INFO             PET1 =============================================
20240909 020515.463 INFO             PET1 ESMX_Driver: InitializeGeneric intro.
20240909 020515.463 INFO             PET1   ESMX_Driver: InitializeP0 intro.
20240909 020515.463 INFO             PET1   ESMX_Driver: InitializeP0 extro.
20240909 020515.463 INFO             PET1   ESMX_Driver: InitializeIPDv02p1 intro.
20240909 020515.464 INFO             PET1     >>>ESMX_Driver: entered Initialize (phase=<none>) without valid internal Clock.
20240909 020515.464 INFO             PET1     ESMX_Driver - Creating model component MDL without petList.
20240909 020515.464 DEBUG            PET1     Generic SetVM() is executing for: MDL
20240909 020515.464 DEBUG            PET1     Generic SetVM() found no NUOPC Hint for: MDL
20240909 020515.464 DEBUG            PET1     Generic SetVM() therefore is NOT calling ESMF_GridCompSetVMMaxPEs() for: MDL
20240909 020515.467 INFO             PET1     ESMX_Driver: IInitAdvertise intro.
20240909 020515.467 INFO             PET1     ESMX_Driver: IInitAdvertise extro.
20240909 020515.467 INFO             PET1     Message from inside C component Advertise() method
20240909 020515.467 INFO             PET1     ESMX_Driver: IInitAdvertiseFinish intro.
20240909 020515.467 INFO             PET1     ESMX_Driver: IInitAdvertiseFinish extro.
20240909 020515.467 INFO             PET1     ESMX_Driver: IInitModifyCplLists intro.
20240909 020515.467 INFO             PET1     ESMX_Driver: IInitModifyCplLists extro.
20240909 020515.467 INFO             PET1     <<<ESMX_Driver: leaving Initialize (phase=<none>) with current time: 2012 10 24 18  0  0   0
20240909 020515.467 INFO             PET1   ESMX_Driver: InitializeIPDv02p1 extro.
20240909 020515.467 INFO             PET1   ESMX_Driver: InitializeIPDv02p3 intro.
20240909 020515.467 INFO             PET1     >>>ESMX_Driver: entered Initialize (phase=<none>) with current time: 2012 10 24 18  0  0   0
20240909 020515.467 INFO             PET1     ESMX_Driver: IInitCheck intro.
20240909 020515.467 INFO             PET1     ESMX_Driver: IInitCheck extro.
20240909 020515.468 INFO             PET1     ESMX_Driver: IInitRealize intro.
20240909 020515.468 INFO             PET1     ESMX_Driver: IInitRealize extro.
20240909 020515.468 INFO             PET1     <<<ESMX_Driver: leaving Initialize (phase=<none>) with current time: 2012 10 24 18  0  0   0
20240909 020515.468 INFO             PET1   ESMX_Driver: InitializeIPDv02p3 extro.
20240909 020515.468 INFO             PET1   ESMX_Driver: InitializeIPDv02p5 intro.
20240909 020515.468 INFO             PET1     >>>ESMX_Driver: entered Initialize (phase=<none>) with current time: 2012 10 24 18  0  0   0
20240909 020515.468 INFO             PET1     ESMX_Driver: InitializeIPDv02p5Data intro.
20240909 020515.468 INFO             PET1       ESMX_Driver: InternalInitializeComplete intro.
20240909 020515.468 INFO             PET1       ESMX_Driver: InternalInitializeComplete extro.
20240909 020515.468 INFO             PET1       ESMX_Driver: loopDataDependentInitialize intro.
20240909 020515.468 INFO             PET1       ESMX_Driver: loopDataDependentInitialize extro.
20240909 020515.468 INFO             PET1     ESMX_Driver: InitializeIPDv02p5Data extro.
20240909 020515.468 INFO             PET1     <<<ESMX_Driver: leaving Initialize (phase=<none>) with current time: 2012 10 24 18  0  0   0
20240909 020515.468 INFO             PET1   ESMX_Driver: InitializeIPDv02p5 extro.
20240909 020515.468 INFO             PET1 ESMX_Driver: InitializeGeneric extro.
20240909 020515.468 INFO             PET1 ESMX_Driver: Run intro.
20240909 020515.469 INFO             PET1   >>>ESMX_Driver: entered Run (phase=RunPhase1) with current time: 2012 10 24 18  0  0   0
20240909 020515.469 INFO             PET1   Message from inside C component Advance() method
20240909 020515.469 INFO             PET1   <<<ESMX_Driver: leaving Run (phase=RunPhase1) with current time: 2012 10 24 19  0  0   0
20240909 020515.469 INFO             PET1 ESMX_Driver: Run extro.
20240909 020515.469 INFO             PET1 ESMX_Driver: Finalize intro.
20240909 020515.469 INFO             PET1   Calling Finalize phase 1 for modelComp: MDL
20240909 020515.469 INFO             PET1   Delete modelComp: MDL
20240909 020515.469 INFO             PET1 ESMX_Driver: Finalize extro.
20240909 020515.469 INFO             PET1 =============================================
20240909 020515.469 INFO             PET1 ESMX (Earth System Model eXecutable) FINISHED
20240909 020515.469 INFO             PET1 =============================================
20240909 020515.469 INFO             PET1  Finalizing ESMF
20240909 020515.461 INFO             PET2 !!!!!!!!!!!!!!!!!!!!!!!!!!!!!!!!!!!!!!!!!!!!!!!!!!!!!!
20240909 020515.461 INFO             PET2 !!! THE ESMF_LOG IS SET TO OUTPUT ALL LOG MESSAGES !!!
20240909 020515.461 INFO             PET2 !!!     THIS MAY CAUSE SLOWDOWN IN PERFORMANCE     !!!
20240909 020515.461 INFO             PET2 !!! FOR PRODUCTION RUNS, USE:                      !!!
20240909 020515.461 INFO             PET2 !!!                   ESMF_LOGKIND_Multi_On_Error  !!!
20240909 020515.461 INFO             PET2 !!!!!!!!!!!!!!!!!!!!!!!!!!!!!!!!!!!!!!!!!!!!!!!!!!!!!!
20240909 020515.461 INFO             PET2 Running with ESMF Version   : v8.7.0b13-3-gedb848d90b
20240909 020515.461 INFO             PET2 ESMF library build date/time: "Sep  9 2024" "01:42:19"
20240909 020515.461 INFO             PET2 ESMF library build location : /home/gerhard/ESMF-Nightly-Testing/gfortran_11.2.0_mpich_O_develop/esmf
20240909 020515.461 INFO             PET2 ESMF_COMM                   : mpich
20240909 020515.461 INFO             PET2 ESMF_MOAB                   : enabled
20240909 020515.461 INFO             PET2 ESMF_LAPACK                 : enabled
20240909 020515.461 INFO             PET2 ESMF_NETCDF                 : enabled
20240909 020515.461 INFO             PET2 ESMF_PNETCDF                : disabled
20240909 020515.461 INFO             PET2 ESMF_PIO                    : enabled
20240909 020515.461 INFO             PET2 ESMF_YAMLCPP                : enabled
20240909 020515.461 INFO             PET2 =============================================
20240909 020515.461 INFO             PET2 ESMX (Earth System Model eXecutable) STARTING
20240909 020515.461 INFO             PET2 =============================================
20240909 020515.463 INFO             PET2 ESMX_Driver: InitializeGeneric intro.
20240909 020515.463 INFO             PET2   ESMX_Driver: InitializeP0 intro.
20240909 020515.463 INFO             PET2   ESMX_Driver: InitializeP0 extro.
20240909 020515.463 INFO             PET2   ESMX_Driver: InitializeIPDv02p1 intro.
20240909 020515.464 INFO             PET2     >>>ESMX_Driver: entered Initialize (phase=<none>) without valid internal Clock.
20240909 020515.464 INFO             PET2     ESMX_Driver - Creating model component MDL without petList.
20240909 020515.464 DEBUG            PET2     Generic SetVM() is executing for: MDL
20240909 020515.464 DEBUG            PET2     Generic SetVM() found no NUOPC Hint for: MDL
20240909 020515.464 DEBUG            PET2     Generic SetVM() therefore is NOT calling ESMF_GridCompSetVMMaxPEs() for: MDL
20240909 020515.467 INFO             PET2     ESMX_Driver: IInitAdvertise intro.
20240909 020515.467 INFO             PET2     ESMX_Driver: IInitAdvertise extro.
20240909 020515.467 INFO             PET2     Message from inside C component Advertise() method
20240909 020515.467 INFO             PET2     ESMX_Driver: IInitAdvertiseFinish intro.
20240909 020515.467 INFO             PET2     ESMX_Driver: IInitAdvertiseFinish extro.
20240909 020515.467 INFO             PET2     ESMX_Driver: IInitModifyCplLists intro.
20240909 020515.467 INFO             PET2     ESMX_Driver: IInitModifyCplLists extro.
20240909 020515.467 INFO             PET2     <<<ESMX_Driver: leaving Initialize (phase=<none>) with current time: 2012 10 24 18  0  0   0
20240909 020515.467 INFO             PET2   ESMX_Driver: InitializeIPDv02p1 extro.
20240909 020515.467 INFO             PET2   ESMX_Driver: InitializeIPDv02p3 intro.
20240909 020515.467 INFO             PET2     >>>ESMX_Driver: entered Initialize (phase=<none>) with current time: 2012 10 24 18  0  0   0
20240909 020515.467 INFO             PET2     ESMX_Driver: IInitCheck intro.
20240909 020515.467 INFO             PET2     ESMX_Driver: IInitCheck extro.
20240909 020515.468 INFO             PET2     ESMX_Driver: IInitRealize intro.
20240909 020515.468 INFO             PET2     ESMX_Driver: IInitRealize extro.
20240909 020515.468 INFO             PET2     <<<ESMX_Driver: leaving Initialize (phase=<none>) with current time: 2012 10 24 18  0  0   0
20240909 020515.468 INFO             PET2   ESMX_Driver: InitializeIPDv02p3 extro.
20240909 020515.468 INFO             PET2   ESMX_Driver: InitializeIPDv02p5 intro.
20240909 020515.468 INFO             PET2     >>>ESMX_Driver: entered Initialize (phase=<none>) with current time: 2012 10 24 18  0  0   0
20240909 020515.468 INFO             PET2     ESMX_Driver: InitializeIPDv02p5Data intro.
20240909 020515.468 INFO             PET2       ESMX_Driver: InternalInitializeComplete intro.
20240909 020515.468 INFO             PET2       ESMX_Driver: InternalInitializeComplete extro.
20240909 020515.468 INFO             PET2       ESMX_Driver: loopDataDependentInitialize intro.
20240909 020515.468 INFO             PET2       ESMX_Driver: loopDataDependentInitialize extro.
20240909 020515.468 INFO             PET2     ESMX_Driver: InitializeIPDv02p5Data extro.
20240909 020515.468 INFO             PET2     <<<ESMX_Driver: leaving Initialize (phase=<none>) with current time: 2012 10 24 18  0  0   0
20240909 020515.468 INFO             PET2   ESMX_Driver: InitializeIPDv02p5 extro.
20240909 020515.468 INFO             PET2 ESMX_Driver: InitializeGeneric extro.
20240909 020515.468 INFO             PET2 ESMX_Driver: Run intro.
20240909 020515.469 INFO             PET2   >>>ESMX_Driver: entered Run (phase=RunPhase1) with current time: 2012 10 24 18  0  0   0
20240909 020515.469 INFO             PET2   Message from inside C component Advance() method
20240909 020515.469 INFO             PET2   <<<ESMX_Driver: leaving Run (phase=RunPhase1) with current time: 2012 10 24 19  0  0   0
20240909 020515.469 INFO             PET2 ESMX_Driver: Run extro.
20240909 020515.469 INFO             PET2 ESMX_Driver: Finalize intro.
20240909 020515.469 INFO             PET2   Calling Finalize phase 1 for modelComp: MDL
20240909 020515.469 INFO             PET2   Delete modelComp: MDL
20240909 020515.469 INFO             PET2 ESMX_Driver: Finalize extro.
20240909 020515.469 INFO             PET2 =============================================
20240909 020515.469 INFO             PET2 ESMX (Earth System Model eXecutable) FINISHED
20240909 020515.469 INFO             PET2 =============================================
20240909 020515.469 INFO             PET2  Finalizing ESMF
20240909 020515.461 INFO             PET3 !!!!!!!!!!!!!!!!!!!!!!!!!!!!!!!!!!!!!!!!!!!!!!!!!!!!!!
20240909 020515.461 INFO             PET3 !!! THE ESMF_LOG IS SET TO OUTPUT ALL LOG MESSAGES !!!
20240909 020515.461 INFO             PET3 !!!     THIS MAY CAUSE SLOWDOWN IN PERFORMANCE     !!!
20240909 020515.461 INFO             PET3 !!! FOR PRODUCTION RUNS, USE:                      !!!
20240909 020515.461 INFO             PET3 !!!                   ESMF_LOGKIND_Multi_On_Error  !!!
20240909 020515.461 INFO             PET3 !!!!!!!!!!!!!!!!!!!!!!!!!!!!!!!!!!!!!!!!!!!!!!!!!!!!!!
20240909 020515.461 INFO             PET3 Running with ESMF Version   : v8.7.0b13-3-gedb848d90b
20240909 020515.461 INFO             PET3 ESMF library build date/time: "Sep  9 2024" "01:42:19"
20240909 020515.461 INFO             PET3 ESMF library build location : /home/gerhard/ESMF-Nightly-Testing/gfortran_11.2.0_mpich_O_develop/esmf
20240909 020515.461 INFO             PET3 ESMF_COMM                   : mpich
20240909 020515.461 INFO             PET3 ESMF_MOAB                   : enabled
20240909 020515.461 INFO             PET3 ESMF_LAPACK                 : enabled
20240909 020515.461 INFO             PET3 ESMF_NETCDF                 : enabled
20240909 020515.461 INFO             PET3 ESMF_PNETCDF                : disabled
20240909 020515.461 INFO             PET3 ESMF_PIO                    : enabled
20240909 020515.461 INFO             PET3 ESMF_YAMLCPP                : enabled
20240909 020515.461 INFO             PET3 =============================================
20240909 020515.461 INFO             PET3 ESMX (Earth System Model eXecutable) STARTING
20240909 020515.461 INFO             PET3 =============================================
20240909 020515.463 INFO             PET3 ESMX_Driver: InitializeGeneric intro.
20240909 020515.463 INFO             PET3   ESMX_Driver: InitializeP0 intro.
20240909 020515.463 INFO             PET3   ESMX_Driver: InitializeP0 extro.
20240909 020515.463 INFO             PET3   ESMX_Driver: InitializeIPDv02p1 intro.
20240909 020515.464 INFO             PET3     >>>ESMX_Driver: entered Initialize (phase=<none>) without valid internal Clock.
20240909 020515.464 INFO             PET3     ESMX_Driver - Creating model component MDL without petList.
20240909 020515.464 DEBUG            PET3     Generic SetVM() is executing for: MDL
20240909 020515.464 DEBUG            PET3     Generic SetVM() found no NUOPC Hint for: MDL
20240909 020515.464 DEBUG            PET3     Generic SetVM() therefore is NOT calling ESMF_GridCompSetVMMaxPEs() for: MDL
20240909 020515.467 INFO             PET3     ESMX_Driver: IInitAdvertise intro.
20240909 020515.467 INFO             PET3     ESMX_Driver: IInitAdvertise extro.
20240909 020515.467 INFO             PET3     Message from inside C component Advertise() method
20240909 020515.467 INFO             PET3     ESMX_Driver: IInitAdvertiseFinish intro.
20240909 020515.467 INFO             PET3     ESMX_Driver: IInitAdvertiseFinish extro.
20240909 020515.467 INFO             PET3     ESMX_Driver: IInitModifyCplLists intro.
20240909 020515.467 INFO             PET3     ESMX_Driver: IInitModifyCplLists extro.
20240909 020515.467 INFO             PET3     <<<ESMX_Driver: leaving Initialize (phase=<none>) with current time: 2012 10 24 18  0  0   0
20240909 020515.467 INFO             PET3   ESMX_Driver: InitializeIPDv02p1 extro.
20240909 020515.467 INFO             PET3   ESMX_Driver: InitializeIPDv02p3 intro.
20240909 020515.467 INFO             PET3     >>>ESMX_Driver: entered Initialize (phase=<none>) with current time: 2012 10 24 18  0  0   0
20240909 020515.467 INFO             PET3     ESMX_Driver: IInitCheck intro.
20240909 020515.467 INFO             PET3     ESMX_Driver: IInitCheck extro.
20240909 020515.468 INFO             PET3     ESMX_Driver: IInitRealize intro.
20240909 020515.468 INFO             PET3     ESMX_Driver: IInitRealize extro.
20240909 020515.468 INFO             PET3     <<<ESMX_Driver: leaving Initialize (phase=<none>) with current time: 2012 10 24 18  0  0   0
20240909 020515.468 INFO             PET3   ESMX_Driver: InitializeIPDv02p3 extro.
20240909 020515.468 INFO             PET3   ESMX_Driver: InitializeIPDv02p5 intro.
20240909 020515.468 INFO             PET3     >>>ESMX_Driver: entered Initialize (phase=<none>) with current time: 2012 10 24 18  0  0   0
20240909 020515.468 INFO             PET3     ESMX_Driver: InitializeIPDv02p5Data intro.
20240909 020515.468 INFO             PET3       ESMX_Driver: InternalInitializeComplete intro.
20240909 020515.468 INFO             PET3       ESMX_Driver: InternalInitializeComplete extro.
20240909 020515.468 INFO             PET3       ESMX_Driver: loopDataDependentInitialize intro.
20240909 020515.468 INFO             PET3       ESMX_Driver: loopDataDependentInitialize extro.
20240909 020515.468 INFO             PET3     ESMX_Driver: InitializeIPDv02p5Data extro.
20240909 020515.468 INFO             PET3     <<<ESMX_Driver: leaving Initialize (phase=<none>) with current time: 2012 10 24 18  0  0   0
20240909 020515.468 INFO             PET3   ESMX_Driver: InitializeIPDv02p5 extro.
20240909 020515.468 INFO             PET3 ESMX_Driver: InitializeGeneric extro.
20240909 020515.468 INFO             PET3 ESMX_Driver: Run intro.
20240909 020515.469 INFO             PET3   >>>ESMX_Driver: entered Run (phase=RunPhase1) with current time: 2012 10 24 18  0  0   0
20240909 020515.469 INFO             PET3   Message from inside C component Advance() method
20240909 020515.469 INFO             PET3   <<<ESMX_Driver: leaving Run (phase=RunPhase1) with current time: 2012 10 24 19  0  0   0
20240909 020515.469 INFO             PET3 ESMX_Driver: Run extro.
20240909 020515.469 INFO             PET3 ESMX_Driver: Finalize intro.
20240909 020515.469 INFO             PET3   Calling Finalize phase 1 for modelComp: MDL
20240909 020515.469 INFO             PET3   Delete modelComp: MDL
20240909 020515.469 INFO             PET3 ESMX_Driver: Finalize extro.
20240909 020515.469 INFO             PET3 =============================================
20240909 020515.469 INFO             PET3 ESMX (Earth System Model eXecutable) FINISHED
20240909 020515.469 INFO             PET3 =============================================
20240909 020515.469 INFO             PET3  Finalizing ESMF
