2024-10-05 04:58:29
20241005 055826.567 INFO             PET0 !!!!!!!!!!!!!!!!!!!!!!!!!!!!!!!!!!!!!!!!!!!!!!!!!!!!!!
20241005 055826.567 INFO             PET0 !!! THE ESMF_LOG IS SET TO OUTPUT ALL LOG MESSAGES !!!
20241005 055826.568 INFO             PET0 !!!     THIS MAY CAUSE SLOWDOWN IN PERFORMANCE     !!!
20241005 055826.568 INFO             PET0 !!! FOR PRODUCTION RUNS, USE:                      !!!
20241005 055826.568 INFO             PET0 !!!                   ESMF_LOGKIND_Multi_On_Error  !!!
20241005 055826.568 INFO             PET0 !!!!!!!!!!!!!!!!!!!!!!!!!!!!!!!!!!!!!!!!!!!!!!!!!!!!!!
20241005 055826.568 INFO             PET0 Running with ESMF Version   : v8.7.0
20241005 055826.568 INFO             PET0 ESMF library build date/time: "Oct  5 2024" "04:53:49"
20241005 055826.568 INFO             PET0 ESMF library build location : /glade/derecho/scratch/sacks/esmf-testing/nvhpc_23.7_mpi_O_v8.7.0/esmf
20241005 055826.568 INFO             PET0 ESMF_COMM                   : mpi
20241005 055826.568 INFO             PET0 ESMF_MOAB                   : enabled
20241005 055826.568 INFO             PET0 ESMF_LAPACK                 : enabled
20241005 055826.568 INFO             PET0 ESMF_NETCDF                 : enabled
20241005 055826.568 INFO             PET0 ESMF_PNETCDF                : disabled
20241005 055826.568 INFO             PET0 ESMF_PIO                    : enabled
20241005 055826.568 INFO             PET0 ESMF_YAMLCPP                : enabled
20241005 055826.600 DEBUG            PET0 about to destroy Grid: 0x764100
20241005 055826.602 DEBUG            PET0 about to destroy Grid: 0x7663d0
20241005 055826.611 INFO             PET0  NUMBER_OF_PROCESSORS            4
20241005 055826.611 INFO             PET0  PASS  Example ESMF_NUOPCAtmModelEx, ESMF_NUOPCAtmModelEx.F90, line 806
20241005 055826.611 INFO             PET0  Finalizing ESMF
20241005 055826.566 INFO             PET1 !!!!!!!!!!!!!!!!!!!!!!!!!!!!!!!!!!!!!!!!!!!!!!!!!!!!!!
20241005 055826.566 INFO             PET1 !!! THE ESMF_LOG IS SET TO OUTPUT ALL LOG MESSAGES !!!
20241005 055826.566 INFO             PET1 !!!     THIS MAY CAUSE SLOWDOWN IN PERFORMANCE     !!!
20241005 055826.566 INFO             PET1 !!! FOR PRODUCTION RUNS, USE:                      !!!
20241005 055826.566 INFO             PET1 !!!                   ESMF_LOGKIND_Multi_On_Error  !!!
20241005 055826.566 INFO             PET1 !!!!!!!!!!!!!!!!!!!!!!!!!!!!!!!!!!!!!!!!!!!!!!!!!!!!!!
20241005 055826.566 INFO             PET1 Running with ESMF Version   : v8.7.0
20241005 055826.566 INFO             PET1 ESMF library build date/time: "Oct  5 2024" "04:53:49"
20241005 055826.566 INFO             PET1 ESMF library build location : /glade/derecho/scratch/sacks/esmf-testing/nvhpc_23.7_mpi_O_v8.7.0/esmf
20241005 055826.566 INFO             PET1 ESMF_COMM                   : mpi
20241005 055826.567 INFO             PET1 ESMF_MOAB                   : enabled
20241005 055826.567 INFO             PET1 ESMF_LAPACK                 : enabled
20241005 055826.567 INFO             PET1 ESMF_NETCDF                 : enabled
20241005 055826.567 INFO             PET1 ESMF_PNETCDF                : disabled
20241005 055826.567 INFO             PET1 ESMF_PIO                    : enabled
20241005 055826.567 INFO             PET1 ESMF_YAMLCPP                : enabled
20241005 055826.600 DEBUG            PET1 about to destroy Grid: 0x761d90
20241005 055826.602 DEBUG            PET1 about to destroy Grid: 0x763400
20241005 055826.611 INFO             PET1  NUMBER_OF_PROCESSORS            4
20241005 055826.611 INFO             PET1  PASS  Example ESMF_NUOPCAtmModelEx, ESMF_NUOPCAtmModelEx.F90, line 806
20241005 055826.611 INFO             PET1  Finalizing ESMF
20241005 055826.567 INFO             PET2 !!!!!!!!!!!!!!!!!!!!!!!!!!!!!!!!!!!!!!!!!!!!!!!!!!!!!!
20241005 055826.567 INFO             PET2 !!! THE ESMF_LOG IS SET TO OUTPUT ALL LOG MESSAGES !!!
20241005 055826.567 INFO             PET2 !!!     THIS MAY CAUSE SLOWDOWN IN PERFORMANCE     !!!
20241005 055826.567 INFO             PET2 !!! FOR PRODUCTION RUNS, USE:                      !!!
20241005 055826.567 INFO             PET2 !!!                   ESMF_LOGKIND_Multi_On_Error  !!!
20241005 055826.567 INFO             PET2 !!!!!!!!!!!!!!!!!!!!!!!!!!!!!!!!!!!!!!!!!!!!!!!!!!!!!!
20241005 055826.567 INFO             PET2 Running with ESMF Version   : v8.7.0
20241005 055826.567 INFO             PET2 ESMF library build date/time: "Oct  5 2024" "04:53:49"
20241005 055826.567 INFO             PET2 ESMF library build location : /glade/derecho/scratch/sacks/esmf-testing/nvhpc_23.7_mpi_O_v8.7.0/esmf
20241005 055826.567 INFO             PET2 ESMF_COMM                   : mpi
20241005 055826.568 INFO             PET2 ESMF_MOAB                   : enabled
20241005 055826.568 INFO             PET2 ESMF_LAPACK                 : enabled
20241005 055826.568 INFO             PET2 ESMF_NETCDF                 : enabled
20241005 055826.568 INFO             PET2 ESMF_PNETCDF                : disabled
20241005 055826.568 INFO             PET2 ESMF_PIO                    : enabled
20241005 055826.568 INFO             PET2 ESMF_YAMLCPP                : enabled
20241005 055826.600 DEBUG            PET2 about to destroy Grid: 0x7609b0
20241005 055826.602 DEBUG            PET2 about to destroy Grid: 0x762880
20241005 055826.611 INFO             PET2  NUMBER_OF_PROCESSORS            4
20241005 055826.611 INFO             PET2  PASS  Example ESMF_NUOPCAtmModelEx, ESMF_NUOPCAtmModelEx.F90, line 806
20241005 055826.611 INFO             PET2  Finalizing ESMF
20241005 055826.566 INFO             PET3 !!!!!!!!!!!!!!!!!!!!!!!!!!!!!!!!!!!!!!!!!!!!!!!!!!!!!!
20241005 055826.566 INFO             PET3 !!! THE ESMF_LOG IS SET TO OUTPUT ALL LOG MESSAGES !!!
20241005 055826.566 INFO             PET3 !!!     THIS MAY CAUSE SLOWDOWN IN PERFORMANCE     !!!
20241005 055826.566 INFO             PET3 !!! FOR PRODUCTION RUNS, USE:                      !!!
20241005 055826.566 INFO             PET3 !!!                   ESMF_LOGKIND_Multi_On_Error  !!!
20241005 055826.566 INFO             PET3 !!!!!!!!!!!!!!!!!!!!!!!!!!!!!!!!!!!!!!!!!!!!!!!!!!!!!!
20241005 055826.566 INFO             PET3 Running with ESMF Version   : v8.7.0
20241005 055826.566 INFO             PET3 ESMF library build date/time: "Oct  5 2024" "04:53:49"
20241005 055826.566 INFO             PET3 ESMF library build location : /glade/derecho/scratch/sacks/esmf-testing/nvhpc_23.7_mpi_O_v8.7.0/esmf
20241005 055826.566 INFO             PET3 ESMF_COMM                   : mpi
20241005 055826.567 INFO             PET3 ESMF_MOAB                   : enabled
20241005 055826.567 INFO             PET3 ESMF_LAPACK                 : enabled
20241005 055826.567 INFO             PET3 ESMF_NETCDF                 : enabled
20241005 055826.567 INFO             PET3 ESMF_PNETCDF                : disabled
20241005 055826.567 INFO             PET3 ESMF_PIO                    : enabled
20241005 055826.567 INFO             PET3 ESMF_YAMLCPP                : enabled
20241005 055826.600 DEBUG            PET3 about to destroy Grid: 0x760d50
20241005 055826.602 DEBUG            PET3 about to destroy Grid: 0x762920
20241005 055826.611 INFO             PET3  NUMBER_OF_PROCESSORS            4
20241005 055826.611 INFO             PET3  PASS  Example ESMF_NUOPCAtmModelEx, ESMF_NUOPCAtmModelEx.F90, line 806
20241005 055826.611 INFO             PET3  Finalizing ESMF
