2024-09-14 02:40:23
20240914 035017.059 INFO             PET0 !!!!!!!!!!!!!!!!!!!!!!!!!!!!!!!!!!!!!!!!!!!!!!!!!!!!!!
20240914 035017.060 INFO             PET0 !!! THE ESMF_LOG IS SET TO OUTPUT ALL LOG MESSAGES !!!
20240914 035017.060 INFO             PET0 !!!     THIS MAY CAUSE SLOWDOWN IN PERFORMANCE     !!!
20240914 035017.060 INFO             PET0 !!! FOR PRODUCTION RUNS, USE:                      !!!
20240914 035017.060 INFO             PET0 !!!                   ESMF_LOGKIND_Multi_On_Error  !!!
20240914 035017.060 INFO             PET0 !!!!!!!!!!!!!!!!!!!!!!!!!!!!!!!!!!!!!!!!!!!!!!!!!!!!!!
20240914 035017.060 INFO             PET0 Running with ESMF Version   : v8.7.0b14
20240914 035017.060 INFO             PET0 ESMF library build date/time: "Sep 14 2024" "02:36:33"
20240914 035017.060 INFO             PET0 ESMF library build location : /work/noaa/da/mpotts/sandbox/intel_2020.2.1_intelmpi_g_develop/esmf
20240914 035017.060 INFO             PET0 ESMF_COMM                   : intelmpi
20240914 035017.060 INFO             PET0 ESMF_MOAB                   : enabled
20240914 035017.060 INFO             PET0 ESMF_LAPACK                 : enabled
20240914 035017.060 INFO             PET0 ESMF_NETCDF                 : enabled
20240914 035017.060 INFO             PET0 ESMF_PNETCDF                : disabled
20240914 035017.060 INFO             PET0 ESMF_PIO                    : enabled
20240914 035017.060 INFO             PET0 ESMF_YAMLCPP                : enabled
20240914 035017.064 ERROR            PET0 ESMF_StateAPI.cppF90:1191 ESMF_StateAddList Object being used before creation  - Bad Object
20240914 035017.068 INFO             PET0  NUMBER_OF_PROCESSORS           4
20240914 035017.068 INFO             PET0  PASS  Example ESMF_StateReconcileEx, ESMF_StateReconcileEx.F90, line 294
20240914 035017.068 INFO             PET0  Finalizing ESMF
20240914 035017.060 INFO             PET1 !!!!!!!!!!!!!!!!!!!!!!!!!!!!!!!!!!!!!!!!!!!!!!!!!!!!!!
20240914 035017.060 INFO             PET1 !!! THE ESMF_LOG IS SET TO OUTPUT ALL LOG MESSAGES !!!
20240914 035017.060 INFO             PET1 !!!     THIS MAY CAUSE SLOWDOWN IN PERFORMANCE     !!!
20240914 035017.060 INFO             PET1 !!! FOR PRODUCTION RUNS, USE:                      !!!
20240914 035017.060 INFO             PET1 !!!                   ESMF_LOGKIND_Multi_On_Error  !!!
20240914 035017.060 INFO             PET1 !!!!!!!!!!!!!!!!!!!!!!!!!!!!!!!!!!!!!!!!!!!!!!!!!!!!!!
20240914 035017.060 INFO             PET1 Running with ESMF Version   : v8.7.0b14
20240914 035017.060 INFO             PET1 ESMF library build date/time: "Sep 14 2024" "02:36:33"
20240914 035017.060 INFO             PET1 ESMF library build location : /work/noaa/da/mpotts/sandbox/intel_2020.2.1_intelmpi_g_develop/esmf
20240914 035017.060 INFO             PET1 ESMF_COMM                   : intelmpi
20240914 035017.061 INFO             PET1 ESMF_MOAB                   : enabled
20240914 035017.061 INFO             PET1 ESMF_LAPACK                 : enabled
20240914 035017.061 INFO             PET1 ESMF_NETCDF                 : enabled
20240914 035017.061 INFO             PET1 ESMF_PNETCDF                : disabled
20240914 035017.061 INFO             PET1 ESMF_PIO                    : enabled
20240914 035017.061 INFO             PET1 ESMF_YAMLCPP                : enabled
20240914 035017.064 ERROR            PET1 ESMF_StateAPI.cppF90:1191 ESMF_StateAddList Object being used before creation  - Bad Object
20240914 035017.068 INFO             PET1  NUMBER_OF_PROCESSORS           4
20240914 035017.068 INFO             PET1  PASS  Example ESMF_StateReconcileEx, ESMF_StateReconcileEx.F90, line 294
20240914 035017.068 INFO             PET1  Finalizing ESMF
20240914 035017.060 INFO             PET2 !!!!!!!!!!!!!!!!!!!!!!!!!!!!!!!!!!!!!!!!!!!!!!!!!!!!!!
20240914 035017.060 INFO             PET2 !!! THE ESMF_LOG IS SET TO OUTPUT ALL LOG MESSAGES !!!
20240914 035017.060 INFO             PET2 !!!     THIS MAY CAUSE SLOWDOWN IN PERFORMANCE     !!!
20240914 035017.060 INFO             PET2 !!! FOR PRODUCTION RUNS, USE:                      !!!
20240914 035017.060 INFO             PET2 !!!                   ESMF_LOGKIND_Multi_On_Error  !!!
20240914 035017.060 INFO             PET2 !!!!!!!!!!!!!!!!!!!!!!!!!!!!!!!!!!!!!!!!!!!!!!!!!!!!!!
20240914 035017.060 INFO             PET2 Running with ESMF Version   : v8.7.0b14
20240914 035017.060 INFO             PET2 ESMF library build date/time: "Sep 14 2024" "02:36:33"
20240914 035017.060 INFO             PET2 ESMF library build location : /work/noaa/da/mpotts/sandbox/intel_2020.2.1_intelmpi_g_develop/esmf
20240914 035017.060 INFO             PET2 ESMF_COMM                   : intelmpi
20240914 035017.061 INFO             PET2 ESMF_MOAB                   : enabled
20240914 035017.061 INFO             PET2 ESMF_LAPACK                 : enabled
20240914 035017.061 INFO             PET2 ESMF_NETCDF                 : enabled
20240914 035017.061 INFO             PET2 ESMF_PNETCDF                : disabled
20240914 035017.061 INFO             PET2 ESMF_PIO                    : enabled
20240914 035017.061 INFO             PET2 ESMF_YAMLCPP                : enabled
20240914 035017.064 ERROR            PET2 ESMF_StateAPI.cppF90:1191 ESMF_StateAddList Object being used before creation  - Bad Object
20240914 035017.068 INFO             PET2  NUMBER_OF_PROCESSORS           4
20240914 035017.068 INFO             PET2  PASS  Example ESMF_StateReconcileEx, ESMF_StateReconcileEx.F90, line 294
20240914 035017.068 INFO             PET2  Finalizing ESMF
20240914 035017.060 INFO             PET3 !!!!!!!!!!!!!!!!!!!!!!!!!!!!!!!!!!!!!!!!!!!!!!!!!!!!!!
20240914 035017.060 INFO             PET3 !!! THE ESMF_LOG IS SET TO OUTPUT ALL LOG MESSAGES !!!
20240914 035017.060 INFO             PET3 !!!     THIS MAY CAUSE SLOWDOWN IN PERFORMANCE     !!!
20240914 035017.060 INFO             PET3 !!! FOR PRODUCTION RUNS, USE:                      !!!
20240914 035017.060 INFO             PET3 !!!                   ESMF_LOGKIND_Multi_On_Error  !!!
20240914 035017.060 INFO             PET3 !!!!!!!!!!!!!!!!!!!!!!!!!!!!!!!!!!!!!!!!!!!!!!!!!!!!!!
20240914 035017.060 INFO             PET3 Running with ESMF Version   : v8.7.0b14
20240914 035017.060 INFO             PET3 ESMF library build date/time: "Sep 14 2024" "02:36:33"
20240914 035017.060 INFO             PET3 ESMF library build location : /work/noaa/da/mpotts/sandbox/intel_2020.2.1_intelmpi_g_develop/esmf
20240914 035017.061 INFO             PET3 ESMF_COMM                   : intelmpi
20240914 035017.062 INFO             PET3 ESMF_MOAB                   : enabled
20240914 035017.062 INFO             PET3 ESMF_LAPACK                 : enabled
20240914 035017.062 INFO             PET3 ESMF_NETCDF                 : enabled
20240914 035017.062 INFO             PET3 ESMF_PNETCDF                : disabled
20240914 035017.062 INFO             PET3 ESMF_PIO                    : enabled
20240914 035017.062 INFO             PET3 ESMF_YAMLCPP                : enabled
20240914 035017.064 ERROR            PET3 ESMF_StateAPI.cppF90:1191 ESMF_StateAddList Object being used before creation  - Bad Object
20240914 035017.068 INFO             PET3  NUMBER_OF_PROCESSORS           4
20240914 035017.068 INFO             PET3  PASS  Example ESMF_StateReconcileEx, ESMF_StateReconcileEx.F90, line 294
20240914 035017.068 INFO             PET3  Finalizing ESMF
