2024-09-05 02:40:25
20240905 034424.718 INFO             PET0 !!!!!!!!!!!!!!!!!!!!!!!!!!!!!!!!!!!!!!!!!!!!!!!!!!!!!!
20240905 034424.718 INFO             PET0 !!! THE ESMF_LOG IS SET TO OUTPUT ALL LOG MESSAGES !!!
20240905 034424.718 INFO             PET0 !!!     THIS MAY CAUSE SLOWDOWN IN PERFORMANCE     !!!
20240905 034424.718 INFO             PET0 !!! FOR PRODUCTION RUNS, USE:                      !!!
20240905 034424.718 INFO             PET0 !!!                   ESMF_LOGKIND_Multi_On_Error  !!!
20240905 034424.718 INFO             PET0 !!!!!!!!!!!!!!!!!!!!!!!!!!!!!!!!!!!!!!!!!!!!!!!!!!!!!!
20240905 034424.718 INFO             PET0 Running with ESMF Version   : v8.7.0b13-1-g82ba326579
20240905 034424.718 INFO             PET0 ESMF library build date/time: "Sep  5 2024" "02:36:35"
20240905 034424.718 INFO             PET0 ESMF library build location : /work/noaa/da/mpotts/sandbox/intel_2020.2.1_intelmpi_g_develop/esmf
20240905 034424.718 INFO             PET0 ESMF_COMM                   : intelmpi
20240905 034424.719 INFO             PET0 ESMF_MOAB                   : enabled
20240905 034424.719 INFO             PET0 ESMF_LAPACK                 : enabled
20240905 034424.719 INFO             PET0 ESMF_NETCDF                 : enabled
20240905 034424.719 INFO             PET0 ESMF_PNETCDF                : disabled
20240905 034424.719 INFO             PET0 ESMF_PIO                    : enabled
20240905 034424.719 INFO             PET0 ESMF_YAMLCPP                : enabled
20240905 034424.720 INFO             PET0  NUMBER_OF_PROCESSORS           1
20240905 034424.720 INFO             PET0  PASS  Example ESMF_ClockEx, ESMF_ClockEx.F90, line 220
20240905 034424.720 INFO             PET0  Finalizing ESMF
