2024-09-12 02:40:20
20240912 034248.654 INFO             PET0 !!!!!!!!!!!!!!!!!!!!!!!!!!!!!!!!!!!!!!!!!!!!!!!!!!!!!!
20240912 034248.654 INFO             PET0 !!! THE ESMF_LOG IS SET TO OUTPUT ALL LOG MESSAGES !!!
20240912 034248.654 INFO             PET0 !!!     THIS MAY CAUSE SLOWDOWN IN PERFORMANCE     !!!
20240912 034248.655 INFO             PET0 !!! FOR PRODUCTION RUNS, USE:                      !!!
20240912 034248.655 INFO             PET0 !!!                   ESMF_LOGKIND_Multi_On_Error  !!!
20240912 034248.655 INFO             PET0 !!!!!!!!!!!!!!!!!!!!!!!!!!!!!!!!!!!!!!!!!!!!!!!!!!!!!!
20240912 034248.655 INFO             PET0 Running with ESMF Version   : v8.7.0b14
20240912 034248.655 INFO             PET0 ESMF library build date/time: "Sep 12 2024" "02:36:26"
20240912 034248.655 INFO             PET0 ESMF library build location : /work/noaa/da/mpotts/sandbox/intel_2020.2.1_intelmpi_g_develop/esmf
20240912 034248.655 INFO             PET0 ESMF_COMM                   : intelmpi
20240912 034248.655 INFO             PET0 ESMF_MOAB                   : enabled
20240912 034248.655 INFO             PET0 ESMF_LAPACK                 : enabled
20240912 034248.655 INFO             PET0 ESMF_NETCDF                 : enabled
20240912 034248.655 INFO             PET0 ESMF_PNETCDF                : disabled
20240912 034248.655 INFO             PET0 ESMF_PIO                    : enabled
20240912 034248.655 INFO             PET0 ESMF_YAMLCPP                : enabled
20240912 034248.656 INFO             PET0  NUMBER_OF_PROCESSORS           4
20240912 034248.656 INFO             PET0  PASS  Example ESMF_VMUserMpiCommMultiEx, ESMF_VMUserMpiCommMultiEx.F90, line 126
20240912 034248.656 INFO             PET0  Finalizing ESMF with endflag==ESMF_END_KEEPMPI
20240912 034248.654 INFO             PET0 !!!!!!!!!!!!!!!!!!!!!!!!!!!!!!!!!!!!!!!!!!!!!!!!!!!!!!
20240912 034248.654 INFO             PET0 !!! THE ESMF_LOG IS SET TO OUTPUT ALL LOG MESSAGES !!!
20240912 034248.654 INFO             PET0 !!!     THIS MAY CAUSE SLOWDOWN IN PERFORMANCE     !!!
20240912 034248.654 INFO             PET0 !!! FOR PRODUCTION RUNS, USE:                      !!!
20240912 034248.654 INFO             PET0 !!!                   ESMF_LOGKIND_Multi_On_Error  !!!
20240912 034248.654 INFO             PET0 !!!!!!!!!!!!!!!!!!!!!!!!!!!!!!!!!!!!!!!!!!!!!!!!!!!!!!
20240912 034248.654 INFO             PET0 Running with ESMF Version   : v8.7.0b14
20240912 034248.654 INFO             PET0 ESMF library build date/time: "Sep 12 2024" "02:36:26"
20240912 034248.654 INFO             PET0 ESMF library build location : /work/noaa/da/mpotts/sandbox/intel_2020.2.1_intelmpi_g_develop/esmf
20240912 034248.654 INFO             PET0 ESMF_COMM                   : intelmpi
20240912 034248.655 INFO             PET0 ESMF_MOAB                   : enabled
20240912 034248.655 INFO             PET0 ESMF_LAPACK                 : enabled
20240912 034248.655 INFO             PET0 ESMF_NETCDF                 : enabled
20240912 034248.655 INFO             PET0 ESMF_PNETCDF                : disabled
20240912 034248.655 INFO             PET0 ESMF_PIO                    : enabled
20240912 034248.655 INFO             PET0 ESMF_YAMLCPP                : enabled
20240912 034248.655 INFO             PET0  NUMBER_OF_PROCESSORS           4
20240912 034248.655 INFO             PET0  PASS  Example ESMF_VMUserMpiCommMultiEx, ESMF_VMUserMpiCommMultiEx.F90, line 154
20240912 034248.655 INFO             PET0  Finalizing ESMF with endflag==ESMF_END_KEEPMPI
20240912 034248.655 INFO             PET1 !!!!!!!!!!!!!!!!!!!!!!!!!!!!!!!!!!!!!!!!!!!!!!!!!!!!!!
20240912 034248.655 INFO             PET1 !!! THE ESMF_LOG IS SET TO OUTPUT ALL LOG MESSAGES !!!
20240912 034248.655 INFO             PET1 !!!     THIS MAY CAUSE SLOWDOWN IN PERFORMANCE     !!!
20240912 034248.655 INFO             PET1 !!! FOR PRODUCTION RUNS, USE:                      !!!
20240912 034248.655 INFO             PET1 !!!                   ESMF_LOGKIND_Multi_On_Error  !!!
20240912 034248.655 INFO             PET1 !!!!!!!!!!!!!!!!!!!!!!!!!!!!!!!!!!!!!!!!!!!!!!!!!!!!!!
20240912 034248.655 INFO             PET1 Running with ESMF Version   : v8.7.0b14
20240912 034248.655 INFO             PET1 ESMF library build date/time: "Sep 12 2024" "02:36:26"
20240912 034248.655 INFO             PET1 ESMF library build location : /work/noaa/da/mpotts/sandbox/intel_2020.2.1_intelmpi_g_develop/esmf
20240912 034248.655 INFO             PET1 ESMF_COMM                   : intelmpi
20240912 034248.656 INFO             PET1 ESMF_MOAB                   : enabled
20240912 034248.656 INFO             PET1 ESMF_LAPACK                 : enabled
20240912 034248.656 INFO             PET1 ESMF_NETCDF                 : enabled
20240912 034248.656 INFO             PET1 ESMF_PNETCDF                : disabled
20240912 034248.656 INFO             PET1 ESMF_PIO                    : enabled
20240912 034248.656 INFO             PET1 ESMF_YAMLCPP                : enabled
20240912 034248.656 INFO             PET1  NUMBER_OF_PROCESSORS           4
20240912 034248.656 INFO             PET1  PASS  Example ESMF_VMUserMpiCommMultiEx, ESMF_VMUserMpiCommMultiEx.F90, line 126
20240912 034248.656 INFO             PET1  Finalizing ESMF with endflag==ESMF_END_KEEPMPI
20240912 034248.654 INFO             PET1 !!!!!!!!!!!!!!!!!!!!!!!!!!!!!!!!!!!!!!!!!!!!!!!!!!!!!!
20240912 034248.654 INFO             PET1 !!! THE ESMF_LOG IS SET TO OUTPUT ALL LOG MESSAGES !!!
20240912 034248.654 INFO             PET1 !!!     THIS MAY CAUSE SLOWDOWN IN PERFORMANCE     !!!
20240912 034248.654 INFO             PET1 !!! FOR PRODUCTION RUNS, USE:                      !!!
20240912 034248.654 INFO             PET1 !!!                   ESMF_LOGKIND_Multi_On_Error  !!!
20240912 034248.654 INFO             PET1 !!!!!!!!!!!!!!!!!!!!!!!!!!!!!!!!!!!!!!!!!!!!!!!!!!!!!!
20240912 034248.654 INFO             PET1 Running with ESMF Version   : v8.7.0b14
20240912 034248.654 INFO             PET1 ESMF library build date/time: "Sep 12 2024" "02:36:26"
20240912 034248.654 INFO             PET1 ESMF library build location : /work/noaa/da/mpotts/sandbox/intel_2020.2.1_intelmpi_g_develop/esmf
20240912 034248.654 INFO             PET1 ESMF_COMM                   : intelmpi
20240912 034248.655 INFO             PET1 ESMF_MOAB                   : enabled
20240912 034248.655 INFO             PET1 ESMF_LAPACK                 : enabled
20240912 034248.655 INFO             PET1 ESMF_NETCDF                 : enabled
20240912 034248.655 INFO             PET1 ESMF_PNETCDF                : disabled
20240912 034248.655 INFO             PET1 ESMF_PIO                    : enabled
20240912 034248.655 INFO             PET1 ESMF_YAMLCPP                : enabled
20240912 034248.655 INFO             PET1  NUMBER_OF_PROCESSORS           4
20240912 034248.655 INFO             PET1  PASS  Example ESMF_VMUserMpiCommMultiEx, ESMF_VMUserMpiCommMultiEx.F90, line 154
20240912 034248.655 INFO             PET1  Finalizing ESMF with endflag==ESMF_END_KEEPMPI
