2024-09-14 02:40:23
20240914 035141.210 INFO             PET0 !!!!!!!!!!!!!!!!!!!!!!!!!!!!!!!!!!!!!!!!!!!!!!!!!!!!!!
20240914 035141.211 INFO             PET0 !!! THE ESMF_LOG IS SET TO OUTPUT ALL LOG MESSAGES !!!
20240914 035141.211 INFO             PET0 !!!     THIS MAY CAUSE SLOWDOWN IN PERFORMANCE     !!!
20240914 035141.211 INFO             PET0 !!! FOR PRODUCTION RUNS, USE:                      !!!
20240914 035141.211 INFO             PET0 !!!                   ESMF_LOGKIND_Multi_On_Error  !!!
20240914 035141.211 INFO             PET0 !!!!!!!!!!!!!!!!!!!!!!!!!!!!!!!!!!!!!!!!!!!!!!!!!!!!!!
20240914 035141.211 INFO             PET0 Running with ESMF Version   : v8.7.0b14
20240914 035141.211 INFO             PET0 ESMF library build date/time: "Sep 14 2024" "02:36:33"
20240914 035141.211 INFO             PET0 ESMF library build location : /work/noaa/da/mpotts/sandbox/intel_2020.2.1_intelmpi_g_develop/esmf
20240914 035141.211 INFO             PET0 ESMF_COMM                   : intelmpi
20240914 035141.211 INFO             PET0 ESMF_MOAB                   : enabled
20240914 035141.211 INFO             PET0 ESMF_LAPACK                 : enabled
20240914 035141.211 INFO             PET0 ESMF_NETCDF                 : enabled
20240914 035141.211 INFO             PET0 ESMF_PNETCDF                : disabled
20240914 035141.211 INFO             PET0 ESMF_PIO                    : enabled
20240914 035141.211 INFO             PET0 ESMF_YAMLCPP                : enabled
20240914 035141.503 DEBUG            PET0 about to destroy Grid: 0x25c5960
20240914 035141.549 DEBUG            PET0 about to destroy Grid: 0x25c7080
20240914 035141.667 INFO             PET0  NUMBER_OF_PROCESSORS           4
20240914 035141.667 INFO             PET0  PASS  Example ESMF_NUOPCAtmModelEx, ESMF_NUOPCAtmModelEx.F90, line 806
20240914 035141.667 INFO             PET0  Finalizing ESMF
20240914 035141.211 INFO             PET1 !!!!!!!!!!!!!!!!!!!!!!!!!!!!!!!!!!!!!!!!!!!!!!!!!!!!!!
20240914 035141.211 INFO             PET1 !!! THE ESMF_LOG IS SET TO OUTPUT ALL LOG MESSAGES !!!
20240914 035141.211 INFO             PET1 !!!     THIS MAY CAUSE SLOWDOWN IN PERFORMANCE     !!!
20240914 035141.211 INFO             PET1 !!! FOR PRODUCTION RUNS, USE:                      !!!
20240914 035141.211 INFO             PET1 !!!                   ESMF_LOGKIND_Multi_On_Error  !!!
20240914 035141.211 INFO             PET1 !!!!!!!!!!!!!!!!!!!!!!!!!!!!!!!!!!!!!!!!!!!!!!!!!!!!!!
20240914 035141.211 INFO             PET1 Running with ESMF Version   : v8.7.0b14
20240914 035141.211 INFO             PET1 ESMF library build date/time: "Sep 14 2024" "02:36:33"
20240914 035141.211 INFO             PET1 ESMF library build location : /work/noaa/da/mpotts/sandbox/intel_2020.2.1_intelmpi_g_develop/esmf
20240914 035141.211 INFO             PET1 ESMF_COMM                   : intelmpi
20240914 035141.212 INFO             PET1 ESMF_MOAB                   : enabled
20240914 035141.212 INFO             PET1 ESMF_LAPACK                 : enabled
20240914 035141.212 INFO             PET1 ESMF_NETCDF                 : enabled
20240914 035141.212 INFO             PET1 ESMF_PNETCDF                : disabled
20240914 035141.212 INFO             PET1 ESMF_PIO                    : enabled
20240914 035141.212 INFO             PET1 ESMF_YAMLCPP                : enabled
20240914 035141.503 DEBUG            PET1 about to destroy Grid: 0x254a1d0
20240914 035141.549 DEBUG            PET1 about to destroy Grid: 0x254b460
20240914 035141.671 INFO             PET1  NUMBER_OF_PROCESSORS           4
20240914 035141.671 INFO             PET1  PASS  Example ESMF_NUOPCAtmModelEx, ESMF_NUOPCAtmModelEx.F90, line 806
20240914 035141.671 INFO             PET1  Finalizing ESMF
20240914 035141.211 INFO             PET2 !!!!!!!!!!!!!!!!!!!!!!!!!!!!!!!!!!!!!!!!!!!!!!!!!!!!!!
20240914 035141.211 INFO             PET2 !!! THE ESMF_LOG IS SET TO OUTPUT ALL LOG MESSAGES !!!
20240914 035141.211 INFO             PET2 !!!     THIS MAY CAUSE SLOWDOWN IN PERFORMANCE     !!!
20240914 035141.211 INFO             PET2 !!! FOR PRODUCTION RUNS, USE:                      !!!
20240914 035141.211 INFO             PET2 !!!                   ESMF_LOGKIND_Multi_On_Error  !!!
20240914 035141.211 INFO             PET2 !!!!!!!!!!!!!!!!!!!!!!!!!!!!!!!!!!!!!!!!!!!!!!!!!!!!!!
20240914 035141.211 INFO             PET2 Running with ESMF Version   : v8.7.0b14
20240914 035141.211 INFO             PET2 ESMF library build date/time: "Sep 14 2024" "02:36:33"
20240914 035141.211 INFO             PET2 ESMF library build location : /work/noaa/da/mpotts/sandbox/intel_2020.2.1_intelmpi_g_develop/esmf
20240914 035141.211 INFO             PET2 ESMF_COMM                   : intelmpi
20240914 035141.211 INFO             PET2 ESMF_MOAB                   : enabled
20240914 035141.211 INFO             PET2 ESMF_LAPACK                 : enabled
20240914 035141.211 INFO             PET2 ESMF_NETCDF                 : enabled
20240914 035141.211 INFO             PET2 ESMF_PNETCDF                : disabled
20240914 035141.211 INFO             PET2 ESMF_PIO                    : enabled
20240914 035141.211 INFO             PET2 ESMF_YAMLCPP                : enabled
20240914 035141.503 DEBUG            PET2 about to destroy Grid: 0x2119570
20240914 035141.549 DEBUG            PET2 about to destroy Grid: 0x211a800
20240914 035141.667 INFO             PET2  NUMBER_OF_PROCESSORS           4
20240914 035141.667 INFO             PET2  PASS  Example ESMF_NUOPCAtmModelEx, ESMF_NUOPCAtmModelEx.F90, line 806
20240914 035141.667 INFO             PET2  Finalizing ESMF
20240914 035141.211 INFO             PET3 !!!!!!!!!!!!!!!!!!!!!!!!!!!!!!!!!!!!!!!!!!!!!!!!!!!!!!
20240914 035141.211 INFO             PET3 !!! THE ESMF_LOG IS SET TO OUTPUT ALL LOG MESSAGES !!!
20240914 035141.211 INFO             PET3 !!!     THIS MAY CAUSE SLOWDOWN IN PERFORMANCE     !!!
20240914 035141.211 INFO             PET3 !!! FOR PRODUCTION RUNS, USE:                      !!!
20240914 035141.211 INFO             PET3 !!!                   ESMF_LOGKIND_Multi_On_Error  !!!
20240914 035141.211 INFO             PET3 !!!!!!!!!!!!!!!!!!!!!!!!!!!!!!!!!!!!!!!!!!!!!!!!!!!!!!
20240914 035141.211 INFO             PET3 Running with ESMF Version   : v8.7.0b14
20240914 035141.211 INFO             PET3 ESMF library build date/time: "Sep 14 2024" "02:36:33"
20240914 035141.211 INFO             PET3 ESMF library build location : /work/noaa/da/mpotts/sandbox/intel_2020.2.1_intelmpi_g_develop/esmf
20240914 035141.211 INFO             PET3 ESMF_COMM                   : intelmpi
20240914 035141.212 INFO             PET3 ESMF_MOAB                   : enabled
20240914 035141.212 INFO             PET3 ESMF_LAPACK                 : enabled
20240914 035141.212 INFO             PET3 ESMF_NETCDF                 : enabled
20240914 035141.212 INFO             PET3 ESMF_PNETCDF                : disabled
20240914 035141.212 INFO             PET3 ESMF_PIO                    : enabled
20240914 035141.212 INFO             PET3 ESMF_YAMLCPP                : enabled
20240914 035141.503 DEBUG            PET3 about to destroy Grid: 0x1a1d740
20240914 035141.549 DEBUG            PET3 about to destroy Grid: 0x1a1ea20
20240914 035141.667 INFO             PET3  NUMBER_OF_PROCESSORS           4
20240914 035141.667 INFO             PET3  PASS  Example ESMF_NUOPCAtmModelEx, ESMF_NUOPCAtmModelEx.F90, line 806
20240914 035141.667 INFO             PET3  Finalizing ESMF
