2024-09-16 02:40:36
20240916 034548.101 INFO             PET0 !!!!!!!!!!!!!!!!!!!!!!!!!!!!!!!!!!!!!!!!!!!!!!!!!!!!!!
20240916 034548.101 INFO             PET0 !!! THE ESMF_LOG IS SET TO OUTPUT ALL LOG MESSAGES !!!
20240916 034548.101 INFO             PET0 !!!     THIS MAY CAUSE SLOWDOWN IN PERFORMANCE     !!!
20240916 034548.101 INFO             PET0 !!! FOR PRODUCTION RUNS, USE:                      !!!
20240916 034548.101 INFO             PET0 !!!                   ESMF_LOGKIND_Multi_On_Error  !!!
20240916 034548.101 INFO             PET0 !!!!!!!!!!!!!!!!!!!!!!!!!!!!!!!!!!!!!!!!!!!!!!!!!!!!!!
20240916 034548.101 INFO             PET0 Running with ESMF Version   : v8.7.0b14
20240916 034548.101 INFO             PET0 ESMF library build date/time: "Sep 16 2024" "02:36:41"
20240916 034548.101 INFO             PET0 ESMF library build location : /work/noaa/da/mpotts/sandbox/intel_2020.2.1_intelmpi_g_develop/esmf
20240916 034548.101 INFO             PET0 ESMF_COMM                   : intelmpi
20240916 034548.102 INFO             PET0 ESMF_MOAB                   : enabled
20240916 034548.102 INFO             PET0 ESMF_LAPACK                 : enabled
20240916 034548.102 INFO             PET0 ESMF_NETCDF                 : enabled
20240916 034548.102 INFO             PET0 ESMF_PNETCDF                : disabled
20240916 034548.102 INFO             PET0 ESMF_PIO                    : enabled
20240916 034548.102 INFO             PET0 ESMF_YAMLCPP                : enabled
20240916 034548.135 INFO             PET0 ESMF_FieldRedistStoreNF(): Just entered routine.
20240916 034549.708 INFO             PET0 ESMF_FieldRedistStoreNF(): Leaving routine.
20240916 034549.712 INFO             PET0  NUMBER_OF_PROCESSORS           4
20240916 034549.712 INFO             PET0  PASS  Example ESMF_RHandleFromRHandleEx, ESMF_RHandleFromRHandleEx.F90, line 660
20240916 034549.712 INFO             PET0  Finalizing ESMF
20240916 034548.102 INFO             PET1 !!!!!!!!!!!!!!!!!!!!!!!!!!!!!!!!!!!!!!!!!!!!!!!!!!!!!!
20240916 034548.102 INFO             PET1 !!! THE ESMF_LOG IS SET TO OUTPUT ALL LOG MESSAGES !!!
20240916 034548.102 INFO             PET1 !!!     THIS MAY CAUSE SLOWDOWN IN PERFORMANCE     !!!
20240916 034548.102 INFO             PET1 !!! FOR PRODUCTION RUNS, USE:                      !!!
20240916 034548.102 INFO             PET1 !!!                   ESMF_LOGKIND_Multi_On_Error  !!!
20240916 034548.102 INFO             PET1 !!!!!!!!!!!!!!!!!!!!!!!!!!!!!!!!!!!!!!!!!!!!!!!!!!!!!!
20240916 034548.102 INFO             PET1 Running with ESMF Version   : v8.7.0b14
20240916 034548.102 INFO             PET1 ESMF library build date/time: "Sep 16 2024" "02:36:41"
20240916 034548.102 INFO             PET1 ESMF library build location : /work/noaa/da/mpotts/sandbox/intel_2020.2.1_intelmpi_g_develop/esmf
20240916 034548.102 INFO             PET1 ESMF_COMM                   : intelmpi
20240916 034548.103 INFO             PET1 ESMF_MOAB                   : enabled
20240916 034548.103 INFO             PET1 ESMF_LAPACK                 : enabled
20240916 034548.103 INFO             PET1 ESMF_NETCDF                 : enabled
20240916 034548.103 INFO             PET1 ESMF_PNETCDF                : disabled
20240916 034548.103 INFO             PET1 ESMF_PIO                    : enabled
20240916 034548.103 INFO             PET1 ESMF_YAMLCPP                : enabled
20240916 034548.135 INFO             PET1 ESMF_FieldRedistStoreNF(): Just entered routine.
20240916 034549.708 INFO             PET1 ESMF_FieldRedistStoreNF(): Leaving routine.
20240916 034549.712 INFO             PET1  NUMBER_OF_PROCESSORS           4
20240916 034549.712 INFO             PET1  PASS  Example ESMF_RHandleFromRHandleEx, ESMF_RHandleFromRHandleEx.F90, line 660
20240916 034549.712 INFO             PET1  Finalizing ESMF
20240916 034548.101 INFO             PET2 !!!!!!!!!!!!!!!!!!!!!!!!!!!!!!!!!!!!!!!!!!!!!!!!!!!!!!
20240916 034548.101 INFO             PET2 !!! THE ESMF_LOG IS SET TO OUTPUT ALL LOG MESSAGES !!!
20240916 034548.101 INFO             PET2 !!!     THIS MAY CAUSE SLOWDOWN IN PERFORMANCE     !!!
20240916 034548.101 INFO             PET2 !!! FOR PRODUCTION RUNS, USE:                      !!!
20240916 034548.101 INFO             PET2 !!!                   ESMF_LOGKIND_Multi_On_Error  !!!
20240916 034548.101 INFO             PET2 !!!!!!!!!!!!!!!!!!!!!!!!!!!!!!!!!!!!!!!!!!!!!!!!!!!!!!
20240916 034548.101 INFO             PET2 Running with ESMF Version   : v8.7.0b14
20240916 034548.101 INFO             PET2 ESMF library build date/time: "Sep 16 2024" "02:36:41"
20240916 034548.101 INFO             PET2 ESMF library build location : /work/noaa/da/mpotts/sandbox/intel_2020.2.1_intelmpi_g_develop/esmf
20240916 034548.101 INFO             PET2 ESMF_COMM                   : intelmpi
20240916 034548.102 INFO             PET2 ESMF_MOAB                   : enabled
20240916 034548.102 INFO             PET2 ESMF_LAPACK                 : enabled
20240916 034548.102 INFO             PET2 ESMF_NETCDF                 : enabled
20240916 034548.102 INFO             PET2 ESMF_PNETCDF                : disabled
20240916 034548.102 INFO             PET2 ESMF_PIO                    : enabled
20240916 034548.102 INFO             PET2 ESMF_YAMLCPP                : enabled
20240916 034548.135 INFO             PET2 ESMF_FieldRedistStoreNF(): Just entered routine.
20240916 034549.708 INFO             PET2 ESMF_FieldRedistStoreNF(): Leaving routine.
20240916 034549.712 INFO             PET2  NUMBER_OF_PROCESSORS           4
20240916 034549.712 INFO             PET2  PASS  Example ESMF_RHandleFromRHandleEx, ESMF_RHandleFromRHandleEx.F90, line 660
20240916 034549.713 INFO             PET2  Finalizing ESMF
20240916 034548.102 INFO             PET3 !!!!!!!!!!!!!!!!!!!!!!!!!!!!!!!!!!!!!!!!!!!!!!!!!!!!!!
20240916 034548.102 INFO             PET3 !!! THE ESMF_LOG IS SET TO OUTPUT ALL LOG MESSAGES !!!
20240916 034548.102 INFO             PET3 !!!     THIS MAY CAUSE SLOWDOWN IN PERFORMANCE     !!!
20240916 034548.102 INFO             PET3 !!! FOR PRODUCTION RUNS, USE:                      !!!
20240916 034548.102 INFO             PET3 !!!                   ESMF_LOGKIND_Multi_On_Error  !!!
20240916 034548.102 INFO             PET3 !!!!!!!!!!!!!!!!!!!!!!!!!!!!!!!!!!!!!!!!!!!!!!!!!!!!!!
20240916 034548.102 INFO             PET3 Running with ESMF Version   : v8.7.0b14
20240916 034548.102 INFO             PET3 ESMF library build date/time: "Sep 16 2024" "02:36:41"
20240916 034548.102 INFO             PET3 ESMF library build location : /work/noaa/da/mpotts/sandbox/intel_2020.2.1_intelmpi_g_develop/esmf
20240916 034548.102 INFO             PET3 ESMF_COMM                   : intelmpi
20240916 034548.102 INFO             PET3 ESMF_MOAB                   : enabled
20240916 034548.102 INFO             PET3 ESMF_LAPACK                 : enabled
20240916 034548.102 INFO             PET3 ESMF_NETCDF                 : enabled
20240916 034548.102 INFO             PET3 ESMF_PNETCDF                : disabled
20240916 034548.102 INFO             PET3 ESMF_PIO                    : enabled
20240916 034548.102 INFO             PET3 ESMF_YAMLCPP                : enabled
20240916 034548.135 INFO             PET3 ESMF_FieldRedistStoreNF(): Just entered routine.
20240916 034549.708 INFO             PET3 ESMF_FieldRedistStoreNF(): Leaving routine.
20240916 034549.716 INFO             PET3  NUMBER_OF_PROCESSORS           4
20240916 034549.716 INFO             PET3  PASS  Example ESMF_RHandleFromRHandleEx, ESMF_RHandleFromRHandleEx.F90, line 660
20240916 034549.716 INFO             PET3  Finalizing ESMF
