2024-09-21 07:51:41
20240921 082341.792 INFO             PET0 !!!!!!!!!!!!!!!!!!!!!!!!!!!!!!!!!!!!!!!!!!!!!!!!!!!!!!
20240921 082341.793 INFO             PET0 !!! THE ESMF_LOG IS SET TO OUTPUT ALL LOG MESSAGES !!!
20240921 082341.793 INFO             PET0 !!!     THIS MAY CAUSE SLOWDOWN IN PERFORMANCE     !!!
20240921 082341.793 INFO             PET0 !!! FOR PRODUCTION RUNS, USE:                      !!!
20240921 082341.793 INFO             PET0 !!!                   ESMF_LOGKIND_Multi_On_Error  !!!
20240921 082341.793 INFO             PET0 !!!!!!!!!!!!!!!!!!!!!!!!!!!!!!!!!!!!!!!!!!!!!!!!!!!!!!
20240921 082341.793 INFO             PET0 Running with ESMF Version   : v8.7.0b14-1-g2597b0a993
20240921 082341.793 INFO             PET0 ESMF library build date/time: "Sep 21 2024" "07:49:00"
20240921 082341.793 INFO             PET0 ESMF library build location : /scratch2/NCEPDEV/stmp1/Gerhard.Theurich/ESMF-Nightly-Testing/intel_2023.2.0_mpiuni_O_release_8.7.0/esmf
20240921 082341.793 INFO             PET0 ESMF_COMM                   : mpiuni
20240921 082341.794 INFO             PET0 ESMF_MOAB                   : enabled
20240921 082341.794 INFO             PET0 ESMF_LAPACK                 : enabled
20240921 082341.794 INFO             PET0 ESMF_NETCDF                 : enabled
20240921 082341.794 INFO             PET0 ESMF_PNETCDF                : disabled
20240921 082341.794 INFO             PET0 ESMF_PIO                    : enabled
20240921 082341.794 INFO             PET0 ESMF_YAMLCPP                : enabled
20240921 082341.794 INFO             PET0 ESMF Tracing Enabled
20240921 082341.794 INFO             PET0 ESMF Profiling Enabled
20240921 082341.794 INFO             PET0 ESMF Trace/Profile clock: REALTIME
20240921 082341.797 INFO             PET0  NUMBER_OF_PROCESSORS           1
20240921 082341.797 INFO             PET0  PASS  Example ESMF_TraceUserEx, ESMF_TraceUserEx.F90, line 125
20240921 082341.797 INFO             PET0  Finalizing ESMF
20240921 082341.797 INFO             PET0 **************** Region Timings *******************
20240921 082341.797 INFO             PET0 Region                Count  Total (s)   Self (s)    Mean (s)    Min (s)     Max (s)
20240921 082341.797 INFO             PET0   [ESMF]              1      0.0006      0.0006      0.0006      0.0006      0.0006
20240921 082341.797 INFO             PET0     outer_region      1      0.0000      0.0000      0.0000      0.0000      0.0000
20240921 082341.797 INFO             PET0       inner_region_1  10     0.0000      0.0000      0.0000      0.0000      0.0000
20240921 082341.797 INFO             PET0       inner_region_2  10     0.0000      0.0000      0.0000      0.0000      0.0000
