Processing /glade/derecho/scratch/sacks/esmf-testing/intel_2023.2.1_mpiuni_O_v8.7.0/esmf/src/addon/esmpy
  Installing build dependencies: started
  Installing build dependencies: finished with status 'done'
  Getting requirements to build wheel: started
  Getting requirements to build wheel: finished with status 'done'
  Preparing metadata (pyproject.toml): started
  Preparing metadata (pyproject.toml): finished with status 'done'
Requirement already satisfied: numpy in /glade/derecho/scratch/sacks/esmf-testing/conda_environments/esmf-test-scripts-environment-python3.11/lib/python3.11/site-packages (from esmpy==8.7.0) (1.24.3)
Collecting setuptools-git-versioning (from esmpy==8.7.0)
  Obtaining dependency information for setuptools-git-versioning from https://files.pythonhosted.org/packages/2d/15/37202ca349df8056d67c29a7b4bf27daae22dcb5ce7d7e21f4db1f2b6f34/setuptools_git_versioning-2.0.0-py3-none-any.whl.metadata
  Using cached setuptools_git_versioning-2.0.0-py3-none-any.whl.metadata (5.8 kB)
Requirement already satisfied: packaging in /glade/derecho/scratch/sacks/esmf-testing/conda_environments/esmf-test-scripts-environment-python3.11/lib/python3.11/site-packages (from setuptools-git-versioning->esmpy==8.7.0) (24.0)
Requirement already satisfied: setuptools in /glade/derecho/scratch/sacks/esmf-testing/intel_2023.2.1_mpiuni_O_v8.7.0/esmpy_venv/lib/python3.11/site-packages (from setuptools-git-versioning->esmpy==8.7.0) (65.5.0)
Using cached setuptools_git_versioning-2.0.0-py3-none-any.whl (10 kB)
Building wheels for collected packages: esmpy
  Building wheel for esmpy (pyproject.toml): started
  Building wheel for esmpy (pyproject.toml): finished with status 'done'
  Created wheel for esmpy: filename=esmpy-8.7.0-py3-none-any.whl size=123239 sha256=21e4ff532158263e961de79891ee1e6903a74b80425d4c5c142e55fc6075f134
  Stored in directory: /glade/derecho/scratch/sacks/tmp/pip-ephem-wheel-cache-kkptoua7/wheels/8f/06/c2/0b0c4fbe7db4715d3a2bf294105d0745ac6817f1b232ffd331
Successfully built esmpy
Installing collected packages: setuptools-git-versioning, esmpy
Successfully installed esmpy-8.7.0 setuptools-git-versioning-2.0.0

[notice] A new release of pip is available: 23.2.1 -> 24.2
[notice] To update, run: pip install --upgrade pip
