2024-08-23 07:26:51
20240823 080318.982 INFO             PET0 !!!!!!!!!!!!!!!!!!!!!!!!!!!!!!!!!!!!!!!!!!!!!!!!!!!!!!
20240823 080318.983 INFO             PET0 !!! THE ESMF_LOG IS SET TO OUTPUT ALL LOG MESSAGES !!!
20240823 080318.983 INFO             PET0 !!!     THIS MAY CAUSE SLOWDOWN IN PERFORMANCE     !!!
20240823 080318.983 INFO             PET0 !!! FOR PRODUCTION RUNS, USE:                      !!!
20240823 080318.983 INFO             PET0 !!!                   ESMF_LOGKIND_Multi_On_Error  !!!
20240823 080318.983 INFO             PET0 !!!!!!!!!!!!!!!!!!!!!!!!!!!!!!!!!!!!!!!!!!!!!!!!!!!!!!
20240823 080318.983 INFO             PET0 Running with ESMF Version   : v8.7.0b11-5-gfda68a9ac3
20240823 080318.983 INFO             PET0 ESMF library build date/time: "Aug 23 2024" "07:24:25"
20240823 080318.983 INFO             PET0 ESMF library build location : /scratch2/NCEPDEV/stmp1/Gerhard.Theurich/ESMF-Nightly-Testing/intel_2023.2.0_mpiuni_g_develop/esmf
20240823 080318.983 INFO             PET0 ESMF_COMM                   : mpiuni
20240823 080318.984 INFO             PET0 ESMF_MOAB                   : enabled
20240823 080318.984 INFO             PET0 ESMF_LAPACK                 : enabled
20240823 080318.984 INFO             PET0 ESMF_NETCDF                 : enabled
20240823 080318.984 INFO             PET0 ESMF_PNETCDF                : disabled
20240823 080318.984 INFO             PET0 ESMF_PIO                    : enabled
20240823 080318.984 INFO             PET0 ESMF_YAMLCPP                : enabled
20240823 080318.984 INFO             PET0 ESMF Tracing Enabled
20240823 080318.984 INFO             PET0 ESMF Profiling Enabled
20240823 080318.984 INFO             PET0 ESMF Trace/Profile clock: REALTIME
20240823 080318.988 INFO             PET0  NUMBER_OF_PROCESSORS           1
20240823 080318.988 INFO             PET0  PASS  Example ESMF_TraceEx, ESMF_TraceEx.F90, line 178
20240823 080318.988 INFO             PET0  Finalizing ESMF
20240823 080318.988 INFO             PET0 **************** Region Timings *******************
20240823 080318.988 INFO             PET0 Region              Count  Total (s)   Self (s)    Mean (s)    Min (s)     Max (s)
20240823 080318.988 INFO             PET0   [ESMF]            1      0.0027      0.0026      0.0027      0.0027      0.0027
20240823 080318.988 INFO             PET0     [test] Run 1    5      0.0000      0.0000      0.0000      0.0000      0.0000
20240823 080318.988 INFO             PET0     [test] Init 1   1      0.0000      0.0000      0.0000      0.0000      0.0000
20240823 080318.988 INFO             PET0     [test] Final 1  1      0.0000      0.0000      0.0000      0.0000      0.0000
