2024-08-24 07:25:40
20240824 080116.708 INFO             PET0 !!!!!!!!!!!!!!!!!!!!!!!!!!!!!!!!!!!!!!!!!!!!!!!!!!!!!!
20240824 080116.708 INFO             PET0 !!! THE ESMF_LOG IS SET TO OUTPUT ALL LOG MESSAGES !!!
20240824 080116.708 INFO             PET0 !!!     THIS MAY CAUSE SLOWDOWN IN PERFORMANCE     !!!
20240824 080116.708 INFO             PET0 !!! FOR PRODUCTION RUNS, USE:                      !!!
20240824 080116.708 INFO             PET0 !!!                   ESMF_LOGKIND_Multi_On_Error  !!!
20240824 080116.708 INFO             PET0 !!!!!!!!!!!!!!!!!!!!!!!!!!!!!!!!!!!!!!!!!!!!!!!!!!!!!!
20240824 080116.708 INFO             PET0 Running with ESMF Version   : v8.7.0b11-5-gfda68a9ac3
20240824 080116.708 INFO             PET0 ESMF library build date/time: "Aug 24 2024" "07:23:11"
20240824 080116.708 INFO             PET0 ESMF library build location : /scratch2/NCEPDEV/stmp1/Gerhard.Theurich/ESMF-Nightly-Testing/intel_2023.2.0_mpiuni_g_develop/esmf
20240824 080116.708 INFO             PET0 ESMF_COMM                   : mpiuni
20240824 080116.709 INFO             PET0 ESMF_MOAB                   : enabled
20240824 080116.709 INFO             PET0 ESMF_LAPACK                 : enabled
20240824 080116.709 INFO             PET0 ESMF_NETCDF                 : enabled
20240824 080116.710 INFO             PET0 ESMF_PNETCDF                : disabled
20240824 080116.710 INFO             PET0 ESMF_PIO                    : enabled
20240824 080116.710 INFO             PET0 ESMF_YAMLCPP                : enabled
20240824 080116.711 INFO             PET0  NUMBER_OF_PROCESSORS           1
20240824 080116.712 INFO             PET0  PASS  Example ESMF_GridCreateRegFromDGEx, ESMF_GridCreateRegFromDGEx.F90, line 112
20240824 080116.712 INFO             PET0  Finalizing ESMF
