2024-08-26 07:28:24
20240826 080614.524 INFO             PET0 !!!!!!!!!!!!!!!!!!!!!!!!!!!!!!!!!!!!!!!!!!!!!!!!!!!!!!
20240826 080614.525 INFO             PET0 !!! THE ESMF_LOG IS SET TO OUTPUT ALL LOG MESSAGES !!!
20240826 080614.525 INFO             PET0 !!!     THIS MAY CAUSE SLOWDOWN IN PERFORMANCE     !!!
20240826 080614.525 INFO             PET0 !!! FOR PRODUCTION RUNS, USE:                      !!!
20240826 080614.525 INFO             PET0 !!!                   ESMF_LOGKIND_Multi_On_Error  !!!
20240826 080614.525 INFO             PET0 !!!!!!!!!!!!!!!!!!!!!!!!!!!!!!!!!!!!!!!!!!!!!!!!!!!!!!
20240826 080614.525 INFO             PET0 Running with ESMF Version   : v8.7.0b11-5-gfda68a9ac3
20240826 080614.525 INFO             PET0 ESMF library build date/time: "Aug 26 2024" "07:25:35"
20240826 080614.525 INFO             PET0 ESMF library build location : /scratch2/NCEPDEV/stmp1/Gerhard.Theurich/ESMF-Nightly-Testing/intel_2023.2.0_mpiuni_g_develop/esmf
20240826 080614.525 INFO             PET0 ESMF_COMM                   : mpiuni
20240826 080614.525 INFO             PET0 ESMF_MOAB                   : enabled
20240826 080614.526 INFO             PET0 ESMF_LAPACK                 : enabled
20240826 080614.526 INFO             PET0 ESMF_NETCDF                 : enabled
20240826 080614.526 INFO             PET0 ESMF_PNETCDF                : disabled
20240826 080614.526 INFO             PET0 ESMF_PIO                    : enabled
20240826 080614.526 INFO             PET0 ESMF_YAMLCPP                : enabled
20240826 080614.527 INFO             PET0  NUMBER_OF_PROCESSORS           1
20240826 080614.527 INFO             PET0  PASS  Example ESMF_InternalStateEx, ESMF_InternalStateEx.F90, line 132
20240826 080614.527 INFO             PET0  Finalizing ESMF
