2024-08-16 07:29:48
20240816 081043.682 INFO             PET0 !!!!!!!!!!!!!!!!!!!!!!!!!!!!!!!!!!!!!!!!!!!!!!!!!!!!!!
20240816 081043.683 INFO             PET0 !!! THE ESMF_LOG IS SET TO OUTPUT ALL LOG MESSAGES !!!
20240816 081043.683 INFO             PET0 !!!     THIS MAY CAUSE SLOWDOWN IN PERFORMANCE     !!!
20240816 081043.683 INFO             PET0 !!! FOR PRODUCTION RUNS, USE:                      !!!
20240816 081043.683 INFO             PET0 !!!                   ESMF_LOGKIND_Multi_On_Error  !!!
20240816 081043.683 INFO             PET0 !!!!!!!!!!!!!!!!!!!!!!!!!!!!!!!!!!!!!!!!!!!!!!!!!!!!!!
20240816 081043.683 INFO             PET0 Running with ESMF Version   : v8.7.0b11-1-g59af04814d
20240816 081043.683 INFO             PET0 ESMF library build date/time: "Aug 16 2024" "07:27:12"
20240816 081043.683 INFO             PET0 ESMF library build location : /scratch2/NCEPDEV/stmp1/Gerhard.Theurich/ESMF-Nightly-Testing/intel_2023.2.0_mpiuni_g_develop/esmf
20240816 081043.683 INFO             PET0 ESMF_COMM                   : mpiuni
20240816 081043.684 INFO             PET0 ESMF_MOAB                   : enabled
20240816 081043.684 INFO             PET0 ESMF_LAPACK                 : enabled
20240816 081043.684 INFO             PET0 ESMF_NETCDF                 : enabled
20240816 081043.684 INFO             PET0 ESMF_PNETCDF                : disabled
20240816 081043.684 INFO             PET0 ESMF_PIO                    : enabled
20240816 081043.684 INFO             PET0 ESMF_YAMLCPP                : enabled
20240816 081043.866 INFO             PET0  NUMBER_OF_PROCESSORS           1
20240816 081043.866 INFO             PET0  PASS  Example ESMF_RHandleDynamicMaskingEx, ESMF_RHandleDynamicMaskingEx.F90, line 1116
20240816 081043.866 INFO             PET0  Finalizing ESMF
