2024-08-08 02:01:50
20240808 024357.545 INFO             PET0 !!!!!!!!!!!!!!!!!!!!!!!!!!!!!!!!!!!!!!!!!!!!!!!!!!!!!!
20240808 024357.545 INFO             PET0 !!! THE ESMF_LOG IS SET TO OUTPUT ALL LOG MESSAGES !!!
20240808 024357.545 INFO             PET0 !!!     THIS MAY CAUSE SLOWDOWN IN PERFORMANCE     !!!
20240808 024357.545 INFO             PET0 !!! FOR PRODUCTION RUNS, USE:                      !!!
20240808 024357.545 INFO             PET0 !!!                   ESMF_LOGKIND_Multi_On_Error  !!!
20240808 024357.545 INFO             PET0 !!!!!!!!!!!!!!!!!!!!!!!!!!!!!!!!!!!!!!!!!!!!!!!!!!!!!!
20240808 024357.545 INFO             PET0 Running with ESMF Version   : v8.7.0b11
20240808 024357.545 INFO             PET0 ESMF library build date/time: "Aug  8 2024" "01:59:20"
20240808 024357.545 INFO             PET0 ESMF library build location : /scratch/cluster/theurich/ESMF-Nightly-Testing/intel_20.0.1_mpiuni_g_develop/esmf
20240808 024357.545 INFO             PET0 ESMF_COMM                   : mpiuni
20240808 024357.549 INFO             PET0 ESMF_MOAB                   : enabled
20240808 024357.550 INFO             PET0 ESMF_LAPACK                 : enabled
20240808 024357.550 INFO             PET0 ESMF_NETCDF                 : enabled
20240808 024357.550 INFO             PET0 ESMF_PNETCDF                : disabled
20240808 024357.550 INFO             PET0 ESMF_PIO                    : enabled
20240808 024357.550 INFO             PET0 ESMF_YAMLCPP                : enabled
20240808 024357.681 DEBUG            PET0 about to destroy Grid: 0x1cbb680
20240808 024357.705 DEBUG            PET0 about to destroy Grid: 0x1cbd4f0
20240808 024357.759 INFO             PET0  NUMBER_OF_PROCESSORS           1
20240808 024357.759 INFO             PET0  PASS  Example ESMF_NUOPCAtmModelEx, ESMF_NUOPCAtmModelEx.F90, line 806
20240808 024357.759 INFO             PET0  Finalizing ESMF
