2024-08-08 02:01:50
20240808 024124.604 INFO             PET0 !!!!!!!!!!!!!!!!!!!!!!!!!!!!!!!!!!!!!!!!!!!!!!!!!!!!!!
20240808 024124.604 INFO             PET0 !!! THE ESMF_LOG IS SET TO OUTPUT ALL LOG MESSAGES !!!
20240808 024124.604 INFO             PET0 !!!     THIS MAY CAUSE SLOWDOWN IN PERFORMANCE     !!!
20240808 024124.604 INFO             PET0 !!! FOR PRODUCTION RUNS, USE:                      !!!
20240808 024124.604 INFO             PET0 !!!                   ESMF_LOGKIND_Multi_On_Error  !!!
20240808 024124.604 INFO             PET0 !!!!!!!!!!!!!!!!!!!!!!!!!!!!!!!!!!!!!!!!!!!!!!!!!!!!!!
20240808 024124.604 INFO             PET0 Running with ESMF Version   : v8.7.0b11
20240808 024124.604 INFO             PET0 ESMF library build date/time: "Aug  8 2024" "01:59:20"
20240808 024124.604 INFO             PET0 ESMF library build location : /scratch/cluster/theurich/ESMF-Nightly-Testing/intel_20.0.1_mpiuni_g_develop/esmf
20240808 024124.604 INFO             PET0 ESMF_COMM                   : mpiuni
20240808 024124.608 INFO             PET0 ESMF_MOAB                   : enabled
20240808 024124.608 INFO             PET0 ESMF_LAPACK                 : enabled
20240808 024124.608 INFO             PET0 ESMF_NETCDF                 : enabled
20240808 024124.608 INFO             PET0 ESMF_PNETCDF                : disabled
20240808 024124.608 INFO             PET0 ESMF_PIO                    : enabled
20240808 024124.608 INFO             PET0 ESMF_YAMLCPP                : enabled
20240808 024124.609 INFO             PET0 ESMF Tracing Enabled
20240808 024124.609 INFO             PET0 ESMF Profiling Enabled
20240808 024124.609 INFO             PET0 ESMF Trace/Profile clock: REALTIME
20240808 024124.622 INFO             PET0  NUMBER_OF_PROCESSORS           1
20240808 024124.622 INFO             PET0  PASS  Example ESMF_TraceUserEx, ESMF_TraceUserEx.F90, line 125
20240808 024124.623 INFO             PET0  Finalizing ESMF
20240808 024124.623 INFO             PET0 **************** Region Timings *******************
20240808 024124.623 INFO             PET0 Region                Count  Total (s)   Self (s)    Mean (s)    Min (s)     Max (s)
20240808 024124.623 INFO             PET0   [ESMF]              1      0.0054      0.0046      0.0054      0.0054      0.0054
20240808 024124.623 INFO             PET0     outer_region      1      0.0008      0.0001      0.0008      0.0008      0.0008
20240808 024124.623 INFO             PET0       inner_region_1  10     0.0005      0.0005      0.0000      0.0000      0.0001
20240808 024124.623 INFO             PET0       inner_region_2  10     0.0003      0.0003      0.0000      0.0000      0.0000
