2024-10-04 03:57:47
20241004 045932.022 INFO             PET0 !!!!!!!!!!!!!!!!!!!!!!!!!!!!!!!!!!!!!!!!!!!!!!!!!!!!!!
20241004 045932.022 INFO             PET0 !!! THE ESMF_LOG IS SET TO OUTPUT ALL LOG MESSAGES !!!
20241004 045932.022 INFO             PET0 !!!     THIS MAY CAUSE SLOWDOWN IN PERFORMANCE     !!!
20241004 045932.022 INFO             PET0 !!! FOR PRODUCTION RUNS, USE:                      !!!
20241004 045932.022 INFO             PET0 !!!                   ESMF_LOGKIND_Multi_On_Error  !!!
20241004 045932.022 INFO             PET0 !!!!!!!!!!!!!!!!!!!!!!!!!!!!!!!!!!!!!!!!!!!!!!!!!!!!!!
20241004 045932.022 INFO             PET0 Running with ESMF Version   : v8.7.0
20241004 045932.022 INFO             PET0 ESMF library build date/time: "Oct  4 2024" "03:52:41"
20241004 045932.022 INFO             PET0 ESMF library build location : /glade/derecho/scratch/sacks/esmf-testing/intel_2023.2.1-classic_mpiuni_g_v8.7.0/esmf
20241004 045932.022 INFO             PET0 ESMF_COMM                   : mpiuni
20241004 045932.027 INFO             PET0 ESMF_MOAB                   : enabled
20241004 045932.027 INFO             PET0 ESMF_LAPACK                 : enabled
20241004 045932.027 INFO             PET0 ESMF_NETCDF                 : enabled
20241004 045932.027 INFO             PET0 ESMF_PNETCDF                : disabled
20241004 045932.027 INFO             PET0 ESMF_PIO                    : enabled
20241004 045932.027 INFO             PET0 ESMF_YAMLCPP                : enabled
20241004 045932.033 INFO             PET0 ESMF_FieldRedistStoreNF(): Just entered routine.
20241004 045932.113 INFO             PET0 ESMF_FieldRedistStoreNF(): Leaving routine.
20241004 045932.340 INFO             PET0  NUMBER_OF_PROCESSORS           1
20241004 045932.762 INFO             PET0  PASS  Example ESMF_RHandleFromFileEx, ESMF_RHandleFromFileEx.F90, line 192
20241004 045932.762 INFO             PET0  Finalizing ESMF
