2024-10-07 02:03:20
20241007 025623.417 INFO             PET0 !!!!!!!!!!!!!!!!!!!!!!!!!!!!!!!!!!!!!!!!!!!!!!!!!!!!!!
20241007 025623.417 INFO             PET0 !!! THE ESMF_LOG IS SET TO OUTPUT ALL LOG MESSAGES !!!
20241007 025623.417 INFO             PET0 !!!     THIS MAY CAUSE SLOWDOWN IN PERFORMANCE     !!!
20241007 025623.417 INFO             PET0 !!! FOR PRODUCTION RUNS, USE:                      !!!
20241007 025623.417 INFO             PET0 !!!                   ESMF_LOGKIND_Multi_On_Error  !!!
20241007 025623.417 INFO             PET0 !!!!!!!!!!!!!!!!!!!!!!!!!!!!!!!!!!!!!!!!!!!!!!!!!!!!!!
20241007 025623.417 INFO             PET0 Running with ESMF Version   : v8.7.0
20241007 025623.417 INFO             PET0 ESMF library build date/time: "Oct  7 2024" "01:59:46"
20241007 025623.417 INFO             PET0 ESMF library build location : /glade/derecho/scratch/sacks/esmf-testing/intel_2023.2.1_mpi_g_v8.7.0/esmf
20241007 025623.417 INFO             PET0 ESMF_COMM                   : mpi
20241007 025623.420 INFO             PET0 ESMF_MOAB                   : enabled
20241007 025623.420 INFO             PET0 ESMF_LAPACK                 : enabled
20241007 025623.420 INFO             PET0 ESMF_NETCDF                 : enabled
20241007 025623.420 INFO             PET0 ESMF_PNETCDF                : disabled
20241007 025623.420 INFO             PET0 ESMF_PIO                    : enabled
20241007 025623.420 INFO             PET0 ESMF_YAMLCPP                : enabled
20241007 025623.420 INFO             PET0  NUMBER_OF_PROCESSORS           1
20241007 025623.420 INFO             PET0  PASS  Example ESMF_ClockEx, ESMF_ClockEx.F90, line 220
20241007 025623.420 INFO             PET0  Finalizing ESMF
