2024-10-07 02:03:20
20241007 025647.827 INFO             PET0 !!!!!!!!!!!!!!!!!!!!!!!!!!!!!!!!!!!!!!!!!!!!!!!!!!!!!!
20241007 025647.827 INFO             PET0 !!! THE ESMF_LOG IS SET TO OUTPUT ALL LOG MESSAGES !!!
20241007 025647.827 INFO             PET0 !!!     THIS MAY CAUSE SLOWDOWN IN PERFORMANCE     !!!
20241007 025647.827 INFO             PET0 !!! FOR PRODUCTION RUNS, USE:                      !!!
20241007 025647.827 INFO             PET0 !!!                   ESMF_LOGKIND_Multi_On_Error  !!!
20241007 025647.827 INFO             PET0 !!!!!!!!!!!!!!!!!!!!!!!!!!!!!!!!!!!!!!!!!!!!!!!!!!!!!!
20241007 025647.827 INFO             PET0 Running with ESMF Version   : v8.7.0
20241007 025647.827 INFO             PET0 ESMF library build date/time: "Oct  7 2024" "01:59:46"
20241007 025647.827 INFO             PET0 ESMF library build location : /glade/derecho/scratch/sacks/esmf-testing/intel_2023.2.1_mpi_g_v8.7.0/esmf
20241007 025647.827 INFO             PET0 ESMF_COMM                   : mpi
20241007 025647.828 INFO             PET0 ESMF_MOAB                   : enabled
20241007 025647.828 INFO             PET0 ESMF_LAPACK                 : enabled
20241007 025647.828 INFO             PET0 ESMF_NETCDF                 : enabled
20241007 025647.828 INFO             PET0 ESMF_PNETCDF                : disabled
20241007 025647.828 INFO             PET0 ESMF_PIO                    : enabled
20241007 025647.828 INFO             PET0 ESMF_YAMLCPP                : enabled
20241007 025647.842 INFO             PET0 ESMF_FieldRedistStoreNF(): Just entered routine.
20241007 025648.109 INFO             PET0 ESMF_FieldRedistStoreNF(): Leaving routine.
20241007 025648.115 INFO             PET0  NUMBER_OF_PROCESSORS           4
20241007 025648.115 INFO             PET0  PASS  Example ESMF_RHandleFromRHandleEx, ESMF_RHandleFromRHandleEx.F90, line 660
20241007 025648.115 INFO             PET0  Finalizing ESMF
20241007 025647.826 INFO             PET1 !!!!!!!!!!!!!!!!!!!!!!!!!!!!!!!!!!!!!!!!!!!!!!!!!!!!!!
20241007 025647.827 INFO             PET1 !!! THE ESMF_LOG IS SET TO OUTPUT ALL LOG MESSAGES !!!
20241007 025647.827 INFO             PET1 !!!     THIS MAY CAUSE SLOWDOWN IN PERFORMANCE     !!!
20241007 025647.827 INFO             PET1 !!! FOR PRODUCTION RUNS, USE:                      !!!
20241007 025647.827 INFO             PET1 !!!                   ESMF_LOGKIND_Multi_On_Error  !!!
20241007 025647.827 INFO             PET1 !!!!!!!!!!!!!!!!!!!!!!!!!!!!!!!!!!!!!!!!!!!!!!!!!!!!!!
20241007 025647.827 INFO             PET1 Running with ESMF Version   : v8.7.0
20241007 025647.827 INFO             PET1 ESMF library build date/time: "Oct  7 2024" "01:59:46"
20241007 025647.827 INFO             PET1 ESMF library build location : /glade/derecho/scratch/sacks/esmf-testing/intel_2023.2.1_mpi_g_v8.7.0/esmf
20241007 025647.827 INFO             PET1 ESMF_COMM                   : mpi
20241007 025647.827 INFO             PET1 ESMF_MOAB                   : enabled
20241007 025647.827 INFO             PET1 ESMF_LAPACK                 : enabled
20241007 025647.827 INFO             PET1 ESMF_NETCDF                 : enabled
20241007 025647.827 INFO             PET1 ESMF_PNETCDF                : disabled
20241007 025647.827 INFO             PET1 ESMF_PIO                    : enabled
20241007 025647.827 INFO             PET1 ESMF_YAMLCPP                : enabled
20241007 025647.842 INFO             PET1 ESMF_FieldRedistStoreNF(): Just entered routine.
20241007 025648.109 INFO             PET1 ESMF_FieldRedistStoreNF(): Leaving routine.
20241007 025648.115 INFO             PET1  NUMBER_OF_PROCESSORS           4
20241007 025648.115 INFO             PET1  PASS  Example ESMF_RHandleFromRHandleEx, ESMF_RHandleFromRHandleEx.F90, line 660
20241007 025648.115 INFO             PET1  Finalizing ESMF
20241007 025647.827 INFO             PET2 !!!!!!!!!!!!!!!!!!!!!!!!!!!!!!!!!!!!!!!!!!!!!!!!!!!!!!
20241007 025647.827 INFO             PET2 !!! THE ESMF_LOG IS SET TO OUTPUT ALL LOG MESSAGES !!!
20241007 025647.827 INFO             PET2 !!!     THIS MAY CAUSE SLOWDOWN IN PERFORMANCE     !!!
20241007 025647.827 INFO             PET2 !!! FOR PRODUCTION RUNS, USE:                      !!!
20241007 025647.827 INFO             PET2 !!!                   ESMF_LOGKIND_Multi_On_Error  !!!
20241007 025647.827 INFO             PET2 !!!!!!!!!!!!!!!!!!!!!!!!!!!!!!!!!!!!!!!!!!!!!!!!!!!!!!
20241007 025647.827 INFO             PET2 Running with ESMF Version   : v8.7.0
20241007 025647.827 INFO             PET2 ESMF library build date/time: "Oct  7 2024" "01:59:46"
20241007 025647.827 INFO             PET2 ESMF library build location : /glade/derecho/scratch/sacks/esmf-testing/intel_2023.2.1_mpi_g_v8.7.0/esmf
20241007 025647.827 INFO             PET2 ESMF_COMM                   : mpi
20241007 025647.827 INFO             PET2 ESMF_MOAB                   : enabled
20241007 025647.827 INFO             PET2 ESMF_LAPACK                 : enabled
20241007 025647.827 INFO             PET2 ESMF_NETCDF                 : enabled
20241007 025647.827 INFO             PET2 ESMF_PNETCDF                : disabled
20241007 025647.827 INFO             PET2 ESMF_PIO                    : enabled
20241007 025647.827 INFO             PET2 ESMF_YAMLCPP                : enabled
20241007 025647.842 INFO             PET2 ESMF_FieldRedistStoreNF(): Just entered routine.
20241007 025648.109 INFO             PET2 ESMF_FieldRedistStoreNF(): Leaving routine.
20241007 025648.113 INFO             PET2  NUMBER_OF_PROCESSORS           4
20241007 025648.113 INFO             PET2  PASS  Example ESMF_RHandleFromRHandleEx, ESMF_RHandleFromRHandleEx.F90, line 660
20241007 025648.113 INFO             PET2  Finalizing ESMF
20241007 025647.827 INFO             PET3 !!!!!!!!!!!!!!!!!!!!!!!!!!!!!!!!!!!!!!!!!!!!!!!!!!!!!!
20241007 025647.827 INFO             PET3 !!! THE ESMF_LOG IS SET TO OUTPUT ALL LOG MESSAGES !!!
20241007 025647.827 INFO             PET3 !!!     THIS MAY CAUSE SLOWDOWN IN PERFORMANCE     !!!
20241007 025647.827 INFO             PET3 !!! FOR PRODUCTION RUNS, USE:                      !!!
20241007 025647.827 INFO             PET3 !!!                   ESMF_LOGKIND_Multi_On_Error  !!!
20241007 025647.827 INFO             PET3 !!!!!!!!!!!!!!!!!!!!!!!!!!!!!!!!!!!!!!!!!!!!!!!!!!!!!!
20241007 025647.827 INFO             PET3 Running with ESMF Version   : v8.7.0
20241007 025647.827 INFO             PET3 ESMF library build date/time: "Oct  7 2024" "01:59:46"
20241007 025647.827 INFO             PET3 ESMF library build location : /glade/derecho/scratch/sacks/esmf-testing/intel_2023.2.1_mpi_g_v8.7.0/esmf
20241007 025647.827 INFO             PET3 ESMF_COMM                   : mpi
20241007 025647.828 INFO             PET3 ESMF_MOAB                   : enabled
20241007 025647.828 INFO             PET3 ESMF_LAPACK                 : enabled
20241007 025647.828 INFO             PET3 ESMF_NETCDF                 : enabled
20241007 025647.828 INFO             PET3 ESMF_PNETCDF                : disabled
20241007 025647.828 INFO             PET3 ESMF_PIO                    : enabled
20241007 025647.828 INFO             PET3 ESMF_YAMLCPP                : enabled
20241007 025647.842 INFO             PET3 ESMF_FieldRedistStoreNF(): Just entered routine.
20241007 025648.109 INFO             PET3 ESMF_FieldRedistStoreNF(): Leaving routine.
20241007 025648.115 INFO             PET3  NUMBER_OF_PROCESSORS           4
20241007 025648.115 INFO             PET3  PASS  Example ESMF_RHandleFromRHandleEx, ESMF_RHandleFromRHandleEx.F90, line 660
20241007 025648.115 INFO             PET3  Finalizing ESMF
