2024-10-02 07:25:43
20241002 075146.012 INFO             PET0 !!!!!!!!!!!!!!!!!!!!!!!!!!!!!!!!!!!!!!!!!!!!!!!!!!!!!!
20241002 075146.013 INFO             PET0 !!! THE ESMF_LOG IS SET TO OUTPUT ALL LOG MESSAGES !!!
20241002 075146.013 INFO             PET0 !!!     THIS MAY CAUSE SLOWDOWN IN PERFORMANCE     !!!
20241002 075146.013 INFO             PET0 !!! FOR PRODUCTION RUNS, USE:                      !!!
20241002 075146.013 INFO             PET0 !!!                   ESMF_LOGKIND_Multi_On_Error  !!!
20241002 075146.013 INFO             PET0 !!!!!!!!!!!!!!!!!!!!!!!!!!!!!!!!!!!!!!!!!!!!!!!!!!!!!!
20241002 075146.013 INFO             PET0 Running with ESMF Version   : v8.7.0b14-1-g2597b0a993
20241002 075146.013 INFO             PET0 ESMF library build date/time: "Oct  2 2024" "07:23:19"
20241002 075146.013 INFO             PET0 ESMF library build location : /scratch2/NCEPDEV/stmp1/Gerhard.Theurich/ESMF-Nightly-Testing/gfortran_13.2.0_mpiuni_g_release_8.7.0/esmf
20241002 075146.013 INFO             PET0 ESMF_COMM                   : mpiuni
20241002 075146.013 INFO             PET0 ESMF_MOAB                   : enabled
20241002 075146.013 INFO             PET0 ESMF_LAPACK                 : enabled
20241002 075146.013 INFO             PET0 ESMF_NETCDF                 : disabled
20241002 075146.013 INFO             PET0 ESMF_PNETCDF                : disabled
20241002 075146.013 INFO             PET0 ESMF_PIO                    : disabled
20241002 075146.013 INFO             PET0 ESMF_YAMLCPP                : enabled
20241002 075146.014 ERROR            PET0 ESMCI_State.C:982 ESMCI::State::read() Library needed by ESMF not present  - Internal subroutine call returned Error
20241002 075146.014 ERROR            PET0 ESMF_StateAPI.cppF90:3446 ESMF_StateRead Library needed by ESMF not present  - Internal subroutine call returned Error
20241002 075146.014 INFO             PET0  NUMBER_OF_PROCESSORS           1
20241002 075146.014 INFO             PET0  PASS  Example ESMF_StateReadWriteEx, ESMF_StateReadWriteEx.F90, line 185
20241002 075146.014 INFO             PET0  Finalizing ESMF
