2024-09-19 07:27:04
20240919 075505.657 INFO             PET0 !!!!!!!!!!!!!!!!!!!!!!!!!!!!!!!!!!!!!!!!!!!!!!!!!!!!!!
20240919 075505.657 INFO             PET0 !!! THE ESMF_LOG IS SET TO OUTPUT ALL LOG MESSAGES !!!
20240919 075505.657 INFO             PET0 !!!     THIS MAY CAUSE SLOWDOWN IN PERFORMANCE     !!!
20240919 075505.657 INFO             PET0 !!! FOR PRODUCTION RUNS, USE:                      !!!
20240919 075505.657 INFO             PET0 !!!                   ESMF_LOGKIND_Multi_On_Error  !!!
20240919 075505.657 INFO             PET0 !!!!!!!!!!!!!!!!!!!!!!!!!!!!!!!!!!!!!!!!!!!!!!!!!!!!!!
20240919 075505.657 INFO             PET0 Running with ESMF Version   : v8.7.0b14-1-g2597b0a993
20240919 075505.657 INFO             PET0 ESMF library build date/time: "Sep 19 2024" "07:24:42"
20240919 075505.657 INFO             PET0 ESMF library build location : /scratch2/NCEPDEV/stmp1/Gerhard.Theurich/ESMF-Nightly-Testing/gfortran_13.2.0_mpiuni_g_release_8.7.0/esmf
20240919 075505.657 INFO             PET0 ESMF_COMM                   : mpiuni
20240919 075505.658 INFO             PET0 ESMF_MOAB                   : enabled
20240919 075505.658 INFO             PET0 ESMF_LAPACK                 : enabled
20240919 075505.658 INFO             PET0 ESMF_NETCDF                 : disabled
20240919 075505.658 INFO             PET0 ESMF_PNETCDF                : disabled
20240919 075505.658 INFO             PET0 ESMF_PIO                    : disabled
20240919 075505.658 INFO             PET0 ESMF_YAMLCPP                : enabled
20240919 075505.664 INFO             PET0 ESMF_FieldRedistStoreNF(): Just entered routine.
20240919 075506.206 INFO             PET0 ESMF_FieldRedistStoreNF(): Leaving routine.
20240919 075506.215 INFO             PET0  NUMBER_OF_PROCESSORS           1
20240919 075506.215 INFO             PET0  PASS  Example ESMF_RHandleFromFileEx, ESMF_RHandleFromFileEx.F90, line 192
20240919 075506.215 INFO             PET0  Finalizing ESMF
