2024-09-02 21:52:36
20240902 222443.708 INFO             PET0 !!!!!!!!!!!!!!!!!!!!!!!!!!!!!!!!!!!!!!!!!!!!!!!!!!!!!!
20240902 222443.709 INFO             PET0 !!! THE ESMF_LOG IS SET TO OUTPUT ALL LOG MESSAGES !!!
20240902 222443.709 INFO             PET0 !!!     THIS MAY CAUSE SLOWDOWN IN PERFORMANCE     !!!
20240902 222443.709 INFO             PET0 !!! FOR PRODUCTION RUNS, USE:                      !!!
20240902 222443.709 INFO             PET0 !!!                   ESMF_LOGKIND_Multi_On_Error  !!!
20240902 222443.709 INFO             PET0 !!!!!!!!!!!!!!!!!!!!!!!!!!!!!!!!!!!!!!!!!!!!!!!!!!!!!!
20240902 222443.709 INFO             PET0 Running with ESMF Version   : v8.7.0b12-2-gbfe22b56ac
20240902 222443.709 INFO             PET0 ESMF library build date/time: "Sep  2 2024" "21:50:28"
20240902 222443.709 INFO             PET0 ESMF library build location : /home/gerhard/ESMF-Nightly-Testing/aocc_4.1.0_mpiuni_O_develop/esmf
20240902 222443.709 INFO             PET0 ESMF_COMM                   : mpiuni
20240902 222443.709 INFO             PET0 ESMF_MOAB                   : enabled
20240902 222443.709 INFO             PET0 ESMF_LAPACK                 : enabled
20240902 222443.709 INFO             PET0 ESMF_NETCDF                 : disabled
20240902 222443.709 INFO             PET0 ESMF_PNETCDF                : disabled
20240902 222443.709 INFO             PET0 ESMF_PIO                    : disabled
20240902 222443.709 INFO             PET0 ESMF_YAMLCPP                : enabled
20240902 222443.714 INFO             PET0  NUMBER_OF_PROCESSORS            1
20240902 222443.714 INFO             PET0  PASS  Example ESMF_CplEx, ESMF_CplEx.F90, line 457
20240902 222443.714 INFO             PET0  Finalizing ESMF
