2024-09-18 22:00:28
20240918 224338.963 INFO             PET0 !!!!!!!!!!!!!!!!!!!!!!!!!!!!!!!!!!!!!!!!!!!!!!!!!!!!!!
20240918 224338.963 INFO             PET0 !!! THE ESMF_LOG IS SET TO OUTPUT ALL LOG MESSAGES !!!
20240918 224338.963 INFO             PET0 !!!     THIS MAY CAUSE SLOWDOWN IN PERFORMANCE     !!!
20240918 224338.963 INFO             PET0 !!! FOR PRODUCTION RUNS, USE:                      !!!
20240918 224338.963 INFO             PET0 !!!                   ESMF_LOGKIND_Multi_On_Error  !!!
20240918 224338.963 INFO             PET0 !!!!!!!!!!!!!!!!!!!!!!!!!!!!!!!!!!!!!!!!!!!!!!!!!!!!!!
20240918 224338.963 INFO             PET0 Running with ESMF Version   : v8.7.0b14-2-gcef85deffb
20240918 224338.963 INFO             PET0 ESMF library build date/time: "Sep 18 2024" "21:58:13"
20240918 224338.963 INFO             PET0 ESMF library build location : /home/gerhard/ESMF-Nightly-Testing/aocc_4.1.0_mpiuni_O_develop/esmf
20240918 224338.963 INFO             PET0 ESMF_COMM                   : mpiuni
20240918 224338.963 INFO             PET0 ESMF_MOAB                   : enabled
20240918 224338.963 INFO             PET0 ESMF_LAPACK                 : enabled
20240918 224338.963 INFO             PET0 ESMF_NETCDF                 : disabled
20240918 224338.963 INFO             PET0 ESMF_PNETCDF                : disabled
20240918 224338.963 INFO             PET0 ESMF_PIO                    : disabled
20240918 224338.963 INFO             PET0 ESMF_YAMLCPP                : enabled
20240918 224338.963 INFO             PET0 ESMF Tracing Enabled
20240918 224338.963 INFO             PET0 ESMF Profiling Enabled
20240918 224338.963 INFO             PET0 ESMF Trace/Profile clock: REALTIME
20240918 224338.964 INFO             PET0  NUMBER_OF_PROCESSORS            1
20240918 224338.964 INFO             PET0  PASS  Example ESMF_TraceUserEx, ESMF_TraceUserEx.F90, line 125
20240918 224338.964 INFO             PET0  Finalizing ESMF
20240918 224338.964 INFO             PET0 **************** Region Timings *******************
20240918 224338.964 INFO             PET0 Region                Count  Total (s)   Self (s)    Mean (s)    Min (s)     Max (s)
20240918 224338.964 INFO             PET0   [ESMF]              1      0.0001      0.0001      0.0001      0.0001      0.0001
20240918 224338.964 INFO             PET0     outer_region      1      0.0000      0.0000      0.0000      0.0000      0.0000
20240918 224338.964 INFO             PET0       inner_region_1  10     0.0000      0.0000      0.0000      0.0000      0.0000
20240918 224338.964 INFO             PET0       inner_region_2  10     0.0000      0.0000      0.0000      0.0000      0.0000
