2024-09-07 01:52:24
20240907 022828.296 INFO             PET0 !!!!!!!!!!!!!!!!!!!!!!!!!!!!!!!!!!!!!!!!!!!!!!!!!!!!!!
20240907 022828.296 INFO             PET0 !!! THE ESMF_LOG IS SET TO OUTPUT ALL LOG MESSAGES !!!
20240907 022828.296 INFO             PET0 !!!     THIS MAY CAUSE SLOWDOWN IN PERFORMANCE     !!!
20240907 022828.296 INFO             PET0 !!! FOR PRODUCTION RUNS, USE:                      !!!
20240907 022828.296 INFO             PET0 !!!                   ESMF_LOGKIND_Multi_On_Error  !!!
20240907 022828.296 INFO             PET0 !!!!!!!!!!!!!!!!!!!!!!!!!!!!!!!!!!!!!!!!!!!!!!!!!!!!!!
20240907 022828.296 INFO             PET0 Running with ESMF Version   : v8.7.0b13-3-gedb848d90b
20240907 022828.296 INFO             PET0 ESMF library build date/time: "Sep  7 2024" "01:49:53"
20240907 022828.296 INFO             PET0 ESMF library build location : /glade/derecho/scratch/sacks/esmf-testing/intel_2023.2.1_mpiuni_O_develop/esmf
20240907 022828.296 INFO             PET0 ESMF_COMM                   : mpiuni
20240907 022828.297 INFO             PET0 ESMF_MOAB                   : enabled
20240907 022828.297 INFO             PET0 ESMF_LAPACK                 : enabled
20240907 022828.297 INFO             PET0 ESMF_NETCDF                 : enabled
20240907 022828.297 INFO             PET0 ESMF_PNETCDF                : disabled
20240907 022828.297 INFO             PET0 ESMF_PIO                    : enabled
20240907 022828.297 INFO             PET0 ESMF_YAMLCPP                : enabled
20240907 022828.302 INFO             PET0  NUMBER_OF_PROCESSORS           1
20240907 022828.302 INFO             PET0  PASS  Example ESMF_NUOPCBasicModelEx, ESMF_NUOPCBasicModelEx.F90, line 339
20240907 022828.302 INFO             PET0  Finalizing ESMF
