2024-08-14 01:56:36
20240814 023313.487 INFO             PET0 !!!!!!!!!!!!!!!!!!!!!!!!!!!!!!!!!!!!!!!!!!!!!!!!!!!!!!
20240814 023313.487 INFO             PET0 !!! THE ESMF_LOG IS SET TO OUTPUT ALL LOG MESSAGES !!!
20240814 023313.487 INFO             PET0 !!!     THIS MAY CAUSE SLOWDOWN IN PERFORMANCE     !!!
20240814 023313.487 INFO             PET0 !!! FOR PRODUCTION RUNS, USE:                      !!!
20240814 023313.487 INFO             PET0 !!!                   ESMF_LOGKIND_Multi_On_Error  !!!
20240814 023313.487 INFO             PET0 !!!!!!!!!!!!!!!!!!!!!!!!!!!!!!!!!!!!!!!!!!!!!!!!!!!!!!
20240814 023313.487 INFO             PET0 Running with ESMF Version   : v8.7.0b11
20240814 023313.487 INFO             PET0 ESMF library build date/time: "Aug 14 2024" "01:54:14"
20240814 023313.487 INFO             PET0 ESMF library build location : /glade/derecho/scratch/sacks/esmf-testing/intel_2023.2.1_mpiuni_O_develop/esmf
20240814 023313.487 INFO             PET0 ESMF_COMM                   : mpiuni
20240814 023313.488 INFO             PET0 ESMF_MOAB                   : enabled
20240814 023313.488 INFO             PET0 ESMF_LAPACK                 : enabled
20240814 023313.488 INFO             PET0 ESMF_NETCDF                 : enabled
20240814 023313.488 INFO             PET0 ESMF_PNETCDF                : disabled
20240814 023313.488 INFO             PET0 ESMF_PIO                    : enabled
20240814 023313.488 INFO             PET0 ESMF_YAMLCPP                : enabled
20240814 023313.507 DEBUG            PET0 about to destroy Grid: 0x857220
20240814 023313.509 DEBUG            PET0 about to destroy Grid: 0x8582b0
20240814 023313.516 INFO             PET0  NUMBER_OF_PROCESSORS           1
20240814 023313.516 INFO             PET0  PASS  Example ESMF_NUOPCAtmModelEx, ESMF_NUOPCAtmModelEx.F90, line 806
20240814 023313.516 INFO             PET0  Finalizing ESMF
