2024-09-12 01:58:26
20240912 023915.074 INFO             PET0 !!!!!!!!!!!!!!!!!!!!!!!!!!!!!!!!!!!!!!!!!!!!!!!!!!!!!!
20240912 023915.074 INFO             PET0 !!! THE ESMF_LOG IS SET TO OUTPUT ALL LOG MESSAGES !!!
20240912 023915.074 INFO             PET0 !!!     THIS MAY CAUSE SLOWDOWN IN PERFORMANCE     !!!
20240912 023915.074 INFO             PET0 !!! FOR PRODUCTION RUNS, USE:                      !!!
20240912 023915.074 INFO             PET0 !!!                   ESMF_LOGKIND_Multi_On_Error  !!!
20240912 023915.074 INFO             PET0 !!!!!!!!!!!!!!!!!!!!!!!!!!!!!!!!!!!!!!!!!!!!!!!!!!!!!!
20240912 023915.074 INFO             PET0 Running with ESMF Version   : v8.7.0b14
20240912 023915.074 INFO             PET0 ESMF library build date/time: "Sep 12 2024" "01:55:57"
20240912 023915.074 INFO             PET0 ESMF library build location : /glade/derecho/scratch/sacks/esmf-testing/intel_2023.2.1_mpiuni_O_develop/esmf
20240912 023915.074 INFO             PET0 ESMF_COMM                   : mpiuni
20240912 023915.074 INFO             PET0 ESMF_MOAB                   : enabled
20240912 023915.074 INFO             PET0 ESMF_LAPACK                 : enabled
20240912 023915.074 INFO             PET0 ESMF_NETCDF                 : enabled
20240912 023915.074 INFO             PET0 ESMF_PNETCDF                : disabled
20240912 023915.074 INFO             PET0 ESMF_PIO                    : enabled
20240912 023915.074 INFO             PET0 ESMF_YAMLCPP                : enabled
20240912 023915.084 INFO             PET0  NUMBER_OF_PROCESSORS           1
20240912 023915.084 INFO             PET0  PASS  Example ESMF_StateReadWriteEx, ESMF_StateReadWriteEx.F90, line 185
20240912 023915.084 INFO             PET0  Finalizing ESMF
