2024-09-15 01:50:44
20240915 022515.778 INFO             PET0 !!!!!!!!!!!!!!!!!!!!!!!!!!!!!!!!!!!!!!!!!!!!!!!!!!!!!!
20240915 022515.778 INFO             PET0 !!! THE ESMF_LOG IS SET TO OUTPUT ALL LOG MESSAGES !!!
20240915 022515.778 INFO             PET0 !!!     THIS MAY CAUSE SLOWDOWN IN PERFORMANCE     !!!
20240915 022515.778 INFO             PET0 !!! FOR PRODUCTION RUNS, USE:                      !!!
20240915 022515.778 INFO             PET0 !!!                   ESMF_LOGKIND_Multi_On_Error  !!!
20240915 022515.778 INFO             PET0 !!!!!!!!!!!!!!!!!!!!!!!!!!!!!!!!!!!!!!!!!!!!!!!!!!!!!!
20240915 022515.778 INFO             PET0 Running with ESMF Version   : v8.7.0b14
20240915 022515.778 INFO             PET0 ESMF library build date/time: "Sep 15 2024" "01:48:15"
20240915 022515.778 INFO             PET0 ESMF library build location : /glade/derecho/scratch/sacks/esmf-testing/intel_2023.2.1_mpiuni_O_develop/esmf
20240915 022515.778 INFO             PET0 ESMF_COMM                   : mpiuni
20240915 022515.780 INFO             PET0 ESMF_MOAB                   : enabled
20240915 022515.780 INFO             PET0 ESMF_LAPACK                 : enabled
20240915 022515.780 INFO             PET0 ESMF_NETCDF                 : enabled
20240915 022515.780 INFO             PET0 ESMF_PNETCDF                : disabled
20240915 022515.780 INFO             PET0 ESMF_PIO                    : enabled
20240915 022515.780 INFO             PET0 ESMF_YAMLCPP                : enabled
20240915 022515.782 INFO             PET0  NUMBER_OF_PROCESSORS           1
20240915 022515.782 INFO             PET0  PASS  Example ESMF_AttachMethodsEx, ESMF_AttachMethodsEx.F90, line 292
20240915 022515.782 INFO             PET0  Finalizing ESMF
