2024-09-06 01:58:50
20240906 023659.944 INFO             PET0 !!!!!!!!!!!!!!!!!!!!!!!!!!!!!!!!!!!!!!!!!!!!!!!!!!!!!!
20240906 023659.944 INFO             PET0 !!! THE ESMF_LOG IS SET TO OUTPUT ALL LOG MESSAGES !!!
20240906 023659.944 INFO             PET0 !!!     THIS MAY CAUSE SLOWDOWN IN PERFORMANCE     !!!
20240906 023659.944 INFO             PET0 !!! FOR PRODUCTION RUNS, USE:                      !!!
20240906 023659.944 INFO             PET0 !!!                   ESMF_LOGKIND_Multi_On_Error  !!!
20240906 023659.944 INFO             PET0 !!!!!!!!!!!!!!!!!!!!!!!!!!!!!!!!!!!!!!!!!!!!!!!!!!!!!!
20240906 023659.944 INFO             PET0 Running with ESMF Version   : v8.7.0b13-3-gedb848d90b
20240906 023659.944 INFO             PET0 ESMF library build date/time: "Sep  6 2024" "01:54:11"
20240906 023659.944 INFO             PET0 ESMF library build location : /glade/derecho/scratch/sacks/esmf-testing/intel_2023.2.1_mpiuni_O_develop/esmf
20240906 023659.944 INFO             PET0 ESMF_COMM                   : mpiuni
20240906 023659.951 INFO             PET0 ESMF_MOAB                   : enabled
20240906 023659.951 INFO             PET0 ESMF_LAPACK                 : enabled
20240906 023659.951 INFO             PET0 ESMF_NETCDF                 : enabled
20240906 023659.951 INFO             PET0 ESMF_PNETCDF                : disabled
20240906 023659.951 INFO             PET0 ESMF_PIO                    : enabled
20240906 023659.951 INFO             PET0 ESMF_YAMLCPP                : enabled
20240906 023659.954 INFO             PET0 ESMF_FieldRedistStoreNF(): Just entered routine.
20240906 023700.031 INFO             PET0 ESMF_FieldRedistStoreNF(): Leaving routine.
20240906 023700.049 INFO             PET0  NUMBER_OF_PROCESSORS           1
20240906 023700.050 INFO             PET0  PASS  Example ESMF_RHandleFromFileEx, ESMF_RHandleFromFileEx.F90, line 192
20240906 023700.050 INFO             PET0  Finalizing ESMF
