2024-10-05 22:40:28
20241006 003737.019 INFO             PET0 !!!!!!!!!!!!!!!!!!!!!!!!!!!!!!!!!!!!!!!!!!!!!!!!!!!!!!
20241006 003737.019 INFO             PET0 !!! THE ESMF_LOG IS SET TO OUTPUT ALL LOG MESSAGES !!!
20241006 003737.019 INFO             PET0 !!!     THIS MAY CAUSE SLOWDOWN IN PERFORMANCE     !!!
20241006 003737.019 INFO             PET0 !!! FOR PRODUCTION RUNS, USE:                      !!!
20241006 003737.019 INFO             PET0 !!!                   ESMF_LOGKIND_Multi_On_Error  !!!
20241006 003737.019 INFO             PET0 !!!!!!!!!!!!!!!!!!!!!!!!!!!!!!!!!!!!!!!!!!!!!!!!!!!!!!
20241006 003737.019 INFO             PET0 Running with ESMF Version   : v8.7.0
20241006 003737.019 INFO             PET0 ESMF library build date/time: "Oct  5 2024" "22:36:48"
20241006 003737.019 INFO             PET0 ESMF library build location : /discover/nobackup/projects/gmao/SIteam/ESMF_Testing/intel_2021.6.0_intelmpi_O_v8.7.0/esmf
20241006 003737.019 INFO             PET0 ESMF_COMM                   : intelmpi
20241006 003737.019 INFO             PET0 ESMF_MOAB                   : enabled
20241006 003737.019 INFO             PET0 ESMF_LAPACK                 : enabled
20241006 003737.019 INFO             PET0 ESMF_NETCDF                 : disabled
20241006 003737.019 INFO             PET0 ESMF_PNETCDF                : disabled
20241006 003737.019 INFO             PET0 ESMF_PIO                    : disabled
20241006 003737.019 INFO             PET0 ESMF_YAMLCPP                : enabled
20241006 003737.020 INFO             PET0  NUMBER_OF_PROCESSORS           1
20241006 003737.020 INFO             PET0  PASS  Example ESMF_AlarmEx, ESMF_AlarmEx.F90, line 244
20241006 003737.021 INFO             PET0  Finalizing ESMF
