2024-09-05 04:02:11

mainApp:210301 terminated with signal 11 at PC=43ee49 SP=7ffe613df170.  Backtrace:

mainApp:210300 terminated with signal 11 at PC=43ee37 SP=7ffc4ad15d10.  Backtrace:
/tmp/intel_2023.1.0-oneAPI_mpi_O_develop/nuopc-app-prototypes/DriverInDriverDataDepProto/./mainApp[0x43ee37]
/tmp/intel_2023.1.0-oneAPI_mpi_O_develop/nuopc-app-prototypes/DriverInDriverDataDepProto/./mainApp[0x43fe20]
/tmp/intel_2023.1.0-oneAPI_mpi_O_develop/nuopc-app-prototypes/DriverInDriverDataDepProto/./mainApp[0x43efc5]
/tmp/intel_2023.1.0-oneAPI_mpi_O_develop/nuopc-app-prototypes/DriverInDriverDataDepProto/./mainApp[0x43ee49]
/tmp/intel_2023.1.0-oneAPI_mpi_O_develop/nuopc-app-prototypes/DriverInDriverDataDepProto/./mainApp[0x43fe20]
/tmp/intel_2023.1.0-oneAPI_mpi_O_develop/nuopc-app-prototypes/DriverInDriverDataDepProto/./mainApp[0x43efc5]
/tmp/intel_2023.1.0-oneAPI_mpi_O_develop/esmf/DEFAULTINSTALLDIR/lib/libO/Unicos.intel.64.mpi.default/libesmf.so(f_esmf_compcollectgarbage2_+0x2f1)[0x7f3ba745d161]
/tmp/intel_2023.1.0-oneAPI_mpi_O_develop/esmf/DEFAULTINSTALLDIR/lib/libO/Unicos.intel.64.mpi.default/libesmf.so(f_esmf_compcollectgarbage2_+0x2f1)[0x7fb3788ad161]
/tmp/intel_2023.1.0-oneAPI_mpi_O_develop/esmf/DEFAULTINSTALLDIR/lib/libO/Unicos.intel.64.mpi.default/libesmf.so(_ZN5ESMCI2VM8finalizeEP12ESMC_LogicalPi+0x34f)[0x7f3ba72b5e5f]
/tmp/intel_2023.1.0-oneAPI_mpi_O_develop/esmf/DEFAULTINSTALLDIR/lib/libO/Unicos.intel.64.mpi.default/libesmf.so(_ZN5ESMCI2VM8finalizeEP12ESMC_LogicalPi+0x34f)[0x7fb378705e5f]
/tmp/intel_2023.1.0-oneAPI_mpi_O_develop/esmf/DEFAULTINSTALLDIR/lib/libO/Unicos.intel.64.mpi.default/libesmf.so(c_esmc_vmfinalize_+0x25)[0x7f3ba7293ad5]
/tmp/intel_2023.1.0-oneAPI_mpi_O_develop/esmf/DEFAULTINSTALLDIR/lib/libO/Unicos.intel.64.mpi.default/libesmf.so(c_esmc_vmfinalize_+0x25)[0x7fb3786e3ad5]
/tmp/intel_2023.1.0-oneAPI_mpi_O_develop/esmf/DEFAULTINSTALLDIR/lib/libO/Unicos.intel.64.mpi.default/libesmf.so(esmf_vmmod_mp_esmf_vmfinalize_+0x1c)[0x7f3ba79b384c]
/tmp/intel_2023.1.0-oneAPI_mpi_O_develop/esmf/DEFAULTINSTALLDIR/lib/libO/Unicos.intel.64.mpi.default/libesmf.so(esmf_vmmod_mp_esmf_vmfinalize_+0x1c)[0x7fb378e0384c]
/tmp/intel_2023.1.0-oneAPI_mpi_O_develop/esmf/DEFAULTINSTALLDIR/lib/libO/Unicos.intel.64.mpi.default/libesmf.so(esmf_initmod_mp_esmf_finalize_+0x66b)[0x7f3ba77bba9b]
/tmp/intel_2023.1.0-oneAPI_mpi_O_develop/nuopc-app-prototypes/DriverInDriverDataDepProto/./mainApp[0x416a9b]
/tmp/intel_2023.1.0-oneAPI_mpi_O_develop/nuopc-app-prototypes/DriverInDriverDataDepProto/./mainApp[0x41647d]
/lib64/libc.so.6(__libc_start_main+0xef)[0x7f3ba263e24d]
/tmp/intel_2023.1.0-oneAPI_mpi_O_develop/nuopc-app-prototypes/DriverInDriverDataDepProto/./mainApp[0x4163aa]
/tmp/intel_2023.1.0-oneAPI_mpi_O_develop/esmf/DEFAULTINSTALLDIR/lib/libO/Unicos.intel.64.mpi.default/libesmf.so(esmf_initmod_mp_esmf_finalize_+0x66b)[0x7fb378c0ba9b]
/tmp/intel_2023.1.0-oneAPI_mpi_O_develop/nuopc-app-prototypes/DriverInDriverDataDepProto/./mainApp[0x416a9b]
/tmp/intel_2023.1.0-oneAPI_mpi_O_develop/nuopc-app-prototypes/DriverInDriverDataDepProto/./mainApp[0x41647d]
/lib64/libc.so.6(__libc_start_main+0xef)[0x7fb373a3e24d]
/tmp/intel_2023.1.0-oneAPI_mpi_O_develop/nuopc-app-prototypes/DriverInDriverDataDepProto/./mainApp[0x4163aa]

mainApp:210299 terminated with signal 11 at PC=43ee61 SP=7fffb9bd3180.  Backtrace:
/tmp/intel_2023.1.0-oneAPI_mpi_O_develop/nuopc-app-prototypes/DriverInDriverDataDepProto/./mainApp[0x43ee61]
/tmp/intel_2023.1.0-oneAPI_mpi_O_develop/nuopc-app-prototypes/DriverInDriverDataDepProto/./mainApp[0x43fe20]
/tmp/intel_2023.1.0-oneAPI_mpi_O_develop/nuopc-app-prototypes/DriverInDriverDataDepProto/./mainApp[0x43efc5]
/tmp/intel_2023.1.0-oneAPI_mpi_O_develop/esmf/DEFAULTINSTALLDIR/lib/libO/Unicos.intel.64.mpi.default/libesmf.so(f_esmf_compcollectgarbage2_+0x2f1)[0x7fa6b3b36161]
/tmp/intel_2023.1.0-oneAPI_mpi_O_develop/esmf/DEFAULTINSTALLDIR/lib/libO/Unicos.intel.64.mpi.default/libesmf.so(_ZN5ESMCI2VM8finalizeEP12ESMC_LogicalPi+0x34f)[0x7fa6b398ee5f]
/tmp/intel_2023.1.0-oneAPI_mpi_O_develop/esmf/DEFAULTINSTALLDIR/lib/libO/Unicos.intel.64.mpi.default/libesmf.so(c_esmc_vmfinalize_+0x25)[0x7fa6b396cad5]
/tmp/intel_2023.1.0-oneAPI_mpi_O_develop/esmf/DEFAULTINSTALLDIR/lib/libO/Unicos.intel.64.mpi.default/libesmf.so(esmf_vmmod_mp_esmf_vmfinalize_+0x1c)[0x7fa6b408c84c]
/tmp/intel_2023.1.0-oneAPI_mpi_O_develop/esmf/DEFAULTINSTALLDIR/lib/libO/Unicos.intel.64.mpi.default/libesmf.so(esmf_initmod_mp_esmf_finalize_+0x66b)[0x7fa6b3e94a9b]
/tmp/intel_2023.1.0-oneAPI_mpi_O_develop/nuopc-app-prototypes/DriverInDriverDataDepProto/./mainApp[0x416a9b]
/tmp/intel_2023.1.0-oneAPI_mpi_O_develop/nuopc-app-prototypes/DriverInDriverDataDepProto/./mainApp[0x41647d]
/lib64/libc.so.6(__libc_start_main+0xef)[0x7fa6aec3e24d]
/tmp/intel_2023.1.0-oneAPI_mpi_O_develop/nuopc-app-prototypes/DriverInDriverDataDepProto/./mainApp[0x4163aa]
srun: error: c5n0732: tasks 1-3: Exited with exit code 1
srun: Terminating StepId=135143131.379
slurmstepd: error: *** STEP 135143131.379 ON c5n0732 CANCELLED AT 2024-09-05T04:27:44 ***
forrtl: error (78): process killed (SIGTERM)
Image              PC                Routine            Line        Source             
libpthread-2.31.s  00007F56EB7F2910  Unknown               Unknown  Unknown
libc-2.31.so       00007F56E7F05B57  __sched_yield         Unknown  Unknown
libmpi_intel.so.1  00007F56E9B01ADE  Unknown               Unknown  Unknown
libmpi_intel.so.1  00007F56EA89DA16  Unknown               Unknown  Unknown
libmpi_intel.so.1  00007F56EA8B0169  Unknown               Unknown  Unknown
libmpi_intel.so.1  00007F56EA7B858C  Unknown               Unknown  Unknown
libmpi_intel.so.1  00007F56E8DA3D11  Unknown               Unknown  Unknown
libmpi_intel.so.1  00007F56E8DA3EF5  Unknown               Unknown  Unknown
libmpi_intel.so.1  00007F56EAA9D5F0  Unknown               Unknown  Unknown
libmpi_intel.so.1  00007F56EA8DD0FC  Unknown               Unknown  Unknown
libmpi_intel.so.1  00007F56EA8DB00C  Unknown               Unknown  Unknown
libmpi_intel.so.1  00007F56E9067C01  Unknown               Unknown  Unknown
libmpi_intel.so.1  00007F56EA8DF380  Unknown               Unknown  Unknown
libmpi_intel.so.1  00007F56EAA9E3D3  Unknown               Unknown  Unknown
libmpi_intel.so.1  00007F56E8E91200  Unknown               Unknown  Unknown
libmpi_intel.so.1  00007F56E8E9173F  PMPI_Barrier          Unknown  Unknown
libdarshan.so.0.0  00007F56EB8095A7  darshan_core_shut     Unknown  Unknown
libdarshan.so.0.0  00007F56EB80823E  MPI_Finalize          Unknown  Unknown
libesmf.so         00007F56EC9ABE3F  _ZN5ESMCI3VMK8fin     Unknown  Unknown
libesmf.so         00007F56EC9C8F52  _ZN5ESMCI2VM8fina     Unknown  Unknown
libesmf.so         00007F56EC9A6AD5  c_esmc_vmfinalize     Unknown  Unknown
libesmf.so         00007F56ED0C684C  esmf_vmmod_mp_esm     Unknown  Unknown
libesmf.so         00007F56ECECEA9B  esmf_initmod_mp_e     Unknown  Unknown
mainApp            0000000000416A9B  Unknown               Unknown  Unknown
mainApp            000000000041647D  Unknown               Unknown  Unknown
libc-2.31.so       00007F56E7E3E24D  __libc_start_main     Unknown  Unknown
mainApp            00000000004163AA  Unknown               Unknown  Unknown
srun: error: c5n0732: task 0: Killed
srun: Force Terminated StepId=135143131.379
