2024-09-05 04:02:11

mainApp:211109 terminated with signal 11 at PC=43e700 SP=7ffc551d8a30.  Backtrace:

mainApp:211111 terminated with signal 11 at PC=43e733 SP=7fff72639450.  Backtrace:
/tmp/intel_2023.1.0-oneAPI_mpi_O_develop/nuopc-app-prototypes/NamespaceProto/./mainApp[0x43e700]

mainApp:211110 terminated with signal 11 at PC=43e733 SP=7fffcc786850.  Backtrace:
/tmp/intel_2023.1.0-oneAPI_mpi_O_develop/nuopc-app-prototypes/NamespaceProto/./mainApp[0x43e733]
/tmp/intel_2023.1.0-oneAPI_mpi_O_develop/nuopc-app-prototypes/NamespaceProto/./mainApp[0x43f700]
/tmp/intel_2023.1.0-oneAPI_mpi_O_develop/nuopc-app-prototypes/NamespaceProto/./mainApp[0x43e8a5]
/tmp/intel_2023.1.0-oneAPI_mpi_O_develop/nuopc-app-prototypes/NamespaceProto/./mainApp[0x43f700]
/tmp/intel_2023.1.0-oneAPI_mpi_O_develop/nuopc-app-prototypes/NamespaceProto/./mainApp[0x43e8a5]
/tmp/intel_2023.1.0-oneAPI_mpi_O_develop/nuopc-app-prototypes/NamespaceProto/./mainApp[0x43e733]
/tmp/intel_2023.1.0-oneAPI_mpi_O_develop/nuopc-app-prototypes/NamespaceProto/./mainApp[0x43f700]
/tmp/intel_2023.1.0-oneAPI_mpi_O_develop/nuopc-app-prototypes/NamespaceProto/./mainApp[0x43e8a5]
/tmp/intel_2023.1.0-oneAPI_mpi_O_develop/esmf/DEFAULTINSTALLDIR/lib/libO/Unicos.intel.64.mpi.default/libesmf.so(f_esmf_compcollectgarbage2_+0x2f1)[0x7fcc8ec50161]
/tmp/intel_2023.1.0-oneAPI_mpi_O_develop/esmf/DEFAULTINSTALLDIR/lib/libO/Unicos.intel.64.mpi.default/libesmf.so(f_esmf_compcollectgarbage2_+0x2f1)[0x7fce7c98e161]
/tmp/intel_2023.1.0-oneAPI_mpi_O_develop/esmf/DEFAULTINSTALLDIR/lib/libO/Unicos.intel.64.mpi.default/libesmf.so(f_esmf_compcollectgarbage2_+0x2f1)[0x7f56c4fd5161]
/tmp/intel_2023.1.0-oneAPI_mpi_O_develop/esmf/DEFAULTINSTALLDIR/lib/libO/Unicos.intel.64.mpi.default/libesmf.so(_ZN5ESMCI2VM8finalizeEP12ESMC_LogicalPi+0x34f)[0x7fcc8eaa8e5f]
/tmp/intel_2023.1.0-oneAPI_mpi_O_develop/esmf/DEFAULTINSTALLDIR/lib/libO/Unicos.intel.64.mpi.default/libesmf.so(_ZN5ESMCI2VM8finalizeEP12ESMC_LogicalPi+0x34f)[0x7fce7c7e6e5f]
/tmp/intel_2023.1.0-oneAPI_mpi_O_develop/esmf/DEFAULTINSTALLDIR/lib/libO/Unicos.intel.64.mpi.default/libesmf.so(_ZN5ESMCI2VM8finalizeEP12ESMC_LogicalPi+0x34f)[0x7f56c4e2de5f]
/tmp/intel_2023.1.0-oneAPI_mpi_O_develop/esmf/DEFAULTINSTALLDIR/lib/libO/Unicos.intel.64.mpi.default/libesmf.so(c_esmc_vmfinalize_+0x25)[0x7fcc8ea86ad5]
/tmp/intel_2023.1.0-oneAPI_mpi_O_develop/esmf/DEFAULTINSTALLDIR/lib/libO/Unicos.intel.64.mpi.default/libesmf.so(c_esmc_vmfinalize_+0x25)[0x7fce7c7c4ad5]
/tmp/intel_2023.1.0-oneAPI_mpi_O_develop/esmf/DEFAULTINSTALLDIR/lib/libO/Unicos.intel.64.mpi.default/libesmf.so(c_esmc_vmfinalize_+0x25)[0x7f56c4e0bad5]
/tmp/intel_2023.1.0-oneAPI_mpi_O_develop/esmf/DEFAULTINSTALLDIR/lib/libO/Unicos.intel.64.mpi.default/libesmf.so(esmf_vmmod_mp_esmf_vmfinalize_+0x1c)[0x7fcc8f1a684c]
/tmp/intel_2023.1.0-oneAPI_mpi_O_develop/esmf/DEFAULTINSTALLDIR/lib/libO/Unicos.intel.64.mpi.default/libesmf.so(esmf_vmmod_mp_esmf_vmfinalize_+0x1c)[0x7fce7cee484c]
/tmp/intel_2023.1.0-oneAPI_mpi_O_develop/esmf/DEFAULTINSTALLDIR/lib/libO/Unicos.intel.64.mpi.default/libesmf.so(esmf_vmmod_mp_esmf_vmfinalize_+0x1c)[0x7f56c552b84c]
/tmp/intel_2023.1.0-oneAPI_mpi_O_develop/esmf/DEFAULTINSTALLDIR/lib/libO/Unicos.intel.64.mpi.default/libesmf.so(esmf_initmod_mp_esmf_finalize_+0x66b)[0x7fcc8efaea9b]
/tmp/intel_2023.1.0-oneAPI_mpi_O_develop/nuopc-app-prototypes/NamespaceProto/./mainApp[0x41679b]
/tmp/intel_2023.1.0-oneAPI_mpi_O_develop/nuopc-app-prototypes/NamespaceProto/./mainApp[0x41617d]
/lib64/libc.so.6(__libc_start_main+0xef)[0x7fcc89e3e24d]
/tmp/intel_2023.1.0-oneAPI_mpi_O_develop/nuopc-app-prototypes/NamespaceProto/./mainApp[0x4160aa]
/tmp/intel_2023.1.0-oneAPI_mpi_O_develop/esmf/DEFAULTINSTALLDIR/lib/libO/Unicos.intel.64.mpi.default/libesmf.so(esmf_initmod_mp_esmf_finalize_+0x66b)[0x7fce7cceca9b]
/tmp/intel_2023.1.0-oneAPI_mpi_O_develop/nuopc-app-prototypes/NamespaceProto/./mainApp[0x41679b]
/tmp/intel_2023.1.0-oneAPI_mpi_O_develop/nuopc-app-prototypes/NamespaceProto/./mainApp[0x41617d]
/lib64/libc.so.6(__libc_start_main+0xef)[0x7fce77c3e24d]
/tmp/intel_2023.1.0-oneAPI_mpi_O_develop/nuopc-app-prototypes/NamespaceProto/./mainApp[0x4160aa]
/tmp/intel_2023.1.0-oneAPI_mpi_O_develop/esmf/DEFAULTINSTALLDIR/lib/libO/Unicos.intel.64.mpi.default/libesmf.so(esmf_initmod_mp_esmf_finalize_+0x66b)[0x7f56c5333a9b]
/tmp/intel_2023.1.0-oneAPI_mpi_O_develop/nuopc-app-prototypes/NamespaceProto/./mainApp[0x41679b]
/tmp/intel_2023.1.0-oneAPI_mpi_O_develop/nuopc-app-prototypes/NamespaceProto/./mainApp[0x41617d]
/lib64/libc.so.6(__libc_start_main+0xef)[0x7f56c023e24d]
/tmp/intel_2023.1.0-oneAPI_mpi_O_develop/nuopc-app-prototypes/NamespaceProto/./mainApp[0x4160aa]
srun: error: c5n0732: tasks 1-3: Exited with exit code 1
srun: Terminating StepId=135143131.386
slurmstepd: error: *** STEP 135143131.386 ON c5n0732 CANCELLED AT 2024-09-05T04:29:06 ***
forrtl: error (78): process killed (SIGTERM)
Image              PC                Routine            Line        Source             
libpthread-2.31.s  00007FC52C818910  Unknown               Unknown  Unknown
libc-2.31.so       00007FC528F05B57  __sched_yield         Unknown  Unknown
libmpi_intel.so.1  00007FC52AB01ADE  Unknown               Unknown  Unknown
libmpi_intel.so.1  00007FC52B89DA16  Unknown               Unknown  Unknown
libmpi_intel.so.1  00007FC52B8B0169  Unknown               Unknown  Unknown
libmpi_intel.so.1  00007FC52B7B858C  Unknown               Unknown  Unknown
libmpi_intel.so.1  00007FC529DA3D11  Unknown               Unknown  Unknown
libmpi_intel.so.1  00007FC529DA3EF5  Unknown               Unknown  Unknown
libmpi_intel.so.1  00007FC52BA9D5F0  Unknown               Unknown  Unknown
libmpi_intel.so.1  00007FC52B8DD0FC  Unknown               Unknown  Unknown
libmpi_intel.so.1  00007FC52B8DB00C  Unknown               Unknown  Unknown
libmpi_intel.so.1  00007FC52A067C01  Unknown               Unknown  Unknown
libmpi_intel.so.1  00007FC52B8DF380  Unknown               Unknown  Unknown
libmpi_intel.so.1  00007FC52BA9E3D3  Unknown               Unknown  Unknown
libmpi_intel.so.1  00007FC529E91200  Unknown               Unknown  Unknown
libmpi_intel.so.1  00007FC529E9173F  PMPI_Barrier          Unknown  Unknown
libdarshan.so.0.0  00007FC52CA095A7  darshan_core_shut     Unknown  Unknown
libdarshan.so.0.0  00007FC52CA0823E  MPI_Finalize          Unknown  Unknown
libesmf.so         00007FC52D9CBE3F  _ZN5ESMCI3VMK8fin     Unknown  Unknown
libesmf.so         00007FC52D9E8F52  _ZN5ESMCI2VM8fina     Unknown  Unknown
libesmf.so         00007FC52D9C6AD5  c_esmc_vmfinalize     Unknown  Unknown
libesmf.so         00007FC52E0E684C  esmf_vmmod_mp_esm     Unknown  Unknown
libesmf.so         00007FC52DEEEA9B  esmf_initmod_mp_e     Unknown  Unknown
mainApp            000000000041679B  Unknown               Unknown  Unknown
mainApp            000000000041617D  Unknown               Unknown  Unknown
libc-2.31.so       00007FC528E3E24D  __libc_start_main     Unknown  Unknown
mainApp            00000000004160AA  Unknown               Unknown  Unknown
srun: error: c5n0732: task 0: Killed
srun: Force Terminated StepId=135143131.386
