2024-09-20 01:52:40
20240920 023144.813 INFO             PET0 !!!!!!!!!!!!!!!!!!!!!!!!!!!!!!!!!!!!!!!!!!!!!!!!!!!!!!
20240920 023144.813 INFO             PET0 !!! THE ESMF_LOG IS SET TO OUTPUT ALL LOG MESSAGES !!!
20240920 023144.813 INFO             PET0 !!!     THIS MAY CAUSE SLOWDOWN IN PERFORMANCE     !!!
20240920 023144.813 INFO             PET0 !!! FOR PRODUCTION RUNS, USE:                      !!!
20240920 023144.813 INFO             PET0 !!!                   ESMF_LOGKIND_Multi_On_Error  !!!
20240920 023144.813 INFO             PET0 !!!!!!!!!!!!!!!!!!!!!!!!!!!!!!!!!!!!!!!!!!!!!!!!!!!!!!
20240920 023144.813 INFO             PET0 Running with ESMF Version   : v8.7.0b14-1-g2597b0a993
20240920 023144.813 INFO             PET0 ESMF library build date/time: "Sep 20 2024" "01:50:10"
20240920 023144.813 INFO             PET0 ESMF library build location : /glade/derecho/scratch/sacks/esmf-testing/intel_2023.2.1_mpi_O_release_8.7.0/esmf
20240920 023144.813 INFO             PET0 ESMF_COMM                   : mpi
20240920 023144.821 INFO             PET0 ESMF_MOAB                   : enabled
20240920 023144.821 INFO             PET0 ESMF_LAPACK                 : enabled
20240920 023144.821 INFO             PET0 ESMF_NETCDF                 : enabled
20240920 023144.821 INFO             PET0 ESMF_PNETCDF                : disabled
20240920 023144.821 INFO             PET0 ESMF_PIO                    : enabled
20240920 023144.821 INFO             PET0 ESMF_YAMLCPP                : enabled
20240920 023145.005 INFO             PET0  NUMBER_OF_PROCESSORS           4
20240920 023145.005 INFO             PET0  PASS  Example ESMF_CplEx, ESMF_CplEx.F90, line 457
20240920 023145.005 INFO             PET0  Finalizing ESMF
20240920 023144.805 INFO             PET1 !!!!!!!!!!!!!!!!!!!!!!!!!!!!!!!!!!!!!!!!!!!!!!!!!!!!!!
20240920 023144.805 INFO             PET1 !!! THE ESMF_LOG IS SET TO OUTPUT ALL LOG MESSAGES !!!
20240920 023144.805 INFO             PET1 !!!     THIS MAY CAUSE SLOWDOWN IN PERFORMANCE     !!!
20240920 023144.805 INFO             PET1 !!! FOR PRODUCTION RUNS, USE:                      !!!
20240920 023144.805 INFO             PET1 !!!                   ESMF_LOGKIND_Multi_On_Error  !!!
20240920 023144.805 INFO             PET1 !!!!!!!!!!!!!!!!!!!!!!!!!!!!!!!!!!!!!!!!!!!!!!!!!!!!!!
20240920 023144.805 INFO             PET1 Running with ESMF Version   : v8.7.0b14-1-g2597b0a993
20240920 023144.805 INFO             PET1 ESMF library build date/time: "Sep 20 2024" "01:50:10"
20240920 023144.805 INFO             PET1 ESMF library build location : /glade/derecho/scratch/sacks/esmf-testing/intel_2023.2.1_mpi_O_release_8.7.0/esmf
20240920 023144.805 INFO             PET1 ESMF_COMM                   : mpi
20240920 023144.813 INFO             PET1 ESMF_MOAB                   : enabled
20240920 023144.813 INFO             PET1 ESMF_LAPACK                 : enabled
20240920 023144.813 INFO             PET1 ESMF_NETCDF                 : enabled
20240920 023144.813 INFO             PET1 ESMF_PNETCDF                : disabled
20240920 023144.813 INFO             PET1 ESMF_PIO                    : enabled
20240920 023144.813 INFO             PET1 ESMF_YAMLCPP                : enabled
20240920 023145.005 INFO             PET1  NUMBER_OF_PROCESSORS           4
20240920 023145.005 INFO             PET1  PASS  Example ESMF_CplEx, ESMF_CplEx.F90, line 457
20240920 023145.005 INFO             PET1  Finalizing ESMF
20240920 023144.801 INFO             PET2 !!!!!!!!!!!!!!!!!!!!!!!!!!!!!!!!!!!!!!!!!!!!!!!!!!!!!!
20240920 023144.801 INFO             PET2 !!! THE ESMF_LOG IS SET TO OUTPUT ALL LOG MESSAGES !!!
20240920 023144.801 INFO             PET2 !!!     THIS MAY CAUSE SLOWDOWN IN PERFORMANCE     !!!
20240920 023144.801 INFO             PET2 !!! FOR PRODUCTION RUNS, USE:                      !!!
20240920 023144.801 INFO             PET2 !!!                   ESMF_LOGKIND_Multi_On_Error  !!!
20240920 023144.801 INFO             PET2 !!!!!!!!!!!!!!!!!!!!!!!!!!!!!!!!!!!!!!!!!!!!!!!!!!!!!!
20240920 023144.801 INFO             PET2 Running with ESMF Version   : v8.7.0b14-1-g2597b0a993
20240920 023144.801 INFO             PET2 ESMF library build date/time: "Sep 20 2024" "01:50:10"
20240920 023144.801 INFO             PET2 ESMF library build location : /glade/derecho/scratch/sacks/esmf-testing/intel_2023.2.1_mpi_O_release_8.7.0/esmf
20240920 023144.801 INFO             PET2 ESMF_COMM                   : mpi
20240920 023144.810 INFO             PET2 ESMF_MOAB                   : enabled
20240920 023144.810 INFO             PET2 ESMF_LAPACK                 : enabled
20240920 023144.810 INFO             PET2 ESMF_NETCDF                 : enabled
20240920 023144.810 INFO             PET2 ESMF_PNETCDF                : disabled
20240920 023144.810 INFO             PET2 ESMF_PIO                    : enabled
20240920 023144.810 INFO             PET2 ESMF_YAMLCPP                : enabled
20240920 023145.005 INFO             PET2  NUMBER_OF_PROCESSORS           4
20240920 023145.005 INFO             PET2  PASS  Example ESMF_CplEx, ESMF_CplEx.F90, line 457
20240920 023145.005 INFO             PET2  Finalizing ESMF
20240920 023145.000 INFO             PET3 !!!!!!!!!!!!!!!!!!!!!!!!!!!!!!!!!!!!!!!!!!!!!!!!!!!!!!
20240920 023145.001 INFO             PET3 !!! THE ESMF_LOG IS SET TO OUTPUT ALL LOG MESSAGES !!!
20240920 023145.001 INFO             PET3 !!!     THIS MAY CAUSE SLOWDOWN IN PERFORMANCE     !!!
20240920 023145.001 INFO             PET3 !!! FOR PRODUCTION RUNS, USE:                      !!!
20240920 023145.001 INFO             PET3 !!!                   ESMF_LOGKIND_Multi_On_Error  !!!
20240920 023145.001 INFO             PET3 !!!!!!!!!!!!!!!!!!!!!!!!!!!!!!!!!!!!!!!!!!!!!!!!!!!!!!
20240920 023145.001 INFO             PET3 Running with ESMF Version   : v8.7.0b14-1-g2597b0a993
20240920 023145.001 INFO             PET3 ESMF library build date/time: "Sep 20 2024" "01:50:10"
20240920 023145.001 INFO             PET3 ESMF library build location : /glade/derecho/scratch/sacks/esmf-testing/intel_2023.2.1_mpi_O_release_8.7.0/esmf
20240920 023145.001 INFO             PET3 ESMF_COMM                   : mpi
20240920 023145.002 INFO             PET3 ESMF_MOAB                   : enabled
20240920 023145.002 INFO             PET3 ESMF_LAPACK                 : enabled
20240920 023145.002 INFO             PET3 ESMF_NETCDF                 : enabled
20240920 023145.002 INFO             PET3 ESMF_PNETCDF                : disabled
20240920 023145.002 INFO             PET3 ESMF_PIO                    : enabled
20240920 023145.002 INFO             PET3 ESMF_YAMLCPP                : enabled
20240920 023145.005 INFO             PET3  NUMBER_OF_PROCESSORS           4
20240920 023145.005 INFO             PET3  PASS  Example ESMF_CplEx, ESMF_CplEx.F90, line 457
20240920 023145.005 INFO             PET3  Finalizing ESMF
