2024-09-24 02:22:02
20240924 031955.450 INFO             PET0 !!!!!!!!!!!!!!!!!!!!!!!!!!!!!!!!!!!!!!!!!!!!!!!!!!!!!!
20240924 031955.450 INFO             PET0 !!! THE ESMF_LOG IS SET TO OUTPUT ALL LOG MESSAGES !!!
20240924 031955.450 INFO             PET0 !!!     THIS MAY CAUSE SLOWDOWN IN PERFORMANCE     !!!
20240924 031955.450 INFO             PET0 !!! FOR PRODUCTION RUNS, USE:                      !!!
20240924 031955.450 INFO             PET0 !!!                   ESMF_LOGKIND_Multi_On_Error  !!!
20240924 031955.450 INFO             PET0 !!!!!!!!!!!!!!!!!!!!!!!!!!!!!!!!!!!!!!!!!!!!!!!!!!!!!!
20240924 031955.450 INFO             PET0 Running with ESMF Version   : v8.7.0b14-1-g2597b0a993
20240924 031955.450 INFO             PET0 ESMF library build date/time: "Sep 24 2024" "02:18:24"
20240924 031955.450 INFO             PET0 ESMF library build location : /glade/derecho/scratch/sacks/esmf-testing/intel_2023.2.1_mpi_O_release_8.7.0/esmf
20240924 031955.450 INFO             PET0 ESMF_COMM                   : mpi
20240924 031955.450 INFO             PET0 ESMF_MOAB                   : enabled
20240924 031955.450 INFO             PET0 ESMF_LAPACK                 : enabled
20240924 031955.450 INFO             PET0 ESMF_NETCDF                 : enabled
20240924 031955.450 INFO             PET0 ESMF_PNETCDF                : disabled
20240924 031955.450 INFO             PET0 ESMF_PIO                    : enabled
20240924 031955.450 INFO             PET0 ESMF_YAMLCPP                : enabled
20240924 031955.450 INFO             PET0 ESMF Tracing Enabled
20240924 031955.450 INFO             PET0 ESMF Profiling Enabled
20240924 031955.450 INFO             PET0 ESMF Trace/Profile clock: REALTIME
20240924 031955.490 INFO             PET0  NUMBER_OF_PROCESSORS           4
20240924 031955.490 INFO             PET0  PASS  Example ESMF_TraceEx, ESMF_TraceEx.F90, line 178
20240924 031955.490 INFO             PET0  Finalizing ESMF
20240924 031955.490 INFO             PET0 **************** Region Timings *******************
20240924 031955.490 INFO             PET0 Region              Count  Total (s)   Self (s)    Mean (s)    Min (s)     Max (s)
20240924 031955.490 INFO             PET0   [ESMF]            1      0.0009      0.0008      0.0009      0.0009      0.0009
20240924 031955.490 INFO             PET0     [test] Init 1   1      0.0000      0.0000      0.0000      0.0000      0.0000
20240924 031955.490 INFO             PET0     [test] Run 1    5      0.0000      0.0000      0.0000      0.0000      0.0000
20240924 031955.490 INFO             PET0     [test] Final 1  1      0.0000      0.0000      0.0000      0.0000      0.0000
20240924 031955.453 INFO             PET1 !!!!!!!!!!!!!!!!!!!!!!!!!!!!!!!!!!!!!!!!!!!!!!!!!!!!!!
20240924 031955.453 INFO             PET1 !!! THE ESMF_LOG IS SET TO OUTPUT ALL LOG MESSAGES !!!
20240924 031955.453 INFO             PET1 !!!     THIS MAY CAUSE SLOWDOWN IN PERFORMANCE     !!!
20240924 031955.453 INFO             PET1 !!! FOR PRODUCTION RUNS, USE:                      !!!
20240924 031955.453 INFO             PET1 !!!                   ESMF_LOGKIND_Multi_On_Error  !!!
20240924 031955.453 INFO             PET1 !!!!!!!!!!!!!!!!!!!!!!!!!!!!!!!!!!!!!!!!!!!!!!!!!!!!!!
20240924 031955.453 INFO             PET1 Running with ESMF Version   : v8.7.0b14-1-g2597b0a993
20240924 031955.453 INFO             PET1 ESMF library build date/time: "Sep 24 2024" "02:18:24"
20240924 031955.453 INFO             PET1 ESMF library build location : /glade/derecho/scratch/sacks/esmf-testing/intel_2023.2.1_mpi_O_release_8.7.0/esmf
20240924 031955.453 INFO             PET1 ESMF_COMM                   : mpi
20240924 031955.459 INFO             PET1 ESMF_MOAB                   : enabled
20240924 031955.459 INFO             PET1 ESMF_LAPACK                 : enabled
20240924 031955.459 INFO             PET1 ESMF_NETCDF                 : enabled
20240924 031955.459 INFO             PET1 ESMF_PNETCDF                : disabled
20240924 031955.459 INFO             PET1 ESMF_PIO                    : enabled
20240924 031955.459 INFO             PET1 ESMF_YAMLCPP                : enabled
20240924 031955.459 INFO             PET1 ESMF Tracing Enabled
20240924 031955.459 INFO             PET1 ESMF Profiling Enabled
20240924 031955.459 INFO             PET1 ESMF Trace/Profile clock: REALTIME
20240924 031955.490 INFO             PET1  NUMBER_OF_PROCESSORS           4
20240924 031955.490 INFO             PET1  PASS  Example ESMF_TraceEx, ESMF_TraceEx.F90, line 178
20240924 031955.490 INFO             PET1  Finalizing ESMF
20240924 031955.490 INFO             PET1 **************** Region Timings *******************
20240924 031955.490 INFO             PET1 Region              Count  Total (s)   Self (s)    Mean (s)    Min (s)     Max (s)
20240924 031955.490 INFO             PET1   [ESMF]            1      0.0248      0.0247      0.0248      0.0248      0.0248
20240924 031955.490 INFO             PET1     [test] Init 1   1      0.0001      0.0001      0.0001      0.0001      0.0001
20240924 031955.490 INFO             PET1     [test] Run 1    5      0.0000      0.0000      0.0000      0.0000      0.0000
20240924 031955.490 INFO             PET1     [test] Final 1  1      0.0000      0.0000      0.0000      0.0000      0.0000
20240924 031955.449 INFO             PET2 !!!!!!!!!!!!!!!!!!!!!!!!!!!!!!!!!!!!!!!!!!!!!!!!!!!!!!
20240924 031955.449 INFO             PET2 !!! THE ESMF_LOG IS SET TO OUTPUT ALL LOG MESSAGES !!!
20240924 031955.449 INFO             PET2 !!!     THIS MAY CAUSE SLOWDOWN IN PERFORMANCE     !!!
20240924 031955.449 INFO             PET2 !!! FOR PRODUCTION RUNS, USE:                      !!!
20240924 031955.449 INFO             PET2 !!!                   ESMF_LOGKIND_Multi_On_Error  !!!
20240924 031955.449 INFO             PET2 !!!!!!!!!!!!!!!!!!!!!!!!!!!!!!!!!!!!!!!!!!!!!!!!!!!!!!
20240924 031955.449 INFO             PET2 Running with ESMF Version   : v8.7.0b14-1-g2597b0a993
20240924 031955.449 INFO             PET2 ESMF library build date/time: "Sep 24 2024" "02:18:24"
20240924 031955.449 INFO             PET2 ESMF library build location : /glade/derecho/scratch/sacks/esmf-testing/intel_2023.2.1_mpi_O_release_8.7.0/esmf
20240924 031955.449 INFO             PET2 ESMF_COMM                   : mpi
20240924 031955.450 INFO             PET2 ESMF_MOAB                   : enabled
20240924 031955.450 INFO             PET2 ESMF_LAPACK                 : enabled
20240924 031955.450 INFO             PET2 ESMF_NETCDF                 : enabled
20240924 031955.450 INFO             PET2 ESMF_PNETCDF                : disabled
20240924 031955.450 INFO             PET2 ESMF_PIO                    : enabled
20240924 031955.450 INFO             PET2 ESMF_YAMLCPP                : enabled
20240924 031955.450 INFO             PET2 ESMF Tracing Enabled
20240924 031955.450 INFO             PET2 ESMF Profiling Enabled
20240924 031955.450 INFO             PET2 ESMF Trace/Profile clock: REALTIME
20240924 031955.490 INFO             PET2  NUMBER_OF_PROCESSORS           4
20240924 031955.490 INFO             PET2  PASS  Example ESMF_TraceEx, ESMF_TraceEx.F90, line 178
20240924 031955.490 INFO             PET2  Finalizing ESMF
20240924 031955.490 INFO             PET2 **************** Region Timings *******************
20240924 031955.490 INFO             PET2 Region              Count  Total (s)   Self (s)    Mean (s)    Min (s)     Max (s)
20240924 031955.490 INFO             PET2   [ESMF]            1      0.0075      0.0074      0.0075      0.0075      0.0075
20240924 031955.490 INFO             PET2     [test] Init 1   1      0.0001      0.0001      0.0001      0.0001      0.0001
20240924 031955.490 INFO             PET2     [test] Run 1    5      0.0000      0.0000      0.0000      0.0000      0.0000
20240924 031955.490 INFO             PET2     [test] Final 1  1      0.0000      0.0000      0.0000      0.0000      0.0000
20240924 031955.447 INFO             PET3 !!!!!!!!!!!!!!!!!!!!!!!!!!!!!!!!!!!!!!!!!!!!!!!!!!!!!!
20240924 031955.447 INFO             PET3 !!! THE ESMF_LOG IS SET TO OUTPUT ALL LOG MESSAGES !!!
20240924 031955.447 INFO             PET3 !!!     THIS MAY CAUSE SLOWDOWN IN PERFORMANCE     !!!
20240924 031955.447 INFO             PET3 !!! FOR PRODUCTION RUNS, USE:                      !!!
20240924 031955.447 INFO             PET3 !!!                   ESMF_LOGKIND_Multi_On_Error  !!!
20240924 031955.447 INFO             PET3 !!!!!!!!!!!!!!!!!!!!!!!!!!!!!!!!!!!!!!!!!!!!!!!!!!!!!!
20240924 031955.447 INFO             PET3 Running with ESMF Version   : v8.7.0b14-1-g2597b0a993
20240924 031955.447 INFO             PET3 ESMF library build date/time: "Sep 24 2024" "02:18:24"
20240924 031955.447 INFO             PET3 ESMF library build location : /glade/derecho/scratch/sacks/esmf-testing/intel_2023.2.1_mpi_O_release_8.7.0/esmf
20240924 031955.447 INFO             PET3 ESMF_COMM                   : mpi
20240924 031955.456 INFO             PET3 ESMF_MOAB                   : enabled
20240924 031955.456 INFO             PET3 ESMF_LAPACK                 : enabled
20240924 031955.456 INFO             PET3 ESMF_NETCDF                 : enabled
20240924 031955.456 INFO             PET3 ESMF_PNETCDF                : disabled
20240924 031955.456 INFO             PET3 ESMF_PIO                    : enabled
20240924 031955.456 INFO             PET3 ESMF_YAMLCPP                : enabled
20240924 031955.456 INFO             PET3 ESMF Tracing Enabled
20240924 031955.456 INFO             PET3 ESMF Profiling Enabled
20240924 031955.456 INFO             PET3 ESMF Trace/Profile clock: REALTIME
20240924 031955.490 INFO             PET3  NUMBER_OF_PROCESSORS           4
20240924 031955.490 INFO             PET3  PASS  Example ESMF_TraceEx, ESMF_TraceEx.F90, line 178
20240924 031955.490 INFO             PET3  Finalizing ESMF
20240924 031955.490 INFO             PET3 **************** Region Timings *******************
20240924 031955.490 INFO             PET3 Region              Count  Total (s)   Self (s)    Mean (s)    Min (s)     Max (s)
20240924 031955.490 INFO             PET3   [ESMF]            1      0.0053      0.0052      0.0053      0.0053      0.0053
20240924 031955.490 INFO             PET3     [test] Init 1   1      0.0001      0.0001      0.0001      0.0001      0.0001
20240924 031955.490 INFO             PET3     [test] Run 1    5      0.0000      0.0000      0.0000      0.0000      0.0000
20240924 031955.490 INFO             PET3     [test] Final 1  1      0.0000      0.0000      0.0000      0.0000      0.0000
