2024-09-14 02:56:40
20240914 033408.208 INFO             PET0 !!!!!!!!!!!!!!!!!!!!!!!!!!!!!!!!!!!!!!!!!!!!!!!!!!!!!!
20240914 033408.208 INFO             PET0 !!! THE ESMF_LOG IS SET TO OUTPUT ALL LOG MESSAGES !!!
20240914 033408.208 INFO             PET0 !!!     THIS MAY CAUSE SLOWDOWN IN PERFORMANCE     !!!
20240914 033408.208 INFO             PET0 !!! FOR PRODUCTION RUNS, USE:                      !!!
20240914 033408.208 INFO             PET0 !!!                   ESMF_LOGKIND_Multi_On_Error  !!!
20240914 033408.208 INFO             PET0 !!!!!!!!!!!!!!!!!!!!!!!!!!!!!!!!!!!!!!!!!!!!!!!!!!!!!!
20240914 033408.208 INFO             PET0 Running with ESMF Version   : v8.7.0b14
20240914 033408.208 INFO             PET0 ESMF library build date/time: "Sep 14 2024" "02:53:52"
20240914 033408.208 INFO             PET0 ESMF library build location : /glade/derecho/scratch/sacks/esmf-testing/intel_2023.2.1-classic_mpiuni_g_develop/esmf
20240914 033408.208 INFO             PET0 ESMF_COMM                   : mpiuni
20240914 033408.209 INFO             PET0 ESMF_MOAB                   : enabled
20240914 033408.209 INFO             PET0 ESMF_LAPACK                 : enabled
20240914 033408.209 INFO             PET0 ESMF_NETCDF                 : enabled
20240914 033408.209 INFO             PET0 ESMF_PNETCDF                : disabled
20240914 033408.209 INFO             PET0 ESMF_PIO                    : enabled
20240914 033408.209 INFO             PET0 ESMF_YAMLCPP                : enabled
20240914 033408.267 INFO             PET0  NUMBER_OF_PROCESSORS           1
20240914 033408.268 INFO             PET0  PASS  Example ESMF_RHandleDynamicMaskingEx, ESMF_RHandleDynamicMaskingEx.F90, line 1116
20240914 033408.268 INFO             PET0  Finalizing ESMF
