2024-09-13 02:58:51
20240913 033636.998 INFO             PET0 !!!!!!!!!!!!!!!!!!!!!!!!!!!!!!!!!!!!!!!!!!!!!!!!!!!!!!
20240913 033636.998 INFO             PET0 !!! THE ESMF_LOG IS SET TO OUTPUT ALL LOG MESSAGES !!!
20240913 033636.998 INFO             PET0 !!!     THIS MAY CAUSE SLOWDOWN IN PERFORMANCE     !!!
20240913 033636.998 INFO             PET0 !!! FOR PRODUCTION RUNS, USE:                      !!!
20240913 033636.998 INFO             PET0 !!!                   ESMF_LOGKIND_Multi_On_Error  !!!
20240913 033636.998 INFO             PET0 !!!!!!!!!!!!!!!!!!!!!!!!!!!!!!!!!!!!!!!!!!!!!!!!!!!!!!
20240913 033636.999 INFO             PET0 Running with ESMF Version   : v8.7.0b14
20240913 033636.999 INFO             PET0 ESMF library build date/time: "Sep 13 2024" "02:56:05"
20240913 033636.999 INFO             PET0 ESMF library build location : /glade/derecho/scratch/sacks/esmf-testing/intel_2023.2.1-classic_mpiuni_g_develop/esmf
20240913 033636.999 INFO             PET0 ESMF_COMM                   : mpiuni
20240913 033637.003 INFO             PET0 ESMF_MOAB                   : enabled
20240913 033637.003 INFO             PET0 ESMF_LAPACK                 : enabled
20240913 033637.003 INFO             PET0 ESMF_NETCDF                 : enabled
20240913 033637.003 INFO             PET0 ESMF_PNETCDF                : disabled
20240913 033637.003 INFO             PET0 ESMF_PIO                    : enabled
20240913 033637.003 INFO             PET0 ESMF_YAMLCPP                : enabled
20240913 033637.005 INFO             PET0  NUMBER_OF_PROCESSORS           1
20240913 033637.005 INFO             PET0  PASS  Example ESMF_VMAllFullReduceEx, ESMF_VMAllFullReduceEx.F90, line 113
20240913 033637.005 INFO             PET0  Finalizing ESMF
