2024-08-15 02:52:41
20240815 032816.379 INFO             PET0 !!!!!!!!!!!!!!!!!!!!!!!!!!!!!!!!!!!!!!!!!!!!!!!!!!!!!!
20240815 032816.379 INFO             PET0 !!! THE ESMF_LOG IS SET TO OUTPUT ALL LOG MESSAGES !!!
20240815 032816.379 INFO             PET0 !!!     THIS MAY CAUSE SLOWDOWN IN PERFORMANCE     !!!
20240815 032816.379 INFO             PET0 !!! FOR PRODUCTION RUNS, USE:                      !!!
20240815 032816.379 INFO             PET0 !!!                   ESMF_LOGKIND_Multi_On_Error  !!!
20240815 032816.379 INFO             PET0 !!!!!!!!!!!!!!!!!!!!!!!!!!!!!!!!!!!!!!!!!!!!!!!!!!!!!!
20240815 032816.379 INFO             PET0 Running with ESMF Version   : v8.7.0b11
20240815 032816.379 INFO             PET0 ESMF library build date/time: "Aug 15 2024" "02:50:07"
20240815 032816.379 INFO             PET0 ESMF library build location : /glade/derecho/scratch/sacks/esmf-testing/intel_2023.2.1-classic_mpiuni_g_develop/esmf
20240815 032816.379 INFO             PET0 ESMF_COMM                   : mpiuni
20240815 032816.380 INFO             PET0 ESMF_MOAB                   : enabled
20240815 032816.380 INFO             PET0 ESMF_LAPACK                 : enabled
20240815 032816.380 INFO             PET0 ESMF_NETCDF                 : enabled
20240815 032816.380 INFO             PET0 ESMF_PNETCDF                : disabled
20240815 032816.380 INFO             PET0 ESMF_PIO                    : enabled
20240815 032816.380 INFO             PET0 ESMF_YAMLCPP                : enabled
20240815 032816.411 DEBUG            PET0 about to destroy Grid: 0x852070
20240815 032816.414 DEBUG            PET0 about to destroy Grid: 0x852f40
20240815 032816.426 INFO             PET0  NUMBER_OF_PROCESSORS           1
20240815 032816.426 INFO             PET0  PASS  Example ESMF_NUOPCAtmModelEx, ESMF_NUOPCAtmModelEx.F90, line 806
20240815 032816.426 INFO             PET0  Finalizing ESMF
