2024-09-22 04:03:39
20240922 044835.976 INFO             PET0 !!!!!!!!!!!!!!!!!!!!!!!!!!!!!!!!!!!!!!!!!!!!!!!!!!!!!!
20240922 044835.976 INFO             PET0 !!! THE ESMF_LOG IS SET TO OUTPUT ALL LOG MESSAGES !!!
20240922 044835.976 INFO             PET0 !!!     THIS MAY CAUSE SLOWDOWN IN PERFORMANCE     !!!
20240922 044835.976 INFO             PET0 !!! FOR PRODUCTION RUNS, USE:                      !!!
20240922 044835.976 INFO             PET0 !!!                   ESMF_LOGKIND_Multi_On_Error  !!!
20240922 044835.976 INFO             PET0 !!!!!!!!!!!!!!!!!!!!!!!!!!!!!!!!!!!!!!!!!!!!!!!!!!!!!!
20240922 044835.976 INFO             PET0 Running with ESMF Version   : v8.7.0b14-1-g2597b0a993
20240922 044835.976 INFO             PET0 ESMF library build date/time: "Sep 22 2024" "04:00:51"
20240922 044835.976 INFO             PET0 ESMF library build location : /glade/derecho/scratch/sacks/esmf-testing/cce_15.0.1_mpi_O_release_8.7.0/esmf
20240922 044835.976 INFO             PET0 ESMF_COMM                   : mpi
20240922 044835.976 INFO             PET0 ESMF_MOAB                   : enabled
20240922 044835.976 INFO             PET0 ESMF_LAPACK                 : enabled
20240922 044835.976 INFO             PET0 ESMF_NETCDF                 : enabled
20240922 044835.976 INFO             PET0 ESMF_PNETCDF                : disabled
20240922 044835.976 INFO             PET0 ESMF_PIO                    : enabled
20240922 044835.976 INFO             PET0 ESMF_YAMLCPP                : enabled
20240922 044835.992 INFO             PET0  NUMBER_OF_PROCESSORS 4
20240922 044835.992 INFO             PET0  PASS  Example ESMF_ConfigOverviewEx, ESMF_ConfigOverviewEx.F90, line 638
20240922 044835.992 INFO             PET0  Finalizing ESMF
20240922 044835.975 INFO             PET1 !!!!!!!!!!!!!!!!!!!!!!!!!!!!!!!!!!!!!!!!!!!!!!!!!!!!!!
20240922 044835.975 INFO             PET1 !!! THE ESMF_LOG IS SET TO OUTPUT ALL LOG MESSAGES !!!
20240922 044835.975 INFO             PET1 !!!     THIS MAY CAUSE SLOWDOWN IN PERFORMANCE     !!!
20240922 044835.975 INFO             PET1 !!! FOR PRODUCTION RUNS, USE:                      !!!
20240922 044835.975 INFO             PET1 !!!                   ESMF_LOGKIND_Multi_On_Error  !!!
20240922 044835.975 INFO             PET1 !!!!!!!!!!!!!!!!!!!!!!!!!!!!!!!!!!!!!!!!!!!!!!!!!!!!!!
20240922 044835.975 INFO             PET1 Running with ESMF Version   : v8.7.0b14-1-g2597b0a993
20240922 044835.975 INFO             PET1 ESMF library build date/time: "Sep 22 2024" "04:00:51"
20240922 044835.975 INFO             PET1 ESMF library build location : /glade/derecho/scratch/sacks/esmf-testing/cce_15.0.1_mpi_O_release_8.7.0/esmf
20240922 044835.975 INFO             PET1 ESMF_COMM                   : mpi
20240922 044835.976 INFO             PET1 ESMF_MOAB                   : enabled
20240922 044835.976 INFO             PET1 ESMF_LAPACK                 : enabled
20240922 044835.976 INFO             PET1 ESMF_NETCDF                 : enabled
20240922 044835.976 INFO             PET1 ESMF_PNETCDF                : disabled
20240922 044835.976 INFO             PET1 ESMF_PIO                    : enabled
20240922 044835.976 INFO             PET1 ESMF_YAMLCPP                : enabled
20240922 044835.992 INFO             PET1  NUMBER_OF_PROCESSORS 4
20240922 044835.992 INFO             PET1  PASS  Example ESMF_ConfigOverviewEx, ESMF_ConfigOverviewEx.F90, line 638
20240922 044835.992 INFO             PET1  Finalizing ESMF
20240922 044835.974 INFO             PET2 !!!!!!!!!!!!!!!!!!!!!!!!!!!!!!!!!!!!!!!!!!!!!!!!!!!!!!
20240922 044835.974 INFO             PET2 !!! THE ESMF_LOG IS SET TO OUTPUT ALL LOG MESSAGES !!!
20240922 044835.974 INFO             PET2 !!!     THIS MAY CAUSE SLOWDOWN IN PERFORMANCE     !!!
20240922 044835.974 INFO             PET2 !!! FOR PRODUCTION RUNS, USE:                      !!!
20240922 044835.974 INFO             PET2 !!!                   ESMF_LOGKIND_Multi_On_Error  !!!
20240922 044835.974 INFO             PET2 !!!!!!!!!!!!!!!!!!!!!!!!!!!!!!!!!!!!!!!!!!!!!!!!!!!!!!
20240922 044835.974 INFO             PET2 Running with ESMF Version   : v8.7.0b14-1-g2597b0a993
20240922 044835.974 INFO             PET2 ESMF library build date/time: "Sep 22 2024" "04:00:51"
20240922 044835.974 INFO             PET2 ESMF library build location : /glade/derecho/scratch/sacks/esmf-testing/cce_15.0.1_mpi_O_release_8.7.0/esmf
20240922 044835.974 INFO             PET2 ESMF_COMM                   : mpi
20240922 044835.975 INFO             PET2 ESMF_MOAB                   : enabled
20240922 044835.975 INFO             PET2 ESMF_LAPACK                 : enabled
20240922 044835.975 INFO             PET2 ESMF_NETCDF                 : enabled
20240922 044835.975 INFO             PET2 ESMF_PNETCDF                : disabled
20240922 044835.975 INFO             PET2 ESMF_PIO                    : enabled
20240922 044835.975 INFO             PET2 ESMF_YAMLCPP                : enabled
20240922 044835.992 INFO             PET2  NUMBER_OF_PROCESSORS 4
20240922 044835.992 INFO             PET2  PASS  Example ESMF_ConfigOverviewEx, ESMF_ConfigOverviewEx.F90, line 638
20240922 044835.992 INFO             PET2  Finalizing ESMF
20240922 044835.974 INFO             PET3 !!!!!!!!!!!!!!!!!!!!!!!!!!!!!!!!!!!!!!!!!!!!!!!!!!!!!!
20240922 044835.974 INFO             PET3 !!! THE ESMF_LOG IS SET TO OUTPUT ALL LOG MESSAGES !!!
20240922 044835.974 INFO             PET3 !!!     THIS MAY CAUSE SLOWDOWN IN PERFORMANCE     !!!
20240922 044835.974 INFO             PET3 !!! FOR PRODUCTION RUNS, USE:                      !!!
20240922 044835.974 INFO             PET3 !!!                   ESMF_LOGKIND_Multi_On_Error  !!!
20240922 044835.974 INFO             PET3 !!!!!!!!!!!!!!!!!!!!!!!!!!!!!!!!!!!!!!!!!!!!!!!!!!!!!!
20240922 044835.974 INFO             PET3 Running with ESMF Version   : v8.7.0b14-1-g2597b0a993
20240922 044835.974 INFO             PET3 ESMF library build date/time: "Sep 22 2024" "04:00:51"
20240922 044835.974 INFO             PET3 ESMF library build location : /glade/derecho/scratch/sacks/esmf-testing/cce_15.0.1_mpi_O_release_8.7.0/esmf
20240922 044835.974 INFO             PET3 ESMF_COMM                   : mpi
20240922 044835.975 INFO             PET3 ESMF_MOAB                   : enabled
20240922 044835.975 INFO             PET3 ESMF_LAPACK                 : enabled
20240922 044835.975 INFO             PET3 ESMF_NETCDF                 : enabled
20240922 044835.975 INFO             PET3 ESMF_PNETCDF                : disabled
20240922 044835.975 INFO             PET3 ESMF_PIO                    : enabled
20240922 044835.975 INFO             PET3 ESMF_YAMLCPP                : enabled
20240922 044835.992 INFO             PET3  NUMBER_OF_PROCESSORS 4
20240922 044835.992 INFO             PET3  PASS  Example ESMF_ConfigOverviewEx, ESMF_ConfigOverviewEx.F90, line 638
20240922 044835.992 INFO             PET3  Finalizing ESMF
