2024-10-02 05:41:30
20241002 065655.979 INFO             PET0 !!!!!!!!!!!!!!!!!!!!!!!!!!!!!!!!!!!!!!!!!!!!!!!!!!!!!!
20241002 065655.979 INFO             PET0 !!! THE ESMF_LOG IS SET TO OUTPUT ALL LOG MESSAGES !!!
20241002 065655.979 INFO             PET0 !!!     THIS MAY CAUSE SLOWDOWN IN PERFORMANCE     !!!
20241002 065655.979 INFO             PET0 !!! FOR PRODUCTION RUNS, USE:                      !!!
20241002 065655.979 INFO             PET0 !!!                   ESMF_LOGKIND_Multi_On_Error  !!!
20241002 065655.979 INFO             PET0 !!!!!!!!!!!!!!!!!!!!!!!!!!!!!!!!!!!!!!!!!!!!!!!!!!!!!!
20241002 065655.979 INFO             PET0 Running with ESMF Version   : v8.7.0b14-1-g2597b0a993
20241002 065655.979 INFO             PET0 ESMF library build date/time: "Oct  2 2024" "05:37:06"
20241002 065655.979 INFO             PET0 ESMF library build location : /glade/derecho/scratch/sacks/esmf-testing/cce_15.0.1_mpi_O_release_8.7.0/esmf
20241002 065655.979 INFO             PET0 ESMF_COMM                   : mpi
20241002 065655.980 INFO             PET0 ESMF_MOAB                   : enabled
20241002 065655.980 INFO             PET0 ESMF_LAPACK                 : enabled
20241002 065655.980 INFO             PET0 ESMF_NETCDF                 : enabled
20241002 065655.980 INFO             PET0 ESMF_PNETCDF                : disabled
20241002 065655.981 INFO             PET0 ESMF_PIO                    : enabled
20241002 065655.981 INFO             PET0 ESMF_YAMLCPP                : enabled
20241002 065655.981 INFO             PET0  NUMBER_OF_PROCESSORS 2
20241002 065655.981 INFO             PET0  PASS  Example ESMF_VMUserMpiCommEx, ESMF_VMUserMpiCommEx.F90, line 113
20241002 065655.981 INFO             PET0  Finalizing ESMF with endflag==ESMF_END_KEEPMPI
20241002 065655.978 INFO             PET1 !!!!!!!!!!!!!!!!!!!!!!!!!!!!!!!!!!!!!!!!!!!!!!!!!!!!!!
20241002 065655.978 INFO             PET1 !!! THE ESMF_LOG IS SET TO OUTPUT ALL LOG MESSAGES !!!
20241002 065655.978 INFO             PET1 !!!     THIS MAY CAUSE SLOWDOWN IN PERFORMANCE     !!!
20241002 065655.978 INFO             PET1 !!! FOR PRODUCTION RUNS, USE:                      !!!
20241002 065655.978 INFO             PET1 !!!                   ESMF_LOGKIND_Multi_On_Error  !!!
20241002 065655.978 INFO             PET1 !!!!!!!!!!!!!!!!!!!!!!!!!!!!!!!!!!!!!!!!!!!!!!!!!!!!!!
20241002 065655.978 INFO             PET1 Running with ESMF Version   : v8.7.0b14-1-g2597b0a993
20241002 065655.978 INFO             PET1 ESMF library build date/time: "Oct  2 2024" "05:37:06"
20241002 065655.978 INFO             PET1 ESMF library build location : /glade/derecho/scratch/sacks/esmf-testing/cce_15.0.1_mpi_O_release_8.7.0/esmf
20241002 065655.978 INFO             PET1 ESMF_COMM                   : mpi
20241002 065655.979 INFO             PET1 ESMF_MOAB                   : enabled
20241002 065655.979 INFO             PET1 ESMF_LAPACK                 : enabled
20241002 065655.979 INFO             PET1 ESMF_NETCDF                 : enabled
20241002 065655.979 INFO             PET1 ESMF_PNETCDF                : disabled
20241002 065655.979 INFO             PET1 ESMF_PIO                    : enabled
20241002 065655.979 INFO             PET1 ESMF_YAMLCPP                : enabled
20241002 065655.981 INFO             PET1  NUMBER_OF_PROCESSORS 2
20241002 065655.981 INFO             PET1  PASS  Example ESMF_VMUserMpiCommEx, ESMF_VMUserMpiCommEx.F90, line 113
20241002 065655.981 INFO             PET1  Finalizing ESMF with endflag==ESMF_END_KEEPMPI
