2024-10-07 07:51:25
20241007 090738.610 INFO             PET0 !!!!!!!!!!!!!!!!!!!!!!!!!!!!!!!!!!!!!!!!!!!!!!!!!!!!!!
20241007 090738.611 INFO             PET0 !!! THE ESMF_LOG IS SET TO OUTPUT ALL LOG MESSAGES !!!
20241007 090738.611 INFO             PET0 !!!     THIS MAY CAUSE SLOWDOWN IN PERFORMANCE     !!!
20241007 090738.611 INFO             PET0 !!! FOR PRODUCTION RUNS, USE:                      !!!
20241007 090738.611 INFO             PET0 !!!                   ESMF_LOGKIND_Multi_On_Error  !!!
20241007 090738.611 INFO             PET0 !!!!!!!!!!!!!!!!!!!!!!!!!!!!!!!!!!!!!!!!!!!!!!!!!!!!!!
20241007 090738.611 INFO             PET0 Running with ESMF Version   : v8.7.0
20241007 090738.611 INFO             PET0 ESMF library build date/time: "Oct  7 2024" "07:47:20"
20241007 090738.611 INFO             PET0 ESMF library build location : /scratch2/NCEPDEV/stmp1/Gerhard.Theurich/ESMF-Nightly-Testing/nvhpc_24.1_mpiuni_g_v8.7.0/esmf
20241007 090738.611 INFO             PET0 ESMF_COMM                   : mpiuni
20241007 090738.611 INFO             PET0 ESMF_MOAB                   : enabled
20241007 090738.611 INFO             PET0 ESMF_LAPACK                 : enabled
20241007 090738.611 INFO             PET0 ESMF_NETCDF                 : disabled
20241007 090738.611 INFO             PET0 ESMF_PNETCDF                : disabled
20241007 090738.611 INFO             PET0 ESMF_PIO                    : disabled
20241007 090738.611 INFO             PET0 ESMF_YAMLCPP                : enabled
20241007 090738.612 INFO             PET0 ESMF Tracing Enabled
20241007 090738.612 INFO             PET0 ESMF Profiling Enabled
20241007 090738.612 INFO             PET0 ESMF Trace/Profile clock: REALTIME
20241007 090738.615 INFO             PET0  NUMBER_OF_PROCESSORS            1
20241007 090738.615 INFO             PET0  PASS  Example ESMF_TraceEx, ESMF_TraceEx.F90, line 178
20241007 090738.616 INFO             PET0  Finalizing ESMF
20241007 090738.616 INFO             PET0 **************** Region Timings *******************
20241007 090738.616 INFO             PET0 Region              Count  Total (s)   Self (s)    Mean (s)    Min (s)     Max (s)
20241007 090738.616 INFO             PET0   [ESMF]            1      0.0022      0.0022      0.0022      0.0022      0.0022
20241007 090738.616 INFO             PET0     [test] Run 1    5      0.0000      0.0000      0.0000      0.0000      0.0000
20241007 090738.616 INFO             PET0     [test] Init 1   1      0.0000      0.0000      0.0000      0.0000      0.0000
20241007 090738.616 INFO             PET0     [test] Final 1  1      0.0000      0.0000      0.0000      0.0000      0.0000
