2024-10-08 07:43:44
20241008 084547.855 INFO             PET0 !!!!!!!!!!!!!!!!!!!!!!!!!!!!!!!!!!!!!!!!!!!!!!!!!!!!!!
20241008 084547.856 INFO             PET0 !!! THE ESMF_LOG IS SET TO OUTPUT ALL LOG MESSAGES !!!
20241008 084547.856 INFO             PET0 !!!     THIS MAY CAUSE SLOWDOWN IN PERFORMANCE     !!!
20241008 084547.856 INFO             PET0 !!! FOR PRODUCTION RUNS, USE:                      !!!
20241008 084547.856 INFO             PET0 !!!                   ESMF_LOGKIND_Multi_On_Error  !!!
20241008 084547.856 INFO             PET0 !!!!!!!!!!!!!!!!!!!!!!!!!!!!!!!!!!!!!!!!!!!!!!!!!!!!!!
20241008 084547.856 INFO             PET0 Running with ESMF Version   : v8.7.0
20241008 084547.856 INFO             PET0 ESMF library build date/time: "Oct  8 2024" "07:39:48"
20241008 084547.856 INFO             PET0 ESMF library build location : /scratch2/NCEPDEV/stmp1/Gerhard.Theurich/ESMF-Nightly-Testing/nvhpc_24.1_mpiuni_g_v8.7.0/esmf
20241008 084547.856 INFO             PET0 ESMF_COMM                   : mpiuni
20241008 084547.856 INFO             PET0 ESMF_MOAB                   : enabled
20241008 084547.856 INFO             PET0 ESMF_LAPACK                 : enabled
20241008 084547.857 INFO             PET0 ESMF_NETCDF                 : disabled
20241008 084547.857 INFO             PET0 ESMF_PNETCDF                : disabled
20241008 084547.857 INFO             PET0 ESMF_PIO                    : disabled
20241008 084547.857 INFO             PET0 ESMF_YAMLCPP                : enabled
20241008 084547.857 INFO             PET0  NUMBER_OF_PROCESSORS            1
20241008 084547.857 INFO             PET0  PASS  Example ESMF_VMGetMPICommunicatorEx, ESMF_VMGetMPICommunicatorEx.F90, line 94
20241008 084547.857 INFO             PET0  Finalizing ESMF
