2024-09-16 07:30:27
20240916 080330.648 INFO             PET0 !!!!!!!!!!!!!!!!!!!!!!!!!!!!!!!!!!!!!!!!!!!!!!!!!!!!!!
20240916 080330.648 INFO             PET0 !!! THE ESMF_LOG IS SET TO OUTPUT ALL LOG MESSAGES !!!
20240916 080330.648 INFO             PET0 !!!     THIS MAY CAUSE SLOWDOWN IN PERFORMANCE     !!!
20240916 080330.648 INFO             PET0 !!! FOR PRODUCTION RUNS, USE:                      !!!
20240916 080330.648 INFO             PET0 !!!                   ESMF_LOGKIND_Multi_On_Error  !!!
20240916 080330.648 INFO             PET0 !!!!!!!!!!!!!!!!!!!!!!!!!!!!!!!!!!!!!!!!!!!!!!!!!!!!!!
20240916 080330.648 INFO             PET0 Running with ESMF Version   : v8.7.0b14
20240916 080330.648 INFO             PET0 ESMF library build date/time: "Sep 16 2024" "07:27:42"
20240916 080330.648 INFO             PET0 ESMF library build location : /scratch2/NCEPDEV/stmp1/Gerhard.Theurich/ESMF-Nightly-Testing/intel_2023.2.0-oneAPI_mpiuni_g_develop/esmf
20240916 080330.648 INFO             PET0 ESMF_COMM                   : mpiuni
20240916 080330.649 INFO             PET0 ESMF_MOAB                   : enabled
20240916 080330.649 INFO             PET0 ESMF_LAPACK                 : enabled
20240916 080330.649 INFO             PET0 ESMF_NETCDF                 : enabled
20240916 080330.649 INFO             PET0 ESMF_PNETCDF                : disabled
20240916 080330.649 INFO             PET0 ESMF_PIO                    : enabled
20240916 080330.649 INFO             PET0 ESMF_YAMLCPP                : enabled
20240916 080330.650 INFO             PET0  NUMBER_OF_PROCESSORS           1
20240916 080330.650 INFO             PET0  PASS  Example ESMF_VMUserMpiCommMultiEx, ESMF_VMUserMpiCommMultiEx.F90, line 126
20240916 080330.650 INFO             PET0  Finalizing ESMF with endflag==ESMF_END_KEEPMPI
