2024-10-04 23:11:00
20241004 234510.518 INFO             PET0 !!!!!!!!!!!!!!!!!!!!!!!!!!!!!!!!!!!!!!!!!!!!!!!!!!!!!!
20241004 234510.518 INFO             PET0 !!! THE ESMF_LOG IS SET TO OUTPUT ALL LOG MESSAGES !!!
20241004 234510.518 INFO             PET0 !!!     THIS MAY CAUSE SLOWDOWN IN PERFORMANCE     !!!
20241004 234510.518 INFO             PET0 !!! FOR PRODUCTION RUNS, USE:                      !!!
20241004 234510.518 INFO             PET0 !!!                   ESMF_LOGKIND_Multi_On_Error  !!!
20241004 234510.518 INFO             PET0 !!!!!!!!!!!!!!!!!!!!!!!!!!!!!!!!!!!!!!!!!!!!!!!!!!!!!!
20241004 234510.518 INFO             PET0 Running with ESMF Version   : v8.7.0
20241004 234510.518 INFO             PET0 ESMF library build date/time: "Oct  4 2024" "23:08:32"
20241004 234510.518 INFO             PET0 ESMF library build location : /home/gerhard/ESMF-Nightly-Testing/aocc_4.1.0_mpiuni_g_v8.7.0/esmf
20241004 234510.518 INFO             PET0 ESMF_COMM                   : mpiuni
20241004 234510.518 INFO             PET0 ESMF_MOAB                   : enabled
20241004 234510.518 INFO             PET0 ESMF_LAPACK                 : enabled
20241004 234510.518 INFO             PET0 ESMF_NETCDF                 : disabled
20241004 234510.518 INFO             PET0 ESMF_PNETCDF                : disabled
20241004 234510.518 INFO             PET0 ESMF_PIO                    : disabled
20241004 234510.518 INFO             PET0 ESMF_YAMLCPP                : enabled
20241004 234510.519 INFO             PET0  NUMBER_OF_PROCESSORS            1
20241004 234510.519 INFO             PET0  PASS  Example ESMF_VMNonBlockingEx, ESMF_VMNonBlockingEx.F90, line 433
20241004 234510.519 INFO             PET0  Finalizing ESMF
