2024-08-22 01:13:55
20240822 013241.744 INFO             PET0 !!!!!!!!!!!!!!!!!!!!!!!!!!!!!!!!!!!!!!!!!!!!!!!!!!!!!!
20240822 013241.744 INFO             PET0 !!! THE ESMF_LOG IS SET TO OUTPUT ALL LOG MESSAGES !!!
20240822 013241.744 INFO             PET0 !!!     THIS MAY CAUSE SLOWDOWN IN PERFORMANCE     !!!
20240822 013241.744 INFO             PET0 !!! FOR PRODUCTION RUNS, USE:                      !!!
20240822 013241.744 INFO             PET0 !!!                   ESMF_LOGKIND_Multi_On_Error  !!!
20240822 013241.744 INFO             PET0 !!!!!!!!!!!!!!!!!!!!!!!!!!!!!!!!!!!!!!!!!!!!!!!!!!!!!!
20240822 013241.744 INFO             PET0 Running with ESMF Version   : v8.7.0b11-5-gfda68a9ac3
20240822 013241.744 INFO             PET0 ESMF library build date/time: "Aug 22 2024" "01:12:56"
20240822 013241.744 INFO             PET0 ESMF library build location : /discover/nobackup/projects/sbu/mpotts/esmf-test/gfortran_10.1.0_intelmpi_O_develop/esmf
20240822 013241.744 INFO             PET0 ESMF_COMM                   : intelmpi
20240822 013241.744 INFO             PET0 ESMF_MOAB                   : enabled
20240822 013241.744 INFO             PET0 ESMF_LAPACK                 : enabled
20240822 013241.744 INFO             PET0 ESMF_NETCDF                 : disabled
20240822 013241.744 INFO             PET0 ESMF_PNETCDF                : disabled
20240822 013241.744 INFO             PET0 ESMF_PIO                    : disabled
20240822 013241.744 INFO             PET0 ESMF_YAMLCPP                : enabled
20240822 013241.747 INFO             PET0  NUMBER_OF_PROCESSORS           1
20240822 013241.747 INFO             PET0  PASS  Example ESMF_AlarmEx, ESMF_AlarmEx.F90, line 244
20240822 013241.747 INFO             PET0  Finalizing ESMF
