2024-08-07 09:00:46
20240807 100357.958 INFO             PET0 !!!!!!!!!!!!!!!!!!!!!!!!!!!!!!!!!!!!!!!!!!!!!!!!!!!!!!
20240807 100357.958 INFO             PET0 !!! THE ESMF_LOG IS SET TO OUTPUT ALL LOG MESSAGES !!!
20240807 100357.958 INFO             PET0 !!!     THIS MAY CAUSE SLOWDOWN IN PERFORMANCE     !!!
20240807 100357.958 INFO             PET0 !!! FOR PRODUCTION RUNS, USE:                      !!!
20240807 100357.958 INFO             PET0 !!!                   ESMF_LOGKIND_Multi_On_Error  !!!
20240807 100357.958 INFO             PET0 !!!!!!!!!!!!!!!!!!!!!!!!!!!!!!!!!!!!!!!!!!!!!!!!!!!!!!
20240807 100357.958 INFO             PET0 Running with ESMF Version   : v8.7.0b11
20240807 100357.958 INFO             PET0 ESMF library build date/time: "Aug  7 2024" "08:59:44"
20240807 100357.958 INFO             PET0 ESMF library build location : /discover/nobackup/projects/sbu/mpotts/esmf-test/gfortran_10.1.0_intelmpi_O_develop/esmf
20240807 100357.958 INFO             PET0 ESMF_COMM                   : intelmpi
20240807 100357.958 INFO             PET0 ESMF_MOAB                   : enabled
20240807 100357.958 INFO             PET0 ESMF_LAPACK                 : enabled
20240807 100357.958 INFO             PET0 ESMF_NETCDF                 : disabled
20240807 100357.958 INFO             PET0 ESMF_PNETCDF                : disabled
20240807 100357.958 INFO             PET0 ESMF_PIO                    : disabled
20240807 100357.958 INFO             PET0 ESMF_YAMLCPP                : enabled
20240807 100357.959 INFO             PET0  NUMBER_OF_PROCESSORS           1
20240807 100357.959 INFO             PET0  PASS  Example ESMF_ClockEx, ESMF_ClockEx.F90, line 220
20240807 100357.959 INFO             PET0  Finalizing ESMF
