2024-10-02 05:10:54
20241002 053306.305 INFO             PET0 !!!!!!!!!!!!!!!!!!!!!!!!!!!!!!!!!!!!!!!!!!!!!!!!!!!!!!
20241002 053306.307 INFO             PET0 !!! THE ESMF_LOG IS SET TO OUTPUT ALL LOG MESSAGES !!!
20241002 053306.307 INFO             PET0 !!!     THIS MAY CAUSE SLOWDOWN IN PERFORMANCE     !!!
20241002 053306.307 INFO             PET0 !!! FOR PRODUCTION RUNS, USE:                      !!!
20241002 053306.307 INFO             PET0 !!!                   ESMF_LOGKIND_Multi_On_Error  !!!
20241002 053306.307 INFO             PET0 !!!!!!!!!!!!!!!!!!!!!!!!!!!!!!!!!!!!!!!!!!!!!!!!!!!!!!
20241002 053306.307 INFO             PET0 Running with ESMF Version   : v8.7.0b14-1-g2597b0a993
20241002 053306.307 INFO             PET0 ESMF library build date/time: "Oct  2 2024" "05:09:02"
20241002 053306.307 INFO             PET0 ESMF library build location : /project/esmf/sacks/esmf-testing/gfortran_11.2.0_mpiuni_O_release_8.7.0/esmf
20241002 053306.307 INFO             PET0 ESMF_COMM                   : mpiuni
20241002 053306.307 INFO             PET0 ESMF_MOAB                   : enabled
20241002 053306.307 INFO             PET0 ESMF_LAPACK                 : enabled
20241002 053306.307 INFO             PET0 ESMF_NETCDF                 : enabled
20241002 053306.307 INFO             PET0 ESMF_PNETCDF                : disabled
20241002 053306.307 INFO             PET0 ESMF_PIO                    : enabled
20241002 053306.307 INFO             PET0 ESMF_YAMLCPP                : enabled
20241002 053306.307 INFO             PET0  NUMBER_OF_PROCESSORS           1
20241002 053306.307 INFO             PET0  PASS  Example ESMF_VMAllFullReduceEx, ESMF_VMAllFullReduceEx.F90, line 113
20241002 053306.307 INFO             PET0  Finalizing ESMF
