2024-08-10 01:07:57
20240810 012800.553 INFO             PET0 !!!!!!!!!!!!!!!!!!!!!!!!!!!!!!!!!!!!!!!!!!!!!!!!!!!!!!
20240810 012800.553 INFO             PET0 !!! THE ESMF_LOG IS SET TO OUTPUT ALL LOG MESSAGES !!!
20240810 012800.553 INFO             PET0 !!!     THIS MAY CAUSE SLOWDOWN IN PERFORMANCE     !!!
20240810 012800.553 INFO             PET0 !!! FOR PRODUCTION RUNS, USE:                      !!!
20240810 012800.553 INFO             PET0 !!!                   ESMF_LOGKIND_Multi_On_Error  !!!
20240810 012800.554 INFO             PET0 !!!!!!!!!!!!!!!!!!!!!!!!!!!!!!!!!!!!!!!!!!!!!!!!!!!!!!
20240810 012800.554 INFO             PET0 Running with ESMF Version   : v8.7.0b11
20240810 012800.554 INFO             PET0 ESMF library build date/time: "Aug 10 2024" "01:06:53"
20240810 012800.554 INFO             PET0 ESMF library build location : /discover/nobackup/projects/sbu/mpotts/esmf-test/gfortran_8.3.0_intelmpi_g_develop/esmf
20240810 012800.554 INFO             PET0 ESMF_COMM                   : intelmpi
20240810 012800.554 INFO             PET0 ESMF_MOAB                   : enabled
20240810 012800.554 INFO             PET0 ESMF_LAPACK                 : enabled
20240810 012800.554 INFO             PET0 ESMF_NETCDF                 : disabled
20240810 012800.554 INFO             PET0 ESMF_PNETCDF                : disabled
20240810 012800.554 INFO             PET0 ESMF_PIO                    : disabled
20240810 012800.554 INFO             PET0 ESMF_YAMLCPP                : enabled
20240810 012800.554 INFO             PET0  NUMBER_OF_PROCESSORS           1
20240810 012800.554 INFO             PET0  PASS  Example ESMF_TimeIntervalEx, ESMF_TimeIntervalEx.F90, line 176
20240810 012800.554 INFO             PET0  Finalizing ESMF
