2024-10-07 01:27:53
slurmstepd: error: couldn't chdir to `/tmp/intel_2023.1.0-oneAPI_mpi_O_v8.7.0/nuopc-app-prototypes/CustomFieldDictionaryProto': No such file or directory: going to /tmp instead
forrtl: severe (174): SIGSEGV, segmentation fault occurred
Image              PC                Routine            Line        Source             
libpthread-2.31.s  0000149A04DF2910  Unknown               Unknown  Unknown
mainApp            000000000043EC92  Unknown               Unknown  Unknown
mainApp            000000000043FC90  Unknown               Unknown  Unknown
mainApp            000000000043EE35  Unknown               Unknown  Unknown
libesmf.so         0000149A09D6C0F1  f_esmf_compcollec     Unknown  Unknown
libesmf.so         0000149A09BC4DEF  _ZN5ESMCI2VM8fina     Unknown  Unknown
libesmf.so         0000149A09BA2A65  c_esmc_vmfinalize     Unknown  Unknown
libesmf.so         0000149A0A2C27BC  esmf_vmmod_mp_esm     Unknown  Unknown
libesmf.so         0000149A0A0CAA0B  esmf_initmod_mp_e     Unknown  Unknown
mainApp            000000000041735D  Unknown               Unknown  Unknown
mainApp            0000000000416AFD  Unknown               Unknown  Unknown
libc-2.31.so       0000149A04C1A24D  __libc_start_main     Unknown  Unknown
mainApp            0000000000416A2A  Unknown               Unknown  Unknown
forrtl: severe (174): SIGSEGV, segmentation fault occurred
Image              PC                Routine            Line        Source             
libpthread-2.31.s  00001469CA7F2910  Unknown               Unknown  Unknown
mainApp            000000000043EC90  Unknown               Unknown  Unknown
mainApp            000000000043FC90  Unknown               Unknown  Unknown
mainApp            000000000043EE35  Unknown               Unknown  Unknown
libesmf.so         00001469CF7BE0F1  f_esmf_compcollec     Unknown  Unknown
libesmf.so         00001469CF616DEF  _ZN5ESMCI2VM8fina     Unknown  Unknown
libesmf.so         00001469CF5F4A65  c_esmc_vmfinalize     Unknown  Unknown
libesmf.so         00001469CFD147BC  esmf_vmmod_mp_esm     Unknown  Unknown
libesmf.so         00001469CFB1CA0B  esmf_initmod_mp_e     Unknown  Unknown
mainApp            000000000041735D  Unknown               Unknown  Unknown
mainApp            0000000000416AFD  Unknown               Unknown  Unknown
libc-2.31.so       00001469CA61A24D  __libc_start_main     Unknown  Unknown
mainApp            0000000000416A2A  Unknown               Unknown  Unknown
forrtl: severe (174): SIGSEGV, segmentation fault occurred
Image              PC                Routine            Line        Source             
libpthread-2.31.s  000014D203FF2910  Unknown               Unknown  Unknown
mainApp            000000000043ECA7  Unknown               Unknown  Unknown
mainApp            000000000043FC90  Unknown               Unknown  Unknown
mainApp            000000000043EE35  Unknown               Unknown  Unknown
libesmf.so         000014D208FA90F1  f_esmf_compcollec     Unknown  Unknown
libesmf.so         000014D208E01DEF  _ZN5ESMCI2VM8fina     Unknown  Unknown
libesmf.so         000014D208DDFA65  c_esmc_vmfinalize     Unknown  Unknown
libesmf.so         000014D2094FF7BC  esmf_vmmod_mp_esm     Unknown  Unknown
libesmf.so         000014D209307A0B  esmf_initmod_mp_e     Unknown  Unknown
mainApp            000000000041735D  Unknown               Unknown  Unknown
mainApp            0000000000416AFD  Unknown               Unknown  Unknown
libc-2.31.so       000014D203E1A24D  __libc_start_main     Unknown  Unknown
mainApp            0000000000416A2A  Unknown               Unknown  Unknown
srun: error: nid005781: tasks 1-3: Exited with exit code 174
srun: Terminating StepId=31503269.379
slurmstepd: error: *** STEP 31503269.379 ON nid005781 CANCELLED AT 2024-10-07T09:35:52 ***
forrtl: error (78): process killed (SIGTERM)
Image              PC                Routine            Line        Source             
libpthread-2.31.s  00001504073F2910  Unknown               Unknown  Unknown
libc-2.31.so       00001504072E1AF7  __sched_yield         Unknown  Unknown
libmpi_intel.so.1  0000150409701ADE  Unknown               Unknown  Unknown
libmpi_intel.so.1  000015040A49DA16  Unknown               Unknown  Unknown
libmpi_intel.so.1  000015040A4B0169  Unknown               Unknown  Unknown
libmpi_intel.so.1  000015040A3BFC82  Unknown               Unknown  Unknown
libmpi_intel.so.1  0000150408A91011  Unknown               Unknown  Unknown
libmpi_intel.so.1  0000150408A91138  Unknown               Unknown  Unknown
libmpi_intel.so.1  000015040A69E4CB  Unknown               Unknown  Unknown
libmpi_intel.so.1  0000150408A91200  Unknown               Unknown  Unknown
libmpi_intel.so.1  000015040A6949D2  Unknown               Unknown  Unknown
libmpi_intel.so.1  000015040A4E0E15  Unknown               Unknown  Unknown
libmpi_intel.so.1  000015040A827EDF  Unknown               Unknown  Unknown
libmpi_intel.so.1  0000150408F335BC  MPI_Finalize          Unknown  Unknown
libesmf.so         000015040C108DCF  _ZN5ESMCI3VMK8fin     Unknown  Unknown
libesmf.so         000015040C125EE2  _ZN5ESMCI2VM8fina     Unknown  Unknown
libesmf.so         000015040C103A65  c_esmc_vmfinalize     Unknown  Unknown
libesmf.so         000015040C8237BC  esmf_vmmod_mp_esm     Unknown  Unknown
libesmf.so         000015040C62BA0B  esmf_initmod_mp_e     Unknown  Unknown
mainApp            000000000041735D  Unknown               Unknown  Unknown
mainApp            0000000000416AFD  Unknown               Unknown  Unknown
libc-2.31.so       000015040721A24D  __libc_start_main     Unknown  Unknown
mainApp            0000000000416A2A  Unknown               Unknown  Unknown
srun: error: nid005781: task 0: Exited with exit code 1
