2024-10-06 01:32:06
slurmstepd: error: couldn't chdir to `/tmp/intel_2023.1.0-oneAPI_mpi_O_v8.7.0/nuopc-app-prototypes/NestingTelescopeMultipleProto': No such file or directory: going to /tmp instead
 NUOPC_DriverPrint for PET:           0
   Model, Mediator, and Driver components, in the order
   that they were added to the Driver:
           1 :  advectDiff_Parent
           2 :  advectDiff_Gen1Nestling0
           3 :  advectDiff_Gen1Nestling1
           4 :  advectDiff_Gen2Nestling0
   Connector components, in the order
   that they were added to the Driver:
           1 :  advectDiff_Parent-TO-advectDiff_Gen1Nestling0
           2 :  advectDiff_Parent-TO-advectDiff_Gen1Nestling1
           3 :  advectDiff_Gen1Nestling0-TO-advectDiff_Gen2Nestling0
NUOPC_RunSequenceArrayPrint: element     1 out of      2
runSeq::
 runElementPrint:      1     2     1 F T
 runElementPrint:      1     3     1 F T
 runElementPrint:      1    -1     1 F T
 runElementPrint:     -2     0     0 F T
 runElementPrint:      3    -1     1 F T
 runElementPrint:     -1    -1     0 F F
::
NUOPC_RunSequenceArrayPrint: element     2 out of      2
runSeq::
 runElementPrint:      2     4     1 F T
 runElementPrint:      2    -1     1 F T
 runElementPrint:      4    -1     1 F T
 runElementPrint:     -2    -1     0 F F
::
 NUOPC_DriverPrint for PET:           1
   Model, Mediator, and Driver components, in the order
   that they were added to the Driver:
           1 :  advectDiff_Parent
           2 :  advectDiff_Gen1Nestling0
           3 :  advectDiff_Gen1Nestling1
           4 :  advectDiff_Gen2Nestling0
   Connector components, in the order
   that they were added to the Driver:
           1 :  advectDiff_Parent-TO-advectDiff_Gen1Nestling0
           2 :  advectDiff_Parent-TO-advectDiff_Gen1Nestling1
           3 :  advectDiff_Gen1Nestling0-TO-advectDiff_Gen2Nestling0
NUOPC_RunSequenceArrayPrint: element     1 out of      2
runSeq::
 runElementPrint:      1     2     1 F T
 runElementPrint:      1     3     1 F T
 runElementPrint:      1    -1     1 F T
 runElementPrint:     -2     0     0 F T
 runElementPrint:      3    -1     1 F T
 runElementPrint:     -1    -1     0 F F
::
NUOPC_RunSequenceArrayPrint: element     2 out of      2
runSeq::
 runElementPrint:      2     4     1 F T
 runElementPrint:      2    -1     1 F T
 runElementPrint:      4    -1     1 F T
 runElementPrint:     -2    -1     0 F F
::
 NUOPC_DriverPrint for PET:           2
   Model, Mediator, and Driver components, in the order
   that they were added to the Driver:
           1 :  advectDiff_Parent
           2 :  advectDiff_Gen1Nestling0
           3 :  advectDiff_Gen1Nestling1
           4 :  advectDiff_Gen2Nestling0
   Connector components, in the order
   that they were added to the Driver:
           1 :  advectDiff_Parent-TO-advectDiff_Gen1Nestling0
           2 :  advectDiff_Parent-TO-advectDiff_Gen1Nestling1
           3 :  advectDiff_Gen1Nestling0-TO-advectDiff_Gen2Nestling0
NUOPC_RunSequenceArrayPrint: element     1 out of      2
runSeq::
 runElementPrint:      1     2     1 F T
 runElementPrint:      1     3     1 F T
 runElementPrint:      1    -1     1 F T
 runElementPrint:     -2     0     0 F T
 runElementPrint:      3    -1     1 F T
 runElementPrint:     -1    -1     0 F F
::
NUOPC_RunSequenceArrayPrint: element     2 out of      2
runSeq::
 runElementPrint:      2     4     1 F T
 runElementPrint:      2    -1     1 F T
 runElementPrint:      4    -1     1 F T
 runElementPrint:     -2    -1     0 F F
::
 NUOPC_DriverPrint for PET:           3
   Model, Mediator, and Driver components, in the order
   that they were added to the Driver:
           1 :  advectDiff_Parent
           2 :  advectDiff_Gen1Nestling0
           3 :  advectDiff_Gen1Nestling1
           4 :  advectDiff_Gen2Nestling0
   Connector components, in the order
   that they were added to the Driver:
           1 :  advectDiff_Parent-TO-advectDiff_Gen1Nestling0
           2 :  advectDiff_Parent-TO-advectDiff_Gen1Nestling1
           3 :  advectDiff_Gen1Nestling0-TO-advectDiff_Gen2Nestling0
NUOPC_RunSequenceArrayPrint: element     1 out of      2
runSeq::
 runElementPrint:      1     2     1 F T
 runElementPrint:      1     3     1 F T
 runElementPrint:      1    -1     1 F T
 runElementPrint:     -2     0     0 F T
 runElementPrint:      3    -1     1 F T
 runElementPrint:     -1    -1     0 F F
::
NUOPC_RunSequenceArrayPrint: element     2 out of      2
runSeq::
 runElementPrint:      2     4     1 F T
 runElementPrint:      2    -1     1 F T
 runElementPrint:      4    -1     1 F T
 runElementPrint:     -2    -1     0 F F
::
forrtl: severe (174): SIGSEGV, segmentation fault occurred
Image              PC                Routine            Line        Source             
libpthread-2.31.s  000014D28ABF2910  Unknown               Unknown  Unknown
mainApp            0000000000445810  Unknown               Unknown  Unknown
mainApp            00000000004467B0  Unknown               Unknown  Unknown
mainApp            0000000000445955  Unknown               Unknown  Unknown
libesmf.so         000014D28FAC50F1  f_esmf_compcollec     Unknown  Unknown
libesmf.so         000014D28F91DDEF  _ZN5ESMCI2VM8fina     Unknown  Unknown
libesmf.so         000014D28F8FBA65  c_esmc_vmfinalize     Unknown  Unknown
libesmf.so         000014D29001B7BC  esmf_vmmod_mp_esm     Unknown  Unknown
libesmf.so         000014D28FE23A0B  esmf_initmod_mp_e     Unknown  Unknown
mainApp            0000000000417D93  Unknown               Unknown  Unknown
mainApp            00000000004176FD  Unknown               Unknown  Unknown
libc-2.31.so       000014D28AA1A24D  __libc_start_main     Unknown  Unknown
mainApp            000000000041762A  Unknown               Unknown  Unknown
forrtl: severe (174): SIGSEGV, segmentation fault occurred
Image              PC                Routine            Line        Source             
libpthread-2.31.s  000014567B3F2910  Unknown               Unknown  Unknown
mainApp            00000000004457B0  Unknown               Unknown  Unknown
mainApp            00000000004467B0  Unknown               Unknown  Unknown
mainApp            0000000000445955  Unknown               Unknown  Unknown
libesmf.so         00001456804360F1  f_esmf_compcollec     Unknown  Unknown
libesmf.so         000014568028EDEF  _ZN5ESMCI2VM8fina     Unknown  Unknown
libesmf.so         000014568026CA65  c_esmc_vmfinalize     Unknown  Unknown
libesmf.so         000014568098C7BC  esmf_vmmod_mp_esm     Unknown  Unknown
libesmf.so         0000145680794A0B  esmf_initmod_mp_e     Unknown  Unknown
mainApp            0000000000417D93  Unknown               Unknown  Unknown
mainApp            00000000004176FD  Unknown               Unknown  Unknown
libc-2.31.so       000014567B21A24D  __libc_start_main     Unknown  Unknown
mainApp            000000000041762A  Unknown               Unknown  Unknown
forrtl: severe (174): SIGSEGV, segmentation fault occurred
Image              PC                Routine            Line        Source             
libpthread-2.31.s  000014916F7F2910  Unknown               Unknown  Unknown
mainApp            00000000004457B0  Unknown               Unknown  Unknown
mainApp            00000000004467B0  Unknown               Unknown  Unknown
mainApp            0000000000445955  Unknown               Unknown  Unknown
libesmf.so         00001491748760F1  f_esmf_compcollec     Unknown  Unknown
libesmf.so         00001491746CEDEF  _ZN5ESMCI2VM8fina     Unknown  Unknown
libesmf.so         00001491746ACA65  c_esmc_vmfinalize     Unknown  Unknown
libesmf.so         0000149174DCC7BC  esmf_vmmod_mp_esm     Unknown  Unknown
libesmf.so         0000149174BD4A0B  esmf_initmod_mp_e     Unknown  Unknown
mainApp            0000000000417D93  Unknown               Unknown  Unknown
mainApp            00000000004176FD  Unknown               Unknown  Unknown
libc-2.31.so       000014916F61A24D  __libc_start_main     Unknown  Unknown
mainApp            000000000041762A  Unknown               Unknown  Unknown
srun: error: nid005685: tasks 1-3: Exited with exit code 174
srun: Terminating StepId=31458935.390
slurmstepd: error: *** STEP 31458935.390 ON nid005685 CANCELLED AT 2024-10-06T09:39:09 ***
forrtl: error (78): process killed (SIGTERM)
Image              PC                Routine            Line        Source             
libpthread-2.31.s  000014E5CFBF2910  Unknown               Unknown  Unknown
libc-2.31.so       000014E5CFAE1AF7  __sched_yield         Unknown  Unknown
libmpi_intel.so.1  000014E5D1F01ADE  Unknown               Unknown  Unknown
libmpi_intel.so.1  000014E5D2C9DA16  Unknown               Unknown  Unknown
libmpi_intel.so.1  000014E5D2CB0169  Unknown               Unknown  Unknown
libmpi_intel.so.1  000014E5D2BBFC82  Unknown               Unknown  Unknown
libmpi_intel.so.1  000014E5D1291011  Unknown               Unknown  Unknown
libmpi_intel.so.1  000014E5D1291138  Unknown               Unknown  Unknown
libmpi_intel.so.1  000014E5D2E9E4CB  Unknown               Unknown  Unknown
libmpi_intel.so.1  000014E5D1291200  Unknown               Unknown  Unknown
libmpi_intel.so.1  000014E5D2E949D2  Unknown               Unknown  Unknown
libmpi_intel.so.1  000014E5D2CE0E15  Unknown               Unknown  Unknown
libmpi_intel.so.1  000014E5D3027EDF  Unknown               Unknown  Unknown
libmpi_intel.so.1  000014E5D17335BC  MPI_Finalize          Unknown  Unknown
libesmf.so         000014E5D494ADCF  _ZN5ESMCI3VMK8fin     Unknown  Unknown
libesmf.so         000014E5D4967EE2  _ZN5ESMCI2VM8fina     Unknown  Unknown
libesmf.so         000014E5D4945A65  c_esmc_vmfinalize     Unknown  Unknown
libesmf.so         000014E5D50657BC  esmf_vmmod_mp_esm     Unknown  Unknown
libesmf.so         000014E5D4E6DA0B  esmf_initmod_mp_e     Unknown  Unknown
mainApp            0000000000417D93  Unknown               Unknown  Unknown
mainApp            00000000004176FD  Unknown               Unknown  Unknown
libc-2.31.so       000014E5CFA1A24D  __libc_start_main     Unknown  Unknown
mainApp            000000000041762A  Unknown               Unknown  Unknown
srun: error: nid005685: task 0: Exited with exit code 1
