2024-10-06 01:32:06
slurmstepd: error: couldn't chdir to `/tmp/intel_2023.1.0-oneAPI_mpi_O_v8.7.0/nuopc-app-prototypes/NestingSingleProto': No such file or directory: going to /tmp instead
forrtl: severe (174): SIGSEGV, segmentation fault occurred
Image              PC                Routine            Line        Source             
libpthread-2.31.s  0000151DBF5F2910  Unknown               Unknown  Unknown
mainApp            0000000000442852  Unknown               Unknown  Unknown
mainApp            0000000000443850  Unknown               Unknown  Unknown
mainApp            00000000004429F5  Unknown               Unknown  Unknown
libesmf.so         0000151DC46A90F1  f_esmf_compcollec     Unknown  Unknown
libesmf.so         0000151DC4501DEF  _ZN5ESMCI2VM8fina     Unknown  Unknown
libesmf.so         0000151DC44DFA65  c_esmc_vmfinalize     Unknown  Unknown
libesmf.so         0000151DC4BFF7BC  esmf_vmmod_mp_esm     Unknown  Unknown
libesmf.so         0000151DC4A07A0B  esmf_initmod_mp_e     Unknown  Unknown
mainApp            0000000000417C53  Unknown               Unknown  Unknown
mainApp            00000000004175BD  Unknown               Unknown  Unknown
libc-2.31.so       0000151DBF41A24D  __libc_start_main     Unknown  Unknown
mainApp            00000000004174EA  Unknown               Unknown  Unknown
forrtl: severe (174): SIGSEGV, segmentation fault occurred
Image              PC                Routine            Line        Source             
libpthread-2.31.s  000014CDE31F2910  Unknown               Unknown  Unknown
mainApp            0000000000442867  Unknown               Unknown  Unknown
mainApp            0000000000443850  Unknown               Unknown  Unknown
mainApp            00000000004429F5  Unknown               Unknown  Unknown
libesmf.so         000014CDE81720F1  f_esmf_compcollec     Unknown  Unknown
libesmf.so         000014CDE7FCADEF  _ZN5ESMCI2VM8fina     Unknown  Unknown
libesmf.so         000014CDE7FA8A65  c_esmc_vmfinalize     Unknown  Unknown
libesmf.so         000014CDE86C87BC  esmf_vmmod_mp_esm     Unknown  Unknown
libesmf.so         000014CDE84D0A0B  esmf_initmod_mp_e     Unknown  Unknown
mainApp            0000000000417C53  Unknown               Unknown  Unknown
mainApp            00000000004175BD  Unknown               Unknown  Unknown
libc-2.31.so       000014CDE301A24D  __libc_start_main     Unknown  Unknown
mainApp            00000000004174EA  Unknown               Unknown  Unknown
forrtl: severe (174): SIGSEGV, segmentation fault occurred
Image              PC                Routine            Line        Source             
libpthread-2.31.s  000014E942BF2910  Unknown               Unknown  Unknown
mainApp            0000000000442850  Unknown               Unknown  Unknown
mainApp            0000000000443850  Unknown               Unknown  Unknown
mainApp            00000000004429F5  Unknown               Unknown  Unknown
libesmf.so         000014E947B190F1  f_esmf_compcollec     Unknown  Unknown
libesmf.so         000014E947971DEF  _ZN5ESMCI2VM8fina     Unknown  Unknown
libesmf.so         000014E94794FA65  c_esmc_vmfinalize     Unknown  Unknown
libesmf.so         000014E94806F7BC  esmf_vmmod_mp_esm     Unknown  Unknown
libesmf.so         000014E947E77A0B  esmf_initmod_mp_e     Unknown  Unknown
mainApp            0000000000417C53  Unknown               Unknown  Unknown
mainApp            00000000004175BD  Unknown               Unknown  Unknown
libc-2.31.so       000014E942A1A24D  __libc_start_main     Unknown  Unknown
mainApp            00000000004174EA  Unknown               Unknown  Unknown
srun: error: nid005685: tasks 1-3: Exited with exit code 174
srun: Terminating StepId=31458935.389
slurmstepd: error: *** STEP 31458935.389 ON nid005685 CANCELLED AT 2024-10-06T09:39:04 ***
forrtl: error (78): process killed (SIGTERM)
Image              PC                Routine            Line        Source             
libpthread-2.31.s  0000154057DF2910  Unknown               Unknown  Unknown
libc-2.31.so       0000154057CE1AF7  __sched_yield         Unknown  Unknown
libmpi_intel.so.1  000015405A101ADE  Unknown               Unknown  Unknown
libmpi_intel.so.1  000015405AE9DA16  Unknown               Unknown  Unknown
libmpi_intel.so.1  000015405AEB0169  Unknown               Unknown  Unknown
libmpi_intel.so.1  000015405ADBFC82  Unknown               Unknown  Unknown
libmpi_intel.so.1  0000154059491011  Unknown               Unknown  Unknown
libmpi_intel.so.1  0000154059491138  Unknown               Unknown  Unknown
libmpi_intel.so.1  000015405B09E4CB  Unknown               Unknown  Unknown
libmpi_intel.so.1  0000154059491200  Unknown               Unknown  Unknown
libmpi_intel.so.1  000015405B0949D2  Unknown               Unknown  Unknown
libmpi_intel.so.1  000015405AEE0E15  Unknown               Unknown  Unknown
libmpi_intel.so.1  000015405B227EDF  Unknown               Unknown  Unknown
libmpi_intel.so.1  00001540599335BC  MPI_Finalize          Unknown  Unknown
libesmf.so         000015405CB8DDCF  _ZN5ESMCI3VMK8fin     Unknown  Unknown
libesmf.so         000015405CBAAEE2  _ZN5ESMCI2VM8fina     Unknown  Unknown
libesmf.so         000015405CB88A65  c_esmc_vmfinalize     Unknown  Unknown
libesmf.so         000015405D2A87BC  esmf_vmmod_mp_esm     Unknown  Unknown
libesmf.so         000015405D0B0A0B  esmf_initmod_mp_e     Unknown  Unknown
mainApp            0000000000417C53  Unknown               Unknown  Unknown
mainApp            00000000004175BD  Unknown               Unknown  Unknown
libc-2.31.so       0000154057C1A24D  __libc_start_main     Unknown  Unknown
mainApp            00000000004174EA  Unknown               Unknown  Unknown
srun: error: nid005685: task 0: Exited with exit code 1
