2024-10-06 01:32:06
slurmstepd: error: couldn't chdir to `/tmp/intel_2023.1.0-oneAPI_mpi_O_v8.7.0/nuopc-app-prototypes/NestingMultipleProto': No such file or directory: going to /tmp instead
forrtl: severe (174): SIGSEGV, segmentation fault occurred
Image              PC                Routine            Line        Source             
libpthread-2.31.s  000014A8EE5F2910  Unknown               Unknown  Unknown
mainApp            0000000000443AC3  Unknown               Unknown  Unknown
mainApp            0000000000444A90  Unknown               Unknown  Unknown
mainApp            0000000000443C35  Unknown               Unknown  Unknown
libesmf.so         000014A8F361C0F1  f_esmf_compcollec     Unknown  Unknown
libesmf.so         000014A8F3474DEF  _ZN5ESMCI2VM8fina     Unknown  Unknown
libesmf.so         000014A8F3452A65  c_esmc_vmfinalize     Unknown  Unknown
libesmf.so         000014A8F3B727BC  esmf_vmmod_mp_esm     Unknown  Unknown
libesmf.so         000014A8F397AA0B  esmf_initmod_mp_e     Unknown  Unknown
mainApp            0000000000417C53  Unknown               Unknown  Unknown
mainApp            00000000004175BD  Unknown               Unknown  Unknown
libc-2.31.so       000014A8EE41A24D  __libc_start_main     Unknown  Unknown
mainApp            00000000004174EA  Unknown               Unknown  Unknown
forrtl: severe (174): SIGSEGV, segmentation fault occurred
Image              PC                Routine            Line        Source             
libpthread-2.31.s  00001545227F2910  Unknown               Unknown  Unknown
mainApp            0000000000443AB9  Unknown               Unknown  Unknown
mainApp            0000000000444A90  Unknown               Unknown  Unknown
mainApp            0000000000443C35  Unknown               Unknown  Unknown
libesmf.so         00001545278170F1  f_esmf_compcollec     Unknown  Unknown
libesmf.so         000015452766FDEF  _ZN5ESMCI2VM8fina     Unknown  Unknown
libesmf.so         000015452764DA65  c_esmc_vmfinalize     Unknown  Unknown
libesmf.so         0000154527D6D7BC  esmf_vmmod_mp_esm     Unknown  Unknown
libesmf.so         0000154527B75A0B  esmf_initmod_mp_e     Unknown  Unknown
mainApp            0000000000417C53  Unknown               Unknown  Unknown
mainApp            00000000004175BD  Unknown               Unknown  Unknown
libc-2.31.so       000015452261A24D  __libc_start_main     Unknown  Unknown
mainApp            00000000004174EA  Unknown               Unknown  Unknown
forrtl: severe (174): SIGSEGV, segmentation fault occurred
Image              PC                Routine            Line        Source             
libpthread-2.31.s  00001480C0BF2910  Unknown               Unknown  Unknown
mainApp            0000000000443AC3  Unknown               Unknown  Unknown
mainApp            0000000000444A90  Unknown               Unknown  Unknown
mainApp            0000000000443C35  Unknown               Unknown  Unknown
libesmf.so         00001480C5AE90F1  f_esmf_compcollec     Unknown  Unknown
libesmf.so         00001480C5941DEF  _ZN5ESMCI2VM8fina     Unknown  Unknown
libesmf.so         00001480C591FA65  c_esmc_vmfinalize     Unknown  Unknown
libesmf.so         00001480C603F7BC  esmf_vmmod_mp_esm     Unknown  Unknown
libesmf.so         00001480C5E47A0B  esmf_initmod_mp_e     Unknown  Unknown
mainApp            0000000000417C53  Unknown               Unknown  Unknown
mainApp            00000000004175BD  Unknown               Unknown  Unknown
libc-2.31.so       00001480C0A1A24D  __libc_start_main     Unknown  Unknown
mainApp            00000000004174EA  Unknown               Unknown  Unknown
srun: error: nid005685: tasks 1-3: Exited with exit code 174
srun: Terminating StepId=31458935.388
slurmstepd: error: *** STEP 31458935.388 ON nid005685 CANCELLED AT 2024-10-06T09:39:01 ***
forrtl: error (78): process killed (SIGTERM)
Image              PC                Routine            Line        Source             
libpthread-2.31.s  0000150A355F2910  Unknown               Unknown  Unknown
libc-2.31.so       0000150A354E1AF7  __sched_yield         Unknown  Unknown
libmpi_intel.so.1  0000150A37901ADE  Unknown               Unknown  Unknown
libmpi_intel.so.1  0000150A3869DA16  Unknown               Unknown  Unknown
libmpi_intel.so.1  0000150A386B0169  Unknown               Unknown  Unknown
libmpi_intel.so.1  0000150A385BFC82  Unknown               Unknown  Unknown
libmpi_intel.so.1  0000150A36C91011  Unknown               Unknown  Unknown
libmpi_intel.so.1  0000150A36C91138  Unknown               Unknown  Unknown
libmpi_intel.so.1  0000150A3889E4CB  Unknown               Unknown  Unknown
libmpi_intel.so.1  0000150A36C91200  Unknown               Unknown  Unknown
libmpi_intel.so.1  0000150A388949D2  Unknown               Unknown  Unknown
libmpi_intel.so.1  0000150A386E0E15  Unknown               Unknown  Unknown
libmpi_intel.so.1  0000150A38A27EDF  Unknown               Unknown  Unknown
libmpi_intel.so.1  0000150A371335BC  MPI_Finalize          Unknown  Unknown
libesmf.so         0000150A3A34DDCF  _ZN5ESMCI3VMK8fin     Unknown  Unknown
libesmf.so         0000150A3A36AEE2  _ZN5ESMCI2VM8fina     Unknown  Unknown
libesmf.so         0000150A3A348A65  c_esmc_vmfinalize     Unknown  Unknown
libesmf.so         0000150A3AA687BC  esmf_vmmod_mp_esm     Unknown  Unknown
libesmf.so         0000150A3A870A0B  esmf_initmod_mp_e     Unknown  Unknown
mainApp            0000000000417C53  Unknown               Unknown  Unknown
mainApp            00000000004175BD  Unknown               Unknown  Unknown
libc-2.31.so       0000150A3541A24D  __libc_start_main     Unknown  Unknown
mainApp            00000000004174EA  Unknown               Unknown  Unknown
srun: error: nid005685: task 0: Exited with exit code 1
