2024-10-07 07:54:37
20241007 085943.256 INFO             PET0 !!!!!!!!!!!!!!!!!!!!!!!!!!!!!!!!!!!!!!!!!!!!!!!!!!!!!!
20241007 085943.257 INFO             PET0 !!! THE ESMF_LOG IS SET TO OUTPUT ALL LOG MESSAGES !!!
20241007 085943.257 INFO             PET0 !!!     THIS MAY CAUSE SLOWDOWN IN PERFORMANCE     !!!
20241007 085943.257 INFO             PET0 !!! FOR PRODUCTION RUNS, USE:                      !!!
20241007 085943.257 INFO             PET0 !!!                   ESMF_LOGKIND_Multi_On_Error  !!!
20241007 085943.257 INFO             PET0 !!!!!!!!!!!!!!!!!!!!!!!!!!!!!!!!!!!!!!!!!!!!!!!!!!!!!!
20241007 085943.257 INFO             PET0 Running with ESMF Version   : v8.7.0
20241007 085943.257 INFO             PET0 ESMF library build date/time: "Oct  7 2024" "07:51:38"
20241007 085943.257 INFO             PET0 ESMF library build location : /scratch2/NCEPDEV/stmp1/Gerhard.Theurich/ESMF-Nightly-Testing/intel_2023.2.0-oneAPI_intelmpi_O_v8.7.0/esmf
20241007 085943.257 INFO             PET0 ESMF_COMM                   : intelmpi
20241007 085943.257 INFO             PET0 ESMF_MOAB                   : enabled
20241007 085943.257 INFO             PET0 ESMF_LAPACK                 : enabled
20241007 085943.257 INFO             PET0 ESMF_NETCDF                 : enabled
20241007 085943.257 INFO             PET0 ESMF_PNETCDF                : disabled
20241007 085943.257 INFO             PET0 ESMF_PIO                    : enabled
20241007 085943.257 INFO             PET0 ESMF_YAMLCPP                : enabled
20241007 085943.284 DEBUG            PET0 about to destroy Grid: 0x17488f0
20241007 085943.286 DEBUG            PET0 about to destroy Grid: 0x1749720
20241007 085943.294 INFO             PET0  NUMBER_OF_PROCESSORS           4
20241007 085943.294 INFO             PET0  PASS  Example ESMF_NUOPCAtmModelEx, ESMF_NUOPCAtmModelEx.F90, line 806
20241007 085943.294 INFO             PET0  Finalizing ESMF
20241007 085943.257 INFO             PET1 !!!!!!!!!!!!!!!!!!!!!!!!!!!!!!!!!!!!!!!!!!!!!!!!!!!!!!
20241007 085943.258 INFO             PET1 !!! THE ESMF_LOG IS SET TO OUTPUT ALL LOG MESSAGES !!!
20241007 085943.258 INFO             PET1 !!!     THIS MAY CAUSE SLOWDOWN IN PERFORMANCE     !!!
20241007 085943.258 INFO             PET1 !!! FOR PRODUCTION RUNS, USE:                      !!!
20241007 085943.258 INFO             PET1 !!!                   ESMF_LOGKIND_Multi_On_Error  !!!
20241007 085943.258 INFO             PET1 !!!!!!!!!!!!!!!!!!!!!!!!!!!!!!!!!!!!!!!!!!!!!!!!!!!!!!
20241007 085943.258 INFO             PET1 Running with ESMF Version   : v8.7.0
20241007 085943.258 INFO             PET1 ESMF library build date/time: "Oct  7 2024" "07:51:38"
20241007 085943.258 INFO             PET1 ESMF library build location : /scratch2/NCEPDEV/stmp1/Gerhard.Theurich/ESMF-Nightly-Testing/intel_2023.2.0-oneAPI_intelmpi_O_v8.7.0/esmf
20241007 085943.258 INFO             PET1 ESMF_COMM                   : intelmpi
20241007 085943.258 INFO             PET1 ESMF_MOAB                   : enabled
20241007 085943.258 INFO             PET1 ESMF_LAPACK                 : enabled
20241007 085943.258 INFO             PET1 ESMF_NETCDF                 : enabled
20241007 085943.258 INFO             PET1 ESMF_PNETCDF                : disabled
20241007 085943.258 INFO             PET1 ESMF_PIO                    : enabled
20241007 085943.258 INFO             PET1 ESMF_YAMLCPP                : enabled
20241007 085943.284 DEBUG            PET1 about to destroy Grid: 0x26c3570
20241007 085943.286 DEBUG            PET1 about to destroy Grid: 0x26c3e10
20241007 085943.294 INFO             PET1  NUMBER_OF_PROCESSORS           4
20241007 085943.294 INFO             PET1  PASS  Example ESMF_NUOPCAtmModelEx, ESMF_NUOPCAtmModelEx.F90, line 806
20241007 085943.294 INFO             PET1  Finalizing ESMF
20241007 085943.256 INFO             PET2 !!!!!!!!!!!!!!!!!!!!!!!!!!!!!!!!!!!!!!!!!!!!!!!!!!!!!!
20241007 085943.256 INFO             PET2 !!! THE ESMF_LOG IS SET TO OUTPUT ALL LOG MESSAGES !!!
20241007 085943.256 INFO             PET2 !!!     THIS MAY CAUSE SLOWDOWN IN PERFORMANCE     !!!
20241007 085943.256 INFO             PET2 !!! FOR PRODUCTION RUNS, USE:                      !!!
20241007 085943.256 INFO             PET2 !!!                   ESMF_LOGKIND_Multi_On_Error  !!!
20241007 085943.256 INFO             PET2 !!!!!!!!!!!!!!!!!!!!!!!!!!!!!!!!!!!!!!!!!!!!!!!!!!!!!!
20241007 085943.256 INFO             PET2 Running with ESMF Version   : v8.7.0
20241007 085943.256 INFO             PET2 ESMF library build date/time: "Oct  7 2024" "07:51:38"
20241007 085943.256 INFO             PET2 ESMF library build location : /scratch2/NCEPDEV/stmp1/Gerhard.Theurich/ESMF-Nightly-Testing/intel_2023.2.0-oneAPI_intelmpi_O_v8.7.0/esmf
20241007 085943.256 INFO             PET2 ESMF_COMM                   : intelmpi
20241007 085943.257 INFO             PET2 ESMF_MOAB                   : enabled
20241007 085943.257 INFO             PET2 ESMF_LAPACK                 : enabled
20241007 085943.257 INFO             PET2 ESMF_NETCDF                 : enabled
20241007 085943.257 INFO             PET2 ESMF_PNETCDF                : disabled
20241007 085943.257 INFO             PET2 ESMF_PIO                    : enabled
20241007 085943.257 INFO             PET2 ESMF_YAMLCPP                : enabled
20241007 085943.284 DEBUG            PET2 about to destroy Grid: 0x247d650
20241007 085943.286 DEBUG            PET2 about to destroy Grid: 0x247def0
20241007 085943.294 INFO             PET2  NUMBER_OF_PROCESSORS           4
20241007 085943.294 INFO             PET2  PASS  Example ESMF_NUOPCAtmModelEx, ESMF_NUOPCAtmModelEx.F90, line 806
20241007 085943.294 INFO             PET2  Finalizing ESMF
20241007 085943.256 INFO             PET3 !!!!!!!!!!!!!!!!!!!!!!!!!!!!!!!!!!!!!!!!!!!!!!!!!!!!!!
20241007 085943.257 INFO             PET3 !!! THE ESMF_LOG IS SET TO OUTPUT ALL LOG MESSAGES !!!
20241007 085943.257 INFO             PET3 !!!     THIS MAY CAUSE SLOWDOWN IN PERFORMANCE     !!!
20241007 085943.257 INFO             PET3 !!! FOR PRODUCTION RUNS, USE:                      !!!
20241007 085943.257 INFO             PET3 !!!                   ESMF_LOGKIND_Multi_On_Error  !!!
20241007 085943.257 INFO             PET3 !!!!!!!!!!!!!!!!!!!!!!!!!!!!!!!!!!!!!!!!!!!!!!!!!!!!!!
20241007 085943.257 INFO             PET3 Running with ESMF Version   : v8.7.0
20241007 085943.257 INFO             PET3 ESMF library build date/time: "Oct  7 2024" "07:51:38"
20241007 085943.257 INFO             PET3 ESMF library build location : /scratch2/NCEPDEV/stmp1/Gerhard.Theurich/ESMF-Nightly-Testing/intel_2023.2.0-oneAPI_intelmpi_O_v8.7.0/esmf
20241007 085943.257 INFO             PET3 ESMF_COMM                   : intelmpi
20241007 085943.257 INFO             PET3 ESMF_MOAB                   : enabled
20241007 085943.257 INFO             PET3 ESMF_LAPACK                 : enabled
20241007 085943.257 INFO             PET3 ESMF_NETCDF                 : enabled
20241007 085943.257 INFO             PET3 ESMF_PNETCDF                : disabled
20241007 085943.257 INFO             PET3 ESMF_PIO                    : enabled
20241007 085943.257 INFO             PET3 ESMF_YAMLCPP                : enabled
20241007 085943.284 DEBUG            PET3 about to destroy Grid: 0xc96610
20241007 085943.286 DEBUG            PET3 about to destroy Grid: 0xc96eb0
20241007 085943.294 INFO             PET3  NUMBER_OF_PROCESSORS           4
20241007 085943.294 INFO             PET3  PASS  Example ESMF_NUOPCAtmModelEx, ESMF_NUOPCAtmModelEx.F90, line 806
20241007 085943.294 INFO             PET3  Finalizing ESMF
