2024-10-01 22:27:50
20241001 232159.994 INFO             PET0 !!!!!!!!!!!!!!!!!!!!!!!!!!!!!!!!!!!!!!!!!!!!!!!!!!!!!!
20241001 232159.994 INFO             PET0 !!! THE ESMF_LOG IS SET TO OUTPUT ALL LOG MESSAGES !!!
20241001 232159.994 INFO             PET0 !!!     THIS MAY CAUSE SLOWDOWN IN PERFORMANCE     !!!
20241001 232159.994 INFO             PET0 !!! FOR PRODUCTION RUNS, USE:                      !!!
20241001 232159.994 INFO             PET0 !!!                   ESMF_LOGKIND_Multi_On_Error  !!!
20241001 232159.994 INFO             PET0 !!!!!!!!!!!!!!!!!!!!!!!!!!!!!!!!!!!!!!!!!!!!!!!!!!!!!!
20241001 232159.994 INFO             PET0 Running with ESMF Version   : v8.7.0b14-1-g2597b0a993
20241001 232159.994 INFO             PET0 ESMF library build date/time: "Oct  1 2024" "22:24:53"
20241001 232159.994 INFO             PET0 ESMF library build location : /discover/nobackup/projects/gmao/SIteam/ESMF_Testing/intel_2021.6.0_intelmpi_g_release_8.7.0/esmf
20241001 232159.994 INFO             PET0 ESMF_COMM                   : intelmpi
20241001 232159.994 INFO             PET0 ESMF_MOAB                   : enabled
20241001 232159.994 INFO             PET0 ESMF_LAPACK                 : enabled
20241001 232159.994 INFO             PET0 ESMF_NETCDF                 : disabled
20241001 232159.994 INFO             PET0 ESMF_PNETCDF                : disabled
20241001 232159.994 INFO             PET0 ESMF_PIO                    : disabled
20241001 232159.994 INFO             PET0 ESMF_YAMLCPP                : enabled
20241001 232200.001 INFO             PET0 =============================================
20241001 232200.001 INFO             PET0 ESMX (Earth System Model eXecutable) STARTING
20241001 232200.001 INFO             PET0 =============================================
20241001 232200.014 INFO             PET0 ESMX_Driver: InitializeGeneric intro.
20241001 232200.014 INFO             PET0   ESMX_Driver: InitializeP0 intro.
20241001 232200.014 INFO             PET0   ESMX_Driver: InitializeP0 extro.
20241001 232200.014 INFO             PET0   ESMX_Driver: InitializeIPDv02p1 intro.
20241001 232200.014 INFO             PET0     >>>ESMX_Driver: entered Initialize (phase=<none>) without valid internal Clock.
20241001 232200.022 INFO             PET0     ESMX_Driver - Creating model component ABC without petList.
20241001 232200.022 DEBUG            PET0     Generic SetVM() is executing for: ABC
20241001 232200.023 DEBUG            PET0     Generic SetVM() found no NUOPC Hint for: ABC
20241001 232200.023 DEBUG            PET0     Generic SetVM() therefore is NOT calling ESMF_GridCompSetVMMaxPEs() for: ABC
20241001 232200.029 INFO             PET0     ABC: InitializeP0 intro.
20241001 232200.030 INFO             PET0       >>>ABC: entered Initialize (phase=<none>) without valid internal Clock.
20241001 232200.032 INFO             PET0       <<<ABC: leaving Initialize (phase=<none>) without valid internal Clock.
20241001 232200.032 INFO             PET0     ABC: InitializeP0 extro.
20241001 232200.037 INFO             PET0     ESMX_Driver: IInitAdvertise intro.
20241001 232200.038 INFO             PET0     ESMX_Driver: IInitAdvertise extro.
20241001 232200.038 INFO             PET0     ABC: InitializeIPDvXp01 intro.
20241001 232200.038 INFO             PET0       >>>ABC: entered Initialize (phase=IPDvXp01) without valid internal Clock.
20241001 232200.040 INFO             PET0       <<<ABC: leaving Initialize (phase=IPDvXp01) without valid internal Clock.
20241001 232200.040 INFO             PET0     ABC: InitializeIPDvXp01 extro.
20241001 232200.041 INFO             PET0     ESMX_Driver: IInitAdvertiseFinish intro.
20241001 232200.041 INFO             PET0     ESMX_Driver: IInitAdvertiseFinish extro.
20241001 232200.042 INFO             PET0     ESMX_Driver: IInitModifyCplLists intro.
20241001 232200.042 INFO             PET0     ESMX_Driver: IInitModifyCplLists extro.
20241001 232200.042 INFO             PET0     <<<ESMX_Driver: leaving Initialize (phase=<none>) with current time: 2012 10 24  8  0  0   0
20241001 232200.042 INFO             PET0   ESMX_Driver: InitializeIPDv02p1 extro.
20241001 232200.043 INFO             PET0   ESMX_Driver: InitializeIPDv02p3 intro.
20241001 232200.043 INFO             PET0     >>>ESMX_Driver: entered Initialize (phase=<none>) with current time: 2012 10 24  8  0  0   0
20241001 232200.043 INFO             PET0     ESMX_Driver: IInitCheck intro.
20241001 232200.043 INFO             PET0     ESMX_Driver: IInitCheck extro.
20241001 232200.044 INFO             PET0     ABC: InitializeIPDvXp04 intro.
20241001 232200.044 INFO             PET0       >>>ABC: entered Initialize (phase=IPDvXp04) without valid internal Clock.
20241001 232200.048 INFO             PET0       <<<ABC: leaving Initialize (phase=IPDvXp04) without valid internal Clock.
20241001 232200.048 INFO             PET0     ABC: InitializeIPDvXp04 extro.
20241001 232200.050 INFO             PET0     ESMX_Driver: IInitRealize intro.
20241001 232200.050 INFO             PET0     ESMX_Driver: IInitRealize extro.
20241001 232200.050 INFO             PET0     ABC: InitializeIPDvXp07 intro.
20241001 232200.051 INFO             PET0       >>>ABC: entered Initialize (phase=IPDvXp07) without valid internal Clock.
20241001 232200.051 INFO             PET0       <<<ABC: leaving Initialize (phase=IPDvXp07) with current time: 2012 10 24  8  0  0   0
20241001 232200.051 INFO             PET0     ABC: InitializeIPDvXp07 extro.
20241001 232200.051 INFO             PET0     <<<ESMX_Driver: leaving Initialize (phase=<none>) with current time: 2012 10 24  8  0  0   0
20241001 232200.051 INFO             PET0   ESMX_Driver: InitializeIPDv02p3 extro.
20241001 232200.051 INFO             PET0   ESMX_Driver: InitializeIPDv02p5 intro.
20241001 232200.051 INFO             PET0     >>>ESMX_Driver: entered Initialize (phase=<none>) with current time: 2012 10 24  8  0  0   0
20241001 232200.051 INFO             PET0     ESMX_Driver: InitializeIPDv02p5Data intro.
20241001 232200.052 INFO             PET0       ESMX_Driver: InternalInitializeComplete intro.
20241001 232200.052 INFO             PET0       ESMX_Driver: InternalInitializeComplete extro.
20241001 232200.052 INFO             PET0       ABC: InitializeIPDvXp08 intro.
20241001 232200.052 INFO             PET0         >>>ABC: entered Initialize (phase=IPDv05p8) with current time: 2012 10 24  8  0  0   0
20241001 232200.053 INFO             PET0         <<<ABC: leaving Initialize (phase=IPDv05p8) with current time: 2012 10 24  8  0  0   0
20241001 232200.053 INFO             PET0       ABC: InitializeIPDvXp08 extro.
20241001 232200.055 INFO             PET0       ESMX_Driver: loopDataDependentInitialize intro.
20241001 232200.055 INFO             PET0       ESMX_Driver: loopDataDependentInitialize extro.
20241001 232200.055 INFO             PET0     ESMX_Driver: InitializeIPDv02p5Data extro.
20241001 232200.055 INFO             PET0     <<<ESMX_Driver: leaving Initialize (phase=<none>) with current time: 2012 10 24  8  0  0   0
20241001 232200.055 INFO             PET0   ESMX_Driver: InitializeIPDv02p5 extro.
20241001 232200.055 INFO             PET0 ESMX_Driver: InitializeGeneric extro.
20241001 232200.055 INFO             PET0 ESMX_Driver: Run intro.
20241001 232200.055 INFO             PET0   >>>ESMX_Driver: entered Run (phase=RunPhase1) with current time: 2012 10 24  8  0  0   0
20241001 232200.056 INFO             PET0   ABC: Run intro.
20241001 232200.056 INFO             PET0     >>>ABC: entered Run (phase=RunPhase1) with current time: 2012 10 24  8  0  0   0
20241001 232200.057 INFO             PET0     <<<ABC: leaving Run (phase=RunPhase1) with current time: 2012 10 24 20  0  0   0
20241001 232200.057 INFO             PET0   ABC: Run extro.
20241001 232200.057 INFO             PET0   <<<ESMX_Driver: leaving Run (phase=RunPhase1) with current time: 2012 10 24 20  0  0   0
20241001 232200.057 INFO             PET0 ESMX_Driver: Run extro.
20241001 232200.057 INFO             PET0 ESMX_Driver: Finalize intro.
20241001 232200.057 INFO             PET0   Calling Finalize phase 1 for modelComp: ABC
20241001 232200.057 INFO             PET0   ABC: Finalize intro.
20241001 232200.058 INFO             PET0     >>>ABC: entered Finalize (phase=FinalizePhase1) with current time: 2012 10 24 20  0  0   0
20241001 232200.058 INFO             PET0     <<<ABC: leaving Finalize (phase=FinalizePhase1) with current time: 2012 10 24 20  0  0   0
20241001 232200.058 INFO             PET0   ABC: Finalize extro.
20241001 232200.058 INFO             PET0   Delete modelComp: ABC
20241001 232200.058 INFO             PET0 ESMX_Driver: Finalize extro.
20241001 232200.058 INFO             PET0 =============================================
20241001 232200.058 INFO             PET0 ESMX (Earth System Model eXecutable) FINISHED
20241001 232200.058 INFO             PET0 =============================================
20241001 232200.059 INFO             PET0  Finalizing ESMF
20241001 232159.994 INFO             PET1 !!!!!!!!!!!!!!!!!!!!!!!!!!!!!!!!!!!!!!!!!!!!!!!!!!!!!!
20241001 232159.995 INFO             PET1 !!! THE ESMF_LOG IS SET TO OUTPUT ALL LOG MESSAGES !!!
20241001 232159.995 INFO             PET1 !!!     THIS MAY CAUSE SLOWDOWN IN PERFORMANCE     !!!
20241001 232159.995 INFO             PET1 !!! FOR PRODUCTION RUNS, USE:                      !!!
20241001 232159.995 INFO             PET1 !!!                   ESMF_LOGKIND_Multi_On_Error  !!!
20241001 232159.995 INFO             PET1 !!!!!!!!!!!!!!!!!!!!!!!!!!!!!!!!!!!!!!!!!!!!!!!!!!!!!!
20241001 232159.995 INFO             PET1 Running with ESMF Version   : v8.7.0b14-1-g2597b0a993
20241001 232159.995 INFO             PET1 ESMF library build date/time: "Oct  1 2024" "22:24:53"
20241001 232159.995 INFO             PET1 ESMF library build location : /discover/nobackup/projects/gmao/SIteam/ESMF_Testing/intel_2021.6.0_intelmpi_g_release_8.7.0/esmf
20241001 232159.995 INFO             PET1 ESMF_COMM                   : intelmpi
20241001 232159.995 INFO             PET1 ESMF_MOAB                   : enabled
20241001 232159.995 INFO             PET1 ESMF_LAPACK                 : enabled
20241001 232159.995 INFO             PET1 ESMF_NETCDF                 : disabled
20241001 232159.995 INFO             PET1 ESMF_PNETCDF                : disabled
20241001 232159.995 INFO             PET1 ESMF_PIO                    : disabled
20241001 232159.995 INFO             PET1 ESMF_YAMLCPP                : enabled
20241001 232200.001 INFO             PET1 =============================================
20241001 232200.001 INFO             PET1 ESMX (Earth System Model eXecutable) STARTING
20241001 232200.001 INFO             PET1 =============================================
20241001 232200.014 INFO             PET1 ESMX_Driver: InitializeGeneric intro.
20241001 232200.014 INFO             PET1   ESMX_Driver: InitializeP0 intro.
20241001 232200.014 INFO             PET1   ESMX_Driver: InitializeP0 extro.
20241001 232200.014 INFO             PET1   ESMX_Driver: InitializeIPDv02p1 intro.
20241001 232200.014 INFO             PET1     >>>ESMX_Driver: entered Initialize (phase=<none>) without valid internal Clock.
20241001 232200.022 INFO             PET1     ESMX_Driver - Creating model component ABC without petList.
20241001 232200.022 DEBUG            PET1     Generic SetVM() is executing for: ABC
20241001 232200.023 DEBUG            PET1     Generic SetVM() found no NUOPC Hint for: ABC
20241001 232200.023 DEBUG            PET1     Generic SetVM() therefore is NOT calling ESMF_GridCompSetVMMaxPEs() for: ABC
20241001 232200.029 INFO             PET1     ABC: InitializeP0 intro.
20241001 232200.030 INFO             PET1       >>>ABC: entered Initialize (phase=<none>) without valid internal Clock.
20241001 232200.032 INFO             PET1       <<<ABC: leaving Initialize (phase=<none>) without valid internal Clock.
20241001 232200.032 INFO             PET1     ABC: InitializeP0 extro.
20241001 232200.038 INFO             PET1     ESMX_Driver: IInitAdvertise intro.
20241001 232200.038 INFO             PET1     ESMX_Driver: IInitAdvertise extro.
20241001 232200.038 INFO             PET1     ABC: InitializeIPDvXp01 intro.
20241001 232200.038 INFO             PET1       >>>ABC: entered Initialize (phase=IPDvXp01) without valid internal Clock.
20241001 232200.040 INFO             PET1       <<<ABC: leaving Initialize (phase=IPDvXp01) without valid internal Clock.
20241001 232200.040 INFO             PET1     ABC: InitializeIPDvXp01 extro.
20241001 232200.041 INFO             PET1     ESMX_Driver: IInitAdvertiseFinish intro.
20241001 232200.041 INFO             PET1     ESMX_Driver: IInitAdvertiseFinish extro.
20241001 232200.042 INFO             PET1     ESMX_Driver: IInitModifyCplLists intro.
20241001 232200.042 INFO             PET1     ESMX_Driver: IInitModifyCplLists extro.
20241001 232200.042 INFO             PET1     <<<ESMX_Driver: leaving Initialize (phase=<none>) with current time: 2012 10 24  8  0  0   0
20241001 232200.043 INFO             PET1   ESMX_Driver: InitializeIPDv02p1 extro.
20241001 232200.043 INFO             PET1   ESMX_Driver: InitializeIPDv02p3 intro.
20241001 232200.043 INFO             PET1     >>>ESMX_Driver: entered Initialize (phase=<none>) with current time: 2012 10 24  8  0  0   0
20241001 232200.043 INFO             PET1     ESMX_Driver: IInitCheck intro.
20241001 232200.044 INFO             PET1     ESMX_Driver: IInitCheck extro.
20241001 232200.044 INFO             PET1     ABC: InitializeIPDvXp04 intro.
20241001 232200.044 INFO             PET1       >>>ABC: entered Initialize (phase=IPDvXp04) without valid internal Clock.
20241001 232200.048 INFO             PET1       <<<ABC: leaving Initialize (phase=IPDvXp04) without valid internal Clock.
20241001 232200.048 INFO             PET1     ABC: InitializeIPDvXp04 extro.
20241001 232200.050 INFO             PET1     ESMX_Driver: IInitRealize intro.
20241001 232200.050 INFO             PET1     ESMX_Driver: IInitRealize extro.
20241001 232200.051 INFO             PET1     ABC: InitializeIPDvXp07 intro.
20241001 232200.051 INFO             PET1       >>>ABC: entered Initialize (phase=IPDvXp07) without valid internal Clock.
20241001 232200.051 INFO             PET1       <<<ABC: leaving Initialize (phase=IPDvXp07) with current time: 2012 10 24  8  0  0   0
20241001 232200.051 INFO             PET1     ABC: InitializeIPDvXp07 extro.
20241001 232200.051 INFO             PET1     <<<ESMX_Driver: leaving Initialize (phase=<none>) with current time: 2012 10 24  8  0  0   0
20241001 232200.051 INFO             PET1   ESMX_Driver: InitializeIPDv02p3 extro.
20241001 232200.051 INFO             PET1   ESMX_Driver: InitializeIPDv02p5 intro.
20241001 232200.051 INFO             PET1     >>>ESMX_Driver: entered Initialize (phase=<none>) with current time: 2012 10 24  8  0  0   0
20241001 232200.052 INFO             PET1     ESMX_Driver: InitializeIPDv02p5Data intro.
20241001 232200.052 INFO             PET1       ESMX_Driver: InternalInitializeComplete intro.
20241001 232200.052 INFO             PET1       ESMX_Driver: InternalInitializeComplete extro.
20241001 232200.052 INFO             PET1       ABC: InitializeIPDvXp08 intro.
20241001 232200.053 INFO             PET1         >>>ABC: entered Initialize (phase=IPDv05p8) with current time: 2012 10 24  8  0  0   0
20241001 232200.053 INFO             PET1         <<<ABC: leaving Initialize (phase=IPDv05p8) with current time: 2012 10 24  8  0  0   0
20241001 232200.053 INFO             PET1       ABC: InitializeIPDvXp08 extro.
20241001 232200.055 INFO             PET1       ESMX_Driver: loopDataDependentInitialize intro.
20241001 232200.055 INFO             PET1       ESMX_Driver: loopDataDependentInitialize extro.
20241001 232200.055 INFO             PET1     ESMX_Driver: InitializeIPDv02p5Data extro.
20241001 232200.055 INFO             PET1     <<<ESMX_Driver: leaving Initialize (phase=<none>) with current time: 2012 10 24  8  0  0   0
20241001 232200.055 INFO             PET1   ESMX_Driver: InitializeIPDv02p5 extro.
20241001 232200.055 INFO             PET1 ESMX_Driver: InitializeGeneric extro.
20241001 232200.055 INFO             PET1 ESMX_Driver: Run intro.
20241001 232200.055 INFO             PET1   >>>ESMX_Driver: entered Run (phase=RunPhase1) with current time: 2012 10 24  8  0  0   0
20241001 232200.056 INFO             PET1   ABC: Run intro.
20241001 232200.056 INFO             PET1     >>>ABC: entered Run (phase=RunPhase1) with current time: 2012 10 24  8  0  0   0
20241001 232200.057 INFO             PET1     <<<ABC: leaving Run (phase=RunPhase1) with current time: 2012 10 24 20  0  0   0
20241001 232200.057 INFO             PET1   ABC: Run extro.
20241001 232200.057 INFO             PET1   <<<ESMX_Driver: leaving Run (phase=RunPhase1) with current time: 2012 10 24 20  0  0   0
20241001 232200.057 INFO             PET1 ESMX_Driver: Run extro.
20241001 232200.057 INFO             PET1 ESMX_Driver: Finalize intro.
20241001 232200.057 INFO             PET1   Calling Finalize phase 1 for modelComp: ABC
20241001 232200.057 INFO             PET1   ABC: Finalize intro.
20241001 232200.057 INFO             PET1     >>>ABC: entered Finalize (phase=FinalizePhase1) with current time: 2012 10 24 20  0  0   0
20241001 232200.058 INFO             PET1     <<<ABC: leaving Finalize (phase=FinalizePhase1) with current time: 2012 10 24 20  0  0   0
20241001 232200.058 INFO             PET1   ABC: Finalize extro.
20241001 232200.058 INFO             PET1   Delete modelComp: ABC
20241001 232200.058 INFO             PET1 ESMX_Driver: Finalize extro.
20241001 232200.058 INFO             PET1 =============================================
20241001 232200.058 INFO             PET1 ESMX (Earth System Model eXecutable) FINISHED
20241001 232200.058 INFO             PET1 =============================================
20241001 232200.059 INFO             PET1  Finalizing ESMF
20241001 232159.995 INFO             PET2 !!!!!!!!!!!!!!!!!!!!!!!!!!!!!!!!!!!!!!!!!!!!!!!!!!!!!!
20241001 232159.995 INFO             PET2 !!! THE ESMF_LOG IS SET TO OUTPUT ALL LOG MESSAGES !!!
20241001 232159.995 INFO             PET2 !!!     THIS MAY CAUSE SLOWDOWN IN PERFORMANCE     !!!
20241001 232159.995 INFO             PET2 !!! FOR PRODUCTION RUNS, USE:                      !!!
20241001 232159.995 INFO             PET2 !!!                   ESMF_LOGKIND_Multi_On_Error  !!!
20241001 232159.995 INFO             PET2 !!!!!!!!!!!!!!!!!!!!!!!!!!!!!!!!!!!!!!!!!!!!!!!!!!!!!!
20241001 232159.995 INFO             PET2 Running with ESMF Version   : v8.7.0b14-1-g2597b0a993
20241001 232159.995 INFO             PET2 ESMF library build date/time: "Oct  1 2024" "22:24:53"
20241001 232159.995 INFO             PET2 ESMF library build location : /discover/nobackup/projects/gmao/SIteam/ESMF_Testing/intel_2021.6.0_intelmpi_g_release_8.7.0/esmf
20241001 232159.995 INFO             PET2 ESMF_COMM                   : intelmpi
20241001 232159.995 INFO             PET2 ESMF_MOAB                   : enabled
20241001 232159.995 INFO             PET2 ESMF_LAPACK                 : enabled
20241001 232159.995 INFO             PET2 ESMF_NETCDF                 : disabled
20241001 232159.995 INFO             PET2 ESMF_PNETCDF                : disabled
20241001 232159.995 INFO             PET2 ESMF_PIO                    : disabled
20241001 232159.995 INFO             PET2 ESMF_YAMLCPP                : enabled
20241001 232200.001 INFO             PET2 =============================================
20241001 232200.001 INFO             PET2 ESMX (Earth System Model eXecutable) STARTING
20241001 232200.001 INFO             PET2 =============================================
20241001 232200.014 INFO             PET2 ESMX_Driver: InitializeGeneric intro.
20241001 232200.014 INFO             PET2   ESMX_Driver: InitializeP0 intro.
20241001 232200.014 INFO             PET2   ESMX_Driver: InitializeP0 extro.
20241001 232200.014 INFO             PET2   ESMX_Driver: InitializeIPDv02p1 intro.
20241001 232200.014 INFO             PET2     >>>ESMX_Driver: entered Initialize (phase=<none>) without valid internal Clock.
20241001 232200.022 INFO             PET2     ESMX_Driver - Creating model component ABC without petList.
20241001 232200.022 DEBUG            PET2     Generic SetVM() is executing for: ABC
20241001 232200.023 DEBUG            PET2     Generic SetVM() found no NUOPC Hint for: ABC
20241001 232200.023 DEBUG            PET2     Generic SetVM() therefore is NOT calling ESMF_GridCompSetVMMaxPEs() for: ABC
20241001 232200.030 INFO             PET2     ABC: InitializeP0 intro.
20241001 232200.030 INFO             PET2       >>>ABC: entered Initialize (phase=<none>) without valid internal Clock.
20241001 232200.032 INFO             PET2       <<<ABC: leaving Initialize (phase=<none>) without valid internal Clock.
20241001 232200.032 INFO             PET2     ABC: InitializeP0 extro.
20241001 232200.038 INFO             PET2     ESMX_Driver: IInitAdvertise intro.
20241001 232200.038 INFO             PET2     ESMX_Driver: IInitAdvertise extro.
20241001 232200.038 INFO             PET2     ABC: InitializeIPDvXp01 intro.
20241001 232200.038 INFO             PET2       >>>ABC: entered Initialize (phase=IPDvXp01) without valid internal Clock.
20241001 232200.040 INFO             PET2       <<<ABC: leaving Initialize (phase=IPDvXp01) without valid internal Clock.
20241001 232200.040 INFO             PET2     ABC: InitializeIPDvXp01 extro.
20241001 232200.041 INFO             PET2     ESMX_Driver: IInitAdvertiseFinish intro.
20241001 232200.041 INFO             PET2     ESMX_Driver: IInitAdvertiseFinish extro.
20241001 232200.042 INFO             PET2     ESMX_Driver: IInitModifyCplLists intro.
20241001 232200.042 INFO             PET2     ESMX_Driver: IInitModifyCplLists extro.
20241001 232200.042 INFO             PET2     <<<ESMX_Driver: leaving Initialize (phase=<none>) with current time: 2012 10 24  8  0  0   0
20241001 232200.043 INFO             PET2   ESMX_Driver: InitializeIPDv02p1 extro.
20241001 232200.043 INFO             PET2   ESMX_Driver: InitializeIPDv02p3 intro.
20241001 232200.043 INFO             PET2     >>>ESMX_Driver: entered Initialize (phase=<none>) with current time: 2012 10 24  8  0  0   0
20241001 232200.043 INFO             PET2     ESMX_Driver: IInitCheck intro.
20241001 232200.044 INFO             PET2     ESMX_Driver: IInitCheck extro.
20241001 232200.044 INFO             PET2     ABC: InitializeIPDvXp04 intro.
20241001 232200.044 INFO             PET2       >>>ABC: entered Initialize (phase=IPDvXp04) without valid internal Clock.
20241001 232200.048 INFO             PET2       <<<ABC: leaving Initialize (phase=IPDvXp04) without valid internal Clock.
20241001 232200.048 INFO             PET2     ABC: InitializeIPDvXp04 extro.
20241001 232200.050 INFO             PET2     ESMX_Driver: IInitRealize intro.
20241001 232200.050 INFO             PET2     ESMX_Driver: IInitRealize extro.
20241001 232200.051 INFO             PET2     ABC: InitializeIPDvXp07 intro.
20241001 232200.051 INFO             PET2       >>>ABC: entered Initialize (phase=IPDvXp07) without valid internal Clock.
20241001 232200.051 INFO             PET2       <<<ABC: leaving Initialize (phase=IPDvXp07) with current time: 2012 10 24  8  0  0   0
20241001 232200.051 INFO             PET2     ABC: InitializeIPDvXp07 extro.
20241001 232200.051 INFO             PET2     <<<ESMX_Driver: leaving Initialize (phase=<none>) with current time: 2012 10 24  8  0  0   0
20241001 232200.051 INFO             PET2   ESMX_Driver: InitializeIPDv02p3 extro.
20241001 232200.051 INFO             PET2   ESMX_Driver: InitializeIPDv02p5 intro.
20241001 232200.051 INFO             PET2     >>>ESMX_Driver: entered Initialize (phase=<none>) with current time: 2012 10 24  8  0  0   0
20241001 232200.052 INFO             PET2     ESMX_Driver: InitializeIPDv02p5Data intro.
20241001 232200.052 INFO             PET2       ESMX_Driver: InternalInitializeComplete intro.
20241001 232200.052 INFO             PET2       ESMX_Driver: InternalInitializeComplete extro.
20241001 232200.052 INFO             PET2       ABC: InitializeIPDvXp08 intro.
20241001 232200.053 INFO             PET2         >>>ABC: entered Initialize (phase=IPDv05p8) with current time: 2012 10 24  8  0  0   0
20241001 232200.053 INFO             PET2         <<<ABC: leaving Initialize (phase=IPDv05p8) with current time: 2012 10 24  8  0  0   0
20241001 232200.053 INFO             PET2       ABC: InitializeIPDvXp08 extro.
20241001 232200.055 INFO             PET2       ESMX_Driver: loopDataDependentInitialize intro.
20241001 232200.055 INFO             PET2       ESMX_Driver: loopDataDependentInitialize extro.
20241001 232200.055 INFO             PET2     ESMX_Driver: InitializeIPDv02p5Data extro.
20241001 232200.055 INFO             PET2     <<<ESMX_Driver: leaving Initialize (phase=<none>) with current time: 2012 10 24  8  0  0   0
20241001 232200.055 INFO             PET2   ESMX_Driver: InitializeIPDv02p5 extro.
20241001 232200.055 INFO             PET2 ESMX_Driver: InitializeGeneric extro.
20241001 232200.055 INFO             PET2 ESMX_Driver: Run intro.
20241001 232200.055 INFO             PET2   >>>ESMX_Driver: entered Run (phase=RunPhase1) with current time: 2012 10 24  8  0  0   0
20241001 232200.056 INFO             PET2   ABC: Run intro.
20241001 232200.056 INFO             PET2     >>>ABC: entered Run (phase=RunPhase1) with current time: 2012 10 24  8  0  0   0
20241001 232200.057 INFO             PET2     <<<ABC: leaving Run (phase=RunPhase1) with current time: 2012 10 24 20  0  0   0
20241001 232200.057 INFO             PET2   ABC: Run extro.
20241001 232200.057 INFO             PET2   <<<ESMX_Driver: leaving Run (phase=RunPhase1) with current time: 2012 10 24 20  0  0   0
20241001 232200.057 INFO             PET2 ESMX_Driver: Run extro.
20241001 232200.057 INFO             PET2 ESMX_Driver: Finalize intro.
20241001 232200.057 INFO             PET2   Calling Finalize phase 1 for modelComp: ABC
20241001 232200.057 INFO             PET2   ABC: Finalize intro.
20241001 232200.058 INFO             PET2     >>>ABC: entered Finalize (phase=FinalizePhase1) with current time: 2012 10 24 20  0  0   0
20241001 232200.058 INFO             PET2     <<<ABC: leaving Finalize (phase=FinalizePhase1) with current time: 2012 10 24 20  0  0   0
20241001 232200.058 INFO             PET2   ABC: Finalize extro.
20241001 232200.058 INFO             PET2   Delete modelComp: ABC
20241001 232200.058 INFO             PET2 ESMX_Driver: Finalize extro.
20241001 232200.058 INFO             PET2 =============================================
20241001 232200.058 INFO             PET2 ESMX (Earth System Model eXecutable) FINISHED
20241001 232200.058 INFO             PET2 =============================================
20241001 232200.058 INFO             PET2  Finalizing ESMF
20241001 232159.994 INFO             PET3 !!!!!!!!!!!!!!!!!!!!!!!!!!!!!!!!!!!!!!!!!!!!!!!!!!!!!!
20241001 232159.994 INFO             PET3 !!! THE ESMF_LOG IS SET TO OUTPUT ALL LOG MESSAGES !!!
20241001 232159.994 INFO             PET3 !!!     THIS MAY CAUSE SLOWDOWN IN PERFORMANCE     !!!
20241001 232159.994 INFO             PET3 !!! FOR PRODUCTION RUNS, USE:                      !!!
20241001 232159.994 INFO             PET3 !!!                   ESMF_LOGKIND_Multi_On_Error  !!!
20241001 232159.994 INFO             PET3 !!!!!!!!!!!!!!!!!!!!!!!!!!!!!!!!!!!!!!!!!!!!!!!!!!!!!!
20241001 232159.994 INFO             PET3 Running with ESMF Version   : v8.7.0b14-1-g2597b0a993
20241001 232159.994 INFO             PET3 ESMF library build date/time: "Oct  1 2024" "22:24:53"
20241001 232159.994 INFO             PET3 ESMF library build location : /discover/nobackup/projects/gmao/SIteam/ESMF_Testing/intel_2021.6.0_intelmpi_g_release_8.7.0/esmf
20241001 232159.994 INFO             PET3 ESMF_COMM                   : intelmpi
20241001 232159.995 INFO             PET3 ESMF_MOAB                   : enabled
20241001 232159.995 INFO             PET3 ESMF_LAPACK                 : enabled
20241001 232159.995 INFO             PET3 ESMF_NETCDF                 : disabled
20241001 232159.995 INFO             PET3 ESMF_PNETCDF                : disabled
20241001 232159.995 INFO             PET3 ESMF_PIO                    : disabled
20241001 232159.995 INFO             PET3 ESMF_YAMLCPP                : enabled
20241001 232200.001 INFO             PET3 =============================================
20241001 232200.001 INFO             PET3 ESMX (Earth System Model eXecutable) STARTING
20241001 232200.001 INFO             PET3 =============================================
20241001 232200.014 INFO             PET3 ESMX_Driver: InitializeGeneric intro.
20241001 232200.014 INFO             PET3   ESMX_Driver: InitializeP0 intro.
20241001 232200.014 INFO             PET3   ESMX_Driver: InitializeP0 extro.
20241001 232200.014 INFO             PET3   ESMX_Driver: InitializeIPDv02p1 intro.
20241001 232200.014 INFO             PET3     >>>ESMX_Driver: entered Initialize (phase=<none>) without valid internal Clock.
20241001 232200.022 INFO             PET3     ESMX_Driver - Creating model component ABC without petList.
20241001 232200.022 DEBUG            PET3     Generic SetVM() is executing for: ABC
20241001 232200.023 DEBUG            PET3     Generic SetVM() found no NUOPC Hint for: ABC
20241001 232200.023 DEBUG            PET3     Generic SetVM() therefore is NOT calling ESMF_GridCompSetVMMaxPEs() for: ABC
20241001 232200.030 INFO             PET3     ABC: InitializeP0 intro.
20241001 232200.030 INFO             PET3       >>>ABC: entered Initialize (phase=<none>) without valid internal Clock.
20241001 232200.032 INFO             PET3       <<<ABC: leaving Initialize (phase=<none>) without valid internal Clock.
20241001 232200.032 INFO             PET3     ABC: InitializeP0 extro.
20241001 232200.038 INFO             PET3     ESMX_Driver: IInitAdvertise intro.
20241001 232200.038 INFO             PET3     ESMX_Driver: IInitAdvertise extro.
20241001 232200.038 INFO             PET3     ABC: InitializeIPDvXp01 intro.
20241001 232200.038 INFO             PET3       >>>ABC: entered Initialize (phase=IPDvXp01) without valid internal Clock.
20241001 232200.040 INFO             PET3       <<<ABC: leaving Initialize (phase=IPDvXp01) without valid internal Clock.
20241001 232200.040 INFO             PET3     ABC: InitializeIPDvXp01 extro.
20241001 232200.041 INFO             PET3     ESMX_Driver: IInitAdvertiseFinish intro.
20241001 232200.041 INFO             PET3     ESMX_Driver: IInitAdvertiseFinish extro.
20241001 232200.042 INFO             PET3     ESMX_Driver: IInitModifyCplLists intro.
20241001 232200.042 INFO             PET3     ESMX_Driver: IInitModifyCplLists extro.
20241001 232200.042 INFO             PET3     <<<ESMX_Driver: leaving Initialize (phase=<none>) with current time: 2012 10 24  8  0  0   0
20241001 232200.043 INFO             PET3   ESMX_Driver: InitializeIPDv02p1 extro.
20241001 232200.043 INFO             PET3   ESMX_Driver: InitializeIPDv02p3 intro.
20241001 232200.043 INFO             PET3     >>>ESMX_Driver: entered Initialize (phase=<none>) with current time: 2012 10 24  8  0  0   0
20241001 232200.043 INFO             PET3     ESMX_Driver: IInitCheck intro.
20241001 232200.043 INFO             PET3     ESMX_Driver: IInitCheck extro.
20241001 232200.044 INFO             PET3     ABC: InitializeIPDvXp04 intro.
20241001 232200.044 INFO             PET3       >>>ABC: entered Initialize (phase=IPDvXp04) without valid internal Clock.
20241001 232200.048 INFO             PET3       <<<ABC: leaving Initialize (phase=IPDvXp04) without valid internal Clock.
20241001 232200.048 INFO             PET3     ABC: InitializeIPDvXp04 extro.
20241001 232200.050 INFO             PET3     ESMX_Driver: IInitRealize intro.
20241001 232200.050 INFO             PET3     ESMX_Driver: IInitRealize extro.
20241001 232200.051 INFO             PET3     ABC: InitializeIPDvXp07 intro.
20241001 232200.051 INFO             PET3       >>>ABC: entered Initialize (phase=IPDvXp07) without valid internal Clock.
20241001 232200.051 INFO             PET3       <<<ABC: leaving Initialize (phase=IPDvXp07) with current time: 2012 10 24  8  0  0   0
20241001 232200.051 INFO             PET3     ABC: InitializeIPDvXp07 extro.
20241001 232200.051 INFO             PET3     <<<ESMX_Driver: leaving Initialize (phase=<none>) with current time: 2012 10 24  8  0  0   0
20241001 232200.051 INFO             PET3   ESMX_Driver: InitializeIPDv02p3 extro.
20241001 232200.051 INFO             PET3   ESMX_Driver: InitializeIPDv02p5 intro.
20241001 232200.051 INFO             PET3     >>>ESMX_Driver: entered Initialize (phase=<none>) with current time: 2012 10 24  8  0  0   0
20241001 232200.052 INFO             PET3     ESMX_Driver: InitializeIPDv02p5Data intro.
20241001 232200.052 INFO             PET3       ESMX_Driver: InternalInitializeComplete intro.
20241001 232200.052 INFO             PET3       ESMX_Driver: InternalInitializeComplete extro.
20241001 232200.052 INFO             PET3       ABC: InitializeIPDvXp08 intro.
20241001 232200.053 INFO             PET3         >>>ABC: entered Initialize (phase=IPDv05p8) with current time: 2012 10 24  8  0  0   0
20241001 232200.053 INFO             PET3         <<<ABC: leaving Initialize (phase=IPDv05p8) with current time: 2012 10 24  8  0  0   0
20241001 232200.053 INFO             PET3       ABC: InitializeIPDvXp08 extro.
20241001 232200.055 INFO             PET3       ESMX_Driver: loopDataDependentInitialize intro.
20241001 232200.055 INFO             PET3       ESMX_Driver: loopDataDependentInitialize extro.
20241001 232200.055 INFO             PET3     ESMX_Driver: InitializeIPDv02p5Data extro.
20241001 232200.055 INFO             PET3     <<<ESMX_Driver: leaving Initialize (phase=<none>) with current time: 2012 10 24  8  0  0   0
20241001 232200.055 INFO             PET3   ESMX_Driver: InitializeIPDv02p5 extro.
20241001 232200.055 INFO             PET3 ESMX_Driver: InitializeGeneric extro.
20241001 232200.055 INFO             PET3 ESMX_Driver: Run intro.
20241001 232200.055 INFO             PET3   >>>ESMX_Driver: entered Run (phase=RunPhase1) with current time: 2012 10 24  8  0  0   0
20241001 232200.056 INFO             PET3   ABC: Run intro.
20241001 232200.056 INFO             PET3     >>>ABC: entered Run (phase=RunPhase1) with current time: 2012 10 24  8  0  0   0
20241001 232200.057 INFO             PET3     <<<ABC: leaving Run (phase=RunPhase1) with current time: 2012 10 24 20  0  0   0
20241001 232200.057 INFO             PET3   ABC: Run extro.
20241001 232200.057 INFO             PET3   <<<ESMX_Driver: leaving Run (phase=RunPhase1) with current time: 2012 10 24 20  0  0   0
20241001 232200.057 INFO             PET3 ESMX_Driver: Run extro.
20241001 232200.057 INFO             PET3 ESMX_Driver: Finalize intro.
20241001 232200.057 INFO             PET3   Calling Finalize phase 1 for modelComp: ABC
20241001 232200.057 INFO             PET3   ABC: Finalize intro.
20241001 232200.057 INFO             PET3     >>>ABC: entered Finalize (phase=FinalizePhase1) with current time: 2012 10 24 20  0  0   0
20241001 232200.058 INFO             PET3     <<<ABC: leaving Finalize (phase=FinalizePhase1) with current time: 2012 10 24 20  0  0   0
20241001 232200.058 INFO             PET3   ABC: Finalize extro.
20241001 232200.058 INFO             PET3   Delete modelComp: ABC
20241001 232200.058 INFO             PET3 ESMX_Driver: Finalize extro.
20241001 232200.058 INFO             PET3 =============================================
20241001 232200.058 INFO             PET3 ESMX (Earth System Model eXecutable) FINISHED
20241001 232200.058 INFO             PET3 =============================================
20241001 232200.058 INFO             PET3  Finalizing ESMF
