2024-09-20 22:33:58
20240920 232926.673 INFO             PET0 !!!!!!!!!!!!!!!!!!!!!!!!!!!!!!!!!!!!!!!!!!!!!!!!!!!!!!
20240920 232926.673 INFO             PET0 !!! THE ESMF_LOG IS SET TO OUTPUT ALL LOG MESSAGES !!!
20240920 232926.673 INFO             PET0 !!!     THIS MAY CAUSE SLOWDOWN IN PERFORMANCE     !!!
20240920 232926.673 INFO             PET0 !!! FOR PRODUCTION RUNS, USE:                      !!!
20240920 232926.673 INFO             PET0 !!!                   ESMF_LOGKIND_Multi_On_Error  !!!
20240920 232926.673 INFO             PET0 !!!!!!!!!!!!!!!!!!!!!!!!!!!!!!!!!!!!!!!!!!!!!!!!!!!!!!
20240920 232926.673 INFO             PET0 Running with ESMF Version   : v8.7.0b14-1-g2597b0a993
20240920 232926.673 INFO             PET0 ESMF library build date/time: "Sep 20 2024" "22:31:00"
20240920 232926.673 INFO             PET0 ESMF library build location : /discover/nobackup/projects/gmao/SIteam/ESMF_Testing/intel_2021.6.0_intelmpi_g_release_8.7.0/esmf
20240920 232926.673 INFO             PET0 ESMF_COMM                   : intelmpi
20240920 232926.673 INFO             PET0 ESMF_MOAB                   : enabled
20240920 232926.673 INFO             PET0 ESMF_LAPACK                 : enabled
20240920 232926.673 INFO             PET0 ESMF_NETCDF                 : disabled
20240920 232926.673 INFO             PET0 ESMF_PNETCDF                : disabled
20240920 232926.673 INFO             PET0 ESMF_PIO                    : disabled
20240920 232926.673 INFO             PET0 ESMF_YAMLCPP                : enabled
20240920 232926.679 INFO             PET0 =============================================
20240920 232926.679 INFO             PET0 ESMX (Earth System Model eXecutable) STARTING
20240920 232926.679 INFO             PET0 =============================================
20240920 232926.691 INFO             PET0 ESMX_Driver: InitializeGeneric intro.
20240920 232926.691 INFO             PET0   ESMX_Driver: InitializeP0 intro.
20240920 232926.691 INFO             PET0   ESMX_Driver: InitializeP0 extro.
20240920 232926.692 INFO             PET0   ESMX_Driver: InitializeIPDv02p1 intro.
20240920 232926.692 INFO             PET0     >>>ESMX_Driver: entered Initialize (phase=<none>) without valid internal Clock.
20240920 232926.698 INFO             PET0     ESMX_Driver: IInitAdvertise intro.
20240920 232926.698 INFO             PET0     ESMX_Driver: IInitAdvertise extro.
20240920 232926.698 INFO             PET0     ESMX_Driver: IInitAdvertiseFinish intro.
20240920 232926.699 INFO             PET0     ESMX_Driver: IInitAdvertiseFinish extro.
20240920 232926.699 INFO             PET0     ESMX_Driver: IInitModifyCplLists intro.
20240920 232926.699 INFO             PET0     ESMX_Driver: IInitModifyCplLists extro.
20240920 232926.700 INFO             PET0     <<<ESMX_Driver: leaving Initialize (phase=<none>) with current time: 2012 10 24  8  0  0   0
20240920 232926.700 INFO             PET0   ESMX_Driver: InitializeIPDv02p1 extro.
20240920 232926.700 INFO             PET0   ESMX_Driver: InitializeIPDv02p3 intro.
20240920 232926.700 INFO             PET0     >>>ESMX_Driver: entered Initialize (phase=<none>) with current time: 2012 10 24  8  0  0   0
20240920 232926.700 INFO             PET0     ESMX_Driver: IInitCheck intro.
20240920 232926.700 INFO             PET0     ESMX_Driver: IInitCheck extro.
20240920 232926.701 INFO             PET0     ESMX_Driver: IInitRealize intro.
20240920 232926.701 INFO             PET0     ESMX_Driver: IInitRealize extro.
20240920 232926.701 INFO             PET0     <<<ESMX_Driver: leaving Initialize (phase=<none>) with current time: 2012 10 24  8  0  0   0
20240920 232926.701 INFO             PET0   ESMX_Driver: InitializeIPDv02p3 extro.
20240920 232926.702 INFO             PET0   ESMX_Driver: InitializeIPDv02p5 intro.
20240920 232926.702 INFO             PET0     >>>ESMX_Driver: entered Initialize (phase=<none>) with current time: 2012 10 24  8  0  0   0
20240920 232926.702 INFO             PET0     ESMX_Driver: InitializeIPDv02p5Data intro.
20240920 232926.703 INFO             PET0       ESMX_Driver: InternalInitializeComplete intro.
20240920 232926.703 INFO             PET0       ESMX_Driver: InternalInitializeComplete extro.
20240920 232926.703 INFO             PET0       ESMX_Driver: loopDataDependentInitialize intro.
20240920 232926.704 INFO             PET0       ESMX_Driver: loopDataDependentInitialize extro.
20240920 232926.704 INFO             PET0     ESMX_Driver: InitializeIPDv02p5Data extro.
20240920 232926.704 INFO             PET0     <<<ESMX_Driver: leaving Initialize (phase=<none>) with current time: 2012 10 24  8  0  0   0
20240920 232926.704 INFO             PET0   ESMX_Driver: InitializeIPDv02p5 extro.
20240920 232926.704 INFO             PET0 ESMX_Driver: InitializeGeneric extro.
20240920 232926.704 INFO             PET0 ESMX_Driver: Run intro.
20240920 232926.704 INFO             PET0   >>>ESMX_Driver: entered Run (phase=RunPhase1) with current time: 2012 10 24  8  0  0   0
20240920 232926.704 INFO             PET0   <<<ESMX_Driver: leaving Run (phase=RunPhase1) with current time: 2012 10 24  8  0  0   0
20240920 232926.704 INFO             PET0 ESMX_Driver: Run extro.
20240920 232926.705 INFO             PET0 ESMX_Driver: Finalize intro.
20240920 232926.705 INFO             PET0 ESMX_Driver: Finalize extro.
20240920 232926.705 INFO             PET0 =============================================
20240920 232926.705 INFO             PET0 ESMX (Earth System Model eXecutable) FINISHED
20240920 232926.705 INFO             PET0 =============================================
20240920 232926.705 INFO             PET0  Finalizing ESMF
20240920 232926.673 INFO             PET1 !!!!!!!!!!!!!!!!!!!!!!!!!!!!!!!!!!!!!!!!!!!!!!!!!!!!!!
20240920 232926.673 INFO             PET1 !!! THE ESMF_LOG IS SET TO OUTPUT ALL LOG MESSAGES !!!
20240920 232926.673 INFO             PET1 !!!     THIS MAY CAUSE SLOWDOWN IN PERFORMANCE     !!!
20240920 232926.673 INFO             PET1 !!! FOR PRODUCTION RUNS, USE:                      !!!
20240920 232926.673 INFO             PET1 !!!                   ESMF_LOGKIND_Multi_On_Error  !!!
20240920 232926.673 INFO             PET1 !!!!!!!!!!!!!!!!!!!!!!!!!!!!!!!!!!!!!!!!!!!!!!!!!!!!!!
20240920 232926.673 INFO             PET1 Running with ESMF Version   : v8.7.0b14-1-g2597b0a993
20240920 232926.673 INFO             PET1 ESMF library build date/time: "Sep 20 2024" "22:31:00"
20240920 232926.673 INFO             PET1 ESMF library build location : /discover/nobackup/projects/gmao/SIteam/ESMF_Testing/intel_2021.6.0_intelmpi_g_release_8.7.0/esmf
20240920 232926.673 INFO             PET1 ESMF_COMM                   : intelmpi
20240920 232926.674 INFO             PET1 ESMF_MOAB                   : enabled
20240920 232926.674 INFO             PET1 ESMF_LAPACK                 : enabled
20240920 232926.674 INFO             PET1 ESMF_NETCDF                 : disabled
20240920 232926.674 INFO             PET1 ESMF_PNETCDF                : disabled
20240920 232926.674 INFO             PET1 ESMF_PIO                    : disabled
20240920 232926.674 INFO             PET1 ESMF_YAMLCPP                : enabled
20240920 232926.679 INFO             PET1 =============================================
20240920 232926.679 INFO             PET1 ESMX (Earth System Model eXecutable) STARTING
20240920 232926.679 INFO             PET1 =============================================
20240920 232926.691 INFO             PET1 ESMX_Driver: InitializeGeneric intro.
20240920 232926.691 INFO             PET1   ESMX_Driver: InitializeP0 intro.
20240920 232926.691 INFO             PET1   ESMX_Driver: InitializeP0 extro.
20240920 232926.692 INFO             PET1   ESMX_Driver: InitializeIPDv02p1 intro.
20240920 232926.692 INFO             PET1     >>>ESMX_Driver: entered Initialize (phase=<none>) without valid internal Clock.
20240920 232926.698 INFO             PET1     ESMX_Driver: IInitAdvertise intro.
20240920 232926.698 INFO             PET1     ESMX_Driver: IInitAdvertise extro.
20240920 232926.698 INFO             PET1     ESMX_Driver: IInitAdvertiseFinish intro.
20240920 232926.699 INFO             PET1     ESMX_Driver: IInitAdvertiseFinish extro.
20240920 232926.699 INFO             PET1     ESMX_Driver: IInitModifyCplLists intro.
20240920 232926.699 INFO             PET1     ESMX_Driver: IInitModifyCplLists extro.
20240920 232926.700 INFO             PET1     <<<ESMX_Driver: leaving Initialize (phase=<none>) with current time: 2012 10 24  8  0  0   0
20240920 232926.700 INFO             PET1   ESMX_Driver: InitializeIPDv02p1 extro.
20240920 232926.700 INFO             PET1   ESMX_Driver: InitializeIPDv02p3 intro.
20240920 232926.700 INFO             PET1     >>>ESMX_Driver: entered Initialize (phase=<none>) with current time: 2012 10 24  8  0  0   0
20240920 232926.700 INFO             PET1     ESMX_Driver: IInitCheck intro.
20240920 232926.700 INFO             PET1     ESMX_Driver: IInitCheck extro.
20240920 232926.701 INFO             PET1     ESMX_Driver: IInitRealize intro.
20240920 232926.701 INFO             PET1     ESMX_Driver: IInitRealize extro.
20240920 232926.701 INFO             PET1     <<<ESMX_Driver: leaving Initialize (phase=<none>) with current time: 2012 10 24  8  0  0   0
20240920 232926.701 INFO             PET1   ESMX_Driver: InitializeIPDv02p3 extro.
20240920 232926.702 INFO             PET1   ESMX_Driver: InitializeIPDv02p5 intro.
20240920 232926.702 INFO             PET1     >>>ESMX_Driver: entered Initialize (phase=<none>) with current time: 2012 10 24  8  0  0   0
20240920 232926.702 INFO             PET1     ESMX_Driver: InitializeIPDv02p5Data intro.
20240920 232926.703 INFO             PET1       ESMX_Driver: InternalInitializeComplete intro.
20240920 232926.703 INFO             PET1       ESMX_Driver: InternalInitializeComplete extro.
20240920 232926.703 INFO             PET1       ESMX_Driver: loopDataDependentInitialize intro.
20240920 232926.704 INFO             PET1       ESMX_Driver: loopDataDependentInitialize extro.
20240920 232926.704 INFO             PET1     ESMX_Driver: InitializeIPDv02p5Data extro.
20240920 232926.704 INFO             PET1     <<<ESMX_Driver: leaving Initialize (phase=<none>) with current time: 2012 10 24  8  0  0   0
20240920 232926.704 INFO             PET1   ESMX_Driver: InitializeIPDv02p5 extro.
20240920 232926.704 INFO             PET1 ESMX_Driver: InitializeGeneric extro.
20240920 232926.704 INFO             PET1 ESMX_Driver: Run intro.
20240920 232926.704 INFO             PET1   >>>ESMX_Driver: entered Run (phase=RunPhase1) with current time: 2012 10 24  8  0  0   0
20240920 232926.704 INFO             PET1   <<<ESMX_Driver: leaving Run (phase=RunPhase1) with current time: 2012 10 24  8  0  0   0
20240920 232926.704 INFO             PET1 ESMX_Driver: Run extro.
20240920 232926.705 INFO             PET1 ESMX_Driver: Finalize intro.
20240920 232926.705 INFO             PET1 ESMX_Driver: Finalize extro.
20240920 232926.705 INFO             PET1 =============================================
20240920 232926.705 INFO             PET1 ESMX (Earth System Model eXecutable) FINISHED
20240920 232926.705 INFO             PET1 =============================================
20240920 232926.705 INFO             PET1  Finalizing ESMF
20240920 232926.673 INFO             PET2 !!!!!!!!!!!!!!!!!!!!!!!!!!!!!!!!!!!!!!!!!!!!!!!!!!!!!!
20240920 232926.673 INFO             PET2 !!! THE ESMF_LOG IS SET TO OUTPUT ALL LOG MESSAGES !!!
20240920 232926.673 INFO             PET2 !!!     THIS MAY CAUSE SLOWDOWN IN PERFORMANCE     !!!
20240920 232926.673 INFO             PET2 !!! FOR PRODUCTION RUNS, USE:                      !!!
20240920 232926.673 INFO             PET2 !!!                   ESMF_LOGKIND_Multi_On_Error  !!!
20240920 232926.673 INFO             PET2 !!!!!!!!!!!!!!!!!!!!!!!!!!!!!!!!!!!!!!!!!!!!!!!!!!!!!!
20240920 232926.673 INFO             PET2 Running with ESMF Version   : v8.7.0b14-1-g2597b0a993
20240920 232926.673 INFO             PET2 ESMF library build date/time: "Sep 20 2024" "22:31:00"
20240920 232926.673 INFO             PET2 ESMF library build location : /discover/nobackup/projects/gmao/SIteam/ESMF_Testing/intel_2021.6.0_intelmpi_g_release_8.7.0/esmf
20240920 232926.673 INFO             PET2 ESMF_COMM                   : intelmpi
20240920 232926.674 INFO             PET2 ESMF_MOAB                   : enabled
20240920 232926.674 INFO             PET2 ESMF_LAPACK                 : enabled
20240920 232926.674 INFO             PET2 ESMF_NETCDF                 : disabled
20240920 232926.674 INFO             PET2 ESMF_PNETCDF                : disabled
20240920 232926.674 INFO             PET2 ESMF_PIO                    : disabled
20240920 232926.674 INFO             PET2 ESMF_YAMLCPP                : enabled
20240920 232926.679 INFO             PET2 =============================================
20240920 232926.679 INFO             PET2 ESMX (Earth System Model eXecutable) STARTING
20240920 232926.679 INFO             PET2 =============================================
20240920 232926.691 INFO             PET2 ESMX_Driver: InitializeGeneric intro.
20240920 232926.691 INFO             PET2   ESMX_Driver: InitializeP0 intro.
20240920 232926.691 INFO             PET2   ESMX_Driver: InitializeP0 extro.
20240920 232926.692 INFO             PET2   ESMX_Driver: InitializeIPDv02p1 intro.
20240920 232926.692 INFO             PET2     >>>ESMX_Driver: entered Initialize (phase=<none>) without valid internal Clock.
20240920 232926.698 INFO             PET2     ESMX_Driver: IInitAdvertise intro.
20240920 232926.698 INFO             PET2     ESMX_Driver: IInitAdvertise extro.
20240920 232926.698 INFO             PET2     ESMX_Driver: IInitAdvertiseFinish intro.
20240920 232926.699 INFO             PET2     ESMX_Driver: IInitAdvertiseFinish extro.
20240920 232926.699 INFO             PET2     ESMX_Driver: IInitModifyCplLists intro.
20240920 232926.699 INFO             PET2     ESMX_Driver: IInitModifyCplLists extro.
20240920 232926.700 INFO             PET2     <<<ESMX_Driver: leaving Initialize (phase=<none>) with current time: 2012 10 24  8  0  0   0
20240920 232926.700 INFO             PET2   ESMX_Driver: InitializeIPDv02p1 extro.
20240920 232926.700 INFO             PET2   ESMX_Driver: InitializeIPDv02p3 intro.
20240920 232926.700 INFO             PET2     >>>ESMX_Driver: entered Initialize (phase=<none>) with current time: 2012 10 24  8  0  0   0
20240920 232926.700 INFO             PET2     ESMX_Driver: IInitCheck intro.
20240920 232926.700 INFO             PET2     ESMX_Driver: IInitCheck extro.
20240920 232926.701 INFO             PET2     ESMX_Driver: IInitRealize intro.
20240920 232926.701 INFO             PET2     ESMX_Driver: IInitRealize extro.
20240920 232926.701 INFO             PET2     <<<ESMX_Driver: leaving Initialize (phase=<none>) with current time: 2012 10 24  8  0  0   0
20240920 232926.701 INFO             PET2   ESMX_Driver: InitializeIPDv02p3 extro.
20240920 232926.702 INFO             PET2   ESMX_Driver: InitializeIPDv02p5 intro.
20240920 232926.702 INFO             PET2     >>>ESMX_Driver: entered Initialize (phase=<none>) with current time: 2012 10 24  8  0  0   0
20240920 232926.702 INFO             PET2     ESMX_Driver: InitializeIPDv02p5Data intro.
20240920 232926.703 INFO             PET2       ESMX_Driver: InternalInitializeComplete intro.
20240920 232926.703 INFO             PET2       ESMX_Driver: InternalInitializeComplete extro.
20240920 232926.703 INFO             PET2       ESMX_Driver: loopDataDependentInitialize intro.
20240920 232926.704 INFO             PET2       ESMX_Driver: loopDataDependentInitialize extro.
20240920 232926.704 INFO             PET2     ESMX_Driver: InitializeIPDv02p5Data extro.
20240920 232926.704 INFO             PET2     <<<ESMX_Driver: leaving Initialize (phase=<none>) with current time: 2012 10 24  8  0  0   0
20240920 232926.704 INFO             PET2   ESMX_Driver: InitializeIPDv02p5 extro.
20240920 232926.704 INFO             PET2 ESMX_Driver: InitializeGeneric extro.
20240920 232926.704 INFO             PET2 ESMX_Driver: Run intro.
20240920 232926.704 INFO             PET2   >>>ESMX_Driver: entered Run (phase=RunPhase1) with current time: 2012 10 24  8  0  0   0
20240920 232926.704 INFO             PET2   <<<ESMX_Driver: leaving Run (phase=RunPhase1) with current time: 2012 10 24  8  0  0   0
20240920 232926.704 INFO             PET2 ESMX_Driver: Run extro.
20240920 232926.705 INFO             PET2 ESMX_Driver: Finalize intro.
20240920 232926.705 INFO             PET2 ESMX_Driver: Finalize extro.
20240920 232926.705 INFO             PET2 =============================================
20240920 232926.705 INFO             PET2 ESMX (Earth System Model eXecutable) FINISHED
20240920 232926.705 INFO             PET2 =============================================
20240920 232926.705 INFO             PET2  Finalizing ESMF
20240920 232926.673 INFO             PET3 !!!!!!!!!!!!!!!!!!!!!!!!!!!!!!!!!!!!!!!!!!!!!!!!!!!!!!
20240920 232926.673 INFO             PET3 !!! THE ESMF_LOG IS SET TO OUTPUT ALL LOG MESSAGES !!!
20240920 232926.673 INFO             PET3 !!!     THIS MAY CAUSE SLOWDOWN IN PERFORMANCE     !!!
20240920 232926.673 INFO             PET3 !!! FOR PRODUCTION RUNS, USE:                      !!!
20240920 232926.673 INFO             PET3 !!!                   ESMF_LOGKIND_Multi_On_Error  !!!
20240920 232926.673 INFO             PET3 !!!!!!!!!!!!!!!!!!!!!!!!!!!!!!!!!!!!!!!!!!!!!!!!!!!!!!
20240920 232926.673 INFO             PET3 Running with ESMF Version   : v8.7.0b14-1-g2597b0a993
20240920 232926.673 INFO             PET3 ESMF library build date/time: "Sep 20 2024" "22:31:00"
20240920 232926.673 INFO             PET3 ESMF library build location : /discover/nobackup/projects/gmao/SIteam/ESMF_Testing/intel_2021.6.0_intelmpi_g_release_8.7.0/esmf
20240920 232926.673 INFO             PET3 ESMF_COMM                   : intelmpi
20240920 232926.673 INFO             PET3 ESMF_MOAB                   : enabled
20240920 232926.673 INFO             PET3 ESMF_LAPACK                 : enabled
20240920 232926.673 INFO             PET3 ESMF_NETCDF                 : disabled
20240920 232926.673 INFO             PET3 ESMF_PNETCDF                : disabled
20240920 232926.673 INFO             PET3 ESMF_PIO                    : disabled
20240920 232926.673 INFO             PET3 ESMF_YAMLCPP                : enabled
20240920 232926.679 INFO             PET3 =============================================
20240920 232926.679 INFO             PET3 ESMX (Earth System Model eXecutable) STARTING
20240920 232926.679 INFO             PET3 =============================================
20240920 232926.691 INFO             PET3 ESMX_Driver: InitializeGeneric intro.
20240920 232926.691 INFO             PET3   ESMX_Driver: InitializeP0 intro.
20240920 232926.691 INFO             PET3   ESMX_Driver: InitializeP0 extro.
20240920 232926.692 INFO             PET3   ESMX_Driver: InitializeIPDv02p1 intro.
20240920 232926.692 INFO             PET3     >>>ESMX_Driver: entered Initialize (phase=<none>) without valid internal Clock.
20240920 232926.698 INFO             PET3     ESMX_Driver: IInitAdvertise intro.
20240920 232926.698 INFO             PET3     ESMX_Driver: IInitAdvertise extro.
20240920 232926.698 INFO             PET3     ESMX_Driver: IInitAdvertiseFinish intro.
20240920 232926.699 INFO             PET3     ESMX_Driver: IInitAdvertiseFinish extro.
20240920 232926.699 INFO             PET3     ESMX_Driver: IInitModifyCplLists intro.
20240920 232926.699 INFO             PET3     ESMX_Driver: IInitModifyCplLists extro.
20240920 232926.700 INFO             PET3     <<<ESMX_Driver: leaving Initialize (phase=<none>) with current time: 2012 10 24  8  0  0   0
20240920 232926.700 INFO             PET3   ESMX_Driver: InitializeIPDv02p1 extro.
20240920 232926.700 INFO             PET3   ESMX_Driver: InitializeIPDv02p3 intro.
20240920 232926.700 INFO             PET3     >>>ESMX_Driver: entered Initialize (phase=<none>) with current time: 2012 10 24  8  0  0   0
20240920 232926.700 INFO             PET3     ESMX_Driver: IInitCheck intro.
20240920 232926.700 INFO             PET3     ESMX_Driver: IInitCheck extro.
20240920 232926.701 INFO             PET3     ESMX_Driver: IInitRealize intro.
20240920 232926.701 INFO             PET3     ESMX_Driver: IInitRealize extro.
20240920 232926.701 INFO             PET3     <<<ESMX_Driver: leaving Initialize (phase=<none>) with current time: 2012 10 24  8  0  0   0
20240920 232926.701 INFO             PET3   ESMX_Driver: InitializeIPDv02p3 extro.
20240920 232926.702 INFO             PET3   ESMX_Driver: InitializeIPDv02p5 intro.
20240920 232926.702 INFO             PET3     >>>ESMX_Driver: entered Initialize (phase=<none>) with current time: 2012 10 24  8  0  0   0
20240920 232926.702 INFO             PET3     ESMX_Driver: InitializeIPDv02p5Data intro.
20240920 232926.703 INFO             PET3       ESMX_Driver: InternalInitializeComplete intro.
20240920 232926.703 INFO             PET3       ESMX_Driver: InternalInitializeComplete extro.
20240920 232926.703 INFO             PET3       ESMX_Driver: loopDataDependentInitialize intro.
20240920 232926.704 INFO             PET3       ESMX_Driver: loopDataDependentInitialize extro.
20240920 232926.704 INFO             PET3     ESMX_Driver: InitializeIPDv02p5Data extro.
20240920 232926.704 INFO             PET3     <<<ESMX_Driver: leaving Initialize (phase=<none>) with current time: 2012 10 24  8  0  0   0
20240920 232926.704 INFO             PET3   ESMX_Driver: InitializeIPDv02p5 extro.
20240920 232926.704 INFO             PET3 ESMX_Driver: InitializeGeneric extro.
20240920 232926.704 INFO             PET3 ESMX_Driver: Run intro.
20240920 232926.704 INFO             PET3   >>>ESMX_Driver: entered Run (phase=RunPhase1) with current time: 2012 10 24  8  0  0   0
20240920 232926.704 INFO             PET3   <<<ESMX_Driver: leaving Run (phase=RunPhase1) with current time: 2012 10 24  8  0  0   0
20240920 232926.704 INFO             PET3 ESMX_Driver: Run extro.
20240920 232926.705 INFO             PET3 ESMX_Driver: Finalize intro.
20240920 232926.705 INFO             PET3 ESMX_Driver: Finalize extro.
20240920 232926.705 INFO             PET3 =============================================
20240920 232926.705 INFO             PET3 ESMX (Earth System Model eXecutable) FINISHED
20240920 232926.705 INFO             PET3 =============================================
20240920 232926.705 INFO             PET3  Finalizing ESMF
