2024-09-27 06:31:05
20240927 070141.448 INFO             PET0 !!!!!!!!!!!!!!!!!!!!!!!!!!!!!!!!!!!!!!!!!!!!!!!!!!!!!!
20240927 070141.449 INFO             PET0 !!! THE ESMF_LOG IS SET TO OUTPUT ALL LOG MESSAGES !!!
20240927 070141.449 INFO             PET0 !!!     THIS MAY CAUSE SLOWDOWN IN PERFORMANCE     !!!
20240927 070141.449 INFO             PET0 !!! FOR PRODUCTION RUNS, USE:                      !!!
20240927 070141.449 INFO             PET0 !!!                   ESMF_LOGKIND_Multi_On_Error  !!!
20240927 070141.449 INFO             PET0 !!!!!!!!!!!!!!!!!!!!!!!!!!!!!!!!!!!!!!!!!!!!!!!!!!!!!!
20240927 070141.449 INFO             PET0 Running with ESMF Version   : v8.7.0b14-1-g2597b0a993
20240927 070141.449 INFO             PET0 ESMF library build date/time: "Sep 27 2024" "06:28:47"
20240927 070141.449 INFO             PET0 ESMF library build location : /project/esmf/sacks/esmf-testing/gfortran_11.2.0_mpiuni_g_release_8.7.0/esmf
20240927 070141.449 INFO             PET0 ESMF_COMM                   : mpiuni
20240927 070141.449 INFO             PET0 ESMF_MOAB                   : enabled
20240927 070141.449 INFO             PET0 ESMF_LAPACK                 : enabled
20240927 070141.449 INFO             PET0 ESMF_NETCDF                 : enabled
20240927 070141.449 INFO             PET0 ESMF_PNETCDF                : disabled
20240927 070141.449 INFO             PET0 ESMF_PIO                    : enabled
20240927 070141.449 INFO             PET0 ESMF_YAMLCPP                : enabled
20240927 070141.450 INFO             PET0  NUMBER_OF_PROCESSORS           1
20240927 070141.450 INFO             PET0  PASS  Example ESMF_AttachMethodsEx, ESMF_AttachMethodsEx.F90, line 292
20240927 070141.450 INFO             PET0  Finalizing ESMF
