2024-10-06 02:04:37
20241006 025159.691 INFO             PET0 !!!!!!!!!!!!!!!!!!!!!!!!!!!!!!!!!!!!!!!!!!!!!!!!!!!!!!
20241006 025159.691 INFO             PET0 !!! THE ESMF_LOG IS SET TO OUTPUT ALL LOG MESSAGES !!!
20241006 025159.691 INFO             PET0 !!!     THIS MAY CAUSE SLOWDOWN IN PERFORMANCE     !!!
20241006 025159.691 INFO             PET0 !!! FOR PRODUCTION RUNS, USE:                      !!!
20241006 025159.691 INFO             PET0 !!!                   ESMF_LOGKIND_Multi_On_Error  !!!
20241006 025159.691 INFO             PET0 !!!!!!!!!!!!!!!!!!!!!!!!!!!!!!!!!!!!!!!!!!!!!!!!!!!!!!
20241006 025159.691 INFO             PET0 Running with ESMF Version   : v8.7.0
20241006 025159.691 INFO             PET0 ESMF library build date/time: "Oct  6 2024" "02:01:51"
20241006 025159.691 INFO             PET0 ESMF library build location : /glade/derecho/scratch/sacks/esmf-testing/intel_2023.2.1_mpiuni_g_v8.7.0/esmf
20241006 025159.691 INFO             PET0 ESMF_COMM                   : mpiuni
20241006 025159.696 INFO             PET0 ESMF_MOAB                   : enabled
20241006 025159.696 INFO             PET0 ESMF_LAPACK                 : enabled
20241006 025159.696 INFO             PET0 ESMF_NETCDF                 : enabled
20241006 025159.696 INFO             PET0 ESMF_PNETCDF                : disabled
20241006 025159.696 INFO             PET0 ESMF_PIO                    : enabled
20241006 025159.696 INFO             PET0 ESMF_YAMLCPP                : enabled
20241006 025159.699 INFO             PET0  NUMBER_OF_PROCESSORS           1
20241006 025159.699 INFO             PET0  PASS  Example ESMF_VMSendVMRecvEx, ESMF_VMSendVMRecvEx.F90, line 120
20241006 025159.699 INFO             PET0  Finalizing ESMF
