2024-10-04 02:19:14
20241004 032451.237 INFO             PET0 !!!!!!!!!!!!!!!!!!!!!!!!!!!!!!!!!!!!!!!!!!!!!!!!!!!!!!
20241004 032451.237 INFO             PET0 !!! THE ESMF_LOG IS SET TO OUTPUT ALL LOG MESSAGES !!!
20241004 032451.237 INFO             PET0 !!!     THIS MAY CAUSE SLOWDOWN IN PERFORMANCE     !!!
20241004 032451.237 INFO             PET0 !!! FOR PRODUCTION RUNS, USE:                      !!!
20241004 032451.237 INFO             PET0 !!!                   ESMF_LOGKIND_Multi_On_Error  !!!
20241004 032451.237 INFO             PET0 !!!!!!!!!!!!!!!!!!!!!!!!!!!!!!!!!!!!!!!!!!!!!!!!!!!!!!
20241004 032451.237 INFO             PET0 Running with ESMF Version   : v8.7.0
20241004 032451.237 INFO             PET0 ESMF library build date/time: "Oct  4 2024" "02:15:10"
20241004 032451.237 INFO             PET0 ESMF library build location : /glade/derecho/scratch/sacks/esmf-testing/intel_2023.2.1_mpiuni_g_v8.7.0/esmf
20241004 032451.237 INFO             PET0 ESMF_COMM                   : mpiuni
20241004 032451.238 INFO             PET0 ESMF_MOAB                   : enabled
20241004 032451.238 INFO             PET0 ESMF_LAPACK                 : enabled
20241004 032451.238 INFO             PET0 ESMF_NETCDF                 : enabled
20241004 032451.238 INFO             PET0 ESMF_PNETCDF                : disabled
20241004 032451.238 INFO             PET0 ESMF_PIO                    : enabled
20241004 032451.238 INFO             PET0 ESMF_YAMLCPP                : enabled
20241004 032451.307 DEBUG            PET0 about to destroy Grid: 0x820130
20241004 032451.321 DEBUG            PET0 about to destroy Grid: 0x8211c0
20241004 032451.357 INFO             PET0  NUMBER_OF_PROCESSORS           1
20241004 032451.357 INFO             PET0  PASS  Example ESMF_NUOPCAtmModelEx, ESMF_NUOPCAtmModelEx.F90, line 806
20241004 032451.357 INFO             PET0  Finalizing ESMF
