2024-08-24 03:10:14
20240824 035108.525 INFO             PET0 !!!!!!!!!!!!!!!!!!!!!!!!!!!!!!!!!!!!!!!!!!!!!!!!!!!!!!
20240824 035108.525 INFO             PET0 !!! THE ESMF_LOG IS SET TO OUTPUT ALL LOG MESSAGES !!!
20240824 035108.525 INFO             PET0 !!!     THIS MAY CAUSE SLOWDOWN IN PERFORMANCE     !!!
20240824 035108.525 INFO             PET0 !!! FOR PRODUCTION RUNS, USE:                      !!!
20240824 035108.525 INFO             PET0 !!!                   ESMF_LOGKIND_Multi_On_Error  !!!
20240824 035108.525 INFO             PET0 !!!!!!!!!!!!!!!!!!!!!!!!!!!!!!!!!!!!!!!!!!!!!!!!!!!!!!
20240824 035108.525 INFO             PET0 Running with ESMF Version   : v8.7.0b11-5-gfda68a9ac3
20240824 035108.525 INFO             PET0 ESMF library build date/time: "Aug 24 2024" "03:07:59"
20240824 035108.525 INFO             PET0 ESMF library build location : /glade/derecho/scratch/sacks/esmf-testing/intel_2023.2.1-oneAPI_mpi_g_develop/esmf
20240824 035108.525 INFO             PET0 ESMF_COMM                   : mpi
20240824 035108.532 INFO             PET0 ESMF_MOAB                   : enabled
20240824 035108.532 INFO             PET0 ESMF_LAPACK                 : enabled
20240824 035108.532 INFO             PET0 ESMF_NETCDF                 : enabled
20240824 035108.532 INFO             PET0 ESMF_PNETCDF                : disabled
20240824 035108.532 INFO             PET0 ESMF_PIO                    : enabled
20240824 035108.532 INFO             PET0 ESMF_YAMLCPP                : enabled
20240824 035108.559 INFO             PET0 =============================================
20240824 035108.559 INFO             PET0 ESMX (Earth System Model eXecutable) STARTING
20240824 035108.559 INFO             PET0 =============================================
20240824 035108.567 INFO             PET0 =============================================
20240824 035108.567 INFO             PET0 ESMX (Earth System Model eXecutable) FINISHED
20240824 035108.567 INFO             PET0 =============================================
20240824 035108.567 INFO             PET0  Finalizing ESMF
20240824 035108.540 INFO             PET1 !!!!!!!!!!!!!!!!!!!!!!!!!!!!!!!!!!!!!!!!!!!!!!!!!!!!!!
20240824 035108.540 INFO             PET1 !!! THE ESMF_LOG IS SET TO OUTPUT ALL LOG MESSAGES !!!
20240824 035108.540 INFO             PET1 !!!     THIS MAY CAUSE SLOWDOWN IN PERFORMANCE     !!!
20240824 035108.540 INFO             PET1 !!! FOR PRODUCTION RUNS, USE:                      !!!
20240824 035108.540 INFO             PET1 !!!                   ESMF_LOGKIND_Multi_On_Error  !!!
20240824 035108.540 INFO             PET1 !!!!!!!!!!!!!!!!!!!!!!!!!!!!!!!!!!!!!!!!!!!!!!!!!!!!!!
20240824 035108.540 INFO             PET1 Running with ESMF Version   : v8.7.0b11-5-gfda68a9ac3
20240824 035108.540 INFO             PET1 ESMF library build date/time: "Aug 24 2024" "03:07:59"
20240824 035108.540 INFO             PET1 ESMF library build location : /glade/derecho/scratch/sacks/esmf-testing/intel_2023.2.1-oneAPI_mpi_g_develop/esmf
20240824 035108.540 INFO             PET1 ESMF_COMM                   : mpi
20240824 035108.557 INFO             PET1 ESMF_MOAB                   : enabled
20240824 035108.557 INFO             PET1 ESMF_LAPACK                 : enabled
20240824 035108.557 INFO             PET1 ESMF_NETCDF                 : enabled
20240824 035108.557 INFO             PET1 ESMF_PNETCDF                : disabled
20240824 035108.557 INFO             PET1 ESMF_PIO                    : enabled
20240824 035108.557 INFO             PET1 ESMF_YAMLCPP                : enabled
20240824 035108.559 INFO             PET1 =============================================
20240824 035108.559 INFO             PET1 ESMX (Earth System Model eXecutable) STARTING
20240824 035108.559 INFO             PET1 =============================================
20240824 035108.567 INFO             PET1 =============================================
20240824 035108.567 INFO             PET1 ESMX (Earth System Model eXecutable) FINISHED
20240824 035108.567 INFO             PET1 =============================================
20240824 035108.567 INFO             PET1  Finalizing ESMF
20240824 035108.531 INFO             PET2 !!!!!!!!!!!!!!!!!!!!!!!!!!!!!!!!!!!!!!!!!!!!!!!!!!!!!!
20240824 035108.531 INFO             PET2 !!! THE ESMF_LOG IS SET TO OUTPUT ALL LOG MESSAGES !!!
20240824 035108.531 INFO             PET2 !!!     THIS MAY CAUSE SLOWDOWN IN PERFORMANCE     !!!
20240824 035108.531 INFO             PET2 !!! FOR PRODUCTION RUNS, USE:                      !!!
20240824 035108.531 INFO             PET2 !!!                   ESMF_LOGKIND_Multi_On_Error  !!!
20240824 035108.531 INFO             PET2 !!!!!!!!!!!!!!!!!!!!!!!!!!!!!!!!!!!!!!!!!!!!!!!!!!!!!!
20240824 035108.531 INFO             PET2 Running with ESMF Version   : v8.7.0b11-5-gfda68a9ac3
20240824 035108.531 INFO             PET2 ESMF library build date/time: "Aug 24 2024" "03:07:59"
20240824 035108.531 INFO             PET2 ESMF library build location : /glade/derecho/scratch/sacks/esmf-testing/intel_2023.2.1-oneAPI_mpi_g_develop/esmf
20240824 035108.531 INFO             PET2 ESMF_COMM                   : mpi
20240824 035108.533 INFO             PET2 ESMF_MOAB                   : enabled
20240824 035108.533 INFO             PET2 ESMF_LAPACK                 : enabled
20240824 035108.533 INFO             PET2 ESMF_NETCDF                 : enabled
20240824 035108.533 INFO             PET2 ESMF_PNETCDF                : disabled
20240824 035108.533 INFO             PET2 ESMF_PIO                    : enabled
20240824 035108.533 INFO             PET2 ESMF_YAMLCPP                : enabled
20240824 035108.559 INFO             PET2 =============================================
20240824 035108.559 INFO             PET2 ESMX (Earth System Model eXecutable) STARTING
20240824 035108.559 INFO             PET2 =============================================
20240824 035108.567 INFO             PET2 =============================================
20240824 035108.567 INFO             PET2 ESMX (Earth System Model eXecutable) FINISHED
20240824 035108.567 INFO             PET2 =============================================
20240824 035108.567 INFO             PET2  Finalizing ESMF
20240824 035108.524 INFO             PET3 !!!!!!!!!!!!!!!!!!!!!!!!!!!!!!!!!!!!!!!!!!!!!!!!!!!!!!
20240824 035108.524 INFO             PET3 !!! THE ESMF_LOG IS SET TO OUTPUT ALL LOG MESSAGES !!!
20240824 035108.524 INFO             PET3 !!!     THIS MAY CAUSE SLOWDOWN IN PERFORMANCE     !!!
20240824 035108.524 INFO             PET3 !!! FOR PRODUCTION RUNS, USE:                      !!!
20240824 035108.524 INFO             PET3 !!!                   ESMF_LOGKIND_Multi_On_Error  !!!
20240824 035108.524 INFO             PET3 !!!!!!!!!!!!!!!!!!!!!!!!!!!!!!!!!!!!!!!!!!!!!!!!!!!!!!
20240824 035108.524 INFO             PET3 Running with ESMF Version   : v8.7.0b11-5-gfda68a9ac3
20240824 035108.524 INFO             PET3 ESMF library build date/time: "Aug 24 2024" "03:07:59"
20240824 035108.524 INFO             PET3 ESMF library build location : /glade/derecho/scratch/sacks/esmf-testing/intel_2023.2.1-oneAPI_mpi_g_develop/esmf
20240824 035108.524 INFO             PET3 ESMF_COMM                   : mpi
20240824 035108.529 INFO             PET3 ESMF_MOAB                   : enabled
20240824 035108.529 INFO             PET3 ESMF_LAPACK                 : enabled
20240824 035108.529 INFO             PET3 ESMF_NETCDF                 : enabled
20240824 035108.529 INFO             PET3 ESMF_PNETCDF                : disabled
20240824 035108.529 INFO             PET3 ESMF_PIO                    : enabled
20240824 035108.529 INFO             PET3 ESMF_YAMLCPP                : enabled
20240824 035108.559 INFO             PET3 =============================================
20240824 035108.559 INFO             PET3 ESMX (Earth System Model eXecutable) STARTING
20240824 035108.559 INFO             PET3 =============================================
20240824 035108.567 INFO             PET3 =============================================
20240824 035108.567 INFO             PET3 ESMX (Earth System Model eXecutable) FINISHED
20240824 035108.567 INFO             PET3 =============================================
20240824 035108.567 INFO             PET3  Finalizing ESMF
