2024-09-26 02:09:40
20240926 025236.948 INFO             PET0 !!!!!!!!!!!!!!!!!!!!!!!!!!!!!!!!!!!!!!!!!!!!!!!!!!!!!!
20240926 025236.949 INFO             PET0 !!! THE ESMF_LOG IS SET TO OUTPUT ALL LOG MESSAGES !!!
20240926 025236.949 INFO             PET0 !!!     THIS MAY CAUSE SLOWDOWN IN PERFORMANCE     !!!
20240926 025236.949 INFO             PET0 !!! FOR PRODUCTION RUNS, USE:                      !!!
20240926 025236.949 INFO             PET0 !!!                   ESMF_LOGKIND_Multi_On_Error  !!!
20240926 025236.949 INFO             PET0 !!!!!!!!!!!!!!!!!!!!!!!!!!!!!!!!!!!!!!!!!!!!!!!!!!!!!!
20240926 025236.949 INFO             PET0 Running with ESMF Version   : v8.7.0b14-1-g2597b0a993
20240926 025236.949 INFO             PET0 ESMF library build date/time: "Sep 26 2024" "02:06:00"
20240926 025236.949 INFO             PET0 ESMF library build location : /glade/derecho/scratch/sacks/esmf-testing/gfortran_12.2.0_pio2.5.10_mpi_O_release_8.7.0/esmf
20240926 025236.949 INFO             PET0 ESMF_COMM                   : mpi
20240926 025237.000 INFO             PET0 ESMF_MOAB                   : enabled
20240926 025237.000 INFO             PET0 ESMF_LAPACK                 : enabled
20240926 025237.000 INFO             PET0 ESMF_NETCDF                 : enabled
20240926 025237.000 INFO             PET0 ESMF_PNETCDF                : disabled
20240926 025237.000 INFO             PET0 ESMF_PIO                    : enabled
20240926 025237.000 INFO             PET0 ESMF_YAMLCPP                : enabled
20240926 025237.368 INFO             PET0  NUMBER_OF_PROCESSORS           4
20240926 025237.368 INFO             PET0  PASS  Example ESMF_VMUserMpiEx, ESMF_VMUserMpiEx.F90, line 96
20240926 025237.368 INFO             PET0  Finalizing ESMF with endflag==ESMF_END_KEEPMPI
20240926 025237.366 INFO             PET1 !!!!!!!!!!!!!!!!!!!!!!!!!!!!!!!!!!!!!!!!!!!!!!!!!!!!!!
20240926 025237.366 INFO             PET1 !!! THE ESMF_LOG IS SET TO OUTPUT ALL LOG MESSAGES !!!
20240926 025237.366 INFO             PET1 !!!     THIS MAY CAUSE SLOWDOWN IN PERFORMANCE     !!!
20240926 025237.366 INFO             PET1 !!! FOR PRODUCTION RUNS, USE:                      !!!
20240926 025237.366 INFO             PET1 !!!                   ESMF_LOGKIND_Multi_On_Error  !!!
20240926 025237.366 INFO             PET1 !!!!!!!!!!!!!!!!!!!!!!!!!!!!!!!!!!!!!!!!!!!!!!!!!!!!!!
20240926 025237.366 INFO             PET1 Running with ESMF Version   : v8.7.0b14-1-g2597b0a993
20240926 025237.366 INFO             PET1 ESMF library build date/time: "Sep 26 2024" "02:06:00"
20240926 025237.366 INFO             PET1 ESMF library build location : /glade/derecho/scratch/sacks/esmf-testing/gfortran_12.2.0_pio2.5.10_mpi_O_release_8.7.0/esmf
20240926 025237.366 INFO             PET1 ESMF_COMM                   : mpi
20240926 025237.368 INFO             PET1 ESMF_MOAB                   : enabled
20240926 025237.368 INFO             PET1 ESMF_LAPACK                 : enabled
20240926 025237.368 INFO             PET1 ESMF_NETCDF                 : enabled
20240926 025237.368 INFO             PET1 ESMF_PNETCDF                : disabled
20240926 025237.368 INFO             PET1 ESMF_PIO                    : enabled
20240926 025237.368 INFO             PET1 ESMF_YAMLCPP                : enabled
20240926 025237.368 INFO             PET1  NUMBER_OF_PROCESSORS           4
20240926 025237.368 INFO             PET1  PASS  Example ESMF_VMUserMpiEx, ESMF_VMUserMpiEx.F90, line 96
20240926 025237.368 INFO             PET1  Finalizing ESMF with endflag==ESMF_END_KEEPMPI
20240926 025236.948 INFO             PET2 !!!!!!!!!!!!!!!!!!!!!!!!!!!!!!!!!!!!!!!!!!!!!!!!!!!!!!
20240926 025236.948 INFO             PET2 !!! THE ESMF_LOG IS SET TO OUTPUT ALL LOG MESSAGES !!!
20240926 025236.948 INFO             PET2 !!!     THIS MAY CAUSE SLOWDOWN IN PERFORMANCE     !!!
20240926 025236.948 INFO             PET2 !!! FOR PRODUCTION RUNS, USE:                      !!!
20240926 025236.948 INFO             PET2 !!!                   ESMF_LOGKIND_Multi_On_Error  !!!
20240926 025236.948 INFO             PET2 !!!!!!!!!!!!!!!!!!!!!!!!!!!!!!!!!!!!!!!!!!!!!!!!!!!!!!
20240926 025236.948 INFO             PET2 Running with ESMF Version   : v8.7.0b14-1-g2597b0a993
20240926 025236.948 INFO             PET2 ESMF library build date/time: "Sep 26 2024" "02:06:00"
20240926 025236.948 INFO             PET2 ESMF library build location : /glade/derecho/scratch/sacks/esmf-testing/gfortran_12.2.0_pio2.5.10_mpi_O_release_8.7.0/esmf
20240926 025236.948 INFO             PET2 ESMF_COMM                   : mpi
20240926 025236.949 INFO             PET2 ESMF_MOAB                   : enabled
20240926 025236.949 INFO             PET2 ESMF_LAPACK                 : enabled
20240926 025236.949 INFO             PET2 ESMF_NETCDF                 : enabled
20240926 025236.949 INFO             PET2 ESMF_PNETCDF                : disabled
20240926 025236.949 INFO             PET2 ESMF_PIO                    : enabled
20240926 025236.949 INFO             PET2 ESMF_YAMLCPP                : enabled
20240926 025237.368 INFO             PET2  NUMBER_OF_PROCESSORS           4
20240926 025237.368 INFO             PET2  PASS  Example ESMF_VMUserMpiEx, ESMF_VMUserMpiEx.F90, line 96
20240926 025237.368 INFO             PET2  Finalizing ESMF with endflag==ESMF_END_KEEPMPI
20240926 025236.732 INFO             PET3 !!!!!!!!!!!!!!!!!!!!!!!!!!!!!!!!!!!!!!!!!!!!!!!!!!!!!!
20240926 025236.732 INFO             PET3 !!! THE ESMF_LOG IS SET TO OUTPUT ALL LOG MESSAGES !!!
20240926 025236.732 INFO             PET3 !!!     THIS MAY CAUSE SLOWDOWN IN PERFORMANCE     !!!
20240926 025236.732 INFO             PET3 !!! FOR PRODUCTION RUNS, USE:                      !!!
20240926 025236.732 INFO             PET3 !!!                   ESMF_LOGKIND_Multi_On_Error  !!!
20240926 025236.732 INFO             PET3 !!!!!!!!!!!!!!!!!!!!!!!!!!!!!!!!!!!!!!!!!!!!!!!!!!!!!!
20240926 025236.732 INFO             PET3 Running with ESMF Version   : v8.7.0b14-1-g2597b0a993
20240926 025236.732 INFO             PET3 ESMF library build date/time: "Sep 26 2024" "02:06:00"
20240926 025236.732 INFO             PET3 ESMF library build location : /glade/derecho/scratch/sacks/esmf-testing/gfortran_12.2.0_pio2.5.10_mpi_O_release_8.7.0/esmf
20240926 025236.732 INFO             PET3 ESMF_COMM                   : mpi
20240926 025236.736 INFO             PET3 ESMF_MOAB                   : enabled
20240926 025236.736 INFO             PET3 ESMF_LAPACK                 : enabled
20240926 025236.736 INFO             PET3 ESMF_NETCDF                 : enabled
20240926 025236.736 INFO             PET3 ESMF_PNETCDF                : disabled
20240926 025236.736 INFO             PET3 ESMF_PIO                    : enabled
20240926 025236.736 INFO             PET3 ESMF_YAMLCPP                : enabled
20240926 025237.368 INFO             PET3  NUMBER_OF_PROCESSORS           4
20240926 025237.368 INFO             PET3  PASS  Example ESMF_VMUserMpiEx, ESMF_VMUserMpiEx.F90, line 96
20240926 025237.368 INFO             PET3  Finalizing ESMF with endflag==ESMF_END_KEEPMPI
