2024-09-05 04:00:13
20240905 042028.987 INFO             PET0 !!!!!!!!!!!!!!!!!!!!!!!!!!!!!!!!!!!!!!!!!!!!!!!!!!!!!!
20240905 042028.987 INFO             PET0 !!! THE ESMF_LOG IS SET TO OUTPUT ALL LOG MESSAGES !!!
20240905 042028.987 INFO             PET0 !!!     THIS MAY CAUSE SLOWDOWN IN PERFORMANCE     !!!
20240905 042028.987 INFO             PET0 !!! FOR PRODUCTION RUNS, USE:                      !!!
20240905 042028.987 INFO             PET0 !!!                   ESMF_LOGKIND_Multi_On_Error  !!!
20240905 042028.987 INFO             PET0 !!!!!!!!!!!!!!!!!!!!!!!!!!!!!!!!!!!!!!!!!!!!!!!!!!!!!!
20240905 042028.987 INFO             PET0 Running with ESMF Version   : v8.7.0b13-1-g82ba326579
20240905 042028.987 INFO             PET0 ESMF library build date/time: "Sep  5 2024" "03:59:10"
20240905 042028.987 INFO             PET0 ESMF library build location : /tmp/intel_2023.1.0_mpiuni_O_develop/esmf
20240905 042028.987 INFO             PET0 ESMF_COMM                   : mpiuni
20240905 042028.987 INFO             PET0 ESMF_MOAB                   : enabled
20240905 042028.987 INFO             PET0 ESMF_LAPACK                 : enabled
20240905 042028.987 INFO             PET0 ESMF_NETCDF                 : enabled
20240905 042028.987 INFO             PET0 ESMF_PNETCDF                : disabled
20240905 042028.987 INFO             PET0 ESMF_PIO                    : enabled
20240905 042028.987 INFO             PET0 ESMF_YAMLCPP                : enabled
20240905 042029.008 DEBUG            PET0 about to destroy Grid: 0x628c90
20240905 042029.010 DEBUG            PET0 about to destroy Grid: 0x629d20
20240905 042029.018 INFO             PET0  NUMBER_OF_PROCESSORS           1
20240905 042029.018 INFO             PET0  PASS  Example ESMF_NUOPCAtmModelEx, ESMF_NUOPCAtmModelEx.F90, line 806
20240905 042029.018 INFO             PET0  Finalizing ESMF
