2024-10-02 05:39:17
20241002 064342.218 INFO             PET0 !!!!!!!!!!!!!!!!!!!!!!!!!!!!!!!!!!!!!!!!!!!!!!!!!!!!!!
20241002 064342.218 INFO             PET0 !!! THE ESMF_LOG IS SET TO OUTPUT ALL LOG MESSAGES !!!
20241002 064342.218 INFO             PET0 !!!     THIS MAY CAUSE SLOWDOWN IN PERFORMANCE     !!!
20241002 064342.218 INFO             PET0 !!! FOR PRODUCTION RUNS, USE:                      !!!
20241002 064342.218 INFO             PET0 !!!                   ESMF_LOGKIND_Multi_On_Error  !!!
20241002 064342.218 INFO             PET0 !!!!!!!!!!!!!!!!!!!!!!!!!!!!!!!!!!!!!!!!!!!!!!!!!!!!!!
20241002 064342.218 INFO             PET0 Running with ESMF Version   : v8.7.0b14-1-g2597b0a993
20241002 064342.218 INFO             PET0 ESMF library build date/time: "Oct  2 2024" "05:35:24"
20241002 064342.218 INFO             PET0 ESMF library build location : /glade/derecho/scratch/sacks/esmf-testing/cce_15.0.1_mpi_g_release_8.7.0/esmf
20241002 064342.218 INFO             PET0 ESMF_COMM                   : mpi
20241002 064342.291 INFO             PET0 ESMF_MOAB                   : enabled
20241002 064342.291 INFO             PET0 ESMF_LAPACK                 : enabled
20241002 064342.291 INFO             PET0 ESMF_NETCDF                 : enabled
20241002 064342.291 INFO             PET0 ESMF_PNETCDF                : disabled
20241002 064342.291 INFO             PET0 ESMF_PIO                    : enabled
20241002 064342.291 INFO             PET0 ESMF_YAMLCPP                : enabled
20241002 064342.291 INFO             PET0 ESMF Tracing Enabled
20241002 064342.291 INFO             PET0 ESMF Profiling Enabled
20241002 064342.291 INFO             PET0 ESMF Trace/Profile clock: REALTIME
20241002 064342.297 INFO             PET0  NUMBER_OF_PROCESSORS 4
20241002 064342.297 INFO             PET0  PASS  Example ESMF_TraceEx, ESMF_TraceEx.F90, line 178
20241002 064342.297 INFO             PET0  Finalizing ESMF
20241002 064342.297 INFO             PET0 **************** Region Timings *******************
20241002 064342.297 INFO             PET0 Region              Count  Total (s)   Self (s)    Mean (s)    Min (s)     Max (s)
20241002 064342.297 INFO             PET0   [ESMF]            1      0.0014      0.0014      0.0014      0.0014      0.0014
20241002 064342.297 INFO             PET0     [test] Run 1    5      0.0000      0.0000      0.0000      0.0000      0.0000
20241002 064342.297 INFO             PET0     [test] Init 1   1      0.0000      0.0000      0.0000      0.0000      0.0000
20241002 064342.297 INFO             PET0     [test] Final 1  1      0.0000      0.0000      0.0000      0.0000      0.0000
20241002 064342.216 INFO             PET1 !!!!!!!!!!!!!!!!!!!!!!!!!!!!!!!!!!!!!!!!!!!!!!!!!!!!!!
20241002 064342.217 INFO             PET1 !!! THE ESMF_LOG IS SET TO OUTPUT ALL LOG MESSAGES !!!
20241002 064342.217 INFO             PET1 !!!     THIS MAY CAUSE SLOWDOWN IN PERFORMANCE     !!!
20241002 064342.217 INFO             PET1 !!! FOR PRODUCTION RUNS, USE:                      !!!
20241002 064342.217 INFO             PET1 !!!                   ESMF_LOGKIND_Multi_On_Error  !!!
20241002 064342.217 INFO             PET1 !!!!!!!!!!!!!!!!!!!!!!!!!!!!!!!!!!!!!!!!!!!!!!!!!!!!!!
20241002 064342.217 INFO             PET1 Running with ESMF Version   : v8.7.0b14-1-g2597b0a993
20241002 064342.217 INFO             PET1 ESMF library build date/time: "Oct  2 2024" "05:35:24"
20241002 064342.217 INFO             PET1 ESMF library build location : /glade/derecho/scratch/sacks/esmf-testing/cce_15.0.1_mpi_g_release_8.7.0/esmf
20241002 064342.217 INFO             PET1 ESMF_COMM                   : mpi
20241002 064342.217 INFO             PET1 ESMF_MOAB                   : enabled
20241002 064342.217 INFO             PET1 ESMF_LAPACK                 : enabled
20241002 064342.217 INFO             PET1 ESMF_NETCDF                 : enabled
20241002 064342.217 INFO             PET1 ESMF_PNETCDF                : disabled
20241002 064342.217 INFO             PET1 ESMF_PIO                    : enabled
20241002 064342.217 INFO             PET1 ESMF_YAMLCPP                : enabled
20241002 064342.218 INFO             PET1 ESMF Tracing Enabled
20241002 064342.218 INFO             PET1 ESMF Profiling Enabled
20241002 064342.218 INFO             PET1 ESMF Trace/Profile clock: REALTIME
20241002 064342.297 INFO             PET1  NUMBER_OF_PROCESSORS 4
20241002 064342.297 INFO             PET1  PASS  Example ESMF_TraceEx, ESMF_TraceEx.F90, line 178
20241002 064342.297 INFO             PET1  Finalizing ESMF
20241002 064342.297 INFO             PET1 **************** Region Timings *******************
20241002 064342.297 INFO             PET1 Region              Count  Total (s)   Self (s)    Mean (s)    Min (s)     Max (s)
20241002 064342.297 INFO             PET1   [ESMF]            1      0.0044      0.0044      0.0044      0.0044      0.0044
20241002 064342.297 INFO             PET1     [test] Init 1   1      0.0000      0.0000      0.0000      0.0000      0.0000
20241002 064342.297 INFO             PET1     [test] Run 1    5      0.0000      0.0000      0.0000      0.0000      0.0000
20241002 064342.297 INFO             PET1     [test] Final 1  1      0.0000      0.0000      0.0000      0.0000      0.0000
20241002 064342.217 INFO             PET2 !!!!!!!!!!!!!!!!!!!!!!!!!!!!!!!!!!!!!!!!!!!!!!!!!!!!!!
20241002 064342.217 INFO             PET2 !!! THE ESMF_LOG IS SET TO OUTPUT ALL LOG MESSAGES !!!
20241002 064342.217 INFO             PET2 !!!     THIS MAY CAUSE SLOWDOWN IN PERFORMANCE     !!!
20241002 064342.217 INFO             PET2 !!! FOR PRODUCTION RUNS, USE:                      !!!
20241002 064342.217 INFO             PET2 !!!                   ESMF_LOGKIND_Multi_On_Error  !!!
20241002 064342.217 INFO             PET2 !!!!!!!!!!!!!!!!!!!!!!!!!!!!!!!!!!!!!!!!!!!!!!!!!!!!!!
20241002 064342.217 INFO             PET2 Running with ESMF Version   : v8.7.0b14-1-g2597b0a993
20241002 064342.217 INFO             PET2 ESMF library build date/time: "Oct  2 2024" "05:35:24"
20241002 064342.217 INFO             PET2 ESMF library build location : /glade/derecho/scratch/sacks/esmf-testing/cce_15.0.1_mpi_g_release_8.7.0/esmf
20241002 064342.217 INFO             PET2 ESMF_COMM                   : mpi
20241002 064342.220 INFO             PET2 ESMF_MOAB                   : enabled
20241002 064342.220 INFO             PET2 ESMF_LAPACK                 : enabled
20241002 064342.220 INFO             PET2 ESMF_NETCDF                 : enabled
20241002 064342.220 INFO             PET2 ESMF_PNETCDF                : disabled
20241002 064342.220 INFO             PET2 ESMF_PIO                    : enabled
20241002 064342.220 INFO             PET2 ESMF_YAMLCPP                : enabled
20241002 064342.220 INFO             PET2 ESMF Tracing Enabled
20241002 064342.220 INFO             PET2 ESMF Profiling Enabled
20241002 064342.220 INFO             PET2 ESMF Trace/Profile clock: REALTIME
20241002 064342.297 INFO             PET2  NUMBER_OF_PROCESSORS 4
20241002 064342.297 INFO             PET2  PASS  Example ESMF_TraceEx, ESMF_TraceEx.F90, line 178
20241002 064342.297 INFO             PET2  Finalizing ESMF
20241002 064342.297 INFO             PET2 **************** Region Timings *******************
20241002 064342.297 INFO             PET2 Region              Count  Total (s)   Self (s)    Mean (s)    Min (s)     Max (s)
20241002 064342.297 INFO             PET2   [ESMF]            1      0.0040      0.0040      0.0040      0.0040      0.0040
20241002 064342.297 INFO             PET2     [test] Init 1   1      0.0000      0.0000      0.0000      0.0000      0.0000
20241002 064342.297 INFO             PET2     [test] Run 1    5      0.0000      0.0000      0.0000      0.0000      0.0000
20241002 064342.297 INFO             PET2     [test] Final 1  1      0.0000      0.0000      0.0000      0.0000      0.0000
20241002 064342.219 INFO             PET3 !!!!!!!!!!!!!!!!!!!!!!!!!!!!!!!!!!!!!!!!!!!!!!!!!!!!!!
20241002 064342.219 INFO             PET3 !!! THE ESMF_LOG IS SET TO OUTPUT ALL LOG MESSAGES !!!
20241002 064342.219 INFO             PET3 !!!     THIS MAY CAUSE SLOWDOWN IN PERFORMANCE     !!!
20241002 064342.219 INFO             PET3 !!! FOR PRODUCTION RUNS, USE:                      !!!
20241002 064342.219 INFO             PET3 !!!                   ESMF_LOGKIND_Multi_On_Error  !!!
20241002 064342.219 INFO             PET3 !!!!!!!!!!!!!!!!!!!!!!!!!!!!!!!!!!!!!!!!!!!!!!!!!!!!!!
20241002 064342.219 INFO             PET3 Running with ESMF Version   : v8.7.0b14-1-g2597b0a993
20241002 064342.219 INFO             PET3 ESMF library build date/time: "Oct  2 2024" "05:35:24"
20241002 064342.219 INFO             PET3 ESMF library build location : /glade/derecho/scratch/sacks/esmf-testing/cce_15.0.1_mpi_g_release_8.7.0/esmf
20241002 064342.219 INFO             PET3 ESMF_COMM                   : mpi
20241002 064342.290 INFO             PET3 ESMF_MOAB                   : enabled
20241002 064342.290 INFO             PET3 ESMF_LAPACK                 : enabled
20241002 064342.290 INFO             PET3 ESMF_NETCDF                 : enabled
20241002 064342.290 INFO             PET3 ESMF_PNETCDF                : disabled
20241002 064342.290 INFO             PET3 ESMF_PIO                    : enabled
20241002 064342.290 INFO             PET3 ESMF_YAMLCPP                : enabled
20241002 064342.291 INFO             PET3 ESMF Tracing Enabled
20241002 064342.291 INFO             PET3 ESMF Profiling Enabled
20241002 064342.291 INFO             PET3 ESMF Trace/Profile clock: REALTIME
20241002 064342.297 INFO             PET3  NUMBER_OF_PROCESSORS 4
20241002 064342.297 INFO             PET3  PASS  Example ESMF_TraceEx, ESMF_TraceEx.F90, line 178
20241002 064342.297 INFO             PET3  Finalizing ESMF
20241002 064342.297 INFO             PET3 **************** Region Timings *******************
20241002 064342.297 INFO             PET3 Region              Count  Total (s)   Self (s)    Mean (s)    Min (s)     Max (s)
20241002 064342.297 INFO             PET3   [ESMF]            1      0.0046      0.0045      0.0046      0.0046      0.0046
20241002 064342.297 INFO             PET3     [test] Init 1   1      0.0000      0.0000      0.0000      0.0000      0.0000
20241002 064342.297 INFO             PET3     [test] Run 1    5      0.0000      0.0000      0.0000      0.0000      0.0000
20241002 064342.297 INFO             PET3     [test] Final 1  1      0.0000      0.0000      0.0000      0.0000      0.0000
