2024-09-28 05:20:03
 localPET= 0  localDE= 0 : array( 1 , 1 )= 0.
 localPET= 0  localDE= 0 : array( 1 , 2 )= 0.
 localPET= 0  localDE= 0 : array( 2 , 1 )= 0.
 localPET= 0  localDE= 0 : array( 2 , 2 )= 0.
 localPET= 0  localDE= 0 : array( 3 , 1 )= 0.
 localPET= 0  localDE= 0 : array( 3 , 2 )= 0.
 localPET= 0  localDE= 1 : array( 1 , 1 )= 1.15775837488710443E-310
 localPET= 0  localDE= 1 : array( 2 , 1 )= 5.01705639837025577E-316
 localPET= 0  localDE= 1 : array( 3 , 1 )= 6.01347001699906849E-154
 localPet:  0 DE  0  [ 1,  3 ]
 localPet:  0 DE  4  [ 1,  3 ]
  PASS  Example ESMF_ArrayEx, ESMF_ArrayEx.F90, line 1901
 PASS: ESMF_ArrayEx.F90
 localPET= 2  localDE= 0 : array( 1 , 1 )= 1.1277362113631941E-310
 localPET= 2  localDE= 0 : array( 1 , 2 )= 0.
 localPET= 2  localDE= 0 : array( 2 , 1 )= 1.1277362113631941E-310
 localPET= 2  localDE= 0 : array( 2 , 2 )= 0.
 localPET= 2  localDE= 0 : array( 3 , 1 )= 0.
 localPET= 2  localDE= 0 : array( 3 , 2 )= 0.
 localPet:  2 DE  2  [ 1,  3 ]
  PASS  Example ESMF_ArrayEx, ESMF_ArrayEx.F90, line 1901
 PASS: ESMF_ArrayEx.F90
 localPET= 3  localDE= 0 : array( 1 , 1 )= 1.13768899262744912E-310
 localPET= 3  localDE= 0 : array( 1 , 2 )= 4.18634103082863463E-149
 localPET= 3  localDE= 0 : array( 2 , 1 )= 1.13768899262744912E-310
 localPET= 3  localDE= 0 : array( 2 , 2 )= 4.18634103082863463E-149
 localPet:  3 DE  3  [ 1,  2 ]
  PASS  Example ESMF_ArrayEx, ESMF_ArrayEx.F90, line 1901
 PASS: ESMF_ArrayEx.F90
 localPET= 1  localDE= 0 : array( 1 , 1 )= 0.
 localPET= 1  localDE= 0 : array( 1 , 2 )= 0.
 localPET= 1  localDE= 0 : array( 2 , 1 )= 0.
 localPET= 1  localDE= 0 : array( 2 , 2 )= 0.
 localPET= 1  localDE= 1 : array( 1 , 1 )= 1.15833058680049728E-310
 localPET= 1  localDE= 1 : array( 2 , 1 )= 1.15833058680049728E-310
 localPet:  1 DE  1  [ 1,  2 ]
 localPet:  1 DE  5  [ 1,  2 ]
  PASS  Example ESMF_ArrayEx, ESMF_ArrayEx.F90, line 1901
 PASS: ESMF_ArrayEx.F90
