2024-10-06 22:26:57
20241006 231817.851 INFO             PET0 !!!!!!!!!!!!!!!!!!!!!!!!!!!!!!!!!!!!!!!!!!!!!!!!!!!!!!
20241006 231817.852 INFO             PET0 !!! THE ESMF_LOG IS SET TO OUTPUT ALL LOG MESSAGES !!!
20241006 231817.852 INFO             PET0 !!!     THIS MAY CAUSE SLOWDOWN IN PERFORMANCE     !!!
20241006 231817.852 INFO             PET0 !!! FOR PRODUCTION RUNS, USE:                      !!!
20241006 231817.852 INFO             PET0 !!!                   ESMF_LOGKIND_Multi_On_Error  !!!
20241006 231817.852 INFO             PET0 !!!!!!!!!!!!!!!!!!!!!!!!!!!!!!!!!!!!!!!!!!!!!!!!!!!!!!
20241006 231817.852 INFO             PET0 Running with ESMF Version   : v8.7.0
20241006 231817.852 INFO             PET0 ESMF library build date/time: "Oct  6 2024" "22:24:46"
20241006 231817.852 INFO             PET0 ESMF library build location : /discover/nobackup/projects/gmao/SIteam/ESMF_Testing/intel_2021.13.0_intelmpi_g_v8.7.0/esmf
20241006 231817.852 INFO             PET0 ESMF_COMM                   : intelmpi
20241006 231817.852 INFO             PET0 ESMF_MOAB                   : enabled
20241006 231817.852 INFO             PET0 ESMF_LAPACK                 : enabled
20241006 231817.852 INFO             PET0 ESMF_NETCDF                 : enabled
20241006 231817.852 INFO             PET0 ESMF_PNETCDF                : disabled
20241006 231817.852 INFO             PET0 ESMF_PIO                    : enabled
20241006 231817.852 INFO             PET0 ESMF_YAMLCPP                : enabled
20241006 231817.852 INFO             PET0  NUMBER_OF_PROCESSORS           2
20241006 231817.853 INFO             PET0  PASS  Example ESMF_VMUserMpiCommEx, ESMF_VMUserMpiCommEx.F90, line 113
20241006 231817.853 INFO             PET0  Finalizing ESMF with endflag==ESMF_END_KEEPMPI
20241006 231817.851 INFO             PET1 !!!!!!!!!!!!!!!!!!!!!!!!!!!!!!!!!!!!!!!!!!!!!!!!!!!!!!
20241006 231817.852 INFO             PET1 !!! THE ESMF_LOG IS SET TO OUTPUT ALL LOG MESSAGES !!!
20241006 231817.852 INFO             PET1 !!!     THIS MAY CAUSE SLOWDOWN IN PERFORMANCE     !!!
20241006 231817.852 INFO             PET1 !!! FOR PRODUCTION RUNS, USE:                      !!!
20241006 231817.852 INFO             PET1 !!!                   ESMF_LOGKIND_Multi_On_Error  !!!
20241006 231817.852 INFO             PET1 !!!!!!!!!!!!!!!!!!!!!!!!!!!!!!!!!!!!!!!!!!!!!!!!!!!!!!
20241006 231817.852 INFO             PET1 Running with ESMF Version   : v8.7.0
20241006 231817.852 INFO             PET1 ESMF library build date/time: "Oct  6 2024" "22:24:46"
20241006 231817.852 INFO             PET1 ESMF library build location : /discover/nobackup/projects/gmao/SIteam/ESMF_Testing/intel_2021.13.0_intelmpi_g_v8.7.0/esmf
20241006 231817.852 INFO             PET1 ESMF_COMM                   : intelmpi
20241006 231817.852 INFO             PET1 ESMF_MOAB                   : enabled
20241006 231817.852 INFO             PET1 ESMF_LAPACK                 : enabled
20241006 231817.852 INFO             PET1 ESMF_NETCDF                 : enabled
20241006 231817.852 INFO             PET1 ESMF_PNETCDF                : disabled
20241006 231817.852 INFO             PET1 ESMF_PIO                    : enabled
20241006 231817.852 INFO             PET1 ESMF_YAMLCPP                : enabled
20241006 231817.852 INFO             PET1  NUMBER_OF_PROCESSORS           2
20241006 231817.853 INFO             PET1  PASS  Example ESMF_VMUserMpiCommEx, ESMF_VMUserMpiCommEx.F90, line 113
20241006 231817.853 INFO             PET1  Finalizing ESMF with endflag==ESMF_END_KEEPMPI
