2024-09-21 02:36:45
20240921 031700.858 INFO             PET0 !!!!!!!!!!!!!!!!!!!!!!!!!!!!!!!!!!!!!!!!!!!!!!!!!!!!!!
20240921 031700.859 INFO             PET0 !!! THE ESMF_LOG IS SET TO OUTPUT ALL LOG MESSAGES !!!
20240921 031700.859 INFO             PET0 !!!     THIS MAY CAUSE SLOWDOWN IN PERFORMANCE     !!!
20240921 031700.859 INFO             PET0 !!! FOR PRODUCTION RUNS, USE:                      !!!
20240921 031700.859 INFO             PET0 !!!                   ESMF_LOGKIND_Multi_On_Error  !!!
20240921 031700.859 INFO             PET0 !!!!!!!!!!!!!!!!!!!!!!!!!!!!!!!!!!!!!!!!!!!!!!!!!!!!!!
20240921 031700.859 INFO             PET0 Running with ESMF Version   : v8.7.0b14-1-g2597b0a993
20240921 031700.859 INFO             PET0 ESMF library build date/time: "Sep 21 2024" "02:34:25"
20240921 031700.859 INFO             PET0 ESMF library build location : /work/noaa/da/mpotts/sandbox/gfortran_12.2.0_openmpi_O_release_8.7.0/esmf
20240921 031700.859 INFO             PET0 ESMF_COMM                   : openmpi
20240921 031700.859 INFO             PET0 ESMF_MOAB                   : enabled
20240921 031700.859 INFO             PET0 ESMF_LAPACK                 : enabled
20240921 031700.859 INFO             PET0 ESMF_NETCDF                 : disabled
20240921 031700.859 INFO             PET0 ESMF_PNETCDF                : disabled
20240921 031700.859 INFO             PET0 ESMF_PIO                    : disabled
20240921 031700.859 INFO             PET0 ESMF_YAMLCPP                : enabled
20240921 031700.863 INFO             PET0  NUMBER_OF_PROCESSORS           1
20240921 031700.863 INFO             PET0  PASS  Example ESMF_XGridSparseMatEx, ESMF_XGridSparseMatEx.F90, line 642
20240921 031700.863 INFO             PET0  Finalizing ESMF
