2024-10-04 17:05:45
20241004 172140.407 INFO             PET0 !!!!!!!!!!!!!!!!!!!!!!!!!!!!!!!!!!!!!!!!!!!!!!!!!!!!!!
20241004 172140.408 INFO             PET0 !!! THE ESMF_LOG IS SET TO OUTPUT ALL LOG MESSAGES !!!
20241004 172140.408 INFO             PET0 !!!     THIS MAY CAUSE SLOWDOWN IN PERFORMANCE     !!!
20241004 172140.408 INFO             PET0 !!! FOR PRODUCTION RUNS, USE:                      !!!
20241004 172140.408 INFO             PET0 !!!                   ESMF_LOGKIND_Multi_On_Error  !!!
20241004 172140.408 INFO             PET0 !!!!!!!!!!!!!!!!!!!!!!!!!!!!!!!!!!!!!!!!!!!!!!!!!!!!!!
20241004 172140.408 INFO             PET0 Running with ESMF Version   : v8.7.0
20241004 172140.408 INFO             PET0 ESMF library build date/time: "Oct  4 2024" "17:04:49"
20241004 172140.408 INFO             PET0 ESMF library build location : /Users/oehmke/ESMF_AutoTest/gfortranclang_12.2.0_14.0.0_mpich_O_v8.7.0/esmf
20241004 172140.408 INFO             PET0 ESMF_COMM                   : mpich
20241004 172140.408 INFO             PET0 ESMF_MOAB                   : enabled
20241004 172140.408 INFO             PET0 ESMF_LAPACK                 : enabled
20241004 172140.408 INFO             PET0 ESMF_NETCDF                 : enabled
20241004 172140.408 INFO             PET0 ESMF_PNETCDF                : disabled
20241004 172140.408 INFO             PET0 ESMF_PIO                    : enabled
20241004 172140.408 INFO             PET0 ESMF_YAMLCPP                : enabled
20241004 172140.408 ERROR            PET0 ESMF_StateAPI.cppF90:1191 ESMF_StateAddList Object being used before creation  - Bad Object
20241004 172140.409 INFO             PET0  NUMBER_OF_PROCESSORS           4
20241004 172140.409 INFO             PET0  PASS  Example ESMF_StateReconcileEx, ESMF_StateReconcileEx.F90, line 294
20241004 172140.409 INFO             PET0  Finalizing ESMF
20241004 172140.409 INFO             PET0 ESMCI_IO_Handler.C:335 ESMCI::IO_Handler::finalize() 
20241004 172140.409 INFO             PET0 ESMCI_PIO_Handler.C:356 ESMCI::PIO_Handler::finalize() 
20241004 172140.409 INFO             PET0 ESMCI_IO_Handler.C:337 ESMCI::IO_Handler::finalize() after finalize, localrc = 0
20241004 172140.409 INFO             PET0 ESMCI_IO_Handler.C:360 ESMCI::IO_Handler::finalize() before return, localrc = 0
20241004 172140.407 INFO             PET1 !!!!!!!!!!!!!!!!!!!!!!!!!!!!!!!!!!!!!!!!!!!!!!!!!!!!!!
20241004 172140.408 INFO             PET1 !!! THE ESMF_LOG IS SET TO OUTPUT ALL LOG MESSAGES !!!
20241004 172140.408 INFO             PET1 !!!     THIS MAY CAUSE SLOWDOWN IN PERFORMANCE     !!!
20241004 172140.408 INFO             PET1 !!! FOR PRODUCTION RUNS, USE:                      !!!
20241004 172140.408 INFO             PET1 !!!                   ESMF_LOGKIND_Multi_On_Error  !!!
20241004 172140.408 INFO             PET1 !!!!!!!!!!!!!!!!!!!!!!!!!!!!!!!!!!!!!!!!!!!!!!!!!!!!!!
20241004 172140.408 INFO             PET1 Running with ESMF Version   : v8.7.0
20241004 172140.408 INFO             PET1 ESMF library build date/time: "Oct  4 2024" "17:04:49"
20241004 172140.408 INFO             PET1 ESMF library build location : /Users/oehmke/ESMF_AutoTest/gfortranclang_12.2.0_14.0.0_mpich_O_v8.7.0/esmf
20241004 172140.408 INFO             PET1 ESMF_COMM                   : mpich
20241004 172140.408 INFO             PET1 ESMF_MOAB                   : enabled
20241004 172140.408 INFO             PET1 ESMF_LAPACK                 : enabled
20241004 172140.408 INFO             PET1 ESMF_NETCDF                 : enabled
20241004 172140.408 INFO             PET1 ESMF_PNETCDF                : disabled
20241004 172140.408 INFO             PET1 ESMF_PIO                    : enabled
20241004 172140.408 INFO             PET1 ESMF_YAMLCPP                : enabled
20241004 172140.408 ERROR            PET1 ESMF_StateAPI.cppF90:1191 ESMF_StateAddList Object being used before creation  - Bad Object
20241004 172140.409 INFO             PET1  NUMBER_OF_PROCESSORS           4
20241004 172140.409 INFO             PET1  PASS  Example ESMF_StateReconcileEx, ESMF_StateReconcileEx.F90, line 294
20241004 172140.409 INFO             PET1  Finalizing ESMF
20241004 172140.409 INFO             PET1 ESMCI_IO_Handler.C:335 ESMCI::IO_Handler::finalize() 
20241004 172140.409 INFO             PET1 ESMCI_PIO_Handler.C:356 ESMCI::PIO_Handler::finalize() 
20241004 172140.409 INFO             PET1 ESMCI_IO_Handler.C:337 ESMCI::IO_Handler::finalize() after finalize, localrc = 0
20241004 172140.409 INFO             PET1 ESMCI_IO_Handler.C:360 ESMCI::IO_Handler::finalize() before return, localrc = 0
20241004 172140.407 INFO             PET2 !!!!!!!!!!!!!!!!!!!!!!!!!!!!!!!!!!!!!!!!!!!!!!!!!!!!!!
20241004 172140.408 INFO             PET2 !!! THE ESMF_LOG IS SET TO OUTPUT ALL LOG MESSAGES !!!
20241004 172140.408 INFO             PET2 !!!     THIS MAY CAUSE SLOWDOWN IN PERFORMANCE     !!!
20241004 172140.408 INFO             PET2 !!! FOR PRODUCTION RUNS, USE:                      !!!
20241004 172140.408 INFO             PET2 !!!                   ESMF_LOGKIND_Multi_On_Error  !!!
20241004 172140.408 INFO             PET2 !!!!!!!!!!!!!!!!!!!!!!!!!!!!!!!!!!!!!!!!!!!!!!!!!!!!!!
20241004 172140.408 INFO             PET2 Running with ESMF Version   : v8.7.0
20241004 172140.408 INFO             PET2 ESMF library build date/time: "Oct  4 2024" "17:04:49"
20241004 172140.408 INFO             PET2 ESMF library build location : /Users/oehmke/ESMF_AutoTest/gfortranclang_12.2.0_14.0.0_mpich_O_v8.7.0/esmf
20241004 172140.408 INFO             PET2 ESMF_COMM                   : mpich
20241004 172140.408 INFO             PET2 ESMF_MOAB                   : enabled
20241004 172140.408 INFO             PET2 ESMF_LAPACK                 : enabled
20241004 172140.408 INFO             PET2 ESMF_NETCDF                 : enabled
20241004 172140.408 INFO             PET2 ESMF_PNETCDF                : disabled
20241004 172140.408 INFO             PET2 ESMF_PIO                    : enabled
20241004 172140.408 INFO             PET2 ESMF_YAMLCPP                : enabled
20241004 172140.408 ERROR            PET2 ESMF_StateAPI.cppF90:1191 ESMF_StateAddList Object being used before creation  - Bad Object
20241004 172140.409 INFO             PET2  NUMBER_OF_PROCESSORS           4
20241004 172140.409 INFO             PET2  PASS  Example ESMF_StateReconcileEx, ESMF_StateReconcileEx.F90, line 294
20241004 172140.409 INFO             PET2  Finalizing ESMF
20241004 172140.409 INFO             PET2 ESMCI_IO_Handler.C:335 ESMCI::IO_Handler::finalize() 
20241004 172140.409 INFO             PET2 ESMCI_PIO_Handler.C:356 ESMCI::PIO_Handler::finalize() 
20241004 172140.409 INFO             PET2 ESMCI_IO_Handler.C:337 ESMCI::IO_Handler::finalize() after finalize, localrc = 0
20241004 172140.409 INFO             PET2 ESMCI_IO_Handler.C:360 ESMCI::IO_Handler::finalize() before return, localrc = 0
20241004 172140.407 INFO             PET3 !!!!!!!!!!!!!!!!!!!!!!!!!!!!!!!!!!!!!!!!!!!!!!!!!!!!!!
20241004 172140.408 INFO             PET3 !!! THE ESMF_LOG IS SET TO OUTPUT ALL LOG MESSAGES !!!
20241004 172140.408 INFO             PET3 !!!     THIS MAY CAUSE SLOWDOWN IN PERFORMANCE     !!!
20241004 172140.408 INFO             PET3 !!! FOR PRODUCTION RUNS, USE:                      !!!
20241004 172140.408 INFO             PET3 !!!                   ESMF_LOGKIND_Multi_On_Error  !!!
20241004 172140.408 INFO             PET3 !!!!!!!!!!!!!!!!!!!!!!!!!!!!!!!!!!!!!!!!!!!!!!!!!!!!!!
20241004 172140.408 INFO             PET3 Running with ESMF Version   : v8.7.0
20241004 172140.408 INFO             PET3 ESMF library build date/time: "Oct  4 2024" "17:04:49"
20241004 172140.408 INFO             PET3 ESMF library build location : /Users/oehmke/ESMF_AutoTest/gfortranclang_12.2.0_14.0.0_mpich_O_v8.7.0/esmf
20241004 172140.408 INFO             PET3 ESMF_COMM                   : mpich
20241004 172140.408 INFO             PET3 ESMF_MOAB                   : enabled
20241004 172140.408 INFO             PET3 ESMF_LAPACK                 : enabled
20241004 172140.408 INFO             PET3 ESMF_NETCDF                 : enabled
20241004 172140.408 INFO             PET3 ESMF_PNETCDF                : disabled
20241004 172140.408 INFO             PET3 ESMF_PIO                    : enabled
20241004 172140.408 INFO             PET3 ESMF_YAMLCPP                : enabled
20241004 172140.408 ERROR            PET3 ESMF_StateAPI.cppF90:1191 ESMF_StateAddList Object being used before creation  - Bad Object
20241004 172140.409 INFO             PET3  NUMBER_OF_PROCESSORS           4
20241004 172140.409 INFO             PET3  PASS  Example ESMF_StateReconcileEx, ESMF_StateReconcileEx.F90, line 294
20241004 172140.409 INFO             PET3  Finalizing ESMF
20241004 172140.409 INFO             PET3 ESMCI_IO_Handler.C:335 ESMCI::IO_Handler::finalize() 
20241004 172140.409 INFO             PET3 ESMCI_PIO_Handler.C:356 ESMCI::PIO_Handler::finalize() 
20241004 172140.409 INFO             PET3 ESMCI_IO_Handler.C:337 ESMCI::IO_Handler::finalize() after finalize, localrc = 0
20241004 172140.409 INFO             PET3 ESMCI_IO_Handler.C:360 ESMCI::IO_Handler::finalize() before return, localrc = 0
