2024-09-22 04:03:39
20240922 045848.288 INFO             PET0 !!!!!!!!!!!!!!!!!!!!!!!!!!!!!!!!!!!!!!!!!!!!!!!!!!!!!!
20240922 045848.288 INFO             PET0 !!! THE ESMF_LOG IS SET TO OUTPUT ALL LOG MESSAGES !!!
20240922 045848.288 INFO             PET0 !!!     THIS MAY CAUSE SLOWDOWN IN PERFORMANCE     !!!
20240922 045848.288 INFO             PET0 !!! FOR PRODUCTION RUNS, USE:                      !!!
20240922 045848.288 INFO             PET0 !!!                   ESMF_LOGKIND_Multi_On_Error  !!!
20240922 045848.288 INFO             PET0 !!!!!!!!!!!!!!!!!!!!!!!!!!!!!!!!!!!!!!!!!!!!!!!!!!!!!!
20240922 045848.288 INFO             PET0 Running with ESMF Version   : v8.7.0b14-1-g2597b0a993
20240922 045848.288 INFO             PET0 ESMF library build date/time: "Sep 22 2024" "04:00:51"
20240922 045848.288 INFO             PET0 ESMF library build location : /glade/derecho/scratch/sacks/esmf-testing/cce_15.0.1_mpi_O_release_8.7.0/esmf
20240922 045848.288 INFO             PET0 ESMF_COMM                   : mpi
20240922 045848.291 INFO             PET0 ESMF_MOAB                   : enabled
20240922 045848.291 INFO             PET0 ESMF_LAPACK                 : enabled
20240922 045848.291 INFO             PET0 ESMF_NETCDF                 : enabled
20240922 045848.291 INFO             PET0 ESMF_PNETCDF                : disabled
20240922 045848.291 INFO             PET0 ESMF_PIO                    : enabled
20240922 045848.291 INFO             PET0 ESMF_YAMLCPP                : enabled
20240922 045848.299 INFO             PET0 =============================================
20240922 045848.299 INFO             PET0 ESMX (Earth System Model eXecutable) STARTING
20240922 045848.299 INFO             PET0 =============================================
20240922 045848.301 INFO             PET0 ESMX_Driver: InitializeGeneric intro.
20240922 045848.301 INFO             PET0   ESMX_Driver: InitializeP0 intro.
20240922 045848.302 INFO             PET0   ESMX_Driver: InitializeP0 extro.
20240922 045848.302 INFO             PET0   ESMX_Driver: InitializeIPDv02p1 intro.
20240922 045848.302 INFO             PET0     >>>ESMX_Driver: entered Initialize (phase=<none>) without valid internal Clock.
20240922 045848.302 INFO             PET0     ESMX_Driver: IInitAdvertise intro.
20240922 045848.302 INFO             PET0     ESMX_Driver: IInitAdvertise extro.
20240922 045848.303 INFO             PET0     ESMX_Driver: IInitAdvertiseFinish intro.
20240922 045848.303 INFO             PET0     ESMX_Driver: IInitAdvertiseFinish extro.
20240922 045848.303 INFO             PET0     ESMX_Driver: IInitModifyCplLists intro.
20240922 045848.303 INFO             PET0     ESMX_Driver: IInitModifyCplLists extro.
20240922 045848.303 INFO             PET0     <<<ESMX_Driver: leaving Initialize (phase=<none>) with current time: 2012 10 24  8  0  0   0
20240922 045848.303 INFO             PET0   ESMX_Driver: InitializeIPDv02p1 extro.
20240922 045848.303 INFO             PET0   ESMX_Driver: InitializeIPDv02p3 intro.
20240922 045848.303 INFO             PET0     >>>ESMX_Driver: entered Initialize (phase=<none>) with current time: 2012 10 24  8  0  0   0
20240922 045848.303 INFO             PET0     ESMX_Driver: IInitCheck intro.
20240922 045848.303 INFO             PET0     ESMX_Driver: IInitCheck extro.
20240922 045848.303 INFO             PET0     ESMX_Driver: IInitRealize intro.
20240922 045848.303 INFO             PET0     ESMX_Driver: IInitRealize extro.
20240922 045848.303 INFO             PET0     <<<ESMX_Driver: leaving Initialize (phase=<none>) with current time: 2012 10 24  8  0  0   0
20240922 045848.303 INFO             PET0   ESMX_Driver: InitializeIPDv02p3 extro.
20240922 045848.303 INFO             PET0   ESMX_Driver: InitializeIPDv02p5 intro.
20240922 045848.303 INFO             PET0     >>>ESMX_Driver: entered Initialize (phase=<none>) with current time: 2012 10 24  8  0  0   0
20240922 045848.303 INFO             PET0     ESMX_Driver: InitializeIPDv02p5Data intro.
20240922 045848.303 INFO             PET0       ESMX_Driver: InternalInitializeComplete intro.
20240922 045848.304 INFO             PET0       ESMX_Driver: InternalInitializeComplete extro.
20240922 045848.304 INFO             PET0       ESMX_Driver: loopDataDependentInitialize intro.
20240922 045848.304 INFO             PET0       ESMX_Driver: loopDataDependentInitialize extro.
20240922 045848.304 INFO             PET0     ESMX_Driver: InitializeIPDv02p5Data extro.
20240922 045848.304 INFO             PET0     <<<ESMX_Driver: leaving Initialize (phase=<none>) with current time: 2012 10 24  8  0  0   0
20240922 045848.304 INFO             PET0   ESMX_Driver: InitializeIPDv02p5 extro.
20240922 045848.304 INFO             PET0 ESMX_Driver: InitializeGeneric extro.
20240922 045848.304 INFO             PET0 ESMX_Driver: Run intro.
20240922 045848.304 INFO             PET0   >>>ESMX_Driver: entered Run (phase=RunPhase1) with current time: 2012 10 24  8  0  0   0
20240922 045848.304 INFO             PET0   <<<ESMX_Driver: leaving Run (phase=RunPhase1) with current time: 2012 10 24  8  0  0   0
20240922 045848.304 INFO             PET0 ESMX_Driver: Run extro.
20240922 045848.304 INFO             PET0 ESMX_Driver: Finalize intro.
20240922 045848.304 INFO             PET0 ESMX_Driver: Finalize extro.
20240922 045848.304 INFO             PET0 =============================================
20240922 045848.304 INFO             PET0 ESMX (Earth System Model eXecutable) FINISHED
20240922 045848.304 INFO             PET0 =============================================
20240922 045848.305 INFO             PET0  Finalizing ESMF
20240922 045848.289 INFO             PET1 !!!!!!!!!!!!!!!!!!!!!!!!!!!!!!!!!!!!!!!!!!!!!!!!!!!!!!
20240922 045848.289 INFO             PET1 !!! THE ESMF_LOG IS SET TO OUTPUT ALL LOG MESSAGES !!!
20240922 045848.289 INFO             PET1 !!!     THIS MAY CAUSE SLOWDOWN IN PERFORMANCE     !!!
20240922 045848.289 INFO             PET1 !!! FOR PRODUCTION RUNS, USE:                      !!!
20240922 045848.289 INFO             PET1 !!!                   ESMF_LOGKIND_Multi_On_Error  !!!
20240922 045848.289 INFO             PET1 !!!!!!!!!!!!!!!!!!!!!!!!!!!!!!!!!!!!!!!!!!!!!!!!!!!!!!
20240922 045848.289 INFO             PET1 Running with ESMF Version   : v8.7.0b14-1-g2597b0a993
20240922 045848.289 INFO             PET1 ESMF library build date/time: "Sep 22 2024" "04:00:51"
20240922 045848.289 INFO             PET1 ESMF library build location : /glade/derecho/scratch/sacks/esmf-testing/cce_15.0.1_mpi_O_release_8.7.0/esmf
20240922 045848.289 INFO             PET1 ESMF_COMM                   : mpi
20240922 045848.291 INFO             PET1 ESMF_MOAB                   : enabled
20240922 045848.291 INFO             PET1 ESMF_LAPACK                 : enabled
20240922 045848.291 INFO             PET1 ESMF_NETCDF                 : enabled
20240922 045848.291 INFO             PET1 ESMF_PNETCDF                : disabled
20240922 045848.291 INFO             PET1 ESMF_PIO                    : enabled
20240922 045848.291 INFO             PET1 ESMF_YAMLCPP                : enabled
20240922 045848.299 INFO             PET1 =============================================
20240922 045848.299 INFO             PET1 ESMX (Earth System Model eXecutable) STARTING
20240922 045848.299 INFO             PET1 =============================================
20240922 045848.301 INFO             PET1 ESMX_Driver: InitializeGeneric intro.
20240922 045848.301 INFO             PET1   ESMX_Driver: InitializeP0 intro.
20240922 045848.302 INFO             PET1   ESMX_Driver: InitializeP0 extro.
20240922 045848.302 INFO             PET1   ESMX_Driver: InitializeIPDv02p1 intro.
20240922 045848.302 INFO             PET1     >>>ESMX_Driver: entered Initialize (phase=<none>) without valid internal Clock.
20240922 045848.302 INFO             PET1     ESMX_Driver: IInitAdvertise intro.
20240922 045848.302 INFO             PET1     ESMX_Driver: IInitAdvertise extro.
20240922 045848.302 INFO             PET1     ESMX_Driver: IInitAdvertiseFinish intro.
20240922 045848.303 INFO             PET1     ESMX_Driver: IInitAdvertiseFinish extro.
20240922 045848.303 INFO             PET1     ESMX_Driver: IInitModifyCplLists intro.
20240922 045848.303 INFO             PET1     ESMX_Driver: IInitModifyCplLists extro.
20240922 045848.303 INFO             PET1     <<<ESMX_Driver: leaving Initialize (phase=<none>) with current time: 2012 10 24  8  0  0   0
20240922 045848.303 INFO             PET1   ESMX_Driver: InitializeIPDv02p1 extro.
20240922 045848.303 INFO             PET1   ESMX_Driver: InitializeIPDv02p3 intro.
20240922 045848.303 INFO             PET1     >>>ESMX_Driver: entered Initialize (phase=<none>) with current time: 2012 10 24  8  0  0   0
20240922 045848.303 INFO             PET1     ESMX_Driver: IInitCheck intro.
20240922 045848.303 INFO             PET1     ESMX_Driver: IInitCheck extro.
20240922 045848.303 INFO             PET1     ESMX_Driver: IInitRealize intro.
20240922 045848.303 INFO             PET1     ESMX_Driver: IInitRealize extro.
20240922 045848.303 INFO             PET1     <<<ESMX_Driver: leaving Initialize (phase=<none>) with current time: 2012 10 24  8  0  0   0
20240922 045848.303 INFO             PET1   ESMX_Driver: InitializeIPDv02p3 extro.
20240922 045848.303 INFO             PET1   ESMX_Driver: InitializeIPDv02p5 intro.
20240922 045848.303 INFO             PET1     >>>ESMX_Driver: entered Initialize (phase=<none>) with current time: 2012 10 24  8  0  0   0
20240922 045848.303 INFO             PET1     ESMX_Driver: InitializeIPDv02p5Data intro.
20240922 045848.304 INFO             PET1       ESMX_Driver: InternalInitializeComplete intro.
20240922 045848.304 INFO             PET1       ESMX_Driver: InternalInitializeComplete extro.
20240922 045848.304 INFO             PET1       ESMX_Driver: loopDataDependentInitialize intro.
20240922 045848.304 INFO             PET1       ESMX_Driver: loopDataDependentInitialize extro.
20240922 045848.304 INFO             PET1     ESMX_Driver: InitializeIPDv02p5Data extro.
20240922 045848.304 INFO             PET1     <<<ESMX_Driver: leaving Initialize (phase=<none>) with current time: 2012 10 24  8  0  0   0
20240922 045848.304 INFO             PET1   ESMX_Driver: InitializeIPDv02p5 extro.
20240922 045848.304 INFO             PET1 ESMX_Driver: InitializeGeneric extro.
20240922 045848.304 INFO             PET1 ESMX_Driver: Run intro.
20240922 045848.304 INFO             PET1   >>>ESMX_Driver: entered Run (phase=RunPhase1) with current time: 2012 10 24  8  0  0   0
20240922 045848.304 INFO             PET1   <<<ESMX_Driver: leaving Run (phase=RunPhase1) with current time: 2012 10 24  8  0  0   0
20240922 045848.304 INFO             PET1 ESMX_Driver: Run extro.
20240922 045848.304 INFO             PET1 ESMX_Driver: Finalize intro.
20240922 045848.304 INFO             PET1 ESMX_Driver: Finalize extro.
20240922 045848.304 INFO             PET1 =============================================
20240922 045848.305 INFO             PET1 ESMX (Earth System Model eXecutable) FINISHED
20240922 045848.305 INFO             PET1 =============================================
20240922 045848.305 INFO             PET1  Finalizing ESMF
20240922 045848.293 INFO             PET2 !!!!!!!!!!!!!!!!!!!!!!!!!!!!!!!!!!!!!!!!!!!!!!!!!!!!!!
20240922 045848.293 INFO             PET2 !!! THE ESMF_LOG IS SET TO OUTPUT ALL LOG MESSAGES !!!
20240922 045848.293 INFO             PET2 !!!     THIS MAY CAUSE SLOWDOWN IN PERFORMANCE     !!!
20240922 045848.293 INFO             PET2 !!! FOR PRODUCTION RUNS, USE:                      !!!
20240922 045848.293 INFO             PET2 !!!                   ESMF_LOGKIND_Multi_On_Error  !!!
20240922 045848.293 INFO             PET2 !!!!!!!!!!!!!!!!!!!!!!!!!!!!!!!!!!!!!!!!!!!!!!!!!!!!!!
20240922 045848.293 INFO             PET2 Running with ESMF Version   : v8.7.0b14-1-g2597b0a993
20240922 045848.293 INFO             PET2 ESMF library build date/time: "Sep 22 2024" "04:00:51"
20240922 045848.293 INFO             PET2 ESMF library build location : /glade/derecho/scratch/sacks/esmf-testing/cce_15.0.1_mpi_O_release_8.7.0/esmf
20240922 045848.293 INFO             PET2 ESMF_COMM                   : mpi
20240922 045848.298 INFO             PET2 ESMF_MOAB                   : enabled
20240922 045848.298 INFO             PET2 ESMF_LAPACK                 : enabled
20240922 045848.298 INFO             PET2 ESMF_NETCDF                 : enabled
20240922 045848.298 INFO             PET2 ESMF_PNETCDF                : disabled
20240922 045848.298 INFO             PET2 ESMF_PIO                    : enabled
20240922 045848.298 INFO             PET2 ESMF_YAMLCPP                : enabled
20240922 045848.299 INFO             PET2 =============================================
20240922 045848.299 INFO             PET2 ESMX (Earth System Model eXecutable) STARTING
20240922 045848.299 INFO             PET2 =============================================
20240922 045848.301 INFO             PET2 ESMX_Driver: InitializeGeneric intro.
20240922 045848.301 INFO             PET2   ESMX_Driver: InitializeP0 intro.
20240922 045848.302 INFO             PET2   ESMX_Driver: InitializeP0 extro.
20240922 045848.302 INFO             PET2   ESMX_Driver: InitializeIPDv02p1 intro.
20240922 045848.302 INFO             PET2     >>>ESMX_Driver: entered Initialize (phase=<none>) without valid internal Clock.
20240922 045848.302 INFO             PET2     ESMX_Driver: IInitAdvertise intro.
20240922 045848.302 INFO             PET2     ESMX_Driver: IInitAdvertise extro.
20240922 045848.302 INFO             PET2     ESMX_Driver: IInitAdvertiseFinish intro.
20240922 045848.303 INFO             PET2     ESMX_Driver: IInitAdvertiseFinish extro.
20240922 045848.303 INFO             PET2     ESMX_Driver: IInitModifyCplLists intro.
20240922 045848.303 INFO             PET2     ESMX_Driver: IInitModifyCplLists extro.
20240922 045848.303 INFO             PET2     <<<ESMX_Driver: leaving Initialize (phase=<none>) with current time: 2012 10 24  8  0  0   0
20240922 045848.303 INFO             PET2   ESMX_Driver: InitializeIPDv02p1 extro.
20240922 045848.303 INFO             PET2   ESMX_Driver: InitializeIPDv02p3 intro.
20240922 045848.303 INFO             PET2     >>>ESMX_Driver: entered Initialize (phase=<none>) with current time: 2012 10 24  8  0  0   0
20240922 045848.303 INFO             PET2     ESMX_Driver: IInitCheck intro.
20240922 045848.303 INFO             PET2     ESMX_Driver: IInitCheck extro.
20240922 045848.303 INFO             PET2     ESMX_Driver: IInitRealize intro.
20240922 045848.303 INFO             PET2     ESMX_Driver: IInitRealize extro.
20240922 045848.303 INFO             PET2     <<<ESMX_Driver: leaving Initialize (phase=<none>) with current time: 2012 10 24  8  0  0   0
20240922 045848.303 INFO             PET2   ESMX_Driver: InitializeIPDv02p3 extro.
20240922 045848.303 INFO             PET2   ESMX_Driver: InitializeIPDv02p5 intro.
20240922 045848.303 INFO             PET2     >>>ESMX_Driver: entered Initialize (phase=<none>) with current time: 2012 10 24  8  0  0   0
20240922 045848.303 INFO             PET2     ESMX_Driver: InitializeIPDv02p5Data intro.
20240922 045848.304 INFO             PET2       ESMX_Driver: InternalInitializeComplete intro.
20240922 045848.304 INFO             PET2       ESMX_Driver: InternalInitializeComplete extro.
20240922 045848.304 INFO             PET2       ESMX_Driver: loopDataDependentInitialize intro.
20240922 045848.304 INFO             PET2       ESMX_Driver: loopDataDependentInitialize extro.
20240922 045848.304 INFO             PET2     ESMX_Driver: InitializeIPDv02p5Data extro.
20240922 045848.304 INFO             PET2     <<<ESMX_Driver: leaving Initialize (phase=<none>) with current time: 2012 10 24  8  0  0   0
20240922 045848.304 INFO             PET2   ESMX_Driver: InitializeIPDv02p5 extro.
20240922 045848.304 INFO             PET2 ESMX_Driver: InitializeGeneric extro.
20240922 045848.304 INFO             PET2 ESMX_Driver: Run intro.
20240922 045848.304 INFO             PET2   >>>ESMX_Driver: entered Run (phase=RunPhase1) with current time: 2012 10 24  8  0  0   0
20240922 045848.304 INFO             PET2   <<<ESMX_Driver: leaving Run (phase=RunPhase1) with current time: 2012 10 24  8  0  0   0
20240922 045848.304 INFO             PET2 ESMX_Driver: Run extro.
20240922 045848.304 INFO             PET2 ESMX_Driver: Finalize intro.
20240922 045848.304 INFO             PET2 ESMX_Driver: Finalize extro.
20240922 045848.304 INFO             PET2 =============================================
20240922 045848.304 INFO             PET2 ESMX (Earth System Model eXecutable) FINISHED
20240922 045848.304 INFO             PET2 =============================================
20240922 045848.305 INFO             PET2  Finalizing ESMF
20240922 045848.290 INFO             PET3 !!!!!!!!!!!!!!!!!!!!!!!!!!!!!!!!!!!!!!!!!!!!!!!!!!!!!!
20240922 045848.290 INFO             PET3 !!! THE ESMF_LOG IS SET TO OUTPUT ALL LOG MESSAGES !!!
20240922 045848.290 INFO             PET3 !!!     THIS MAY CAUSE SLOWDOWN IN PERFORMANCE     !!!
20240922 045848.290 INFO             PET3 !!! FOR PRODUCTION RUNS, USE:                      !!!
20240922 045848.290 INFO             PET3 !!!                   ESMF_LOGKIND_Multi_On_Error  !!!
20240922 045848.290 INFO             PET3 !!!!!!!!!!!!!!!!!!!!!!!!!!!!!!!!!!!!!!!!!!!!!!!!!!!!!!
20240922 045848.290 INFO             PET3 Running with ESMF Version   : v8.7.0b14-1-g2597b0a993
20240922 045848.290 INFO             PET3 ESMF library build date/time: "Sep 22 2024" "04:00:51"
20240922 045848.290 INFO             PET3 ESMF library build location : /glade/derecho/scratch/sacks/esmf-testing/cce_15.0.1_mpi_O_release_8.7.0/esmf
20240922 045848.290 INFO             PET3 ESMF_COMM                   : mpi
20240922 045848.296 INFO             PET3 ESMF_MOAB                   : enabled
20240922 045848.296 INFO             PET3 ESMF_LAPACK                 : enabled
20240922 045848.296 INFO             PET3 ESMF_NETCDF                 : enabled
20240922 045848.296 INFO             PET3 ESMF_PNETCDF                : disabled
20240922 045848.296 INFO             PET3 ESMF_PIO                    : enabled
20240922 045848.296 INFO             PET3 ESMF_YAMLCPP                : enabled
20240922 045848.299 INFO             PET3 =============================================
20240922 045848.299 INFO             PET3 ESMX (Earth System Model eXecutable) STARTING
20240922 045848.299 INFO             PET3 =============================================
20240922 045848.301 INFO             PET3 ESMX_Driver: InitializeGeneric intro.
20240922 045848.301 INFO             PET3   ESMX_Driver: InitializeP0 intro.
20240922 045848.302 INFO             PET3   ESMX_Driver: InitializeP0 extro.
20240922 045848.302 INFO             PET3   ESMX_Driver: InitializeIPDv02p1 intro.
20240922 045848.302 INFO             PET3     >>>ESMX_Driver: entered Initialize (phase=<none>) without valid internal Clock.
20240922 045848.302 INFO             PET3     ESMX_Driver: IInitAdvertise intro.
20240922 045848.302 INFO             PET3     ESMX_Driver: IInitAdvertise extro.
20240922 045848.303 INFO             PET3     ESMX_Driver: IInitAdvertiseFinish intro.
20240922 045848.303 INFO             PET3     ESMX_Driver: IInitAdvertiseFinish extro.
20240922 045848.303 INFO             PET3     ESMX_Driver: IInitModifyCplLists intro.
20240922 045848.303 INFO             PET3     ESMX_Driver: IInitModifyCplLists extro.
20240922 045848.303 INFO             PET3     <<<ESMX_Driver: leaving Initialize (phase=<none>) with current time: 2012 10 24  8  0  0   0
20240922 045848.303 INFO             PET3   ESMX_Driver: InitializeIPDv02p1 extro.
20240922 045848.303 INFO             PET3   ESMX_Driver: InitializeIPDv02p3 intro.
20240922 045848.303 INFO             PET3     >>>ESMX_Driver: entered Initialize (phase=<none>) with current time: 2012 10 24  8  0  0   0
20240922 045848.303 INFO             PET3     ESMX_Driver: IInitCheck intro.
20240922 045848.303 INFO             PET3     ESMX_Driver: IInitCheck extro.
20240922 045848.303 INFO             PET3     ESMX_Driver: IInitRealize intro.
20240922 045848.303 INFO             PET3     ESMX_Driver: IInitRealize extro.
20240922 045848.303 INFO             PET3     <<<ESMX_Driver: leaving Initialize (phase=<none>) with current time: 2012 10 24  8  0  0   0
20240922 045848.303 INFO             PET3   ESMX_Driver: InitializeIPDv02p3 extro.
20240922 045848.303 INFO             PET3   ESMX_Driver: InitializeIPDv02p5 intro.
20240922 045848.303 INFO             PET3     >>>ESMX_Driver: entered Initialize (phase=<none>) with current time: 2012 10 24  8  0  0   0
20240922 045848.303 INFO             PET3     ESMX_Driver: InitializeIPDv02p5Data intro.
20240922 045848.304 INFO             PET3       ESMX_Driver: InternalInitializeComplete intro.
20240922 045848.304 INFO             PET3       ESMX_Driver: InternalInitializeComplete extro.
20240922 045848.304 INFO             PET3       ESMX_Driver: loopDataDependentInitialize intro.
20240922 045848.304 INFO             PET3       ESMX_Driver: loopDataDependentInitialize extro.
20240922 045848.304 INFO             PET3     ESMX_Driver: InitializeIPDv02p5Data extro.
20240922 045848.304 INFO             PET3     <<<ESMX_Driver: leaving Initialize (phase=<none>) with current time: 2012 10 24  8  0  0   0
20240922 045848.304 INFO             PET3   ESMX_Driver: InitializeIPDv02p5 extro.
20240922 045848.304 INFO             PET3 ESMX_Driver: InitializeGeneric extro.
20240922 045848.304 INFO             PET3 ESMX_Driver: Run intro.
20240922 045848.304 INFO             PET3   >>>ESMX_Driver: entered Run (phase=RunPhase1) with current time: 2012 10 24  8  0  0   0
20240922 045848.304 INFO             PET3   <<<ESMX_Driver: leaving Run (phase=RunPhase1) with current time: 2012 10 24  8  0  0   0
20240922 045848.304 INFO             PET3 ESMX_Driver: Run extro.
20240922 045848.304 INFO             PET3 ESMX_Driver: Finalize intro.
20240922 045848.304 INFO             PET3 ESMX_Driver: Finalize extro.
20240922 045848.304 INFO             PET3 =============================================
20240922 045848.304 INFO             PET3 ESMX (Earth System Model eXecutable) FINISHED
20240922 045848.304 INFO             PET3 =============================================
20240922 045848.305 INFO             PET3  Finalizing ESMF
