2024-09-17 23:51:31
20240918 000454.557 INFO             PET0 !!!!!!!!!!!!!!!!!!!!!!!!!!!!!!!!!!!!!!!!!!!!!!!!!!!!!!
20240918 000454.557 INFO             PET0 !!! THE ESMF_LOG IS SET TO OUTPUT ALL LOG MESSAGES !!!
20240918 000454.557 INFO             PET0 !!!     THIS MAY CAUSE SLOWDOWN IN PERFORMANCE     !!!
20240918 000454.557 INFO             PET0 !!! FOR PRODUCTION RUNS, USE:                      !!!
20240918 000454.557 INFO             PET0 !!!                   ESMF_LOGKIND_Multi_On_Error  !!!
20240918 000454.557 INFO             PET0 !!!!!!!!!!!!!!!!!!!!!!!!!!!!!!!!!!!!!!!!!!!!!!!!!!!!!!
20240918 000454.557 INFO             PET0 Running with ESMF Version   : v8.7.0b14-1-gaa7060ab1c
20240918 000454.557 INFO             PET0 ESMF library build date/time: "Sep 17 2024" "23:50:38"
20240918 000454.557 INFO             PET0 ESMF library build location : /home/gerhard/ESMF-Nightly-Testing/gfortranclang_7.5.0_16.0.3_mpiuni_O_develop/esmf
20240918 000454.557 INFO             PET0 ESMF_COMM                   : mpiuni
20240918 000454.557 INFO             PET0 ESMF_MOAB                   : enabled
20240918 000454.557 INFO             PET0 ESMF_LAPACK                 : enabled
20240918 000454.557 INFO             PET0 ESMF_NETCDF                 : disabled
20240918 000454.557 INFO             PET0 ESMF_PNETCDF                : disabled
20240918 000454.557 INFO             PET0 ESMF_PIO                    : disabled
20240918 000454.557 INFO             PET0 ESMF_YAMLCPP                : enabled
20240918 000454.557 INFO             PET0  NUMBER_OF_PROCESSORS           1
20240918 000454.557 INFO             PET0  PASS  Example ESMF_VMUserMpiCommEx, ESMF_VMUserMpiCommEx.F90, line 113
20240918 000454.557 INFO             PET0  Finalizing ESMF with endflag==ESMF_END_KEEPMPI
