2024-08-19 23:46:34
20240820 000013.804 INFO             PET0 !!!!!!!!!!!!!!!!!!!!!!!!!!!!!!!!!!!!!!!!!!!!!!!!!!!!!!
20240820 000013.804 INFO             PET0 !!! THE ESMF_LOG IS SET TO OUTPUT ALL LOG MESSAGES !!!
20240820 000013.804 INFO             PET0 !!!     THIS MAY CAUSE SLOWDOWN IN PERFORMANCE     !!!
20240820 000013.804 INFO             PET0 !!! FOR PRODUCTION RUNS, USE:                      !!!
20240820 000013.804 INFO             PET0 !!!                   ESMF_LOGKIND_Multi_On_Error  !!!
20240820 000013.804 INFO             PET0 !!!!!!!!!!!!!!!!!!!!!!!!!!!!!!!!!!!!!!!!!!!!!!!!!!!!!!
20240820 000013.804 INFO             PET0 Running with ESMF Version   : v8.7.0b11-5-gfda68a9ac3
20240820 000013.804 INFO             PET0 ESMF library build date/time: "Aug 19 2024" "23:45:41"
20240820 000013.804 INFO             PET0 ESMF library build location : /home/gerhard/ESMF-Nightly-Testing/gfortranclang_7.5.0_16.0.3_mpiuni_O_develop/esmf
20240820 000013.804 INFO             PET0 ESMF_COMM                   : mpiuni
20240820 000013.804 INFO             PET0 ESMF_MOAB                   : enabled
20240820 000013.804 INFO             PET0 ESMF_LAPACK                 : enabled
20240820 000013.804 INFO             PET0 ESMF_NETCDF                 : disabled
20240820 000013.804 INFO             PET0 ESMF_PNETCDF                : disabled
20240820 000013.804 INFO             PET0 ESMF_PIO                    : disabled
20240820 000013.804 INFO             PET0 ESMF_YAMLCPP                : enabled
20240820 000013.806 INFO             PET0 ESMF_FieldRedistStoreNF(): Just entered routine.
20240820 000013.893 INFO             PET0 ESMF_FieldRedistStoreNF(): Leaving routine.
20240820 000013.897 INFO             PET0  NUMBER_OF_PROCESSORS           1
20240820 000013.897 INFO             PET0  PASS  Example ESMF_RHandleFromFileEx, ESMF_RHandleFromFileEx.F90, line 192
20240820 000013.897 INFO             PET0  Finalizing ESMF
