2024-10-02 07:33:58
20241002 080916.164 INFO             PET0 !!!!!!!!!!!!!!!!!!!!!!!!!!!!!!!!!!!!!!!!!!!!!!!!!!!!!!
20241002 080916.165 INFO             PET0 !!! THE ESMF_LOG IS SET TO OUTPUT ALL LOG MESSAGES !!!
20241002 080916.165 INFO             PET0 !!!     THIS MAY CAUSE SLOWDOWN IN PERFORMANCE     !!!
20241002 080916.165 INFO             PET0 !!! FOR PRODUCTION RUNS, USE:                      !!!
20241002 080916.165 INFO             PET0 !!!                   ESMF_LOGKIND_Multi_On_Error  !!!
20241002 080916.165 INFO             PET0 !!!!!!!!!!!!!!!!!!!!!!!!!!!!!!!!!!!!!!!!!!!!!!!!!!!!!!
20241002 080916.165 INFO             PET0 Running with ESMF Version   : v8.7.0b14-1-g2597b0a993
20241002 080916.165 INFO             PET0 ESMF library build date/time: "Oct  2 2024" "07:31:24"
20241002 080916.165 INFO             PET0 ESMF library build location : /scratch2/NCEPDEV/stmp1/Gerhard.Theurich/ESMF-Nightly-Testing/intel_2023.2.0-oneAPI_intelmpi_O_release_8.7.0/esmf
20241002 080916.165 INFO             PET0 ESMF_COMM                   : intelmpi
20241002 080916.166 INFO             PET0 ESMF_MOAB                   : enabled
20241002 080916.166 INFO             PET0 ESMF_LAPACK                 : enabled
20241002 080916.166 INFO             PET0 ESMF_NETCDF                 : enabled
20241002 080916.166 INFO             PET0 ESMF_PNETCDF                : disabled
20241002 080916.166 INFO             PET0 ESMF_PIO                    : enabled
20241002 080916.166 INFO             PET0 ESMF_YAMLCPP                : enabled
20241002 080916.180 INFO             PET0  NUMBER_OF_PROCESSORS           4
20241002 080916.180 INFO             PET0  PASS  Example ESMF_RHandleReusabilityEx, ESMF_RHandleReusabilityEx.F90, line 582
20241002 080916.180 INFO             PET0  Finalizing ESMF
20241002 080916.165 INFO             PET1 !!!!!!!!!!!!!!!!!!!!!!!!!!!!!!!!!!!!!!!!!!!!!!!!!!!!!!
20241002 080916.165 INFO             PET1 !!! THE ESMF_LOG IS SET TO OUTPUT ALL LOG MESSAGES !!!
20241002 080916.165 INFO             PET1 !!!     THIS MAY CAUSE SLOWDOWN IN PERFORMANCE     !!!
20241002 080916.165 INFO             PET1 !!! FOR PRODUCTION RUNS, USE:                      !!!
20241002 080916.165 INFO             PET1 !!!                   ESMF_LOGKIND_Multi_On_Error  !!!
20241002 080916.165 INFO             PET1 !!!!!!!!!!!!!!!!!!!!!!!!!!!!!!!!!!!!!!!!!!!!!!!!!!!!!!
20241002 080916.165 INFO             PET1 Running with ESMF Version   : v8.7.0b14-1-g2597b0a993
20241002 080916.165 INFO             PET1 ESMF library build date/time: "Oct  2 2024" "07:31:24"
20241002 080916.165 INFO             PET1 ESMF library build location : /scratch2/NCEPDEV/stmp1/Gerhard.Theurich/ESMF-Nightly-Testing/intel_2023.2.0-oneAPI_intelmpi_O_release_8.7.0/esmf
20241002 080916.165 INFO             PET1 ESMF_COMM                   : intelmpi
20241002 080916.166 INFO             PET1 ESMF_MOAB                   : enabled
20241002 080916.166 INFO             PET1 ESMF_LAPACK                 : enabled
20241002 080916.166 INFO             PET1 ESMF_NETCDF                 : enabled
20241002 080916.166 INFO             PET1 ESMF_PNETCDF                : disabled
20241002 080916.166 INFO             PET1 ESMF_PIO                    : enabled
20241002 080916.166 INFO             PET1 ESMF_YAMLCPP                : enabled
20241002 080916.180 INFO             PET1  NUMBER_OF_PROCESSORS           4
20241002 080916.180 INFO             PET1  PASS  Example ESMF_RHandleReusabilityEx, ESMF_RHandleReusabilityEx.F90, line 582
20241002 080916.180 INFO             PET1  Finalizing ESMF
20241002 080916.164 INFO             PET2 !!!!!!!!!!!!!!!!!!!!!!!!!!!!!!!!!!!!!!!!!!!!!!!!!!!!!!
20241002 080916.165 INFO             PET2 !!! THE ESMF_LOG IS SET TO OUTPUT ALL LOG MESSAGES !!!
20241002 080916.165 INFO             PET2 !!!     THIS MAY CAUSE SLOWDOWN IN PERFORMANCE     !!!
20241002 080916.165 INFO             PET2 !!! FOR PRODUCTION RUNS, USE:                      !!!
20241002 080916.165 INFO             PET2 !!!                   ESMF_LOGKIND_Multi_On_Error  !!!
20241002 080916.165 INFO             PET2 !!!!!!!!!!!!!!!!!!!!!!!!!!!!!!!!!!!!!!!!!!!!!!!!!!!!!!
20241002 080916.165 INFO             PET2 Running with ESMF Version   : v8.7.0b14-1-g2597b0a993
20241002 080916.165 INFO             PET2 ESMF library build date/time: "Oct  2 2024" "07:31:24"
20241002 080916.165 INFO             PET2 ESMF library build location : /scratch2/NCEPDEV/stmp1/Gerhard.Theurich/ESMF-Nightly-Testing/intel_2023.2.0-oneAPI_intelmpi_O_release_8.7.0/esmf
20241002 080916.165 INFO             PET2 ESMF_COMM                   : intelmpi
20241002 080916.166 INFO             PET2 ESMF_MOAB                   : enabled
20241002 080916.166 INFO             PET2 ESMF_LAPACK                 : enabled
20241002 080916.166 INFO             PET2 ESMF_NETCDF                 : enabled
20241002 080916.166 INFO             PET2 ESMF_PNETCDF                : disabled
20241002 080916.166 INFO             PET2 ESMF_PIO                    : enabled
20241002 080916.166 INFO             PET2 ESMF_YAMLCPP                : enabled
20241002 080916.180 INFO             PET2  NUMBER_OF_PROCESSORS           4
20241002 080916.180 INFO             PET2  PASS  Example ESMF_RHandleReusabilityEx, ESMF_RHandleReusabilityEx.F90, line 582
20241002 080916.180 INFO             PET2  Finalizing ESMF
20241002 080916.165 INFO             PET3 !!!!!!!!!!!!!!!!!!!!!!!!!!!!!!!!!!!!!!!!!!!!!!!!!!!!!!
20241002 080916.165 INFO             PET3 !!! THE ESMF_LOG IS SET TO OUTPUT ALL LOG MESSAGES !!!
20241002 080916.165 INFO             PET3 !!!     THIS MAY CAUSE SLOWDOWN IN PERFORMANCE     !!!
20241002 080916.165 INFO             PET3 !!! FOR PRODUCTION RUNS, USE:                      !!!
20241002 080916.165 INFO             PET3 !!!                   ESMF_LOGKIND_Multi_On_Error  !!!
20241002 080916.165 INFO             PET3 !!!!!!!!!!!!!!!!!!!!!!!!!!!!!!!!!!!!!!!!!!!!!!!!!!!!!!
20241002 080916.165 INFO             PET3 Running with ESMF Version   : v8.7.0b14-1-g2597b0a993
20241002 080916.165 INFO             PET3 ESMF library build date/time: "Oct  2 2024" "07:31:24"
20241002 080916.165 INFO             PET3 ESMF library build location : /scratch2/NCEPDEV/stmp1/Gerhard.Theurich/ESMF-Nightly-Testing/intel_2023.2.0-oneAPI_intelmpi_O_release_8.7.0/esmf
20241002 080916.165 INFO             PET3 ESMF_COMM                   : intelmpi
20241002 080916.166 INFO             PET3 ESMF_MOAB                   : enabled
20241002 080916.166 INFO             PET3 ESMF_LAPACK                 : enabled
20241002 080916.166 INFO             PET3 ESMF_NETCDF                 : enabled
20241002 080916.166 INFO             PET3 ESMF_PNETCDF                : disabled
20241002 080916.166 INFO             PET3 ESMF_PIO                    : enabled
20241002 080916.166 INFO             PET3 ESMF_YAMLCPP                : enabled
20241002 080916.180 INFO             PET3  NUMBER_OF_PROCESSORS           4
20241002 080916.180 INFO             PET3  PASS  Example ESMF_RHandleReusabilityEx, ESMF_RHandleReusabilityEx.F90, line 582
20241002 080916.180 INFO             PET3  Finalizing ESMF
