2024-10-03 22:05:31
20241003 223749.295 INFO             PET0 !!!!!!!!!!!!!!!!!!!!!!!!!!!!!!!!!!!!!!!!!!!!!!!!!!!!!!
20241003 223749.295 INFO             PET0 !!! THE ESMF_LOG IS SET TO OUTPUT ALL LOG MESSAGES !!!
20241003 223749.295 INFO             PET0 !!!     THIS MAY CAUSE SLOWDOWN IN PERFORMANCE     !!!
20241003 223749.295 INFO             PET0 !!! FOR PRODUCTION RUNS, USE:                      !!!
20241003 223749.295 INFO             PET0 !!!                   ESMF_LOGKIND_Multi_On_Error  !!!
20241003 223749.295 INFO             PET0 !!!!!!!!!!!!!!!!!!!!!!!!!!!!!!!!!!!!!!!!!!!!!!!!!!!!!!
20241003 223749.295 INFO             PET0 Running with ESMF Version   : v8.7.0
20241003 223749.295 INFO             PET0 ESMF library build date/time: "Oct  3 2024" "22:03:20"
20241003 223749.295 INFO             PET0 ESMF library build location : /home/gerhard/ESMF-Nightly-Testing/aocc_4.1.0_mpiuni_O_v8.7.0/esmf
20241003 223749.295 INFO             PET0 ESMF_COMM                   : mpiuni
20241003 223749.295 INFO             PET0 ESMF_MOAB                   : enabled
20241003 223749.295 INFO             PET0 ESMF_LAPACK                 : enabled
20241003 223749.295 INFO             PET0 ESMF_NETCDF                 : disabled
20241003 223749.295 INFO             PET0 ESMF_PNETCDF                : disabled
20241003 223749.295 INFO             PET0 ESMF_PIO                    : disabled
20241003 223749.295 INFO             PET0 ESMF_YAMLCPP                : enabled
20241003 223749.295 INFO             PET0  NUMBER_OF_PROCESSORS            1
20241003 223749.295 INFO             PET0  PASS  Example ESMF_VMAllFullReduceEx, ESMF_VMAllFullReduceEx.F90, line 113
20241003 223749.295 INFO             PET0  Finalizing ESMF
