2024-08-21 07:38:48
20240821 083248.462 INFO             PET0 !!!!!!!!!!!!!!!!!!!!!!!!!!!!!!!!!!!!!!!!!!!!!!!!!!!!!!
20240821 083248.463 INFO             PET0 !!! THE ESMF_LOG IS SET TO OUTPUT ALL LOG MESSAGES !!!
20240821 083248.463 INFO             PET0 !!!     THIS MAY CAUSE SLOWDOWN IN PERFORMANCE     !!!
20240821 083248.463 INFO             PET0 !!! FOR PRODUCTION RUNS, USE:                      !!!
20240821 083248.463 INFO             PET0 !!!                   ESMF_LOGKIND_Multi_On_Error  !!!
20240821 083248.463 INFO             PET0 !!!!!!!!!!!!!!!!!!!!!!!!!!!!!!!!!!!!!!!!!!!!!!!!!!!!!!
20240821 083248.463 INFO             PET0 Running with ESMF Version   : v8.7.0b11-5-gfda68a9ac3
20240821 083248.463 INFO             PET0 ESMF library build date/time: "Aug 21 2024" "07:35:12"
20240821 083248.463 INFO             PET0 ESMF library build location : /scratch2/NCEPDEV/stmp1/Gerhard.Theurich/ESMF-Nightly-Testing/nvhpc_24.1_mpiuni_g_develop/esmf
20240821 083248.463 INFO             PET0 ESMF_COMM                   : mpiuni
20240821 083248.464 INFO             PET0 ESMF_MOAB                   : enabled
20240821 083248.464 INFO             PET0 ESMF_LAPACK                 : enabled
20240821 083248.464 INFO             PET0 ESMF_NETCDF                 : disabled
20240821 083248.464 INFO             PET0 ESMF_PNETCDF                : disabled
20240821 083248.464 INFO             PET0 ESMF_PIO                    : disabled
20240821 083248.464 INFO             PET0 ESMF_YAMLCPP                : enabled
20240821 083248.464 INFO             PET0 ESMF Tracing Enabled
20240821 083248.464 INFO             PET0 ESMF Profiling Enabled
20240821 083248.464 INFO             PET0 ESMF Trace/Profile clock: REALTIME
20240821 083248.468 INFO             PET0  NUMBER_OF_PROCESSORS            1
20240821 083248.468 INFO             PET0  PASS  Example ESMF_TraceUserEx, ESMF_TraceUserEx.F90, line 125
20240821 083248.468 INFO             PET0  Finalizing ESMF
20240821 083248.468 INFO             PET0 **************** Region Timings *******************
20240821 083248.468 INFO             PET0 Region                Count  Total (s)   Self (s)    Mean (s)    Min (s)     Max (s)
20240821 083248.468 INFO             PET0   [ESMF]              1      0.0015      0.0005      0.0015      0.0015      0.0015
20240821 083248.468 INFO             PET0     outer_region      1      0.0010      0.0002      0.0010      0.0010      0.0010
20240821 083248.468 INFO             PET0       inner_region_1  10     0.0005      0.0005      0.0001      0.0000      0.0001
20240821 083248.468 INFO             PET0       inner_region_2  10     0.0003      0.0003      0.0000      0.0000      0.0000
