2024-09-13 07:36:30
20240913 082550.771 INFO             PET0 !!!!!!!!!!!!!!!!!!!!!!!!!!!!!!!!!!!!!!!!!!!!!!!!!!!!!!
20240913 082550.772 INFO             PET0 !!! THE ESMF_LOG IS SET TO OUTPUT ALL LOG MESSAGES !!!
20240913 082550.772 INFO             PET0 !!!     THIS MAY CAUSE SLOWDOWN IN PERFORMANCE     !!!
20240913 082550.772 INFO             PET0 !!! FOR PRODUCTION RUNS, USE:                      !!!
20240913 082550.772 INFO             PET0 !!!                   ESMF_LOGKIND_Multi_On_Error  !!!
20240913 082550.772 INFO             PET0 !!!!!!!!!!!!!!!!!!!!!!!!!!!!!!!!!!!!!!!!!!!!!!!!!!!!!!
20240913 082550.772 INFO             PET0 Running with ESMF Version   : v8.7.0b14
20240913 082550.772 INFO             PET0 ESMF library build date/time: "Sep 13 2024" "07:33:00"
20240913 082550.772 INFO             PET0 ESMF library build location : /scratch2/NCEPDEV/stmp1/Gerhard.Theurich/ESMF-Nightly-Testing/nvhpc_24.1_mpiuni_g_develop/esmf
20240913 082550.772 INFO             PET0 ESMF_COMM                   : mpiuni
20240913 082550.772 INFO             PET0 ESMF_MOAB                   : enabled
20240913 082550.772 INFO             PET0 ESMF_LAPACK                 : enabled
20240913 082550.772 INFO             PET0 ESMF_NETCDF                 : disabled
20240913 082550.772 INFO             PET0 ESMF_PNETCDF                : disabled
20240913 082550.772 INFO             PET0 ESMF_PIO                    : disabled
20240913 082550.772 INFO             PET0 ESMF_YAMLCPP                : enabled
20240913 082550.774 INFO             PET0  NUMBER_OF_PROCESSORS            1
20240913 082550.774 INFO             PET0  PASS  Example ESMF_TimeEx, ESMF_TimeEx.F90, line 141
20240913 082550.774 INFO             PET0  Finalizing ESMF
