2024-09-12 07:23:26
20240912 074359.349 INFO             PET0 !!!!!!!!!!!!!!!!!!!!!!!!!!!!!!!!!!!!!!!!!!!!!!!!!!!!!!
20240912 074359.349 INFO             PET0 !!! THE ESMF_LOG IS SET TO OUTPUT ALL LOG MESSAGES !!!
20240912 074359.349 INFO             PET0 !!!     THIS MAY CAUSE SLOWDOWN IN PERFORMANCE     !!!
20240912 074359.349 INFO             PET0 !!! FOR PRODUCTION RUNS, USE:                      !!!
20240912 074359.349 INFO             PET0 !!!                   ESMF_LOGKIND_Multi_On_Error  !!!
20240912 074359.349 INFO             PET0 !!!!!!!!!!!!!!!!!!!!!!!!!!!!!!!!!!!!!!!!!!!!!!!!!!!!!!
20240912 074359.349 INFO             PET0 Running with ESMF Version   : v8.7.0b14
20240912 074359.349 INFO             PET0 ESMF library build date/time: "Sep 12 2024" "07:21:31"
20240912 074359.349 INFO             PET0 ESMF library build location : /scratch2/NCEPDEV/stmp1/Gerhard.Theurich/ESMF-Nightly-Testing/gfortran_13.2.0_mpiuni_O_develop/esmf
20240912 074359.349 INFO             PET0 ESMF_COMM                   : mpiuni
20240912 074359.350 INFO             PET0 ESMF_MOAB                   : enabled
20240912 074359.350 INFO             PET0 ESMF_LAPACK                 : enabled
20240912 074359.350 INFO             PET0 ESMF_NETCDF                 : disabled
20240912 074359.350 INFO             PET0 ESMF_PNETCDF                : disabled
20240912 074359.350 INFO             PET0 ESMF_PIO                    : disabled
20240912 074359.350 INFO             PET0 ESMF_YAMLCPP                : enabled
20240912 074359.350 INFO             PET0 ESMF Tracing Enabled
20240912 074359.350 INFO             PET0 ESMF Profiling Enabled
20240912 074359.350 INFO             PET0 ESMF Trace/Profile clock: REALTIME
20240912 074359.352 INFO             PET0  NUMBER_OF_PROCESSORS           1
20240912 074359.352 INFO             PET0  PASS  Example ESMF_TraceEx, ESMF_TraceEx.F90, line 178
20240912 074359.352 INFO             PET0  Finalizing ESMF
20240912 074359.352 INFO             PET0 **************** Region Timings *******************
20240912 074359.352 INFO             PET0 Region              Count  Total (s)   Self (s)    Mean (s)    Min (s)     Max (s)
20240912 074359.352 INFO             PET0   [ESMF]            1      0.0009      0.0009      0.0009      0.0009      0.0009
20240912 074359.352 INFO             PET0     [test] Init 1   1      0.0000      0.0000      0.0000      0.0000      0.0000
20240912 074359.352 INFO             PET0     [test] Run 1    5      0.0000      0.0000      0.0000      0.0000      0.0000
20240912 074359.352 INFO             PET0     [test] Final 1  1      0.0000      0.0000      0.0000      0.0000      0.0000
