2024-08-29 07:25:07
20240829 074912.858 INFO             PET0 !!!!!!!!!!!!!!!!!!!!!!!!!!!!!!!!!!!!!!!!!!!!!!!!!!!!!!
20240829 074912.858 INFO             PET0 !!! THE ESMF_LOG IS SET TO OUTPUT ALL LOG MESSAGES !!!
20240829 074912.858 INFO             PET0 !!!     THIS MAY CAUSE SLOWDOWN IN PERFORMANCE     !!!
20240829 074912.858 INFO             PET0 !!! FOR PRODUCTION RUNS, USE:                      !!!
20240829 074912.858 INFO             PET0 !!!                   ESMF_LOGKIND_Multi_On_Error  !!!
20240829 074912.858 INFO             PET0 !!!!!!!!!!!!!!!!!!!!!!!!!!!!!!!!!!!!!!!!!!!!!!!!!!!!!!
20240829 074912.858 INFO             PET0 Running with ESMF Version   : v8.7.0b11-6-g82f8052f9c
20240829 074912.858 INFO             PET0 ESMF library build date/time: "Aug 29 2024" "07:23:13"
20240829 074912.858 INFO             PET0 ESMF library build location : /scratch2/NCEPDEV/stmp1/Gerhard.Theurich/ESMF-Nightly-Testing/gfortran_13.2.0_mpiuni_O_develop/esmf
20240829 074912.858 INFO             PET0 ESMF_COMM                   : mpiuni
20240829 074912.859 INFO             PET0 ESMF_MOAB                   : enabled
20240829 074912.859 INFO             PET0 ESMF_LAPACK                 : enabled
20240829 074912.859 INFO             PET0 ESMF_NETCDF                 : disabled
20240829 074912.859 INFO             PET0 ESMF_PNETCDF                : disabled
20240829 074912.859 INFO             PET0 ESMF_PIO                    : disabled
20240829 074912.859 INFO             PET0 ESMF_YAMLCPP                : enabled
20240829 074912.895 INFO             PET0  NUMBER_OF_PROCESSORS           1
20240829 074912.895 INFO             PET0  PASS  Example ESMF_RHandleDynamicMaskingEx, ESMF_RHandleDynamicMaskingEx.F90, line 1116
20240829 074912.895 INFO             PET0  Finalizing ESMF
