2024-09-19 02:40:48
20240919 034548.216 INFO             PET0 !!!!!!!!!!!!!!!!!!!!!!!!!!!!!!!!!!!!!!!!!!!!!!!!!!!!!!
20240919 034548.216 INFO             PET0 !!! THE ESMF_LOG IS SET TO OUTPUT ALL LOG MESSAGES !!!
20240919 034548.216 INFO             PET0 !!!     THIS MAY CAUSE SLOWDOWN IN PERFORMANCE     !!!
20240919 034548.216 INFO             PET0 !!! FOR PRODUCTION RUNS, USE:                      !!!
20240919 034548.216 INFO             PET0 !!!                   ESMF_LOGKIND_Multi_On_Error  !!!
20240919 034548.216 INFO             PET0 !!!!!!!!!!!!!!!!!!!!!!!!!!!!!!!!!!!!!!!!!!!!!!!!!!!!!!
20240919 034548.216 INFO             PET0 Running with ESMF Version   : v8.7.0b14-1-g2597b0a993
20240919 034548.216 INFO             PET0 ESMF library build date/time: "Sep 19 2024" "02:36:53"
20240919 034548.216 INFO             PET0 ESMF library build location : /work/noaa/da/mpotts/sandbox/intel_2020.2.1_intelmpi_g_release_8.7.0/esmf
20240919 034548.216 INFO             PET0 ESMF_COMM                   : intelmpi
20240919 034548.392 INFO             PET0 ESMF_MOAB                   : enabled
20240919 034548.392 INFO             PET0 ESMF_LAPACK                 : enabled
20240919 034548.392 INFO             PET0 ESMF_NETCDF                 : enabled
20240919 034548.392 INFO             PET0 ESMF_PNETCDF                : disabled
20240919 034548.392 INFO             PET0 ESMF_PIO                    : enabled
20240919 034548.392 INFO             PET0 ESMF_YAMLCPP                : enabled
20240919 034548.392 INFO             PET0 ESMF Tracing Enabled
20240919 034548.392 INFO             PET0 ESMF Profiling Enabled
20240919 034548.392 INFO             PET0 ESMF Trace/Profile clock: REALTIME
20240919 034548.470 INFO             PET0  NUMBER_OF_PROCESSORS           4
20240919 034548.470 INFO             PET0  PASS  Example ESMF_TraceUserEx, ESMF_TraceUserEx.F90, line 125
20240919 034548.470 INFO             PET0  Finalizing ESMF
20240919 034548.470 INFO             PET0 **************** Region Timings *******************
20240919 034548.470 INFO             PET0 Region                Count  Total (s)   Self (s)    Mean (s)    Min (s)     Max (s)
20240919 034548.470 INFO             PET0   [ESMF]              1      0.0766      0.0762      0.0766      0.0766      0.0766
20240919 034548.470 INFO             PET0     outer_region      1      0.0004      0.0001      0.0004      0.0004      0.0004
20240919 034548.470 INFO             PET0       inner_region_1  10     0.0002      0.0002      0.0000      0.0000      0.0000
20240919 034548.470 INFO             PET0       inner_region_2  10     0.0001      0.0001      0.0000      0.0000      0.0000
20240919 034548.136 INFO             PET1 !!!!!!!!!!!!!!!!!!!!!!!!!!!!!!!!!!!!!!!!!!!!!!!!!!!!!!
20240919 034548.136 INFO             PET1 !!! THE ESMF_LOG IS SET TO OUTPUT ALL LOG MESSAGES !!!
20240919 034548.136 INFO             PET1 !!!     THIS MAY CAUSE SLOWDOWN IN PERFORMANCE     !!!
20240919 034548.136 INFO             PET1 !!! FOR PRODUCTION RUNS, USE:                      !!!
20240919 034548.136 INFO             PET1 !!!                   ESMF_LOGKIND_Multi_On_Error  !!!
20240919 034548.136 INFO             PET1 !!!!!!!!!!!!!!!!!!!!!!!!!!!!!!!!!!!!!!!!!!!!!!!!!!!!!!
20240919 034548.136 INFO             PET1 Running with ESMF Version   : v8.7.0b14-1-g2597b0a993
20240919 034548.136 INFO             PET1 ESMF library build date/time: "Sep 19 2024" "02:36:53"
20240919 034548.136 INFO             PET1 ESMF library build location : /work/noaa/da/mpotts/sandbox/intel_2020.2.1_intelmpi_g_release_8.7.0/esmf
20240919 034548.136 INFO             PET1 ESMF_COMM                   : intelmpi
20240919 034548.137 INFO             PET1 ESMF_MOAB                   : enabled
20240919 034548.137 INFO             PET1 ESMF_LAPACK                 : enabled
20240919 034548.137 INFO             PET1 ESMF_NETCDF                 : enabled
20240919 034548.137 INFO             PET1 ESMF_PNETCDF                : disabled
20240919 034548.137 INFO             PET1 ESMF_PIO                    : enabled
20240919 034548.137 INFO             PET1 ESMF_YAMLCPP                : enabled
20240919 034548.137 INFO             PET1 ESMF Tracing Enabled
20240919 034548.137 INFO             PET1 ESMF Profiling Enabled
20240919 034548.137 INFO             PET1 ESMF Trace/Profile clock: REALTIME
20240919 034548.470 INFO             PET1  NUMBER_OF_PROCESSORS           4
20240919 034548.470 INFO             PET1  PASS  Example ESMF_TraceUserEx, ESMF_TraceUserEx.F90, line 125
20240919 034548.470 INFO             PET1  Finalizing ESMF
20240919 034548.470 INFO             PET1 **************** Region Timings *******************
20240919 034548.470 INFO             PET1 Region                Count  Total (s)   Self (s)    Mean (s)    Min (s)     Max (s)
20240919 034548.470 INFO             PET1   [ESMF]              1      0.0008      0.0003      0.0008      0.0008      0.0008
20240919 034548.470 INFO             PET1     outer_region      1      0.0006      0.0001      0.0006      0.0006      0.0006
20240919 034548.471 INFO             PET1       inner_region_1  10     0.0003      0.0003      0.0000      0.0000      0.0000
20240919 034548.471 INFO             PET1       inner_region_2  10     0.0002      0.0002      0.0000      0.0000      0.0000
20240919 034548.165 INFO             PET2 !!!!!!!!!!!!!!!!!!!!!!!!!!!!!!!!!!!!!!!!!!!!!!!!!!!!!!
20240919 034548.165 INFO             PET2 !!! THE ESMF_LOG IS SET TO OUTPUT ALL LOG MESSAGES !!!
20240919 034548.165 INFO             PET2 !!!     THIS MAY CAUSE SLOWDOWN IN PERFORMANCE     !!!
20240919 034548.165 INFO             PET2 !!! FOR PRODUCTION RUNS, USE:                      !!!
20240919 034548.165 INFO             PET2 !!!                   ESMF_LOGKIND_Multi_On_Error  !!!
20240919 034548.165 INFO             PET2 !!!!!!!!!!!!!!!!!!!!!!!!!!!!!!!!!!!!!!!!!!!!!!!!!!!!!!
20240919 034548.165 INFO             PET2 Running with ESMF Version   : v8.7.0b14-1-g2597b0a993
20240919 034548.165 INFO             PET2 ESMF library build date/time: "Sep 19 2024" "02:36:53"
20240919 034548.165 INFO             PET2 ESMF library build location : /work/noaa/da/mpotts/sandbox/intel_2020.2.1_intelmpi_g_release_8.7.0/esmf
20240919 034548.165 INFO             PET2 ESMF_COMM                   : intelmpi
20240919 034548.225 INFO             PET2 ESMF_MOAB                   : enabled
20240919 034548.225 INFO             PET2 ESMF_LAPACK                 : enabled
20240919 034548.225 INFO             PET2 ESMF_NETCDF                 : enabled
20240919 034548.225 INFO             PET2 ESMF_PNETCDF                : disabled
20240919 034548.225 INFO             PET2 ESMF_PIO                    : enabled
20240919 034548.225 INFO             PET2 ESMF_YAMLCPP                : enabled
20240919 034548.225 INFO             PET2 ESMF Tracing Enabled
20240919 034548.225 INFO             PET2 ESMF Profiling Enabled
20240919 034548.225 INFO             PET2 ESMF Trace/Profile clock: REALTIME
20240919 034548.470 INFO             PET2  NUMBER_OF_PROCESSORS           4
20240919 034548.470 INFO             PET2  PASS  Example ESMF_TraceUserEx, ESMF_TraceUserEx.F90, line 125
20240919 034548.470 INFO             PET2  Finalizing ESMF
20240919 034548.470 INFO             PET2 **************** Region Timings *******************
20240919 034548.470 INFO             PET2 Region                Count  Total (s)   Self (s)    Mean (s)    Min (s)     Max (s)
20240919 034548.470 INFO             PET2   [ESMF]              1      0.0773      0.0768      0.0773      0.0773      0.0773
20240919 034548.470 INFO             PET2     outer_region      1      0.0005      0.0001      0.0005      0.0005      0.0005
20240919 034548.470 INFO             PET2       inner_region_1  10     0.0002      0.0002      0.0000      0.0000      0.0000
20240919 034548.470 INFO             PET2       inner_region_2  10     0.0001      0.0001      0.0000      0.0000      0.0000
20240919 034548.136 INFO             PET3 !!!!!!!!!!!!!!!!!!!!!!!!!!!!!!!!!!!!!!!!!!!!!!!!!!!!!!
20240919 034548.136 INFO             PET3 !!! THE ESMF_LOG IS SET TO OUTPUT ALL LOG MESSAGES !!!
20240919 034548.136 INFO             PET3 !!!     THIS MAY CAUSE SLOWDOWN IN PERFORMANCE     !!!
20240919 034548.136 INFO             PET3 !!! FOR PRODUCTION RUNS, USE:                      !!!
20240919 034548.136 INFO             PET3 !!!                   ESMF_LOGKIND_Multi_On_Error  !!!
20240919 034548.136 INFO             PET3 !!!!!!!!!!!!!!!!!!!!!!!!!!!!!!!!!!!!!!!!!!!!!!!!!!!!!!
20240919 034548.136 INFO             PET3 Running with ESMF Version   : v8.7.0b14-1-g2597b0a993
20240919 034548.136 INFO             PET3 ESMF library build date/time: "Sep 19 2024" "02:36:53"
20240919 034548.136 INFO             PET3 ESMF library build location : /work/noaa/da/mpotts/sandbox/intel_2020.2.1_intelmpi_g_release_8.7.0/esmf
20240919 034548.136 INFO             PET3 ESMF_COMM                   : intelmpi
20240919 034548.137 INFO             PET3 ESMF_MOAB                   : enabled
20240919 034548.137 INFO             PET3 ESMF_LAPACK                 : enabled
20240919 034548.137 INFO             PET3 ESMF_NETCDF                 : enabled
20240919 034548.137 INFO             PET3 ESMF_PNETCDF                : disabled
20240919 034548.137 INFO             PET3 ESMF_PIO                    : enabled
20240919 034548.137 INFO             PET3 ESMF_YAMLCPP                : enabled
20240919 034548.137 INFO             PET3 ESMF Tracing Enabled
20240919 034548.137 INFO             PET3 ESMF Profiling Enabled
20240919 034548.137 INFO             PET3 ESMF Trace/Profile clock: REALTIME
20240919 034548.470 INFO             PET3  NUMBER_OF_PROCESSORS           4
20240919 034548.470 INFO             PET3  PASS  Example ESMF_TraceUserEx, ESMF_TraceUserEx.F90, line 125
20240919 034548.470 INFO             PET3  Finalizing ESMF
20240919 034548.470 INFO             PET3 **************** Region Timings *******************
20240919 034548.470 INFO             PET3 Region                Count  Total (s)   Self (s)    Mean (s)    Min (s)     Max (s)
20240919 034548.470 INFO             PET3   [ESMF]              1      0.0461      0.0457      0.0461      0.0461      0.0461
20240919 034548.470 INFO             PET3     outer_region      1      0.0005      0.0001      0.0005      0.0005      0.0005
20240919 034548.470 INFO             PET3       inner_region_1  10     0.0002      0.0002      0.0000      0.0000      0.0000
20240919 034548.470 INFO             PET3       inner_region_2  10     0.0001      0.0001      0.0000      0.0000      0.0000
