2024-09-19 02:40:48
20240919 034621.967 INFO             PET0 !!!!!!!!!!!!!!!!!!!!!!!!!!!!!!!!!!!!!!!!!!!!!!!!!!!!!!
20240919 034621.967 INFO             PET0 !!! THE ESMF_LOG IS SET TO OUTPUT ALL LOG MESSAGES !!!
20240919 034621.967 INFO             PET0 !!!     THIS MAY CAUSE SLOWDOWN IN PERFORMANCE     !!!
20240919 034621.967 INFO             PET0 !!! FOR PRODUCTION RUNS, USE:                      !!!
20240919 034621.967 INFO             PET0 !!!                   ESMF_LOGKIND_Multi_On_Error  !!!
20240919 034621.967 INFO             PET0 !!!!!!!!!!!!!!!!!!!!!!!!!!!!!!!!!!!!!!!!!!!!!!!!!!!!!!
20240919 034621.967 INFO             PET0 Running with ESMF Version   : v8.7.0b14-1-g2597b0a993
20240919 034621.967 INFO             PET0 ESMF library build date/time: "Sep 19 2024" "02:36:53"
20240919 034621.967 INFO             PET0 ESMF library build location : /work/noaa/da/mpotts/sandbox/intel_2020.2.1_intelmpi_g_release_8.7.0/esmf
20240919 034621.967 INFO             PET0 ESMF_COMM                   : intelmpi
20240919 034621.968 INFO             PET0 ESMF_MOAB                   : enabled
20240919 034621.968 INFO             PET0 ESMF_LAPACK                 : enabled
20240919 034621.968 INFO             PET0 ESMF_NETCDF                 : enabled
20240919 034621.968 INFO             PET0 ESMF_PNETCDF                : disabled
20240919 034621.968 INFO             PET0 ESMF_PIO                    : enabled
20240919 034621.968 INFO             PET0 ESMF_YAMLCPP                : enabled
20240919 034621.969 INFO             PET0  NUMBER_OF_PROCESSORS           1
20240919 034621.969 INFO             PET0  PASS  Example ESMF_TimeEx, ESMF_TimeEx.F90, line 141
20240919 034621.969 INFO             PET0  Finalizing ESMF
