2024-09-22 02:40:39
20240922 034542.621 INFO             PET0 !!!!!!!!!!!!!!!!!!!!!!!!!!!!!!!!!!!!!!!!!!!!!!!!!!!!!!
20240922 034542.621 INFO             PET0 !!! THE ESMF_LOG IS SET TO OUTPUT ALL LOG MESSAGES !!!
20240922 034542.621 INFO             PET0 !!!     THIS MAY CAUSE SLOWDOWN IN PERFORMANCE     !!!
20240922 034542.621 INFO             PET0 !!! FOR PRODUCTION RUNS, USE:                      !!!
20240922 034542.621 INFO             PET0 !!!                   ESMF_LOGKIND_Multi_On_Error  !!!
20240922 034542.621 INFO             PET0 !!!!!!!!!!!!!!!!!!!!!!!!!!!!!!!!!!!!!!!!!!!!!!!!!!!!!!
20240922 034542.621 INFO             PET0 Running with ESMF Version   : v8.7.0b14-1-g2597b0a993
20240922 034542.621 INFO             PET0 ESMF library build date/time: "Sep 22 2024" "02:36:39"
20240922 034542.621 INFO             PET0 ESMF library build location : /work/noaa/da/mpotts/sandbox/intel_2020.2.1_intelmpi_g_release_8.7.0/esmf
20240922 034542.621 INFO             PET0 ESMF_COMM                   : intelmpi
20240922 034542.622 INFO             PET0 ESMF_MOAB                   : enabled
20240922 034542.622 INFO             PET0 ESMF_LAPACK                 : enabled
20240922 034542.622 INFO             PET0 ESMF_NETCDF                 : enabled
20240922 034542.622 INFO             PET0 ESMF_PNETCDF                : disabled
20240922 034542.622 INFO             PET0 ESMF_PIO                    : enabled
20240922 034542.622 INFO             PET0 ESMF_YAMLCPP                : enabled
20240922 034542.655 INFO             PET0 ESMF_FieldRedistStoreNF(): Just entered routine.
20240922 034544.230 INFO             PET0 ESMF_FieldRedistStoreNF(): Leaving routine.
20240922 034544.234 INFO             PET0  NUMBER_OF_PROCESSORS           4
20240922 034544.234 INFO             PET0  PASS  Example ESMF_RHandleFromRHandleEx, ESMF_RHandleFromRHandleEx.F90, line 660
20240922 034544.234 INFO             PET0  Finalizing ESMF
20240922 034542.621 INFO             PET1 !!!!!!!!!!!!!!!!!!!!!!!!!!!!!!!!!!!!!!!!!!!!!!!!!!!!!!
20240922 034542.621 INFO             PET1 !!! THE ESMF_LOG IS SET TO OUTPUT ALL LOG MESSAGES !!!
20240922 034542.621 INFO             PET1 !!!     THIS MAY CAUSE SLOWDOWN IN PERFORMANCE     !!!
20240922 034542.621 INFO             PET1 !!! FOR PRODUCTION RUNS, USE:                      !!!
20240922 034542.621 INFO             PET1 !!!                   ESMF_LOGKIND_Multi_On_Error  !!!
20240922 034542.621 INFO             PET1 !!!!!!!!!!!!!!!!!!!!!!!!!!!!!!!!!!!!!!!!!!!!!!!!!!!!!!
20240922 034542.621 INFO             PET1 Running with ESMF Version   : v8.7.0b14-1-g2597b0a993
20240922 034542.621 INFO             PET1 ESMF library build date/time: "Sep 22 2024" "02:36:39"
20240922 034542.621 INFO             PET1 ESMF library build location : /work/noaa/da/mpotts/sandbox/intel_2020.2.1_intelmpi_g_release_8.7.0/esmf
20240922 034542.621 INFO             PET1 ESMF_COMM                   : intelmpi
20240922 034542.622 INFO             PET1 ESMF_MOAB                   : enabled
20240922 034542.622 INFO             PET1 ESMF_LAPACK                 : enabled
20240922 034542.622 INFO             PET1 ESMF_NETCDF                 : enabled
20240922 034542.622 INFO             PET1 ESMF_PNETCDF                : disabled
20240922 034542.622 INFO             PET1 ESMF_PIO                    : enabled
20240922 034542.622 INFO             PET1 ESMF_YAMLCPP                : enabled
20240922 034542.655 INFO             PET1 ESMF_FieldRedistStoreNF(): Just entered routine.
20240922 034544.230 INFO             PET1 ESMF_FieldRedistStoreNF(): Leaving routine.
20240922 034544.234 INFO             PET1  NUMBER_OF_PROCESSORS           4
20240922 034544.234 INFO             PET1  PASS  Example ESMF_RHandleFromRHandleEx, ESMF_RHandleFromRHandleEx.F90, line 660
20240922 034544.234 INFO             PET1  Finalizing ESMF
20240922 034542.621 INFO             PET2 !!!!!!!!!!!!!!!!!!!!!!!!!!!!!!!!!!!!!!!!!!!!!!!!!!!!!!
20240922 034542.621 INFO             PET2 !!! THE ESMF_LOG IS SET TO OUTPUT ALL LOG MESSAGES !!!
20240922 034542.621 INFO             PET2 !!!     THIS MAY CAUSE SLOWDOWN IN PERFORMANCE     !!!
20240922 034542.621 INFO             PET2 !!! FOR PRODUCTION RUNS, USE:                      !!!
20240922 034542.621 INFO             PET2 !!!                   ESMF_LOGKIND_Multi_On_Error  !!!
20240922 034542.621 INFO             PET2 !!!!!!!!!!!!!!!!!!!!!!!!!!!!!!!!!!!!!!!!!!!!!!!!!!!!!!
20240922 034542.621 INFO             PET2 Running with ESMF Version   : v8.7.0b14-1-g2597b0a993
20240922 034542.621 INFO             PET2 ESMF library build date/time: "Sep 22 2024" "02:36:39"
20240922 034542.621 INFO             PET2 ESMF library build location : /work/noaa/da/mpotts/sandbox/intel_2020.2.1_intelmpi_g_release_8.7.0/esmf
20240922 034542.621 INFO             PET2 ESMF_COMM                   : intelmpi
20240922 034542.622 INFO             PET2 ESMF_MOAB                   : enabled
20240922 034542.622 INFO             PET2 ESMF_LAPACK                 : enabled
20240922 034542.622 INFO             PET2 ESMF_NETCDF                 : enabled
20240922 034542.622 INFO             PET2 ESMF_PNETCDF                : disabled
20240922 034542.622 INFO             PET2 ESMF_PIO                    : enabled
20240922 034542.622 INFO             PET2 ESMF_YAMLCPP                : enabled
20240922 034542.655 INFO             PET2 ESMF_FieldRedistStoreNF(): Just entered routine.
20240922 034544.230 INFO             PET2 ESMF_FieldRedistStoreNF(): Leaving routine.
20240922 034544.235 INFO             PET2  NUMBER_OF_PROCESSORS           4
20240922 034544.235 INFO             PET2  PASS  Example ESMF_RHandleFromRHandleEx, ESMF_RHandleFromRHandleEx.F90, line 660
20240922 034544.235 INFO             PET2  Finalizing ESMF
20240922 034542.621 INFO             PET3 !!!!!!!!!!!!!!!!!!!!!!!!!!!!!!!!!!!!!!!!!!!!!!!!!!!!!!
20240922 034542.621 INFO             PET3 !!! THE ESMF_LOG IS SET TO OUTPUT ALL LOG MESSAGES !!!
20240922 034542.621 INFO             PET3 !!!     THIS MAY CAUSE SLOWDOWN IN PERFORMANCE     !!!
20240922 034542.621 INFO             PET3 !!! FOR PRODUCTION RUNS, USE:                      !!!
20240922 034542.621 INFO             PET3 !!!                   ESMF_LOGKIND_Multi_On_Error  !!!
20240922 034542.621 INFO             PET3 !!!!!!!!!!!!!!!!!!!!!!!!!!!!!!!!!!!!!!!!!!!!!!!!!!!!!!
20240922 034542.621 INFO             PET3 Running with ESMF Version   : v8.7.0b14-1-g2597b0a993
20240922 034542.621 INFO             PET3 ESMF library build date/time: "Sep 22 2024" "02:36:39"
20240922 034542.621 INFO             PET3 ESMF library build location : /work/noaa/da/mpotts/sandbox/intel_2020.2.1_intelmpi_g_release_8.7.0/esmf
20240922 034542.621 INFO             PET3 ESMF_COMM                   : intelmpi
20240922 034542.622 INFO             PET3 ESMF_MOAB                   : enabled
20240922 034542.622 INFO             PET3 ESMF_LAPACK                 : enabled
20240922 034542.622 INFO             PET3 ESMF_NETCDF                 : enabled
20240922 034542.622 INFO             PET3 ESMF_PNETCDF                : disabled
20240922 034542.622 INFO             PET3 ESMF_PIO                    : enabled
20240922 034542.622 INFO             PET3 ESMF_YAMLCPP                : enabled
20240922 034542.655 INFO             PET3 ESMF_FieldRedistStoreNF(): Just entered routine.
20240922 034544.230 INFO             PET3 ESMF_FieldRedistStoreNF(): Leaving routine.
20240922 034544.238 INFO             PET3  NUMBER_OF_PROCESSORS           4
20240922 034544.239 INFO             PET3  PASS  Example ESMF_RHandleFromRHandleEx, ESMF_RHandleFromRHandleEx.F90, line 660
20240922 034544.239 INFO             PET3  Finalizing ESMF
