2024-10-05 02:06:38
--- ESMCI::ArrayBundle::print start ---
ArrayBundle: MyArrayBundle
arrayCount = 3
Container::print() multipmap:item=--- ESMCI::ArrayBundle::print start ---
ArrayBundle: MyArrayBundle
arrayCount = 3
Container::print() multipmap:item=0 key=AonFly value=0xf0a290
Container::print() multipmap:item=1 key=Array002 value=0xf4dc40
Container::print() multipmap:item=2 key=Array003 value=0xf4e860
Container::print()      list:item=0 key=Array002 value=0xf4dc40
Container::print()      list:item=--- ESMCI::ArrayBundle::print start ---
ArrayBundle: MyArrayBundle
arrayCount = 3
Container::print() multipmap:item=0 key=AonFly value=0x170b040
Container::print() multipmap:item=1 key=Array002 value=0x174f8f0
Container::print() multipmap:item=2 key=Array003 value=0x1750120
Container::print()      list:item=0 key=Array002 value=0x174f8f0
Container::print()      list:item=1 key=Array003 value=0x1750120
Container::print()      list:item=--- ESMCI::ArrayBundle::print start ---
ArrayBundle: MyArrayBundle
arrayCount = 3
Container::print() multipmap:item=0 key=AonFly value=0x153ef80
Container::print() multipmap:item=1 key=Array002 value=0x15838f0
Container::print() multipmap:item=2 key=Array003 value=0x15840e0
Container::print()      list:item=0 key=Array002 value=0x15838f0
Container::print()      list:item=1 key=Array003 value=0x15840e0
Container::print()      list:item=20 key=AonFly value=0x13996c0
Container::print() multipmap:item=1 key=Array002 value=0x13dcf40
Container::print() multipmap:item=2 key=Array003 value=0x13ddca0
Container::print()      list:item=0 key=Array002 value=0x13dcf40
Container::print()      list:item=1 key=Array003 value=0x13ddca0
Container::print()      list:item=2 key=AonFly value=0x13996c0
--- ESMCI::ArrayBundle::print end ---
1 key=Array003 value=0xf4e860
Container::print()      list:item=2 key=AonFly value=0xf0a290
--- ESMCI::ArrayBundle::print end ---
2 key=AonFly value=0x170b040
--- ESMCI::ArrayBundle::print end ---
 key=AonFly value=0x153ef80
--- ESMCI::ArrayBundle::print end ---
--- ESMCI::Array::print start ---
 Base name    = AonFly--- ESMCI::Array::print start ---
 Base name    = AonFly

 Status: Base = --- ESMCI::Array::print start ---
 Base name    = AonFly
 Status: Base = Ready, --- ESMCI::Array::print start ---
 Base name    = AonFly
 Status: Base = Ready,  object = Ready
 Proxy        = no
 Root Info (Attributes): Status: Base = Ready,  object = Ready
 Proxy        = no
 Root Info (Attributes):
Ready,  object = Ready
 Proxy        = no
 Root Info (Attributes):
 object = Ready
 Proxy        = no
 Root Info (Attributes):

{}Array typekind/rank: Real*4 / 2 
{}Array typekind/rank: Real*4 / 2 
~ lower class' values ~
DistGrid dimCount = 2
deCount = 6
localDeCount = 2
~ local data in LocalArray for DE 1 ~
{}Array typekind/rank: Real*4 / 2 
~ lower class' values ~
DistGrid dimCount = 2
{}Array typekind/rank: Real*4 / 2 
~ lower class' values ~
DistGrid dimCount = 2
deCount = 6
localDeCount = 1
~ local data in LocalArray for DE 3 ~
LocalArrayPrint: Array at address 0x153ec50:
~ lower class' values ~
DistGrid dimCount = 2
deCount = 6
localDeCount = 2
~ local data in LocalArray for DE 0 ~
LocalArrayPrint: Array at address 0x1399060:
            rank = 2, typekind = 5, base_addr = 0x13dc820
            dim[0] = 3  dim[1] = 2  
  Real, *4, Dim 2, Data values:
LocalArrayPrint: Array at address 0xf09c30:
            rank = 2, typekind = 5, base_addr = 0xf08340
            dim[0] = 2  dim[1] = 2  
  Real, *4, Dim 2, Data values:
deCount = 6
localDeCount = 1
~ local data in LocalArray for DE 2 ~
LocalArrayPrint: Array at address 0x170ad10:
            rank = 2, typekind = 5, base_addr = 0x170a250
            dim[0] = 3  dim[1] = 2  
  Real, *4, Dim 2, Data values:
            rank = 2, typekind = 5, base_addr = 0x153e250
            dim[0] = 2  dim[1] = 2  
  Real, *4, Dim 2, Data values:
( 1, 1) =  3.4878e-38
( 2, 1) =  0
( 3, 1) =  4.2039e-45
( 1, 2) =  1.4013e-45
( 2, 2) =  0
( 1, 1) =  2.24942e-38
( 2, 1) =  0
( 1, 2) =  2.8026e-45
( 2, 2) =  1.4013e-45
~ local data in LocalArray for DE 5 ~
LocalArrayPrint: Array at address 0xf09f60:
            rank = 2, typekind = 5, base_addr = 0xf09b70
            dim[0] = 2  ( 1, 1) =  3.97245e-38
( 2, 1) =  0
( 1, 2) =  -3.77142e-21
( 2, 2) =  4.57664e-41
--- ESMCI::Array::print end ---( 3, 2) =  0
~ local data in LocalArray for DE 4 ~
LocalArrayPrint: Array at address 0x1399390:
            rank = 2, typekind = 5, base_addr = 0x1398fa0
            dim[0] = 3  dim[1] = 1  
  Real, *4, Dim 2, Data values:
( 1, 1) =  3.40821e-38
( 2, 1) =  0
( 3, 1) =  5.61731e-38
--- ESMCI::Array::print end ---dim[1] = 1  
  Real, *4, Dim 2, Data values:
( 1, 1) =  2.20962e-38
( 2, 1) =  0
--- ESMCI::Array::print end ---
--- ESMCI::Array::print start ---
 Base name    = Array002
 Status: Base = Ready,  object = Ready
 Proxy        = no
 Root Info (Attributes):( 1, 1) =  4.50054e-38
( 2, 1) =  0
( 3, 1) =  3.68412e+15
( 1, 2) =  4.56025e-41
( 2, 2) =  0
( 3, 2) =  0
--- ESMCI::Array::print end ---
--- ESMCI::Array::print start ---
 Base name    = Array002
--- ESMCI::Array::print start ---
 Base name    = Array002
 Status: Base = Ready,  object = Ready
 Proxy        = no
 Root Info (Attributes):

--- ESMCI::Array::print start ---
 Base name    = Array002
 Status: Base = Ready,  object = Ready
 Proxy        = no
 Root Info (Attributes):
{}Array typekind/rank: Real*8 / 2 
~ lower class' values ~
DistGrid dimCount = 2
deCount = 6

{}Array typekind/rank: Real*8 / 2 
~ lower class' values ~
DistGrid dimCount = 2
deCount = 6
localDeCount = 2
~ local data in LocalArray for DE 1 ~
LocalArrayPrint: Array at address 0xf4d5c0:
            rank = 2, typekind = 6, base_addr = 0xf07b90
            dim[0] = 2  dim[1] = 2  
  Real, *8, Dim 2, Data values:

 Status: Base = Ready,  object = Ready
 Proxy        = no
 Root Info (Attributes):
{}Array typekind/rank: Real*8 / 2 
~ lower class' values ~
{}Array typekind/rank: Real*8 / 2 
~ lower class' values ~
DistGrid dimCount = 2
deCount = 6
localDeCount = 1
~ local data in LocalArray for DE 3 ~
LocalArrayPrint: Array at address 0x15835c0:
            rank = 2, typekind = 6, base_addr = 0x154af00
            dim[0] = 2  dim[1] = 2  
localDeCount = 2
~ local data in LocalArray for DE 0 ~
LocalArrayPrint: Array at address 0x13dc8c0:
            rank = 2, typekind = 6, base_addr = 0x1396cf0
            dim[0] = 3  dim[1] = 2  
  Real, *8, Dim 2, Data values:
( 1, 1) =  1.01486e-316
( 2, 1) =  4.24399e-314
( 3, 1) =  4.24399e-314
( 1, 2) =  4.24399e-314
( 2, 2) =  2.122e-314
( 1, 1) =  7.93477e-317
( 2, 1) =  4.24399e-314
( 1, 2) =  0
( 2, 2) =  0
~ local data in LocalArray for DE 5 ~
LocalArrayPrint: Array at address 0xf4d8f0:
            rank = 2, typekind = 6, base_addr = 0xf4dc20
            dim[0] = 2  dim[1] = 1  
  Real, *8, Dim 2, Data values:
( 1, 1) =  6.93205e-310
( 2, 1) =  6.93205e-310
--- ESMCI::Array::print end ---
DistGrid dimCount = 2
deCount = 6
localDeCount = 1
~ local data in LocalArray for DE 2 ~
LocalArrayPrint: Array at address 0x174f5c0:
            rank = 2, typekind = 6, base_addr = 0x172a0c0
            dim[0] = 3  dim[1] = 2  
  Real, *8, Dim 2, Data values:
  Real, *8, Dim 2, Data values:
( 1, 1) =  1.11523e-316
( 2, 1) =  4.24399e-314
( 1, 2) =  0
( 2, 2) =  0
--- ESMCI::Array::print end ---
--- ESMCI::Array::print start ---
 Base name    = Array003( 3, 2) =  2.122e-314
~ local data in LocalArray for DE 4 ~
LocalArrayPrint: Array at address 0x13dcbf0:
            rank = 2, typekind = 6, base_addr = 0x13dcf20
            dim[0] = 3  dim[1] = 1  
  Real, *8, Dim 2, Data values:
( 1, 1) =  6.91368e-310
( 2, 1) =  6.91368e-310
( 3, 1) =  0
--- ESMCI::Array::print end ---
--- ESMCI::Array::print start ---
 Base name    = Array003
 Status: Base = Ready--- ESMCI::Array::print start ---
 Base name    = Array003
 Status: Base = Ready,  object = Ready
 Proxy        = no
 Root Info (Attributes):
{}Array typekind/rank: Real*8 / 2 
~ lower class' values ~
DistGrid dimCount = 2
deCount = 6
localDeCount = 2
~ local data in LocalArray for DE 1 ~
LocalArrayPrint: Array at address 0xf4e200:
            rank = 2, typekind = 6, base_addr = 0xf08360
            dim[0] = 2  ( 1, 1) =  1.19352e-316
( 2, 1) =  4.24399e-314
( 3, 1) =  4.24399e-314
( 1, 2) =  4.24399e-314
( 2, 2) =  2.122e-314
( 3, 2) =  2.122e-314
--- ESMCI::Array::print end ---

 Status: Base = Ready,  object = Ready
 Proxy        = no
 Root Info (Attributes):
{}Array typekind/rank: Real*8 / 2 
~ lower class' values ~
DistGrid dimCount = 2
deCount = 6
localDeCount = 1
~ local data in LocalArray for DE 3 ~
LocalArrayPrint: Array at address 0x1583db0:
,  object = Ready
 Proxy        = no
 Root Info (Attributes):
{}Array typekind/rank: Real*8 / 2 
~ lower class' values ~
DistGrid dimCount = 2
deCount = 6
localDeCount = 2
~ local data in LocalArray for DE 0 ~
LocalArrayPrint: Array at address 0x13dd600:
            rank = 2, typekind = 6, base_addr = 0x13dd930
            dim[0] = 3  dim[1] = 2  
  Real, *8, Dim 2, Data values:
dim[1] = 2  
  Real, *8, Dim 2, Data values:
( 1, 1) =  7.75644e-317
( 2, 1) =  2.122e-314
( 1, 2) =  0
( 2, 2) =  0
~ local data in LocalArray for DE 5 ~
LocalArrayPrint: Array at address 0xf4e530:
            rank = 2, typekind = 6, base_addr = 0xf07b70
            dim[0] = 2  dim[1] = 1  
  Real, *8, Dim 2, Data values:
( 1, 1) =  7.92895e-317
--- ESMCI::Array::print start ---
 Base name    = Array003
 Status: Base = Ready,  object = Ready
 Proxy        = no
 Root Info (Attributes):
{}Array typekind/rank: Real*8 / 2 
~ lower class' values ~
            rank = 2, typekind = 6, base_addr = 0x1586e00
            dim[0] = 2  dim[1] = 2  
  Real, *8, Dim 2, Data values:
( 1, 1) =  1.1031e-316
( 2, 1) =  4.24399e-314
( 1, 1) =  6.91368e-310
( 2, 1) =  6.91368e-310
( 3, 1) =  0
( 1, 2) =  0
( 2, 2) =  0
( 3, 2) =  0
~ local data in LocalArray for DE 4 ~
LocalArrayPrint: Array at address 0x13dd970:
            rank = 2, typekind = 6, base_addr = 0x1396ca0
            dim[0] = 3  dim[1] = 1  
  Real, *8, Dim 2, Data values:
( 1, 1) =  1.02895e-316
( 2, 1) =  2.122e-314
--- ESMCI::Array::print end ---
DistGrid dimCount = 2
deCount = 6
localDeCount = 1
~ local data in LocalArray for DE 2 ~
LocalArrayPrint: Array at address 0x174fdb0:
            rank = 2, typekind = 6, base_addr = 0x17500e0
            dim[0] = 3  dim[1] = 2  
  Real, *8, Dim 2, Data values:
( 1, 2) =  0
( 2, 2) =  0
--- ESMCI::Array::print end ---
( 2, 1) =  2.122e-314
( 3, 1) =  0
--- ESMCI::Array::print end ---
( 1, 1) =  6.90568e-310
( 2, 1) =  6.90568e-310
( 3, 1) =  0
( 1, 2) =  0
( 2, 2) =  0
( 3, 2) =  0
--- ESMCI::Array::print end ---
  PASS  Example ESMF_ArrayBundleEx, ESMF_ArrayBundleEx.F90, line 267
  PASS  Example ESMF_ArrayBundleEx, ESMF_ArrayBundleEx.F90, line 267
  PASS  Example ESMF_ArrayBundleEx, ESMF_ArrayBundleEx.F90, line 267
  PASS  Example ESMF_ArrayBundleEx, ESMF_ArrayBundleEx.F90, line 267
 PASS: ESMF_ArrayBundleEx.F90
 PASS: ESMF_ArrayBundleEx.F90
 PASS: ESMF_ArrayBundleEx.F90
 PASS: ESMF_ArrayBundleEx.F90
