2024-10-01 09:31:06
20241001 100640.200 INFO             PET0 !!!!!!!!!!!!!!!!!!!!!!!!!!!!!!!!!!!!!!!!!!!!!!!!!!!!!!
20241001 100640.201 INFO             PET0 !!! THE ESMF_LOG IS SET TO OUTPUT ALL LOG MESSAGES !!!
20241001 100640.201 INFO             PET0 !!!     THIS MAY CAUSE SLOWDOWN IN PERFORMANCE     !!!
20241001 100640.201 INFO             PET0 !!! FOR PRODUCTION RUNS, USE:                      !!!
20241001 100640.201 INFO             PET0 !!!                   ESMF_LOGKIND_Multi_On_Error  !!!
20241001 100640.201 INFO             PET0 !!!!!!!!!!!!!!!!!!!!!!!!!!!!!!!!!!!!!!!!!!!!!!!!!!!!!!
20241001 100640.201 INFO             PET0 Running with ESMF Version   : v8.7.0b14-7-ge84ae5b02e
20241001 100640.201 INFO             PET0 ESMF library build date/time: "Oct  1 2024" "09:28:44"
20241001 100640.201 INFO             PET0 ESMF library build location : /Users/sacks/projects/scratch/esmf-testing/gfortranclang_12.2.0_14.0.0_mpiuni_g_develop/esmf
20241001 100640.201 INFO             PET0 ESMF_COMM                   : mpiuni
20241001 100640.201 INFO             PET0 ESMF_MOAB                   : enabled
20241001 100640.201 INFO             PET0 ESMF_LAPACK                 : enabled
20241001 100640.201 INFO             PET0 ESMF_NETCDF                 : enabled
20241001 100640.201 INFO             PET0 ESMF_PNETCDF                : disabled
20241001 100640.201 INFO             PET0 ESMF_PIO                    : enabled
20241001 100640.201 INFO             PET0 ESMF_YAMLCPP                : enabled
20241001 100640.206 INFO             PET0 ESMF_FieldRedistStoreNF(): Just entered routine.
20241001 100640.656 INFO             PET0 ESMF_FieldRedistStoreNF(): Leaving routine.
20241001 100640.674 INFO             PET0  NUMBER_OF_PROCESSORS           1
20241001 100640.674 INFO             PET0  PASS  Example ESMF_RHandleFromFileEx, ESMF_RHandleFromFileEx.F90, line 192
20241001 100640.674 INFO             PET0  Finalizing ESMF
