2024-08-14 21:18:22
20240815 071431.794 INFO             PET0 !!!!!!!!!!!!!!!!!!!!!!!!!!!!!!!!!!!!!!!!!!!!!!!!!!!!!!
20240815 071431.795 INFO             PET0 !!! THE ESMF_LOG IS SET TO OUTPUT ALL LOG MESSAGES !!!
20240815 071431.795 INFO             PET0 !!!     THIS MAY CAUSE SLOWDOWN IN PERFORMANCE     !!!
20240815 071431.795 INFO             PET0 !!! FOR PRODUCTION RUNS, USE:                      !!!
20240815 071431.795 INFO             PET0 !!!                   ESMF_LOGKIND_Multi_On_Error  !!!
20240815 071431.795 INFO             PET0 !!!!!!!!!!!!!!!!!!!!!!!!!!!!!!!!!!!!!!!!!!!!!!!!!!!!!!
20240815 071431.795 INFO             PET0 Running with ESMF Version   : v8.7.0b11
20240815 071431.795 INFO             PET0 ESMF library build date/time: "Aug 14 2024" "21:16:07"
20240815 071431.795 INFO             PET0 ESMF library build location : /Users/sacks/projects/scratch/esmf-testing/gfortranclang_12.2.0_14.0.0_mpiuni_g_develop/esmf
20240815 071431.795 INFO             PET0 ESMF_COMM                   : mpiuni
20240815 071431.795 INFO             PET0 ESMF_MOAB                   : enabled
20240815 071431.795 INFO             PET0 ESMF_LAPACK                 : enabled
20240815 071431.795 INFO             PET0 ESMF_NETCDF                 : enabled
20240815 071431.795 INFO             PET0 ESMF_PNETCDF                : disabled
20240815 071431.795 INFO             PET0 ESMF_PIO                    : enabled
20240815 071431.795 INFO             PET0 ESMF_YAMLCPP                : enabled
20240815 071431.796 INFO             PET0  NUMBER_OF_PROCESSORS           1
20240815 071431.796 INFO             PET0  PASS  Example ESMF_AttachMethodsEx, ESMF_AttachMethodsEx.F90, line 292
20240815 071431.796 INFO             PET0  Finalizing ESMF
