2024-08-14 21:18:22
20240815 065650.822 INFO             PET0 !!!!!!!!!!!!!!!!!!!!!!!!!!!!!!!!!!!!!!!!!!!!!!!!!!!!!!
20240815 065650.825 INFO             PET0 !!! THE ESMF_LOG IS SET TO OUTPUT ALL LOG MESSAGES !!!
20240815 065650.825 INFO             PET0 !!!     THIS MAY CAUSE SLOWDOWN IN PERFORMANCE     !!!
20240815 065650.825 INFO             PET0 !!! FOR PRODUCTION RUNS, USE:                      !!!
20240815 065650.825 INFO             PET0 !!!                   ESMF_LOGKIND_Multi_On_Error  !!!
20240815 065650.825 INFO             PET0 !!!!!!!!!!!!!!!!!!!!!!!!!!!!!!!!!!!!!!!!!!!!!!!!!!!!!!
20240815 065650.825 INFO             PET0 Running with ESMF Version   : v8.7.0b11
20240815 065650.825 INFO             PET0 ESMF library build date/time: "Aug 14 2024" "21:16:07"
20240815 065650.825 INFO             PET0 ESMF library build location : /Users/sacks/projects/scratch/esmf-testing/gfortranclang_12.2.0_14.0.0_mpiuni_g_develop/esmf
20240815 065650.825 INFO             PET0 ESMF_COMM                   : mpiuni
20240815 065650.825 INFO             PET0 ESMF_MOAB                   : enabled
20240815 065650.825 INFO             PET0 ESMF_LAPACK                 : enabled
20240815 065650.825 INFO             PET0 ESMF_NETCDF                 : enabled
20240815 065650.825 INFO             PET0 ESMF_PNETCDF                : disabled
20240815 065650.825 INFO             PET0 ESMF_PIO                    : enabled
20240815 065650.825 INFO             PET0 ESMF_YAMLCPP                : enabled
20240815 065650.829 ERROR            PET0 ESMCI_Info.C:1289 Info::set(<json>) Cannot set value  - Error/Return Code 540 (ESMC_RC_CANNOT_SET) - Key '/myIntegerKey' already in map and force=false.
20240815 065650.829 ERROR            PET0 ESMCI_Info.C:1292 Info::set(<json>) Cannot set value  - Internal subroutine call returned Error
20240815 065650.829 ERROR            PET0 ESMCI_Info.C:1334 Info::set(<json>) Cannot set value  - Internal subroutine call returned Error
20240815 065650.829 ERROR            PET0 ESMCI_Info.C:1337 Info::set(<json>) Cannot set value  - Internal subroutine call returned Error
20240815 065650.829 ERROR            PET0 ESMCI_Info.C:1385 Info::set(<scalar>) Cannot set value  - Internal subroutine call returned Error
20240815 065650.830 ERROR            PET0 ESMC_InfoCDefGeneric.C:387 ESMC_InfoSetI4() Cannot set value  - Internal subroutine call returned Error
20240815 065650.831 ERROR            PET0 ESMF_Info.F90:2871 ESMF_InfoSetI4() Cannot set value  - Internal subroutine call returned Error
20240815 065650.832 INFO             PET0  NUMBER_OF_PROCESSORS           1
20240815 065650.832 INFO             PET0  PASS  Example ESMF_InfoTutorialEx, ESMF_InfoTutorialEx.F90, line 335
20240815 065650.832 INFO             PET0  Finalizing ESMF
