2024-08-27 07:11:43
20240827 091034.307 INFO             PET0 !!!!!!!!!!!!!!!!!!!!!!!!!!!!!!!!!!!!!!!!!!!!!!!!!!!!!!
20240827 091034.309 INFO             PET0 !!! THE ESMF_LOG IS SET TO OUTPUT ALL LOG MESSAGES !!!
20240827 091034.309 INFO             PET0 !!!     THIS MAY CAUSE SLOWDOWN IN PERFORMANCE     !!!
20240827 091034.309 INFO             PET0 !!! FOR PRODUCTION RUNS, USE:                      !!!
20240827 091034.309 INFO             PET0 !!!                   ESMF_LOGKIND_Multi_On_Error  !!!
20240827 091034.309 INFO             PET0 !!!!!!!!!!!!!!!!!!!!!!!!!!!!!!!!!!!!!!!!!!!!!!!!!!!!!!
20240827 091034.309 INFO             PET0 Running with ESMF Version   : v8.7.0b11-5-gfda68a9ac3
20240827 091034.310 INFO             PET0 ESMF library build date/time: "Aug 27 2024" "07:09:46"
20240827 091034.310 INFO             PET0 ESMF library build location : /Users/sacks/projects/scratch/esmf-testing/gfortranclang_12.2.0_14.0.0_mpiuni_g_develop/esmf
20240827 091034.310 INFO             PET0 ESMF_COMM                   : mpiuni
20240827 091034.310 INFO             PET0 ESMF_MOAB                   : enabled
20240827 091034.310 INFO             PET0 ESMF_LAPACK                 : enabled
20240827 091034.310 INFO             PET0 ESMF_NETCDF                 : enabled
20240827 091034.310 INFO             PET0 ESMF_PNETCDF                : disabled
20240827 091034.310 INFO             PET0 ESMF_PIO                    : enabled
20240827 091034.310 INFO             PET0 ESMF_YAMLCPP                : enabled
20240827 091034.311 INFO             PET0 ESMF Tracing Enabled
20240827 091034.311 INFO             PET0 ESMF Profiling Enabled
20240827 091034.311 INFO             PET0 ESMF Trace/Profile clock: REALTIME
20240827 091034.318 INFO             PET0  NUMBER_OF_PROCESSORS           1
20240827 091034.318 INFO             PET0  PASS  Example ESMF_TraceUserEx, ESMF_TraceUserEx.F90, line 125
20240827 091034.319 INFO             PET0  Finalizing ESMF
20240827 091034.319 INFO             PET0 **************** Region Timings *******************
20240827 091034.319 INFO             PET0 Region                Count  Total (s)   Self (s)    Mean (s)    Min (s)     Max (s)
20240827 091034.320 INFO             PET0   [ESMF]              1      0.0028      0.0022      0.0028      0.0028      0.0028
20240827 091034.320 INFO             PET0     outer_region      1      0.0006      0.0001      0.0006      0.0006      0.0006
20240827 091034.320 INFO             PET0       inner_region_1  10     0.0003      0.0003      0.0000      0.0000      0.0000
20240827 091034.320 INFO             PET0       inner_region_2  10     0.0001      0.0001      0.0000      0.0000      0.0000
