2024-09-27 09:22:39
20240927 102317.918 INFO             PET0 !!!!!!!!!!!!!!!!!!!!!!!!!!!!!!!!!!!!!!!!!!!!!!!!!!!!!!
20240927 102317.919 INFO             PET0 !!! THE ESMF_LOG IS SET TO OUTPUT ALL LOG MESSAGES !!!
20240927 102317.919 INFO             PET0 !!!     THIS MAY CAUSE SLOWDOWN IN PERFORMANCE     !!!
20240927 102317.919 INFO             PET0 !!! FOR PRODUCTION RUNS, USE:                      !!!
20240927 102317.919 INFO             PET0 !!!                   ESMF_LOGKIND_Multi_On_Error  !!!
20240927 102317.919 INFO             PET0 !!!!!!!!!!!!!!!!!!!!!!!!!!!!!!!!!!!!!!!!!!!!!!!!!!!!!!
20240927 102317.919 INFO             PET0 Running with ESMF Version   : v8.7.0b14-7-ge84ae5b02e
20240927 102317.919 INFO             PET0 ESMF library build date/time: "Sep 27 2024" "09:20:04"
20240927 102317.919 INFO             PET0 ESMF library build location : /Users/sacks/projects/scratch/esmf-testing/gfortranclang_12.2.0_14.0.0_mpiuni_g_develop/esmf
20240927 102317.919 INFO             PET0 ESMF_COMM                   : mpiuni
20240927 102317.919 INFO             PET0 ESMF_MOAB                   : enabled
20240927 102317.919 INFO             PET0 ESMF_LAPACK                 : enabled
20240927 102317.919 INFO             PET0 ESMF_NETCDF                 : enabled
20240927 102317.919 INFO             PET0 ESMF_PNETCDF                : disabled
20240927 102317.919 INFO             PET0 ESMF_PIO                    : enabled
20240927 102317.919 INFO             PET0 ESMF_YAMLCPP                : enabled
20240927 102317.919 INFO             PET0  NUMBER_OF_PROCESSORS           1
20240927 102317.919 INFO             PET0  PASS  Example ESMF_GridCreateRegFromDGEx, ESMF_GridCreateRegFromDGEx.F90, line 112
20240927 102317.919 INFO             PET0  Finalizing ESMF
