2024-10-08 09:35:08
20241008 100734.096 INFO             PET0 !!!!!!!!!!!!!!!!!!!!!!!!!!!!!!!!!!!!!!!!!!!!!!!!!!!!!!
20241008 100734.098 INFO             PET0 !!! THE ESMF_LOG IS SET TO OUTPUT ALL LOG MESSAGES !!!
20241008 100734.098 INFO             PET0 !!!     THIS MAY CAUSE SLOWDOWN IN PERFORMANCE     !!!
20241008 100734.098 INFO             PET0 !!! FOR PRODUCTION RUNS, USE:                      !!!
20241008 100734.098 INFO             PET0 !!!                   ESMF_LOGKIND_Multi_On_Error  !!!
20241008 100734.098 INFO             PET0 !!!!!!!!!!!!!!!!!!!!!!!!!!!!!!!!!!!!!!!!!!!!!!!!!!!!!!
20241008 100734.098 INFO             PET0 Running with ESMF Version   : v8.7.0
20241008 100734.098 INFO             PET0 ESMF library build date/time: "Oct  8 2024" "09:32:56"
20241008 100734.098 INFO             PET0 ESMF library build location : /Users/sacks/projects/scratch/esmf-testing/gfortranclang_12.2.0_14.0.0_mpiuni_g_v8.7.0/esmf
20241008 100734.098 INFO             PET0 ESMF_COMM                   : mpiuni
20241008 100734.098 INFO             PET0 ESMF_MOAB                   : enabled
20241008 100734.098 INFO             PET0 ESMF_LAPACK                 : enabled
20241008 100734.098 INFO             PET0 ESMF_NETCDF                 : enabled
20241008 100734.098 INFO             PET0 ESMF_PNETCDF                : disabled
20241008 100734.098 INFO             PET0 ESMF_PIO                    : enabled
20241008 100734.098 INFO             PET0 ESMF_YAMLCPP                : enabled
20241008 100734.109 INFO             PET0  NUMBER_OF_PROCESSORS           1
20241008 100734.109 INFO             PET0  PASS  Example ESMF_StateReadWriteEx, ESMF_StateReadWriteEx.F90, line 185
20241008 100734.109 INFO             PET0  Finalizing ESMF
