2024-10-04 23:59:03
20241005 004238.068 INFO             PET0 !!!!!!!!!!!!!!!!!!!!!!!!!!!!!!!!!!!!!!!!!!!!!!!!!!!!!!
20241005 004238.068 INFO             PET0 !!! THE ESMF_LOG IS SET TO OUTPUT ALL LOG MESSAGES !!!
20241005 004238.068 INFO             PET0 !!!     THIS MAY CAUSE SLOWDOWN IN PERFORMANCE     !!!
20241005 004238.068 INFO             PET0 !!! FOR PRODUCTION RUNS, USE:                      !!!
20241005 004238.068 INFO             PET0 !!!                   ESMF_LOGKIND_Multi_On_Error  !!!
20241005 004238.068 INFO             PET0 !!!!!!!!!!!!!!!!!!!!!!!!!!!!!!!!!!!!!!!!!!!!!!!!!!!!!!
20241005 004238.068 INFO             PET0 Running with ESMF Version   : v8.7.0
20241005 004238.068 INFO             PET0 ESMF library build date/time: "Oct  4 2024" "23:58:09"
20241005 004238.068 INFO             PET0 ESMF library build location : /tmp/intel_2023.1.0_mpiuni_g_v8.7.0/esmf
20241005 004238.068 INFO             PET0 ESMF_COMM                   : mpiuni
20241005 004238.068 INFO             PET0 ESMF_MOAB                   : enabled
20241005 004238.068 INFO             PET0 ESMF_LAPACK                 : enabled
20241005 004238.068 INFO             PET0 ESMF_NETCDF                 : enabled
20241005 004238.068 INFO             PET0 ESMF_PNETCDF                : disabled
20241005 004238.068 INFO             PET0 ESMF_PIO                    : enabled
20241005 004238.068 INFO             PET0 ESMF_YAMLCPP                : enabled
20241005 004238.076 INFO             PET0 ESMF_FieldRedistStoreNF(): Just entered routine.
20241005 004238.605 INFO             PET0 ESMF_FieldRedistStoreNF(): Leaving routine.
20241005 004238.608 INFO             PET0  NUMBER_OF_PROCESSORS           1
20241005 004238.608 INFO             PET0  PASS  Example ESMF_RHandleFromFileEx, ESMF_RHandleFromFileEx.F90, line 192
20241005 004238.608 INFO             PET0  Finalizing ESMF
