2024-08-31 07:29:36
20240831 080545.002 INFO             PET0 !!!!!!!!!!!!!!!!!!!!!!!!!!!!!!!!!!!!!!!!!!!!!!!!!!!!!!
20240831 080545.002 INFO             PET0 !!! THE ESMF_LOG IS SET TO OUTPUT ALL LOG MESSAGES !!!
20240831 080545.002 INFO             PET0 !!!     THIS MAY CAUSE SLOWDOWN IN PERFORMANCE     !!!
20240831 080545.002 INFO             PET0 !!! FOR PRODUCTION RUNS, USE:                      !!!
20240831 080545.002 INFO             PET0 !!!                   ESMF_LOGKIND_Multi_On_Error  !!!
20240831 080545.002 INFO             PET0 !!!!!!!!!!!!!!!!!!!!!!!!!!!!!!!!!!!!!!!!!!!!!!!!!!!!!!
20240831 080545.002 INFO             PET0 Running with ESMF Version   : v8.7.0b12-2-gbfe22b56ac
20240831 080545.002 INFO             PET0 ESMF library build date/time: "Aug 31 2024" "07:27:00"
20240831 080545.002 INFO             PET0 ESMF library build location : /scratch2/NCEPDEV/stmp1/Gerhard.Theurich/ESMF-Nightly-Testing/gfortran_13.2.0_openmpi_O_develop/esmf
20240831 080545.002 INFO             PET0 ESMF_COMM                   : openmpi
20240831 080545.002 INFO             PET0 ESMF_MOAB                   : enabled
20240831 080545.002 INFO             PET0 ESMF_LAPACK                 : enabled
20240831 080545.002 INFO             PET0 ESMF_NETCDF                 : disabled
20240831 080545.002 INFO             PET0 ESMF_PNETCDF                : disabled
20240831 080545.002 INFO             PET0 ESMF_PIO                    : disabled
20240831 080545.002 INFO             PET0 ESMF_YAMLCPP                : enabled
20240831 080545.005 INFO             PET0  NUMBER_OF_PROCESSORS           1
20240831 080545.005 INFO             PET0  PASS  Example ESMF_XGridSparseMatEx, ESMF_XGridSparseMatEx.F90, line 642
20240831 080545.005 INFO             PET0  Finalizing ESMF
