2024-10-05 22:37:09
20241006 004151.496 INFO             PET0 !!!!!!!!!!!!!!!!!!!!!!!!!!!!!!!!!!!!!!!!!!!!!!!!!!!!!!
20241006 004151.496 INFO             PET0 !!! THE ESMF_LOG IS SET TO OUTPUT ALL LOG MESSAGES !!!
20241006 004151.496 INFO             PET0 !!!     THIS MAY CAUSE SLOWDOWN IN PERFORMANCE     !!!
20241006 004151.496 INFO             PET0 !!! FOR PRODUCTION RUNS, USE:                      !!!
20241006 004151.496 INFO             PET0 !!!                   ESMF_LOGKIND_Multi_On_Error  !!!
20241006 004151.496 INFO             PET0 !!!!!!!!!!!!!!!!!!!!!!!!!!!!!!!!!!!!!!!!!!!!!!!!!!!!!!
20241006 004151.496 INFO             PET0 Running with ESMF Version   : v8.7.0
20241006 004151.496 INFO             PET0 ESMF library build date/time: "Oct  5 2024" "22:33:30"
20241006 004151.496 INFO             PET0 ESMF library build location : /discover/nobackup/projects/gmao/SIteam/ESMF_Testing/intel_2021.6.0_intelmpi_g_v8.7.0/esmf
20241006 004151.496 INFO             PET0 ESMF_COMM                   : intelmpi
20241006 004151.496 INFO             PET0 ESMF_MOAB                   : enabled
20241006 004151.496 INFO             PET0 ESMF_LAPACK                 : enabled
20241006 004151.496 INFO             PET0 ESMF_NETCDF                 : disabled
20241006 004151.496 INFO             PET0 ESMF_PNETCDF                : disabled
20241006 004151.496 INFO             PET0 ESMF_PIO                    : disabled
20241006 004151.496 INFO             PET0 ESMF_YAMLCPP                : enabled
20241006 004151.497 INFO             PET0  NUMBER_OF_PROCESSORS           4
20241006 004151.497 INFO             PET0  PASS  Example ESMF_VMAllFullReduceEx, ESMF_VMAllFullReduceEx.F90, line 113
20241006 004151.497 INFO             PET0  Finalizing ESMF
20241006 004151.495 INFO             PET1 !!!!!!!!!!!!!!!!!!!!!!!!!!!!!!!!!!!!!!!!!!!!!!!!!!!!!!
20241006 004151.495 INFO             PET1 !!! THE ESMF_LOG IS SET TO OUTPUT ALL LOG MESSAGES !!!
20241006 004151.495 INFO             PET1 !!!     THIS MAY CAUSE SLOWDOWN IN PERFORMANCE     !!!
20241006 004151.495 INFO             PET1 !!! FOR PRODUCTION RUNS, USE:                      !!!
20241006 004151.495 INFO             PET1 !!!                   ESMF_LOGKIND_Multi_On_Error  !!!
20241006 004151.495 INFO             PET1 !!!!!!!!!!!!!!!!!!!!!!!!!!!!!!!!!!!!!!!!!!!!!!!!!!!!!!
20241006 004151.496 INFO             PET1 Running with ESMF Version   : v8.7.0
20241006 004151.496 INFO             PET1 ESMF library build date/time: "Oct  5 2024" "22:33:30"
20241006 004151.496 INFO             PET1 ESMF library build location : /discover/nobackup/projects/gmao/SIteam/ESMF_Testing/intel_2021.6.0_intelmpi_g_v8.7.0/esmf
20241006 004151.496 INFO             PET1 ESMF_COMM                   : intelmpi
20241006 004151.496 INFO             PET1 ESMF_MOAB                   : enabled
20241006 004151.496 INFO             PET1 ESMF_LAPACK                 : enabled
20241006 004151.496 INFO             PET1 ESMF_NETCDF                 : disabled
20241006 004151.496 INFO             PET1 ESMF_PNETCDF                : disabled
20241006 004151.496 INFO             PET1 ESMF_PIO                    : disabled
20241006 004151.496 INFO             PET1 ESMF_YAMLCPP                : enabled
20241006 004151.497 INFO             PET1  NUMBER_OF_PROCESSORS           4
20241006 004151.497 INFO             PET1  PASS  Example ESMF_VMAllFullReduceEx, ESMF_VMAllFullReduceEx.F90, line 113
20241006 004151.497 INFO             PET1  Finalizing ESMF
20241006 004151.495 INFO             PET2 !!!!!!!!!!!!!!!!!!!!!!!!!!!!!!!!!!!!!!!!!!!!!!!!!!!!!!
20241006 004151.495 INFO             PET2 !!! THE ESMF_LOG IS SET TO OUTPUT ALL LOG MESSAGES !!!
20241006 004151.495 INFO             PET2 !!!     THIS MAY CAUSE SLOWDOWN IN PERFORMANCE     !!!
20241006 004151.495 INFO             PET2 !!! FOR PRODUCTION RUNS, USE:                      !!!
20241006 004151.495 INFO             PET2 !!!                   ESMF_LOGKIND_Multi_On_Error  !!!
20241006 004151.495 INFO             PET2 !!!!!!!!!!!!!!!!!!!!!!!!!!!!!!!!!!!!!!!!!!!!!!!!!!!!!!
20241006 004151.495 INFO             PET2 Running with ESMF Version   : v8.7.0
20241006 004151.495 INFO             PET2 ESMF library build date/time: "Oct  5 2024" "22:33:30"
20241006 004151.495 INFO             PET2 ESMF library build location : /discover/nobackup/projects/gmao/SIteam/ESMF_Testing/intel_2021.6.0_intelmpi_g_v8.7.0/esmf
20241006 004151.495 INFO             PET2 ESMF_COMM                   : intelmpi
20241006 004151.496 INFO             PET2 ESMF_MOAB                   : enabled
20241006 004151.496 INFO             PET2 ESMF_LAPACK                 : enabled
20241006 004151.496 INFO             PET2 ESMF_NETCDF                 : disabled
20241006 004151.496 INFO             PET2 ESMF_PNETCDF                : disabled
20241006 004151.496 INFO             PET2 ESMF_PIO                    : disabled
20241006 004151.496 INFO             PET2 ESMF_YAMLCPP                : enabled
20241006 004151.497 INFO             PET2  NUMBER_OF_PROCESSORS           4
20241006 004151.497 INFO             PET2  PASS  Example ESMF_VMAllFullReduceEx, ESMF_VMAllFullReduceEx.F90, line 113
20241006 004151.497 INFO             PET2  Finalizing ESMF
20241006 004151.495 INFO             PET3 !!!!!!!!!!!!!!!!!!!!!!!!!!!!!!!!!!!!!!!!!!!!!!!!!!!!!!
20241006 004151.495 INFO             PET3 !!! THE ESMF_LOG IS SET TO OUTPUT ALL LOG MESSAGES !!!
20241006 004151.495 INFO             PET3 !!!     THIS MAY CAUSE SLOWDOWN IN PERFORMANCE     !!!
20241006 004151.495 INFO             PET3 !!! FOR PRODUCTION RUNS, USE:                      !!!
20241006 004151.495 INFO             PET3 !!!                   ESMF_LOGKIND_Multi_On_Error  !!!
20241006 004151.495 INFO             PET3 !!!!!!!!!!!!!!!!!!!!!!!!!!!!!!!!!!!!!!!!!!!!!!!!!!!!!!
20241006 004151.495 INFO             PET3 Running with ESMF Version   : v8.7.0
20241006 004151.495 INFO             PET3 ESMF library build date/time: "Oct  5 2024" "22:33:30"
20241006 004151.495 INFO             PET3 ESMF library build location : /discover/nobackup/projects/gmao/SIteam/ESMF_Testing/intel_2021.6.0_intelmpi_g_v8.7.0/esmf
20241006 004151.495 INFO             PET3 ESMF_COMM                   : intelmpi
20241006 004151.496 INFO             PET3 ESMF_MOAB                   : enabled
20241006 004151.496 INFO             PET3 ESMF_LAPACK                 : enabled
20241006 004151.496 INFO             PET3 ESMF_NETCDF                 : disabled
20241006 004151.496 INFO             PET3 ESMF_PNETCDF                : disabled
20241006 004151.496 INFO             PET3 ESMF_PIO                    : disabled
20241006 004151.496 INFO             PET3 ESMF_YAMLCPP                : enabled
20241006 004151.497 INFO             PET3  NUMBER_OF_PROCESSORS           4
20241006 004151.497 INFO             PET3  PASS  Example ESMF_VMAllFullReduceEx, ESMF_VMAllFullReduceEx.F90, line 113
20241006 004151.497 INFO             PET3  Finalizing ESMF
