2024-09-30 23:25:50
20241001 002904.281 INFO             PET0 !!!!!!!!!!!!!!!!!!!!!!!!!!!!!!!!!!!!!!!!!!!!!!!!!!!!!!
20241001 002904.281 INFO             PET0 !!! THE ESMF_LOG IS SET TO OUTPUT ALL LOG MESSAGES !!!
20241001 002904.281 INFO             PET0 !!!     THIS MAY CAUSE SLOWDOWN IN PERFORMANCE     !!!
20241001 002904.281 INFO             PET0 !!! FOR PRODUCTION RUNS, USE:                      !!!
20241001 002904.281 INFO             PET0 !!!                   ESMF_LOGKIND_Multi_On_Error  !!!
20241001 002904.281 INFO             PET0 !!!!!!!!!!!!!!!!!!!!!!!!!!!!!!!!!!!!!!!!!!!!!!!!!!!!!!
20241001 002904.281 INFO             PET0 Running with ESMF Version   : v8.7.0b14-1-g2597b0a993
20241001 002904.281 INFO             PET0 ESMF library build date/time: "Sep 30 2024" "23:23:36"
20241001 002904.281 INFO             PET0 ESMF library build location : /discover/nobackup/projects/gmao/SIteam/ESMF_Testing/intel_2024.2.0_intelmpi_g_release_8.7.0/esmf
20241001 002904.281 INFO             PET0 ESMF_COMM                   : intelmpi
20241001 002904.281 INFO             PET0 ESMF_MOAB                   : enabled
20241001 002904.281 INFO             PET0 ESMF_LAPACK                 : enabled
20241001 002904.281 INFO             PET0 ESMF_NETCDF                 : disabled
20241001 002904.281 INFO             PET0 ESMF_PNETCDF                : disabled
20241001 002904.281 INFO             PET0 ESMF_PIO                    : disabled
20241001 002904.281 INFO             PET0 ESMF_YAMLCPP                : enabled
20241001 002904.285 INFO             PET0  NUMBER_OF_PROCESSORS           4
20241001 002904.285 INFO             PET0  PASS  Example ESMF_ArrayLarrayEx, ESMF_ArrayLarrayEx.F90, line 325
20241001 002904.285 INFO             PET0  Finalizing ESMF
20241001 002904.281 INFO             PET1 !!!!!!!!!!!!!!!!!!!!!!!!!!!!!!!!!!!!!!!!!!!!!!!!!!!!!!
20241001 002904.281 INFO             PET1 !!! THE ESMF_LOG IS SET TO OUTPUT ALL LOG MESSAGES !!!
20241001 002904.281 INFO             PET1 !!!     THIS MAY CAUSE SLOWDOWN IN PERFORMANCE     !!!
20241001 002904.281 INFO             PET1 !!! FOR PRODUCTION RUNS, USE:                      !!!
20241001 002904.281 INFO             PET1 !!!                   ESMF_LOGKIND_Multi_On_Error  !!!
20241001 002904.281 INFO             PET1 !!!!!!!!!!!!!!!!!!!!!!!!!!!!!!!!!!!!!!!!!!!!!!!!!!!!!!
20241001 002904.281 INFO             PET1 Running with ESMF Version   : v8.7.0b14-1-g2597b0a993
20241001 002904.281 INFO             PET1 ESMF library build date/time: "Sep 30 2024" "23:23:36"
20241001 002904.281 INFO             PET1 ESMF library build location : /discover/nobackup/projects/gmao/SIteam/ESMF_Testing/intel_2024.2.0_intelmpi_g_release_8.7.0/esmf
20241001 002904.281 INFO             PET1 ESMF_COMM                   : intelmpi
20241001 002904.282 INFO             PET1 ESMF_MOAB                   : enabled
20241001 002904.282 INFO             PET1 ESMF_LAPACK                 : enabled
20241001 002904.282 INFO             PET1 ESMF_NETCDF                 : disabled
20241001 002904.282 INFO             PET1 ESMF_PNETCDF                : disabled
20241001 002904.282 INFO             PET1 ESMF_PIO                    : disabled
20241001 002904.282 INFO             PET1 ESMF_YAMLCPP                : enabled
20241001 002904.285 INFO             PET1  NUMBER_OF_PROCESSORS           4
20241001 002904.285 INFO             PET1  PASS  Example ESMF_ArrayLarrayEx, ESMF_ArrayLarrayEx.F90, line 325
20241001 002904.285 INFO             PET1  Finalizing ESMF
20241001 002904.281 INFO             PET2 !!!!!!!!!!!!!!!!!!!!!!!!!!!!!!!!!!!!!!!!!!!!!!!!!!!!!!
20241001 002904.281 INFO             PET2 !!! THE ESMF_LOG IS SET TO OUTPUT ALL LOG MESSAGES !!!
20241001 002904.281 INFO             PET2 !!!     THIS MAY CAUSE SLOWDOWN IN PERFORMANCE     !!!
20241001 002904.281 INFO             PET2 !!! FOR PRODUCTION RUNS, USE:                      !!!
20241001 002904.281 INFO             PET2 !!!                   ESMF_LOGKIND_Multi_On_Error  !!!
20241001 002904.281 INFO             PET2 !!!!!!!!!!!!!!!!!!!!!!!!!!!!!!!!!!!!!!!!!!!!!!!!!!!!!!
20241001 002904.281 INFO             PET2 Running with ESMF Version   : v8.7.0b14-1-g2597b0a993
20241001 002904.281 INFO             PET2 ESMF library build date/time: "Sep 30 2024" "23:23:36"
20241001 002904.281 INFO             PET2 ESMF library build location : /discover/nobackup/projects/gmao/SIteam/ESMF_Testing/intel_2024.2.0_intelmpi_g_release_8.7.0/esmf
20241001 002904.281 INFO             PET2 ESMF_COMM                   : intelmpi
20241001 002904.281 INFO             PET2 ESMF_MOAB                   : enabled
20241001 002904.281 INFO             PET2 ESMF_LAPACK                 : enabled
20241001 002904.281 INFO             PET2 ESMF_NETCDF                 : disabled
20241001 002904.281 INFO             PET2 ESMF_PNETCDF                : disabled
20241001 002904.281 INFO             PET2 ESMF_PIO                    : disabled
20241001 002904.281 INFO             PET2 ESMF_YAMLCPP                : enabled
20241001 002904.285 INFO             PET2  NUMBER_OF_PROCESSORS           4
20241001 002904.285 INFO             PET2  PASS  Example ESMF_ArrayLarrayEx, ESMF_ArrayLarrayEx.F90, line 325
20241001 002904.285 INFO             PET2  Finalizing ESMF
20241001 002904.282 INFO             PET3 !!!!!!!!!!!!!!!!!!!!!!!!!!!!!!!!!!!!!!!!!!!!!!!!!!!!!!
20241001 002904.282 INFO             PET3 !!! THE ESMF_LOG IS SET TO OUTPUT ALL LOG MESSAGES !!!
20241001 002904.282 INFO             PET3 !!!     THIS MAY CAUSE SLOWDOWN IN PERFORMANCE     !!!
20241001 002904.282 INFO             PET3 !!! FOR PRODUCTION RUNS, USE:                      !!!
20241001 002904.282 INFO             PET3 !!!                   ESMF_LOGKIND_Multi_On_Error  !!!
20241001 002904.282 INFO             PET3 !!!!!!!!!!!!!!!!!!!!!!!!!!!!!!!!!!!!!!!!!!!!!!!!!!!!!!
20241001 002904.282 INFO             PET3 Running with ESMF Version   : v8.7.0b14-1-g2597b0a993
20241001 002904.282 INFO             PET3 ESMF library build date/time: "Sep 30 2024" "23:23:36"
20241001 002904.282 INFO             PET3 ESMF library build location : /discover/nobackup/projects/gmao/SIteam/ESMF_Testing/intel_2024.2.0_intelmpi_g_release_8.7.0/esmf
20241001 002904.282 INFO             PET3 ESMF_COMM                   : intelmpi
20241001 002904.282 INFO             PET3 ESMF_MOAB                   : enabled
20241001 002904.282 INFO             PET3 ESMF_LAPACK                 : enabled
20241001 002904.282 INFO             PET3 ESMF_NETCDF                 : disabled
20241001 002904.282 INFO             PET3 ESMF_PNETCDF                : disabled
20241001 002904.282 INFO             PET3 ESMF_PIO                    : disabled
20241001 002904.282 INFO             PET3 ESMF_YAMLCPP                : enabled
20241001 002904.285 INFO             PET3  NUMBER_OF_PROCESSORS           4
20241001 002904.285 INFO             PET3  PASS  Example ESMF_ArrayLarrayEx, ESMF_ArrayLarrayEx.F90, line 325
20241001 002904.285 INFO             PET3  Finalizing ESMF
