2024-08-26 04:15:02
20240826 050845.930 INFO             PET0 !!!!!!!!!!!!!!!!!!!!!!!!!!!!!!!!!!!!!!!!!!!!!!!!!!!!!!
20240826 050845.930 INFO             PET0 !!! THE ESMF_LOG IS SET TO OUTPUT ALL LOG MESSAGES !!!
20240826 050845.930 INFO             PET0 !!!     THIS MAY CAUSE SLOWDOWN IN PERFORMANCE     !!!
20240826 050845.930 INFO             PET0 !!! FOR PRODUCTION RUNS, USE:                      !!!
20240826 050845.930 INFO             PET0 !!!                   ESMF_LOGKIND_Multi_On_Error  !!!
20240826 050845.930 INFO             PET0 !!!!!!!!!!!!!!!!!!!!!!!!!!!!!!!!!!!!!!!!!!!!!!!!!!!!!!
20240826 050845.930 INFO             PET0 Running with ESMF Version   : v8.7.0b11-5-gfda68a9ac3
20240826 050845.930 INFO             PET0 ESMF library build date/time: "Aug 26 2024" "04:11:07"
20240826 050845.930 INFO             PET0 ESMF library build location : /glade/derecho/scratch/sacks/esmf-testing/nvhpc_23.7_mpi_g_develop/esmf
20240826 050845.930 INFO             PET0 ESMF_COMM                   : mpi
20240826 050845.932 INFO             PET0 ESMF_MOAB                   : enabled
20240826 050845.932 INFO             PET0 ESMF_LAPACK                 : enabled
20240826 050845.932 INFO             PET0 ESMF_NETCDF                 : enabled
20240826 050845.932 INFO             PET0 ESMF_PNETCDF                : disabled
20240826 050845.932 INFO             PET0 ESMF_PIO                    : enabled
20240826 050845.932 INFO             PET0 ESMF_YAMLCPP                : enabled
20240826 050845.936 INFO             PET0 ESMF_FieldRedistStoreNF(): Just entered routine.
20240826 050846.128 INFO             PET0 ESMF_FieldRedistStoreNF(): Leaving routine.
20240826 050846.161 INFO             PET0  NUMBER_OF_PROCESSORS            4
20240826 050846.162 INFO             PET0  PASS  Example ESMF_RHandleFromFileEx, ESMF_RHandleFromFileEx.F90, line 192
20240826 050846.162 INFO             PET0  Finalizing ESMF
20240826 050845.930 INFO             PET1 !!!!!!!!!!!!!!!!!!!!!!!!!!!!!!!!!!!!!!!!!!!!!!!!!!!!!!
20240826 050845.930 INFO             PET1 !!! THE ESMF_LOG IS SET TO OUTPUT ALL LOG MESSAGES !!!
20240826 050845.930 INFO             PET1 !!!     THIS MAY CAUSE SLOWDOWN IN PERFORMANCE     !!!
20240826 050845.930 INFO             PET1 !!! FOR PRODUCTION RUNS, USE:                      !!!
20240826 050845.930 INFO             PET1 !!!                   ESMF_LOGKIND_Multi_On_Error  !!!
20240826 050845.930 INFO             PET1 !!!!!!!!!!!!!!!!!!!!!!!!!!!!!!!!!!!!!!!!!!!!!!!!!!!!!!
20240826 050845.930 INFO             PET1 Running with ESMF Version   : v8.7.0b11-5-gfda68a9ac3
20240826 050845.930 INFO             PET1 ESMF library build date/time: "Aug 26 2024" "04:11:07"
20240826 050845.930 INFO             PET1 ESMF library build location : /glade/derecho/scratch/sacks/esmf-testing/nvhpc_23.7_mpi_g_develop/esmf
20240826 050845.930 INFO             PET1 ESMF_COMM                   : mpi
20240826 050845.931 INFO             PET1 ESMF_MOAB                   : enabled
20240826 050845.931 INFO             PET1 ESMF_LAPACK                 : enabled
20240826 050845.931 INFO             PET1 ESMF_NETCDF                 : enabled
20240826 050845.931 INFO             PET1 ESMF_PNETCDF                : disabled
20240826 050845.931 INFO             PET1 ESMF_PIO                    : enabled
20240826 050845.931 INFO             PET1 ESMF_YAMLCPP                : enabled
20240826 050845.935 INFO             PET1 ESMF_FieldRedistStoreNF(): Just entered routine.
20240826 050846.128 INFO             PET1 ESMF_FieldRedistStoreNF(): Leaving routine.
20240826 050846.161 INFO             PET1  NUMBER_OF_PROCESSORS            4
20240826 050846.162 INFO             PET1  PASS  Example ESMF_RHandleFromFileEx, ESMF_RHandleFromFileEx.F90, line 192
20240826 050846.162 INFO             PET1  Finalizing ESMF
20240826 050845.930 INFO             PET2 !!!!!!!!!!!!!!!!!!!!!!!!!!!!!!!!!!!!!!!!!!!!!!!!!!!!!!
20240826 050845.930 INFO             PET2 !!! THE ESMF_LOG IS SET TO OUTPUT ALL LOG MESSAGES !!!
20240826 050845.930 INFO             PET2 !!!     THIS MAY CAUSE SLOWDOWN IN PERFORMANCE     !!!
20240826 050845.930 INFO             PET2 !!! FOR PRODUCTION RUNS, USE:                      !!!
20240826 050845.930 INFO             PET2 !!!                   ESMF_LOGKIND_Multi_On_Error  !!!
20240826 050845.930 INFO             PET2 !!!!!!!!!!!!!!!!!!!!!!!!!!!!!!!!!!!!!!!!!!!!!!!!!!!!!!
20240826 050845.930 INFO             PET2 Running with ESMF Version   : v8.7.0b11-5-gfda68a9ac3
20240826 050845.931 INFO             PET2 ESMF library build date/time: "Aug 26 2024" "04:11:07"
20240826 050845.931 INFO             PET2 ESMF library build location : /glade/derecho/scratch/sacks/esmf-testing/nvhpc_23.7_mpi_g_develop/esmf
20240826 050845.931 INFO             PET2 ESMF_COMM                   : mpi
20240826 050845.932 INFO             PET2 ESMF_MOAB                   : enabled
20240826 050845.932 INFO             PET2 ESMF_LAPACK                 : enabled
20240826 050845.932 INFO             PET2 ESMF_NETCDF                 : enabled
20240826 050845.932 INFO             PET2 ESMF_PNETCDF                : disabled
20240826 050845.932 INFO             PET2 ESMF_PIO                    : enabled
20240826 050845.932 INFO             PET2 ESMF_YAMLCPP                : enabled
20240826 050845.936 INFO             PET2 ESMF_FieldRedistStoreNF(): Just entered routine.
20240826 050846.128 INFO             PET2 ESMF_FieldRedistStoreNF(): Leaving routine.
20240826 050846.161 INFO             PET2  NUMBER_OF_PROCESSORS            4
20240826 050846.162 INFO             PET2  PASS  Example ESMF_RHandleFromFileEx, ESMF_RHandleFromFileEx.F90, line 192
20240826 050846.162 INFO             PET2  Finalizing ESMF
20240826 050845.927 INFO             PET3 !!!!!!!!!!!!!!!!!!!!!!!!!!!!!!!!!!!!!!!!!!!!!!!!!!!!!!
20240826 050845.928 INFO             PET3 !!! THE ESMF_LOG IS SET TO OUTPUT ALL LOG MESSAGES !!!
20240826 050845.928 INFO             PET3 !!!     THIS MAY CAUSE SLOWDOWN IN PERFORMANCE     !!!
20240826 050845.928 INFO             PET3 !!! FOR PRODUCTION RUNS, USE:                      !!!
20240826 050845.928 INFO             PET3 !!!                   ESMF_LOGKIND_Multi_On_Error  !!!
20240826 050845.928 INFO             PET3 !!!!!!!!!!!!!!!!!!!!!!!!!!!!!!!!!!!!!!!!!!!!!!!!!!!!!!
20240826 050845.928 INFO             PET3 Running with ESMF Version   : v8.7.0b11-5-gfda68a9ac3
20240826 050845.928 INFO             PET3 ESMF library build date/time: "Aug 26 2024" "04:11:07"
20240826 050845.928 INFO             PET3 ESMF library build location : /glade/derecho/scratch/sacks/esmf-testing/nvhpc_23.7_mpi_g_develop/esmf
20240826 050845.928 INFO             PET3 ESMF_COMM                   : mpi
20240826 050845.929 INFO             PET3 ESMF_MOAB                   : enabled
20240826 050845.929 INFO             PET3 ESMF_LAPACK                 : enabled
20240826 050845.929 INFO             PET3 ESMF_NETCDF                 : enabled
20240826 050845.929 INFO             PET3 ESMF_PNETCDF                : disabled
20240826 050845.929 INFO             PET3 ESMF_PIO                    : enabled
20240826 050845.929 INFO             PET3 ESMF_YAMLCPP                : enabled
20240826 050845.937 INFO             PET3 ESMF_FieldRedistStoreNF(): Just entered routine.
20240826 050846.128 INFO             PET3 ESMF_FieldRedistStoreNF(): Leaving routine.
20240826 050846.161 INFO             PET3  NUMBER_OF_PROCESSORS            4
20240826 050846.162 INFO             PET3  PASS  Example ESMF_RHandleFromFileEx, ESMF_RHandleFromFileEx.F90, line 192
20240826 050846.162 INFO             PET3  Finalizing ESMF
