2024-08-30 04:43:51
20240830 054346.262 INFO             PET0 !!!!!!!!!!!!!!!!!!!!!!!!!!!!!!!!!!!!!!!!!!!!!!!!!!!!!!
20240830 054346.262 INFO             PET0 !!! THE ESMF_LOG IS SET TO OUTPUT ALL LOG MESSAGES !!!
20240830 054346.262 INFO             PET0 !!!     THIS MAY CAUSE SLOWDOWN IN PERFORMANCE     !!!
20240830 054346.262 INFO             PET0 !!! FOR PRODUCTION RUNS, USE:                      !!!
20240830 054346.262 INFO             PET0 !!!                   ESMF_LOGKIND_Multi_On_Error  !!!
20240830 054346.262 INFO             PET0 !!!!!!!!!!!!!!!!!!!!!!!!!!!!!!!!!!!!!!!!!!!!!!!!!!!!!!
20240830 054346.262 INFO             PET0 Running with ESMF Version   : v8.7.0b11-6-g82f8052f9c
20240830 054346.262 INFO             PET0 ESMF library build date/time: "Aug 30 2024" "04:39:29"
20240830 054346.262 INFO             PET0 ESMF library build location : /glade/derecho/scratch/sacks/esmf-testing/nvhpc_23.7_mpi_g_develop/esmf
20240830 054346.262 INFO             PET0 ESMF_COMM                   : mpi
20240830 054346.264 INFO             PET0 ESMF_MOAB                   : enabled
20240830 054346.264 INFO             PET0 ESMF_LAPACK                 : enabled
20240830 054346.264 INFO             PET0 ESMF_NETCDF                 : enabled
20240830 054346.264 INFO             PET0 ESMF_PNETCDF                : disabled
20240830 054346.264 INFO             PET0 ESMF_PIO                    : enabled
20240830 054346.264 INFO             PET0 ESMF_YAMLCPP                : enabled
20240830 054346.266 INFO             PET0 ESMF_FieldRedistStoreNF(): Just entered routine.
20240830 054346.268 INFO             PET0 ESMF_FieldRedistStoreNF(): Leaving routine.
20240830 054346.272 INFO             PET0 ESMF_FieldRedistStoreNF(): Just entered routine.
20240830 054346.273 INFO             PET0 ESMF_FieldRedistStoreNF(): Leaving routine.
20240830 054346.273 INFO             PET0 ESMF_FieldRedistStoreNF(): Just entered routine.
20240830 054346.274 INFO             PET0 ESMF_FieldRedistStoreNF(): Leaving routine.
20240830 054346.274 INFO             PET0  NUMBER_OF_PROCESSORS            4
20240830 054346.274 INFO             PET0  PASS  Example ESMF_FieldRedistEx, ESMF_FieldRedistEx.F90, line 521
20240830 054346.274 INFO             PET0  Finalizing ESMF
20240830 054346.261 INFO             PET1 !!!!!!!!!!!!!!!!!!!!!!!!!!!!!!!!!!!!!!!!!!!!!!!!!!!!!!
20240830 054346.261 INFO             PET1 !!! THE ESMF_LOG IS SET TO OUTPUT ALL LOG MESSAGES !!!
20240830 054346.261 INFO             PET1 !!!     THIS MAY CAUSE SLOWDOWN IN PERFORMANCE     !!!
20240830 054346.261 INFO             PET1 !!! FOR PRODUCTION RUNS, USE:                      !!!
20240830 054346.261 INFO             PET1 !!!                   ESMF_LOGKIND_Multi_On_Error  !!!
20240830 054346.261 INFO             PET1 !!!!!!!!!!!!!!!!!!!!!!!!!!!!!!!!!!!!!!!!!!!!!!!!!!!!!!
20240830 054346.261 INFO             PET1 Running with ESMF Version   : v8.7.0b11-6-g82f8052f9c
20240830 054346.261 INFO             PET1 ESMF library build date/time: "Aug 30 2024" "04:39:29"
20240830 054346.261 INFO             PET1 ESMF library build location : /glade/derecho/scratch/sacks/esmf-testing/nvhpc_23.7_mpi_g_develop/esmf
20240830 054346.262 INFO             PET1 ESMF_COMM                   : mpi
20240830 054346.262 INFO             PET1 ESMF_MOAB                   : enabled
20240830 054346.262 INFO             PET1 ESMF_LAPACK                 : enabled
20240830 054346.262 INFO             PET1 ESMF_NETCDF                 : enabled
20240830 054346.262 INFO             PET1 ESMF_PNETCDF                : disabled
20240830 054346.262 INFO             PET1 ESMF_PIO                    : enabled
20240830 054346.262 INFO             PET1 ESMF_YAMLCPP                : enabled
20240830 054346.266 INFO             PET1 ESMF_FieldRedistStoreNF(): Just entered routine.
20240830 054346.268 INFO             PET1 ESMF_FieldRedistStoreNF(): Leaving routine.
20240830 054346.272 INFO             PET1 ESMF_FieldRedistStoreNF(): Just entered routine.
20240830 054346.273 INFO             PET1 ESMF_FieldRedistStoreNF(): Leaving routine.
20240830 054346.273 INFO             PET1 ESMF_FieldRedistStoreNF(): Just entered routine.
20240830 054346.274 INFO             PET1 ESMF_FieldRedistStoreNF(): Leaving routine.
20240830 054346.274 INFO             PET1  NUMBER_OF_PROCESSORS            4
20240830 054346.274 INFO             PET1  PASS  Example ESMF_FieldRedistEx, ESMF_FieldRedistEx.F90, line 521
20240830 054346.274 INFO             PET1  Finalizing ESMF
20240830 054346.262 INFO             PET2 !!!!!!!!!!!!!!!!!!!!!!!!!!!!!!!!!!!!!!!!!!!!!!!!!!!!!!
20240830 054346.262 INFO             PET2 !!! THE ESMF_LOG IS SET TO OUTPUT ALL LOG MESSAGES !!!
20240830 054346.262 INFO             PET2 !!!     THIS MAY CAUSE SLOWDOWN IN PERFORMANCE     !!!
20240830 054346.262 INFO             PET2 !!! FOR PRODUCTION RUNS, USE:                      !!!
20240830 054346.262 INFO             PET2 !!!                   ESMF_LOGKIND_Multi_On_Error  !!!
20240830 054346.262 INFO             PET2 !!!!!!!!!!!!!!!!!!!!!!!!!!!!!!!!!!!!!!!!!!!!!!!!!!!!!!
20240830 054346.262 INFO             PET2 Running with ESMF Version   : v8.7.0b11-6-g82f8052f9c
20240830 054346.262 INFO             PET2 ESMF library build date/time: "Aug 30 2024" "04:39:29"
20240830 054346.262 INFO             PET2 ESMF library build location : /glade/derecho/scratch/sacks/esmf-testing/nvhpc_23.7_mpi_g_develop/esmf
20240830 054346.262 INFO             PET2 ESMF_COMM                   : mpi
20240830 054346.263 INFO             PET2 ESMF_MOAB                   : enabled
20240830 054346.263 INFO             PET2 ESMF_LAPACK                 : enabled
20240830 054346.263 INFO             PET2 ESMF_NETCDF                 : enabled
20240830 054346.263 INFO             PET2 ESMF_PNETCDF                : disabled
20240830 054346.263 INFO             PET2 ESMF_PIO                    : enabled
20240830 054346.263 INFO             PET2 ESMF_YAMLCPP                : enabled
20240830 054346.266 INFO             PET2 ESMF_FieldRedistStoreNF(): Just entered routine.
20240830 054346.268 INFO             PET2 ESMF_FieldRedistStoreNF(): Leaving routine.
20240830 054346.272 INFO             PET2 ESMF_FieldRedistStoreNF(): Just entered routine.
20240830 054346.273 INFO             PET2 ESMF_FieldRedistStoreNF(): Leaving routine.
20240830 054346.273 INFO             PET2 ESMF_FieldRedistStoreNF(): Just entered routine.
20240830 054346.274 INFO             PET2 ESMF_FieldRedistStoreNF(): Leaving routine.
20240830 054346.274 INFO             PET2  NUMBER_OF_PROCESSORS            4
20240830 054346.274 INFO             PET2  PASS  Example ESMF_FieldRedistEx, ESMF_FieldRedistEx.F90, line 521
20240830 054346.274 INFO             PET2  Finalizing ESMF
20240830 054346.261 INFO             PET3 !!!!!!!!!!!!!!!!!!!!!!!!!!!!!!!!!!!!!!!!!!!!!!!!!!!!!!
20240830 054346.261 INFO             PET3 !!! THE ESMF_LOG IS SET TO OUTPUT ALL LOG MESSAGES !!!
20240830 054346.261 INFO             PET3 !!!     THIS MAY CAUSE SLOWDOWN IN PERFORMANCE     !!!
20240830 054346.261 INFO             PET3 !!! FOR PRODUCTION RUNS, USE:                      !!!
20240830 054346.261 INFO             PET3 !!!                   ESMF_LOGKIND_Multi_On_Error  !!!
20240830 054346.261 INFO             PET3 !!!!!!!!!!!!!!!!!!!!!!!!!!!!!!!!!!!!!!!!!!!!!!!!!!!!!!
20240830 054346.261 INFO             PET3 Running with ESMF Version   : v8.7.0b11-6-g82f8052f9c
20240830 054346.261 INFO             PET3 ESMF library build date/time: "Aug 30 2024" "04:39:29"
20240830 054346.261 INFO             PET3 ESMF library build location : /glade/derecho/scratch/sacks/esmf-testing/nvhpc_23.7_mpi_g_develop/esmf
20240830 054346.261 INFO             PET3 ESMF_COMM                   : mpi
20240830 054346.262 INFO             PET3 ESMF_MOAB                   : enabled
20240830 054346.262 INFO             PET3 ESMF_LAPACK                 : enabled
20240830 054346.262 INFO             PET3 ESMF_NETCDF                 : enabled
20240830 054346.262 INFO             PET3 ESMF_PNETCDF                : disabled
20240830 054346.262 INFO             PET3 ESMF_PIO                    : enabled
20240830 054346.262 INFO             PET3 ESMF_YAMLCPP                : enabled
20240830 054346.266 INFO             PET3 ESMF_FieldRedistStoreNF(): Just entered routine.
20240830 054346.268 INFO             PET3 ESMF_FieldRedistStoreNF(): Leaving routine.
20240830 054346.272 INFO             PET3 ESMF_FieldRedistStoreNF(): Just entered routine.
20240830 054346.273 INFO             PET3 ESMF_FieldRedistStoreNF(): Leaving routine.
20240830 054346.273 INFO             PET3 ESMF_FieldRedistStoreNF(): Just entered routine.
20240830 054346.274 INFO             PET3 ESMF_FieldRedistStoreNF(): Leaving routine.
20240830 054346.274 INFO             PET3  NUMBER_OF_PROCESSORS            4
20240830 054346.274 INFO             PET3  PASS  Example ESMF_FieldRedistEx, ESMF_FieldRedistEx.F90, line 521
20240830 054346.274 INFO             PET3  Finalizing ESMF
