2024-08-31 03:54:18
20240831 044350.370 INFO             PET0 !!!!!!!!!!!!!!!!!!!!!!!!!!!!!!!!!!!!!!!!!!!!!!!!!!!!!!
20240831 044350.370 INFO             PET0 !!! THE ESMF_LOG IS SET TO OUTPUT ALL LOG MESSAGES !!!
20240831 044350.370 INFO             PET0 !!!     THIS MAY CAUSE SLOWDOWN IN PERFORMANCE     !!!
20240831 044350.370 INFO             PET0 !!! FOR PRODUCTION RUNS, USE:                      !!!
20240831 044350.370 INFO             PET0 !!!                   ESMF_LOGKIND_Multi_On_Error  !!!
20240831 044350.370 INFO             PET0 !!!!!!!!!!!!!!!!!!!!!!!!!!!!!!!!!!!!!!!!!!!!!!!!!!!!!!
20240831 044350.370 INFO             PET0 Running with ESMF Version   : v8.7.0b12-2-gbfe22b56ac
20240831 044350.370 INFO             PET0 ESMF library build date/time: "Aug 31 2024" "03:50:51"
20240831 044350.370 INFO             PET0 ESMF library build location : /glade/derecho/scratch/sacks/esmf-testing/nvhpc_23.7_mpi_g_develop/esmf
20240831 044350.370 INFO             PET0 ESMF_COMM                   : mpi
20240831 044350.371 INFO             PET0 ESMF_MOAB                   : enabled
20240831 044350.371 INFO             PET0 ESMF_LAPACK                 : enabled
20240831 044350.371 INFO             PET0 ESMF_NETCDF                 : enabled
20240831 044350.371 INFO             PET0 ESMF_PNETCDF                : disabled
20240831 044350.371 INFO             PET0 ESMF_PIO                    : enabled
20240831 044350.371 INFO             PET0 ESMF_YAMLCPP                : enabled
20240831 044350.371 INFO             PET0  NUMBER_OF_PROCESSORS            1
20240831 044350.371 INFO             PET0  PASS  Example ESMF_TimeEx, ESMF_TimeEx.F90, line 141
20240831 044350.371 INFO             PET0  Finalizing ESMF
