2024-08-21 07:29:54
20240821 080426.461 INFO             PET0 !!!!!!!!!!!!!!!!!!!!!!!!!!!!!!!!!!!!!!!!!!!!!!!!!!!!!!
20240821 080426.462 INFO             PET0 !!! THE ESMF_LOG IS SET TO OUTPUT ALL LOG MESSAGES !!!
20240821 080426.462 INFO             PET0 !!!     THIS MAY CAUSE SLOWDOWN IN PERFORMANCE     !!!
20240821 080426.462 INFO             PET0 !!! FOR PRODUCTION RUNS, USE:                      !!!
20240821 080426.462 INFO             PET0 !!!                   ESMF_LOGKIND_Multi_On_Error  !!!
20240821 080426.462 INFO             PET0 !!!!!!!!!!!!!!!!!!!!!!!!!!!!!!!!!!!!!!!!!!!!!!!!!!!!!!
20240821 080426.462 INFO             PET0 Running with ESMF Version   : v8.7.0b11-5-gfda68a9ac3
20240821 080426.462 INFO             PET0 ESMF library build date/time: "Aug 21 2024" "07:27:25"
20240821 080426.462 INFO             PET0 ESMF library build location : /scratch2/NCEPDEV/stmp1/Gerhard.Theurich/ESMF-Nightly-Testing/intel_2023.2.0_mpiuni_O_develop/esmf
20240821 080426.462 INFO             PET0 ESMF_COMM                   : mpiuni
20240821 080426.463 INFO             PET0 ESMF_MOAB                   : enabled
20240821 080426.463 INFO             PET0 ESMF_LAPACK                 : enabled
20240821 080426.463 INFO             PET0 ESMF_NETCDF                 : enabled
20240821 080426.463 INFO             PET0 ESMF_PNETCDF                : disabled
20240821 080426.463 INFO             PET0 ESMF_PIO                    : enabled
20240821 080426.463 INFO             PET0 ESMF_YAMLCPP                : enabled
20240821 080426.464 INFO             PET0  NUMBER_OF_PROCESSORS           1
20240821 080426.464 INFO             PET0  PASS  Example ESMF_InternalStateModEx, ESMF_InternalStateModEx.F90, line 239
20240821 080426.464 INFO             PET0  Finalizing ESMF
