2024-09-01 07:29:50
20240901 080200.748 INFO             PET0 !!!!!!!!!!!!!!!!!!!!!!!!!!!!!!!!!!!!!!!!!!!!!!!!!!!!!!
20240901 080200.748 INFO             PET0 !!! THE ESMF_LOG IS SET TO OUTPUT ALL LOG MESSAGES !!!
20240901 080200.748 INFO             PET0 !!!     THIS MAY CAUSE SLOWDOWN IN PERFORMANCE     !!!
20240901 080200.748 INFO             PET0 !!! FOR PRODUCTION RUNS, USE:                      !!!
20240901 080200.748 INFO             PET0 !!!                   ESMF_LOGKIND_Multi_On_Error  !!!
20240901 080200.748 INFO             PET0 !!!!!!!!!!!!!!!!!!!!!!!!!!!!!!!!!!!!!!!!!!!!!!!!!!!!!!
20240901 080200.748 INFO             PET0 Running with ESMF Version   : v8.7.0b12-2-gbfe22b56ac
20240901 080200.748 INFO             PET0 ESMF library build date/time: "Sep  1 2024" "07:27:05"
20240901 080200.748 INFO             PET0 ESMF library build location : /scratch2/NCEPDEV/stmp1/Gerhard.Theurich/ESMF-Nightly-Testing/intel_2023.2.0_mpiuni_O_develop/esmf
20240901 080200.748 INFO             PET0 ESMF_COMM                   : mpiuni
20240901 080200.749 INFO             PET0 ESMF_MOAB                   : enabled
20240901 080200.749 INFO             PET0 ESMF_LAPACK                 : enabled
20240901 080200.749 INFO             PET0 ESMF_NETCDF                 : enabled
20240901 080200.749 INFO             PET0 ESMF_PNETCDF                : disabled
20240901 080200.749 INFO             PET0 ESMF_PIO                    : enabled
20240901 080200.749 INFO             PET0 ESMF_YAMLCPP                : enabled
20240901 080200.763 INFO             PET0  NUMBER_OF_PROCESSORS           1
20240901 080200.764 INFO             PET0  PASS  Example ESMF_RHandleReusabilityEx, ESMF_RHandleReusabilityEx.F90, line 582
20240901 080200.764 INFO             PET0  Finalizing ESMF
