2024-09-04 07:28:53
20240904 075835.938 INFO             PET0 !!!!!!!!!!!!!!!!!!!!!!!!!!!!!!!!!!!!!!!!!!!!!!!!!!!!!!
20240904 075835.939 INFO             PET0 !!! THE ESMF_LOG IS SET TO OUTPUT ALL LOG MESSAGES !!!
20240904 075835.939 INFO             PET0 !!!     THIS MAY CAUSE SLOWDOWN IN PERFORMANCE     !!!
20240904 075835.939 INFO             PET0 !!! FOR PRODUCTION RUNS, USE:                      !!!
20240904 075835.939 INFO             PET0 !!!                   ESMF_LOGKIND_Multi_On_Error  !!!
20240904 075835.939 INFO             PET0 !!!!!!!!!!!!!!!!!!!!!!!!!!!!!!!!!!!!!!!!!!!!!!!!!!!!!!
20240904 075835.939 INFO             PET0 Running with ESMF Version   : v8.7.0b13
20240904 075835.939 INFO             PET0 ESMF library build date/time: "Sep  4 2024" "07:26:16"
20240904 075835.939 INFO             PET0 ESMF library build location : /scratch2/NCEPDEV/stmp1/Gerhard.Theurich/ESMF-Nightly-Testing/intel_2023.2.0_mpiuni_O_develop/esmf
20240904 075835.939 INFO             PET0 ESMF_COMM                   : mpiuni
20240904 075835.940 INFO             PET0 ESMF_MOAB                   : enabled
20240904 075835.940 INFO             PET0 ESMF_LAPACK                 : enabled
20240904 075835.940 INFO             PET0 ESMF_NETCDF                 : enabled
20240904 075835.940 INFO             PET0 ESMF_PNETCDF                : disabled
20240904 075835.940 INFO             PET0 ESMF_PIO                    : enabled
20240904 075835.940 INFO             PET0 ESMF_YAMLCPP                : enabled
20240904 075835.942 INFO             PET0 ESMF_FieldRedistStoreNF(): Just entered routine.
20240904 075836.031 INFO             PET0 ESMF_FieldRedistStoreNF(): Leaving routine.
20240904 075836.041 INFO             PET0  NUMBER_OF_PROCESSORS           1
20240904 075836.042 INFO             PET0  PASS  Example ESMF_RHandleFromFileEx, ESMF_RHandleFromFileEx.F90, line 192
20240904 075836.042 INFO             PET0  Finalizing ESMF
