2024-08-23 07:31:03
20240823 080206.586 INFO             PET0 !!!!!!!!!!!!!!!!!!!!!!!!!!!!!!!!!!!!!!!!!!!!!!!!!!!!!!
20240823 080206.587 INFO             PET0 !!! THE ESMF_LOG IS SET TO OUTPUT ALL LOG MESSAGES !!!
20240823 080206.587 INFO             PET0 !!!     THIS MAY CAUSE SLOWDOWN IN PERFORMANCE     !!!
20240823 080206.587 INFO             PET0 !!! FOR PRODUCTION RUNS, USE:                      !!!
20240823 080206.587 INFO             PET0 !!!                   ESMF_LOGKIND_Multi_On_Error  !!!
20240823 080206.587 INFO             PET0 !!!!!!!!!!!!!!!!!!!!!!!!!!!!!!!!!!!!!!!!!!!!!!!!!!!!!!
20240823 080206.587 INFO             PET0 Running with ESMF Version   : v8.7.0b11-5-gfda68a9ac3
20240823 080206.587 INFO             PET0 ESMF library build date/time: "Aug 23 2024" "07:28:21"
20240823 080206.587 INFO             PET0 ESMF library build location : /scratch2/NCEPDEV/stmp1/Gerhard.Theurich/ESMF-Nightly-Testing/intel_2023.2.0_mpiuni_O_develop/esmf
20240823 080206.587 INFO             PET0 ESMF_COMM                   : mpiuni
20240823 080206.588 INFO             PET0 ESMF_MOAB                   : enabled
20240823 080206.588 INFO             PET0 ESMF_LAPACK                 : enabled
20240823 080206.588 INFO             PET0 ESMF_NETCDF                 : enabled
20240823 080206.588 INFO             PET0 ESMF_PNETCDF                : disabled
20240823 080206.588 INFO             PET0 ESMF_PIO                    : enabled
20240823 080206.588 INFO             PET0 ESMF_YAMLCPP                : enabled
20240823 080206.591 INFO             PET0  NUMBER_OF_PROCESSORS           1
20240823 080206.591 INFO             PET0  PASS  Example ESMF_FieldArbGridEx, ESMF_FieldArbGridEx.F90, line 243
20240823 080206.591 INFO             PET0  Finalizing ESMF
