2024-09-02 07:28:34
20240902 075812.160 INFO             PET0 !!!!!!!!!!!!!!!!!!!!!!!!!!!!!!!!!!!!!!!!!!!!!!!!!!!!!!
20240902 075812.160 INFO             PET0 !!! THE ESMF_LOG IS SET TO OUTPUT ALL LOG MESSAGES !!!
20240902 075812.160 INFO             PET0 !!!     THIS MAY CAUSE SLOWDOWN IN PERFORMANCE     !!!
20240902 075812.160 INFO             PET0 !!! FOR PRODUCTION RUNS, USE:                      !!!
20240902 075812.160 INFO             PET0 !!!                   ESMF_LOGKIND_Multi_On_Error  !!!
20240902 075812.160 INFO             PET0 !!!!!!!!!!!!!!!!!!!!!!!!!!!!!!!!!!!!!!!!!!!!!!!!!!!!!!
20240902 075812.160 INFO             PET0 Running with ESMF Version   : v8.7.0b12-2-gbfe22b56ac
20240902 075812.160 INFO             PET0 ESMF library build date/time: "Sep  2 2024" "07:25:52"
20240902 075812.160 INFO             PET0 ESMF library build location : /scratch2/NCEPDEV/stmp1/Gerhard.Theurich/ESMF-Nightly-Testing/intel_2023.2.0_mpiuni_O_develop/esmf
20240902 075812.160 INFO             PET0 ESMF_COMM                   : mpiuni
20240902 075812.161 INFO             PET0 ESMF_MOAB                   : enabled
20240902 075812.161 INFO             PET0 ESMF_LAPACK                 : enabled
20240902 075812.161 INFO             PET0 ESMF_NETCDF                 : enabled
20240902 075812.161 INFO             PET0 ESMF_PNETCDF                : disabled
20240902 075812.161 INFO             PET0 ESMF_PIO                    : enabled
20240902 075812.161 INFO             PET0 ESMF_YAMLCPP                : enabled
20240902 075812.162 INFO             PET0  NUMBER_OF_PROCESSORS           1
20240902 075812.162 INFO             PET0  PASS  Example ESMF_InfoGetFromHostEx, ESMF_InfoGetFromHostEx.F90, line 112
20240902 075812.162 INFO             PET0  Finalizing ESMF
