2024-09-10 04:22:46
20240910 050438.059 INFO             PET0 !!!!!!!!!!!!!!!!!!!!!!!!!!!!!!!!!!!!!!!!!!!!!!!!!!!!!!
20240910 050438.059 INFO             PET0 !!! THE ESMF_LOG IS SET TO OUTPUT ALL LOG MESSAGES !!!
20240910 050438.059 INFO             PET0 !!!     THIS MAY CAUSE SLOWDOWN IN PERFORMANCE     !!!
20240910 050438.059 INFO             PET0 !!! FOR PRODUCTION RUNS, USE:                      !!!
20240910 050438.059 INFO             PET0 !!!                   ESMF_LOGKIND_Multi_On_Error  !!!
20240910 050438.059 INFO             PET0 !!!!!!!!!!!!!!!!!!!!!!!!!!!!!!!!!!!!!!!!!!!!!!!!!!!!!!
20240910 050438.059 INFO             PET0 Running with ESMF Version   : v8.7.0b13-12-g9379ba6a7e
20240910 050438.059 INFO             PET0 ESMF library build date/time: "Sep 10 2024" "04:20:12"
20240910 050438.059 INFO             PET0 ESMF library build location : /glade/derecho/scratch/sacks/esmf-testing/cce_15.0.1_mpi_g_develop/esmf
20240910 050438.059 INFO             PET0 ESMF_COMM                   : mpi
20240910 050438.059 INFO             PET0 ESMF_MOAB                   : enabled
20240910 050438.059 INFO             PET0 ESMF_LAPACK                 : enabled
20240910 050438.059 INFO             PET0 ESMF_NETCDF                 : enabled
20240910 050438.059 INFO             PET0 ESMF_PNETCDF                : disabled
20240910 050438.059 INFO             PET0 ESMF_PIO                    : enabled
20240910 050438.059 INFO             PET0 ESMF_YAMLCPP                : enabled
20240910 050438.065 INFO             PET0  NUMBER_OF_PROCESSORS 4
20240910 050438.065 INFO             PET0  PASS  Example ESMF_ArrayEx, ESMF_ArrayEx.F90, line 1901
20240910 050438.065 INFO             PET0  Finalizing ESMF
20240910 050438.058 INFO             PET1 !!!!!!!!!!!!!!!!!!!!!!!!!!!!!!!!!!!!!!!!!!!!!!!!!!!!!!
20240910 050438.058 INFO             PET1 !!! THE ESMF_LOG IS SET TO OUTPUT ALL LOG MESSAGES !!!
20240910 050438.058 INFO             PET1 !!!     THIS MAY CAUSE SLOWDOWN IN PERFORMANCE     !!!
20240910 050438.058 INFO             PET1 !!! FOR PRODUCTION RUNS, USE:                      !!!
20240910 050438.058 INFO             PET1 !!!                   ESMF_LOGKIND_Multi_On_Error  !!!
20240910 050438.058 INFO             PET1 !!!!!!!!!!!!!!!!!!!!!!!!!!!!!!!!!!!!!!!!!!!!!!!!!!!!!!
20240910 050438.058 INFO             PET1 Running with ESMF Version   : v8.7.0b13-12-g9379ba6a7e
20240910 050438.058 INFO             PET1 ESMF library build date/time: "Sep 10 2024" "04:20:12"
20240910 050438.058 INFO             PET1 ESMF library build location : /glade/derecho/scratch/sacks/esmf-testing/cce_15.0.1_mpi_g_develop/esmf
20240910 050438.058 INFO             PET1 ESMF_COMM                   : mpi
20240910 050438.059 INFO             PET1 ESMF_MOAB                   : enabled
20240910 050438.059 INFO             PET1 ESMF_LAPACK                 : enabled
20240910 050438.059 INFO             PET1 ESMF_NETCDF                 : enabled
20240910 050438.059 INFO             PET1 ESMF_PNETCDF                : disabled
20240910 050438.059 INFO             PET1 ESMF_PIO                    : enabled
20240910 050438.059 INFO             PET1 ESMF_YAMLCPP                : enabled
20240910 050438.065 INFO             PET1  NUMBER_OF_PROCESSORS 4
20240910 050438.065 INFO             PET1  PASS  Example ESMF_ArrayEx, ESMF_ArrayEx.F90, line 1901
20240910 050438.065 INFO             PET1  Finalizing ESMF
20240910 050438.058 INFO             PET2 !!!!!!!!!!!!!!!!!!!!!!!!!!!!!!!!!!!!!!!!!!!!!!!!!!!!!!
20240910 050438.058 INFO             PET2 !!! THE ESMF_LOG IS SET TO OUTPUT ALL LOG MESSAGES !!!
20240910 050438.058 INFO             PET2 !!!     THIS MAY CAUSE SLOWDOWN IN PERFORMANCE     !!!
20240910 050438.058 INFO             PET2 !!! FOR PRODUCTION RUNS, USE:                      !!!
20240910 050438.058 INFO             PET2 !!!                   ESMF_LOGKIND_Multi_On_Error  !!!
20240910 050438.058 INFO             PET2 !!!!!!!!!!!!!!!!!!!!!!!!!!!!!!!!!!!!!!!!!!!!!!!!!!!!!!
20240910 050438.058 INFO             PET2 Running with ESMF Version   : v8.7.0b13-12-g9379ba6a7e
20240910 050438.058 INFO             PET2 ESMF library build date/time: "Sep 10 2024" "04:20:12"
20240910 050438.058 INFO             PET2 ESMF library build location : /glade/derecho/scratch/sacks/esmf-testing/cce_15.0.1_mpi_g_develop/esmf
20240910 050438.058 INFO             PET2 ESMF_COMM                   : mpi
20240910 050438.059 INFO             PET2 ESMF_MOAB                   : enabled
20240910 050438.059 INFO             PET2 ESMF_LAPACK                 : enabled
20240910 050438.059 INFO             PET2 ESMF_NETCDF                 : enabled
20240910 050438.059 INFO             PET2 ESMF_PNETCDF                : disabled
20240910 050438.059 INFO             PET2 ESMF_PIO                    : enabled
20240910 050438.059 INFO             PET2 ESMF_YAMLCPP                : enabled
20240910 050438.065 INFO             PET2  NUMBER_OF_PROCESSORS 4
20240910 050438.065 INFO             PET2  PASS  Example ESMF_ArrayEx, ESMF_ArrayEx.F90, line 1901
20240910 050438.065 INFO             PET2  Finalizing ESMF
20240910 050438.059 INFO             PET3 !!!!!!!!!!!!!!!!!!!!!!!!!!!!!!!!!!!!!!!!!!!!!!!!!!!!!!
20240910 050438.059 INFO             PET3 !!! THE ESMF_LOG IS SET TO OUTPUT ALL LOG MESSAGES !!!
20240910 050438.059 INFO             PET3 !!!     THIS MAY CAUSE SLOWDOWN IN PERFORMANCE     !!!
20240910 050438.059 INFO             PET3 !!! FOR PRODUCTION RUNS, USE:                      !!!
20240910 050438.059 INFO             PET3 !!!                   ESMF_LOGKIND_Multi_On_Error  !!!
20240910 050438.059 INFO             PET3 !!!!!!!!!!!!!!!!!!!!!!!!!!!!!!!!!!!!!!!!!!!!!!!!!!!!!!
20240910 050438.059 INFO             PET3 Running with ESMF Version   : v8.7.0b13-12-g9379ba6a7e
20240910 050438.059 INFO             PET3 ESMF library build date/time: "Sep 10 2024" "04:20:12"
20240910 050438.059 INFO             PET3 ESMF library build location : /glade/derecho/scratch/sacks/esmf-testing/cce_15.0.1_mpi_g_develop/esmf
20240910 050438.059 INFO             PET3 ESMF_COMM                   : mpi
20240910 050438.059 INFO             PET3 ESMF_MOAB                   : enabled
20240910 050438.059 INFO             PET3 ESMF_LAPACK                 : enabled
20240910 050438.059 INFO             PET3 ESMF_NETCDF                 : enabled
20240910 050438.059 INFO             PET3 ESMF_PNETCDF                : disabled
20240910 050438.059 INFO             PET3 ESMF_PIO                    : enabled
20240910 050438.059 INFO             PET3 ESMF_YAMLCPP                : enabled
20240910 050438.065 INFO             PET3  NUMBER_OF_PROCESSORS 4
20240910 050438.065 INFO             PET3  PASS  Example ESMF_ArrayEx, ESMF_ArrayEx.F90, line 1901
20240910 050438.065 INFO             PET3  Finalizing ESMF
