2024-08-20 03:34:51
20240820 040509.137 INFO             PET0 !!!!!!!!!!!!!!!!!!!!!!!!!!!!!!!!!!!!!!!!!!!!!!!!!!!!!!
20240820 040509.137 INFO             PET0 !!! THE ESMF_LOG IS SET TO OUTPUT ALL LOG MESSAGES !!!
20240820 040509.137 INFO             PET0 !!!     THIS MAY CAUSE SLOWDOWN IN PERFORMANCE     !!!
20240820 040509.137 INFO             PET0 !!! FOR PRODUCTION RUNS, USE:                      !!!
20240820 040509.137 INFO             PET0 !!!                   ESMF_LOGKIND_Multi_On_Error  !!!
20240820 040509.137 INFO             PET0 !!!!!!!!!!!!!!!!!!!!!!!!!!!!!!!!!!!!!!!!!!!!!!!!!!!!!!
20240820 040509.137 INFO             PET0 Running with ESMF Version   : v8.7.0b11-5-gfda68a9ac3
20240820 040509.137 INFO             PET0 ESMF library build date/time: "Aug 20 2024" "03:32:57"
20240820 040509.137 INFO             PET0 ESMF library build location : /glade/derecho/scratch/sacks/esmf-testing/cce_15.0.1_mpi_g_develop/esmf
20240820 040509.137 INFO             PET0 ESMF_COMM                   : mpi
20240820 040509.138 INFO             PET0 ESMF_MOAB                   : enabled
20240820 040509.138 INFO             PET0 ESMF_LAPACK                 : enabled
20240820 040509.138 INFO             PET0 ESMF_NETCDF                 : enabled
20240820 040509.138 INFO             PET0 ESMF_PNETCDF                : disabled
20240820 040509.138 INFO             PET0 ESMF_PIO                    : enabled
20240820 040509.138 INFO             PET0 ESMF_YAMLCPP                : enabled
20240820 040509.138 INFO             PET0 ESMF Tracing Enabled
20240820 040509.138 INFO             PET0 ESMF Profiling Enabled
20240820 040509.138 INFO             PET0 ESMF Trace/Profile clock: REALTIME
20240820 040509.147 INFO             PET0  NUMBER_OF_PROCESSORS 4
20240820 040509.147 INFO             PET0  PASS  Example ESMF_TraceEx, ESMF_TraceEx.F90, line 178
20240820 040509.147 INFO             PET0  Finalizing ESMF
20240820 040509.147 INFO             PET0 **************** Region Timings *******************
20240820 040509.147 INFO             PET0 Region              Count  Total (s)   Self (s)    Mean (s)    Min (s)     Max (s)
20240820 040509.147 INFO             PET0   [ESMF]            1      0.0014      0.0014      0.0014      0.0014      0.0014
20240820 040509.147 INFO             PET0     [test] Run 1    5      0.0000      0.0000      0.0000      0.0000      0.0000
20240820 040509.148 INFO             PET0     [test] Init 1   1      0.0000      0.0000      0.0000      0.0000      0.0000
20240820 040509.148 INFO             PET0     [test] Final 1  1      0.0000      0.0000      0.0000      0.0000      0.0000
20240820 040509.137 INFO             PET1 !!!!!!!!!!!!!!!!!!!!!!!!!!!!!!!!!!!!!!!!!!!!!!!!!!!!!!
20240820 040509.137 INFO             PET1 !!! THE ESMF_LOG IS SET TO OUTPUT ALL LOG MESSAGES !!!
20240820 040509.137 INFO             PET1 !!!     THIS MAY CAUSE SLOWDOWN IN PERFORMANCE     !!!
20240820 040509.137 INFO             PET1 !!! FOR PRODUCTION RUNS, USE:                      !!!
20240820 040509.137 INFO             PET1 !!!                   ESMF_LOGKIND_Multi_On_Error  !!!
20240820 040509.137 INFO             PET1 !!!!!!!!!!!!!!!!!!!!!!!!!!!!!!!!!!!!!!!!!!!!!!!!!!!!!!
20240820 040509.137 INFO             PET1 Running with ESMF Version   : v8.7.0b11-5-gfda68a9ac3
20240820 040509.137 INFO             PET1 ESMF library build date/time: "Aug 20 2024" "03:32:57"
20240820 040509.137 INFO             PET1 ESMF library build location : /glade/derecho/scratch/sacks/esmf-testing/cce_15.0.1_mpi_g_develop/esmf
20240820 040509.137 INFO             PET1 ESMF_COMM                   : mpi
20240820 040509.137 INFO             PET1 ESMF_MOAB                   : enabled
20240820 040509.137 INFO             PET1 ESMF_LAPACK                 : enabled
20240820 040509.137 INFO             PET1 ESMF_NETCDF                 : enabled
20240820 040509.137 INFO             PET1 ESMF_PNETCDF                : disabled
20240820 040509.137 INFO             PET1 ESMF_PIO                    : enabled
20240820 040509.137 INFO             PET1 ESMF_YAMLCPP                : enabled
20240820 040509.138 INFO             PET1 ESMF Tracing Enabled
20240820 040509.138 INFO             PET1 ESMF Profiling Enabled
20240820 040509.138 INFO             PET1 ESMF Trace/Profile clock: REALTIME
20240820 040509.147 INFO             PET1  NUMBER_OF_PROCESSORS 4
20240820 040509.147 INFO             PET1  PASS  Example ESMF_TraceEx, ESMF_TraceEx.F90, line 178
20240820 040509.147 INFO             PET1  Finalizing ESMF
20240820 040509.147 INFO             PET1 **************** Region Timings *******************
20240820 040509.147 INFO             PET1 Region              Count  Total (s)   Self (s)    Mean (s)    Min (s)     Max (s)
20240820 040509.147 INFO             PET1   [ESMF]            1      0.0050      0.0050      0.0050      0.0050      0.0050
20240820 040509.147 INFO             PET1     [test] Init 1   1      0.0000      0.0000      0.0000      0.0000      0.0000
20240820 040509.147 INFO             PET1     [test] Run 1    5      0.0000      0.0000      0.0000      0.0000      0.0000
20240820 040509.148 INFO             PET1     [test] Final 1  1      0.0000      0.0000      0.0000      0.0000      0.0000
20240820 040509.136 INFO             PET2 !!!!!!!!!!!!!!!!!!!!!!!!!!!!!!!!!!!!!!!!!!!!!!!!!!!!!!
20240820 040509.136 INFO             PET2 !!! THE ESMF_LOG IS SET TO OUTPUT ALL LOG MESSAGES !!!
20240820 040509.136 INFO             PET2 !!!     THIS MAY CAUSE SLOWDOWN IN PERFORMANCE     !!!
20240820 040509.136 INFO             PET2 !!! FOR PRODUCTION RUNS, USE:                      !!!
20240820 040509.136 INFO             PET2 !!!                   ESMF_LOGKIND_Multi_On_Error  !!!
20240820 040509.136 INFO             PET2 !!!!!!!!!!!!!!!!!!!!!!!!!!!!!!!!!!!!!!!!!!!!!!!!!!!!!!
20240820 040509.136 INFO             PET2 Running with ESMF Version   : v8.7.0b11-5-gfda68a9ac3
20240820 040509.136 INFO             PET2 ESMF library build date/time: "Aug 20 2024" "03:32:57"
20240820 040509.136 INFO             PET2 ESMF library build location : /glade/derecho/scratch/sacks/esmf-testing/cce_15.0.1_mpi_g_develop/esmf
20240820 040509.136 INFO             PET2 ESMF_COMM                   : mpi
20240820 040509.137 INFO             PET2 ESMF_MOAB                   : enabled
20240820 040509.137 INFO             PET2 ESMF_LAPACK                 : enabled
20240820 040509.137 INFO             PET2 ESMF_NETCDF                 : enabled
20240820 040509.137 INFO             PET2 ESMF_PNETCDF                : disabled
20240820 040509.137 INFO             PET2 ESMF_PIO                    : enabled
20240820 040509.137 INFO             PET2 ESMF_YAMLCPP                : enabled
20240820 040509.137 INFO             PET2 ESMF Tracing Enabled
20240820 040509.137 INFO             PET2 ESMF Profiling Enabled
20240820 040509.137 INFO             PET2 ESMF Trace/Profile clock: REALTIME
20240820 040509.147 INFO             PET2  NUMBER_OF_PROCESSORS 4
20240820 040509.147 INFO             PET2  PASS  Example ESMF_TraceEx, ESMF_TraceEx.F90, line 178
20240820 040509.147 INFO             PET2  Finalizing ESMF
20240820 040509.147 INFO             PET2 **************** Region Timings *******************
20240820 040509.147 INFO             PET2 Region              Count  Total (s)   Self (s)    Mean (s)    Min (s)     Max (s)
20240820 040509.147 INFO             PET2   [ESMF]            1      0.0088      0.0088      0.0088      0.0088      0.0088
20240820 040509.147 INFO             PET2     [test] Init 1   1      0.0000      0.0000      0.0000      0.0000      0.0000
20240820 040509.148 INFO             PET2     [test] Run 1    5      0.0000      0.0000      0.0000      0.0000      0.0000
20240820 040509.148 INFO             PET2     [test] Final 1  1      0.0000      0.0000      0.0000      0.0000      0.0000
20240820 040509.136 INFO             PET3 !!!!!!!!!!!!!!!!!!!!!!!!!!!!!!!!!!!!!!!!!!!!!!!!!!!!!!
20240820 040509.136 INFO             PET3 !!! THE ESMF_LOG IS SET TO OUTPUT ALL LOG MESSAGES !!!
20240820 040509.136 INFO             PET3 !!!     THIS MAY CAUSE SLOWDOWN IN PERFORMANCE     !!!
20240820 040509.136 INFO             PET3 !!! FOR PRODUCTION RUNS, USE:                      !!!
20240820 040509.136 INFO             PET3 !!!                   ESMF_LOGKIND_Multi_On_Error  !!!
20240820 040509.136 INFO             PET3 !!!!!!!!!!!!!!!!!!!!!!!!!!!!!!!!!!!!!!!!!!!!!!!!!!!!!!
20240820 040509.136 INFO             PET3 Running with ESMF Version   : v8.7.0b11-5-gfda68a9ac3
20240820 040509.136 INFO             PET3 ESMF library build date/time: "Aug 20 2024" "03:32:57"
20240820 040509.136 INFO             PET3 ESMF library build location : /glade/derecho/scratch/sacks/esmf-testing/cce_15.0.1_mpi_g_develop/esmf
20240820 040509.136 INFO             PET3 ESMF_COMM                   : mpi
20240820 040509.137 INFO             PET3 ESMF_MOAB                   : enabled
20240820 040509.137 INFO             PET3 ESMF_LAPACK                 : enabled
20240820 040509.137 INFO             PET3 ESMF_NETCDF                 : enabled
20240820 040509.137 INFO             PET3 ESMF_PNETCDF                : disabled
20240820 040509.137 INFO             PET3 ESMF_PIO                    : enabled
20240820 040509.137 INFO             PET3 ESMF_YAMLCPP                : enabled
20240820 040509.137 INFO             PET3 ESMF Tracing Enabled
20240820 040509.137 INFO             PET3 ESMF Profiling Enabled
20240820 040509.137 INFO             PET3 ESMF Trace/Profile clock: REALTIME
20240820 040509.147 INFO             PET3  NUMBER_OF_PROCESSORS 4
20240820 040509.147 INFO             PET3  PASS  Example ESMF_TraceEx, ESMF_TraceEx.F90, line 178
20240820 040509.147 INFO             PET3  Finalizing ESMF
20240820 040509.147 INFO             PET3 **************** Region Timings *******************
20240820 040509.147 INFO             PET3 Region              Count  Total (s)   Self (s)    Mean (s)    Min (s)     Max (s)
20240820 040509.147 INFO             PET3   [ESMF]            1      0.0035      0.0035      0.0035      0.0035      0.0035
20240820 040509.147 INFO             PET3     [test] Init 1   1      0.0000      0.0000      0.0000      0.0000      0.0000
20240820 040509.148 INFO             PET3     [test] Run 1    5      0.0000      0.0000      0.0000      0.0000      0.0000
20240820 040509.148 INFO             PET3     [test] Final 1  1      0.0000      0.0000      0.0000      0.0000      0.0000
