2024-08-26 04:20:00
20240826 050010.195 INFO             PET0 !!!!!!!!!!!!!!!!!!!!!!!!!!!!!!!!!!!!!!!!!!!!!!!!!!!!!!
20240826 050010.196 INFO             PET0 !!! THE ESMF_LOG IS SET TO OUTPUT ALL LOG MESSAGES !!!
20240826 050010.196 INFO             PET0 !!!     THIS MAY CAUSE SLOWDOWN IN PERFORMANCE     !!!
20240826 050010.196 INFO             PET0 !!! FOR PRODUCTION RUNS, USE:                      !!!
20240826 050010.196 INFO             PET0 !!!                   ESMF_LOGKIND_Multi_On_Error  !!!
20240826 050010.196 INFO             PET0 !!!!!!!!!!!!!!!!!!!!!!!!!!!!!!!!!!!!!!!!!!!!!!!!!!!!!!
20240826 050010.196 INFO             PET0 Running with ESMF Version   : v8.7.0b11-5-gfda68a9ac3
20240826 050010.196 INFO             PET0 ESMF library build date/time: "Aug 26 2024" "04:17:26"
20240826 050010.196 INFO             PET0 ESMF library build location : /glade/derecho/scratch/sacks/esmf-testing/cce_15.0.1_mpi_g_develop/esmf
20240826 050010.196 INFO             PET0 ESMF_COMM                   : mpi
20240826 050010.198 INFO             PET0 ESMF_MOAB                   : enabled
20240826 050010.198 INFO             PET0 ESMF_LAPACK                 : enabled
20240826 050010.198 INFO             PET0 ESMF_NETCDF                 : enabled
20240826 050010.198 INFO             PET0 ESMF_PNETCDF                : disabled
20240826 050010.198 INFO             PET0 ESMF_PIO                    : enabled
20240826 050010.198 INFO             PET0 ESMF_YAMLCPP                : enabled
20240826 050010.200 INFO             PET0  NUMBER_OF_PROCESSORS 4
20240826 050010.200 INFO             PET0  PASS  Example ESMF_VMUserMpiCommMultiEx, ESMF_VMUserMpiCommMultiEx.F90, line 126
20240826 050010.200 INFO             PET0  Finalizing ESMF with endflag==ESMF_END_KEEPMPI
20240826 050010.194 INFO             PET0 !!!!!!!!!!!!!!!!!!!!!!!!!!!!!!!!!!!!!!!!!!!!!!!!!!!!!!
20240826 050010.194 INFO             PET0 !!! THE ESMF_LOG IS SET TO OUTPUT ALL LOG MESSAGES !!!
20240826 050010.194 INFO             PET0 !!!     THIS MAY CAUSE SLOWDOWN IN PERFORMANCE     !!!
20240826 050010.194 INFO             PET0 !!! FOR PRODUCTION RUNS, USE:                      !!!
20240826 050010.194 INFO             PET0 !!!                   ESMF_LOGKIND_Multi_On_Error  !!!
20240826 050010.194 INFO             PET0 !!!!!!!!!!!!!!!!!!!!!!!!!!!!!!!!!!!!!!!!!!!!!!!!!!!!!!
20240826 050010.194 INFO             PET0 Running with ESMF Version   : v8.7.0b11-5-gfda68a9ac3
20240826 050010.194 INFO             PET0 ESMF library build date/time: "Aug 26 2024" "04:17:26"
20240826 050010.194 INFO             PET0 ESMF library build location : /glade/derecho/scratch/sacks/esmf-testing/cce_15.0.1_mpi_g_develop/esmf
20240826 050010.194 INFO             PET0 ESMF_COMM                   : mpi
20240826 050010.195 INFO             PET0 ESMF_MOAB                   : enabled
20240826 050010.195 INFO             PET0 ESMF_LAPACK                 : enabled
20240826 050010.195 INFO             PET0 ESMF_NETCDF                 : enabled
20240826 050010.195 INFO             PET0 ESMF_PNETCDF                : disabled
20240826 050010.195 INFO             PET0 ESMF_PIO                    : enabled
20240826 050010.195 INFO             PET0 ESMF_YAMLCPP                : enabled
20240826 050010.195 INFO             PET0  NUMBER_OF_PROCESSORS 4
20240826 050010.195 INFO             PET0  PASS  Example ESMF_VMUserMpiCommMultiEx, ESMF_VMUserMpiCommMultiEx.F90, line 154
20240826 050010.195 INFO             PET0  Finalizing ESMF with endflag==ESMF_END_KEEPMPI
20240826 050009.990 INFO             PET1 !!!!!!!!!!!!!!!!!!!!!!!!!!!!!!!!!!!!!!!!!!!!!!!!!!!!!!
20240826 050009.990 INFO             PET1 !!! THE ESMF_LOG IS SET TO OUTPUT ALL LOG MESSAGES !!!
20240826 050009.990 INFO             PET1 !!!     THIS MAY CAUSE SLOWDOWN IN PERFORMANCE     !!!
20240826 050009.990 INFO             PET1 !!! FOR PRODUCTION RUNS, USE:                      !!!
20240826 050009.990 INFO             PET1 !!!                   ESMF_LOGKIND_Multi_On_Error  !!!
20240826 050009.990 INFO             PET1 !!!!!!!!!!!!!!!!!!!!!!!!!!!!!!!!!!!!!!!!!!!!!!!!!!!!!!
20240826 050009.990 INFO             PET1 Running with ESMF Version   : v8.7.0b11-5-gfda68a9ac3
20240826 050009.990 INFO             PET1 ESMF library build date/time: "Aug 26 2024" "04:17:26"
20240826 050009.990 INFO             PET1 ESMF library build location : /glade/derecho/scratch/sacks/esmf-testing/cce_15.0.1_mpi_g_develop/esmf
20240826 050009.990 INFO             PET1 ESMF_COMM                   : mpi
20240826 050010.200 INFO             PET1 ESMF_MOAB                   : enabled
20240826 050010.200 INFO             PET1 ESMF_LAPACK                 : enabled
20240826 050010.200 INFO             PET1 ESMF_NETCDF                 : enabled
20240826 050010.200 INFO             PET1 ESMF_PNETCDF                : disabled
20240826 050010.200 INFO             PET1 ESMF_PIO                    : enabled
20240826 050010.200 INFO             PET1 ESMF_YAMLCPP                : enabled
20240826 050010.200 INFO             PET1  NUMBER_OF_PROCESSORS 4
20240826 050010.200 INFO             PET1  PASS  Example ESMF_VMUserMpiCommMultiEx, ESMF_VMUserMpiCommMultiEx.F90, line 126
20240826 050010.200 INFO             PET1  Finalizing ESMF with endflag==ESMF_END_KEEPMPI
20240826 050009.993 INFO             PET1 !!!!!!!!!!!!!!!!!!!!!!!!!!!!!!!!!!!!!!!!!!!!!!!!!!!!!!
20240826 050009.993 INFO             PET1 !!! THE ESMF_LOG IS SET TO OUTPUT ALL LOG MESSAGES !!!
20240826 050009.993 INFO             PET1 !!!     THIS MAY CAUSE SLOWDOWN IN PERFORMANCE     !!!
20240826 050009.993 INFO             PET1 !!! FOR PRODUCTION RUNS, USE:                      !!!
20240826 050009.993 INFO             PET1 !!!                   ESMF_LOGKIND_Multi_On_Error  !!!
20240826 050009.993 INFO             PET1 !!!!!!!!!!!!!!!!!!!!!!!!!!!!!!!!!!!!!!!!!!!!!!!!!!!!!!
20240826 050009.993 INFO             PET1 Running with ESMF Version   : v8.7.0b11-5-gfda68a9ac3
20240826 050009.993 INFO             PET1 ESMF library build date/time: "Aug 26 2024" "04:17:26"
20240826 050009.993 INFO             PET1 ESMF library build location : /glade/derecho/scratch/sacks/esmf-testing/cce_15.0.1_mpi_g_develop/esmf
20240826 050009.993 INFO             PET1 ESMF_COMM                   : mpi
20240826 050010.001 INFO             PET1 ESMF_MOAB                   : enabled
20240826 050010.001 INFO             PET1 ESMF_LAPACK                 : enabled
20240826 050010.001 INFO             PET1 ESMF_NETCDF                 : enabled
20240826 050010.001 INFO             PET1 ESMF_PNETCDF                : disabled
20240826 050010.001 INFO             PET1 ESMF_PIO                    : enabled
20240826 050010.001 INFO             PET1 ESMF_YAMLCPP                : enabled
20240826 050010.195 INFO             PET1  NUMBER_OF_PROCESSORS 4
20240826 050010.195 INFO             PET1  PASS  Example ESMF_VMUserMpiCommMultiEx, ESMF_VMUserMpiCommMultiEx.F90, line 154
20240826 050010.195 INFO             PET1  Finalizing ESMF with endflag==ESMF_END_KEEPMPI
