2024-08-16 02:18:31
20240816 023954.764 INFO             PET0 !!!!!!!!!!!!!!!!!!!!!!!!!!!!!!!!!!!!!!!!!!!!!!!!!!!!!!
20240816 023954.764 INFO             PET0 !!! THE ESMF_LOG IS SET TO OUTPUT ALL LOG MESSAGES !!!
20240816 023954.764 INFO             PET0 !!!     THIS MAY CAUSE SLOWDOWN IN PERFORMANCE     !!!
20240816 023954.764 INFO             PET0 !!! FOR PRODUCTION RUNS, USE:                      !!!
20240816 023954.764 INFO             PET0 !!!                   ESMF_LOGKIND_Multi_On_Error  !!!
20240816 023954.764 INFO             PET0 !!!!!!!!!!!!!!!!!!!!!!!!!!!!!!!!!!!!!!!!!!!!!!!!!!!!!!
20240816 023954.764 INFO             PET0 Running with ESMF Version   : v8.7.0b11-1-g59af04814d
20240816 023954.764 INFO             PET0 ESMF library build date/time: "Aug 16 2024" "02:17:18"
20240816 023954.764 INFO             PET0 ESMF library build location : /home/gerhard/ESMF-Nightly-Testing/gfortran_11.2.0_mpich_g_develop/esmf
20240816 023954.764 INFO             PET0 ESMF_COMM                   : mpich
20240816 023954.764 INFO             PET0 ESMF_MOAB                   : enabled
20240816 023954.764 INFO             PET0 ESMF_LAPACK                 : enabled
20240816 023954.764 INFO             PET0 ESMF_NETCDF                 : enabled
20240816 023954.764 INFO             PET0 ESMF_PNETCDF                : disabled
20240816 023954.764 INFO             PET0 ESMF_PIO                    : enabled
20240816 023954.764 INFO             PET0 ESMF_YAMLCPP                : enabled
20240816 023954.764 INFO             PET0  NUMBER_OF_PROCESSORS           1
20240816 023954.764 INFO             PET0  PASS  Example CalendarEx, ESMF_CalendarEx.F90, line 217
20240816 023954.764 INFO             PET0  Finalizing ESMF
