2024-09-09 02:15:30
20240909 023652.305 INFO             PET0 !!!!!!!!!!!!!!!!!!!!!!!!!!!!!!!!!!!!!!!!!!!!!!!!!!!!!!
20240909 023652.305 INFO             PET0 !!! THE ESMF_LOG IS SET TO OUTPUT ALL LOG MESSAGES !!!
20240909 023652.305 INFO             PET0 !!!     THIS MAY CAUSE SLOWDOWN IN PERFORMANCE     !!!
20240909 023652.305 INFO             PET0 !!! FOR PRODUCTION RUNS, USE:                      !!!
20240909 023652.305 INFO             PET0 !!!                   ESMF_LOGKIND_Multi_On_Error  !!!
20240909 023652.305 INFO             PET0 !!!!!!!!!!!!!!!!!!!!!!!!!!!!!!!!!!!!!!!!!!!!!!!!!!!!!!
20240909 023652.305 INFO             PET0 Running with ESMF Version   : v8.7.0b13-3-gedb848d90b
20240909 023652.305 INFO             PET0 ESMF library build date/time: "Sep  9 2024" "02:14:16"
20240909 023652.305 INFO             PET0 ESMF library build location : /home/gerhard/ESMF-Nightly-Testing/gfortran_11.2.0_mpich_g_develop/esmf
20240909 023652.305 INFO             PET0 ESMF_COMM                   : mpich
20240909 023652.305 INFO             PET0 ESMF_MOAB                   : enabled
20240909 023652.305 INFO             PET0 ESMF_LAPACK                 : enabled
20240909 023652.305 INFO             PET0 ESMF_NETCDF                 : enabled
20240909 023652.305 INFO             PET0 ESMF_PNETCDF                : disabled
20240909 023652.305 INFO             PET0 ESMF_PIO                    : enabled
20240909 023652.305 INFO             PET0 ESMF_YAMLCPP                : enabled
20240909 023652.305 INFO             PET0 ESMF Tracing Enabled
20240909 023652.305 INFO             PET0 ESMF Profiling Enabled
20240909 023652.305 INFO             PET0 ESMF Trace/Profile clock: REALTIME
20240909 023652.307 INFO             PET0  NUMBER_OF_PROCESSORS           4
20240909 023652.307 INFO             PET0  PASS  Example ESMF_TraceEx, ESMF_TraceEx.F90, line 178
20240909 023652.307 INFO             PET0  Finalizing ESMF
20240909 023652.307 INFO             PET0 **************** Region Timings *******************
20240909 023652.307 INFO             PET0 Region              Count  Total (s)   Self (s)    Mean (s)    Min (s)     Max (s)
20240909 023652.307 INFO             PET0   [ESMF]            1      0.0011      0.0011      0.0011      0.0011      0.0011
20240909 023652.307 INFO             PET0     [test] Run 1    5      0.0000      0.0000      0.0000      0.0000      0.0000
20240909 023652.307 INFO             PET0     [test] Init 1   1      0.0000      0.0000      0.0000      0.0000      0.0000
20240909 023652.307 INFO             PET0     [test] Final 1  1      0.0000      0.0000      0.0000      0.0000      0.0000
20240909 023652.305 INFO             PET1 !!!!!!!!!!!!!!!!!!!!!!!!!!!!!!!!!!!!!!!!!!!!!!!!!!!!!!
20240909 023652.305 INFO             PET1 !!! THE ESMF_LOG IS SET TO OUTPUT ALL LOG MESSAGES !!!
20240909 023652.305 INFO             PET1 !!!     THIS MAY CAUSE SLOWDOWN IN PERFORMANCE     !!!
20240909 023652.305 INFO             PET1 !!! FOR PRODUCTION RUNS, USE:                      !!!
20240909 023652.305 INFO             PET1 !!!                   ESMF_LOGKIND_Multi_On_Error  !!!
20240909 023652.305 INFO             PET1 !!!!!!!!!!!!!!!!!!!!!!!!!!!!!!!!!!!!!!!!!!!!!!!!!!!!!!
20240909 023652.305 INFO             PET1 Running with ESMF Version   : v8.7.0b13-3-gedb848d90b
20240909 023652.305 INFO             PET1 ESMF library build date/time: "Sep  9 2024" "02:14:16"
20240909 023652.305 INFO             PET1 ESMF library build location : /home/gerhard/ESMF-Nightly-Testing/gfortran_11.2.0_mpich_g_develop/esmf
20240909 023652.305 INFO             PET1 ESMF_COMM                   : mpich
20240909 023652.305 INFO             PET1 ESMF_MOAB                   : enabled
20240909 023652.305 INFO             PET1 ESMF_LAPACK                 : enabled
20240909 023652.305 INFO             PET1 ESMF_NETCDF                 : enabled
20240909 023652.305 INFO             PET1 ESMF_PNETCDF                : disabled
20240909 023652.305 INFO             PET1 ESMF_PIO                    : enabled
20240909 023652.305 INFO             PET1 ESMF_YAMLCPP                : enabled
20240909 023652.305 INFO             PET1 ESMF Tracing Enabled
20240909 023652.305 INFO             PET1 ESMF Profiling Enabled
20240909 023652.305 INFO             PET1 ESMF Trace/Profile clock: REALTIME
20240909 023652.307 INFO             PET1  NUMBER_OF_PROCESSORS           4
20240909 023652.307 INFO             PET1  PASS  Example ESMF_TraceEx, ESMF_TraceEx.F90, line 178
20240909 023652.307 INFO             PET1  Finalizing ESMF
20240909 023652.307 INFO             PET1 **************** Region Timings *******************
20240909 023652.307 INFO             PET1 Region              Count  Total (s)   Self (s)    Mean (s)    Min (s)     Max (s)
20240909 023652.307 INFO             PET1   [ESMF]            1      0.0011      0.0011      0.0011      0.0011      0.0011
20240909 023652.307 INFO             PET1     [test] Init 1   1      0.0000      0.0000      0.0000      0.0000      0.0000
20240909 023652.307 INFO             PET1     [test] Run 1    5      0.0000      0.0000      0.0000      0.0000      0.0000
20240909 023652.307 INFO             PET1     [test] Final 1  1      0.0000      0.0000      0.0000      0.0000      0.0000
20240909 023652.305 INFO             PET2 !!!!!!!!!!!!!!!!!!!!!!!!!!!!!!!!!!!!!!!!!!!!!!!!!!!!!!
20240909 023652.305 INFO             PET2 !!! THE ESMF_LOG IS SET TO OUTPUT ALL LOG MESSAGES !!!
20240909 023652.305 INFO             PET2 !!!     THIS MAY CAUSE SLOWDOWN IN PERFORMANCE     !!!
20240909 023652.305 INFO             PET2 !!! FOR PRODUCTION RUNS, USE:                      !!!
20240909 023652.305 INFO             PET2 !!!                   ESMF_LOGKIND_Multi_On_Error  !!!
20240909 023652.305 INFO             PET2 !!!!!!!!!!!!!!!!!!!!!!!!!!!!!!!!!!!!!!!!!!!!!!!!!!!!!!
20240909 023652.305 INFO             PET2 Running with ESMF Version   : v8.7.0b13-3-gedb848d90b
20240909 023652.305 INFO             PET2 ESMF library build date/time: "Sep  9 2024" "02:14:16"
20240909 023652.305 INFO             PET2 ESMF library build location : /home/gerhard/ESMF-Nightly-Testing/gfortran_11.2.0_mpich_g_develop/esmf
20240909 023652.305 INFO             PET2 ESMF_COMM                   : mpich
20240909 023652.305 INFO             PET2 ESMF_MOAB                   : enabled
20240909 023652.305 INFO             PET2 ESMF_LAPACK                 : enabled
20240909 023652.305 INFO             PET2 ESMF_NETCDF                 : enabled
20240909 023652.305 INFO             PET2 ESMF_PNETCDF                : disabled
20240909 023652.305 INFO             PET2 ESMF_PIO                    : enabled
20240909 023652.305 INFO             PET2 ESMF_YAMLCPP                : enabled
20240909 023652.305 INFO             PET2 ESMF Tracing Enabled
20240909 023652.305 INFO             PET2 ESMF Profiling Enabled
20240909 023652.305 INFO             PET2 ESMF Trace/Profile clock: REALTIME
20240909 023652.307 INFO             PET2  NUMBER_OF_PROCESSORS           4
20240909 023652.307 INFO             PET2  PASS  Example ESMF_TraceEx, ESMF_TraceEx.F90, line 178
20240909 023652.307 INFO             PET2  Finalizing ESMF
20240909 023652.307 INFO             PET2 **************** Region Timings *******************
20240909 023652.307 INFO             PET2 Region              Count  Total (s)   Self (s)    Mean (s)    Min (s)     Max (s)
20240909 023652.307 INFO             PET2   [ESMF]            1      0.0011      0.0011      0.0011      0.0011      0.0011
20240909 023652.307 INFO             PET2     [test] Init 1   1      0.0000      0.0000      0.0000      0.0000      0.0000
20240909 023652.307 INFO             PET2     [test] Run 1    5      0.0000      0.0000      0.0000      0.0000      0.0000
20240909 023652.307 INFO             PET2     [test] Final 1  1      0.0000      0.0000      0.0000      0.0000      0.0000
20240909 023652.305 INFO             PET3 !!!!!!!!!!!!!!!!!!!!!!!!!!!!!!!!!!!!!!!!!!!!!!!!!!!!!!
20240909 023652.305 INFO             PET3 !!! THE ESMF_LOG IS SET TO OUTPUT ALL LOG MESSAGES !!!
20240909 023652.305 INFO             PET3 !!!     THIS MAY CAUSE SLOWDOWN IN PERFORMANCE     !!!
20240909 023652.305 INFO             PET3 !!! FOR PRODUCTION RUNS, USE:                      !!!
20240909 023652.305 INFO             PET3 !!!                   ESMF_LOGKIND_Multi_On_Error  !!!
20240909 023652.305 INFO             PET3 !!!!!!!!!!!!!!!!!!!!!!!!!!!!!!!!!!!!!!!!!!!!!!!!!!!!!!
20240909 023652.305 INFO             PET3 Running with ESMF Version   : v8.7.0b13-3-gedb848d90b
20240909 023652.305 INFO             PET3 ESMF library build date/time: "Sep  9 2024" "02:14:16"
20240909 023652.305 INFO             PET3 ESMF library build location : /home/gerhard/ESMF-Nightly-Testing/gfortran_11.2.0_mpich_g_develop/esmf
20240909 023652.305 INFO             PET3 ESMF_COMM                   : mpich
20240909 023652.305 INFO             PET3 ESMF_MOAB                   : enabled
20240909 023652.305 INFO             PET3 ESMF_LAPACK                 : enabled
20240909 023652.305 INFO             PET3 ESMF_NETCDF                 : enabled
20240909 023652.305 INFO             PET3 ESMF_PNETCDF                : disabled
20240909 023652.305 INFO             PET3 ESMF_PIO                    : enabled
20240909 023652.305 INFO             PET3 ESMF_YAMLCPP                : enabled
20240909 023652.305 INFO             PET3 ESMF Tracing Enabled
20240909 023652.305 INFO             PET3 ESMF Profiling Enabled
20240909 023652.305 INFO             PET3 ESMF Trace/Profile clock: REALTIME
20240909 023652.307 INFO             PET3  NUMBER_OF_PROCESSORS           4
20240909 023652.307 INFO             PET3  PASS  Example ESMF_TraceEx, ESMF_TraceEx.F90, line 178
20240909 023652.307 INFO             PET3  Finalizing ESMF
20240909 023652.307 INFO             PET3 **************** Region Timings *******************
20240909 023652.307 INFO             PET3 Region              Count  Total (s)   Self (s)    Mean (s)    Min (s)     Max (s)
20240909 023652.307 INFO             PET3   [ESMF]            1      0.0012      0.0011      0.0012      0.0012      0.0012
20240909 023652.307 INFO             PET3     [test] Run 1    5      0.0000      0.0000      0.0000      0.0000      0.0000
20240909 023652.307 INFO             PET3     [test] Init 1   1      0.0000      0.0000      0.0000      0.0000      0.0000
20240909 023652.307 INFO             PET3     [test] Final 1  1      0.0000      0.0000      0.0000      0.0000      0.0000
