2024-09-03 02:17:47
20240903 024029.570 INFO             PET0 !!!!!!!!!!!!!!!!!!!!!!!!!!!!!!!!!!!!!!!!!!!!!!!!!!!!!!
20240903 024029.570 INFO             PET0 !!! THE ESMF_LOG IS SET TO OUTPUT ALL LOG MESSAGES !!!
20240903 024029.570 INFO             PET0 !!!     THIS MAY CAUSE SLOWDOWN IN PERFORMANCE     !!!
20240903 024029.570 INFO             PET0 !!! FOR PRODUCTION RUNS, USE:                      !!!
20240903 024029.570 INFO             PET0 !!!                   ESMF_LOGKIND_Multi_On_Error  !!!
20240903 024029.570 INFO             PET0 !!!!!!!!!!!!!!!!!!!!!!!!!!!!!!!!!!!!!!!!!!!!!!!!!!!!!!
20240903 024029.570 INFO             PET0 Running with ESMF Version   : v8.7.0b12-2-gbfe22b56ac
20240903 024029.570 INFO             PET0 ESMF library build date/time: "Sep  3 2024" "02:16:34"
20240903 024029.570 INFO             PET0 ESMF library build location : /home/gerhard/ESMF-Nightly-Testing/gfortran_11.2.0_mpich_g_develop/esmf
20240903 024029.570 INFO             PET0 ESMF_COMM                   : mpich
20240903 024029.570 INFO             PET0 ESMF_MOAB                   : enabled
20240903 024029.570 INFO             PET0 ESMF_LAPACK                 : enabled
20240903 024029.570 INFO             PET0 ESMF_NETCDF                 : enabled
20240903 024029.570 INFO             PET0 ESMF_PNETCDF                : disabled
20240903 024029.570 INFO             PET0 ESMF_PIO                    : enabled
20240903 024029.570 INFO             PET0 ESMF_YAMLCPP                : enabled
20240903 024029.646 DEBUG            PET0 about to destroy Grid: 0x199b830
20240903 024029.655 DEBUG            PET0 about to destroy Grid: 0x199d0f0
20240903 024029.678 INFO             PET0  NUMBER_OF_PROCESSORS           4
20240903 024029.678 INFO             PET0  PASS  Example ESMF_NUOPCAtmModelEx, ESMF_NUOPCAtmModelEx.F90, line 806
20240903 024029.678 INFO             PET0  Finalizing ESMF
20240903 024029.570 INFO             PET1 !!!!!!!!!!!!!!!!!!!!!!!!!!!!!!!!!!!!!!!!!!!!!!!!!!!!!!
20240903 024029.570 INFO             PET1 !!! THE ESMF_LOG IS SET TO OUTPUT ALL LOG MESSAGES !!!
20240903 024029.570 INFO             PET1 !!!     THIS MAY CAUSE SLOWDOWN IN PERFORMANCE     !!!
20240903 024029.570 INFO             PET1 !!! FOR PRODUCTION RUNS, USE:                      !!!
20240903 024029.570 INFO             PET1 !!!                   ESMF_LOGKIND_Multi_On_Error  !!!
20240903 024029.570 INFO             PET1 !!!!!!!!!!!!!!!!!!!!!!!!!!!!!!!!!!!!!!!!!!!!!!!!!!!!!!
20240903 024029.570 INFO             PET1 Running with ESMF Version   : v8.7.0b12-2-gbfe22b56ac
20240903 024029.570 INFO             PET1 ESMF library build date/time: "Sep  3 2024" "02:16:34"
20240903 024029.570 INFO             PET1 ESMF library build location : /home/gerhard/ESMF-Nightly-Testing/gfortran_11.2.0_mpich_g_develop/esmf
20240903 024029.570 INFO             PET1 ESMF_COMM                   : mpich
20240903 024029.570 INFO             PET1 ESMF_MOAB                   : enabled
20240903 024029.570 INFO             PET1 ESMF_LAPACK                 : enabled
20240903 024029.570 INFO             PET1 ESMF_NETCDF                 : enabled
20240903 024029.570 INFO             PET1 ESMF_PNETCDF                : disabled
20240903 024029.570 INFO             PET1 ESMF_PIO                    : enabled
20240903 024029.570 INFO             PET1 ESMF_YAMLCPP                : enabled
20240903 024029.646 DEBUG            PET1 about to destroy Grid: 0x10ad880
20240903 024029.655 DEBUG            PET1 about to destroy Grid: 0x10af2a0
20240903 024029.678 INFO             PET1  NUMBER_OF_PROCESSORS           4
20240903 024029.678 INFO             PET1  PASS  Example ESMF_NUOPCAtmModelEx, ESMF_NUOPCAtmModelEx.F90, line 806
20240903 024029.678 INFO             PET1  Finalizing ESMF
20240903 024029.570 INFO             PET2 !!!!!!!!!!!!!!!!!!!!!!!!!!!!!!!!!!!!!!!!!!!!!!!!!!!!!!
20240903 024029.570 INFO             PET2 !!! THE ESMF_LOG IS SET TO OUTPUT ALL LOG MESSAGES !!!
20240903 024029.570 INFO             PET2 !!!     THIS MAY CAUSE SLOWDOWN IN PERFORMANCE     !!!
20240903 024029.570 INFO             PET2 !!! FOR PRODUCTION RUNS, USE:                      !!!
20240903 024029.570 INFO             PET2 !!!                   ESMF_LOGKIND_Multi_On_Error  !!!
20240903 024029.570 INFO             PET2 !!!!!!!!!!!!!!!!!!!!!!!!!!!!!!!!!!!!!!!!!!!!!!!!!!!!!!
20240903 024029.570 INFO             PET2 Running with ESMF Version   : v8.7.0b12-2-gbfe22b56ac
20240903 024029.570 INFO             PET2 ESMF library build date/time: "Sep  3 2024" "02:16:34"
20240903 024029.570 INFO             PET2 ESMF library build location : /home/gerhard/ESMF-Nightly-Testing/gfortran_11.2.0_mpich_g_develop/esmf
20240903 024029.570 INFO             PET2 ESMF_COMM                   : mpich
20240903 024029.570 INFO             PET2 ESMF_MOAB                   : enabled
20240903 024029.570 INFO             PET2 ESMF_LAPACK                 : enabled
20240903 024029.570 INFO             PET2 ESMF_NETCDF                 : enabled
20240903 024029.570 INFO             PET2 ESMF_PNETCDF                : disabled
20240903 024029.570 INFO             PET2 ESMF_PIO                    : enabled
20240903 024029.570 INFO             PET2 ESMF_YAMLCPP                : enabled
20240903 024029.646 DEBUG            PET2 about to destroy Grid: 0x111ff20
20240903 024029.655 DEBUG            PET2 about to destroy Grid: 0x1121940
20240903 024029.679 INFO             PET2  NUMBER_OF_PROCESSORS           4
20240903 024029.679 INFO             PET2  PASS  Example ESMF_NUOPCAtmModelEx, ESMF_NUOPCAtmModelEx.F90, line 806
20240903 024029.679 INFO             PET2  Finalizing ESMF
20240903 024029.570 INFO             PET3 !!!!!!!!!!!!!!!!!!!!!!!!!!!!!!!!!!!!!!!!!!!!!!!!!!!!!!
20240903 024029.570 INFO             PET3 !!! THE ESMF_LOG IS SET TO OUTPUT ALL LOG MESSAGES !!!
20240903 024029.570 INFO             PET3 !!!     THIS MAY CAUSE SLOWDOWN IN PERFORMANCE     !!!
20240903 024029.570 INFO             PET3 !!! FOR PRODUCTION RUNS, USE:                      !!!
20240903 024029.570 INFO             PET3 !!!                   ESMF_LOGKIND_Multi_On_Error  !!!
20240903 024029.570 INFO             PET3 !!!!!!!!!!!!!!!!!!!!!!!!!!!!!!!!!!!!!!!!!!!!!!!!!!!!!!
20240903 024029.570 INFO             PET3 Running with ESMF Version   : v8.7.0b12-2-gbfe22b56ac
20240903 024029.570 INFO             PET3 ESMF library build date/time: "Sep  3 2024" "02:16:34"
20240903 024029.570 INFO             PET3 ESMF library build location : /home/gerhard/ESMF-Nightly-Testing/gfortran_11.2.0_mpich_g_develop/esmf
20240903 024029.570 INFO             PET3 ESMF_COMM                   : mpich
20240903 024029.570 INFO             PET3 ESMF_MOAB                   : enabled
20240903 024029.570 INFO             PET3 ESMF_LAPACK                 : enabled
20240903 024029.570 INFO             PET3 ESMF_NETCDF                 : enabled
20240903 024029.570 INFO             PET3 ESMF_PNETCDF                : disabled
20240903 024029.570 INFO             PET3 ESMF_PIO                    : enabled
20240903 024029.570 INFO             PET3 ESMF_YAMLCPP                : enabled
20240903 024029.646 DEBUG            PET3 about to destroy Grid: 0xbb4f20
20240903 024029.655 DEBUG            PET3 about to destroy Grid: 0xbb6940
20240903 024029.678 INFO             PET3  NUMBER_OF_PROCESSORS           4
20240903 024029.678 INFO             PET3  PASS  Example ESMF_NUOPCAtmModelEx, ESMF_NUOPCAtmModelEx.F90, line 806
20240903 024029.678 INFO             PET3  Finalizing ESMF
