2024-10-05 02:09:43
20241005 025633.926 INFO             PET0 !!!!!!!!!!!!!!!!!!!!!!!!!!!!!!!!!!!!!!!!!!!!!!!!!!!!!!
20241005 025633.926 INFO             PET0 !!! THE ESMF_LOG IS SET TO OUTPUT ALL LOG MESSAGES !!!
20241005 025633.926 INFO             PET0 !!!     THIS MAY CAUSE SLOWDOWN IN PERFORMANCE     !!!
20241005 025633.926 INFO             PET0 !!! FOR PRODUCTION RUNS, USE:                      !!!
20241005 025633.926 INFO             PET0 !!!                   ESMF_LOGKIND_Multi_On_Error  !!!
20241005 025633.926 INFO             PET0 !!!!!!!!!!!!!!!!!!!!!!!!!!!!!!!!!!!!!!!!!!!!!!!!!!!!!!
20241005 025633.926 INFO             PET0 Running with ESMF Version   : v8.7.0
20241005 025633.926 INFO             PET0 ESMF library build date/time: "Oct  5 2024" "02:06:02"
20241005 025633.926 INFO             PET0 ESMF library build location : /glade/derecho/scratch/sacks/esmf-testing/gfortran_12.2.0_pio2.5.10_mpi_g_v8.7.0/esmf
20241005 025633.926 INFO             PET0 ESMF_COMM                   : mpi
20241005 025633.928 INFO             PET0 ESMF_MOAB                   : enabled
20241005 025633.928 INFO             PET0 ESMF_LAPACK                 : enabled
20241005 025633.928 INFO             PET0 ESMF_NETCDF                 : enabled
20241005 025633.928 INFO             PET0 ESMF_PNETCDF                : disabled
20241005 025633.928 INFO             PET0 ESMF_PIO                    : enabled
20241005 025633.928 INFO             PET0 ESMF_YAMLCPP                : enabled
20241005 025633.938 INFO             PET0 AsString: 1
20241005 025633.938 INFO             PET0 asOkay:  T valueI4:          1
20241005 025633.938 INFO             PET0 asOkay:  T valueI8:          1
20241005 025633.938 INFO             PET0 asOkay:  T valueR4:   1.000000
20241005 025633.938 INFO             PET0 asOkay:  T valueR8:   1.000000
20241005 025633.938 INFO             PET0 asOkay:  F valueL:           F
20241005 025633.938 INFO             PET0 AsString: 2
20241005 025633.938 INFO             PET0 asOkay:  T valueI4:          2
20241005 025633.938 INFO             PET0 asOkay:  T valueI8:          2
20241005 025633.938 INFO             PET0 asOkay:  T valueR4:   2.000000
20241005 025633.938 INFO             PET0 asOkay:  T valueR8:   2.000000
20241005 025633.938 INFO             PET0 asOkay:  F valueL:           F
20241005 025633.938 INFO             PET0 AsString: 3
20241005 025633.938 INFO             PET0 asOkay:  T valueI4:          3
20241005 025633.938 INFO             PET0 asOkay:  T valueI8:          3
20241005 025633.938 INFO             PET0 asOkay:  T valueR4:   3.000000
20241005 025633.938 INFO             PET0 asOkay:  T valueR8:   3.000000
20241005 025633.938 INFO             PET0 asOkay:  F valueL:           F
20241005 025633.938 INFO             PET0 AsString: abc
20241005 025633.938 INFO             PET0 asOkay:  F valueI4:          0
20241005 025633.938 INFO             PET0 asOkay:  F valueI8:          0
20241005 025633.939 INFO             PET0 asOkay:  F valueR4:   0.000000
20241005 025633.939 INFO             PET0 asOkay:  F valueR8:   0.000000
20241005 025633.939 INFO             PET0 asOkay:  F valueL:           F
20241005 025633.939 INFO             PET0 AsString: b
20241005 025633.939 INFO             PET0 asOkay:  F valueI4:          0
20241005 025633.939 INFO             PET0 asOkay:  F valueI8:          0
20241005 025633.939 INFO             PET0 asOkay:  F valueR4:   0.000000
20241005 025633.939 INFO             PET0 asOkay:  F valueR8:   0.000000
20241005 025633.939 INFO             PET0 asOkay:  F valueL:           F
20241005 025633.939 INFO             PET0 AsString: TRUE
20241005 025633.939 INFO             PET0 asOkay:  F valueI4:          0
20241005 025633.939 INFO             PET0 asOkay:  F valueI8:          0
20241005 025633.939 INFO             PET0 asOkay:  F valueR4:   0.000000
20241005 025633.939 INFO             PET0 asOkay:  F valueR8:   0.000000
20241005 025633.939 INFO             PET0 asOkay:  T valueL:           T
20241005 025633.939 INFO             PET0 AsString: TRUE
20241005 025633.939 INFO             PET0 asOkay:  F valueI4:          0
20241005 025633.939 INFO             PET0 asOkay:  F valueI8:          0
20241005 025633.939 INFO             PET0 asOkay:  F valueR4:   0.000000
20241005 025633.939 INFO             PET0 asOkay:  F valueR8:   0.000000
20241005 025633.939 INFO             PET0 asOkay:  T valueL:           T
20241005 025633.939 INFO             PET0 AsString: b
20241005 025633.939 INFO             PET0 asOkay:  F valueI4:          0
20241005 025633.939 INFO             PET0 asOkay:  F valueI8:          0
20241005 025633.939 INFO             PET0 asOkay:  F valueR4:   0.000000
20241005 025633.939 INFO             PET0 asOkay:  F valueR8:   0.000000
20241005 025633.939 INFO             PET0 asOkay:  F valueL:           F
20241005 025633.939 INFO             PET0 AsString: abc
20241005 025633.939 INFO             PET0 asOkay:  F valueI4:          0
20241005 025633.939 INFO             PET0 asOkay:  F valueI8:          0
20241005 025633.939 INFO             PET0 asOkay:  F valueR4:   0.000000
20241005 025633.939 INFO             PET0 asOkay:  F valueR8:   0.000000
20241005 025633.939 INFO             PET0 asOkay:  F valueL:           F
20241005 025633.939 INFO             PET0 AsString: 3
20241005 025633.939 INFO             PET0 asOkay:  T valueI4:          3
20241005 025633.939 INFO             PET0 asOkay:  T valueI8:          3
20241005 025633.939 INFO             PET0 asOkay:  T valueR4:   3.000000
20241005 025633.939 INFO             PET0 asOkay:  T valueR8:   3.000000
20241005 025633.939 INFO             PET0 asOkay:  F valueL:           F
20241005 025633.939 INFO             PET0 AsString: 2
20241005 025633.939 INFO             PET0 asOkay:  T valueI4:          2
20241005 025633.939 INFO             PET0 asOkay:  T valueI8:          2
20241005 025633.939 INFO             PET0 asOkay:  T valueR4:   2.000000
20241005 025633.939 INFO             PET0 asOkay:  T valueR8:   2.000000
20241005 025633.939 INFO             PET0 asOkay:  F valueL:           F
20241005 025633.939 INFO             PET0 AsString: 1
20241005 025633.939 INFO             PET0 asOkay:  T valueI4:          1
20241005 025633.939 INFO             PET0 asOkay:  T valueI8:          1
20241005 025633.939 INFO             PET0 asOkay:  T valueR4:   1.000000
20241005 025633.939 INFO             PET0 asOkay:  T valueR8:   1.000000
20241005 025633.939 INFO             PET0 asOkay:  F valueL:           F
20241005 025633.939 INFO             PET0 map key=car map value: AsString: red
20241005 025633.939 INFO             PET0 map key=       car map value: asOkay:  F valueI4:          0
20241005 025633.939 INFO             PET0 map key=       car map value: asOkay:  F valueI8:          0
20241005 025633.939 INFO             PET0 map key=       car map value: asOkay:  F valueR4:   0.000000
20241005 025633.939 INFO             PET0 map key=       car map value: asOkay:  F valueR8:   0.000000
20241005 025633.939 INFO             PET0 map key=       car map value: asOkay:  F valueL:          F
20241005 025633.939 INFO             PET0 map key=bike map value: AsString: 22
20241005 025633.939 INFO             PET0 map key=      bike map value: asOkay:  T valueI4:         22
20241005 025633.939 INFO             PET0 map key=      bike map value: asOkay:  T valueI8:         22
20241005 025633.939 INFO             PET0 map key=      bike map value: asOkay:  T valueR4:  22.000000
20241005 025633.939 INFO             PET0 map key=      bike map value: asOkay:  T valueR8:  22.000000
20241005 025633.939 INFO             PET0 map key=      bike map value: asOkay:  F valueL:          F
20241005 025633.940 INFO             PET0 map key=plane map value: AsString: TRUE
20241005 025633.940 INFO             PET0 map key=     plane map value: asOkay:  F valueI4:          0
20241005 025633.940 INFO             PET0 map key=     plane map value: asOkay:  F valueI8:          0
20241005 025633.940 INFO             PET0 map key=     plane map value: asOkay:  F valueR4:   0.000000
20241005 025633.940 INFO             PET0 map key=     plane map value: asOkay:  F valueR8:   0.000000
20241005 025633.940 INFO             PET0 map key=     plane map value: asOkay:  T valueL:          T
20241005 025633.940 INFO             PET0 map key=bike map value: AsString: 22
20241005 025633.940 INFO             PET0 map key=      bike map value: asOkay:  T valueI4:         22
20241005 025633.940 INFO             PET0 map key=      bike map value: asOkay:  T valueI8:         22
20241005 025633.940 INFO             PET0 map key=      bike map value: asOkay:  T valueR4:  22.000000
20241005 025633.940 INFO             PET0 map key=      bike map value: asOkay:  T valueR8:  22.000000
20241005 025633.940 INFO             PET0 map key=      bike map value: asOkay:  F valueL:          F
20241005 025633.941 INFO             PET0 map key=plane map value: AsString: TRUE
20241005 025633.941 INFO             PET0 map key=     plane map value: asOkay:  F valueI4:          0
20241005 025633.941 INFO             PET0 map key=     plane map value: asOkay:  F valueI8:          0
20241005 025633.941 INFO             PET0 map key=     plane map value: asOkay:  F valueR4:   0.000000
20241005 025633.941 INFO             PET0 map key=     plane map value: asOkay:  F valueR8:   0.000000
20241005 025633.941 INFO             PET0 map key=     plane map value: asOkay:  T valueL:          T
20241005 025633.941 INFO             PET0 map key=car map value: AsString: red
20241005 025633.941 INFO             PET0 map key=       car map value: asOkay:  F valueI4:          0
20241005 025633.941 INFO             PET0 map key=       car map value: asOkay:  F valueI8:          0
20241005 025633.941 INFO             PET0 map key=       car map value: asOkay:  F valueR4:   0.000000
20241005 025633.941 INFO             PET0 map key=       car map value: asOkay:  F valueR8:   0.000000
20241005 025633.942 INFO             PET0 map key=       car map value: asOkay:  F valueL:          F
20241005 025633.945 INFO             PET0 HConfig from Config IsDefined:  T
20241005 025633.945 INFO             PET0 HConfig from Config IsNull:  F
20241005 025633.945 INFO             PET0 HConfig from Config IsSequence:  F
20241005 025633.945 INFO             PET0 HConfig from Config IsMap:  T
20241005 025633.963 INFO             PET0 Empty HConfig tag:               tag:yaml.org,2002:null
20241005 025633.965 INFO             PET0 WithTagsStart: --- HConfig::log() start ---------------------------------
20241005 025633.965 INFO             PET0 WithTagsStart: value_one: {word1: this, word2: is, word3: a, word4: map}
20241005 025633.965 INFO             PET0 WithTagsStart: value_two: [this, is, a, list]
20241005 025633.965 INFO             PET0 WithTagsStart: value_three: 123
20241005 025633.965 INFO             PET0 WithTagsStart: value_four: !<tag:yaml.org,2002:float> 123
20241005 025633.965 INFO             PET0 WithTagsStart: value_five: 2.5
20241005 025633.965 INFO             PET0 WithTagsStart: value_six: !<tag:yaml.org,2002:str> 2.5
20241005 025633.965 INFO             PET0 WithTagsStart: value_seven: False
20241005 025633.965 INFO             PET0 WithTagsStart: value_eight: !<tag:yaml.org,2002:str> true
20241005 025633.965 INFO             PET0 WithTagsStart: value_nine: 0x234
20241005 025633.965 INFO             PET0 WithTagsStart: value_ten: ~
20241005 025633.965 INFO             PET0 WithTagsStart: value_eleven: ~
20241005 025633.965 INFO             PET0 WithTagsStart: value_twelve: !<!myStuff> xyz
20241005 025633.965 INFO             PET0 WithTagsStart: value_thirteen: NO
20241005 025633.965 INFO             PET0 WithTagsStart: value_fourteen: !<tag:yaml.org,2002:str> NO
20241005 025633.965 INFO             PET0 WithTagsStart: --- HConfig::log() end -----------------------------------
20241005 025633.965 INFO             PET0 value_ten HConfig tag:          tag:yaml.org,2002:null
20241005 025633.965 INFO             PET0 value_eleven HConfig tag:          tag:yaml.org,2002:null
20241005 025633.965 INFO             PET0 Top level HConfig tag:          tag:yaml.org,2002:map
20241005 025633.965 INFO             PET0 value_two HConfig tag:           tag:yaml.org,2002:seq
20241005 025633.965 INFO             PET0 first key HConfig tag:           tag:yaml.org,2002:str
20241005 025633.966 INFO             PET0 value_three HConfig tag:           tag:yaml.org,2002:int
20241005 025633.966 INFO             PET0 value_nine HConfig tag:           tag:yaml.org,2002:int
20241005 025633.966 INFO             PET0 value_five HConfig tag:           tag:yaml.org,2002:float
20241005 025633.966 INFO             PET0 value_seven HConfig tag:            tag:yaml.org,2002:bool
20241005 025633.966 INFO             PET0 value_thirteen HConfig tag:            tag:yaml.org,2002:bool
20241005 025633.966 INFO             PET0 value_fourteen HConfig tag:             tag:yaml.org,2002:str
20241005 025633.966 INFO             PET0 value_added HConfig tag:             tag:yaml.org,2002:str
20241005 025633.966 INFO             PET0 WithTagsFinish: --- HConfig::log() start ---------------------------------
20241005 025633.967 INFO             PET0 WithTagsFinish: value_one: {word1: this, word2: is, word3: a, word4: map}
20241005 025633.967 INFO             PET0 WithTagsFinish: value_two: [this, is, a, list]
20241005 025633.967 INFO             PET0 WithTagsFinish: value_three: 123
20241005 025633.967 INFO             PET0 WithTagsFinish: value_four: !<tag:yaml.org,2002:float> 123
20241005 025633.967 INFO             PET0 WithTagsFinish: value_five: 2.5
20241005 025633.967 INFO             PET0 WithTagsFinish: value_six: !<tag:yaml.org,2002:str> 2.5
20241005 025633.967 INFO             PET0 WithTagsFinish: value_seven: False
20241005 025633.967 INFO             PET0 WithTagsFinish: value_eight: !<tag:yaml.org,2002:str> true
20241005 025633.967 INFO             PET0 WithTagsFinish: value_nine: 0x234
20241005 025633.967 INFO             PET0 WithTagsFinish: value_ten: ~
20241005 025633.967 INFO             PET0 WithTagsFinish: value_eleven: ~
20241005 025633.967 INFO             PET0 WithTagsFinish: value_twelve: !<!myStuff> xyz
20241005 025633.967 INFO             PET0 WithTagsFinish: value_thirteen: NO
20241005 025633.967 INFO             PET0 WithTagsFinish: value_fourteen: !<tag:yaml.org,2002:str> NO
20241005 025633.967 INFO             PET0 WithTagsFinish: value_added: !<tag:yaml.org,2002:str> NO
20241005 025633.967 INFO             PET0 WithTagsFinish: --- HConfig::log() end -----------------------------------
20241005 025633.967 INFO             PET0 value_four HConfig tag:           tag:yaml.org,2002:float
20241005 025633.967 INFO             PET0 value_six HConfig tag:             tag:yaml.org,2002:str
20241005 025633.967 INFO             PET0 value_eight HConfig tag:             tag:yaml.org,2002:str
20241005 025633.967 INFO             PET0 value_twelve HConfig tag:                          !myStuff
20241005 025633.968 INFO             PET0 isAlias:  T
20241005 025633.968 INFO             PET0 isNotAlias:  F
20241005 025633.968 INFO             PET0 isAlias from match:  T
20241005 025633.968 INFO             PET0 isAlias for diff objects:  F
20241005 025633.968 INFO             PET0 isExact:  T
20241005 025633.968 INFO             PET0 isMatch:  T
20241005 025633.968 INFO             PET0 isNone:  T
20241005 025634.205 INFO             PET0 docCount:        3
20241005 025634.209 INFO             PET0 my-multi-doc: --- HConfig::log() start ---------------------------------
20241005 025634.209 INFO             PET0 my-multi-doc: ---
20241005 025634.209 INFO             PET0 my-multi-doc: - This
20241005 025634.209 INFO             PET0 my-multi-doc: - is
20241005 025634.209 INFO             PET0 my-multi-doc: - the
20241005 025634.209 INFO             PET0 my-multi-doc: - first document.
20241005 025634.209 INFO             PET0 my-multi-doc: ...
20241005 025634.209 INFO             PET0 my-multi-doc: ---
20241005 025634.209 INFO             PET0 my-multi-doc: - And
20241005 025634.209 INFO             PET0 my-multi-doc: - a second document.
20241005 025634.209 INFO             PET0 my-multi-doc: ...
20241005 025634.209 INFO             PET0 my-multi-doc: ---
20241005 025634.209 INFO             PET0 my-multi-doc: - And
20241005 025634.209 INFO             PET0 my-multi-doc: - finally a
20241005 025634.209 INFO             PET0 my-multi-doc: - third document.
20241005 025634.209 INFO             PET0 my-multi-doc: ...
20241005 025634.209 INFO             PET0 my-multi-doc: --- HConfig::log() end -----------------------------------
20241005 025634.212 INFO             PET0 valueI4Seq:        1       2       3
20241005 025634.212 INFO             PET0 asOkay for Logical:  F
20241005 025634.212 INFO             PET0 asOkay for String:  T
20241005 025634.212 INFO             PET0 valueSSeq: 1         2         3
20241005 025634.217 INFO             PET0  NUMBER_OF_PROCESSORS           4
20241005 025634.217 INFO             PET0  PASS  Example ESMF_HConfigEx, ESMF_HConfigEx.F90, line 2033
20241005 025634.217 INFO             PET0  Finalizing ESMF
20241005 025633.927 INFO             PET1 !!!!!!!!!!!!!!!!!!!!!!!!!!!!!!!!!!!!!!!!!!!!!!!!!!!!!!
20241005 025633.928 INFO             PET1 !!! THE ESMF_LOG IS SET TO OUTPUT ALL LOG MESSAGES !!!
20241005 025633.928 INFO             PET1 !!!     THIS MAY CAUSE SLOWDOWN IN PERFORMANCE     !!!
20241005 025633.928 INFO             PET1 !!! FOR PRODUCTION RUNS, USE:                      !!!
20241005 025633.928 INFO             PET1 !!!                   ESMF_LOGKIND_Multi_On_Error  !!!
20241005 025633.928 INFO             PET1 !!!!!!!!!!!!!!!!!!!!!!!!!!!!!!!!!!!!!!!!!!!!!!!!!!!!!!
20241005 025633.928 INFO             PET1 Running with ESMF Version   : v8.7.0
20241005 025633.928 INFO             PET1 ESMF library build date/time: "Oct  5 2024" "02:06:02"
20241005 025633.928 INFO             PET1 ESMF library build location : /glade/derecho/scratch/sacks/esmf-testing/gfortran_12.2.0_pio2.5.10_mpi_g_v8.7.0/esmf
20241005 025633.928 INFO             PET1 ESMF_COMM                   : mpi
20241005 025633.928 INFO             PET1 ESMF_MOAB                   : enabled
20241005 025633.928 INFO             PET1 ESMF_LAPACK                 : enabled
20241005 025633.928 INFO             PET1 ESMF_NETCDF                 : enabled
20241005 025633.928 INFO             PET1 ESMF_PNETCDF                : disabled
20241005 025633.928 INFO             PET1 ESMF_PIO                    : enabled
20241005 025633.928 INFO             PET1 ESMF_YAMLCPP                : enabled
20241005 025633.938 INFO             PET1 AsString: 1
20241005 025633.938 INFO             PET1 asOkay:  T valueI4:          1
20241005 025633.938 INFO             PET1 asOkay:  T valueI8:          1
20241005 025633.938 INFO             PET1 asOkay:  T valueR4:   1.000000
20241005 025633.938 INFO             PET1 asOkay:  T valueR8:   1.000000
20241005 025633.938 INFO             PET1 asOkay:  F valueL:           F
20241005 025633.938 INFO             PET1 AsString: 2
20241005 025633.938 INFO             PET1 asOkay:  T valueI4:          2
20241005 025633.938 INFO             PET1 asOkay:  T valueI8:          2
20241005 025633.938 INFO             PET1 asOkay:  T valueR4:   2.000000
20241005 025633.938 INFO             PET1 asOkay:  T valueR8:   2.000000
20241005 025633.938 INFO             PET1 asOkay:  F valueL:           F
20241005 025633.938 INFO             PET1 AsString: 3
20241005 025633.938 INFO             PET1 asOkay:  T valueI4:          3
20241005 025633.938 INFO             PET1 asOkay:  T valueI8:          3
20241005 025633.938 INFO             PET1 asOkay:  T valueR4:   3.000000
20241005 025633.938 INFO             PET1 asOkay:  T valueR8:   3.000000
20241005 025633.938 INFO             PET1 asOkay:  F valueL:           F
20241005 025633.938 INFO             PET1 AsString: abc
20241005 025633.938 INFO             PET1 asOkay:  F valueI4:          0
20241005 025633.939 INFO             PET1 asOkay:  F valueI8:          0
20241005 025633.939 INFO             PET1 asOkay:  F valueR4:   0.000000
20241005 025633.939 INFO             PET1 asOkay:  F valueR8:   0.000000
20241005 025633.939 INFO             PET1 asOkay:  F valueL:           F
20241005 025633.939 INFO             PET1 AsString: b
20241005 025633.939 INFO             PET1 asOkay:  F valueI4:          0
20241005 025633.939 INFO             PET1 asOkay:  F valueI8:          0
20241005 025633.939 INFO             PET1 asOkay:  F valueR4:   0.000000
20241005 025633.939 INFO             PET1 asOkay:  F valueR8:   0.000000
20241005 025633.939 INFO             PET1 asOkay:  F valueL:           F
20241005 025633.939 INFO             PET1 AsString: TRUE
20241005 025633.939 INFO             PET1 asOkay:  F valueI4:          0
20241005 025633.939 INFO             PET1 asOkay:  F valueI8:          0
20241005 025633.939 INFO             PET1 asOkay:  F valueR4:   0.000000
20241005 025633.939 INFO             PET1 asOkay:  F valueR8:   0.000000
20241005 025633.939 INFO             PET1 asOkay:  T valueL:           T
20241005 025633.939 INFO             PET1 AsString: TRUE
20241005 025633.939 INFO             PET1 asOkay:  F valueI4:          0
20241005 025633.939 INFO             PET1 asOkay:  F valueI8:          0
20241005 025633.939 INFO             PET1 asOkay:  F valueR4:   0.000000
20241005 025633.939 INFO             PET1 asOkay:  F valueR8:   0.000000
20241005 025633.939 INFO             PET1 asOkay:  T valueL:           T
20241005 025633.939 INFO             PET1 AsString: b
20241005 025633.939 INFO             PET1 asOkay:  F valueI4:          0
20241005 025633.939 INFO             PET1 asOkay:  F valueI8:          0
20241005 025633.939 INFO             PET1 asOkay:  F valueR4:   0.000000
20241005 025633.939 INFO             PET1 asOkay:  F valueR8:   0.000000
20241005 025633.939 INFO             PET1 asOkay:  F valueL:           F
20241005 025633.939 INFO             PET1 AsString: abc
20241005 025633.939 INFO             PET1 asOkay:  F valueI4:          0
20241005 025633.939 INFO             PET1 asOkay:  F valueI8:          0
20241005 025633.939 INFO             PET1 asOkay:  F valueR4:   0.000000
20241005 025633.939 INFO             PET1 asOkay:  F valueR8:   0.000000
20241005 025633.939 INFO             PET1 asOkay:  F valueL:           F
20241005 025633.939 INFO             PET1 AsString: 3
20241005 025633.939 INFO             PET1 asOkay:  T valueI4:          3
20241005 025633.939 INFO             PET1 asOkay:  T valueI8:          3
20241005 025633.939 INFO             PET1 asOkay:  T valueR4:   3.000000
20241005 025633.939 INFO             PET1 asOkay:  T valueR8:   3.000000
20241005 025633.939 INFO             PET1 asOkay:  F valueL:           F
20241005 025633.939 INFO             PET1 AsString: 2
20241005 025633.939 INFO             PET1 asOkay:  T valueI4:          2
20241005 025633.939 INFO             PET1 asOkay:  T valueI8:          2
20241005 025633.939 INFO             PET1 asOkay:  T valueR4:   2.000000
20241005 025633.939 INFO             PET1 asOkay:  T valueR8:   2.000000
20241005 025633.939 INFO             PET1 asOkay:  F valueL:           F
20241005 025633.939 INFO             PET1 AsString: 1
20241005 025633.939 INFO             PET1 asOkay:  T valueI4:          1
20241005 025633.939 INFO             PET1 asOkay:  T valueI8:          1
20241005 025633.939 INFO             PET1 asOkay:  T valueR4:   1.000000
20241005 025633.939 INFO             PET1 asOkay:  T valueR8:   1.000000
20241005 025633.939 INFO             PET1 asOkay:  F valueL:           F
20241005 025633.939 INFO             PET1 map key=car map value: AsString: red
20241005 025633.939 INFO             PET1 map key=       car map value: asOkay:  F valueI4:          0
20241005 025633.939 INFO             PET1 map key=       car map value: asOkay:  F valueI8:          0
20241005 025633.939 INFO             PET1 map key=       car map value: asOkay:  F valueR4:   0.000000
20241005 025633.939 INFO             PET1 map key=       car map value: asOkay:  F valueR8:   0.000000
20241005 025633.939 INFO             PET1 map key=       car map value: asOkay:  F valueL:          F
20241005 025633.939 INFO             PET1 map key=bike map value: AsString: 22
20241005 025633.939 INFO             PET1 map key=      bike map value: asOkay:  T valueI4:         22
20241005 025633.939 INFO             PET1 map key=      bike map value: asOkay:  T valueI8:         22
20241005 025633.939 INFO             PET1 map key=      bike map value: asOkay:  T valueR4:  22.000000
20241005 025633.940 INFO             PET1 map key=      bike map value: asOkay:  T valueR8:  22.000000
20241005 025633.940 INFO             PET1 map key=      bike map value: asOkay:  F valueL:          F
20241005 025633.940 INFO             PET1 map key=plane map value: AsString: TRUE
20241005 025633.940 INFO             PET1 map key=     plane map value: asOkay:  F valueI4:          0
20241005 025633.940 INFO             PET1 map key=     plane map value: asOkay:  F valueI8:          0
20241005 025633.940 INFO             PET1 map key=     plane map value: asOkay:  F valueR4:   0.000000
20241005 025633.940 INFO             PET1 map key=     plane map value: asOkay:  F valueR8:   0.000000
20241005 025633.940 INFO             PET1 map key=     plane map value: asOkay:  T valueL:          T
20241005 025633.940 INFO             PET1 map key=bike map value: AsString: 22
20241005 025633.940 INFO             PET1 map key=      bike map value: asOkay:  T valueI4:         22
20241005 025633.940 INFO             PET1 map key=      bike map value: asOkay:  T valueI8:         22
20241005 025633.940 INFO             PET1 map key=      bike map value: asOkay:  T valueR4:  22.000000
20241005 025633.940 INFO             PET1 map key=      bike map value: asOkay:  T valueR8:  22.000000
20241005 025633.940 INFO             PET1 map key=      bike map value: asOkay:  F valueL:          F
20241005 025633.941 INFO             PET1 map key=plane map value: AsString: TRUE
20241005 025633.941 INFO             PET1 map key=     plane map value: asOkay:  F valueI4:          0
20241005 025633.941 INFO             PET1 map key=     plane map value: asOkay:  F valueI8:          0
20241005 025633.941 INFO             PET1 map key=     plane map value: asOkay:  F valueR4:   0.000000
20241005 025633.941 INFO             PET1 map key=     plane map value: asOkay:  F valueR8:   0.000000
20241005 025633.941 INFO             PET1 map key=     plane map value: asOkay:  T valueL:          T
20241005 025633.941 INFO             PET1 map key=car map value: AsString: red
20241005 025633.941 INFO             PET1 map key=       car map value: asOkay:  F valueI4:          0
20241005 025633.941 INFO             PET1 map key=       car map value: asOkay:  F valueI8:          0
20241005 025633.941 INFO             PET1 map key=       car map value: asOkay:  F valueR4:   0.000000
20241005 025633.942 INFO             PET1 map key=       car map value: asOkay:  F valueR8:   0.000000
20241005 025633.942 INFO             PET1 map key=       car map value: asOkay:  F valueL:          F
20241005 025633.944 INFO             PET1 HConfig from Config IsDefined:  T
20241005 025633.944 INFO             PET1 HConfig from Config IsNull:  F
20241005 025633.944 INFO             PET1 HConfig from Config IsSequence:  F
20241005 025633.944 INFO             PET1 HConfig from Config IsMap:  T
20241005 025633.946 INFO             PET1 Empty HConfig tag:               tag:yaml.org,2002:null
20241005 025633.951 INFO             PET1 WithTagsStart: --- HConfig::log() start ---------------------------------
20241005 025633.952 INFO             PET1 WithTagsStart: value_one: {word1: this, word2: is, word3: a, word4: map}
20241005 025633.952 INFO             PET1 WithTagsStart: value_two: [this, is, a, list]
20241005 025633.952 INFO             PET1 WithTagsStart: value_three: 123
20241005 025633.952 INFO             PET1 WithTagsStart: value_four: !<tag:yaml.org,2002:float> 123
20241005 025633.952 INFO             PET1 WithTagsStart: value_five: 2.5
20241005 025633.952 INFO             PET1 WithTagsStart: value_six: !<tag:yaml.org,2002:str> 2.5
20241005 025633.952 INFO             PET1 WithTagsStart: value_seven: False
20241005 025633.952 INFO             PET1 WithTagsStart: value_eight: !<tag:yaml.org,2002:str> true
20241005 025633.952 INFO             PET1 WithTagsStart: value_nine: 0x234
20241005 025633.952 INFO             PET1 WithTagsStart: value_ten: ~
20241005 025633.952 INFO             PET1 WithTagsStart: value_eleven: ~
20241005 025633.952 INFO             PET1 WithTagsStart: value_twelve: !<!myStuff> xyz
20241005 025633.952 INFO             PET1 WithTagsStart: value_thirteen: NO
20241005 025633.952 INFO             PET1 WithTagsStart: value_fourteen: !<tag:yaml.org,2002:str> NO
20241005 025633.952 INFO             PET1 WithTagsStart: --- HConfig::log() end -----------------------------------
20241005 025633.952 INFO             PET1 value_ten HConfig tag:          tag:yaml.org,2002:null
20241005 025633.952 INFO             PET1 value_eleven HConfig tag:          tag:yaml.org,2002:null
20241005 025633.952 INFO             PET1 Top level HConfig tag:          tag:yaml.org,2002:map
20241005 025633.952 INFO             PET1 value_two HConfig tag:           tag:yaml.org,2002:seq
20241005 025633.952 INFO             PET1 first key HConfig tag:           tag:yaml.org,2002:str
20241005 025633.952 INFO             PET1 value_three HConfig tag:           tag:yaml.org,2002:int
20241005 025633.952 INFO             PET1 value_nine HConfig tag:           tag:yaml.org,2002:int
20241005 025633.952 INFO             PET1 value_five HConfig tag:           tag:yaml.org,2002:float
20241005 025633.952 INFO             PET1 value_seven HConfig tag:            tag:yaml.org,2002:bool
20241005 025633.953 INFO             PET1 value_thirteen HConfig tag:            tag:yaml.org,2002:bool
20241005 025633.953 INFO             PET1 value_fourteen HConfig tag:             tag:yaml.org,2002:str
20241005 025633.953 INFO             PET1 value_added HConfig tag:             tag:yaml.org,2002:str
20241005 025633.953 INFO             PET1 WithTagsFinish: --- HConfig::log() start ---------------------------------
20241005 025633.954 INFO             PET1 WithTagsFinish: value_one: {word1: this, word2: is, word3: a, word4: map}
20241005 025633.954 INFO             PET1 WithTagsFinish: value_two: [this, is, a, list]
20241005 025633.954 INFO             PET1 WithTagsFinish: value_three: 123
20241005 025633.954 INFO             PET1 WithTagsFinish: value_four: !<tag:yaml.org,2002:float> 123
20241005 025633.954 INFO             PET1 WithTagsFinish: value_five: 2.5
20241005 025633.954 INFO             PET1 WithTagsFinish: value_six: !<tag:yaml.org,2002:str> 2.5
20241005 025633.954 INFO             PET1 WithTagsFinish: value_seven: False
20241005 025633.954 INFO             PET1 WithTagsFinish: value_eight: !<tag:yaml.org,2002:str> true
20241005 025633.954 INFO             PET1 WithTagsFinish: value_nine: 0x234
20241005 025633.954 INFO             PET1 WithTagsFinish: value_ten: ~
20241005 025633.954 INFO             PET1 WithTagsFinish: value_eleven: ~
20241005 025633.954 INFO             PET1 WithTagsFinish: value_twelve: !<!myStuff> xyz
20241005 025633.954 INFO             PET1 WithTagsFinish: value_thirteen: NO
20241005 025633.954 INFO             PET1 WithTagsFinish: value_fourteen: !<tag:yaml.org,2002:str> NO
20241005 025633.954 INFO             PET1 WithTagsFinish: value_added: !<tag:yaml.org,2002:str> NO
20241005 025633.954 INFO             PET1 WithTagsFinish: --- HConfig::log() end -----------------------------------
20241005 025633.954 INFO             PET1 value_four HConfig tag:           tag:yaml.org,2002:float
20241005 025633.954 INFO             PET1 value_six HConfig tag:             tag:yaml.org,2002:str
20241005 025633.954 INFO             PET1 value_eight HConfig tag:             tag:yaml.org,2002:str
20241005 025633.954 INFO             PET1 value_twelve HConfig tag:                          !myStuff
20241005 025633.954 INFO             PET1 isAlias:  T
20241005 025633.954 INFO             PET1 isNotAlias:  F
20241005 025633.954 INFO             PET1 isAlias from match:  T
20241005 025633.954 INFO             PET1 isAlias for diff objects:  F
20241005 025633.955 INFO             PET1 isExact:  T
20241005 025633.955 INFO             PET1 isMatch:  T
20241005 025633.955 INFO             PET1 isNone:  T
20241005 025633.961 INFO             PET1 docCount:        3
20241005 025633.961 INFO             PET1 my-multi-doc: --- HConfig::log() start ---------------------------------
20241005 025633.961 INFO             PET1 my-multi-doc: ---
20241005 025633.961 INFO             PET1 my-multi-doc: - This
20241005 025633.961 INFO             PET1 my-multi-doc: - is
20241005 025633.961 INFO             PET1 my-multi-doc: - the
20241005 025633.961 INFO             PET1 my-multi-doc: - first document.
20241005 025633.961 INFO             PET1 my-multi-doc: ...
20241005 025633.961 INFO             PET1 my-multi-doc: ---
20241005 025633.961 INFO             PET1 my-multi-doc: - And
20241005 025633.961 INFO             PET1 my-multi-doc: - a second document.
20241005 025633.961 INFO             PET1 my-multi-doc: ...
20241005 025633.961 INFO             PET1 my-multi-doc: ---
20241005 025633.961 INFO             PET1 my-multi-doc: - And
20241005 025633.961 INFO             PET1 my-multi-doc: - finally a
20241005 025633.961 INFO             PET1 my-multi-doc: - third document.
20241005 025633.961 INFO             PET1 my-multi-doc: ...
20241005 025633.961 INFO             PET1 my-multi-doc: --- HConfig::log() end -----------------------------------
20241005 025633.962 INFO             PET1 valueI4Seq:        1       2       3
20241005 025633.962 INFO             PET1 asOkay for Logical:  F
20241005 025633.962 INFO             PET1 asOkay for String:  T
20241005 025633.962 INFO             PET1 valueSSeq: 1         2         3
20241005 025633.964 INFO             PET1  NUMBER_OF_PROCESSORS           4
20241005 025633.964 INFO             PET1  PASS  Example ESMF_HConfigEx, ESMF_HConfigEx.F90, line 2033
20241005 025633.964 INFO             PET1  Finalizing ESMF
20241005 025633.934 INFO             PET2 !!!!!!!!!!!!!!!!!!!!!!!!!!!!!!!!!!!!!!!!!!!!!!!!!!!!!!
20241005 025633.934 INFO             PET2 !!! THE ESMF_LOG IS SET TO OUTPUT ALL LOG MESSAGES !!!
20241005 025633.934 INFO             PET2 !!!     THIS MAY CAUSE SLOWDOWN IN PERFORMANCE     !!!
20241005 025633.934 INFO             PET2 !!! FOR PRODUCTION RUNS, USE:                      !!!
20241005 025633.934 INFO             PET2 !!!                   ESMF_LOGKIND_Multi_On_Error  !!!
20241005 025633.934 INFO             PET2 !!!!!!!!!!!!!!!!!!!!!!!!!!!!!!!!!!!!!!!!!!!!!!!!!!!!!!
20241005 025633.934 INFO             PET2 Running with ESMF Version   : v8.7.0
20241005 025633.934 INFO             PET2 ESMF library build date/time: "Oct  5 2024" "02:06:02"
20241005 025633.934 INFO             PET2 ESMF library build location : /glade/derecho/scratch/sacks/esmf-testing/gfortran_12.2.0_pio2.5.10_mpi_g_v8.7.0/esmf
20241005 025633.934 INFO             PET2 ESMF_COMM                   : mpi
20241005 025633.935 INFO             PET2 ESMF_MOAB                   : enabled
20241005 025633.935 INFO             PET2 ESMF_LAPACK                 : enabled
20241005 025633.935 INFO             PET2 ESMF_NETCDF                 : enabled
20241005 025633.935 INFO             PET2 ESMF_PNETCDF                : disabled
20241005 025633.935 INFO             PET2 ESMF_PIO                    : enabled
20241005 025633.935 INFO             PET2 ESMF_YAMLCPP                : enabled
20241005 025633.938 INFO             PET2 AsString: 1
20241005 025633.938 INFO             PET2 asOkay:  T valueI4:          1
20241005 025633.938 INFO             PET2 asOkay:  T valueI8:          1
20241005 025633.938 INFO             PET2 asOkay:  T valueR4:   1.000000
20241005 025633.938 INFO             PET2 asOkay:  T valueR8:   1.000000
20241005 025633.938 INFO             PET2 asOkay:  F valueL:           F
20241005 025633.938 INFO             PET2 AsString: 2
20241005 025633.938 INFO             PET2 asOkay:  T valueI4:          2
20241005 025633.938 INFO             PET2 asOkay:  T valueI8:          2
20241005 025633.938 INFO             PET2 asOkay:  T valueR4:   2.000000
20241005 025633.938 INFO             PET2 asOkay:  T valueR8:   2.000000
20241005 025633.938 INFO             PET2 asOkay:  F valueL:           F
20241005 025633.938 INFO             PET2 AsString: 3
20241005 025633.938 INFO             PET2 asOkay:  T valueI4:          3
20241005 025633.938 INFO             PET2 asOkay:  T valueI8:          3
20241005 025633.938 INFO             PET2 asOkay:  T valueR4:   3.000000
20241005 025633.938 INFO             PET2 asOkay:  T valueR8:   3.000000
20241005 025633.938 INFO             PET2 asOkay:  F valueL:           F
20241005 025633.938 INFO             PET2 AsString: abc
20241005 025633.938 INFO             PET2 asOkay:  F valueI4:          0
20241005 025633.938 INFO             PET2 asOkay:  F valueI8:          0
20241005 025633.939 INFO             PET2 asOkay:  F valueR4:   0.000000
20241005 025633.939 INFO             PET2 asOkay:  F valueR8:   0.000000
20241005 025633.939 INFO             PET2 asOkay:  F valueL:           F
20241005 025633.939 INFO             PET2 AsString: b
20241005 025633.939 INFO             PET2 asOkay:  F valueI4:          0
20241005 025633.939 INFO             PET2 asOkay:  F valueI8:          0
20241005 025633.939 INFO             PET2 asOkay:  F valueR4:   0.000000
20241005 025633.939 INFO             PET2 asOkay:  F valueR8:   0.000000
20241005 025633.939 INFO             PET2 asOkay:  F valueL:           F
20241005 025633.939 INFO             PET2 AsString: TRUE
20241005 025633.939 INFO             PET2 asOkay:  F valueI4:          0
20241005 025633.939 INFO             PET2 asOkay:  F valueI8:          0
20241005 025633.939 INFO             PET2 asOkay:  F valueR4:   0.000000
20241005 025633.939 INFO             PET2 asOkay:  F valueR8:   0.000000
20241005 025633.939 INFO             PET2 asOkay:  T valueL:           T
20241005 025633.939 INFO             PET2 AsString: TRUE
20241005 025633.939 INFO             PET2 asOkay:  F valueI4:          0
20241005 025633.939 INFO             PET2 asOkay:  F valueI8:          0
20241005 025633.939 INFO             PET2 asOkay:  F valueR4:   0.000000
20241005 025633.939 INFO             PET2 asOkay:  F valueR8:   0.000000
20241005 025633.939 INFO             PET2 asOkay:  T valueL:           T
20241005 025633.939 INFO             PET2 AsString: b
20241005 025633.939 INFO             PET2 asOkay:  F valueI4:          0
20241005 025633.939 INFO             PET2 asOkay:  F valueI8:          0
20241005 025633.939 INFO             PET2 asOkay:  F valueR4:   0.000000
20241005 025633.939 INFO             PET2 asOkay:  F valueR8:   0.000000
20241005 025633.939 INFO             PET2 asOkay:  F valueL:           F
20241005 025633.939 INFO             PET2 AsString: abc
20241005 025633.939 INFO             PET2 asOkay:  F valueI4:          0
20241005 025633.939 INFO             PET2 asOkay:  F valueI8:          0
20241005 025633.939 INFO             PET2 asOkay:  F valueR4:   0.000000
20241005 025633.939 INFO             PET2 asOkay:  F valueR8:   0.000000
20241005 025633.939 INFO             PET2 asOkay:  F valueL:           F
20241005 025633.939 INFO             PET2 AsString: 3
20241005 025633.939 INFO             PET2 asOkay:  T valueI4:          3
20241005 025633.939 INFO             PET2 asOkay:  T valueI8:          3
20241005 025633.939 INFO             PET2 asOkay:  T valueR4:   3.000000
20241005 025633.939 INFO             PET2 asOkay:  T valueR8:   3.000000
20241005 025633.939 INFO             PET2 asOkay:  F valueL:           F
20241005 025633.939 INFO             PET2 AsString: 2
20241005 025633.939 INFO             PET2 asOkay:  T valueI4:          2
20241005 025633.939 INFO             PET2 asOkay:  T valueI8:          2
20241005 025633.939 INFO             PET2 asOkay:  T valueR4:   2.000000
20241005 025633.939 INFO             PET2 asOkay:  T valueR8:   2.000000
20241005 025633.939 INFO             PET2 asOkay:  F valueL:           F
20241005 025633.939 INFO             PET2 AsString: 1
20241005 025633.939 INFO             PET2 asOkay:  T valueI4:          1
20241005 025633.939 INFO             PET2 asOkay:  T valueI8:          1
20241005 025633.939 INFO             PET2 asOkay:  T valueR4:   1.000000
20241005 025633.939 INFO             PET2 asOkay:  T valueR8:   1.000000
20241005 025633.939 INFO             PET2 asOkay:  F valueL:           F
20241005 025633.939 INFO             PET2 map key=car map value: AsString: red
20241005 025633.939 INFO             PET2 map key=       car map value: asOkay:  F valueI4:          0
20241005 025633.939 INFO             PET2 map key=       car map value: asOkay:  F valueI8:          0
20241005 025633.939 INFO             PET2 map key=       car map value: asOkay:  F valueR4:   0.000000
20241005 025633.939 INFO             PET2 map key=       car map value: asOkay:  F valueR8:   0.000000
20241005 025633.939 INFO             PET2 map key=       car map value: asOkay:  F valueL:          F
20241005 025633.939 INFO             PET2 map key=bike map value: AsString: 22
20241005 025633.939 INFO             PET2 map key=      bike map value: asOkay:  T valueI4:         22
20241005 025633.939 INFO             PET2 map key=      bike map value: asOkay:  T valueI8:         22
20241005 025633.939 INFO             PET2 map key=      bike map value: asOkay:  T valueR4:  22.000000
20241005 025633.940 INFO             PET2 map key=      bike map value: asOkay:  T valueR8:  22.000000
20241005 025633.940 INFO             PET2 map key=      bike map value: asOkay:  F valueL:          F
20241005 025633.940 INFO             PET2 map key=plane map value: AsString: TRUE
20241005 025633.940 INFO             PET2 map key=     plane map value: asOkay:  F valueI4:          0
20241005 025633.940 INFO             PET2 map key=     plane map value: asOkay:  F valueI8:          0
20241005 025633.940 INFO             PET2 map key=     plane map value: asOkay:  F valueR4:   0.000000
20241005 025633.940 INFO             PET2 map key=     plane map value: asOkay:  F valueR8:   0.000000
20241005 025633.940 INFO             PET2 map key=     plane map value: asOkay:  T valueL:          T
20241005 025633.940 INFO             PET2 map key=bike map value: AsString: 22
20241005 025633.940 INFO             PET2 map key=      bike map value: asOkay:  T valueI4:         22
20241005 025633.940 INFO             PET2 map key=      bike map value: asOkay:  T valueI8:         22
20241005 025633.940 INFO             PET2 map key=      bike map value: asOkay:  T valueR4:  22.000000
20241005 025633.940 INFO             PET2 map key=      bike map value: asOkay:  T valueR8:  22.000000
20241005 025633.940 INFO             PET2 map key=      bike map value: asOkay:  F valueL:          F
20241005 025633.941 INFO             PET2 map key=plane map value: AsString: TRUE
20241005 025633.941 INFO             PET2 map key=     plane map value: asOkay:  F valueI4:          0
20241005 025633.941 INFO             PET2 map key=     plane map value: asOkay:  F valueI8:          0
20241005 025633.941 INFO             PET2 map key=     plane map value: asOkay:  F valueR4:   0.000000
20241005 025633.941 INFO             PET2 map key=     plane map value: asOkay:  F valueR8:   0.000000
20241005 025633.941 INFO             PET2 map key=     plane map value: asOkay:  T valueL:          T
20241005 025633.941 INFO             PET2 map key=car map value: AsString: red
20241005 025633.941 INFO             PET2 map key=       car map value: asOkay:  F valueI4:          0
20241005 025633.941 INFO             PET2 map key=       car map value: asOkay:  F valueI8:          0
20241005 025633.941 INFO             PET2 map key=       car map value: asOkay:  F valueR4:   0.000000
20241005 025633.942 INFO             PET2 map key=       car map value: asOkay:  F valueR8:   0.000000
20241005 025633.942 INFO             PET2 map key=       car map value: asOkay:  F valueL:          F
20241005 025633.945 INFO             PET2 HConfig from Config IsDefined:  T
20241005 025633.945 INFO             PET2 HConfig from Config IsNull:  F
20241005 025633.945 INFO             PET2 HConfig from Config IsSequence:  F
20241005 025633.945 INFO             PET2 HConfig from Config IsMap:  T
20241005 025633.947 INFO             PET2 Empty HConfig tag:               tag:yaml.org,2002:null
20241005 025633.951 INFO             PET2 WithTagsStart: --- HConfig::log() start ---------------------------------
20241005 025633.952 INFO             PET2 WithTagsStart: value_one: {word1: this, word2: is, word3: a, word4: map}
20241005 025633.952 INFO             PET2 WithTagsStart: value_two: [this, is, a, list]
20241005 025633.952 INFO             PET2 WithTagsStart: value_three: 123
20241005 025633.952 INFO             PET2 WithTagsStart: value_four: !<tag:yaml.org,2002:float> 123
20241005 025633.952 INFO             PET2 WithTagsStart: value_five: 2.5
20241005 025633.952 INFO             PET2 WithTagsStart: value_six: !<tag:yaml.org,2002:str> 2.5
20241005 025633.952 INFO             PET2 WithTagsStart: value_seven: False
20241005 025633.952 INFO             PET2 WithTagsStart: value_eight: !<tag:yaml.org,2002:str> true
20241005 025633.952 INFO             PET2 WithTagsStart: value_nine: 0x234
20241005 025633.952 INFO             PET2 WithTagsStart: value_ten: ~
20241005 025633.952 INFO             PET2 WithTagsStart: value_eleven: ~
20241005 025633.952 INFO             PET2 WithTagsStart: value_twelve: !<!myStuff> xyz
20241005 025633.952 INFO             PET2 WithTagsStart: value_thirteen: NO
20241005 025633.952 INFO             PET2 WithTagsStart: value_fourteen: !<tag:yaml.org,2002:str> NO
20241005 025633.952 INFO             PET2 WithTagsStart: --- HConfig::log() end -----------------------------------
20241005 025633.952 INFO             PET2 value_ten HConfig tag:          tag:yaml.org,2002:null
20241005 025633.952 INFO             PET2 value_eleven HConfig tag:          tag:yaml.org,2002:null
20241005 025633.952 INFO             PET2 Top level HConfig tag:          tag:yaml.org,2002:map
20241005 025633.952 INFO             PET2 value_two HConfig tag:           tag:yaml.org,2002:seq
20241005 025633.952 INFO             PET2 first key HConfig tag:           tag:yaml.org,2002:str
20241005 025633.952 INFO             PET2 value_three HConfig tag:           tag:yaml.org,2002:int
20241005 025633.952 INFO             PET2 value_nine HConfig tag:           tag:yaml.org,2002:int
20241005 025633.952 INFO             PET2 value_five HConfig tag:           tag:yaml.org,2002:float
20241005 025633.952 INFO             PET2 value_seven HConfig tag:            tag:yaml.org,2002:bool
20241005 025633.953 INFO             PET2 value_thirteen HConfig tag:            tag:yaml.org,2002:bool
20241005 025633.953 INFO             PET2 value_fourteen HConfig tag:             tag:yaml.org,2002:str
20241005 025633.953 INFO             PET2 value_added HConfig tag:             tag:yaml.org,2002:str
20241005 025633.953 INFO             PET2 WithTagsFinish: --- HConfig::log() start ---------------------------------
20241005 025633.954 INFO             PET2 WithTagsFinish: value_one: {word1: this, word2: is, word3: a, word4: map}
20241005 025633.954 INFO             PET2 WithTagsFinish: value_two: [this, is, a, list]
20241005 025633.954 INFO             PET2 WithTagsFinish: value_three: 123
20241005 025633.954 INFO             PET2 WithTagsFinish: value_four: !<tag:yaml.org,2002:float> 123
20241005 025633.954 INFO             PET2 WithTagsFinish: value_five: 2.5
20241005 025633.954 INFO             PET2 WithTagsFinish: value_six: !<tag:yaml.org,2002:str> 2.5
20241005 025633.954 INFO             PET2 WithTagsFinish: value_seven: False
20241005 025633.954 INFO             PET2 WithTagsFinish: value_eight: !<tag:yaml.org,2002:str> true
20241005 025633.954 INFO             PET2 WithTagsFinish: value_nine: 0x234
20241005 025633.954 INFO             PET2 WithTagsFinish: value_ten: ~
20241005 025633.954 INFO             PET2 WithTagsFinish: value_eleven: ~
20241005 025633.954 INFO             PET2 WithTagsFinish: value_twelve: !<!myStuff> xyz
20241005 025633.954 INFO             PET2 WithTagsFinish: value_thirteen: NO
20241005 025633.954 INFO             PET2 WithTagsFinish: value_fourteen: !<tag:yaml.org,2002:str> NO
20241005 025633.954 INFO             PET2 WithTagsFinish: value_added: !<tag:yaml.org,2002:str> NO
20241005 025633.954 INFO             PET2 WithTagsFinish: --- HConfig::log() end -----------------------------------
20241005 025633.954 INFO             PET2 value_four HConfig tag:           tag:yaml.org,2002:float
20241005 025633.954 INFO             PET2 value_six HConfig tag:             tag:yaml.org,2002:str
20241005 025633.954 INFO             PET2 value_eight HConfig tag:             tag:yaml.org,2002:str
20241005 025633.954 INFO             PET2 value_twelve HConfig tag:                          !myStuff
20241005 025633.954 INFO             PET2 isAlias:  T
20241005 025633.954 INFO             PET2 isNotAlias:  F
20241005 025633.954 INFO             PET2 isAlias from match:  T
20241005 025633.954 INFO             PET2 isAlias for diff objects:  F
20241005 025633.955 INFO             PET2 isExact:  T
20241005 025633.955 INFO             PET2 isMatch:  T
20241005 025633.955 INFO             PET2 isNone:  T
20241005 025633.962 INFO             PET2 docCount:        3
20241005 025633.962 INFO             PET2 my-multi-doc: --- HConfig::log() start ---------------------------------
20241005 025633.962 INFO             PET2 my-multi-doc: ---
20241005 025633.962 INFO             PET2 my-multi-doc: - This
20241005 025633.962 INFO             PET2 my-multi-doc: - is
20241005 025633.962 INFO             PET2 my-multi-doc: - the
20241005 025633.962 INFO             PET2 my-multi-doc: - first document.
20241005 025633.962 INFO             PET2 my-multi-doc: ...
20241005 025633.962 INFO             PET2 my-multi-doc: ---
20241005 025633.962 INFO             PET2 my-multi-doc: - And
20241005 025633.962 INFO             PET2 my-multi-doc: - a second document.
20241005 025633.962 INFO             PET2 my-multi-doc: ...
20241005 025633.962 INFO             PET2 my-multi-doc: ---
20241005 025633.962 INFO             PET2 my-multi-doc: - And
20241005 025633.962 INFO             PET2 my-multi-doc: - finally a
20241005 025633.962 INFO             PET2 my-multi-doc: - third document.
20241005 025633.962 INFO             PET2 my-multi-doc: ...
20241005 025633.962 INFO             PET2 my-multi-doc: --- HConfig::log() end -----------------------------------
20241005 025633.963 INFO             PET2 valueI4Seq:        1       2       3
20241005 025633.963 INFO             PET2 asOkay for Logical:  F
20241005 025633.963 INFO             PET2 asOkay for String:  T
20241005 025633.963 INFO             PET2 valueSSeq: 1         2         3
20241005 025633.964 INFO             PET2  NUMBER_OF_PROCESSORS           4
20241005 025633.964 INFO             PET2  PASS  Example ESMF_HConfigEx, ESMF_HConfigEx.F90, line 2033
20241005 025633.964 INFO             PET2  Finalizing ESMF
20241005 025633.930 INFO             PET3 !!!!!!!!!!!!!!!!!!!!!!!!!!!!!!!!!!!!!!!!!!!!!!!!!!!!!!
20241005 025633.930 INFO             PET3 !!! THE ESMF_LOG IS SET TO OUTPUT ALL LOG MESSAGES !!!
20241005 025633.930 INFO             PET3 !!!     THIS MAY CAUSE SLOWDOWN IN PERFORMANCE     !!!
20241005 025633.930 INFO             PET3 !!! FOR PRODUCTION RUNS, USE:                      !!!
20241005 025633.930 INFO             PET3 !!!                   ESMF_LOGKIND_Multi_On_Error  !!!
20241005 025633.930 INFO             PET3 !!!!!!!!!!!!!!!!!!!!!!!!!!!!!!!!!!!!!!!!!!!!!!!!!!!!!!
20241005 025633.930 INFO             PET3 Running with ESMF Version   : v8.7.0
20241005 025633.930 INFO             PET3 ESMF library build date/time: "Oct  5 2024" "02:06:02"
20241005 025633.930 INFO             PET3 ESMF library build location : /glade/derecho/scratch/sacks/esmf-testing/gfortran_12.2.0_pio2.5.10_mpi_g_v8.7.0/esmf
20241005 025633.930 INFO             PET3 ESMF_COMM                   : mpi
20241005 025633.931 INFO             PET3 ESMF_MOAB                   : enabled
20241005 025633.931 INFO             PET3 ESMF_LAPACK                 : enabled
20241005 025633.931 INFO             PET3 ESMF_NETCDF                 : enabled
20241005 025633.931 INFO             PET3 ESMF_PNETCDF                : disabled
20241005 025633.931 INFO             PET3 ESMF_PIO                    : enabled
20241005 025633.931 INFO             PET3 ESMF_YAMLCPP                : enabled
20241005 025633.938 INFO             PET3 AsString: 1
20241005 025633.938 INFO             PET3 asOkay:  T valueI4:          1
20241005 025633.938 INFO             PET3 asOkay:  T valueI8:          1
20241005 025633.938 INFO             PET3 asOkay:  T valueR4:   1.000000
20241005 025633.938 INFO             PET3 asOkay:  T valueR8:   1.000000
20241005 025633.938 INFO             PET3 asOkay:  F valueL:           F
20241005 025633.938 INFO             PET3 AsString: 2
20241005 025633.938 INFO             PET3 asOkay:  T valueI4:          2
20241005 025633.938 INFO             PET3 asOkay:  T valueI8:          2
20241005 025633.938 INFO             PET3 asOkay:  T valueR4:   2.000000
20241005 025633.938 INFO             PET3 asOkay:  T valueR8:   2.000000
20241005 025633.938 INFO             PET3 asOkay:  F valueL:           F
20241005 025633.938 INFO             PET3 AsString: 3
20241005 025633.938 INFO             PET3 asOkay:  T valueI4:          3
20241005 025633.938 INFO             PET3 asOkay:  T valueI8:          3
20241005 025633.938 INFO             PET3 asOkay:  T valueR4:   3.000000
20241005 025633.938 INFO             PET3 asOkay:  T valueR8:   3.000000
20241005 025633.938 INFO             PET3 asOkay:  F valueL:           F
20241005 025633.938 INFO             PET3 AsString: abc
20241005 025633.938 INFO             PET3 asOkay:  F valueI4:          0
20241005 025633.938 INFO             PET3 asOkay:  F valueI8:          0
20241005 025633.939 INFO             PET3 asOkay:  F valueR4:   0.000000
20241005 025633.939 INFO             PET3 asOkay:  F valueR8:   0.000000
20241005 025633.939 INFO             PET3 asOkay:  F valueL:           F
20241005 025633.939 INFO             PET3 AsString: b
20241005 025633.939 INFO             PET3 asOkay:  F valueI4:          0
20241005 025633.939 INFO             PET3 asOkay:  F valueI8:          0
20241005 025633.939 INFO             PET3 asOkay:  F valueR4:   0.000000
20241005 025633.939 INFO             PET3 asOkay:  F valueR8:   0.000000
20241005 025633.939 INFO             PET3 asOkay:  F valueL:           F
20241005 025633.939 INFO             PET3 AsString: TRUE
20241005 025633.939 INFO             PET3 asOkay:  F valueI4:          0
20241005 025633.939 INFO             PET3 asOkay:  F valueI8:          0
20241005 025633.939 INFO             PET3 asOkay:  F valueR4:   0.000000
20241005 025633.939 INFO             PET3 asOkay:  F valueR8:   0.000000
20241005 025633.939 INFO             PET3 asOkay:  T valueL:           T
20241005 025633.939 INFO             PET3 AsString: TRUE
20241005 025633.939 INFO             PET3 asOkay:  F valueI4:          0
20241005 025633.939 INFO             PET3 asOkay:  F valueI8:          0
20241005 025633.939 INFO             PET3 asOkay:  F valueR4:   0.000000
20241005 025633.939 INFO             PET3 asOkay:  F valueR8:   0.000000
20241005 025633.939 INFO             PET3 asOkay:  T valueL:           T
20241005 025633.939 INFO             PET3 AsString: b
20241005 025633.939 INFO             PET3 asOkay:  F valueI4:          0
20241005 025633.939 INFO             PET3 asOkay:  F valueI8:          0
20241005 025633.939 INFO             PET3 asOkay:  F valueR4:   0.000000
20241005 025633.939 INFO             PET3 asOkay:  F valueR8:   0.000000
20241005 025633.939 INFO             PET3 asOkay:  F valueL:           F
20241005 025633.939 INFO             PET3 AsString: abc
20241005 025633.939 INFO             PET3 asOkay:  F valueI4:          0
20241005 025633.939 INFO             PET3 asOkay:  F valueI8:          0
20241005 025633.939 INFO             PET3 asOkay:  F valueR4:   0.000000
20241005 025633.939 INFO             PET3 asOkay:  F valueR8:   0.000000
20241005 025633.939 INFO             PET3 asOkay:  F valueL:           F
20241005 025633.939 INFO             PET3 AsString: 3
20241005 025633.939 INFO             PET3 asOkay:  T valueI4:          3
20241005 025633.939 INFO             PET3 asOkay:  T valueI8:          3
20241005 025633.939 INFO             PET3 asOkay:  T valueR4:   3.000000
20241005 025633.939 INFO             PET3 asOkay:  T valueR8:   3.000000
20241005 025633.939 INFO             PET3 asOkay:  F valueL:           F
20241005 025633.939 INFO             PET3 AsString: 2
20241005 025633.939 INFO             PET3 asOkay:  T valueI4:          2
20241005 025633.939 INFO             PET3 asOkay:  T valueI8:          2
20241005 025633.939 INFO             PET3 asOkay:  T valueR4:   2.000000
20241005 025633.939 INFO             PET3 asOkay:  T valueR8:   2.000000
20241005 025633.939 INFO             PET3 asOkay:  F valueL:           F
20241005 025633.939 INFO             PET3 AsString: 1
20241005 025633.939 INFO             PET3 asOkay:  T valueI4:          1
20241005 025633.939 INFO             PET3 asOkay:  T valueI8:          1
20241005 025633.939 INFO             PET3 asOkay:  T valueR4:   1.000000
20241005 025633.939 INFO             PET3 asOkay:  T valueR8:   1.000000
20241005 025633.939 INFO             PET3 asOkay:  F valueL:           F
20241005 025633.939 INFO             PET3 map key=car map value: AsString: red
20241005 025633.939 INFO             PET3 map key=       car map value: asOkay:  F valueI4:          0
20241005 025633.939 INFO             PET3 map key=       car map value: asOkay:  F valueI8:          0
20241005 025633.939 INFO             PET3 map key=       car map value: asOkay:  F valueR4:   0.000000
20241005 025633.939 INFO             PET3 map key=       car map value: asOkay:  F valueR8:   0.000000
20241005 025633.939 INFO             PET3 map key=       car map value: asOkay:  F valueL:          F
20241005 025633.939 INFO             PET3 map key=bike map value: AsString: 22
20241005 025633.939 INFO             PET3 map key=      bike map value: asOkay:  T valueI4:         22
20241005 025633.939 INFO             PET3 map key=      bike map value: asOkay:  T valueI8:         22
20241005 025633.939 INFO             PET3 map key=      bike map value: asOkay:  T valueR4:  22.000000
20241005 025633.939 INFO             PET3 map key=      bike map value: asOkay:  T valueR8:  22.000000
20241005 025633.940 INFO             PET3 map key=      bike map value: asOkay:  F valueL:          F
20241005 025633.940 INFO             PET3 map key=plane map value: AsString: TRUE
20241005 025633.940 INFO             PET3 map key=     plane map value: asOkay:  F valueI4:          0
20241005 025633.940 INFO             PET3 map key=     plane map value: asOkay:  F valueI8:          0
20241005 025633.940 INFO             PET3 map key=     plane map value: asOkay:  F valueR4:   0.000000
20241005 025633.940 INFO             PET3 map key=     plane map value: asOkay:  F valueR8:   0.000000
20241005 025633.940 INFO             PET3 map key=     plane map value: asOkay:  T valueL:          T
20241005 025633.940 INFO             PET3 map key=bike map value: AsString: 22
20241005 025633.940 INFO             PET3 map key=      bike map value: asOkay:  T valueI4:         22
20241005 025633.940 INFO             PET3 map key=      bike map value: asOkay:  T valueI8:         22
20241005 025633.940 INFO             PET3 map key=      bike map value: asOkay:  T valueR4:  22.000000
20241005 025633.940 INFO             PET3 map key=      bike map value: asOkay:  T valueR8:  22.000000
20241005 025633.940 INFO             PET3 map key=      bike map value: asOkay:  F valueL:          F
20241005 025633.941 INFO             PET3 map key=plane map value: AsString: TRUE
20241005 025633.941 INFO             PET3 map key=     plane map value: asOkay:  F valueI4:          0
20241005 025633.941 INFO             PET3 map key=     plane map value: asOkay:  F valueI8:          0
20241005 025633.941 INFO             PET3 map key=     plane map value: asOkay:  F valueR4:   0.000000
20241005 025633.941 INFO             PET3 map key=     plane map value: asOkay:  F valueR8:   0.000000
20241005 025633.941 INFO             PET3 map key=     plane map value: asOkay:  T valueL:          T
20241005 025633.941 INFO             PET3 map key=car map value: AsString: red
20241005 025633.941 INFO             PET3 map key=       car map value: asOkay:  F valueI4:          0
20241005 025633.941 INFO             PET3 map key=       car map value: asOkay:  F valueI8:          0
20241005 025633.942 INFO             PET3 map key=       car map value: asOkay:  F valueR4:   0.000000
20241005 025633.942 INFO             PET3 map key=       car map value: asOkay:  F valueR8:   0.000000
20241005 025633.942 INFO             PET3 map key=       car map value: asOkay:  F valueL:          F
20241005 025633.944 INFO             PET3 HConfig from Config IsDefined:  T
20241005 025633.944 INFO             PET3 HConfig from Config IsNull:  F
20241005 025633.944 INFO             PET3 HConfig from Config IsSequence:  F
20241005 025633.944 INFO             PET3 HConfig from Config IsMap:  T
20241005 025633.946 INFO             PET3 Empty HConfig tag:               tag:yaml.org,2002:null
20241005 025633.955 INFO             PET3 WithTagsStart: --- HConfig::log() start ---------------------------------
20241005 025633.956 INFO             PET3 WithTagsStart: value_one: {word1: this, word2: is, word3: a, word4: map}
20241005 025633.956 INFO             PET3 WithTagsStart: value_two: [this, is, a, list]
20241005 025633.956 INFO             PET3 WithTagsStart: value_three: 123
20241005 025633.956 INFO             PET3 WithTagsStart: value_four: !<tag:yaml.org,2002:float> 123
20241005 025633.956 INFO             PET3 WithTagsStart: value_five: 2.5
20241005 025633.956 INFO             PET3 WithTagsStart: value_six: !<tag:yaml.org,2002:str> 2.5
20241005 025633.956 INFO             PET3 WithTagsStart: value_seven: False
20241005 025633.956 INFO             PET3 WithTagsStart: value_eight: !<tag:yaml.org,2002:str> true
20241005 025633.956 INFO             PET3 WithTagsStart: value_nine: 0x234
20241005 025633.956 INFO             PET3 WithTagsStart: value_ten: ~
20241005 025633.956 INFO             PET3 WithTagsStart: value_eleven: ~
20241005 025633.956 INFO             PET3 WithTagsStart: value_twelve: !<!myStuff> xyz
20241005 025633.956 INFO             PET3 WithTagsStart: value_thirteen: NO
20241005 025633.956 INFO             PET3 WithTagsStart: value_fourteen: !<tag:yaml.org,2002:str> NO
20241005 025633.956 INFO             PET3 WithTagsStart: --- HConfig::log() end -----------------------------------
20241005 025633.956 INFO             PET3 value_ten HConfig tag:          tag:yaml.org,2002:null
20241005 025633.956 INFO             PET3 value_eleven HConfig tag:          tag:yaml.org,2002:null
20241005 025633.956 INFO             PET3 Top level HConfig tag:          tag:yaml.org,2002:map
20241005 025633.956 INFO             PET3 value_two HConfig tag:           tag:yaml.org,2002:seq
20241005 025633.956 INFO             PET3 first key HConfig tag:           tag:yaml.org,2002:str
20241005 025633.956 INFO             PET3 value_three HConfig tag:           tag:yaml.org,2002:int
20241005 025633.956 INFO             PET3 value_nine HConfig tag:           tag:yaml.org,2002:int
20241005 025633.956 INFO             PET3 value_five HConfig tag:           tag:yaml.org,2002:float
20241005 025633.956 INFO             PET3 value_seven HConfig tag:            tag:yaml.org,2002:bool
20241005 025633.957 INFO             PET3 value_thirteen HConfig tag:            tag:yaml.org,2002:bool
20241005 025633.957 INFO             PET3 value_fourteen HConfig tag:             tag:yaml.org,2002:str
20241005 025633.957 INFO             PET3 value_added HConfig tag:             tag:yaml.org,2002:str
20241005 025633.957 INFO             PET3 WithTagsFinish: --- HConfig::log() start ---------------------------------
20241005 025633.958 INFO             PET3 WithTagsFinish: value_one: {word1: this, word2: is, word3: a, word4: map}
20241005 025633.958 INFO             PET3 WithTagsFinish: value_two: [this, is, a, list]
20241005 025633.958 INFO             PET3 WithTagsFinish: value_three: 123
20241005 025633.958 INFO             PET3 WithTagsFinish: value_four: !<tag:yaml.org,2002:float> 123
20241005 025633.958 INFO             PET3 WithTagsFinish: value_five: 2.5
20241005 025633.958 INFO             PET3 WithTagsFinish: value_six: !<tag:yaml.org,2002:str> 2.5
20241005 025633.958 INFO             PET3 WithTagsFinish: value_seven: False
20241005 025633.958 INFO             PET3 WithTagsFinish: value_eight: !<tag:yaml.org,2002:str> true
20241005 025633.958 INFO             PET3 WithTagsFinish: value_nine: 0x234
20241005 025633.958 INFO             PET3 WithTagsFinish: value_ten: ~
20241005 025633.958 INFO             PET3 WithTagsFinish: value_eleven: ~
20241005 025633.958 INFO             PET3 WithTagsFinish: value_twelve: !<!myStuff> xyz
20241005 025633.958 INFO             PET3 WithTagsFinish: value_thirteen: NO
20241005 025633.958 INFO             PET3 WithTagsFinish: value_fourteen: !<tag:yaml.org,2002:str> NO
20241005 025633.958 INFO             PET3 WithTagsFinish: value_added: !<tag:yaml.org,2002:str> NO
20241005 025633.958 INFO             PET3 WithTagsFinish: --- HConfig::log() end -----------------------------------
20241005 025633.958 INFO             PET3 value_four HConfig tag:           tag:yaml.org,2002:float
20241005 025633.958 INFO             PET3 value_six HConfig tag:             tag:yaml.org,2002:str
20241005 025633.958 INFO             PET3 value_eight HConfig tag:             tag:yaml.org,2002:str
20241005 025633.958 INFO             PET3 value_twelve HConfig tag:                          !myStuff
20241005 025633.958 INFO             PET3 isAlias:  T
20241005 025633.958 INFO             PET3 isNotAlias:  F
20241005 025633.958 INFO             PET3 isAlias from match:  T
20241005 025633.958 INFO             PET3 isAlias for diff objects:  F
20241005 025633.959 INFO             PET3 isExact:  T
20241005 025633.959 INFO             PET3 isMatch:  T
20241005 025633.959 INFO             PET3 isNone:  T
20241005 025633.964 INFO             PET3 docCount:        3
20241005 025633.964 INFO             PET3 my-multi-doc: --- HConfig::log() start ---------------------------------
20241005 025633.964 INFO             PET3 my-multi-doc: ---
20241005 025633.964 INFO             PET3 my-multi-doc: - This
20241005 025633.964 INFO             PET3 my-multi-doc: - is
20241005 025633.964 INFO             PET3 my-multi-doc: - the
20241005 025633.964 INFO             PET3 my-multi-doc: - first document.
20241005 025633.964 INFO             PET3 my-multi-doc: ...
20241005 025633.964 INFO             PET3 my-multi-doc: ---
20241005 025633.964 INFO             PET3 my-multi-doc: - And
20241005 025633.964 INFO             PET3 my-multi-doc: - a second document.
20241005 025633.964 INFO             PET3 my-multi-doc: ...
20241005 025633.964 INFO             PET3 my-multi-doc: ---
20241005 025633.964 INFO             PET3 my-multi-doc: - And
20241005 025633.964 INFO             PET3 my-multi-doc: - finally a
20241005 025633.964 INFO             PET3 my-multi-doc: - third document.
20241005 025633.964 INFO             PET3 my-multi-doc: ...
20241005 025633.964 INFO             PET3 my-multi-doc: --- HConfig::log() end -----------------------------------
20241005 025633.965 INFO             PET3 valueI4Seq:        1       2       3
20241005 025633.965 INFO             PET3 asOkay for Logical:  F
20241005 025633.965 INFO             PET3 asOkay for String:  T
20241005 025633.965 INFO             PET3 valueSSeq: 1         2         3
20241005 025633.967 INFO             PET3  NUMBER_OF_PROCESSORS           4
20241005 025633.967 INFO             PET3  PASS  Example ESMF_HConfigEx, ESMF_HConfigEx.F90, line 2033
20241005 025633.967 INFO             PET3  Finalizing ESMF
