2024-09-19 22:47:20
20240919 233538.897 INFO             PET0 !!!!!!!!!!!!!!!!!!!!!!!!!!!!!!!!!!!!!!!!!!!!!!!!!!!!!!
20240919 233538.897 INFO             PET0 !!! THE ESMF_LOG IS SET TO OUTPUT ALL LOG MESSAGES !!!
20240919 233538.897 INFO             PET0 !!!     THIS MAY CAUSE SLOWDOWN IN PERFORMANCE     !!!
20240919 233538.897 INFO             PET0 !!! FOR PRODUCTION RUNS, USE:                      !!!
20240919 233538.897 INFO             PET0 !!!                   ESMF_LOGKIND_Multi_On_Error  !!!
20240919 233538.897 INFO             PET0 !!!!!!!!!!!!!!!!!!!!!!!!!!!!!!!!!!!!!!!!!!!!!!!!!!!!!!
20240919 233538.897 INFO             PET0 Running with ESMF Version   : v8.7.0b14-1-g2597b0a993
20240919 233538.897 INFO             PET0 ESMF library build date/time: "Sep 19 2024" "22:44:28"
20240919 233538.897 INFO             PET0 ESMF library build location : /discover/nobackup/projects/gmao/SIteam/ESMF_Testing/intel_2021.6.0_intelmpi_g_release_8.7.0/esmf
20240919 233538.897 INFO             PET0 ESMF_COMM                   : intelmpi
20240919 233538.897 INFO             PET0 ESMF_MOAB                   : enabled
20240919 233538.897 INFO             PET0 ESMF_LAPACK                 : enabled
20240919 233538.897 INFO             PET0 ESMF_NETCDF                 : disabled
20240919 233538.897 INFO             PET0 ESMF_PNETCDF                : disabled
20240919 233538.897 INFO             PET0 ESMF_PIO                    : disabled
20240919 233538.897 INFO             PET0 ESMF_YAMLCPP                : enabled
20240919 233538.899 INFO             PET0  NUMBER_OF_PROCESSORS           1
20240919 233538.899 INFO             PET0  PASS  Example ESMF_AlarmEx, ESMF_AlarmEx.F90, line 244
20240919 233538.899 INFO             PET0  Finalizing ESMF
