2024-09-26 23:19:58
20240927 000934.660 INFO             PET0 !!!!!!!!!!!!!!!!!!!!!!!!!!!!!!!!!!!!!!!!!!!!!!!!!!!!!!
20240927 000934.660 INFO             PET0 !!! THE ESMF_LOG IS SET TO OUTPUT ALL LOG MESSAGES !!!
20240927 000934.660 INFO             PET0 !!!     THIS MAY CAUSE SLOWDOWN IN PERFORMANCE     !!!
20240927 000934.660 INFO             PET0 !!! FOR PRODUCTION RUNS, USE:                      !!!
20240927 000934.660 INFO             PET0 !!!                   ESMF_LOGKIND_Multi_On_Error  !!!
20240927 000934.660 INFO             PET0 !!!!!!!!!!!!!!!!!!!!!!!!!!!!!!!!!!!!!!!!!!!!!!!!!!!!!!
20240927 000934.660 INFO             PET0 Running with ESMF Version   : v8.7.0b14-1-g2597b0a993
20240927 000934.660 INFO             PET0 ESMF library build date/time: "Sep 26 2024" "23:17:04"
20240927 000934.660 INFO             PET0 ESMF library build location : /discover/nobackup/projects/gmao/SIteam/ESMF_Testing/intel_2021.6.0_intelmpi_g_release_8.7.0/esmf
20240927 000934.661 INFO             PET0 ESMF_COMM                   : intelmpi
20240927 000934.661 INFO             PET0 ESMF_MOAB                   : enabled
20240927 000934.661 INFO             PET0 ESMF_LAPACK                 : enabled
20240927 000934.661 INFO             PET0 ESMF_NETCDF                 : disabled
20240927 000934.661 INFO             PET0 ESMF_PNETCDF                : disabled
20240927 000934.661 INFO             PET0 ESMF_PIO                    : disabled
20240927 000934.661 INFO             PET0 ESMF_YAMLCPP                : enabled
20240927 000934.662 INFO             PET0  NUMBER_OF_PROCESSORS           4
20240927 000934.662 INFO             PET0  PASS  Example ESMF_VMUserMpiCommMultiEx, ESMF_VMUserMpiCommMultiEx.F90, line 126
20240927 000934.662 INFO             PET0  Finalizing ESMF with endflag==ESMF_END_KEEPMPI
20240927 000934.660 INFO             PET0 !!!!!!!!!!!!!!!!!!!!!!!!!!!!!!!!!!!!!!!!!!!!!!!!!!!!!!
20240927 000934.660 INFO             PET0 !!! THE ESMF_LOG IS SET TO OUTPUT ALL LOG MESSAGES !!!
20240927 000934.660 INFO             PET0 !!!     THIS MAY CAUSE SLOWDOWN IN PERFORMANCE     !!!
20240927 000934.660 INFO             PET0 !!! FOR PRODUCTION RUNS, USE:                      !!!
20240927 000934.660 INFO             PET0 !!!                   ESMF_LOGKIND_Multi_On_Error  !!!
20240927 000934.660 INFO             PET0 !!!!!!!!!!!!!!!!!!!!!!!!!!!!!!!!!!!!!!!!!!!!!!!!!!!!!!
20240927 000934.660 INFO             PET0 Running with ESMF Version   : v8.7.0b14-1-g2597b0a993
20240927 000934.660 INFO             PET0 ESMF library build date/time: "Sep 26 2024" "23:17:04"
20240927 000934.660 INFO             PET0 ESMF library build location : /discover/nobackup/projects/gmao/SIteam/ESMF_Testing/intel_2021.6.0_intelmpi_g_release_8.7.0/esmf
20240927 000934.660 INFO             PET0 ESMF_COMM                   : intelmpi
20240927 000934.660 INFO             PET0 ESMF_MOAB                   : enabled
20240927 000934.660 INFO             PET0 ESMF_LAPACK                 : enabled
20240927 000934.660 INFO             PET0 ESMF_NETCDF                 : disabled
20240927 000934.660 INFO             PET0 ESMF_PNETCDF                : disabled
20240927 000934.660 INFO             PET0 ESMF_PIO                    : disabled
20240927 000934.660 INFO             PET0 ESMF_YAMLCPP                : enabled
20240927 000934.661 INFO             PET0  NUMBER_OF_PROCESSORS           4
20240927 000934.661 INFO             PET0  PASS  Example ESMF_VMUserMpiCommMultiEx, ESMF_VMUserMpiCommMultiEx.F90, line 154
20240927 000934.661 INFO             PET0  Finalizing ESMF with endflag==ESMF_END_KEEPMPI
20240927 000934.661 INFO             PET1 !!!!!!!!!!!!!!!!!!!!!!!!!!!!!!!!!!!!!!!!!!!!!!!!!!!!!!
20240927 000934.661 INFO             PET1 !!! THE ESMF_LOG IS SET TO OUTPUT ALL LOG MESSAGES !!!
20240927 000934.661 INFO             PET1 !!!     THIS MAY CAUSE SLOWDOWN IN PERFORMANCE     !!!
20240927 000934.661 INFO             PET1 !!! FOR PRODUCTION RUNS, USE:                      !!!
20240927 000934.661 INFO             PET1 !!!                   ESMF_LOGKIND_Multi_On_Error  !!!
20240927 000934.661 INFO             PET1 !!!!!!!!!!!!!!!!!!!!!!!!!!!!!!!!!!!!!!!!!!!!!!!!!!!!!!
20240927 000934.661 INFO             PET1 Running with ESMF Version   : v8.7.0b14-1-g2597b0a993
20240927 000934.661 INFO             PET1 ESMF library build date/time: "Sep 26 2024" "23:17:04"
20240927 000934.661 INFO             PET1 ESMF library build location : /discover/nobackup/projects/gmao/SIteam/ESMF_Testing/intel_2021.6.0_intelmpi_g_release_8.7.0/esmf
20240927 000934.661 INFO             PET1 ESMF_COMM                   : intelmpi
20240927 000934.661 INFO             PET1 ESMF_MOAB                   : enabled
20240927 000934.661 INFO             PET1 ESMF_LAPACK                 : enabled
20240927 000934.661 INFO             PET1 ESMF_NETCDF                 : disabled
20240927 000934.661 INFO             PET1 ESMF_PNETCDF                : disabled
20240927 000934.661 INFO             PET1 ESMF_PIO                    : disabled
20240927 000934.661 INFO             PET1 ESMF_YAMLCPP                : enabled
20240927 000934.662 INFO             PET1  NUMBER_OF_PROCESSORS           4
20240927 000934.662 INFO             PET1  PASS  Example ESMF_VMUserMpiCommMultiEx, ESMF_VMUserMpiCommMultiEx.F90, line 126
20240927 000934.662 INFO             PET1  Finalizing ESMF with endflag==ESMF_END_KEEPMPI
20240927 000934.659 INFO             PET1 !!!!!!!!!!!!!!!!!!!!!!!!!!!!!!!!!!!!!!!!!!!!!!!!!!!!!!
20240927 000934.659 INFO             PET1 !!! THE ESMF_LOG IS SET TO OUTPUT ALL LOG MESSAGES !!!
20240927 000934.659 INFO             PET1 !!!     THIS MAY CAUSE SLOWDOWN IN PERFORMANCE     !!!
20240927 000934.659 INFO             PET1 !!! FOR PRODUCTION RUNS, USE:                      !!!
20240927 000934.659 INFO             PET1 !!!                   ESMF_LOGKIND_Multi_On_Error  !!!
20240927 000934.659 INFO             PET1 !!!!!!!!!!!!!!!!!!!!!!!!!!!!!!!!!!!!!!!!!!!!!!!!!!!!!!
20240927 000934.659 INFO             PET1 Running with ESMF Version   : v8.7.0b14-1-g2597b0a993
20240927 000934.659 INFO             PET1 ESMF library build date/time: "Sep 26 2024" "23:17:04"
20240927 000934.659 INFO             PET1 ESMF library build location : /discover/nobackup/projects/gmao/SIteam/ESMF_Testing/intel_2021.6.0_intelmpi_g_release_8.7.0/esmf
20240927 000934.659 INFO             PET1 ESMF_COMM                   : intelmpi
20240927 000934.660 INFO             PET1 ESMF_MOAB                   : enabled
20240927 000934.660 INFO             PET1 ESMF_LAPACK                 : enabled
20240927 000934.660 INFO             PET1 ESMF_NETCDF                 : disabled
20240927 000934.660 INFO             PET1 ESMF_PNETCDF                : disabled
20240927 000934.660 INFO             PET1 ESMF_PIO                    : disabled
20240927 000934.660 INFO             PET1 ESMF_YAMLCPP                : enabled
20240927 000934.661 INFO             PET1  NUMBER_OF_PROCESSORS           4
20240927 000934.661 INFO             PET1  PASS  Example ESMF_VMUserMpiCommMultiEx, ESMF_VMUserMpiCommMultiEx.F90, line 154
20240927 000934.661 INFO             PET1  Finalizing ESMF with endflag==ESMF_END_KEEPMPI
