2024-09-20 22:35:18
20240920 231946.444 INFO             PET0 !!!!!!!!!!!!!!!!!!!!!!!!!!!!!!!!!!!!!!!!!!!!!!!!!!!!!!
20240920 231946.444 INFO             PET0 !!! THE ESMF_LOG IS SET TO OUTPUT ALL LOG MESSAGES !!!
20240920 231946.444 INFO             PET0 !!!     THIS MAY CAUSE SLOWDOWN IN PERFORMANCE     !!!
20240920 231946.444 INFO             PET0 !!! FOR PRODUCTION RUNS, USE:                      !!!
20240920 231946.444 INFO             PET0 !!!                   ESMF_LOGKIND_Multi_On_Error  !!!
20240920 231946.444 INFO             PET0 !!!!!!!!!!!!!!!!!!!!!!!!!!!!!!!!!!!!!!!!!!!!!!!!!!!!!!
20240920 231946.444 INFO             PET0 Running with ESMF Version   : v8.7.0b14-1-g2597b0a993
20240920 231946.444 INFO             PET0 ESMF library build date/time: "Sep 20 2024" "22:32:36"
20240920 231946.444 INFO             PET0 ESMF library build location : /discover/nobackup/projects/gmao/SIteam/ESMF_Testing/intel_2021.13.0_intelmpi_O_release_8.7.0/esmf
20240920 231946.444 INFO             PET0 ESMF_COMM                   : intelmpi
20240920 231946.445 INFO             PET0 ESMF_MOAB                   : enabled
20240920 231946.445 INFO             PET0 ESMF_LAPACK                 : enabled
20240920 231946.445 INFO             PET0 ESMF_NETCDF                 : enabled
20240920 231946.445 INFO             PET0 ESMF_PNETCDF                : disabled
20240920 231946.445 INFO             PET0 ESMF_PIO                    : enabled
20240920 231946.445 INFO             PET0 ESMF_YAMLCPP                : enabled
20240920 231946.445 INFO             PET0  NUMBER_OF_PROCESSORS           1
20240920 231946.445 INFO             PET0  PASS  Example ESMF_TimeIntervalEx, ESMF_TimeIntervalEx.F90, line 176
20240920 231946.445 INFO             PET0  Finalizing ESMF
