2024-09-20 22:35:18
20240920 232359.240 INFO             PET0 !!!!!!!!!!!!!!!!!!!!!!!!!!!!!!!!!!!!!!!!!!!!!!!!!!!!!!
20240920 232359.240 INFO             PET0 !!! THE ESMF_LOG IS SET TO OUTPUT ALL LOG MESSAGES !!!
20240920 232359.240 INFO             PET0 !!!     THIS MAY CAUSE SLOWDOWN IN PERFORMANCE     !!!
20240920 232359.240 INFO             PET0 !!! FOR PRODUCTION RUNS, USE:                      !!!
20240920 232359.240 INFO             PET0 !!!                   ESMF_LOGKIND_Multi_On_Error  !!!
20240920 232359.240 INFO             PET0 !!!!!!!!!!!!!!!!!!!!!!!!!!!!!!!!!!!!!!!!!!!!!!!!!!!!!!
20240920 232359.240 INFO             PET0 Running with ESMF Version   : v8.7.0b14-1-g2597b0a993
20240920 232359.240 INFO             PET0 ESMF library build date/time: "Sep 20 2024" "22:32:36"
20240920 232359.240 INFO             PET0 ESMF library build location : /discover/nobackup/projects/gmao/SIteam/ESMF_Testing/intel_2021.13.0_intelmpi_O_release_8.7.0/esmf
20240920 232359.240 INFO             PET0 ESMF_COMM                   : intelmpi
20240920 232359.241 INFO             PET0 ESMF_MOAB                   : enabled
20240920 232359.241 INFO             PET0 ESMF_LAPACK                 : enabled
20240920 232359.241 INFO             PET0 ESMF_NETCDF                 : enabled
20240920 232359.241 INFO             PET0 ESMF_PNETCDF                : disabled
20240920 232359.241 INFO             PET0 ESMF_PIO                    : enabled
20240920 232359.241 INFO             PET0 ESMF_YAMLCPP                : enabled
20240920 232359.282 DEBUG            PET0 about to destroy Grid: 0x30a5170
20240920 232359.285 DEBUG            PET0 about to destroy Grid: 0x30a63d0
20240920 232359.296 INFO             PET0  NUMBER_OF_PROCESSORS           4
20240920 232359.296 INFO             PET0  PASS  Example ESMF_NUOPCAtmModelEx, ESMF_NUOPCAtmModelEx.F90, line 806
20240920 232359.296 INFO             PET0  Finalizing ESMF
20240920 232359.241 INFO             PET1 !!!!!!!!!!!!!!!!!!!!!!!!!!!!!!!!!!!!!!!!!!!!!!!!!!!!!!
20240920 232359.241 INFO             PET1 !!! THE ESMF_LOG IS SET TO OUTPUT ALL LOG MESSAGES !!!
20240920 232359.241 INFO             PET1 !!!     THIS MAY CAUSE SLOWDOWN IN PERFORMANCE     !!!
20240920 232359.241 INFO             PET1 !!! FOR PRODUCTION RUNS, USE:                      !!!
20240920 232359.241 INFO             PET1 !!!                   ESMF_LOGKIND_Multi_On_Error  !!!
20240920 232359.241 INFO             PET1 !!!!!!!!!!!!!!!!!!!!!!!!!!!!!!!!!!!!!!!!!!!!!!!!!!!!!!
20240920 232359.241 INFO             PET1 Running with ESMF Version   : v8.7.0b14-1-g2597b0a993
20240920 232359.241 INFO             PET1 ESMF library build date/time: "Sep 20 2024" "22:32:36"
20240920 232359.241 INFO             PET1 ESMF library build location : /discover/nobackup/projects/gmao/SIteam/ESMF_Testing/intel_2021.13.0_intelmpi_O_release_8.7.0/esmf
20240920 232359.241 INFO             PET1 ESMF_COMM                   : intelmpi
20240920 232359.241 INFO             PET1 ESMF_MOAB                   : enabled
20240920 232359.241 INFO             PET1 ESMF_LAPACK                 : enabled
20240920 232359.241 INFO             PET1 ESMF_NETCDF                 : enabled
20240920 232359.241 INFO             PET1 ESMF_PNETCDF                : disabled
20240920 232359.241 INFO             PET1 ESMF_PIO                    : enabled
20240920 232359.241 INFO             PET1 ESMF_YAMLCPP                : enabled
20240920 232359.282 DEBUG            PET1 about to destroy Grid: 0x1c7a130
20240920 232359.285 DEBUG            PET1 about to destroy Grid: 0x1c7ae50
20240920 232359.296 INFO             PET1  NUMBER_OF_PROCESSORS           4
20240920 232359.296 INFO             PET1  PASS  Example ESMF_NUOPCAtmModelEx, ESMF_NUOPCAtmModelEx.F90, line 806
20240920 232359.296 INFO             PET1  Finalizing ESMF
20240920 232359.240 INFO             PET2 !!!!!!!!!!!!!!!!!!!!!!!!!!!!!!!!!!!!!!!!!!!!!!!!!!!!!!
20240920 232359.241 INFO             PET2 !!! THE ESMF_LOG IS SET TO OUTPUT ALL LOG MESSAGES !!!
20240920 232359.241 INFO             PET2 !!!     THIS MAY CAUSE SLOWDOWN IN PERFORMANCE     !!!
20240920 232359.241 INFO             PET2 !!! FOR PRODUCTION RUNS, USE:                      !!!
20240920 232359.241 INFO             PET2 !!!                   ESMF_LOGKIND_Multi_On_Error  !!!
20240920 232359.241 INFO             PET2 !!!!!!!!!!!!!!!!!!!!!!!!!!!!!!!!!!!!!!!!!!!!!!!!!!!!!!
20240920 232359.241 INFO             PET2 Running with ESMF Version   : v8.7.0b14-1-g2597b0a993
20240920 232359.241 INFO             PET2 ESMF library build date/time: "Sep 20 2024" "22:32:36"
20240920 232359.241 INFO             PET2 ESMF library build location : /discover/nobackup/projects/gmao/SIteam/ESMF_Testing/intel_2021.13.0_intelmpi_O_release_8.7.0/esmf
20240920 232359.241 INFO             PET2 ESMF_COMM                   : intelmpi
20240920 232359.241 INFO             PET2 ESMF_MOAB                   : enabled
20240920 232359.241 INFO             PET2 ESMF_LAPACK                 : enabled
20240920 232359.241 INFO             PET2 ESMF_NETCDF                 : enabled
20240920 232359.241 INFO             PET2 ESMF_PNETCDF                : disabled
20240920 232359.241 INFO             PET2 ESMF_PIO                    : enabled
20240920 232359.241 INFO             PET2 ESMF_YAMLCPP                : enabled
20240920 232359.282 DEBUG            PET2 about to destroy Grid: 0x24c3230
20240920 232359.285 DEBUG            PET2 about to destroy Grid: 0x24c3f50
20240920 232359.296 INFO             PET2  NUMBER_OF_PROCESSORS           4
20240920 232359.296 INFO             PET2  PASS  Example ESMF_NUOPCAtmModelEx, ESMF_NUOPCAtmModelEx.F90, line 806
20240920 232359.296 INFO             PET2  Finalizing ESMF
20240920 232359.241 INFO             PET3 !!!!!!!!!!!!!!!!!!!!!!!!!!!!!!!!!!!!!!!!!!!!!!!!!!!!!!
20240920 232359.241 INFO             PET3 !!! THE ESMF_LOG IS SET TO OUTPUT ALL LOG MESSAGES !!!
20240920 232359.241 INFO             PET3 !!!     THIS MAY CAUSE SLOWDOWN IN PERFORMANCE     !!!
20240920 232359.241 INFO             PET3 !!! FOR PRODUCTION RUNS, USE:                      !!!
20240920 232359.241 INFO             PET3 !!!                   ESMF_LOGKIND_Multi_On_Error  !!!
20240920 232359.241 INFO             PET3 !!!!!!!!!!!!!!!!!!!!!!!!!!!!!!!!!!!!!!!!!!!!!!!!!!!!!!
20240920 232359.241 INFO             PET3 Running with ESMF Version   : v8.7.0b14-1-g2597b0a993
20240920 232359.241 INFO             PET3 ESMF library build date/time: "Sep 20 2024" "22:32:36"
20240920 232359.241 INFO             PET3 ESMF library build location : /discover/nobackup/projects/gmao/SIteam/ESMF_Testing/intel_2021.13.0_intelmpi_O_release_8.7.0/esmf
20240920 232359.241 INFO             PET3 ESMF_COMM                   : intelmpi
20240920 232359.241 INFO             PET3 ESMF_MOAB                   : enabled
20240920 232359.241 INFO             PET3 ESMF_LAPACK                 : enabled
20240920 232359.241 INFO             PET3 ESMF_NETCDF                 : enabled
20240920 232359.241 INFO             PET3 ESMF_PNETCDF                : disabled
20240920 232359.241 INFO             PET3 ESMF_PIO                    : enabled
20240920 232359.241 INFO             PET3 ESMF_YAMLCPP                : enabled
20240920 232359.282 DEBUG            PET3 about to destroy Grid: 0x2b3de20
20240920 232359.285 DEBUG            PET3 about to destroy Grid: 0x2b3f330
20240920 232359.296 INFO             PET3  NUMBER_OF_PROCESSORS           4
20240920 232359.296 INFO             PET3  PASS  Example ESMF_NUOPCAtmModelEx, ESMF_NUOPCAtmModelEx.F90, line 806
20240920 232359.296 INFO             PET3  Finalizing ESMF
