2024-08-08 02:09:27
20240808 024144.670 INFO             PET0 !!!!!!!!!!!!!!!!!!!!!!!!!!!!!!!!!!!!!!!!!!!!!!!!!!!!!!
20240808 024144.670 INFO             PET0 !!! THE ESMF_LOG IS SET TO OUTPUT ALL LOG MESSAGES !!!
20240808 024144.670 INFO             PET0 !!!     THIS MAY CAUSE SLOWDOWN IN PERFORMANCE     !!!
20240808 024144.670 INFO             PET0 !!! FOR PRODUCTION RUNS, USE:                      !!!
20240808 024144.670 INFO             PET0 !!!                   ESMF_LOGKIND_Multi_On_Error  !!!
20240808 024144.670 INFO             PET0 !!!!!!!!!!!!!!!!!!!!!!!!!!!!!!!!!!!!!!!!!!!!!!!!!!!!!!
20240808 024144.670 INFO             PET0 Running with ESMF Version   : v8.7.0b11
20240808 024144.670 INFO             PET0 ESMF library build date/time: "Aug  8 2024" "02:07:03"
20240808 024144.670 INFO             PET0 ESMF library build location : /scratch/cluster/theurich/ESMF-Nightly-Testing/intel_20.0.1_mpiuni_O_develop/esmf
20240808 024144.670 INFO             PET0 ESMF_COMM                   : mpiuni
20240808 024144.673 INFO             PET0 ESMF_MOAB                   : enabled
20240808 024144.673 INFO             PET0 ESMF_LAPACK                 : enabled
20240808 024144.673 INFO             PET0 ESMF_NETCDF                 : enabled
20240808 024144.673 INFO             PET0 ESMF_PNETCDF                : disabled
20240808 024144.673 INFO             PET0 ESMF_PIO                    : enabled
20240808 024144.673 INFO             PET0 ESMF_YAMLCPP                : enabled
20240808 024144.676 INFO             PET0  NUMBER_OF_PROCESSORS           1
20240808 024144.676 INFO             PET0  PASS  Example ESMF_InternalStateEx, ESMF_InternalStateEx.F90, line 132
20240808 024144.676 INFO             PET0  Finalizing ESMF
