2024-10-06 02:40:46
20241006 035223.726 INFO             PET0 !!!!!!!!!!!!!!!!!!!!!!!!!!!!!!!!!!!!!!!!!!!!!!!!!!!!!!
20241006 035223.726 INFO             PET0 !!! THE ESMF_LOG IS SET TO OUTPUT ALL LOG MESSAGES !!!
20241006 035223.726 INFO             PET0 !!!     THIS MAY CAUSE SLOWDOWN IN PERFORMANCE     !!!
20241006 035223.726 INFO             PET0 !!! FOR PRODUCTION RUNS, USE:                      !!!
20241006 035223.726 INFO             PET0 !!!                   ESMF_LOGKIND_Multi_On_Error  !!!
20241006 035223.726 INFO             PET0 !!!!!!!!!!!!!!!!!!!!!!!!!!!!!!!!!!!!!!!!!!!!!!!!!!!!!!
20241006 035223.726 INFO             PET0 Running with ESMF Version   : v8.7.0
20241006 035223.726 INFO             PET0 ESMF library build date/time: "Oct  6 2024" "02:36:53"
20241006 035223.726 INFO             PET0 ESMF library build location : /work/noaa/da/mpotts/sandbox/intel_2020.2.1_intelmpi_g_v8.7.0/esmf
20241006 035223.726 INFO             PET0 ESMF_COMM                   : intelmpi
20241006 035223.727 INFO             PET0 ESMF_MOAB                   : enabled
20241006 035223.727 INFO             PET0 ESMF_LAPACK                 : enabled
20241006 035223.727 INFO             PET0 ESMF_NETCDF                 : enabled
20241006 035223.727 INFO             PET0 ESMF_PNETCDF                : disabled
20241006 035223.727 INFO             PET0 ESMF_PIO                    : enabled
20241006 035223.727 INFO             PET0 ESMF_YAMLCPP                : enabled
20241006 035224.017 DEBUG            PET0 about to destroy Grid: 0x14b1930
20241006 035224.063 DEBUG            PET0 about to destroy Grid: 0x14b2ee0
20241006 035224.181 INFO             PET0  NUMBER_OF_PROCESSORS           4
20241006 035224.181 INFO             PET0  PASS  Example ESMF_NUOPCAtmModelEx, ESMF_NUOPCAtmModelEx.F90, line 806
20241006 035224.181 INFO             PET0  Finalizing ESMF
20241006 035223.726 INFO             PET1 !!!!!!!!!!!!!!!!!!!!!!!!!!!!!!!!!!!!!!!!!!!!!!!!!!!!!!
20241006 035223.727 INFO             PET1 !!! THE ESMF_LOG IS SET TO OUTPUT ALL LOG MESSAGES !!!
20241006 035223.727 INFO             PET1 !!!     THIS MAY CAUSE SLOWDOWN IN PERFORMANCE     !!!
20241006 035223.727 INFO             PET1 !!! FOR PRODUCTION RUNS, USE:                      !!!
20241006 035223.727 INFO             PET1 !!!                   ESMF_LOGKIND_Multi_On_Error  !!!
20241006 035223.727 INFO             PET1 !!!!!!!!!!!!!!!!!!!!!!!!!!!!!!!!!!!!!!!!!!!!!!!!!!!!!!
20241006 035223.727 INFO             PET1 Running with ESMF Version   : v8.7.0
20241006 035223.727 INFO             PET1 ESMF library build date/time: "Oct  6 2024" "02:36:53"
20241006 035223.727 INFO             PET1 ESMF library build location : /work/noaa/da/mpotts/sandbox/intel_2020.2.1_intelmpi_g_v8.7.0/esmf
20241006 035223.727 INFO             PET1 ESMF_COMM                   : intelmpi
20241006 035223.727 INFO             PET1 ESMF_MOAB                   : enabled
20241006 035223.727 INFO             PET1 ESMF_LAPACK                 : enabled
20241006 035223.727 INFO             PET1 ESMF_NETCDF                 : enabled
20241006 035223.727 INFO             PET1 ESMF_PNETCDF                : disabled
20241006 035223.727 INFO             PET1 ESMF_PIO                    : enabled
20241006 035223.727 INFO             PET1 ESMF_YAMLCPP                : enabled
20241006 035224.017 DEBUG            PET1 about to destroy Grid: 0xd48140
20241006 035224.063 DEBUG            PET1 about to destroy Grid: 0xd493d0
20241006 035224.184 INFO             PET1  NUMBER_OF_PROCESSORS           4
20241006 035224.184 INFO             PET1  PASS  Example ESMF_NUOPCAtmModelEx, ESMF_NUOPCAtmModelEx.F90, line 806
20241006 035224.184 INFO             PET1  Finalizing ESMF
20241006 035223.726 INFO             PET2 !!!!!!!!!!!!!!!!!!!!!!!!!!!!!!!!!!!!!!!!!!!!!!!!!!!!!!
20241006 035223.726 INFO             PET2 !!! THE ESMF_LOG IS SET TO OUTPUT ALL LOG MESSAGES !!!
20241006 035223.726 INFO             PET2 !!!     THIS MAY CAUSE SLOWDOWN IN PERFORMANCE     !!!
20241006 035223.726 INFO             PET2 !!! FOR PRODUCTION RUNS, USE:                      !!!
20241006 035223.726 INFO             PET2 !!!                   ESMF_LOGKIND_Multi_On_Error  !!!
20241006 035223.726 INFO             PET2 !!!!!!!!!!!!!!!!!!!!!!!!!!!!!!!!!!!!!!!!!!!!!!!!!!!!!!
20241006 035223.726 INFO             PET2 Running with ESMF Version   : v8.7.0
20241006 035223.726 INFO             PET2 ESMF library build date/time: "Oct  6 2024" "02:36:53"
20241006 035223.726 INFO             PET2 ESMF library build location : /work/noaa/da/mpotts/sandbox/intel_2020.2.1_intelmpi_g_v8.7.0/esmf
20241006 035223.726 INFO             PET2 ESMF_COMM                   : intelmpi
20241006 035223.726 INFO             PET2 ESMF_MOAB                   : enabled
20241006 035223.726 INFO             PET2 ESMF_LAPACK                 : enabled
20241006 035223.726 INFO             PET2 ESMF_NETCDF                 : enabled
20241006 035223.726 INFO             PET2 ESMF_PNETCDF                : disabled
20241006 035223.726 INFO             PET2 ESMF_PIO                    : enabled
20241006 035223.726 INFO             PET2 ESMF_YAMLCPP                : enabled
20241006 035224.017 DEBUG            PET2 about to destroy Grid: 0x1ec5660
20241006 035224.063 DEBUG            PET2 about to destroy Grid: 0x1ec68f0
20241006 035224.181 INFO             PET2  NUMBER_OF_PROCESSORS           4
20241006 035224.181 INFO             PET2  PASS  Example ESMF_NUOPCAtmModelEx, ESMF_NUOPCAtmModelEx.F90, line 806
20241006 035224.181 INFO             PET2  Finalizing ESMF
20241006 035223.726 INFO             PET3 !!!!!!!!!!!!!!!!!!!!!!!!!!!!!!!!!!!!!!!!!!!!!!!!!!!!!!
20241006 035223.726 INFO             PET3 !!! THE ESMF_LOG IS SET TO OUTPUT ALL LOG MESSAGES !!!
20241006 035223.726 INFO             PET3 !!!     THIS MAY CAUSE SLOWDOWN IN PERFORMANCE     !!!
20241006 035223.726 INFO             PET3 !!! FOR PRODUCTION RUNS, USE:                      !!!
20241006 035223.726 INFO             PET3 !!!                   ESMF_LOGKIND_Multi_On_Error  !!!
20241006 035223.726 INFO             PET3 !!!!!!!!!!!!!!!!!!!!!!!!!!!!!!!!!!!!!!!!!!!!!!!!!!!!!!
20241006 035223.726 INFO             PET3 Running with ESMF Version   : v8.7.0
20241006 035223.727 INFO             PET3 ESMF library build date/time: "Oct  6 2024" "02:36:53"
20241006 035223.727 INFO             PET3 ESMF library build location : /work/noaa/da/mpotts/sandbox/intel_2020.2.1_intelmpi_g_v8.7.0/esmf
20241006 035223.727 INFO             PET3 ESMF_COMM                   : intelmpi
20241006 035223.727 INFO             PET3 ESMF_MOAB                   : enabled
20241006 035223.727 INFO             PET3 ESMF_LAPACK                 : enabled
20241006 035223.727 INFO             PET3 ESMF_NETCDF                 : enabled
20241006 035223.727 INFO             PET3 ESMF_PNETCDF                : disabled
20241006 035223.727 INFO             PET3 ESMF_PIO                    : enabled
20241006 035223.727 INFO             PET3 ESMF_YAMLCPP                : enabled
20241006 035224.017 DEBUG            PET3 about to destroy Grid: 0x22534f0
20241006 035224.063 DEBUG            PET3 about to destroy Grid: 0x2254750
20241006 035224.181 INFO             PET3  NUMBER_OF_PROCESSORS           4
20241006 035224.181 INFO             PET3  PASS  Example ESMF_NUOPCAtmModelEx, ESMF_NUOPCAtmModelEx.F90, line 806
20241006 035224.181 INFO             PET3  Finalizing ESMF
