2024-09-23 04:29:33
20240923 045141.371 INFO             PET0 !!!!!!!!!!!!!!!!!!!!!!!!!!!!!!!!!!!!!!!!!!!!!!!!!!!!!!
20240923 045141.371 INFO             PET0 !!! THE ESMF_LOG IS SET TO OUTPUT ALL LOG MESSAGES !!!
20240923 045141.371 INFO             PET0 !!!     THIS MAY CAUSE SLOWDOWN IN PERFORMANCE     !!!
20240923 045141.371 INFO             PET0 !!! FOR PRODUCTION RUNS, USE:                      !!!
20240923 045141.371 INFO             PET0 !!!                   ESMF_LOGKIND_Multi_On_Error  !!!
20240923 045141.371 INFO             PET0 !!!!!!!!!!!!!!!!!!!!!!!!!!!!!!!!!!!!!!!!!!!!!!!!!!!!!!
20240923 045141.371 INFO             PET0 Running with ESMF Version   : v8.7.0b14-1-g2597b0a993
20240923 045141.371 INFO             PET0 ESMF library build date/time: "Sep 23 2024" "04:28:32"
20240923 045141.371 INFO             PET0 ESMF library build location : /tmp/intel_2023.1.0-classic_mpiuni_g_release_8.7.0/esmf
20240923 045141.371 INFO             PET0 ESMF_COMM                   : mpiuni
20240923 045141.371 INFO             PET0 ESMF_MOAB                   : enabled
20240923 045141.371 INFO             PET0 ESMF_LAPACK                 : enabled
20240923 045141.371 INFO             PET0 ESMF_NETCDF                 : enabled
20240923 045141.371 INFO             PET0 ESMF_PNETCDF                : disabled
20240923 045141.371 INFO             PET0 ESMF_PIO                    : enabled
20240923 045141.371 INFO             PET0 ESMF_YAMLCPP                : enabled
20240923 045141.806 INFO             PET0  NUMBER_OF_PROCESSORS           1
20240923 045141.806 INFO             PET0  PASS  Example ESMF_GridUsageEx, ESMF_GridUsageEx.F90, line 3470
20240923 045141.806 INFO             PET0  Finalizing ESMF
