2024-09-30 04:07:52
20240930 043010.815 INFO             PET0 !!!!!!!!!!!!!!!!!!!!!!!!!!!!!!!!!!!!!!!!!!!!!!!!!!!!!!
20240930 043010.815 INFO             PET0 !!! THE ESMF_LOG IS SET TO OUTPUT ALL LOG MESSAGES !!!
20240930 043010.815 INFO             PET0 !!!     THIS MAY CAUSE SLOWDOWN IN PERFORMANCE     !!!
20240930 043010.815 INFO             PET0 !!! FOR PRODUCTION RUNS, USE:                      !!!
20240930 043010.815 INFO             PET0 !!!                   ESMF_LOGKIND_Multi_On_Error  !!!
20240930 043010.815 INFO             PET0 !!!!!!!!!!!!!!!!!!!!!!!!!!!!!!!!!!!!!!!!!!!!!!!!!!!!!!
20240930 043010.815 INFO             PET0 Running with ESMF Version   : v8.7.0b14-1-g2597b0a993
20240930 043010.815 INFO             PET0 ESMF library build date/time: "Sep 30 2024" "04:06:49"
20240930 043010.815 INFO             PET0 ESMF library build location : /tmp/intel_2023.1.0-classic_mpiuni_g_release_8.7.0/esmf
20240930 043010.815 INFO             PET0 ESMF_COMM                   : mpiuni
20240930 043010.815 INFO             PET0 ESMF_MOAB                   : enabled
20240930 043010.815 INFO             PET0 ESMF_LAPACK                 : enabled
20240930 043010.815 INFO             PET0 ESMF_NETCDF                 : enabled
20240930 043010.815 INFO             PET0 ESMF_PNETCDF                : disabled
20240930 043010.815 INFO             PET0 ESMF_PIO                    : enabled
20240930 043010.815 INFO             PET0 ESMF_YAMLCPP                : enabled
20240930 043010.847 DEBUG            PET0 about to destroy Grid: 0x628af0
20240930 043010.851 DEBUG            PET0 about to destroy Grid: 0x6299c0
20240930 043010.864 INFO             PET0  NUMBER_OF_PROCESSORS           1
20240930 043010.864 INFO             PET0  PASS  Example ESMF_NUOPCAtmModelEx, ESMF_NUOPCAtmModelEx.F90, line 806
20240930 043010.864 INFO             PET0  Finalizing ESMF
