 
Installing ESMF:
 
mkdir -p /work/noaa/da/mpotts/sandbox/gfortran_12.2.0_openmpi_O_develop/esmf/DEFAULTINSTALLDIR/include
cp -f /work/noaa/da/mpotts/sandbox/gfortran_12.2.0_openmpi_O_develop/esmf/src/include/NUOPC.h /work/noaa/da/mpotts/sandbox/gfortran_12.2.0_openmpi_O_develop/esmf/DEFAULTINSTALLDIR/include
cp -f /work/noaa/da/mpotts/sandbox/gfortran_12.2.0_openmpi_O_develop/esmf/src/include/ESMC.h /work/noaa/da/mpotts/sandbox/gfortran_12.2.0_openmpi_O_develop/esmf/DEFAULTINSTALLDIR/include
cp -f /work/noaa/da/mpotts/sandbox/gfortran_12.2.0_openmpi_O_develop/esmf/src/include/ESMC_*.h /work/noaa/da/mpotts/sandbox/gfortran_12.2.0_openmpi_O_develop/esmf/DEFAULTINSTALLDIR/include
cp -f /work/noaa/da/mpotts/sandbox/gfortran_12.2.0_openmpi_O_develop/esmf/build_config/Linux.gfortran.default/ESMC_Conf.h /work/noaa/da/mpotts/sandbox/gfortran_12.2.0_openmpi_O_develop/esmf/DEFAULTINSTALLDIR/include
cp -fr /work/noaa/da/mpotts/sandbox/gfortran_12.2.0_openmpi_O_develop/esmf/src/addon/ESMX /work/noaa/da/mpotts/sandbox/gfortran_12.2.0_openmpi_O_develop/esmf/DEFAULTINSTALLDIR/include
mkdir -p /work/noaa/da/mpotts/sandbox/gfortran_12.2.0_openmpi_O_develop/esmf/DEFAULTINSTALLDIR/cmake
cp -f /work/noaa/da/mpotts/sandbox/gfortran_12.2.0_openmpi_O_develop/esmf/cmake/*.cmake /work/noaa/da/mpotts/sandbox/gfortran_12.2.0_openmpi_O_develop/esmf/DEFAULTINSTALLDIR/cmake
mkdir -p /work/noaa/da/mpotts/sandbox/gfortran_12.2.0_openmpi_O_develop/esmf/DEFAULTINSTALLDIR/mod/modO/Linux.gfortran.64.openmpi.default
cp -f /work/noaa/da/mpotts/sandbox/gfortran_12.2.0_openmpi_O_develop/esmf/mod/modO/Linux.gfortran.64.openmpi.default/*.mod /work/noaa/da/mpotts/sandbox/gfortran_12.2.0_openmpi_O_develop/esmf/DEFAULTINSTALLDIR/mod/modO/Linux.gfortran.64.openmpi.default
mkdir -p /work/noaa/da/mpotts/sandbox/gfortran_12.2.0_openmpi_O_develop/esmf/DEFAULTINSTALLDIR/lib/libO/Linux.gfortran.64.openmpi.default
cp -f /work/noaa/da/mpotts/sandbox/gfortran_12.2.0_openmpi_O_develop/esmf/lib/libO/Linux.gfortran.64.openmpi.default/libesmf*.* /work/noaa/da/mpotts/sandbox/gfortran_12.2.0_openmpi_O_develop/esmf/DEFAULTINSTALLDIR/lib/libO/Linux.gfortran.64.openmpi.default
make ESMF_PRELOADDIR=/work/noaa/da/mpotts/sandbox/gfortran_12.2.0_openmpi_O_develop/esmf/DEFAULTINSTALLDIR/lib/libO/Linux.gfortran.64.openmpi.default build_preload_script
make[1]: Entering directory '/work/noaa/da/mpotts/sandbox/gfortran_12.2.0_openmpi_O_develop/esmf'
chmod 755 /work/noaa/da/mpotts/sandbox/gfortran_12.2.0_openmpi_O_develop/esmf/DEFAULTINSTALLDIR/lib/libO/Linux.gfortran.64.openmpi.default/preload.sh
make[1]: Leaving directory '/work/noaa/da/mpotts/sandbox/gfortran_12.2.0_openmpi_O_develop/esmf'
ranlib /work/noaa/da/mpotts/sandbox/gfortran_12.2.0_openmpi_O_develop/esmf/DEFAULTINSTALLDIR/lib/libO/Linux.gfortran.64.openmpi.default/libesmf*.a
make install_apps
make[1]: Entering directory '/work/noaa/da/mpotts/sandbox/gfortran_12.2.0_openmpi_O_develop/esmf'
mkdir -p /work/noaa/da/mpotts/sandbox/gfortran_12.2.0_openmpi_O_develop/esmf/DEFAULTINSTALLDIR/bin/binO/Linux.gfortran.64.openmpi.default
make build_apps ESMF_APPSDIR=/work/noaa/da/mpotts/sandbox/gfortran_12.2.0_openmpi_O_develop/esmf/DEFAULTINSTALLDIR/bin/binO/Linux.gfortran.64.openmpi.default ESMF_LDIR=/work/noaa/da/mpotts/sandbox/gfortran_12.2.0_openmpi_O_develop/esmf/DEFAULTINSTALLDIR/lib/libO/Linux.gfortran.64.openmpi.default ESMF_LIBDIR=/work/noaa/da/mpotts/sandbox/gfortran_12.2.0_openmpi_O_develop/esmf/DEFAULTINSTALLDIR/lib/libO/Linux.gfortran.64.openmpi.default ESMF_MODDIR=/work/noaa/da/mpotts/sandbox/gfortran_12.2.0_openmpi_O_develop/esmf/DEFAULTINSTALLDIR/mod/modO/Linux.gfortran.64.openmpi.default
make[2]: Entering directory '/work/noaa/da/mpotts/sandbox/gfortran_12.2.0_openmpi_O_develop/esmf'
cd /work/noaa/da/mpotts/sandbox/gfortran_12.2.0_openmpi_O_develop/esmf/src/apps; make ACTION=tree_build_apps tree
make[3]: Entering directory '/work/noaa/da/mpotts/sandbox/gfortran_12.2.0_openmpi_O_develop/esmf/src/apps'
tree_build_apps in: /work/noaa/da/mpotts/sandbox/gfortran_12.2.0_openmpi_O_develop/esmf/src/apps/ESMF_PrintInfo
make[4]: Entering directory '/work/noaa/da/mpotts/sandbox/gfortran_12.2.0_openmpi_O_develop/esmf/src/apps/ESMF_PrintInfo'
make chkdir_locobj
make[5]: Entering directory '/work/noaa/da/mpotts/sandbox/gfortran_12.2.0_openmpi_O_develop/esmf/src/apps/ESMF_PrintInfo'
Making directory /work/noaa/da/mpotts/sandbox/gfortran_12.2.0_openmpi_O_develop/esmf/obj/objO/Linux.gfortran.64.openmpi.default/src/apps/ESMF_PrintInfo for apps output
make[5]: Leaving directory '/work/noaa/da/mpotts/sandbox/gfortran_12.2.0_openmpi_O_develop/esmf/src/apps/ESMF_PrintInfo'
mpifort -c -O -fPIC -m64 -mcmodel=small -pthread -ffree-line-length-none -fopenmp -I/work/noaa/da/mpotts/sandbox/gfortran_12.2.0_openmpi_O_develop/esmf/src/apps/ESMF_PrintInfo -I/work/noaa/da/mpotts/sandbox/gfortran_12.2.0_openmpi_O_develop/esmf/build_config/Linux.gfortran.default -I/work/noaa/da/mpotts/sandbox/gfortran_12.2.0_openmpi_O_develop/esmf/src/Infrastructure -I/work/noaa/da/mpotts/sandbox/gfortran_12.2.0_openmpi_O_develop/esmf/src/Superstructure -I/work/noaa/da/mpotts/sandbox/gfortran_12.2.0_openmpi_O_develop/esmf/DEFAULTINSTALLDIR/mod/modO/Linux.gfortran.64.openmpi.default -I/work/noaa/da/mpotts/sandbox/gfortran_12.2.0_openmpi_O_develop/esmf/src/include   -DESMF_NO_INTEGER_1_BYTE -DESMF_NO_INTEGER_2_BYTE -DESMF_VERSION_STRING_GIT='"v8.7.0b13-12-g9379ba6a7e"' -DESMF_LOWERCASE_SINGLEUNDERSCORE -DESMF_MOAB=1 -DESMF_LAPACK=1 -DESMF_LAPACK_INTERNAL=1 -DESMF_NO_ACC_SOFTWARE_STACK=1 -DESMF_YAMLCPP=1 -DESMF_YAML=1 -DESMF_NO_OPENACC -DESMF_TESTEXHAUSTIVE -DESMF_BOPT_O -DESMF_TESTPERFORMANCE -DESMF_TESTCOMPTUNNEL -DESMF_TESTWITHTHREADS -DSx86_64_small=1 -DESMF_OS_Linux=1 -DESMF_COMM=openmpi -DESMF_DIR=/work/noaa/da/mpotts/sandbox/gfortran_12.2.0_openmpi_O_develop/esmf ESMF_PrintInfo.F90 -o /work/noaa/da/mpotts/sandbox/gfortran_12.2.0_openmpi_O_develop/esmf/obj/objO/Linux.gfortran.64.openmpi.default/src/apps/ESMF_PrintInfo/ESMF_PrintInfo.o
make chkdir_apps
make[5]: Entering directory '/work/noaa/da/mpotts/sandbox/gfortran_12.2.0_openmpi_O_develop/esmf/src/apps/ESMF_PrintInfo'
make[5]: Leaving directory '/work/noaa/da/mpotts/sandbox/gfortran_12.2.0_openmpi_O_develop/esmf/src/apps/ESMF_PrintInfo'
mpifort   -m64 -mcmodel=small -pthread -Wl,--no-as-needed -fopenmp -L/work/noaa/da/mpotts/sandbox/gfortran_12.2.0_openmpi_O_develop/esmf/DEFAULTINSTALLDIR/lib/libO/Linux.gfortran.64.openmpi.default  -L/apps/spack-managed/gcc-11.3.1/gcc-12.2.0-xy5rpremb5ln7puuq7it42fiqqhmvfe3/lib/gcc/x86_64-pc-linux-gnu/12.2.0/../../../../lib64/ -Wl,-rpath,/work/noaa/da/mpotts/sandbox/gfortran_12.2.0_openmpi_O_develop/esmf/DEFAULTINSTALLDIR/lib/libO/Linux.gfortran.64.openmpi.default  -Wl,-rpath,/apps/spack-managed/gcc-11.3.1/gcc-12.2.0-xy5rpremb5ln7puuq7it42fiqqhmvfe3/lib/gcc/x86_64-pc-linux-gnu/12.2.0/../../../../lib64/ -o /work/noaa/da/mpotts/sandbox/gfortran_12.2.0_openmpi_O_develop/esmf/DEFAULTINSTALLDIR/bin/binO/Linux.gfortran.64.openmpi.default/ESMF_PrintInfo /work/noaa/da/mpotts/sandbox/gfortran_12.2.0_openmpi_O_develop/esmf/obj/objO/Linux.gfortran.64.openmpi.default/src/apps/ESMF_PrintInfo/ESMF_PrintInfo.o -lesmf  -lrt -lstdc++ -ldl
make[4]: Leaving directory '/work/noaa/da/mpotts/sandbox/gfortran_12.2.0_openmpi_O_develop/esmf/src/apps/ESMF_PrintInfo'
tree_build_apps in: /work/noaa/da/mpotts/sandbox/gfortran_12.2.0_openmpi_O_develop/esmf/src/apps/ESMF_PrintInfoC
make[4]: Entering directory '/work/noaa/da/mpotts/sandbox/gfortran_12.2.0_openmpi_O_develop/esmf/src/apps/ESMF_PrintInfoC'
make chkdir_locobj
make[5]: Entering directory '/work/noaa/da/mpotts/sandbox/gfortran_12.2.0_openmpi_O_develop/esmf/src/apps/ESMF_PrintInfoC'
Making directory /work/noaa/da/mpotts/sandbox/gfortran_12.2.0_openmpi_O_develop/esmf/obj/objO/Linux.gfortran.64.openmpi.default/src/apps/ESMF_PrintInfoC for apps output
make[5]: Leaving directory '/work/noaa/da/mpotts/sandbox/gfortran_12.2.0_openmpi_O_develop/esmf/src/apps/ESMF_PrintInfoC'
mpicc -c -std=c99 -O -DNDEBUG -fPIC -fopenmp -I/work/noaa/da/mpotts/sandbox/gfortran_12.2.0_openmpi_O_develop/esmf/src/apps/ESMF_PrintInfoC -I/work/noaa/da/mpotts/sandbox/gfortran_12.2.0_openmpi_O_develop/esmf/src/apps/ESMF_PrintInfoC/../include -I/work/noaa/da/mpotts/sandbox/gfortran_12.2.0_openmpi_O_develop/esmf/build_config/Linux.gfortran.default -I/work/noaa/da/mpotts/sandbox/gfortran_12.2.0_openmpi_O_develop/esmf/src/Infrastructure -I/work/noaa/da/mpotts/sandbox/gfortran_12.2.0_openmpi_O_develop/esmf/src/Superstructure -I/work/noaa/da/mpotts/sandbox/gfortran_12.2.0_openmpi_O_develop/esmf/src/include   -DESMF_NO_INTEGER_1_BYTE -DESMF_NO_INTEGER_2_BYTE -DESMF_VERSION_STRING_GIT='"v8.7.0b13-12-g9379ba6a7e"' -DESMF_LOWERCASE_SINGLEUNDERSCORE -DESMF_MOAB=1 -DESMF_LAPACK=1 -DESMF_LAPACK_INTERNAL=1 -DESMF_NO_ACC_SOFTWARE_STACK=1 -DESMF_YAMLCPP=1 -DESMF_YAML=1 -DESMF_NO_OPENACC -DESMF_TESTEXHAUSTIVE -DESMF_BOPT_O -DESMF_TESTPERFORMANCE -DESMF_TESTCOMPTUNNEL -DESMF_TESTWITHTHREADS -DSx86_64_small=1 -DESMF_OS_Linux=1 -DESMF_COMM=openmpi -DESMF_DIR=/work/noaa/da/mpotts/sandbox/gfortran_12.2.0_openmpi_O_develop/esmf -D__SDIR__='"src/apps/ESMF_PrintInfoC"' -DESMF_CSTD=99 ESMF_PrintInfoC.c -o /work/noaa/da/mpotts/sandbox/gfortran_12.2.0_openmpi_O_develop/esmf/obj/objO/Linux.gfortran.64.openmpi.default/src/apps/ESMF_PrintInfoC/ESMF_PrintInfoC.o
make chkdir_apps
make[5]: Entering directory '/work/noaa/da/mpotts/sandbox/gfortran_12.2.0_openmpi_O_develop/esmf/src/apps/ESMF_PrintInfoC'
make[5]: Leaving directory '/work/noaa/da/mpotts/sandbox/gfortran_12.2.0_openmpi_O_develop/esmf/src/apps/ESMF_PrintInfoC'
mpicc   -fopenmp -L/work/noaa/da/mpotts/sandbox/gfortran_12.2.0_openmpi_O_develop/esmf/DEFAULTINSTALLDIR/lib/libO/Linux.gfortran.64.openmpi.default  -L/apps/spack-managed/gcc-11.3.1/gcc-12.2.0-xy5rpremb5ln7puuq7it42fiqqhmvfe3/lib/gcc/x86_64-pc-linux-gnu/12.2.0/../../../../lib64/ -L/work/noaa/da/mpotts/sandbox/gfortran_12.2.0_openmpi_O_develop/esmf/DEFAULTINSTALLDIR/lib/libO/Linux.gfortran.64.openmpi.default  -L/apps/spack-managed/gcc-11.3.1/gcc-12.2.0-xy5rpremb5ln7puuq7it42fiqqhmvfe3/lib/gcc/x86_64-pc-linux-gnu/12.2.0/../../../../lib64/ -Wl,-rpath,/work/noaa/da/mpotts/sandbox/gfortran_12.2.0_openmpi_O_develop/esmf/DEFAULTINSTALLDIR/lib/libO/Linux.gfortran.64.openmpi.default -Wl,-rpath,/apps/spack-managed/gcc-11.3.1/gcc-12.2.0-xy5rpremb5ln7puuq7it42fiqqhmvfe3/lib/gcc/x86_64-pc-linux-gnu/12.2.0/../../../../lib64/ -Wl,-rpath,/work/noaa/da/mpotts/sandbox/gfortran_12.2.0_openmpi_O_develop/esmf/DEFAULTINSTALLDIR/lib/libO/Linux.gfortran.64.openmpi.default -Wl,-rpath,/apps/spack-managed/gcc-11.3.1/gcc-12.2.0-xy5rpremb5ln7puuq7it42fiqqhmvfe3/lib/gcc/x86_64-pc-linux-gnu/12.2.0/../../../../lib64/ -o /work/noaa/da/mpotts/sandbox/gfortran_12.2.0_openmpi_O_develop/esmf/DEFAULTINSTALLDIR/bin/binO/Linux.gfortran.64.openmpi.default/ESMF_PrintInfoC /work/noaa/da/mpotts/sandbox/gfortran_12.2.0_openmpi_O_develop/esmf/obj/objO/Linux.gfortran.64.openmpi.default/src/apps/ESMF_PrintInfoC/ESMF_PrintInfoC.o -lesmf -lrt -lgfortran -ldl  -lrt -lstdc++ -ldl
make[4]: Leaving directory '/work/noaa/da/mpotts/sandbox/gfortran_12.2.0_openmpi_O_develop/esmf/src/apps/ESMF_PrintInfoC'
tree_build_apps in: /work/noaa/da/mpotts/sandbox/gfortran_12.2.0_openmpi_O_develop/esmf/src/apps/ESMF_RegridWeightGen
make[4]: Entering directory '/work/noaa/da/mpotts/sandbox/gfortran_12.2.0_openmpi_O_develop/esmf/src/apps/ESMF_RegridWeightGen'
make chkdir_locobj
make[5]: Entering directory '/work/noaa/da/mpotts/sandbox/gfortran_12.2.0_openmpi_O_develop/esmf/src/apps/ESMF_RegridWeightGen'
Making directory /work/noaa/da/mpotts/sandbox/gfortran_12.2.0_openmpi_O_develop/esmf/obj/objO/Linux.gfortran.64.openmpi.default/src/apps/ESMF_RegridWeightGen for apps output
make[5]: Leaving directory '/work/noaa/da/mpotts/sandbox/gfortran_12.2.0_openmpi_O_develop/esmf/src/apps/ESMF_RegridWeightGen'
mpifort -c -O -fPIC -m64 -mcmodel=small -pthread -ffree-line-length-none -fopenmp -I/work/noaa/da/mpotts/sandbox/gfortran_12.2.0_openmpi_O_develop/esmf/src/apps/ESMF_RegridWeightGen -I/work/noaa/da/mpotts/sandbox/gfortran_12.2.0_openmpi_O_develop/esmf/build_config/Linux.gfortran.default -I/work/noaa/da/mpotts/sandbox/gfortran_12.2.0_openmpi_O_develop/esmf/src/Infrastructure -I/work/noaa/da/mpotts/sandbox/gfortran_12.2.0_openmpi_O_develop/esmf/src/Superstructure -I/work/noaa/da/mpotts/sandbox/gfortran_12.2.0_openmpi_O_develop/esmf/DEFAULTINSTALLDIR/mod/modO/Linux.gfortran.64.openmpi.default -I/work/noaa/da/mpotts/sandbox/gfortran_12.2.0_openmpi_O_develop/esmf/src/include   -DESMF_NO_INTEGER_1_BYTE -DESMF_NO_INTEGER_2_BYTE -DESMF_VERSION_STRING_GIT='"v8.7.0b13-12-g9379ba6a7e"' -DESMF_LOWERCASE_SINGLEUNDERSCORE -DESMF_MOAB=1 -DESMF_LAPACK=1 -DESMF_LAPACK_INTERNAL=1 -DESMF_NO_ACC_SOFTWARE_STACK=1 -DESMF_YAMLCPP=1 -DESMF_YAML=1 -DESMF_NO_OPENACC -DESMF_TESTEXHAUSTIVE -DESMF_BOPT_O -DESMF_TESTPERFORMANCE -DESMF_TESTCOMPTUNNEL -DESMF_TESTWITHTHREADS -DSx86_64_small=1 -DESMF_OS_Linux=1 -DESMF_COMM=openmpi -DESMF_DIR=/work/noaa/da/mpotts/sandbox/gfortran_12.2.0_openmpi_O_develop/esmf ESMF_RegridWeightGen.F90 -o /work/noaa/da/mpotts/sandbox/gfortran_12.2.0_openmpi_O_develop/esmf/obj/objO/Linux.gfortran.64.openmpi.default/src/apps/ESMF_RegridWeightGen/ESMF_RegridWeightGen.o
make chkdir_apps
make[5]: Entering directory '/work/noaa/da/mpotts/sandbox/gfortran_12.2.0_openmpi_O_develop/esmf/src/apps/ESMF_RegridWeightGen'
make[5]: Leaving directory '/work/noaa/da/mpotts/sandbox/gfortran_12.2.0_openmpi_O_develop/esmf/src/apps/ESMF_RegridWeightGen'
mpifort   -m64 -mcmodel=small -pthread -Wl,--no-as-needed -fopenmp -L/work/noaa/da/mpotts/sandbox/gfortran_12.2.0_openmpi_O_develop/esmf/DEFAULTINSTALLDIR/lib/libO/Linux.gfortran.64.openmpi.default  -L/apps/spack-managed/gcc-11.3.1/gcc-12.2.0-xy5rpremb5ln7puuq7it42fiqqhmvfe3/lib/gcc/x86_64-pc-linux-gnu/12.2.0/../../../../lib64/ -Wl,-rpath,/work/noaa/da/mpotts/sandbox/gfortran_12.2.0_openmpi_O_develop/esmf/DEFAULTINSTALLDIR/lib/libO/Linux.gfortran.64.openmpi.default  -Wl,-rpath,/apps/spack-managed/gcc-11.3.1/gcc-12.2.0-xy5rpremb5ln7puuq7it42fiqqhmvfe3/lib/gcc/x86_64-pc-linux-gnu/12.2.0/../../../../lib64/ -o /work/noaa/da/mpotts/sandbox/gfortran_12.2.0_openmpi_O_develop/esmf/DEFAULTINSTALLDIR/bin/binO/Linux.gfortran.64.openmpi.default/ESMF_RegridWeightGen /work/noaa/da/mpotts/sandbox/gfortran_12.2.0_openmpi_O_develop/esmf/obj/objO/Linux.gfortran.64.openmpi.default/src/apps/ESMF_RegridWeightGen/ESMF_RegridWeightGen.o -lesmf  -lrt -lstdc++ -ldl
make[4]: Leaving directory '/work/noaa/da/mpotts/sandbox/gfortran_12.2.0_openmpi_O_develop/esmf/src/apps/ESMF_RegridWeightGen'
tree_build_apps in: /work/noaa/da/mpotts/sandbox/gfortran_12.2.0_openmpi_O_develop/esmf/src/apps/ESMF_WebServController
make[4]: Entering directory '/work/noaa/da/mpotts/sandbox/gfortran_12.2.0_openmpi_O_develop/esmf/src/apps/ESMF_WebServController'
make chkdir_locobj
make[5]: Entering directory '/work/noaa/da/mpotts/sandbox/gfortran_12.2.0_openmpi_O_develop/esmf/src/apps/ESMF_WebServController'
Making directory /work/noaa/da/mpotts/sandbox/gfortran_12.2.0_openmpi_O_develop/esmf/obj/objO/Linux.gfortran.64.openmpi.default/src/apps/ESMF_WebServController for apps output
make[5]: Leaving directory '/work/noaa/da/mpotts/sandbox/gfortran_12.2.0_openmpi_O_develop/esmf/src/apps/ESMF_WebServController'
mpicxx -c -std=c++11 -O -DNDEBUG -fPIC -m64 -mcmodel=small -pthread -fopenmp -I/work/noaa/da/mpotts/sandbox/gfortran_12.2.0_openmpi_O_develop/esmf/src/apps/ESMF_WebServController -I/work/noaa/da/mpotts/sandbox/gfortran_12.2.0_openmpi_O_develop/esmf/src/apps/ESMF_WebServController/../include -I/work/noaa/da/mpotts/sandbox/gfortran_12.2.0_openmpi_O_develop/esmf/build_config/Linux.gfortran.default -I/work/noaa/da/mpotts/sandbox/gfortran_12.2.0_openmpi_O_develop/esmf/src/Infrastructure -I/work/noaa/da/mpotts/sandbox/gfortran_12.2.0_openmpi_O_develop/esmf/src/Superstructure -I/work/noaa/da/mpotts/sandbox/gfortran_12.2.0_openmpi_O_develop/esmf/src/Infrastructure/stubs/pthread -I/work/noaa/da/mpotts/sandbox/gfortran_12.2.0_openmpi_O_develop/esmf/src/include   -I/work/noaa/da/mpotts/sandbox/gfortran_12.2.0_openmpi_O_develop/esmf/src/prologue/yaml-cpp/include -DESMF_NO_INTEGER_1_BYTE -DESMF_NO_INTEGER_2_BYTE -DESMF_VERSION_STRING_GIT='"v8.7.0b13-12-g9379ba6a7e"' -DESMF_LOWERCASE_SINGLEUNDERSCORE -DESMF_MOAB=1 -DESMF_LAPACK=1 -DESMF_LAPACK_INTERNAL=1 -DESMF_NO_ACC_SOFTWARE_STACK=1 -DESMF_YAMLCPP=1 -DESMF_YAML=1 -DESMF_NO_OPENACC -DESMF_TESTEXHAUSTIVE -DESMF_BOPT_O -DESMF_TESTPERFORMANCE -DESMF_TESTCOMPTUNNEL -DESMF_TESTWITHTHREADS -DSx86_64_small=1 -DESMF_OS_Linux=1 -DESMF_COMM=openmpi -DESMF_DIR=/work/noaa/da/mpotts/sandbox/gfortran_12.2.0_openmpi_O_develop/esmf -D__SDIR__='"src/apps/ESMF_WebServController"' -DESMF_CXXSTD=11 -DESMF_NO_SIGUSR2 ESMF_WebServController.C -o /work/noaa/da/mpotts/sandbox/gfortran_12.2.0_openmpi_O_develop/esmf/obj/objO/Linux.gfortran.64.openmpi.default/src/apps/ESMF_WebServController/ESMF_WebServController.o
make chkdir_apps
make[5]: Entering directory '/work/noaa/da/mpotts/sandbox/gfortran_12.2.0_openmpi_O_develop/esmf/src/apps/ESMF_WebServController'
make[5]: Leaving directory '/work/noaa/da/mpotts/sandbox/gfortran_12.2.0_openmpi_O_develop/esmf/src/apps/ESMF_WebServController'
mpicxx   -m64 -mcmodel=small -pthread -Wl,--no-as-needed -fopenmp -L/work/noaa/da/mpotts/sandbox/gfortran_12.2.0_openmpi_O_develop/esmf/DEFAULTINSTALLDIR/lib/libO/Linux.gfortran.64.openmpi.default  -L/apps/spack-managed/gcc-11.3.1/gcc-12.2.0-xy5rpremb5ln7puuq7it42fiqqhmvfe3/lib/gcc/x86_64-pc-linux-gnu/12.2.0/../../../../lib64/ -Wl,-rpath,/work/noaa/da/mpotts/sandbox/gfortran_12.2.0_openmpi_O_develop/esmf/DEFAULTINSTALLDIR/lib/libO/Linux.gfortran.64.openmpi.default  -Wl,-rpath,/apps/spack-managed/gcc-11.3.1/gcc-12.2.0-xy5rpremb5ln7puuq7it42fiqqhmvfe3/lib/gcc/x86_64-pc-linux-gnu/12.2.0/../../../../lib64/ -o /work/noaa/da/mpotts/sandbox/gfortran_12.2.0_openmpi_O_develop/esmf/DEFAULTINSTALLDIR/bin/binO/Linux.gfortran.64.openmpi.default/ESMF_WebServController /work/noaa/da/mpotts/sandbox/gfortran_12.2.0_openmpi_O_develop/esmf/obj/objO/Linux.gfortran.64.openmpi.default/src/apps/ESMF_WebServController/ESMF_WebServController.o -lesmf -lrt -lgfortran -ldl
make[4]: Leaving directory '/work/noaa/da/mpotts/sandbox/gfortran_12.2.0_openmpi_O_develop/esmf/src/apps/ESMF_WebServController'
tree_build_apps in: /work/noaa/da/mpotts/sandbox/gfortran_12.2.0_openmpi_O_develop/esmf/src/apps/ESMF_Scrip2Unstruct
make[4]: Entering directory '/work/noaa/da/mpotts/sandbox/gfortran_12.2.0_openmpi_O_develop/esmf/src/apps/ESMF_Scrip2Unstruct'
make chkdir_locobj
make[5]: Entering directory '/work/noaa/da/mpotts/sandbox/gfortran_12.2.0_openmpi_O_develop/esmf/src/apps/ESMF_Scrip2Unstruct'
Making directory /work/noaa/da/mpotts/sandbox/gfortran_12.2.0_openmpi_O_develop/esmf/obj/objO/Linux.gfortran.64.openmpi.default/src/apps/ESMF_Scrip2Unstruct for apps output
make[5]: Leaving directory '/work/noaa/da/mpotts/sandbox/gfortran_12.2.0_openmpi_O_develop/esmf/src/apps/ESMF_Scrip2Unstruct'
mpicxx -c -std=c++11 -O -DNDEBUG -fPIC -m64 -mcmodel=small -pthread -fopenmp -I/work/noaa/da/mpotts/sandbox/gfortran_12.2.0_openmpi_O_develop/esmf/src/apps/ESMF_Scrip2Unstruct -I/work/noaa/da/mpotts/sandbox/gfortran_12.2.0_openmpi_O_develop/esmf/src/apps/ESMF_Scrip2Unstruct/../include -I/work/noaa/da/mpotts/sandbox/gfortran_12.2.0_openmpi_O_develop/esmf/build_config/Linux.gfortran.default -I/work/noaa/da/mpotts/sandbox/gfortran_12.2.0_openmpi_O_develop/esmf/src/Infrastructure -I/work/noaa/da/mpotts/sandbox/gfortran_12.2.0_openmpi_O_develop/esmf/src/Superstructure -I/work/noaa/da/mpotts/sandbox/gfortran_12.2.0_openmpi_O_develop/esmf/src/Infrastructure/stubs/pthread -I/work/noaa/da/mpotts/sandbox/gfortran_12.2.0_openmpi_O_develop/esmf/src/include   -I/work/noaa/da/mpotts/sandbox/gfortran_12.2.0_openmpi_O_develop/esmf/src/prologue/yaml-cpp/include -DESMF_NO_INTEGER_1_BYTE -DESMF_NO_INTEGER_2_BYTE -DESMF_VERSION_STRING_GIT='"v8.7.0b13-12-g9379ba6a7e"' -DESMF_LOWERCASE_SINGLEUNDERSCORE -DESMF_MOAB=1 -DESMF_LAPACK=1 -DESMF_LAPACK_INTERNAL=1 -DESMF_NO_ACC_SOFTWARE_STACK=1 -DESMF_YAMLCPP=1 -DESMF_YAML=1 -DESMF_NO_OPENACC -DESMF_TESTEXHAUSTIVE -DESMF_BOPT_O -DESMF_TESTPERFORMANCE -DESMF_TESTCOMPTUNNEL -DESMF_TESTWITHTHREADS -DSx86_64_small=1 -DESMF_OS_Linux=1 -DESMF_COMM=openmpi -DESMF_DIR=/work/noaa/da/mpotts/sandbox/gfortran_12.2.0_openmpi_O_develop/esmf -D__SDIR__='"src/apps/ESMF_Scrip2Unstruct"' -DESMF_CXXSTD=11 -DESMF_NO_SIGUSR2 ESMF_Scrip2Unstruct.C -o /work/noaa/da/mpotts/sandbox/gfortran_12.2.0_openmpi_O_develop/esmf/obj/objO/Linux.gfortran.64.openmpi.default/src/apps/ESMF_Scrip2Unstruct/ESMF_Scrip2Unstruct.o
make chkdir_apps
make[5]: Entering directory '/work/noaa/da/mpotts/sandbox/gfortran_12.2.0_openmpi_O_develop/esmf/src/apps/ESMF_Scrip2Unstruct'
make[5]: Leaving directory '/work/noaa/da/mpotts/sandbox/gfortran_12.2.0_openmpi_O_develop/esmf/src/apps/ESMF_Scrip2Unstruct'
mpicxx   -m64 -mcmodel=small -pthread -Wl,--no-as-needed -fopenmp -L/work/noaa/da/mpotts/sandbox/gfortran_12.2.0_openmpi_O_develop/esmf/DEFAULTINSTALLDIR/lib/libO/Linux.gfortran.64.openmpi.default  -L/apps/spack-managed/gcc-11.3.1/gcc-12.2.0-xy5rpremb5ln7puuq7it42fiqqhmvfe3/lib/gcc/x86_64-pc-linux-gnu/12.2.0/../../../../lib64/ -Wl,-rpath,/work/noaa/da/mpotts/sandbox/gfortran_12.2.0_openmpi_O_develop/esmf/DEFAULTINSTALLDIR/lib/libO/Linux.gfortran.64.openmpi.default  -Wl,-rpath,/apps/spack-managed/gcc-11.3.1/gcc-12.2.0-xy5rpremb5ln7puuq7it42fiqqhmvfe3/lib/gcc/x86_64-pc-linux-gnu/12.2.0/../../../../lib64/ -o /work/noaa/da/mpotts/sandbox/gfortran_12.2.0_openmpi_O_develop/esmf/DEFAULTINSTALLDIR/bin/binO/Linux.gfortran.64.openmpi.default/ESMF_Scrip2Unstruct /work/noaa/da/mpotts/sandbox/gfortran_12.2.0_openmpi_O_develop/esmf/obj/objO/Linux.gfortran.64.openmpi.default/src/apps/ESMF_Scrip2Unstruct/ESMF_Scrip2Unstruct.o -lesmf -lrt -lgfortran -ldl
make[4]: Leaving directory '/work/noaa/da/mpotts/sandbox/gfortran_12.2.0_openmpi_O_develop/esmf/src/apps/ESMF_Scrip2Unstruct'
tree_build_apps in: /work/noaa/da/mpotts/sandbox/gfortran_12.2.0_openmpi_O_develop/esmf/src/apps/ESMF_Regrid
make[4]: Entering directory '/work/noaa/da/mpotts/sandbox/gfortran_12.2.0_openmpi_O_develop/esmf/src/apps/ESMF_Regrid'
make chkdir_locobj
make[5]: Entering directory '/work/noaa/da/mpotts/sandbox/gfortran_12.2.0_openmpi_O_develop/esmf/src/apps/ESMF_Regrid'
Making directory /work/noaa/da/mpotts/sandbox/gfortran_12.2.0_openmpi_O_develop/esmf/obj/objO/Linux.gfortran.64.openmpi.default/src/apps/ESMF_Regrid for apps output
make[5]: Leaving directory '/work/noaa/da/mpotts/sandbox/gfortran_12.2.0_openmpi_O_develop/esmf/src/apps/ESMF_Regrid'
mpifort -c -O -fPIC -m64 -mcmodel=small -pthread -ffree-line-length-none -fopenmp -I/work/noaa/da/mpotts/sandbox/gfortran_12.2.0_openmpi_O_develop/esmf/src/apps/ESMF_Regrid -I/work/noaa/da/mpotts/sandbox/gfortran_12.2.0_openmpi_O_develop/esmf/build_config/Linux.gfortran.default -I/work/noaa/da/mpotts/sandbox/gfortran_12.2.0_openmpi_O_develop/esmf/src/Infrastructure -I/work/noaa/da/mpotts/sandbox/gfortran_12.2.0_openmpi_O_develop/esmf/src/Superstructure -I/work/noaa/da/mpotts/sandbox/gfortran_12.2.0_openmpi_O_develop/esmf/DEFAULTINSTALLDIR/mod/modO/Linux.gfortran.64.openmpi.default -I/work/noaa/da/mpotts/sandbox/gfortran_12.2.0_openmpi_O_develop/esmf/src/include   -DESMF_NO_INTEGER_1_BYTE -DESMF_NO_INTEGER_2_BYTE -DESMF_VERSION_STRING_GIT='"v8.7.0b13-12-g9379ba6a7e"' -DESMF_LOWERCASE_SINGLEUNDERSCORE -DESMF_MOAB=1 -DESMF_LAPACK=1 -DESMF_LAPACK_INTERNAL=1 -DESMF_NO_ACC_SOFTWARE_STACK=1 -DESMF_YAMLCPP=1 -DESMF_YAML=1 -DESMF_NO_OPENACC -DESMF_TESTEXHAUSTIVE -DESMF_BOPT_O -DESMF_TESTPERFORMANCE -DESMF_TESTCOMPTUNNEL -DESMF_TESTWITHTHREADS -DSx86_64_small=1 -DESMF_OS_Linux=1 -DESMF_COMM=openmpi -DESMF_DIR=/work/noaa/da/mpotts/sandbox/gfortran_12.2.0_openmpi_O_develop/esmf ESMF_Regrid.F90 -o /work/noaa/da/mpotts/sandbox/gfortran_12.2.0_openmpi_O_develop/esmf/obj/objO/Linux.gfortran.64.openmpi.default/src/apps/ESMF_Regrid/ESMF_Regrid.o
make chkdir_apps
make[5]: Entering directory '/work/noaa/da/mpotts/sandbox/gfortran_12.2.0_openmpi_O_develop/esmf/src/apps/ESMF_Regrid'
make[5]: Leaving directory '/work/noaa/da/mpotts/sandbox/gfortran_12.2.0_openmpi_O_develop/esmf/src/apps/ESMF_Regrid'
mpifort   -m64 -mcmodel=small -pthread -Wl,--no-as-needed -fopenmp -L/work/noaa/da/mpotts/sandbox/gfortran_12.2.0_openmpi_O_develop/esmf/DEFAULTINSTALLDIR/lib/libO/Linux.gfortran.64.openmpi.default  -L/apps/spack-managed/gcc-11.3.1/gcc-12.2.0-xy5rpremb5ln7puuq7it42fiqqhmvfe3/lib/gcc/x86_64-pc-linux-gnu/12.2.0/../../../../lib64/ -Wl,-rpath,/work/noaa/da/mpotts/sandbox/gfortran_12.2.0_openmpi_O_develop/esmf/DEFAULTINSTALLDIR/lib/libO/Linux.gfortran.64.openmpi.default  -Wl,-rpath,/apps/spack-managed/gcc-11.3.1/gcc-12.2.0-xy5rpremb5ln7puuq7it42fiqqhmvfe3/lib/gcc/x86_64-pc-linux-gnu/12.2.0/../../../../lib64/ -o /work/noaa/da/mpotts/sandbox/gfortran_12.2.0_openmpi_O_develop/esmf/DEFAULTINSTALLDIR/bin/binO/Linux.gfortran.64.openmpi.default/ESMF_Regrid /work/noaa/da/mpotts/sandbox/gfortran_12.2.0_openmpi_O_develop/esmf/obj/objO/Linux.gfortran.64.openmpi.default/src/apps/ESMF_Regrid/ESMF_Regrid.o -lesmf  -lrt -lstdc++ -ldl
make[4]: Leaving directory '/work/noaa/da/mpotts/sandbox/gfortran_12.2.0_openmpi_O_develop/esmf/src/apps/ESMF_Regrid'
tree_build_apps in: /work/noaa/da/mpotts/sandbox/gfortran_12.2.0_openmpi_O_develop/esmf/src/apps/ESMX_Builder
make[4]: Entering directory '/work/noaa/da/mpotts/sandbox/gfortran_12.2.0_openmpi_O_develop/esmf/src/apps/ESMX_Builder'
make chkdir_apps
make[5]: Entering directory '/work/noaa/da/mpotts/sandbox/gfortran_12.2.0_openmpi_O_develop/esmf/src/apps/ESMX_Builder'
make[5]: Leaving directory '/work/noaa/da/mpotts/sandbox/gfortran_12.2.0_openmpi_O_develop/esmf/src/apps/ESMX_Builder'
cp -f ESMX_Builder.sh /work/noaa/da/mpotts/sandbox/gfortran_12.2.0_openmpi_O_develop/esmf/DEFAULTINSTALLDIR/bin/binO/Linux.gfortran.64.openmpi.default/ESMX_Builder
make[4]: Leaving directory '/work/noaa/da/mpotts/sandbox/gfortran_12.2.0_openmpi_O_develop/esmf/src/apps/ESMX_Builder'
make[3]: Leaving directory '/work/noaa/da/mpotts/sandbox/gfortran_12.2.0_openmpi_O_develop/esmf/src/apps'
ESMF apps built successfully.
make[2]: Leaving directory '/work/noaa/da/mpotts/sandbox/gfortran_12.2.0_openmpi_O_develop/esmf'
make[1]: Leaving directory '/work/noaa/da/mpotts/sandbox/gfortran_12.2.0_openmpi_O_develop/esmf'
mkdir -p /work/noaa/da/mpotts/sandbox/gfortran_12.2.0_openmpi_O_develop/esmf/DEFAULTINSTALLDIR/doc
make install_info_mk
make[1]: Entering directory '/work/noaa/da/mpotts/sandbox/gfortran_12.2.0_openmpi_O_develop/esmf'
make info_mk ESMF_APPSDIR=/work/noaa/da/mpotts/sandbox/gfortran_12.2.0_openmpi_O_develop/esmf/DEFAULTINSTALLDIR/bin/binO/Linux.gfortran.64.openmpi.default ESMF_LDIR=/work/noaa/da/mpotts/sandbox/gfortran_12.2.0_openmpi_O_develop/esmf/DEFAULTINSTALLDIR/lib/libO/Linux.gfortran.64.openmpi.default ESMF_LIBDIR=/work/noaa/da/mpotts/sandbox/gfortran_12.2.0_openmpi_O_develop/esmf/DEFAULTINSTALLDIR/lib/libO/Linux.gfortran.64.openmpi.default ESMF_ESMXDIR=/work/noaa/da/mpotts/sandbox/gfortran_12.2.0_openmpi_O_develop/esmf/DEFAULTINSTALLDIR/include/ESMX ESMF_CMAKEDIR=/work/noaa/da/mpotts/sandbox/gfortran_12.2.0_openmpi_O_develop/esmf/DEFAULTINSTALLDIR/cmake ESMF_MODDIR=/work/noaa/da/mpotts/sandbox/gfortran_12.2.0_openmpi_O_develop/esmf/DEFAULTINSTALLDIR/mod/modO/Linux.gfortran.64.openmpi.default ESMF_INCDIR=/work/noaa/da/mpotts/sandbox/gfortran_12.2.0_openmpi_O_develop/esmf/DEFAULTINSTALLDIR/include
make[2]: Entering directory '/work/noaa/da/mpotts/sandbox/gfortran_12.2.0_openmpi_O_develop/esmf'
make[2]: Leaving directory '/work/noaa/da/mpotts/sandbox/gfortran_12.2.0_openmpi_O_develop/esmf'
make[1]: Leaving directory '/work/noaa/da/mpotts/sandbox/gfortran_12.2.0_openmpi_O_develop/esmf'
 
ESMF installation complete.
 
