2024-09-27 07:40:21
20240927 082956.068 INFO             PET0 !!!!!!!!!!!!!!!!!!!!!!!!!!!!!!!!!!!!!!!!!!!!!!!!!!!!!!
20240927 082956.068 INFO             PET0 !!! THE ESMF_LOG IS SET TO OUTPUT ALL LOG MESSAGES !!!
20240927 082956.068 INFO             PET0 !!!     THIS MAY CAUSE SLOWDOWN IN PERFORMANCE     !!!
20240927 082956.068 INFO             PET0 !!! FOR PRODUCTION RUNS, USE:                      !!!
20240927 082956.068 INFO             PET0 !!!                   ESMF_LOGKIND_Multi_On_Error  !!!
20240927 082956.068 INFO             PET0 !!!!!!!!!!!!!!!!!!!!!!!!!!!!!!!!!!!!!!!!!!!!!!!!!!!!!!
20240927 082956.068 INFO             PET0 Running with ESMF Version   : v8.7.0b14-1-g2597b0a993
20240927 082956.068 INFO             PET0 ESMF library build date/time: "Sep 27 2024" "07:36:24"
20240927 082956.068 INFO             PET0 ESMF library build location : /scratch2/NCEPDEV/stmp1/Gerhard.Theurich/ESMF-Nightly-Testing/intel_2023.2.0-oneAPI_mpiuni_g_release_8.7.0/esmf
20240927 082956.068 INFO             PET0 ESMF_COMM                   : mpiuni
20240927 082956.069 INFO             PET0 ESMF_MOAB                   : enabled
20240927 082956.069 INFO             PET0 ESMF_LAPACK                 : enabled
20240927 082956.069 INFO             PET0 ESMF_NETCDF                 : enabled
20240927 082956.069 INFO             PET0 ESMF_PNETCDF                : disabled
20240927 082956.069 INFO             PET0 ESMF_PIO                    : enabled
20240927 082956.069 INFO             PET0 ESMF_YAMLCPP                : enabled
20240927 082956.071 INFO             PET0  NUMBER_OF_PROCESSORS           1
20240927 082956.071 INFO             PET0  PASS  Example ESMF_SCompEx, ESMF_SCompEx.F90, line 385
20240927 082956.071 INFO             PET0  Finalizing ESMF
