2024-10-05 02:09:19
20241005 025458.748 INFO             PET0 !!!!!!!!!!!!!!!!!!!!!!!!!!!!!!!!!!!!!!!!!!!!!!!!!!!!!!
20241005 025458.748 INFO             PET0 !!! THE ESMF_LOG IS SET TO OUTPUT ALL LOG MESSAGES !!!
20241005 025458.748 INFO             PET0 !!!     THIS MAY CAUSE SLOWDOWN IN PERFORMANCE     !!!
20241005 025458.748 INFO             PET0 !!! FOR PRODUCTION RUNS, USE:                      !!!
20241005 025458.748 INFO             PET0 !!!                   ESMF_LOGKIND_Multi_On_Error  !!!
20241005 025458.748 INFO             PET0 !!!!!!!!!!!!!!!!!!!!!!!!!!!!!!!!!!!!!!!!!!!!!!!!!!!!!!
20241005 025458.748 INFO             PET0 Running with ESMF Version   : v8.7.0
20241005 025458.748 INFO             PET0 ESMF library build date/time: "Oct  5 2024" "02:05:41"
20241005 025458.748 INFO             PET0 ESMF library build location : /glade/derecho/scratch/sacks/esmf-testing/gfortran_12.2.0_pio2.6.2_mpi_g_v8.7.0/esmf
20241005 025458.748 INFO             PET0 ESMF_COMM                   : mpi
20241005 025458.763 INFO             PET0 ESMF_MOAB                   : enabled
20241005 025458.763 INFO             PET0 ESMF_LAPACK                 : enabled
20241005 025458.763 INFO             PET0 ESMF_NETCDF                 : enabled
20241005 025458.763 INFO             PET0 ESMF_PNETCDF                : disabled
20241005 025458.763 INFO             PET0 ESMF_PIO                    : enabled
20241005 025458.763 INFO             PET0 ESMF_YAMLCPP                : enabled
20241005 025458.995 INFO             PET0 ESMF_FieldRedistStoreNF(): Just entered routine.
20241005 025459.250 INFO             PET0 ESMF_FieldRedistStoreNF(): Leaving routine.
20241005 025459.254 INFO             PET0  NUMBER_OF_PROCESSORS           4
20241005 025459.254 INFO             PET0  PASS  Example ESMF_RHandleFromRHandleEx, ESMF_RHandleFromRHandleEx.F90, line 660
20241005 025459.254 INFO             PET0  Finalizing ESMF
20241005 025458.958 INFO             PET1 !!!!!!!!!!!!!!!!!!!!!!!!!!!!!!!!!!!!!!!!!!!!!!!!!!!!!!
20241005 025458.958 INFO             PET1 !!! THE ESMF_LOG IS SET TO OUTPUT ALL LOG MESSAGES !!!
20241005 025458.958 INFO             PET1 !!!     THIS MAY CAUSE SLOWDOWN IN PERFORMANCE     !!!
20241005 025458.958 INFO             PET1 !!! FOR PRODUCTION RUNS, USE:                      !!!
20241005 025458.958 INFO             PET1 !!!                   ESMF_LOGKIND_Multi_On_Error  !!!
20241005 025458.958 INFO             PET1 !!!!!!!!!!!!!!!!!!!!!!!!!!!!!!!!!!!!!!!!!!!!!!!!!!!!!!
20241005 025458.958 INFO             PET1 Running with ESMF Version   : v8.7.0
20241005 025458.958 INFO             PET1 ESMF library build date/time: "Oct  5 2024" "02:05:41"
20241005 025458.958 INFO             PET1 ESMF library build location : /glade/derecho/scratch/sacks/esmf-testing/gfortran_12.2.0_pio2.6.2_mpi_g_v8.7.0/esmf
20241005 025458.958 INFO             PET1 ESMF_COMM                   : mpi
20241005 025458.959 INFO             PET1 ESMF_MOAB                   : enabled
20241005 025458.959 INFO             PET1 ESMF_LAPACK                 : enabled
20241005 025458.959 INFO             PET1 ESMF_NETCDF                 : enabled
20241005 025458.959 INFO             PET1 ESMF_PNETCDF                : disabled
20241005 025458.959 INFO             PET1 ESMF_PIO                    : enabled
20241005 025458.959 INFO             PET1 ESMF_YAMLCPP                : enabled
20241005 025458.995 INFO             PET1 ESMF_FieldRedistStoreNF(): Just entered routine.
20241005 025459.250 INFO             PET1 ESMF_FieldRedistStoreNF(): Leaving routine.
20241005 025459.254 INFO             PET1  NUMBER_OF_PROCESSORS           4
20241005 025459.254 INFO             PET1  PASS  Example ESMF_RHandleFromRHandleEx, ESMF_RHandleFromRHandleEx.F90, line 660
20241005 025459.254 INFO             PET1  Finalizing ESMF
20241005 025458.755 INFO             PET2 !!!!!!!!!!!!!!!!!!!!!!!!!!!!!!!!!!!!!!!!!!!!!!!!!!!!!!
20241005 025458.755 INFO             PET2 !!! THE ESMF_LOG IS SET TO OUTPUT ALL LOG MESSAGES !!!
20241005 025458.755 INFO             PET2 !!!     THIS MAY CAUSE SLOWDOWN IN PERFORMANCE     !!!
20241005 025458.755 INFO             PET2 !!! FOR PRODUCTION RUNS, USE:                      !!!
20241005 025458.755 INFO             PET2 !!!                   ESMF_LOGKIND_Multi_On_Error  !!!
20241005 025458.755 INFO             PET2 !!!!!!!!!!!!!!!!!!!!!!!!!!!!!!!!!!!!!!!!!!!!!!!!!!!!!!
20241005 025458.755 INFO             PET2 Running with ESMF Version   : v8.7.0
20241005 025458.755 INFO             PET2 ESMF library build date/time: "Oct  5 2024" "02:05:41"
20241005 025458.755 INFO             PET2 ESMF library build location : /glade/derecho/scratch/sacks/esmf-testing/gfortran_12.2.0_pio2.6.2_mpi_g_v8.7.0/esmf
20241005 025458.755 INFO             PET2 ESMF_COMM                   : mpi
20241005 025458.986 INFO             PET2 ESMF_MOAB                   : enabled
20241005 025458.986 INFO             PET2 ESMF_LAPACK                 : enabled
20241005 025458.986 INFO             PET2 ESMF_NETCDF                 : enabled
20241005 025458.986 INFO             PET2 ESMF_PNETCDF                : disabled
20241005 025458.986 INFO             PET2 ESMF_PIO                    : enabled
20241005 025458.986 INFO             PET2 ESMF_YAMLCPP                : enabled
20241005 025458.995 INFO             PET2 ESMF_FieldRedistStoreNF(): Just entered routine.
20241005 025459.250 INFO             PET2 ESMF_FieldRedistStoreNF(): Leaving routine.
20241005 025459.252 INFO             PET2  NUMBER_OF_PROCESSORS           4
20241005 025459.252 INFO             PET2  PASS  Example ESMF_RHandleFromRHandleEx, ESMF_RHandleFromRHandleEx.F90, line 660
20241005 025459.252 INFO             PET2  Finalizing ESMF
20241005 025458.769 INFO             PET3 !!!!!!!!!!!!!!!!!!!!!!!!!!!!!!!!!!!!!!!!!!!!!!!!!!!!!!
20241005 025458.769 INFO             PET3 !!! THE ESMF_LOG IS SET TO OUTPUT ALL LOG MESSAGES !!!
20241005 025458.769 INFO             PET3 !!!     THIS MAY CAUSE SLOWDOWN IN PERFORMANCE     !!!
20241005 025458.769 INFO             PET3 !!! FOR PRODUCTION RUNS, USE:                      !!!
20241005 025458.769 INFO             PET3 !!!                   ESMF_LOGKIND_Multi_On_Error  !!!
20241005 025458.769 INFO             PET3 !!!!!!!!!!!!!!!!!!!!!!!!!!!!!!!!!!!!!!!!!!!!!!!!!!!!!!
20241005 025458.769 INFO             PET3 Running with ESMF Version   : v8.7.0
20241005 025458.769 INFO             PET3 ESMF library build date/time: "Oct  5 2024" "02:05:41"
20241005 025458.769 INFO             PET3 ESMF library build location : /glade/derecho/scratch/sacks/esmf-testing/gfortran_12.2.0_pio2.6.2_mpi_g_v8.7.0/esmf
20241005 025458.769 INFO             PET3 ESMF_COMM                   : mpi
20241005 025458.781 INFO             PET3 ESMF_MOAB                   : enabled
20241005 025458.781 INFO             PET3 ESMF_LAPACK                 : enabled
20241005 025458.781 INFO             PET3 ESMF_NETCDF                 : enabled
20241005 025458.781 INFO             PET3 ESMF_PNETCDF                : disabled
20241005 025458.781 INFO             PET3 ESMF_PIO                    : enabled
20241005 025458.781 INFO             PET3 ESMF_YAMLCPP                : enabled
20241005 025458.995 INFO             PET3 ESMF_FieldRedistStoreNF(): Just entered routine.
20241005 025459.249 INFO             PET3 ESMF_FieldRedistStoreNF(): Leaving routine.
20241005 025459.254 INFO             PET3  NUMBER_OF_PROCESSORS           4
20241005 025459.254 INFO             PET3  PASS  Example ESMF_RHandleFromRHandleEx, ESMF_RHandleFromRHandleEx.F90, line 660
20241005 025459.254 INFO             PET3  Finalizing ESMF
