2024-08-19 01:44:12
20240819 021132.710 INFO             PET0 !!!!!!!!!!!!!!!!!!!!!!!!!!!!!!!!!!!!!!!!!!!!!!!!!!!!!!
20240819 021132.710 INFO             PET0 !!! THE ESMF_LOG IS SET TO OUTPUT ALL LOG MESSAGES !!!
20240819 021132.710 INFO             PET0 !!!     THIS MAY CAUSE SLOWDOWN IN PERFORMANCE     !!!
20240819 021132.710 INFO             PET0 !!! FOR PRODUCTION RUNS, USE:                      !!!
20240819 021132.710 INFO             PET0 !!!                   ESMF_LOGKIND_Multi_On_Error  !!!
20240819 021132.710 INFO             PET0 !!!!!!!!!!!!!!!!!!!!!!!!!!!!!!!!!!!!!!!!!!!!!!!!!!!!!!
20240819 021132.710 INFO             PET0 Running with ESMF Version   : v8.7.0b11-4-gf6c03c51d1
20240819 021132.710 INFO             PET0 ESMF library build date/time: "Aug 19 2024" "01:41:54"
20240819 021132.710 INFO             PET0 ESMF library build location : /glade/derecho/scratch/sacks/esmf-testing/gfortran_12.2.0_pio2.5.10_mpi_O_develop/esmf
20240819 021132.710 INFO             PET0 ESMF_COMM                   : mpi
20240819 021132.711 INFO             PET0 ESMF_MOAB                   : enabled
20240819 021132.711 INFO             PET0 ESMF_LAPACK                 : enabled
20240819 021132.711 INFO             PET0 ESMF_NETCDF                 : enabled
20240819 021132.711 INFO             PET0 ESMF_PNETCDF                : disabled
20240819 021132.711 INFO             PET0 ESMF_PIO                    : enabled
20240819 021132.711 INFO             PET0 ESMF_YAMLCPP                : enabled
20240819 021132.711 INFO             PET0  NUMBER_OF_PROCESSORS           2
20240819 021132.711 INFO             PET0  PASS  Example ESMF_VMUserMpiCommEx, ESMF_VMUserMpiCommEx.F90, line 113
20240819 021132.711 INFO             PET0  Finalizing ESMF with endflag==ESMF_END_KEEPMPI
20240819 021132.700 INFO             PET1 !!!!!!!!!!!!!!!!!!!!!!!!!!!!!!!!!!!!!!!!!!!!!!!!!!!!!!
20240819 021132.700 INFO             PET1 !!! THE ESMF_LOG IS SET TO OUTPUT ALL LOG MESSAGES !!!
20240819 021132.700 INFO             PET1 !!!     THIS MAY CAUSE SLOWDOWN IN PERFORMANCE     !!!
20240819 021132.700 INFO             PET1 !!! FOR PRODUCTION RUNS, USE:                      !!!
20240819 021132.700 INFO             PET1 !!!                   ESMF_LOGKIND_Multi_On_Error  !!!
20240819 021132.700 INFO             PET1 !!!!!!!!!!!!!!!!!!!!!!!!!!!!!!!!!!!!!!!!!!!!!!!!!!!!!!
20240819 021132.700 INFO             PET1 Running with ESMF Version   : v8.7.0b11-4-gf6c03c51d1
20240819 021132.700 INFO             PET1 ESMF library build date/time: "Aug 19 2024" "01:41:54"
20240819 021132.700 INFO             PET1 ESMF library build location : /glade/derecho/scratch/sacks/esmf-testing/gfortran_12.2.0_pio2.5.10_mpi_O_develop/esmf
20240819 021132.700 INFO             PET1 ESMF_COMM                   : mpi
20240819 021132.701 INFO             PET1 ESMF_MOAB                   : enabled
20240819 021132.701 INFO             PET1 ESMF_LAPACK                 : enabled
20240819 021132.701 INFO             PET1 ESMF_NETCDF                 : enabled
20240819 021132.701 INFO             PET1 ESMF_PNETCDF                : disabled
20240819 021132.701 INFO             PET1 ESMF_PIO                    : enabled
20240819 021132.701 INFO             PET1 ESMF_YAMLCPP                : enabled
20240819 021132.711 INFO             PET1  NUMBER_OF_PROCESSORS           2
20240819 021132.711 INFO             PET1  PASS  Example ESMF_VMUserMpiCommEx, ESMF_VMUserMpiCommEx.F90, line 113
20240819 021132.711 INFO             PET1  Finalizing ESMF with endflag==ESMF_END_KEEPMPI
