2024-09-10 01:55:23
20240910 023124.347 INFO             PET0 !!!!!!!!!!!!!!!!!!!!!!!!!!!!!!!!!!!!!!!!!!!!!!!!!!!!!!
20240910 023124.347 INFO             PET0 !!! THE ESMF_LOG IS SET TO OUTPUT ALL LOG MESSAGES !!!
20240910 023124.347 INFO             PET0 !!!     THIS MAY CAUSE SLOWDOWN IN PERFORMANCE     !!!
20240910 023124.347 INFO             PET0 !!! FOR PRODUCTION RUNS, USE:                      !!!
20240910 023124.347 INFO             PET0 !!!                   ESMF_LOGKIND_Multi_On_Error  !!!
20240910 023124.347 INFO             PET0 !!!!!!!!!!!!!!!!!!!!!!!!!!!!!!!!!!!!!!!!!!!!!!!!!!!!!!
20240910 023124.347 INFO             PET0 Running with ESMF Version   : v8.7.0b13-12-g9379ba6a7e
20240910 023124.347 INFO             PET0 ESMF library build date/time: "Sep 10 2024" "01:52:22"
20240910 023124.347 INFO             PET0 ESMF library build location : /glade/derecho/scratch/sacks/esmf-testing/gfortran_12.2.0_pio2.5.10_mpi_O_develop/esmf
20240910 023124.347 INFO             PET0 ESMF_COMM                   : mpi
20240910 023124.348 INFO             PET0 ESMF_MOAB                   : enabled
20240910 023124.348 INFO             PET0 ESMF_LAPACK                 : enabled
20240910 023124.348 INFO             PET0 ESMF_NETCDF                 : enabled
20240910 023124.348 INFO             PET0 ESMF_PNETCDF                : disabled
20240910 023124.348 INFO             PET0 ESMF_PIO                    : enabled
20240910 023124.348 INFO             PET0 ESMF_YAMLCPP                : enabled
20240910 023124.348 INFO             PET0  NUMBER_OF_PROCESSORS           1
20240910 023124.348 INFO             PET0  PASS  Example ESMF_TimeIntervalEx, ESMF_TimeIntervalEx.F90, line 176
20240910 023124.348 INFO             PET0  Finalizing ESMF
