2024-09-24 02:19:28
20240924 031314.966 INFO             PET0 !!!!!!!!!!!!!!!!!!!!!!!!!!!!!!!!!!!!!!!!!!!!!!!!!!!!!!
20240924 031314.966 INFO             PET0 !!! THE ESMF_LOG IS SET TO OUTPUT ALL LOG MESSAGES !!!
20240924 031314.966 INFO             PET0 !!!     THIS MAY CAUSE SLOWDOWN IN PERFORMANCE     !!!
20240924 031314.966 INFO             PET0 !!! FOR PRODUCTION RUNS, USE:                      !!!
20240924 031314.966 INFO             PET0 !!!                   ESMF_LOGKIND_Multi_On_Error  !!!
20240924 031314.966 INFO             PET0 !!!!!!!!!!!!!!!!!!!!!!!!!!!!!!!!!!!!!!!!!!!!!!!!!!!!!!
20240924 031314.966 INFO             PET0 Running with ESMF Version   : v8.7.0b14-1-g2597b0a993
20240924 031314.966 INFO             PET0 ESMF library build date/time: "Sep 24 2024" "02:15:32"
20240924 031314.966 INFO             PET0 ESMF library build location : /glade/derecho/scratch/sacks/esmf-testing/intel_2023.2.1_mpiuni_O_release_8.7.0/esmf
20240924 031314.966 INFO             PET0 ESMF_COMM                   : mpiuni
20240924 031315.177 INFO             PET0 ESMF_MOAB                   : enabled
20240924 031315.177 INFO             PET0 ESMF_LAPACK                 : enabled
20240924 031315.177 INFO             PET0 ESMF_NETCDF                 : enabled
20240924 031315.177 INFO             PET0 ESMF_PNETCDF                : disabled
20240924 031315.177 INFO             PET0 ESMF_PIO                    : enabled
20240924 031315.177 INFO             PET0 ESMF_YAMLCPP                : enabled
20240924 031315.177 INFO             PET0 ESMF Tracing Enabled
20240924 031315.177 INFO             PET0 ESMF Profiling Enabled
20240924 031315.177 INFO             PET0 ESMF Trace/Profile clock: REALTIME
20240924 031315.208 INFO             PET0  NUMBER_OF_PROCESSORS           1
20240924 031315.208 INFO             PET0  PASS  Example ESMF_TraceEx, ESMF_TraceEx.F90, line 178
20240924 031315.208 INFO             PET0  Finalizing ESMF
20240924 031315.208 INFO             PET0 **************** Region Timings *******************
20240924 031315.208 INFO             PET0 Region              Count  Total (s)   Self (s)    Mean (s)    Min (s)     Max (s)
20240924 031315.208 INFO             PET0   [ESMF]            1      0.0038      0.0038      0.0038      0.0038      0.0038
20240924 031315.208 INFO             PET0     [test] Run 1    5      0.0000      0.0000      0.0000      0.0000      0.0000
20240924 031315.208 INFO             PET0     [test] Init 1   1      0.0000      0.0000      0.0000      0.0000      0.0000
20240924 031315.208 INFO             PET0     [test] Final 1  1      0.0000      0.0000      0.0000      0.0000      0.0000
