2024-10-01 01:56:29
20241001 023450.980 INFO             PET0 !!!!!!!!!!!!!!!!!!!!!!!!!!!!!!!!!!!!!!!!!!!!!!!!!!!!!!
20241001 023450.980 INFO             PET0 !!! THE ESMF_LOG IS SET TO OUTPUT ALL LOG MESSAGES !!!
20241001 023450.980 INFO             PET0 !!!     THIS MAY CAUSE SLOWDOWN IN PERFORMANCE     !!!
20241001 023450.980 INFO             PET0 !!! FOR PRODUCTION RUNS, USE:                      !!!
20241001 023450.980 INFO             PET0 !!!                   ESMF_LOGKIND_Multi_On_Error  !!!
20241001 023450.980 INFO             PET0 !!!!!!!!!!!!!!!!!!!!!!!!!!!!!!!!!!!!!!!!!!!!!!!!!!!!!!
20241001 023450.980 INFO             PET0 Running with ESMF Version   : v8.7.0b14-1-g2597b0a993
20241001 023450.980 INFO             PET0 ESMF library build date/time: "Oct  1 2024" "01:53:49"
20241001 023450.980 INFO             PET0 ESMF library build location : /glade/derecho/scratch/sacks/esmf-testing/intel_2023.2.1_mpiuni_O_release_8.7.0/esmf
20241001 023450.980 INFO             PET0 ESMF_COMM                   : mpiuni
20241001 023450.983 INFO             PET0 ESMF_MOAB                   : enabled
20241001 023450.983 INFO             PET0 ESMF_LAPACK                 : enabled
20241001 023450.983 INFO             PET0 ESMF_NETCDF                 : enabled
20241001 023450.983 INFO             PET0 ESMF_PNETCDF                : disabled
20241001 023450.983 INFO             PET0 ESMF_PIO                    : enabled
20241001 023450.983 INFO             PET0 ESMF_YAMLCPP                : enabled
20241001 023450.990 INFO             PET0  NUMBER_OF_PROCESSORS           1
20241001 023451.005 INFO             PET0  PASS  Example ESMF_LocStreamEx, ESMF_LocStreamEx.F90, line 784
20241001 023451.005 INFO             PET0  Finalizing ESMF
