2024-10-04 21:36:16
20241004 222209.096 INFO             PET0 !!!!!!!!!!!!!!!!!!!!!!!!!!!!!!!!!!!!!!!!!!!!!!!!!!!!!!
20241004 222209.096 INFO             PET0 !!! THE ESMF_LOG IS SET TO OUTPUT ALL LOG MESSAGES !!!
20241004 222209.096 INFO             PET0 !!!     THIS MAY CAUSE SLOWDOWN IN PERFORMANCE     !!!
20241004 222209.096 INFO             PET0 !!! FOR PRODUCTION RUNS, USE:                      !!!
20241004 222209.096 INFO             PET0 !!!                   ESMF_LOGKIND_Multi_On_Error  !!!
20241004 222209.096 INFO             PET0 !!!!!!!!!!!!!!!!!!!!!!!!!!!!!!!!!!!!!!!!!!!!!!!!!!!!!!
20241004 222209.096 INFO             PET0 Running with ESMF Version   : v8.7.0
20241004 222209.096 INFO             PET0 ESMF library build date/time: "Oct  4 2024" "21:35:15"
20241004 222209.096 INFO             PET0 ESMF library build location : /tmp/gfortran_11.2.0_mpiuni_O_v8.7.0/esmf
20241004 222209.096 INFO             PET0 ESMF_COMM                   : mpiuni
20241004 222209.096 INFO             PET0 ESMF_MOAB                   : enabled
20241004 222209.096 INFO             PET0 ESMF_LAPACK                 : enabled
20241004 222209.096 INFO             PET0 ESMF_NETCDF                 : enabled
20241004 222209.096 INFO             PET0 ESMF_PNETCDF                : disabled
20241004 222209.096 INFO             PET0 ESMF_PIO                    : enabled
20241004 222209.096 INFO             PET0 ESMF_YAMLCPP                : enabled
20241004 222209.096 INFO             PET0  NUMBER_OF_PROCESSORS           1
20241004 222209.096 INFO             PET0  PASS  Example ESMF_VMUserMpiCommEx, ESMF_VMUserMpiCommEx.F90, line 113
20241004 222209.096 INFO             PET0  Finalizing ESMF with endflag==ESMF_END_KEEPMPI
