2024-10-05 21:45:02
20241005 221445.030 INFO             PET0 !!!!!!!!!!!!!!!!!!!!!!!!!!!!!!!!!!!!!!!!!!!!!!!!!!!!!!
20241005 221445.030 INFO             PET0 !!! THE ESMF_LOG IS SET TO OUTPUT ALL LOG MESSAGES !!!
20241005 221445.030 INFO             PET0 !!!     THIS MAY CAUSE SLOWDOWN IN PERFORMANCE     !!!
20241005 221445.030 INFO             PET0 !!! FOR PRODUCTION RUNS, USE:                      !!!
20241005 221445.030 INFO             PET0 !!!                   ESMF_LOGKIND_Multi_On_Error  !!!
20241005 221445.030 INFO             PET0 !!!!!!!!!!!!!!!!!!!!!!!!!!!!!!!!!!!!!!!!!!!!!!!!!!!!!!
20241005 221445.030 INFO             PET0 Running with ESMF Version   : v8.7.0
20241005 221445.030 INFO             PET0 ESMF library build date/time: "Oct  5 2024" "21:44:01"
20241005 221445.030 INFO             PET0 ESMF library build location : /tmp/gfortran_11.2.0_mpiuni_O_v8.7.0/esmf
20241005 221445.030 INFO             PET0 ESMF_COMM                   : mpiuni
20241005 221445.030 INFO             PET0 ESMF_MOAB                   : enabled
20241005 221445.030 INFO             PET0 ESMF_LAPACK                 : enabled
20241005 221445.030 INFO             PET0 ESMF_NETCDF                 : enabled
20241005 221445.030 INFO             PET0 ESMF_PNETCDF                : disabled
20241005 221445.030 INFO             PET0 ESMF_PIO                    : enabled
20241005 221445.030 INFO             PET0 ESMF_YAMLCPP                : enabled
20241005 221445.037 INFO             PET0  NUMBER_OF_PROCESSORS           1
20241005 221445.037 INFO             PET0  PASS  Example ESMF_LocStreamEx, ESMF_LocStreamEx.F90, line 784
20241005 221445.037 INFO             PET0  Finalizing ESMF
