2024-10-04 06:04:00
 localPET= 0  localDE= 0 : array( 1 , 1 )= 1.11889989724012697E-310
 localPET= 0  localDE= 0 : array( 1 , 2 )= 1.58101006669198894E-322
 localPET= 0  localDE= 0 : array( 2 , 1 )= 1.11889989724012697E-310
 localPET= 0  localDE= 0 : array( 2 , 2 )= 6.32404026676795577E-322
 localPET= 0  localDE= 0 : array( 3 , 1 )= 3.95252516672997235E-323
 localPET= 0  localDE= 0 : array( 3 , 2 )= 4.94065645841246544E-324
 localPET= 0  localDE= 1 : array( 1 , 1 )= 1.11889989724170798E-310
 localPET= 0  localDE= 1 : array( 2 , 1 )= 6.57003752809489578E-317
 localPET= 0  localDE= 1 : array( 3 , 1 )= 6.01347001699906849E-154
 localPet:  0 DE  0  [ 1,  3 ]
 localPet:  0 DE  4  [ 1,  3 ]
  PASS  Example ESMF_ArrayEx, ESMF_ArrayEx.F90, line 1901
 PASS: ESMF_ArrayEx.F90
 localPET= 1  localDE= 0 : array( 1 , 1 )= 0.
 localPET= 1  localDE= 0 : array( 1 , 2 )= 0.
 localPET= 1  localDE= 0 : array( 2 , 1 )= 0.
 localPET= 1  localDE= 0 : array( 2 , 2 )= 0.
 localPET= 1  localDE= 1 : array( 1 , 1 )= 0.
 localPET= 1  localDE= 1 : array( 2 , 1 )= 0.
 localPet:  1 DE  1  [ 1,  2 ]
 localPet:  1 DE  5  [ 1,  2 ]
  PASS  Example ESMF_ArrayEx, ESMF_ArrayEx.F90, line 1901
 PASS: ESMF_ArrayEx.F90
 localPET= 2  localDE= 0 : array( 1 , 1 )= 0.
 localPET= 2  localDE= 0 : array( 1 , 2 )= 0.
 localPET= 2  localDE= 0 : array( 2 , 1 )= 0.
 localPET= 2  localDE= 0 : array( 2 , 2 )= 0.
 localPET= 2  localDE= 0 : array( 3 , 1 )= 0.
 localPET= 2  localDE= 0 : array( 3 , 2 )= 0.
 localPet:  2 DE  2  [ 1,  3 ]
  PASS  Example ESMF_ArrayEx, ESMF_ArrayEx.F90, line 1901
 PASS: ESMF_ArrayEx.F90
 localPET= 3  localDE= 0 : array( 1 , 1 )= 1.10858572470040556E-310
 localPET= 3  localDE= 0 : array( 1 , 2 )= 0.
 localPET= 3  localDE= 0 : array( 2 , 1 )= 1.10858572470040556E-310
 localPET= 3  localDE= 0 : array( 2 , 2 )= 0.
 localPet:  3 DE  3  [ 1,  2 ]
  PASS  Example ESMF_ArrayEx, ESMF_ArrayEx.F90, line 1901
 PASS: ESMF_ArrayEx.F90
