2024-09-24 07:38:06
20240924 083050.205 INFO             PET0 !!!!!!!!!!!!!!!!!!!!!!!!!!!!!!!!!!!!!!!!!!!!!!!!!!!!!!
20240924 083050.205 INFO             PET0 !!! THE ESMF_LOG IS SET TO OUTPUT ALL LOG MESSAGES !!!
20240924 083050.205 INFO             PET0 !!!     THIS MAY CAUSE SLOWDOWN IN PERFORMANCE     !!!
20240924 083050.205 INFO             PET0 !!! FOR PRODUCTION RUNS, USE:                      !!!
20240924 083050.205 INFO             PET0 !!!                   ESMF_LOGKIND_Multi_On_Error  !!!
20240924 083050.205 INFO             PET0 !!!!!!!!!!!!!!!!!!!!!!!!!!!!!!!!!!!!!!!!!!!!!!!!!!!!!!
20240924 083050.205 INFO             PET0 Running with ESMF Version   : v8.7.0b14-1-g2597b0a993
20240924 083050.205 INFO             PET0 ESMF library build date/time: "Sep 24 2024" "07:35:04"
20240924 083050.205 INFO             PET0 ESMF library build location : /scratch2/NCEPDEV/stmp1/Gerhard.Theurich/ESMF-Nightly-Testing/gfortran_13.2.0_openmpi_O_release_8.7.0/esmf
20240924 083050.205 INFO             PET0 ESMF_COMM                   : openmpi
20240924 083050.205 INFO             PET0 ESMF_MOAB                   : enabled
20240924 083050.205 INFO             PET0 ESMF_LAPACK                 : enabled
20240924 083050.205 INFO             PET0 ESMF_NETCDF                 : disabled
20240924 083050.205 INFO             PET0 ESMF_PNETCDF                : disabled
20240924 083050.205 INFO             PET0 ESMF_PIO                    : disabled
20240924 083050.205 INFO             PET0 ESMF_YAMLCPP                : enabled
20240924 083050.206 INFO             PET0 =============================================
20240924 083050.206 INFO             PET0 ESMX (Earth System Model eXecutable) STARTING
20240924 083050.206 INFO             PET0 =============================================
20240924 083050.210 INFO             PET0 =============================================
20240924 083050.210 INFO             PET0 ESMX (Earth System Model eXecutable) FINISHED
20240924 083050.210 INFO             PET0 =============================================
20240924 083050.210 INFO             PET0  Finalizing ESMF
20240924 083050.205 INFO             PET1 !!!!!!!!!!!!!!!!!!!!!!!!!!!!!!!!!!!!!!!!!!!!!!!!!!!!!!
20240924 083050.205 INFO             PET1 !!! THE ESMF_LOG IS SET TO OUTPUT ALL LOG MESSAGES !!!
20240924 083050.205 INFO             PET1 !!!     THIS MAY CAUSE SLOWDOWN IN PERFORMANCE     !!!
20240924 083050.205 INFO             PET1 !!! FOR PRODUCTION RUNS, USE:                      !!!
20240924 083050.205 INFO             PET1 !!!                   ESMF_LOGKIND_Multi_On_Error  !!!
20240924 083050.205 INFO             PET1 !!!!!!!!!!!!!!!!!!!!!!!!!!!!!!!!!!!!!!!!!!!!!!!!!!!!!!
20240924 083050.205 INFO             PET1 Running with ESMF Version   : v8.7.0b14-1-g2597b0a993
20240924 083050.205 INFO             PET1 ESMF library build date/time: "Sep 24 2024" "07:35:04"
20240924 083050.205 INFO             PET1 ESMF library build location : /scratch2/NCEPDEV/stmp1/Gerhard.Theurich/ESMF-Nightly-Testing/gfortran_13.2.0_openmpi_O_release_8.7.0/esmf
20240924 083050.205 INFO             PET1 ESMF_COMM                   : openmpi
20240924 083050.205 INFO             PET1 ESMF_MOAB                   : enabled
20240924 083050.205 INFO             PET1 ESMF_LAPACK                 : enabled
20240924 083050.205 INFO             PET1 ESMF_NETCDF                 : disabled
20240924 083050.205 INFO             PET1 ESMF_PNETCDF                : disabled
20240924 083050.205 INFO             PET1 ESMF_PIO                    : disabled
20240924 083050.205 INFO             PET1 ESMF_YAMLCPP                : enabled
20240924 083050.206 INFO             PET1 =============================================
20240924 083050.206 INFO             PET1 ESMX (Earth System Model eXecutable) STARTING
20240924 083050.206 INFO             PET1 =============================================
20240924 083050.210 INFO             PET1 =============================================
20240924 083050.210 INFO             PET1 ESMX (Earth System Model eXecutable) FINISHED
20240924 083050.210 INFO             PET1 =============================================
20240924 083050.210 INFO             PET1  Finalizing ESMF
20240924 083050.204 INFO             PET2 !!!!!!!!!!!!!!!!!!!!!!!!!!!!!!!!!!!!!!!!!!!!!!!!!!!!!!
20240924 083050.204 INFO             PET2 !!! THE ESMF_LOG IS SET TO OUTPUT ALL LOG MESSAGES !!!
20240924 083050.204 INFO             PET2 !!!     THIS MAY CAUSE SLOWDOWN IN PERFORMANCE     !!!
20240924 083050.204 INFO             PET2 !!! FOR PRODUCTION RUNS, USE:                      !!!
20240924 083050.204 INFO             PET2 !!!                   ESMF_LOGKIND_Multi_On_Error  !!!
20240924 083050.204 INFO             PET2 !!!!!!!!!!!!!!!!!!!!!!!!!!!!!!!!!!!!!!!!!!!!!!!!!!!!!!
20240924 083050.204 INFO             PET2 Running with ESMF Version   : v8.7.0b14-1-g2597b0a993
20240924 083050.204 INFO             PET2 ESMF library build date/time: "Sep 24 2024" "07:35:04"
20240924 083050.204 INFO             PET2 ESMF library build location : /scratch2/NCEPDEV/stmp1/Gerhard.Theurich/ESMF-Nightly-Testing/gfortran_13.2.0_openmpi_O_release_8.7.0/esmf
20240924 083050.204 INFO             PET2 ESMF_COMM                   : openmpi
20240924 083050.205 INFO             PET2 ESMF_MOAB                   : enabled
20240924 083050.205 INFO             PET2 ESMF_LAPACK                 : enabled
20240924 083050.205 INFO             PET2 ESMF_NETCDF                 : disabled
20240924 083050.205 INFO             PET2 ESMF_PNETCDF                : disabled
20240924 083050.205 INFO             PET2 ESMF_PIO                    : disabled
20240924 083050.205 INFO             PET2 ESMF_YAMLCPP                : enabled
20240924 083050.206 INFO             PET2 =============================================
20240924 083050.206 INFO             PET2 ESMX (Earth System Model eXecutable) STARTING
20240924 083050.206 INFO             PET2 =============================================
20240924 083050.210 INFO             PET2 =============================================
20240924 083050.210 INFO             PET2 ESMX (Earth System Model eXecutable) FINISHED
20240924 083050.210 INFO             PET2 =============================================
20240924 083050.210 INFO             PET2  Finalizing ESMF
20240924 083050.204 INFO             PET3 !!!!!!!!!!!!!!!!!!!!!!!!!!!!!!!!!!!!!!!!!!!!!!!!!!!!!!
20240924 083050.204 INFO             PET3 !!! THE ESMF_LOG IS SET TO OUTPUT ALL LOG MESSAGES !!!
20240924 083050.204 INFO             PET3 !!!     THIS MAY CAUSE SLOWDOWN IN PERFORMANCE     !!!
20240924 083050.204 INFO             PET3 !!! FOR PRODUCTION RUNS, USE:                      !!!
20240924 083050.204 INFO             PET3 !!!                   ESMF_LOGKIND_Multi_On_Error  !!!
20240924 083050.204 INFO             PET3 !!!!!!!!!!!!!!!!!!!!!!!!!!!!!!!!!!!!!!!!!!!!!!!!!!!!!!
20240924 083050.204 INFO             PET3 Running with ESMF Version   : v8.7.0b14-1-g2597b0a993
20240924 083050.204 INFO             PET3 ESMF library build date/time: "Sep 24 2024" "07:35:04"
20240924 083050.204 INFO             PET3 ESMF library build location : /scratch2/NCEPDEV/stmp1/Gerhard.Theurich/ESMF-Nightly-Testing/gfortran_13.2.0_openmpi_O_release_8.7.0/esmf
20240924 083050.205 INFO             PET3 ESMF_COMM                   : openmpi
20240924 083050.205 INFO             PET3 ESMF_MOAB                   : enabled
20240924 083050.205 INFO             PET3 ESMF_LAPACK                 : enabled
20240924 083050.205 INFO             PET3 ESMF_NETCDF                 : disabled
20240924 083050.205 INFO             PET3 ESMF_PNETCDF                : disabled
20240924 083050.205 INFO             PET3 ESMF_PIO                    : disabled
20240924 083050.205 INFO             PET3 ESMF_YAMLCPP                : enabled
20240924 083050.206 INFO             PET3 =============================================
20240924 083050.206 INFO             PET3 ESMX (Earth System Model eXecutable) STARTING
20240924 083050.206 INFO             PET3 =============================================
20240924 083050.210 INFO             PET3 =============================================
20240924 083050.210 INFO             PET3 ESMX (Earth System Model eXecutable) FINISHED
20240924 083050.210 INFO             PET3 =============================================
20240924 083050.210 INFO             PET3  Finalizing ESMF
