2024-09-27 22:48:39
20240927 234315.583 INFO             PET0 !!!!!!!!!!!!!!!!!!!!!!!!!!!!!!!!!!!!!!!!!!!!!!!!!!!!!!
20240927 234315.583 INFO             PET0 !!! THE ESMF_LOG IS SET TO OUTPUT ALL LOG MESSAGES !!!
20240927 234315.583 INFO             PET0 !!!     THIS MAY CAUSE SLOWDOWN IN PERFORMANCE     !!!
20240927 234315.583 INFO             PET0 !!! FOR PRODUCTION RUNS, USE:                      !!!
20240927 234315.583 INFO             PET0 !!!                   ESMF_LOGKIND_Multi_On_Error  !!!
20240927 234315.583 INFO             PET0 !!!!!!!!!!!!!!!!!!!!!!!!!!!!!!!!!!!!!!!!!!!!!!!!!!!!!!
20240927 234315.583 INFO             PET0 Running with ESMF Version   : v8.7.0b14-1-g2597b0a993
20240927 234315.583 INFO             PET0 ESMF library build date/time: "Sep 27 2024" "22:46:27"
20240927 234315.583 INFO             PET0 ESMF library build location : /discover/nobackup/projects/gmao/SIteam/ESMF_Testing/intel_2021.13.0_intelmpi_g_release_8.7.0/esmf
20240927 234315.583 INFO             PET0 ESMF_COMM                   : intelmpi
20240927 234315.583 INFO             PET0 ESMF_MOAB                   : enabled
20240927 234315.583 INFO             PET0 ESMF_LAPACK                 : enabled
20240927 234315.583 INFO             PET0 ESMF_NETCDF                 : enabled
20240927 234315.583 INFO             PET0 ESMF_PNETCDF                : disabled
20240927 234315.583 INFO             PET0 ESMF_PIO                    : enabled
20240927 234315.583 INFO             PET0 ESMF_YAMLCPP                : enabled
20240927 234315.584 INFO             PET0  NUMBER_OF_PROCESSORS           1
20240927 234315.584 INFO             PET0  PASS  Example ESMF_TimeIntervalEx, ESMF_TimeIntervalEx.F90, line 176
20240927 234315.584 INFO             PET0  Finalizing ESMF
