2024-09-18 05:24:10
20240918 060535.328 INFO             PET0 !!!!!!!!!!!!!!!!!!!!!!!!!!!!!!!!!!!!!!!!!!!!!!!!!!!!!!
20240918 060535.328 INFO             PET0 !!! THE ESMF_LOG IS SET TO OUTPUT ALL LOG MESSAGES !!!
20240918 060535.328 INFO             PET0 !!!     THIS MAY CAUSE SLOWDOWN IN PERFORMANCE     !!!
20240918 060535.328 INFO             PET0 !!! FOR PRODUCTION RUNS, USE:                      !!!
20240918 060535.328 INFO             PET0 !!!                   ESMF_LOGKIND_Multi_On_Error  !!!
20240918 060535.328 INFO             PET0 !!!!!!!!!!!!!!!!!!!!!!!!!!!!!!!!!!!!!!!!!!!!!!!!!!!!!!
20240918 060535.329 INFO             PET0 Running with ESMF Version   : v8.7.0b14-1-g2597b0a993
20240918 060535.329 INFO             PET0 ESMF library build date/time: "Sep 18 2024" "05:22:05"
20240918 060535.329 INFO             PET0 ESMF library build location : /discover/nobackup/projects/gmao/SIteam/ESMF_Testing/intel_2021.13.0_intelmpi_g_release_8.7.0/esmf
20240918 060535.329 INFO             PET0 ESMF_COMM                   : intelmpi
20240918 060535.329 INFO             PET0 ESMF_MOAB                   : enabled
20240918 060535.329 INFO             PET0 ESMF_LAPACK                 : enabled
20240918 060535.329 INFO             PET0 ESMF_NETCDF                 : disabled
20240918 060535.329 INFO             PET0 ESMF_PNETCDF                : disabled
20240918 060535.329 INFO             PET0 ESMF_PIO                    : disabled
20240918 060535.329 INFO             PET0 ESMF_YAMLCPP                : enabled
20240918 060535.330 ERROR            PET0 ESMCI_State.C:982 ESMCI::State::read() Library needed by ESMF not present  - Internal subroutine call returned Error
20240918 060535.330 ERROR            PET0 ESMF_StateAPI.cppF90:3446 ESMF_StateRead Library needed by ESMF not present  - Internal subroutine call returned Error
20240918 060535.331 INFO             PET0  NUMBER_OF_PROCESSORS           4
20240918 060535.331 INFO             PET0  PASS  Example ESMF_StateReadWriteEx, ESMF_StateReadWriteEx.F90, line 185
20240918 060535.331 INFO             PET0  Finalizing ESMF
20240918 060535.328 INFO             PET1 !!!!!!!!!!!!!!!!!!!!!!!!!!!!!!!!!!!!!!!!!!!!!!!!!!!!!!
20240918 060535.328 INFO             PET1 !!! THE ESMF_LOG IS SET TO OUTPUT ALL LOG MESSAGES !!!
20240918 060535.328 INFO             PET1 !!!     THIS MAY CAUSE SLOWDOWN IN PERFORMANCE     !!!
20240918 060535.328 INFO             PET1 !!! FOR PRODUCTION RUNS, USE:                      !!!
20240918 060535.328 INFO             PET1 !!!                   ESMF_LOGKIND_Multi_On_Error  !!!
20240918 060535.328 INFO             PET1 !!!!!!!!!!!!!!!!!!!!!!!!!!!!!!!!!!!!!!!!!!!!!!!!!!!!!!
20240918 060535.328 INFO             PET1 Running with ESMF Version   : v8.7.0b14-1-g2597b0a993
20240918 060535.328 INFO             PET1 ESMF library build date/time: "Sep 18 2024" "05:22:05"
20240918 060535.328 INFO             PET1 ESMF library build location : /discover/nobackup/projects/gmao/SIteam/ESMF_Testing/intel_2021.13.0_intelmpi_g_release_8.7.0/esmf
20240918 060535.328 INFO             PET1 ESMF_COMM                   : intelmpi
20240918 060535.329 INFO             PET1 ESMF_MOAB                   : enabled
20240918 060535.329 INFO             PET1 ESMF_LAPACK                 : enabled
20240918 060535.329 INFO             PET1 ESMF_NETCDF                 : disabled
20240918 060535.329 INFO             PET1 ESMF_PNETCDF                : disabled
20240918 060535.329 INFO             PET1 ESMF_PIO                    : disabled
20240918 060535.329 INFO             PET1 ESMF_YAMLCPP                : enabled
20240918 060535.330 ERROR            PET1 ESMCI_State.C:982 ESMCI::State::read() Library needed by ESMF not present  - Internal subroutine call returned Error
20240918 060535.330 ERROR            PET1 ESMF_StateAPI.cppF90:3446 ESMF_StateRead Library needed by ESMF not present  - Internal subroutine call returned Error
20240918 060535.331 INFO             PET1  NUMBER_OF_PROCESSORS           4
20240918 060535.331 INFO             PET1  PASS  Example ESMF_StateReadWriteEx, ESMF_StateReadWriteEx.F90, line 185
20240918 060535.331 INFO             PET1  Finalizing ESMF
20240918 060535.329 INFO             PET2 !!!!!!!!!!!!!!!!!!!!!!!!!!!!!!!!!!!!!!!!!!!!!!!!!!!!!!
20240918 060535.329 INFO             PET2 !!! THE ESMF_LOG IS SET TO OUTPUT ALL LOG MESSAGES !!!
20240918 060535.329 INFO             PET2 !!!     THIS MAY CAUSE SLOWDOWN IN PERFORMANCE     !!!
20240918 060535.329 INFO             PET2 !!! FOR PRODUCTION RUNS, USE:                      !!!
20240918 060535.329 INFO             PET2 !!!                   ESMF_LOGKIND_Multi_On_Error  !!!
20240918 060535.329 INFO             PET2 !!!!!!!!!!!!!!!!!!!!!!!!!!!!!!!!!!!!!!!!!!!!!!!!!!!!!!
20240918 060535.329 INFO             PET2 Running with ESMF Version   : v8.7.0b14-1-g2597b0a993
20240918 060535.329 INFO             PET2 ESMF library build date/time: "Sep 18 2024" "05:22:05"
20240918 060535.329 INFO             PET2 ESMF library build location : /discover/nobackup/projects/gmao/SIteam/ESMF_Testing/intel_2021.13.0_intelmpi_g_release_8.7.0/esmf
20240918 060535.329 INFO             PET2 ESMF_COMM                   : intelmpi
20240918 060535.329 INFO             PET2 ESMF_MOAB                   : enabled
20240918 060535.329 INFO             PET2 ESMF_LAPACK                 : enabled
20240918 060535.329 INFO             PET2 ESMF_NETCDF                 : disabled
20240918 060535.329 INFO             PET2 ESMF_PNETCDF                : disabled
20240918 060535.329 INFO             PET2 ESMF_PIO                    : disabled
20240918 060535.329 INFO             PET2 ESMF_YAMLCPP                : enabled
20240918 060535.330 ERROR            PET2 ESMCI_State.C:982 ESMCI::State::read() Library needed by ESMF not present  - Internal subroutine call returned Error
20240918 060535.330 ERROR            PET2 ESMF_StateAPI.cppF90:3446 ESMF_StateRead Library needed by ESMF not present  - Internal subroutine call returned Error
20240918 060535.331 INFO             PET2  NUMBER_OF_PROCESSORS           4
20240918 060535.331 INFO             PET2  PASS  Example ESMF_StateReadWriteEx, ESMF_StateReadWriteEx.F90, line 185
20240918 060535.331 INFO             PET2  Finalizing ESMF
20240918 060535.329 INFO             PET3 !!!!!!!!!!!!!!!!!!!!!!!!!!!!!!!!!!!!!!!!!!!!!!!!!!!!!!
20240918 060535.329 INFO             PET3 !!! THE ESMF_LOG IS SET TO OUTPUT ALL LOG MESSAGES !!!
20240918 060535.329 INFO             PET3 !!!     THIS MAY CAUSE SLOWDOWN IN PERFORMANCE     !!!
20240918 060535.329 INFO             PET3 !!! FOR PRODUCTION RUNS, USE:                      !!!
20240918 060535.329 INFO             PET3 !!!                   ESMF_LOGKIND_Multi_On_Error  !!!
20240918 060535.329 INFO             PET3 !!!!!!!!!!!!!!!!!!!!!!!!!!!!!!!!!!!!!!!!!!!!!!!!!!!!!!
20240918 060535.329 INFO             PET3 Running with ESMF Version   : v8.7.0b14-1-g2597b0a993
20240918 060535.329 INFO             PET3 ESMF library build date/time: "Sep 18 2024" "05:22:05"
20240918 060535.329 INFO             PET3 ESMF library build location : /discover/nobackup/projects/gmao/SIteam/ESMF_Testing/intel_2021.13.0_intelmpi_g_release_8.7.0/esmf
20240918 060535.329 INFO             PET3 ESMF_COMM                   : intelmpi
20240918 060535.329 INFO             PET3 ESMF_MOAB                   : enabled
20240918 060535.329 INFO             PET3 ESMF_LAPACK                 : enabled
20240918 060535.329 INFO             PET3 ESMF_NETCDF                 : disabled
20240918 060535.329 INFO             PET3 ESMF_PNETCDF                : disabled
20240918 060535.329 INFO             PET3 ESMF_PIO                    : disabled
20240918 060535.329 INFO             PET3 ESMF_YAMLCPP                : enabled
20240918 060535.330 ERROR            PET3 ESMCI_State.C:982 ESMCI::State::read() Library needed by ESMF not present  - Internal subroutine call returned Error
20240918 060535.330 ERROR            PET3 ESMF_StateAPI.cppF90:3446 ESMF_StateRead Library needed by ESMF not present  - Internal subroutine call returned Error
20240918 060535.331 INFO             PET3  NUMBER_OF_PROCESSORS           4
20240918 060535.331 INFO             PET3  PASS  Example ESMF_StateReadWriteEx, ESMF_StateReadWriteEx.F90, line 185
20240918 060535.331 INFO             PET3  Finalizing ESMF
