2024-10-04 00:08:12
20241004 005744.338 INFO             PET0 !!!!!!!!!!!!!!!!!!!!!!!!!!!!!!!!!!!!!!!!!!!!!!!!!!!!!!
20241004 005744.338 INFO             PET0 !!! THE ESMF_LOG IS SET TO OUTPUT ALL LOG MESSAGES !!!
20241004 005744.338 INFO             PET0 !!!     THIS MAY CAUSE SLOWDOWN IN PERFORMANCE     !!!
20241004 005744.338 INFO             PET0 !!! FOR PRODUCTION RUNS, USE:                      !!!
20241004 005744.338 INFO             PET0 !!!                   ESMF_LOGKIND_Multi_On_Error  !!!
20241004 005744.338 INFO             PET0 !!!!!!!!!!!!!!!!!!!!!!!!!!!!!!!!!!!!!!!!!!!!!!!!!!!!!!
20241004 005744.338 INFO             PET0 Running with ESMF Version   : v8.7.0
20241004 005744.338 INFO             PET0 ESMF library build date/time: "Oct  4 2024" "00:07:15"
20241004 005744.338 INFO             PET0 ESMF library build location : /tmp/intel_2023.1.0_mpi_g_v8.7.0/esmf
20241004 005744.338 INFO             PET0 ESMF_COMM                   : mpi
20241004 005744.338 INFO             PET0 ESMF_MOAB                   : enabled
20241004 005744.338 INFO             PET0 ESMF_LAPACK                 : enabled
20241004 005744.338 INFO             PET0 ESMF_NETCDF                 : enabled
20241004 005744.338 INFO             PET0 ESMF_PNETCDF                : disabled
20241004 005744.338 INFO             PET0 ESMF_PIO                    : enabled
20241004 005744.338 INFO             PET0 ESMF_YAMLCPP                : enabled
20241004 005744.445 DEBUG            PET0 about to destroy Grid: 0x6996c0
20241004 005744.459 DEBUG            PET0 about to destroy Grid: 0x69c910
20241004 005744.498 INFO             PET0  NUMBER_OF_PROCESSORS           4
20241004 005744.498 INFO             PET0  PASS  Example ESMF_NUOPCAtmModelEx, ESMF_NUOPCAtmModelEx.F90, line 806
20241004 005744.498 INFO             PET0  Finalizing ESMF
20241004 005744.337 INFO             PET1 !!!!!!!!!!!!!!!!!!!!!!!!!!!!!!!!!!!!!!!!!!!!!!!!!!!!!!
20241004 005744.338 INFO             PET1 !!! THE ESMF_LOG IS SET TO OUTPUT ALL LOG MESSAGES !!!
20241004 005744.338 INFO             PET1 !!!     THIS MAY CAUSE SLOWDOWN IN PERFORMANCE     !!!
20241004 005744.338 INFO             PET1 !!! FOR PRODUCTION RUNS, USE:                      !!!
20241004 005744.338 INFO             PET1 !!!                   ESMF_LOGKIND_Multi_On_Error  !!!
20241004 005744.338 INFO             PET1 !!!!!!!!!!!!!!!!!!!!!!!!!!!!!!!!!!!!!!!!!!!!!!!!!!!!!!
20241004 005744.338 INFO             PET1 Running with ESMF Version   : v8.7.0
20241004 005744.338 INFO             PET1 ESMF library build date/time: "Oct  4 2024" "00:07:15"
20241004 005744.338 INFO             PET1 ESMF library build location : /tmp/intel_2023.1.0_mpi_g_v8.7.0/esmf
20241004 005744.338 INFO             PET1 ESMF_COMM                   : mpi
20241004 005744.338 INFO             PET1 ESMF_MOAB                   : enabled
20241004 005744.338 INFO             PET1 ESMF_LAPACK                 : enabled
20241004 005744.338 INFO             PET1 ESMF_NETCDF                 : enabled
20241004 005744.338 INFO             PET1 ESMF_PNETCDF                : disabled
20241004 005744.338 INFO             PET1 ESMF_PIO                    : enabled
20241004 005744.338 INFO             PET1 ESMF_YAMLCPP                : enabled
20241004 005744.445 DEBUG            PET1 about to destroy Grid: 0x6987b0
20241004 005744.459 DEBUG            PET1 about to destroy Grid: 0x699490
20241004 005744.498 INFO             PET1  NUMBER_OF_PROCESSORS           4
20241004 005744.498 INFO             PET1  PASS  Example ESMF_NUOPCAtmModelEx, ESMF_NUOPCAtmModelEx.F90, line 806
20241004 005744.498 INFO             PET1  Finalizing ESMF
20241004 005744.338 INFO             PET2 !!!!!!!!!!!!!!!!!!!!!!!!!!!!!!!!!!!!!!!!!!!!!!!!!!!!!!
20241004 005744.338 INFO             PET2 !!! THE ESMF_LOG IS SET TO OUTPUT ALL LOG MESSAGES !!!
20241004 005744.338 INFO             PET2 !!!     THIS MAY CAUSE SLOWDOWN IN PERFORMANCE     !!!
20241004 005744.338 INFO             PET2 !!! FOR PRODUCTION RUNS, USE:                      !!!
20241004 005744.338 INFO             PET2 !!!                   ESMF_LOGKIND_Multi_On_Error  !!!
20241004 005744.338 INFO             PET2 !!!!!!!!!!!!!!!!!!!!!!!!!!!!!!!!!!!!!!!!!!!!!!!!!!!!!!
20241004 005744.338 INFO             PET2 Running with ESMF Version   : v8.7.0
20241004 005744.338 INFO             PET2 ESMF library build date/time: "Oct  4 2024" "00:07:15"
20241004 005744.338 INFO             PET2 ESMF library build location : /tmp/intel_2023.1.0_mpi_g_v8.7.0/esmf
20241004 005744.338 INFO             PET2 ESMF_COMM                   : mpi
20241004 005744.338 INFO             PET2 ESMF_MOAB                   : enabled
20241004 005744.338 INFO             PET2 ESMF_LAPACK                 : enabled
20241004 005744.338 INFO             PET2 ESMF_NETCDF                 : enabled
20241004 005744.338 INFO             PET2 ESMF_PNETCDF                : disabled
20241004 005744.338 INFO             PET2 ESMF_PIO                    : enabled
20241004 005744.338 INFO             PET2 ESMF_YAMLCPP                : enabled
20241004 005744.445 DEBUG            PET2 about to destroy Grid: 0x6988b0
20241004 005744.459 DEBUG            PET2 about to destroy Grid: 0x699920
20241004 005744.498 INFO             PET2  NUMBER_OF_PROCESSORS           4
20241004 005744.498 INFO             PET2  PASS  Example ESMF_NUOPCAtmModelEx, ESMF_NUOPCAtmModelEx.F90, line 806
20241004 005744.498 INFO             PET2  Finalizing ESMF
20241004 005744.337 INFO             PET3 !!!!!!!!!!!!!!!!!!!!!!!!!!!!!!!!!!!!!!!!!!!!!!!!!!!!!!
20241004 005744.337 INFO             PET3 !!! THE ESMF_LOG IS SET TO OUTPUT ALL LOG MESSAGES !!!
20241004 005744.337 INFO             PET3 !!!     THIS MAY CAUSE SLOWDOWN IN PERFORMANCE     !!!
20241004 005744.337 INFO             PET3 !!! FOR PRODUCTION RUNS, USE:                      !!!
20241004 005744.337 INFO             PET3 !!!                   ESMF_LOGKIND_Multi_On_Error  !!!
20241004 005744.337 INFO             PET3 !!!!!!!!!!!!!!!!!!!!!!!!!!!!!!!!!!!!!!!!!!!!!!!!!!!!!!
20241004 005744.338 INFO             PET3 Running with ESMF Version   : v8.7.0
20241004 005744.338 INFO             PET3 ESMF library build date/time: "Oct  4 2024" "00:07:15"
20241004 005744.338 INFO             PET3 ESMF library build location : /tmp/intel_2023.1.0_mpi_g_v8.7.0/esmf
20241004 005744.338 INFO             PET3 ESMF_COMM                   : mpi
20241004 005744.338 INFO             PET3 ESMF_MOAB                   : enabled
20241004 005744.338 INFO             PET3 ESMF_LAPACK                 : enabled
20241004 005744.338 INFO             PET3 ESMF_NETCDF                 : enabled
20241004 005744.338 INFO             PET3 ESMF_PNETCDF                : disabled
20241004 005744.338 INFO             PET3 ESMF_PIO                    : enabled
20241004 005744.338 INFO             PET3 ESMF_YAMLCPP                : enabled
20241004 005744.445 DEBUG            PET3 about to destroy Grid: 0x698790
20241004 005744.459 DEBUG            PET3 about to destroy Grid: 0x6996c0
20241004 005744.498 INFO             PET3  NUMBER_OF_PROCESSORS           4
20241004 005744.498 INFO             PET3  PASS  Example ESMF_NUOPCAtmModelEx, ESMF_NUOPCAtmModelEx.F90, line 806
20241004 005744.498 INFO             PET3  Finalizing ESMF
