2024-09-17 13:32:21
20240917 140546.991 INFO             PET0 !!!!!!!!!!!!!!!!!!!!!!!!!!!!!!!!!!!!!!!!!!!!!!!!!!!!!!
20240917 140546.991 INFO             PET0 !!! THE ESMF_LOG IS SET TO OUTPUT ALL LOG MESSAGES !!!
20240917 140546.991 INFO             PET0 !!!     THIS MAY CAUSE SLOWDOWN IN PERFORMANCE     !!!
20240917 140546.991 INFO             PET0 !!! FOR PRODUCTION RUNS, USE:                      !!!
20240917 140546.991 INFO             PET0 !!!                   ESMF_LOGKIND_Multi_On_Error  !!!
20240917 140546.991 INFO             PET0 !!!!!!!!!!!!!!!!!!!!!!!!!!!!!!!!!!!!!!!!!!!!!!!!!!!!!!
20240917 140546.991 INFO             PET0 Running with ESMF Version   : v8.7.0b14-1-g2597b0a993
20240917 140546.991 INFO             PET0 ESMF library build date/time: "Sep 17 2024" "13:30:25"
20240917 140546.991 INFO             PET0 ESMF library build location : /discover/nobackup/projects/gmao/SIteam/ESMF_Testing/gfortran_13.2.0_openmpi_g_release_8.7.0/esmf
20240917 140546.991 INFO             PET0 ESMF_COMM                   : openmpi
20240917 140546.991 INFO             PET0 ESMF_MOAB                   : enabled
20240917 140546.991 INFO             PET0 ESMF_LAPACK                 : enabled
20240917 140546.991 INFO             PET0 ESMF_NETCDF                 : disabled
20240917 140546.991 INFO             PET0 ESMF_PNETCDF                : disabled
20240917 140546.991 INFO             PET0 ESMF_PIO                    : disabled
20240917 140546.991 INFO             PET0 ESMF_YAMLCPP                : enabled
20240917 140547.082 DEBUG            PET0 about to destroy Grid: 0x13e2c20
20240917 140547.094 DEBUG            PET0 about to destroy Grid: 0x13e4e70
20240917 140547.126 INFO             PET0  NUMBER_OF_PROCESSORS           4
20240917 140547.126 INFO             PET0  PASS  Example ESMF_NUOPCAtmModelEx, ESMF_NUOPCAtmModelEx.F90, line 806
20240917 140547.126 INFO             PET0  Finalizing ESMF
20240917 140546.991 INFO             PET1 !!!!!!!!!!!!!!!!!!!!!!!!!!!!!!!!!!!!!!!!!!!!!!!!!!!!!!
20240917 140546.991 INFO             PET1 !!! THE ESMF_LOG IS SET TO OUTPUT ALL LOG MESSAGES !!!
20240917 140546.991 INFO             PET1 !!!     THIS MAY CAUSE SLOWDOWN IN PERFORMANCE     !!!
20240917 140546.991 INFO             PET1 !!! FOR PRODUCTION RUNS, USE:                      !!!
20240917 140546.991 INFO             PET1 !!!                   ESMF_LOGKIND_Multi_On_Error  !!!
20240917 140546.991 INFO             PET1 !!!!!!!!!!!!!!!!!!!!!!!!!!!!!!!!!!!!!!!!!!!!!!!!!!!!!!
20240917 140546.991 INFO             PET1 Running with ESMF Version   : v8.7.0b14-1-g2597b0a993
20240917 140546.991 INFO             PET1 ESMF library build date/time: "Sep 17 2024" "13:30:25"
20240917 140546.991 INFO             PET1 ESMF library build location : /discover/nobackup/projects/gmao/SIteam/ESMF_Testing/gfortran_13.2.0_openmpi_g_release_8.7.0/esmf
20240917 140546.991 INFO             PET1 ESMF_COMM                   : openmpi
20240917 140546.991 INFO             PET1 ESMF_MOAB                   : enabled
20240917 140546.991 INFO             PET1 ESMF_LAPACK                 : enabled
20240917 140546.991 INFO             PET1 ESMF_NETCDF                 : disabled
20240917 140546.991 INFO             PET1 ESMF_PNETCDF                : disabled
20240917 140546.991 INFO             PET1 ESMF_PIO                    : disabled
20240917 140546.991 INFO             PET1 ESMF_YAMLCPP                : enabled
20240917 140547.082 DEBUG            PET1 about to destroy Grid: 0x1e869f0
20240917 140547.094 DEBUG            PET1 about to destroy Grid: 0x1e888a0
20240917 140547.126 INFO             PET1  NUMBER_OF_PROCESSORS           4
20240917 140547.126 INFO             PET1  PASS  Example ESMF_NUOPCAtmModelEx, ESMF_NUOPCAtmModelEx.F90, line 806
20240917 140547.126 INFO             PET1  Finalizing ESMF
20240917 140546.991 INFO             PET2 !!!!!!!!!!!!!!!!!!!!!!!!!!!!!!!!!!!!!!!!!!!!!!!!!!!!!!
20240917 140546.991 INFO             PET2 !!! THE ESMF_LOG IS SET TO OUTPUT ALL LOG MESSAGES !!!
20240917 140546.991 INFO             PET2 !!!     THIS MAY CAUSE SLOWDOWN IN PERFORMANCE     !!!
20240917 140546.991 INFO             PET2 !!! FOR PRODUCTION RUNS, USE:                      !!!
20240917 140546.991 INFO             PET2 !!!                   ESMF_LOGKIND_Multi_On_Error  !!!
20240917 140546.991 INFO             PET2 !!!!!!!!!!!!!!!!!!!!!!!!!!!!!!!!!!!!!!!!!!!!!!!!!!!!!!
20240917 140546.991 INFO             PET2 Running with ESMF Version   : v8.7.0b14-1-g2597b0a993
20240917 140546.991 INFO             PET2 ESMF library build date/time: "Sep 17 2024" "13:30:25"
20240917 140546.991 INFO             PET2 ESMF library build location : /discover/nobackup/projects/gmao/SIteam/ESMF_Testing/gfortran_13.2.0_openmpi_g_release_8.7.0/esmf
20240917 140546.991 INFO             PET2 ESMF_COMM                   : openmpi
20240917 140546.991 INFO             PET2 ESMF_MOAB                   : enabled
20240917 140546.991 INFO             PET2 ESMF_LAPACK                 : enabled
20240917 140546.991 INFO             PET2 ESMF_NETCDF                 : disabled
20240917 140546.991 INFO             PET2 ESMF_PNETCDF                : disabled
20240917 140546.991 INFO             PET2 ESMF_PIO                    : disabled
20240917 140546.991 INFO             PET2 ESMF_YAMLCPP                : enabled
20240917 140547.082 DEBUG            PET2 about to destroy Grid: 0x1f6af60
20240917 140547.094 DEBUG            PET2 about to destroy Grid: 0x1f6ef60
20240917 140547.126 INFO             PET2  NUMBER_OF_PROCESSORS           4
20240917 140547.126 INFO             PET2  PASS  Example ESMF_NUOPCAtmModelEx, ESMF_NUOPCAtmModelEx.F90, line 806
20240917 140547.126 INFO             PET2  Finalizing ESMF
20240917 140546.991 INFO             PET3 !!!!!!!!!!!!!!!!!!!!!!!!!!!!!!!!!!!!!!!!!!!!!!!!!!!!!!
20240917 140546.991 INFO             PET3 !!! THE ESMF_LOG IS SET TO OUTPUT ALL LOG MESSAGES !!!
20240917 140546.991 INFO             PET3 !!!     THIS MAY CAUSE SLOWDOWN IN PERFORMANCE     !!!
20240917 140546.991 INFO             PET3 !!! FOR PRODUCTION RUNS, USE:                      !!!
20240917 140546.991 INFO             PET3 !!!                   ESMF_LOGKIND_Multi_On_Error  !!!
20240917 140546.991 INFO             PET3 !!!!!!!!!!!!!!!!!!!!!!!!!!!!!!!!!!!!!!!!!!!!!!!!!!!!!!
20240917 140546.991 INFO             PET3 Running with ESMF Version   : v8.7.0b14-1-g2597b0a993
20240917 140546.991 INFO             PET3 ESMF library build date/time: "Sep 17 2024" "13:30:25"
20240917 140546.991 INFO             PET3 ESMF library build location : /discover/nobackup/projects/gmao/SIteam/ESMF_Testing/gfortran_13.2.0_openmpi_g_release_8.7.0/esmf
20240917 140546.991 INFO             PET3 ESMF_COMM                   : openmpi
20240917 140546.992 INFO             PET3 ESMF_MOAB                   : enabled
20240917 140546.992 INFO             PET3 ESMF_LAPACK                 : enabled
20240917 140546.992 INFO             PET3 ESMF_NETCDF                 : disabled
20240917 140546.992 INFO             PET3 ESMF_PNETCDF                : disabled
20240917 140546.992 INFO             PET3 ESMF_PIO                    : disabled
20240917 140546.992 INFO             PET3 ESMF_YAMLCPP                : enabled
20240917 140547.082 DEBUG            PET3 about to destroy Grid: 0x1031ee0
20240917 140547.094 DEBUG            PET3 about to destroy Grid: 0x1034160
20240917 140547.126 INFO             PET3  NUMBER_OF_PROCESSORS           4
20240917 140547.126 INFO             PET3  PASS  Example ESMF_NUOPCAtmModelEx, ESMF_NUOPCAtmModelEx.F90, line 806
20240917 140547.126 INFO             PET3  Finalizing ESMF
