2024-09-27 02:22:58
20240927 031057.974 INFO             PET0 !!!!!!!!!!!!!!!!!!!!!!!!!!!!!!!!!!!!!!!!!!!!!!!!!!!!!!
20240927 031057.974 INFO             PET0 !!! THE ESMF_LOG IS SET TO OUTPUT ALL LOG MESSAGES !!!
20240927 031057.974 INFO             PET0 !!!     THIS MAY CAUSE SLOWDOWN IN PERFORMANCE     !!!
20240927 031057.974 INFO             PET0 !!! FOR PRODUCTION RUNS, USE:                      !!!
20240927 031057.974 INFO             PET0 !!!                   ESMF_LOGKIND_Multi_On_Error  !!!
20240927 031057.974 INFO             PET0 !!!!!!!!!!!!!!!!!!!!!!!!!!!!!!!!!!!!!!!!!!!!!!!!!!!!!!
20240927 031057.974 INFO             PET0 Running with ESMF Version   : v8.7.0b14-1-g2597b0a993
20240927 031057.974 INFO             PET0 ESMF library build date/time: "Sep 27 2024" "02:19:16"
20240927 031057.974 INFO             PET0 ESMF library build location : /glade/derecho/scratch/sacks/esmf-testing/gfortran_12.2.0_pio2.6.2_mpi_g_release_8.7.0/esmf
20240927 031057.974 INFO             PET0 ESMF_COMM                   : mpi
20240927 031057.975 INFO             PET0 ESMF_MOAB                   : enabled
20240927 031057.975 INFO             PET0 ESMF_LAPACK                 : enabled
20240927 031057.975 INFO             PET0 ESMF_NETCDF                 : enabled
20240927 031057.975 INFO             PET0 ESMF_PNETCDF                : disabled
20240927 031057.975 INFO             PET0 ESMF_PIO                    : enabled
20240927 031057.975 INFO             PET0 ESMF_YAMLCPP                : enabled
20240927 031057.975 INFO             PET0  NUMBER_OF_PROCESSORS           1
20240927 031057.975 INFO             PET0  PASS  Example ESMF_ClockEx, ESMF_ClockEx.F90, line 220
20240927 031057.975 INFO             PET0  Finalizing ESMF
