2024-10-03 01:55:33
20241003 023549.179 INFO             PET0 !!!!!!!!!!!!!!!!!!!!!!!!!!!!!!!!!!!!!!!!!!!!!!!!!!!!!!
20241003 023549.179 INFO             PET0 !!! THE ESMF_LOG IS SET TO OUTPUT ALL LOG MESSAGES !!!
20241003 023549.179 INFO             PET0 !!!     THIS MAY CAUSE SLOWDOWN IN PERFORMANCE     !!!
20241003 023549.179 INFO             PET0 !!! FOR PRODUCTION RUNS, USE:                      !!!
20241003 023549.179 INFO             PET0 !!!                   ESMF_LOGKIND_Multi_On_Error  !!!
20241003 023549.179 INFO             PET0 !!!!!!!!!!!!!!!!!!!!!!!!!!!!!!!!!!!!!!!!!!!!!!!!!!!!!!
20241003 023549.179 INFO             PET0 Running with ESMF Version   : v8.7.0b14-6-gd29442cb2f
20241003 023549.179 INFO             PET0 ESMF library build date/time: "Oct  3 2024" "01:52:18"
20241003 023549.179 INFO             PET0 ESMF library build location : /glade/derecho/scratch/sacks/esmf-testing/gfortran_12.2.0_pio2.6.2_mpi_g_release_8.7.0/esmf
20241003 023549.179 INFO             PET0 ESMF_COMM                   : mpi
20241003 023549.180 INFO             PET0 ESMF_MOAB                   : enabled
20241003 023549.180 INFO             PET0 ESMF_LAPACK                 : enabled
20241003 023549.180 INFO             PET0 ESMF_NETCDF                 : enabled
20241003 023549.180 INFO             PET0 ESMF_PNETCDF                : disabled
20241003 023549.180 INFO             PET0 ESMF_PIO                    : enabled
20241003 023549.180 INFO             PET0 ESMF_YAMLCPP                : enabled
20241003 023549.180 INFO             PET0  NUMBER_OF_PROCESSORS           1
20241003 023549.180 INFO             PET0  PASS  Example ESMF_TimeIntervalEx, ESMF_TimeIntervalEx.F90, line 176
20241003 023549.180 INFO             PET0  Finalizing ESMF
