2024-09-09 15:50:44
20240909 160656.186 INFO             PET0 !!!!!!!!!!!!!!!!!!!!!!!!!!!!!!!!!!!!!!!!!!!!!!!!!!!!!!
20240909 160656.187 INFO             PET0 !!! THE ESMF_LOG IS SET TO OUTPUT ALL LOG MESSAGES !!!
20240909 160656.187 INFO             PET0 !!!     THIS MAY CAUSE SLOWDOWN IN PERFORMANCE     !!!
20240909 160656.187 INFO             PET0 !!! FOR PRODUCTION RUNS, USE:                      !!!
20240909 160656.187 INFO             PET0 !!!                   ESMF_LOGKIND_Multi_On_Error  !!!
20240909 160656.187 INFO             PET0 !!!!!!!!!!!!!!!!!!!!!!!!!!!!!!!!!!!!!!!!!!!!!!!!!!!!!!
20240909 160656.187 INFO             PET0 Running with ESMF Version   : v8.7.0b13-12-g9379ba6a7e
20240909 160656.187 INFO             PET0 ESMF library build date/time: "Sep  9 2024" "15:49:47"
20240909 160656.187 INFO             PET0 ESMF library build location : /Users/oehmke/ESMF_AutoTest/gfortranclang_12.2.0_14.0.0_mpich_O_develop/esmf
20240909 160656.187 INFO             PET0 ESMF_COMM                   : mpich
20240909 160656.187 INFO             PET0 ESMF_MOAB                   : enabled
20240909 160656.187 INFO             PET0 ESMF_LAPACK                 : enabled
20240909 160656.187 INFO             PET0 ESMF_NETCDF                 : enabled
20240909 160656.187 INFO             PET0 ESMF_PNETCDF                : disabled
20240909 160656.187 INFO             PET0 ESMF_PIO                    : enabled
20240909 160656.187 INFO             PET0 ESMF_YAMLCPP                : enabled
20240909 160656.188 DEBUG            PET0 ESMCI_CompTunnel.C:1063 ESMCI::ServiceLoop() ServiceLoop: entering with port argument: 61010 and timeout: 20
20240909 160656.188 DEBUG            PET0 ESMCI_CompTunnel.C:345 ESMCI::CompTunnel::negotiate() negotiate socketBased actual: port=61010, timeout=20
20240909 160658.191 DEBUG            PET0 ESMCI_CompTunnel.C:476 ESMCI::CompTunnel::negotiate() finished socketBased negotiate() on actual component side
20240909 160658.191 DEBUG            PET0 ESMCI_CompTunnel.C:872 ESMCI::CompTunnel::dual2actual() dual2actual() socketBased (actual side)...
20240909 160658.191 DEBUG            PET0 ESMCI_CompTunnel.C:872 ESMCI::CompTunnel::dual2actual() dual2actual() socketBased (actual side)...
20240909 160658.191 DEBUG            PET0 ESMCI_CompTunnel.C:1122 ESMCI::ServiceLoop() ServiceLoop: received method: InitializeIC and phase: 1
20240909 160658.191 INFO             PET0 Actual Component Initialize
20240909 160658.191 DEBUG            PET0 ESMCI_CompTunnel.C:957 ESMCI::CompTunnel::actual2dual() actual2dual() socketBased (actual side)...
20240909 160658.191 DEBUG            PET0 ESMCI_CompTunnel.C:872 ESMCI::CompTunnel::dual2actual() dual2actual() socketBased (actual side)...
20240909 160658.191 DEBUG            PET0 ESMCI_CompTunnel.C:872 ESMCI::CompTunnel::dual2actual() dual2actual() socketBased (actual side)...
20240909 160658.191 DEBUG            PET0 ESMCI_CompTunnel.C:1122 ESMCI::ServiceLoop() ServiceLoop: received method: RunIC and phase: 1
20240909 160658.191 INFO             PET0 Actual Component Run
20240909 160658.191 DEBUG            PET0 ESMCI_CompTunnel.C:957 ESMCI::CompTunnel::actual2dual() actual2dual() socketBased (actual side)...
20240909 160658.191 DEBUG            PET0 ESMCI_CompTunnel.C:872 ESMCI::CompTunnel::dual2actual() dual2actual() socketBased (actual side)...
20240909 160658.191 DEBUG            PET0 ESMCI_CompTunnel.C:872 ESMCI::CompTunnel::dual2actual() dual2actual() socketBased (actual side)...
20240909 160658.191 DEBUG            PET0 ESMCI_CompTunnel.C:1122 ESMCI::ServiceLoop() ServiceLoop: received method: FinalizeIC and phase: 1
20240909 160658.191 INFO             PET0 Actual Component Finalize
20240909 160658.191 DEBUG            PET0 ESMCI_CompTunnel.C:957 ESMCI::CompTunnel::actual2dual() actual2dual() socketBased (actual side)...
20240909 160658.191 DEBUG            PET0 ESMCI_CompTunnel.C:872 ESMCI::CompTunnel::dual2actual() dual2actual() socketBased (actual side)...
20240909 160658.191 DEBUG            PET0 ESMCI_CompTunnel.C:872 ESMCI::CompTunnel::dual2actual() dual2actual() socketBased (actual side)...
20240909 160658.192 DEBUG            PET0 ESMCI_CompTunnel.C:1122 ESMCI::ServiceLoop() ServiceLoop: received method: InitializeIC and phase: 1
20240909 160658.192 INFO             PET0 Actual Component Initialize
20240909 160658.192 DEBUG            PET0 ESMCI_CompTunnel.C:957 ESMCI::CompTunnel::actual2dual() actual2dual() socketBased (actual side)...
20240909 160658.192 DEBUG            PET0 ESMCI_CompTunnel.C:872 ESMCI::CompTunnel::dual2actual() dual2actual() socketBased (actual side)...
20240909 160658.192 DEBUG            PET0 ESMCI_CompTunnel.C:872 ESMCI::CompTunnel::dual2actual() dual2actual() socketBased (actual side)...
20240909 160658.192 DEBUG            PET0 ESMCI_CompTunnel.C:1122 ESMCI::ServiceLoop() ServiceLoop: received method: InitializeIC and phase: 1
20240909 160658.192 INFO             PET0 Actual Component Initialize
20240909 160658.192 DEBUG            PET0 ESMCI_CompTunnel.C:957 ESMCI::CompTunnel::actual2dual() actual2dual() socketBased (actual side)...
20240909 160658.192 DEBUG            PET0 ESMCI_CompTunnel.C:872 ESMCI::CompTunnel::dual2actual() dual2actual() socketBased (actual side)...
20240909 160658.192 DEBUG            PET0 ESMCI_CompTunnel.C:872 ESMCI::CompTunnel::dual2actual() dual2actual() socketBased (actual side)...
20240909 160658.192 DEBUG            PET0 ESMCI_CompTunnel.C:1122 ESMCI::ServiceLoop() ServiceLoop: received method: RunIC and phase: 1
20240909 160658.192 INFO             PET0 Actual Component Run
20240909 160658.192 DEBUG            PET0 ESMCI_CompTunnel.C:957 ESMCI::CompTunnel::actual2dual() actual2dual() socketBased (actual side)...
20240909 160658.192 DEBUG            PET0 ESMCI_CompTunnel.C:872 ESMCI::CompTunnel::dual2actual() dual2actual() socketBased (actual side)...
20240909 160658.192 DEBUG            PET0 ESMCI_CompTunnel.C:872 ESMCI::CompTunnel::dual2actual() dual2actual() socketBased (actual side)...
20240909 160658.192 DEBUG            PET0 ESMCI_CompTunnel.C:1122 ESMCI::ServiceLoop() ServiceLoop: received method: None and phase: 1
20240909 160658.192 DEBUG            PET0 ESMCI_CompTunnel.C:957 ESMCI::CompTunnel::actual2dual() actual2dual() socketBased (actual side)...
20240909 160658.192 DEBUG            PET0 ESMCI_CompTunnel.C:1153 ESMCI::ServiceLoop() ServiceLoop: exiting
20240909 160658.192 INFO             PET0  NUMBER_OF_PROCESSORS           6
20240909 160658.192 INFO             PET0  PASS  Example ESMF_CompTunnelEx, ESMF_CompTunnelEx.F90, line 549
20240909 160658.192 INFO             PET0  Finalizing ESMF
20240909 160658.192 INFO             PET0 ESMCI_IO_Handler.C:335 ESMCI::IO_Handler::finalize() 
20240909 160658.192 INFO             PET0 ESMCI_PIO_Handler.C:356 ESMCI::PIO_Handler::finalize() 
20240909 160658.192 INFO             PET0 ESMCI_IO_Handler.C:337 ESMCI::IO_Handler::finalize() after finalize, localrc = 0
20240909 160658.192 INFO             PET0 ESMCI_IO_Handler.C:360 ESMCI::IO_Handler::finalize() before return, localrc = 0
20240909 160656.186 INFO             PET1 !!!!!!!!!!!!!!!!!!!!!!!!!!!!!!!!!!!!!!!!!!!!!!!!!!!!!!
20240909 160656.187 INFO             PET1 !!! THE ESMF_LOG IS SET TO OUTPUT ALL LOG MESSAGES !!!
20240909 160656.188 INFO             PET1 !!!     THIS MAY CAUSE SLOWDOWN IN PERFORMANCE     !!!
20240909 160656.188 INFO             PET1 !!! FOR PRODUCTION RUNS, USE:                      !!!
20240909 160656.188 INFO             PET1 !!!                   ESMF_LOGKIND_Multi_On_Error  !!!
20240909 160656.188 INFO             PET1 !!!!!!!!!!!!!!!!!!!!!!!!!!!!!!!!!!!!!!!!!!!!!!!!!!!!!!
20240909 160656.188 INFO             PET1 Running with ESMF Version   : v8.7.0b13-12-g9379ba6a7e
20240909 160656.188 INFO             PET1 ESMF library build date/time: "Sep  9 2024" "15:49:47"
20240909 160656.188 INFO             PET1 ESMF library build location : /Users/oehmke/ESMF_AutoTest/gfortranclang_12.2.0_14.0.0_mpich_O_develop/esmf
20240909 160656.188 INFO             PET1 ESMF_COMM                   : mpich
20240909 160656.188 INFO             PET1 ESMF_MOAB                   : enabled
20240909 160656.188 INFO             PET1 ESMF_LAPACK                 : enabled
20240909 160656.188 INFO             PET1 ESMF_NETCDF                 : enabled
20240909 160656.188 INFO             PET1 ESMF_PNETCDF                : disabled
20240909 160656.188 INFO             PET1 ESMF_PIO                    : enabled
20240909 160656.188 INFO             PET1 ESMF_YAMLCPP                : enabled
20240909 160656.188 DEBUG            PET1 ESMCI_CompTunnel.C:1063 ESMCI::ServiceLoop() ServiceLoop: entering with port argument: 61010 and timeout: 20
20240909 160658.191 DEBUG            PET1 ESMCI_CompTunnel.C:476 ESMCI::CompTunnel::negotiate() finished socketBased negotiate() on actual component side
20240909 160658.191 DEBUG            PET1 ESMCI_CompTunnel.C:872 ESMCI::CompTunnel::dual2actual() dual2actual() socketBased (actual side)...
20240909 160658.191 DEBUG            PET1 ESMCI_CompTunnel.C:872 ESMCI::CompTunnel::dual2actual() dual2actual() socketBased (actual side)...
20240909 160658.191 DEBUG            PET1 ESMCI_CompTunnel.C:1122 ESMCI::ServiceLoop() ServiceLoop: received method: InitializeIC and phase: 1
20240909 160658.191 INFO             PET1 Actual Component Initialize
20240909 160658.191 DEBUG            PET1 ESMCI_CompTunnel.C:957 ESMCI::CompTunnel::actual2dual() actual2dual() socketBased (actual side)...
20240909 160658.191 DEBUG            PET1 ESMCI_CompTunnel.C:872 ESMCI::CompTunnel::dual2actual() dual2actual() socketBased (actual side)...
20240909 160658.191 DEBUG            PET1 ESMCI_CompTunnel.C:872 ESMCI::CompTunnel::dual2actual() dual2actual() socketBased (actual side)...
20240909 160658.191 DEBUG            PET1 ESMCI_CompTunnel.C:1122 ESMCI::ServiceLoop() ServiceLoop: received method: RunIC and phase: 1
20240909 160658.191 INFO             PET1 Actual Component Run
20240909 160658.191 DEBUG            PET1 ESMCI_CompTunnel.C:957 ESMCI::CompTunnel::actual2dual() actual2dual() socketBased (actual side)...
20240909 160658.191 DEBUG            PET1 ESMCI_CompTunnel.C:872 ESMCI::CompTunnel::dual2actual() dual2actual() socketBased (actual side)...
20240909 160658.191 DEBUG            PET1 ESMCI_CompTunnel.C:872 ESMCI::CompTunnel::dual2actual() dual2actual() socketBased (actual side)...
20240909 160658.191 DEBUG            PET1 ESMCI_CompTunnel.C:1122 ESMCI::ServiceLoop() ServiceLoop: received method: FinalizeIC and phase: 1
20240909 160658.191 INFO             PET1 Actual Component Finalize
20240909 160658.191 DEBUG            PET1 ESMCI_CompTunnel.C:957 ESMCI::CompTunnel::actual2dual() actual2dual() socketBased (actual side)...
20240909 160658.191 DEBUG            PET1 ESMCI_CompTunnel.C:872 ESMCI::CompTunnel::dual2actual() dual2actual() socketBased (actual side)...
20240909 160658.191 DEBUG            PET1 ESMCI_CompTunnel.C:872 ESMCI::CompTunnel::dual2actual() dual2actual() socketBased (actual side)...
20240909 160658.192 DEBUG            PET1 ESMCI_CompTunnel.C:1122 ESMCI::ServiceLoop() ServiceLoop: received method: InitializeIC and phase: 1
20240909 160658.192 INFO             PET1 Actual Component Initialize
20240909 160658.192 DEBUG            PET1 ESMCI_CompTunnel.C:957 ESMCI::CompTunnel::actual2dual() actual2dual() socketBased (actual side)...
20240909 160658.192 DEBUG            PET1 ESMCI_CompTunnel.C:872 ESMCI::CompTunnel::dual2actual() dual2actual() socketBased (actual side)...
20240909 160658.192 DEBUG            PET1 ESMCI_CompTunnel.C:872 ESMCI::CompTunnel::dual2actual() dual2actual() socketBased (actual side)...
20240909 160658.192 DEBUG            PET1 ESMCI_CompTunnel.C:1122 ESMCI::ServiceLoop() ServiceLoop: received method: InitializeIC and phase: 1
20240909 160658.192 INFO             PET1 Actual Component Initialize
20240909 160658.192 DEBUG            PET1 ESMCI_CompTunnel.C:957 ESMCI::CompTunnel::actual2dual() actual2dual() socketBased (actual side)...
20240909 160658.192 DEBUG            PET1 ESMCI_CompTunnel.C:872 ESMCI::CompTunnel::dual2actual() dual2actual() socketBased (actual side)...
20240909 160658.192 DEBUG            PET1 ESMCI_CompTunnel.C:872 ESMCI::CompTunnel::dual2actual() dual2actual() socketBased (actual side)...
20240909 160658.192 DEBUG            PET1 ESMCI_CompTunnel.C:1122 ESMCI::ServiceLoop() ServiceLoop: received method: RunIC and phase: 1
20240909 160658.192 INFO             PET1 Actual Component Run
20240909 160658.192 DEBUG            PET1 ESMCI_CompTunnel.C:957 ESMCI::CompTunnel::actual2dual() actual2dual() socketBased (actual side)...
20240909 160658.192 DEBUG            PET1 ESMCI_CompTunnel.C:872 ESMCI::CompTunnel::dual2actual() dual2actual() socketBased (actual side)...
20240909 160658.192 DEBUG            PET1 ESMCI_CompTunnel.C:872 ESMCI::CompTunnel::dual2actual() dual2actual() socketBased (actual side)...
20240909 160658.192 DEBUG            PET1 ESMCI_CompTunnel.C:1122 ESMCI::ServiceLoop() ServiceLoop: received method: None and phase: 1
20240909 160658.192 DEBUG            PET1 ESMCI_CompTunnel.C:957 ESMCI::CompTunnel::actual2dual() actual2dual() socketBased (actual side)...
20240909 160658.192 DEBUG            PET1 ESMCI_CompTunnel.C:1153 ESMCI::ServiceLoop() ServiceLoop: exiting
20240909 160658.192 INFO             PET1  NUMBER_OF_PROCESSORS           6
20240909 160658.192 INFO             PET1  PASS  Example ESMF_CompTunnelEx, ESMF_CompTunnelEx.F90, line 549
20240909 160658.192 INFO             PET1  Finalizing ESMF
20240909 160658.192 INFO             PET1 ESMCI_IO_Handler.C:335 ESMCI::IO_Handler::finalize() 
20240909 160658.192 INFO             PET1 ESMCI_PIO_Handler.C:356 ESMCI::PIO_Handler::finalize() 
20240909 160658.192 INFO             PET1 ESMCI_IO_Handler.C:337 ESMCI::IO_Handler::finalize() after finalize, localrc = 0
20240909 160658.192 INFO             PET1 ESMCI_IO_Handler.C:360 ESMCI::IO_Handler::finalize() before return, localrc = 0
20240909 160656.186 INFO             PET2 !!!!!!!!!!!!!!!!!!!!!!!!!!!!!!!!!!!!!!!!!!!!!!!!!!!!!!
20240909 160656.187 INFO             PET2 !!! THE ESMF_LOG IS SET TO OUTPUT ALL LOG MESSAGES !!!
20240909 160656.187 INFO             PET2 !!!     THIS MAY CAUSE SLOWDOWN IN PERFORMANCE     !!!
20240909 160656.187 INFO             PET2 !!! FOR PRODUCTION RUNS, USE:                      !!!
20240909 160656.187 INFO             PET2 !!!                   ESMF_LOGKIND_Multi_On_Error  !!!
20240909 160656.187 INFO             PET2 !!!!!!!!!!!!!!!!!!!!!!!!!!!!!!!!!!!!!!!!!!!!!!!!!!!!!!
20240909 160656.187 INFO             PET2 Running with ESMF Version   : v8.7.0b13-12-g9379ba6a7e
20240909 160656.187 INFO             PET2 ESMF library build date/time: "Sep  9 2024" "15:49:47"
20240909 160656.187 INFO             PET2 ESMF library build location : /Users/oehmke/ESMF_AutoTest/gfortranclang_12.2.0_14.0.0_mpich_O_develop/esmf
20240909 160656.187 INFO             PET2 ESMF_COMM                   : mpich
20240909 160656.187 INFO             PET2 ESMF_MOAB                   : enabled
20240909 160656.187 INFO             PET2 ESMF_LAPACK                 : enabled
20240909 160656.187 INFO             PET2 ESMF_NETCDF                 : enabled
20240909 160656.187 INFO             PET2 ESMF_PNETCDF                : disabled
20240909 160656.187 INFO             PET2 ESMF_PIO                    : enabled
20240909 160656.187 INFO             PET2 ESMF_YAMLCPP                : enabled
20240909 160656.188 DEBUG            PET2 ESMCI_CompTunnel.C:1063 ESMCI::ServiceLoop() ServiceLoop: entering with port argument: 61010 and timeout: 20
20240909 160658.191 DEBUG            PET2 ESMCI_CompTunnel.C:476 ESMCI::CompTunnel::negotiate() finished socketBased negotiate() on actual component side
20240909 160658.191 DEBUG            PET2 ESMCI_CompTunnel.C:872 ESMCI::CompTunnel::dual2actual() dual2actual() socketBased (actual side)...
20240909 160658.191 DEBUG            PET2 ESMCI_CompTunnel.C:872 ESMCI::CompTunnel::dual2actual() dual2actual() socketBased (actual side)...
20240909 160658.191 DEBUG            PET2 ESMCI_CompTunnel.C:1122 ESMCI::ServiceLoop() ServiceLoop: received method: InitializeIC and phase: 1
20240909 160658.191 INFO             PET2 Actual Component Initialize
20240909 160658.191 DEBUG            PET2 ESMCI_CompTunnel.C:957 ESMCI::CompTunnel::actual2dual() actual2dual() socketBased (actual side)...
20240909 160658.191 DEBUG            PET2 ESMCI_CompTunnel.C:872 ESMCI::CompTunnel::dual2actual() dual2actual() socketBased (actual side)...
20240909 160658.191 DEBUG            PET2 ESMCI_CompTunnel.C:872 ESMCI::CompTunnel::dual2actual() dual2actual() socketBased (actual side)...
20240909 160658.191 DEBUG            PET2 ESMCI_CompTunnel.C:1122 ESMCI::ServiceLoop() ServiceLoop: received method: RunIC and phase: 1
20240909 160658.191 INFO             PET2 Actual Component Run
20240909 160658.191 DEBUG            PET2 ESMCI_CompTunnel.C:957 ESMCI::CompTunnel::actual2dual() actual2dual() socketBased (actual side)...
20240909 160658.191 DEBUG            PET2 ESMCI_CompTunnel.C:872 ESMCI::CompTunnel::dual2actual() dual2actual() socketBased (actual side)...
20240909 160658.191 DEBUG            PET2 ESMCI_CompTunnel.C:872 ESMCI::CompTunnel::dual2actual() dual2actual() socketBased (actual side)...
20240909 160658.191 DEBUG            PET2 ESMCI_CompTunnel.C:1122 ESMCI::ServiceLoop() ServiceLoop: received method: FinalizeIC and phase: 1
20240909 160658.191 INFO             PET2 Actual Component Finalize
20240909 160658.191 DEBUG            PET2 ESMCI_CompTunnel.C:957 ESMCI::CompTunnel::actual2dual() actual2dual() socketBased (actual side)...
20240909 160658.191 DEBUG            PET2 ESMCI_CompTunnel.C:872 ESMCI::CompTunnel::dual2actual() dual2actual() socketBased (actual side)...
20240909 160658.191 DEBUG            PET2 ESMCI_CompTunnel.C:872 ESMCI::CompTunnel::dual2actual() dual2actual() socketBased (actual side)...
20240909 160658.192 DEBUG            PET2 ESMCI_CompTunnel.C:1122 ESMCI::ServiceLoop() ServiceLoop: received method: InitializeIC and phase: 1
20240909 160658.192 INFO             PET2 Actual Component Initialize
20240909 160658.192 DEBUG            PET2 ESMCI_CompTunnel.C:957 ESMCI::CompTunnel::actual2dual() actual2dual() socketBased (actual side)...
20240909 160658.192 DEBUG            PET2 ESMCI_CompTunnel.C:872 ESMCI::CompTunnel::dual2actual() dual2actual() socketBased (actual side)...
20240909 160658.192 DEBUG            PET2 ESMCI_CompTunnel.C:872 ESMCI::CompTunnel::dual2actual() dual2actual() socketBased (actual side)...
20240909 160658.192 DEBUG            PET2 ESMCI_CompTunnel.C:1122 ESMCI::ServiceLoop() ServiceLoop: received method: InitializeIC and phase: 1
20240909 160658.192 INFO             PET2 Actual Component Initialize
20240909 160658.192 DEBUG            PET2 ESMCI_CompTunnel.C:957 ESMCI::CompTunnel::actual2dual() actual2dual() socketBased (actual side)...
20240909 160658.192 DEBUG            PET2 ESMCI_CompTunnel.C:872 ESMCI::CompTunnel::dual2actual() dual2actual() socketBased (actual side)...
20240909 160658.192 DEBUG            PET2 ESMCI_CompTunnel.C:872 ESMCI::CompTunnel::dual2actual() dual2actual() socketBased (actual side)...
20240909 160658.192 DEBUG            PET2 ESMCI_CompTunnel.C:1122 ESMCI::ServiceLoop() ServiceLoop: received method: RunIC and phase: 1
20240909 160658.192 INFO             PET2 Actual Component Run
20240909 160658.192 DEBUG            PET2 ESMCI_CompTunnel.C:957 ESMCI::CompTunnel::actual2dual() actual2dual() socketBased (actual side)...
20240909 160658.192 DEBUG            PET2 ESMCI_CompTunnel.C:872 ESMCI::CompTunnel::dual2actual() dual2actual() socketBased (actual side)...
20240909 160658.192 DEBUG            PET2 ESMCI_CompTunnel.C:872 ESMCI::CompTunnel::dual2actual() dual2actual() socketBased (actual side)...
20240909 160658.192 DEBUG            PET2 ESMCI_CompTunnel.C:1122 ESMCI::ServiceLoop() ServiceLoop: received method: None and phase: 1
20240909 160658.192 DEBUG            PET2 ESMCI_CompTunnel.C:957 ESMCI::CompTunnel::actual2dual() actual2dual() socketBased (actual side)...
20240909 160658.192 DEBUG            PET2 ESMCI_CompTunnel.C:1153 ESMCI::ServiceLoop() ServiceLoop: exiting
20240909 160658.192 INFO             PET2  NUMBER_OF_PROCESSORS           6
20240909 160658.192 INFO             PET2  PASS  Example ESMF_CompTunnelEx, ESMF_CompTunnelEx.F90, line 549
20240909 160658.192 INFO             PET2  Finalizing ESMF
20240909 160658.192 INFO             PET2 ESMCI_IO_Handler.C:335 ESMCI::IO_Handler::finalize() 
20240909 160658.192 INFO             PET2 ESMCI_PIO_Handler.C:356 ESMCI::PIO_Handler::finalize() 
20240909 160658.192 INFO             PET2 ESMCI_IO_Handler.C:337 ESMCI::IO_Handler::finalize() after finalize, localrc = 0
20240909 160658.192 INFO             PET2 ESMCI_IO_Handler.C:360 ESMCI::IO_Handler::finalize() before return, localrc = 0
20240909 160656.186 INFO             PET3 !!!!!!!!!!!!!!!!!!!!!!!!!!!!!!!!!!!!!!!!!!!!!!!!!!!!!!
20240909 160656.188 INFO             PET3 !!! THE ESMF_LOG IS SET TO OUTPUT ALL LOG MESSAGES !!!
20240909 160656.188 INFO             PET3 !!!     THIS MAY CAUSE SLOWDOWN IN PERFORMANCE     !!!
20240909 160656.188 INFO             PET3 !!! FOR PRODUCTION RUNS, USE:                      !!!
20240909 160656.188 INFO             PET3 !!!                   ESMF_LOGKIND_Multi_On_Error  !!!
20240909 160656.188 INFO             PET3 !!!!!!!!!!!!!!!!!!!!!!!!!!!!!!!!!!!!!!!!!!!!!!!!!!!!!!
20240909 160656.188 INFO             PET3 Running with ESMF Version   : v8.7.0b13-12-g9379ba6a7e
20240909 160656.188 INFO             PET3 ESMF library build date/time: "Sep  9 2024" "15:49:47"
20240909 160656.188 INFO             PET3 ESMF library build location : /Users/oehmke/ESMF_AutoTest/gfortranclang_12.2.0_14.0.0_mpich_O_develop/esmf
20240909 160656.188 INFO             PET3 ESMF_COMM                   : mpich
20240909 160656.188 INFO             PET3 ESMF_MOAB                   : enabled
20240909 160656.188 INFO             PET3 ESMF_LAPACK                 : enabled
20240909 160656.188 INFO             PET3 ESMF_NETCDF                 : enabled
20240909 160656.188 INFO             PET3 ESMF_PNETCDF                : disabled
20240909 160656.188 INFO             PET3 ESMF_PIO                    : enabled
20240909 160656.188 INFO             PET3 ESMF_YAMLCPP                : enabled
20240909 160656.188 DEBUG            PET3 ESMCI_CompTunnel.C:1063 ESMCI::ServiceLoop() ServiceLoop: entering with port argument: 61011 and timeout: 2
20240909 160656.188 DEBUG            PET3 ESMCI_CompTunnel.C:345 ESMCI::CompTunnel::negotiate() negotiate socketBased actual: port=61011, timeout=2
20240909 160658.188 ERROR            PET3 ESMCI_CompTunnel.C:354 ESMCI::CompTunnel::negotiate() Timeout reached  - - No client connected, time out!
20240909 160658.189 ERROR            PET3 ESMCI_CompTunnel.C:1099 ESMCI::ServiceLoop() Timeout reached  - Internal subroutine call returned Error
20240909 160658.191 DEBUG            PET3 ESMCI_CompTunnel.C:577 ESMCI::CompTunnel::negotiate() finished socketBased negotiate() on dual component side
20240909 160658.191 DEBUG            PET3 ESMCI_CompTunnel.C:841 ESMCI::CompTunnel::dual2actual() dual2actual() socketBased (dual side)...
20240909 160658.191 DEBUG            PET3 ESMCI_CompTunnel.C:841 ESMCI::CompTunnel::dual2actual() dual2actual() socketBased (dual side)...
20240909 160658.191 DEBUG            PET3 ESMCI_CompTunnel.C:988 ESMCI::CompTunnel::actual2dual() actual2dual() socketBased (dual side)...
20240909 160658.191 DEBUG            PET3 ESMCI_CompTunnel.C:841 ESMCI::CompTunnel::dual2actual() dual2actual() socketBased (dual side)...
20240909 160658.191 DEBUG            PET3 ESMCI_CompTunnel.C:841 ESMCI::CompTunnel::dual2actual() dual2actual() socketBased (dual side)...
20240909 160658.191 DEBUG            PET3 ESMCI_CompTunnel.C:988 ESMCI::CompTunnel::actual2dual() actual2dual() socketBased (dual side)...
20240909 160658.191 DEBUG            PET3 ESMCI_CompTunnel.C:841 ESMCI::CompTunnel::dual2actual() dual2actual() socketBased (dual side)...
20240909 160658.191 DEBUG            PET3 ESMCI_CompTunnel.C:841 ESMCI::CompTunnel::dual2actual() dual2actual() socketBased (dual side)...
20240909 160658.191 DEBUG            PET3 ESMCI_CompTunnel.C:988 ESMCI::CompTunnel::actual2dual() actual2dual() socketBased (dual side)...
20240909 160658.191 DEBUG            PET3 ESMCI_CompTunnel.C:841 ESMCI::CompTunnel::dual2actual() dual2actual() socketBased (dual side)...
20240909 160658.191 DEBUG            PET3 ESMCI_CompTunnel.C:841 ESMCI::CompTunnel::dual2actual() dual2actual() socketBased (dual side)...
20240909 160658.191 DEBUG            PET3 ESMCI_CompTunnel.C:988 ESMCI::CompTunnel::actual2dual() actual2dual() socketBased (dual side)...
20240909 160658.192 DEBUG            PET3 ESMCI_CompTunnel.C:841 ESMCI::CompTunnel::dual2actual() dual2actual() socketBased (dual side)...
20240909 160658.192 DEBUG            PET3 ESMCI_CompTunnel.C:841 ESMCI::CompTunnel::dual2actual() dual2actual() socketBased (dual side)...
20240909 160658.192 DEBUG            PET3 ESMCI_CompTunnel.C:988 ESMCI::CompTunnel::actual2dual() actual2dual() socketBased (dual side)...
20240909 160658.192 DEBUG            PET3 ESMCI_CompTunnel.C:841 ESMCI::CompTunnel::dual2actual() dual2actual() socketBased (dual side)...
20240909 160658.192 DEBUG            PET3 ESMCI_CompTunnel.C:841 ESMCI::CompTunnel::dual2actual() dual2actual() socketBased (dual side)...
20240909 160658.192 DEBUG            PET3 ESMCI_CompTunnel.C:988 ESMCI::CompTunnel::actual2dual() actual2dual() socketBased (dual side)...
20240909 160658.192 DEBUG            PET3 ESMCI_CompTunnel.C:841 ESMCI::CompTunnel::dual2actual() dual2actual() socketBased (dual side)...
20240909 160658.192 DEBUG            PET3 ESMCI_CompTunnel.C:841 ESMCI::CompTunnel::dual2actual() dual2actual() socketBased (dual side)...
20240909 160658.192 DEBUG            PET3 ESMCI_CompTunnel.C:988 ESMCI::CompTunnel::actual2dual() actual2dual() socketBased (dual side)...
20240909 160658.192 INFO             PET3  NUMBER_OF_PROCESSORS           6
20240909 160658.192 INFO             PET3  PASS  Example ESMF_CompTunnelEx, ESMF_CompTunnelEx.F90, line 549
20240909 160658.192 INFO             PET3  Finalizing ESMF
20240909 160658.192 INFO             PET3 ESMCI_IO_Handler.C:335 ESMCI::IO_Handler::finalize() 
20240909 160658.192 INFO             PET3 ESMCI_PIO_Handler.C:356 ESMCI::PIO_Handler::finalize() 
20240909 160658.192 INFO             PET3 ESMCI_IO_Handler.C:337 ESMCI::IO_Handler::finalize() after finalize, localrc = 0
20240909 160658.192 INFO             PET3 ESMCI_IO_Handler.C:360 ESMCI::IO_Handler::finalize() before return, localrc = 0
20240909 160656.186 INFO             PET4 !!!!!!!!!!!!!!!!!!!!!!!!!!!!!!!!!!!!!!!!!!!!!!!!!!!!!!
20240909 160656.187 INFO             PET4 !!! THE ESMF_LOG IS SET TO OUTPUT ALL LOG MESSAGES !!!
20240909 160656.187 INFO             PET4 !!!     THIS MAY CAUSE SLOWDOWN IN PERFORMANCE     !!!
20240909 160656.187 INFO             PET4 !!! FOR PRODUCTION RUNS, USE:                      !!!
20240909 160656.187 INFO             PET4 !!!                   ESMF_LOGKIND_Multi_On_Error  !!!
20240909 160656.187 INFO             PET4 !!!!!!!!!!!!!!!!!!!!!!!!!!!!!!!!!!!!!!!!!!!!!!!!!!!!!!
20240909 160656.187 INFO             PET4 Running with ESMF Version   : v8.7.0b13-12-g9379ba6a7e
20240909 160656.187 INFO             PET4 ESMF library build date/time: "Sep  9 2024" "15:49:47"
20240909 160656.187 INFO             PET4 ESMF library build location : /Users/oehmke/ESMF_AutoTest/gfortranclang_12.2.0_14.0.0_mpich_O_develop/esmf
20240909 160656.187 INFO             PET4 ESMF_COMM                   : mpich
20240909 160656.187 INFO             PET4 ESMF_MOAB                   : enabled
20240909 160656.187 INFO             PET4 ESMF_LAPACK                 : enabled
20240909 160656.187 INFO             PET4 ESMF_NETCDF                 : enabled
20240909 160656.187 INFO             PET4 ESMF_PNETCDF                : disabled
20240909 160656.187 INFO             PET4 ESMF_PIO                    : enabled
20240909 160656.187 INFO             PET4 ESMF_YAMLCPP                : enabled
20240909 160656.188 DEBUG            PET4 ESMCI_CompTunnel.C:1063 ESMCI::ServiceLoop() ServiceLoop: entering with port argument: 61011 and timeout: 2
20240909 160658.189 ERROR            PET4 ESMCI_CompTunnel.C:1099 ESMCI::ServiceLoop() Timeout reached  - Internal subroutine call returned Error
20240909 160658.189 DEBUG            PET4 ESMCI_CompTunnel.C:483 ESMCI::CompTunnel::negotiate() negotiate socketBased dual: port=61010, timeout=10
20240909 160658.191 DEBUG            PET4 ESMCI_CompTunnel.C:577 ESMCI::CompTunnel::negotiate() finished socketBased negotiate() on dual component side
20240909 160658.191 DEBUG            PET4 ESMCI_CompTunnel.C:841 ESMCI::CompTunnel::dual2actual() dual2actual() socketBased (dual side)...
20240909 160658.191 DEBUG            PET4 ESMCI_CompTunnel.C:841 ESMCI::CompTunnel::dual2actual() dual2actual() socketBased (dual side)...
20240909 160658.191 DEBUG            PET4 ESMCI_CompTunnel.C:988 ESMCI::CompTunnel::actual2dual() actual2dual() socketBased (dual side)...
20240909 160658.191 DEBUG            PET4 ESMCI_CompTunnel.C:841 ESMCI::CompTunnel::dual2actual() dual2actual() socketBased (dual side)...
20240909 160658.191 DEBUG            PET4 ESMCI_CompTunnel.C:841 ESMCI::CompTunnel::dual2actual() dual2actual() socketBased (dual side)...
20240909 160658.191 DEBUG            PET4 ESMCI_CompTunnel.C:988 ESMCI::CompTunnel::actual2dual() actual2dual() socketBased (dual side)...
20240909 160658.191 DEBUG            PET4 ESMCI_CompTunnel.C:841 ESMCI::CompTunnel::dual2actual() dual2actual() socketBased (dual side)...
20240909 160658.191 DEBUG            PET4 ESMCI_CompTunnel.C:841 ESMCI::CompTunnel::dual2actual() dual2actual() socketBased (dual side)...
20240909 160658.191 DEBUG            PET4 ESMCI_CompTunnel.C:988 ESMCI::CompTunnel::actual2dual() actual2dual() socketBased (dual side)...
20240909 160658.191 DEBUG            PET4 ESMCI_CompTunnel.C:841 ESMCI::CompTunnel::dual2actual() dual2actual() socketBased (dual side)...
20240909 160658.191 DEBUG            PET4 ESMCI_CompTunnel.C:841 ESMCI::CompTunnel::dual2actual() dual2actual() socketBased (dual side)...
20240909 160658.191 DEBUG            PET4 ESMCI_CompTunnel.C:988 ESMCI::CompTunnel::actual2dual() actual2dual() socketBased (dual side)...
20240909 160658.192 DEBUG            PET4 ESMCI_CompTunnel.C:841 ESMCI::CompTunnel::dual2actual() dual2actual() socketBased (dual side)...
20240909 160658.192 DEBUG            PET4 ESMCI_CompTunnel.C:841 ESMCI::CompTunnel::dual2actual() dual2actual() socketBased (dual side)...
20240909 160658.192 DEBUG            PET4 ESMCI_CompTunnel.C:988 ESMCI::CompTunnel::actual2dual() actual2dual() socketBased (dual side)...
20240909 160658.192 DEBUG            PET4 ESMCI_CompTunnel.C:841 ESMCI::CompTunnel::dual2actual() dual2actual() socketBased (dual side)...
20240909 160658.192 DEBUG            PET4 ESMCI_CompTunnel.C:841 ESMCI::CompTunnel::dual2actual() dual2actual() socketBased (dual side)...
20240909 160658.192 DEBUG            PET4 ESMCI_CompTunnel.C:988 ESMCI::CompTunnel::actual2dual() actual2dual() socketBased (dual side)...
20240909 160658.192 DEBUG            PET4 ESMCI_CompTunnel.C:841 ESMCI::CompTunnel::dual2actual() dual2actual() socketBased (dual side)...
20240909 160658.192 DEBUG            PET4 ESMCI_CompTunnel.C:841 ESMCI::CompTunnel::dual2actual() dual2actual() socketBased (dual side)...
20240909 160658.192 DEBUG            PET4 ESMCI_CompTunnel.C:988 ESMCI::CompTunnel::actual2dual() actual2dual() socketBased (dual side)...
20240909 160658.192 INFO             PET4  NUMBER_OF_PROCESSORS           6
20240909 160658.192 INFO             PET4  PASS  Example ESMF_CompTunnelEx, ESMF_CompTunnelEx.F90, line 549
20240909 160658.192 INFO             PET4  Finalizing ESMF
20240909 160658.192 INFO             PET4 ESMCI_IO_Handler.C:335 ESMCI::IO_Handler::finalize() 
20240909 160658.192 INFO             PET4 ESMCI_PIO_Handler.C:356 ESMCI::PIO_Handler::finalize() 
20240909 160658.192 INFO             PET4 ESMCI_IO_Handler.C:337 ESMCI::IO_Handler::finalize() after finalize, localrc = 0
20240909 160658.192 INFO             PET4 ESMCI_IO_Handler.C:360 ESMCI::IO_Handler::finalize() before return, localrc = 0
20240909 160656.186 INFO             PET5 !!!!!!!!!!!!!!!!!!!!!!!!!!!!!!!!!!!!!!!!!!!!!!!!!!!!!!
20240909 160656.188 INFO             PET5 !!! THE ESMF_LOG IS SET TO OUTPUT ALL LOG MESSAGES !!!
20240909 160656.188 INFO             PET5 !!!     THIS MAY CAUSE SLOWDOWN IN PERFORMANCE     !!!
20240909 160656.188 INFO             PET5 !!! FOR PRODUCTION RUNS, USE:                      !!!
20240909 160656.188 INFO             PET5 !!!                   ESMF_LOGKIND_Multi_On_Error  !!!
20240909 160656.188 INFO             PET5 !!!!!!!!!!!!!!!!!!!!!!!!!!!!!!!!!!!!!!!!!!!!!!!!!!!!!!
20240909 160656.188 INFO             PET5 Running with ESMF Version   : v8.7.0b13-12-g9379ba6a7e
20240909 160656.188 INFO             PET5 ESMF library build date/time: "Sep  9 2024" "15:49:47"
20240909 160656.188 INFO             PET5 ESMF library build location : /Users/oehmke/ESMF_AutoTest/gfortranclang_12.2.0_14.0.0_mpich_O_develop/esmf
20240909 160656.188 INFO             PET5 ESMF_COMM                   : mpich
20240909 160656.188 INFO             PET5 ESMF_MOAB                   : enabled
20240909 160656.188 INFO             PET5 ESMF_LAPACK                 : enabled
20240909 160656.188 INFO             PET5 ESMF_NETCDF                 : enabled
20240909 160656.188 INFO             PET5 ESMF_PNETCDF                : disabled
20240909 160656.188 INFO             PET5 ESMF_PIO                    : enabled
20240909 160656.188 INFO             PET5 ESMF_YAMLCPP                : enabled
20240909 160656.188 DEBUG            PET5 ESMCI_CompTunnel.C:1063 ESMCI::ServiceLoop() ServiceLoop: entering with port argument: 61011 and timeout: 2
20240909 160658.189 ERROR            PET5 ESMCI_CompTunnel.C:1099 ESMCI::ServiceLoop() Timeout reached  - Internal subroutine call returned Error
20240909 160658.191 DEBUG            PET5 ESMCI_CompTunnel.C:577 ESMCI::CompTunnel::negotiate() finished socketBased negotiate() on dual component side
20240909 160658.191 DEBUG            PET5 ESMCI_CompTunnel.C:841 ESMCI::CompTunnel::dual2actual() dual2actual() socketBased (dual side)...
20240909 160658.191 DEBUG            PET5 ESMCI_CompTunnel.C:841 ESMCI::CompTunnel::dual2actual() dual2actual() socketBased (dual side)...
20240909 160658.191 DEBUG            PET5 ESMCI_CompTunnel.C:988 ESMCI::CompTunnel::actual2dual() actual2dual() socketBased (dual side)...
20240909 160658.191 DEBUG            PET5 ESMCI_CompTunnel.C:841 ESMCI::CompTunnel::dual2actual() dual2actual() socketBased (dual side)...
20240909 160658.191 DEBUG            PET5 ESMCI_CompTunnel.C:841 ESMCI::CompTunnel::dual2actual() dual2actual() socketBased (dual side)...
20240909 160658.191 DEBUG            PET5 ESMCI_CompTunnel.C:988 ESMCI::CompTunnel::actual2dual() actual2dual() socketBased (dual side)...
20240909 160658.191 DEBUG            PET5 ESMCI_CompTunnel.C:841 ESMCI::CompTunnel::dual2actual() dual2actual() socketBased (dual side)...
20240909 160658.191 DEBUG            PET5 ESMCI_CompTunnel.C:841 ESMCI::CompTunnel::dual2actual() dual2actual() socketBased (dual side)...
20240909 160658.191 DEBUG            PET5 ESMCI_CompTunnel.C:988 ESMCI::CompTunnel::actual2dual() actual2dual() socketBased (dual side)...
20240909 160658.191 DEBUG            PET5 ESMCI_CompTunnel.C:841 ESMCI::CompTunnel::dual2actual() dual2actual() socketBased (dual side)...
20240909 160658.191 DEBUG            PET5 ESMCI_CompTunnel.C:841 ESMCI::CompTunnel::dual2actual() dual2actual() socketBased (dual side)...
20240909 160658.191 DEBUG            PET5 ESMCI_CompTunnel.C:988 ESMCI::CompTunnel::actual2dual() actual2dual() socketBased (dual side)...
20240909 160658.192 DEBUG            PET5 ESMCI_CompTunnel.C:841 ESMCI::CompTunnel::dual2actual() dual2actual() socketBased (dual side)...
20240909 160658.192 DEBUG            PET5 ESMCI_CompTunnel.C:841 ESMCI::CompTunnel::dual2actual() dual2actual() socketBased (dual side)...
20240909 160658.192 DEBUG            PET5 ESMCI_CompTunnel.C:988 ESMCI::CompTunnel::actual2dual() actual2dual() socketBased (dual side)...
20240909 160658.192 DEBUG            PET5 ESMCI_CompTunnel.C:841 ESMCI::CompTunnel::dual2actual() dual2actual() socketBased (dual side)...
20240909 160658.192 DEBUG            PET5 ESMCI_CompTunnel.C:841 ESMCI::CompTunnel::dual2actual() dual2actual() socketBased (dual side)...
20240909 160658.192 DEBUG            PET5 ESMCI_CompTunnel.C:988 ESMCI::CompTunnel::actual2dual() actual2dual() socketBased (dual side)...
20240909 160658.192 DEBUG            PET5 ESMCI_CompTunnel.C:841 ESMCI::CompTunnel::dual2actual() dual2actual() socketBased (dual side)...
20240909 160658.192 DEBUG            PET5 ESMCI_CompTunnel.C:841 ESMCI::CompTunnel::dual2actual() dual2actual() socketBased (dual side)...
20240909 160658.192 DEBUG            PET5 ESMCI_CompTunnel.C:988 ESMCI::CompTunnel::actual2dual() actual2dual() socketBased (dual side)...
20240909 160658.192 INFO             PET5  NUMBER_OF_PROCESSORS           6
20240909 160658.192 INFO             PET5  PASS  Example ESMF_CompTunnelEx, ESMF_CompTunnelEx.F90, line 549
20240909 160658.192 INFO             PET5  Finalizing ESMF
20240909 160658.192 INFO             PET5 ESMCI_IO_Handler.C:335 ESMCI::IO_Handler::finalize() 
20240909 160658.192 INFO             PET5 ESMCI_PIO_Handler.C:356 ESMCI::PIO_Handler::finalize() 
20240909 160658.192 INFO             PET5 ESMCI_IO_Handler.C:337 ESMCI::IO_Handler::finalize() after finalize, localrc = 0
20240909 160658.192 INFO             PET5 ESMCI_IO_Handler.C:360 ESMCI::IO_Handler::finalize() before return, localrc = 0
