2024-09-25 22:27:37
20240925 231406.802 INFO             PET0 !!!!!!!!!!!!!!!!!!!!!!!!!!!!!!!!!!!!!!!!!!!!!!!!!!!!!!
20240925 231406.802 INFO             PET0 !!! THE ESMF_LOG IS SET TO OUTPUT ALL LOG MESSAGES !!!
20240925 231406.802 INFO             PET0 !!!     THIS MAY CAUSE SLOWDOWN IN PERFORMANCE     !!!
20240925 231406.802 INFO             PET0 !!! FOR PRODUCTION RUNS, USE:                      !!!
20240925 231406.802 INFO             PET0 !!!                   ESMF_LOGKIND_Multi_On_Error  !!!
20240925 231406.802 INFO             PET0 !!!!!!!!!!!!!!!!!!!!!!!!!!!!!!!!!!!!!!!!!!!!!!!!!!!!!!
20240925 231406.802 INFO             PET0 Running with ESMF Version   : v8.7.0b14-1-g2597b0a993
20240925 231406.802 INFO             PET0 ESMF library build date/time: "Sep 25 2024" "22:26:02"
20240925 231406.802 INFO             PET0 ESMF library build location : /discover/nobackup/projects/gmao/SIteam/ESMF_Testing/gfortran_14.2.0_mpiuni_O_release_8.7.0/esmf
20240925 231406.802 INFO             PET0 ESMF_COMM                   : mpiuni
20240925 231406.802 INFO             PET0 ESMF_MOAB                   : enabled
20240925 231406.802 INFO             PET0 ESMF_LAPACK                 : enabled
20240925 231406.802 INFO             PET0 ESMF_NETCDF                 : disabled
20240925 231406.802 INFO             PET0 ESMF_PNETCDF                : disabled
20240925 231406.802 INFO             PET0 ESMF_PIO                    : disabled
20240925 231406.802 INFO             PET0 ESMF_YAMLCPP                : enabled
20240925 231406.803 ERROR            PET0 ESMCI_State.C:982 ESMCI::State::read() Library needed by ESMF not present  - Internal subroutine call returned Error
20240925 231406.803 ERROR            PET0 ESMF_StateAPI.cppF90:3446 ESMF_StateRead Library needed by ESMF not present  - Internal subroutine call returned Error
20240925 231406.803 INFO             PET0  NUMBER_OF_PROCESSORS           1
20240925 231406.803 INFO             PET0  PASS  Example ESMF_StateReadWriteEx, ESMF_StateReadWriteEx.F90, line 185
20240925 231406.803 INFO             PET0  Finalizing ESMF
