2024-09-22 22:26:12
20240922 224944.495 INFO             PET0 !!!!!!!!!!!!!!!!!!!!!!!!!!!!!!!!!!!!!!!!!!!!!!!!!!!!!!
20240922 224944.495 INFO             PET0 !!! THE ESMF_LOG IS SET TO OUTPUT ALL LOG MESSAGES !!!
20240922 224944.495 INFO             PET0 !!!     THIS MAY CAUSE SLOWDOWN IN PERFORMANCE     !!!
20240922 224944.495 INFO             PET0 !!! FOR PRODUCTION RUNS, USE:                      !!!
20240922 224944.495 INFO             PET0 !!!                   ESMF_LOGKIND_Multi_On_Error  !!!
20240922 224944.495 INFO             PET0 !!!!!!!!!!!!!!!!!!!!!!!!!!!!!!!!!!!!!!!!!!!!!!!!!!!!!!
20240922 224944.495 INFO             PET0 Running with ESMF Version   : v8.7.0b14-1-g2597b0a993
20240922 224944.495 INFO             PET0 ESMF library build date/time: "Sep 22 2024" "22:24:31"
20240922 224944.495 INFO             PET0 ESMF library build location : /discover/nobackup/projects/gmao/SIteam/ESMF_Testing/gfortran_14.2.0_mpiuni_O_release_8.7.0/esmf
20240922 224944.495 INFO             PET0 ESMF_COMM                   : mpiuni
20240922 224944.495 INFO             PET0 ESMF_MOAB                   : enabled
20240922 224944.495 INFO             PET0 ESMF_LAPACK                 : enabled
20240922 224944.495 INFO             PET0 ESMF_NETCDF                 : disabled
20240922 224944.495 INFO             PET0 ESMF_PNETCDF                : disabled
20240922 224944.495 INFO             PET0 ESMF_PIO                    : disabled
20240922 224944.495 INFO             PET0 ESMF_YAMLCPP                : enabled
20240922 224944.495 INFO             PET0 ESMF Tracing Enabled
20240922 224944.495 INFO             PET0 ESMF Profiling Enabled
20240922 224944.495 INFO             PET0 ESMF Trace/Profile clock: REALTIME
20240922 224944.497 INFO             PET0  NUMBER_OF_PROCESSORS           1
20240922 224944.497 INFO             PET0  PASS  Example ESMF_TraceEx, ESMF_TraceEx.F90, line 178
20240922 224944.497 INFO             PET0  Finalizing ESMF
20240922 224944.497 INFO             PET0 **************** Region Timings *******************
20240922 224944.497 INFO             PET0 Region              Count  Total (s)   Self (s)    Mean (s)    Min (s)     Max (s)
20240922 224944.497 INFO             PET0   [ESMF]            1      0.0008      0.0008      0.0008      0.0008      0.0008
20240922 224944.497 INFO             PET0     [test] Run 1    5      0.0000      0.0000      0.0000      0.0000      0.0000
20240922 224944.497 INFO             PET0     [test] Init 1   1      0.0000      0.0000      0.0000      0.0000      0.0000
20240922 224944.497 INFO             PET0     [test] Final 1  1      0.0000      0.0000      0.0000      0.0000      0.0000
