2024-08-09 04:28:10
20240809 044959.949 INFO             PET0 !!!!!!!!!!!!!!!!!!!!!!!!!!!!!!!!!!!!!!!!!!!!!!!!!!!!!!
20240809 044959.949 INFO             PET0 !!! THE ESMF_LOG IS SET TO OUTPUT ALL LOG MESSAGES !!!
20240809 044959.949 INFO             PET0 !!!     THIS MAY CAUSE SLOWDOWN IN PERFORMANCE     !!!
20240809 044959.949 INFO             PET0 !!! FOR PRODUCTION RUNS, USE:                      !!!
20240809 044959.949 INFO             PET0 !!!                   ESMF_LOGKIND_Multi_On_Error  !!!
20240809 044959.949 INFO             PET0 !!!!!!!!!!!!!!!!!!!!!!!!!!!!!!!!!!!!!!!!!!!!!!!!!!!!!!
20240809 044959.949 INFO             PET0 Running with ESMF Version   : v8.7.0b11
20240809 044959.949 INFO             PET0 ESMF library build date/time: "Aug  9 2024" "04:27:11"
20240809 044959.949 INFO             PET0 ESMF library build location : /tmp/intel_2023.1.0-classic_mpiuni_g_develop/esmf
20240809 044959.949 INFO             PET0 ESMF_COMM                   : mpiuni
20240809 044959.950 INFO             PET0 ESMF_MOAB                   : enabled
20240809 044959.950 INFO             PET0 ESMF_LAPACK                 : enabled
20240809 044959.950 INFO             PET0 ESMF_NETCDF                 : enabled
20240809 044959.950 INFO             PET0 ESMF_PNETCDF                : disabled
20240809 044959.950 INFO             PET0 ESMF_PIO                    : enabled
20240809 044959.950 INFO             PET0 ESMF_YAMLCPP                : enabled
20240809 044959.950 INFO             PET0  NUMBER_OF_PROCESSORS           1
20240809 044959.950 INFO             PET0  PASS  Example ESMF_TimeIntervalEx, ESMF_TimeIntervalEx.F90, line 176
20240809 044959.950 INFO             PET0  Finalizing ESMF
