2024-08-30 00:14:00
20240830 031410.250 INFO             PET0 !!!!!!!!!!!!!!!!!!!!!!!!!!!!!!!!!!!!!!!!!!!!!!!!!!!!!!
20240830 031410.250 INFO             PET0 !!! THE ESMF_LOG IS SET TO OUTPUT ALL LOG MESSAGES !!!
20240830 031410.250 INFO             PET0 !!!     THIS MAY CAUSE SLOWDOWN IN PERFORMANCE     !!!
20240830 031410.250 INFO             PET0 !!! FOR PRODUCTION RUNS, USE:                      !!!
20240830 031410.250 INFO             PET0 !!!                   ESMF_LOGKIND_Multi_On_Error  !!!
20240830 031410.250 INFO             PET0 !!!!!!!!!!!!!!!!!!!!!!!!!!!!!!!!!!!!!!!!!!!!!!!!!!!!!!
20240830 031410.250 INFO             PET0 Running with ESMF Version   : v8.7.0b11-6-g82f8052f9c
20240830 031410.250 INFO             PET0 ESMF library build date/time: "Aug 30 2024" "00:12:55"
20240830 031410.250 INFO             PET0 ESMF library build location : /tmp/intel_2023.1.0-classic_mpiuni_g_develop/esmf
20240830 031410.250 INFO             PET0 ESMF_COMM                   : mpiuni
20240830 031410.251 INFO             PET0 ESMF_MOAB                   : enabled
20240830 031410.251 INFO             PET0 ESMF_LAPACK                 : enabled
20240830 031410.251 INFO             PET0 ESMF_NETCDF                 : enabled
20240830 031410.251 INFO             PET0 ESMF_PNETCDF                : disabled
20240830 031410.251 INFO             PET0 ESMF_PIO                    : enabled
20240830 031410.251 INFO             PET0 ESMF_YAMLCPP                : enabled
20240830 031410.279 DEBUG            PET0 about to destroy Grid: 0x659820
20240830 031410.283 DEBUG            PET0 about to destroy Grid: 0x65a6f0
20240830 031410.294 INFO             PET0  NUMBER_OF_PROCESSORS           1
20240830 031410.294 INFO             PET0  PASS  Example ESMF_NUOPCAtmModelEx, ESMF_NUOPCAtmModelEx.F90, line 806
20240830 031410.294 INFO             PET0  Finalizing ESMF
