2024-08-22 02:36:28
20240822 030435.693 INFO             PET0 !!!!!!!!!!!!!!!!!!!!!!!!!!!!!!!!!!!!!!!!!!!!!!!!!!!!!!
20240822 030435.693 INFO             PET0 !!! THE ESMF_LOG IS SET TO OUTPUT ALL LOG MESSAGES !!!
20240822 030435.693 INFO             PET0 !!!     THIS MAY CAUSE SLOWDOWN IN PERFORMANCE     !!!
20240822 030435.693 INFO             PET0 !!! FOR PRODUCTION RUNS, USE:                      !!!
20240822 030435.693 INFO             PET0 !!!                   ESMF_LOGKIND_Multi_On_Error  !!!
20240822 030435.693 INFO             PET0 !!!!!!!!!!!!!!!!!!!!!!!!!!!!!!!!!!!!!!!!!!!!!!!!!!!!!!
20240822 030435.693 INFO             PET0 Running with ESMF Version   : v8.7.0b11-5-gfda68a9ac3
20240822 030435.693 INFO             PET0 ESMF library build date/time: "Aug 22 2024" "02:34:44"
20240822 030435.693 INFO             PET0 ESMF library build location : /glade/derecho/scratch/sacks/esmf-testing/intel_2023.2.1-oneAPI_mpiuni_g_develop/esmf
20240822 030435.693 INFO             PET0 ESMF_COMM                   : mpiuni
20240822 030435.694 INFO             PET0 ESMF_MOAB                   : enabled
20240822 030435.694 INFO             PET0 ESMF_LAPACK                 : enabled
20240822 030435.694 INFO             PET0 ESMF_NETCDF                 : enabled
20240822 030435.694 INFO             PET0 ESMF_PNETCDF                : disabled
20240822 030435.694 INFO             PET0 ESMF_PIO                    : enabled
20240822 030435.694 INFO             PET0 ESMF_YAMLCPP                : enabled
20240822 030435.700 INFO             PET0  NUMBER_OF_PROCESSORS           1
20240822 030435.700 INFO             PET0  PASS  Example ESMF_XGridSparseMatEx, ESMF_XGridSparseMatEx.F90, line 642
20240822 030435.700 INFO             PET0  Finalizing ESMF
