2024-09-10 03:04:19
20240910 034106.244 INFO             PET0 !!!!!!!!!!!!!!!!!!!!!!!!!!!!!!!!!!!!!!!!!!!!!!!!!!!!!!
20240910 034106.244 INFO             PET0 !!! THE ESMF_LOG IS SET TO OUTPUT ALL LOG MESSAGES !!!
20240910 034106.244 INFO             PET0 !!!     THIS MAY CAUSE SLOWDOWN IN PERFORMANCE     !!!
20240910 034106.244 INFO             PET0 !!! FOR PRODUCTION RUNS, USE:                      !!!
20240910 034106.244 INFO             PET0 !!!                   ESMF_LOGKIND_Multi_On_Error  !!!
20240910 034106.244 INFO             PET0 !!!!!!!!!!!!!!!!!!!!!!!!!!!!!!!!!!!!!!!!!!!!!!!!!!!!!!
20240910 034106.244 INFO             PET0 Running with ESMF Version   : v8.7.0b13-12-g9379ba6a7e
20240910 034106.244 INFO             PET0 ESMF library build date/time: "Sep 10 2024" "03:01:52"
20240910 034106.244 INFO             PET0 ESMF library build location : /glade/derecho/scratch/sacks/esmf-testing/intel_2023.2.1-oneAPI_mpiuni_g_develop/esmf
20240910 034106.244 INFO             PET0 ESMF_COMM                   : mpiuni
20240910 034106.245 INFO             PET0 ESMF_MOAB                   : enabled
20240910 034106.245 INFO             PET0 ESMF_LAPACK                 : enabled
20240910 034106.245 INFO             PET0 ESMF_NETCDF                 : enabled
20240910 034106.245 INFO             PET0 ESMF_PNETCDF                : disabled
20240910 034106.245 INFO             PET0 ESMF_PIO                    : enabled
20240910 034106.245 INFO             PET0 ESMF_YAMLCPP                : enabled
20240910 034106.245 INFO             PET0 ESMF Tracing Enabled
20240910 034106.245 INFO             PET0 ESMF Profiling Enabled
20240910 034106.245 INFO             PET0 ESMF Trace/Profile clock: REALTIME
20240910 034106.248 INFO             PET0  NUMBER_OF_PROCESSORS           1
20240910 034106.248 INFO             PET0  PASS  Example ESMF_TraceUserEx, ESMF_TraceUserEx.F90, line 125
20240910 034106.248 INFO             PET0  Finalizing ESMF
20240910 034106.248 INFO             PET0 **************** Region Timings *******************
20240910 034106.248 INFO             PET0 Region                Count  Total (s)   Self (s)    Mean (s)    Min (s)     Max (s)
20240910 034106.248 INFO             PET0   [ESMF]              1      0.0008      0.0006      0.0008      0.0008      0.0008
20240910 034106.248 INFO             PET0     outer_region      1      0.0002      0.0000      0.0002      0.0002      0.0002
20240910 034106.248 INFO             PET0       inner_region_1  10     0.0001      0.0001      0.0000      0.0000      0.0000
20240910 034106.248 INFO             PET0       inner_region_2  10     0.0001      0.0001      0.0000      0.0000      0.0000
