2024-08-26 03:06:45
20240826 035133.023 INFO             PET0 !!!!!!!!!!!!!!!!!!!!!!!!!!!!!!!!!!!!!!!!!!!!!!!!!!!!!!
20240826 035133.023 INFO             PET0 !!! THE ESMF_LOG IS SET TO OUTPUT ALL LOG MESSAGES !!!
20240826 035133.023 INFO             PET0 !!!     THIS MAY CAUSE SLOWDOWN IN PERFORMANCE     !!!
20240826 035133.023 INFO             PET0 !!! FOR PRODUCTION RUNS, USE:                      !!!
20240826 035133.023 INFO             PET0 !!!                   ESMF_LOGKIND_Multi_On_Error  !!!
20240826 035133.023 INFO             PET0 !!!!!!!!!!!!!!!!!!!!!!!!!!!!!!!!!!!!!!!!!!!!!!!!!!!!!!
20240826 035133.023 INFO             PET0 Running with ESMF Version   : v8.7.0b11-5-gfda68a9ac3
20240826 035133.023 INFO             PET0 ESMF library build date/time: "Aug 26 2024" "03:04:02"
20240826 035133.023 INFO             PET0 ESMF library build location : /glade/derecho/scratch/sacks/esmf-testing/intel_2023.2.1-classic_mpi_O_develop/esmf
20240826 035133.023 INFO             PET0 ESMF_COMM                   : mpi
20240826 035133.024 INFO             PET0 ESMF_MOAB                   : enabled
20240826 035133.024 INFO             PET0 ESMF_LAPACK                 : enabled
20240826 035133.024 INFO             PET0 ESMF_NETCDF                 : enabled
20240826 035133.024 INFO             PET0 ESMF_PNETCDF                : disabled
20240826 035133.024 INFO             PET0 ESMF_PIO                    : enabled
20240826 035133.024 INFO             PET0 ESMF_YAMLCPP                : enabled
20240826 035133.060 DEBUG            PET0 about to destroy Grid: 0x8e5140
20240826 035133.063 DEBUG            PET0 about to destroy Grid: 0x8e9380
20240826 035133.070 INFO             PET0  NUMBER_OF_PROCESSORS           4
20240826 035133.070 INFO             PET0  PASS  Example ESMF_NUOPCAtmModelEx, ESMF_NUOPCAtmModelEx.F90, line 806
20240826 035133.070 INFO             PET0  Finalizing ESMF
20240826 035132.997 INFO             PET1 !!!!!!!!!!!!!!!!!!!!!!!!!!!!!!!!!!!!!!!!!!!!!!!!!!!!!!
20240826 035132.997 INFO             PET1 !!! THE ESMF_LOG IS SET TO OUTPUT ALL LOG MESSAGES !!!
20240826 035132.997 INFO             PET1 !!!     THIS MAY CAUSE SLOWDOWN IN PERFORMANCE     !!!
20240826 035132.997 INFO             PET1 !!! FOR PRODUCTION RUNS, USE:                      !!!
20240826 035132.997 INFO             PET1 !!!                   ESMF_LOGKIND_Multi_On_Error  !!!
20240826 035132.997 INFO             PET1 !!!!!!!!!!!!!!!!!!!!!!!!!!!!!!!!!!!!!!!!!!!!!!!!!!!!!!
20240826 035132.997 INFO             PET1 Running with ESMF Version   : v8.7.0b11-5-gfda68a9ac3
20240826 035132.997 INFO             PET1 ESMF library build date/time: "Aug 26 2024" "03:04:02"
20240826 035132.997 INFO             PET1 ESMF library build location : /glade/derecho/scratch/sacks/esmf-testing/intel_2023.2.1-classic_mpi_O_develop/esmf
20240826 035132.997 INFO             PET1 ESMF_COMM                   : mpi
20240826 035133.003 INFO             PET1 ESMF_MOAB                   : enabled
20240826 035133.003 INFO             PET1 ESMF_LAPACK                 : enabled
20240826 035133.003 INFO             PET1 ESMF_NETCDF                 : enabled
20240826 035133.003 INFO             PET1 ESMF_PNETCDF                : disabled
20240826 035133.003 INFO             PET1 ESMF_PIO                    : enabled
20240826 035133.003 INFO             PET1 ESMF_YAMLCPP                : enabled
20240826 035133.060 DEBUG            PET1 about to destroy Grid: 0x8e52b0
20240826 035133.063 DEBUG            PET1 about to destroy Grid: 0x8e6350
20240826 035133.070 INFO             PET1  NUMBER_OF_PROCESSORS           4
20240826 035133.070 INFO             PET1  PASS  Example ESMF_NUOPCAtmModelEx, ESMF_NUOPCAtmModelEx.F90, line 806
20240826 035133.070 INFO             PET1  Finalizing ESMF
20240826 035133.008 INFO             PET2 !!!!!!!!!!!!!!!!!!!!!!!!!!!!!!!!!!!!!!!!!!!!!!!!!!!!!!
20240826 035133.008 INFO             PET2 !!! THE ESMF_LOG IS SET TO OUTPUT ALL LOG MESSAGES !!!
20240826 035133.008 INFO             PET2 !!!     THIS MAY CAUSE SLOWDOWN IN PERFORMANCE     !!!
20240826 035133.008 INFO             PET2 !!! FOR PRODUCTION RUNS, USE:                      !!!
20240826 035133.008 INFO             PET2 !!!                   ESMF_LOGKIND_Multi_On_Error  !!!
20240826 035133.008 INFO             PET2 !!!!!!!!!!!!!!!!!!!!!!!!!!!!!!!!!!!!!!!!!!!!!!!!!!!!!!
20240826 035133.008 INFO             PET2 Running with ESMF Version   : v8.7.0b11-5-gfda68a9ac3
20240826 035133.008 INFO             PET2 ESMF library build date/time: "Aug 26 2024" "03:04:02"
20240826 035133.008 INFO             PET2 ESMF library build location : /glade/derecho/scratch/sacks/esmf-testing/intel_2023.2.1-classic_mpi_O_develop/esmf
20240826 035133.008 INFO             PET2 ESMF_COMM                   : mpi
20240826 035133.032 INFO             PET2 ESMF_MOAB                   : enabled
20240826 035133.032 INFO             PET2 ESMF_LAPACK                 : enabled
20240826 035133.032 INFO             PET2 ESMF_NETCDF                 : enabled
20240826 035133.032 INFO             PET2 ESMF_PNETCDF                : disabled
20240826 035133.032 INFO             PET2 ESMF_PIO                    : enabled
20240826 035133.032 INFO             PET2 ESMF_YAMLCPP                : enabled
20240826 035133.060 DEBUG            PET2 about to destroy Grid: 0x8e52d0
20240826 035133.063 DEBUG            PET2 about to destroy Grid: 0x8e6370
20240826 035133.070 INFO             PET2  NUMBER_OF_PROCESSORS           4
20240826 035133.070 INFO             PET2  PASS  Example ESMF_NUOPCAtmModelEx, ESMF_NUOPCAtmModelEx.F90, line 806
20240826 035133.070 INFO             PET2  Finalizing ESMF
20240826 035133.025 INFO             PET3 !!!!!!!!!!!!!!!!!!!!!!!!!!!!!!!!!!!!!!!!!!!!!!!!!!!!!!
20240826 035133.025 INFO             PET3 !!! THE ESMF_LOG IS SET TO OUTPUT ALL LOG MESSAGES !!!
20240826 035133.025 INFO             PET3 !!!     THIS MAY CAUSE SLOWDOWN IN PERFORMANCE     !!!
20240826 035133.025 INFO             PET3 !!! FOR PRODUCTION RUNS, USE:                      !!!
20240826 035133.025 INFO             PET3 !!!                   ESMF_LOGKIND_Multi_On_Error  !!!
20240826 035133.025 INFO             PET3 !!!!!!!!!!!!!!!!!!!!!!!!!!!!!!!!!!!!!!!!!!!!!!!!!!!!!!
20240826 035133.025 INFO             PET3 Running with ESMF Version   : v8.7.0b11-5-gfda68a9ac3
20240826 035133.025 INFO             PET3 ESMF library build date/time: "Aug 26 2024" "03:04:02"
20240826 035133.025 INFO             PET3 ESMF library build location : /glade/derecho/scratch/sacks/esmf-testing/intel_2023.2.1-classic_mpi_O_develop/esmf
20240826 035133.025 INFO             PET3 ESMF_COMM                   : mpi
20240826 035133.026 INFO             PET3 ESMF_MOAB                   : enabled
20240826 035133.026 INFO             PET3 ESMF_LAPACK                 : enabled
20240826 035133.026 INFO             PET3 ESMF_NETCDF                 : enabled
20240826 035133.026 INFO             PET3 ESMF_PNETCDF                : disabled
20240826 035133.026 INFO             PET3 ESMF_PIO                    : enabled
20240826 035133.026 INFO             PET3 ESMF_YAMLCPP                : enabled
20240826 035133.060 DEBUG            PET3 about to destroy Grid: 0x8e5260
20240826 035133.063 DEBUG            PET3 about to destroy Grid: 0x8e6270
20240826 035133.070 INFO             PET3  NUMBER_OF_PROCESSORS           4
20240826 035133.070 INFO             PET3  PASS  Example ESMF_NUOPCAtmModelEx, ESMF_NUOPCAtmModelEx.F90, line 806
20240826 035133.070 INFO             PET3  Finalizing ESMF
