2024-08-31 01:47:24
20240831 022944.841 INFO             PET0 !!!!!!!!!!!!!!!!!!!!!!!!!!!!!!!!!!!!!!!!!!!!!!!!!!!!!!
20240831 022944.841 INFO             PET0 !!! THE ESMF_LOG IS SET TO OUTPUT ALL LOG MESSAGES !!!
20240831 022944.841 INFO             PET0 !!!     THIS MAY CAUSE SLOWDOWN IN PERFORMANCE     !!!
20240831 022944.841 INFO             PET0 !!! FOR PRODUCTION RUNS, USE:                      !!!
20240831 022944.841 INFO             PET0 !!!                   ESMF_LOGKIND_Multi_On_Error  !!!
20240831 022944.841 INFO             PET0 !!!!!!!!!!!!!!!!!!!!!!!!!!!!!!!!!!!!!!!!!!!!!!!!!!!!!!
20240831 022944.841 INFO             PET0 Running with ESMF Version   : v8.7.0b12-2-gbfe22b56ac
20240831 022944.841 INFO             PET0 ESMF library build date/time: "Aug 31 2024" "01:45:13"
20240831 022944.841 INFO             PET0 ESMF library build location : /glade/derecho/scratch/sacks/esmf-testing/intel_2023.2.1_mpi_g_develop/esmf
20240831 022944.841 INFO             PET0 ESMF_COMM                   : mpi
20240831 022944.842 INFO             PET0 ESMF_MOAB                   : enabled
20240831 022944.842 INFO             PET0 ESMF_LAPACK                 : enabled
20240831 022944.842 INFO             PET0 ESMF_NETCDF                 : enabled
20240831 022944.842 INFO             PET0 ESMF_PNETCDF                : disabled
20240831 022944.842 INFO             PET0 ESMF_PIO                    : enabled
20240831 022944.842 INFO             PET0 ESMF_YAMLCPP                : enabled
20240831 022944.922 DEBUG            PET0 about to destroy Grid: 0x88a110
20240831 022944.933 DEBUG            PET0 about to destroy Grid: 0x88d660
20240831 022944.961 INFO             PET0  NUMBER_OF_PROCESSORS           4
20240831 022944.961 INFO             PET0  PASS  Example ESMF_NUOPCAtmModelEx, ESMF_NUOPCAtmModelEx.F90, line 806
20240831 022944.961 INFO             PET0  Finalizing ESMF
20240831 022944.842 INFO             PET1 !!!!!!!!!!!!!!!!!!!!!!!!!!!!!!!!!!!!!!!!!!!!!!!!!!!!!!
20240831 022944.842 INFO             PET1 !!! THE ESMF_LOG IS SET TO OUTPUT ALL LOG MESSAGES !!!
20240831 022944.842 INFO             PET1 !!!     THIS MAY CAUSE SLOWDOWN IN PERFORMANCE     !!!
20240831 022944.842 INFO             PET1 !!! FOR PRODUCTION RUNS, USE:                      !!!
20240831 022944.842 INFO             PET1 !!!                   ESMF_LOGKIND_Multi_On_Error  !!!
20240831 022944.842 INFO             PET1 !!!!!!!!!!!!!!!!!!!!!!!!!!!!!!!!!!!!!!!!!!!!!!!!!!!!!!
20240831 022944.842 INFO             PET1 Running with ESMF Version   : v8.7.0b12-2-gbfe22b56ac
20240831 022944.842 INFO             PET1 ESMF library build date/time: "Aug 31 2024" "01:45:13"
20240831 022944.842 INFO             PET1 ESMF library build location : /glade/derecho/scratch/sacks/esmf-testing/intel_2023.2.1_mpi_g_develop/esmf
20240831 022944.842 INFO             PET1 ESMF_COMM                   : mpi
20240831 022944.843 INFO             PET1 ESMF_MOAB                   : enabled
20240831 022944.843 INFO             PET1 ESMF_LAPACK                 : enabled
20240831 022944.843 INFO             PET1 ESMF_NETCDF                 : enabled
20240831 022944.843 INFO             PET1 ESMF_PNETCDF                : disabled
20240831 022944.843 INFO             PET1 ESMF_PIO                    : enabled
20240831 022944.843 INFO             PET1 ESMF_YAMLCPP                : enabled
20240831 022944.922 DEBUG            PET1 about to destroy Grid: 0x889140
20240831 022944.933 DEBUG            PET1 about to destroy Grid: 0x88a1b0
20240831 022944.961 INFO             PET1  NUMBER_OF_PROCESSORS           4
20240831 022944.961 INFO             PET1  PASS  Example ESMF_NUOPCAtmModelEx, ESMF_NUOPCAtmModelEx.F90, line 806
20240831 022944.961 INFO             PET1  Finalizing ESMF
20240831 022944.841 INFO             PET2 !!!!!!!!!!!!!!!!!!!!!!!!!!!!!!!!!!!!!!!!!!!!!!!!!!!!!!
20240831 022944.841 INFO             PET2 !!! THE ESMF_LOG IS SET TO OUTPUT ALL LOG MESSAGES !!!
20240831 022944.841 INFO             PET2 !!!     THIS MAY CAUSE SLOWDOWN IN PERFORMANCE     !!!
20240831 022944.841 INFO             PET2 !!! FOR PRODUCTION RUNS, USE:                      !!!
20240831 022944.841 INFO             PET2 !!!                   ESMF_LOGKIND_Multi_On_Error  !!!
20240831 022944.841 INFO             PET2 !!!!!!!!!!!!!!!!!!!!!!!!!!!!!!!!!!!!!!!!!!!!!!!!!!!!!!
20240831 022944.841 INFO             PET2 Running with ESMF Version   : v8.7.0b12-2-gbfe22b56ac
20240831 022944.841 INFO             PET2 ESMF library build date/time: "Aug 31 2024" "01:45:13"
20240831 022944.841 INFO             PET2 ESMF library build location : /glade/derecho/scratch/sacks/esmf-testing/intel_2023.2.1_mpi_g_develop/esmf
20240831 022944.841 INFO             PET2 ESMF_COMM                   : mpi
20240831 022944.842 INFO             PET2 ESMF_MOAB                   : enabled
20240831 022944.842 INFO             PET2 ESMF_LAPACK                 : enabled
20240831 022944.842 INFO             PET2 ESMF_NETCDF                 : enabled
20240831 022944.842 INFO             PET2 ESMF_PNETCDF                : disabled
20240831 022944.842 INFO             PET2 ESMF_PIO                    : enabled
20240831 022944.842 INFO             PET2 ESMF_YAMLCPP                : enabled
20240831 022944.922 DEBUG            PET2 about to destroy Grid: 0x8891e0
20240831 022944.933 DEBUG            PET2 about to destroy Grid: 0x88a190
20240831 022944.961 INFO             PET2  NUMBER_OF_PROCESSORS           4
20240831 022944.961 INFO             PET2  PASS  Example ESMF_NUOPCAtmModelEx, ESMF_NUOPCAtmModelEx.F90, line 806
20240831 022944.961 INFO             PET2  Finalizing ESMF
20240831 022944.842 INFO             PET3 !!!!!!!!!!!!!!!!!!!!!!!!!!!!!!!!!!!!!!!!!!!!!!!!!!!!!!
20240831 022944.842 INFO             PET3 !!! THE ESMF_LOG IS SET TO OUTPUT ALL LOG MESSAGES !!!
20240831 022944.842 INFO             PET3 !!!     THIS MAY CAUSE SLOWDOWN IN PERFORMANCE     !!!
20240831 022944.842 INFO             PET3 !!! FOR PRODUCTION RUNS, USE:                      !!!
20240831 022944.842 INFO             PET3 !!!                   ESMF_LOGKIND_Multi_On_Error  !!!
20240831 022944.842 INFO             PET3 !!!!!!!!!!!!!!!!!!!!!!!!!!!!!!!!!!!!!!!!!!!!!!!!!!!!!!
20240831 022944.842 INFO             PET3 Running with ESMF Version   : v8.7.0b12-2-gbfe22b56ac
20240831 022944.842 INFO             PET3 ESMF library build date/time: "Aug 31 2024" "01:45:13"
20240831 022944.842 INFO             PET3 ESMF library build location : /glade/derecho/scratch/sacks/esmf-testing/intel_2023.2.1_mpi_g_develop/esmf
20240831 022944.842 INFO             PET3 ESMF_COMM                   : mpi
20240831 022944.842 INFO             PET3 ESMF_MOAB                   : enabled
20240831 022944.842 INFO             PET3 ESMF_LAPACK                 : enabled
20240831 022944.842 INFO             PET3 ESMF_NETCDF                 : enabled
20240831 022944.842 INFO             PET3 ESMF_PNETCDF                : disabled
20240831 022944.842 INFO             PET3 ESMF_PIO                    : enabled
20240831 022944.842 INFO             PET3 ESMF_YAMLCPP                : enabled
20240831 022944.922 DEBUG            PET3 about to destroy Grid: 0x889150
20240831 022944.933 DEBUG            PET3 about to destroy Grid: 0x88a250
20240831 022944.962 INFO             PET3  NUMBER_OF_PROCESSORS           4
20240831 022944.962 INFO             PET3  PASS  Example ESMF_NUOPCAtmModelEx, ESMF_NUOPCAtmModelEx.F90, line 806
20240831 022944.962 INFO             PET3  Finalizing ESMF
