2024-10-07 07:53:19
20241007 085806.784 INFO             PET0 !!!!!!!!!!!!!!!!!!!!!!!!!!!!!!!!!!!!!!!!!!!!!!!!!!!!!!
20241007 085806.784 INFO             PET0 !!! THE ESMF_LOG IS SET TO OUTPUT ALL LOG MESSAGES !!!
20241007 085806.784 INFO             PET0 !!!     THIS MAY CAUSE SLOWDOWN IN PERFORMANCE     !!!
20241007 085806.784 INFO             PET0 !!! FOR PRODUCTION RUNS, USE:                      !!!
20241007 085806.784 INFO             PET0 !!!                   ESMF_LOGKIND_Multi_On_Error  !!!
20241007 085806.784 INFO             PET0 !!!!!!!!!!!!!!!!!!!!!!!!!!!!!!!!!!!!!!!!!!!!!!!!!!!!!!
20241007 085806.784 INFO             PET0 Running with ESMF Version   : v8.7.0
20241007 085806.784 INFO             PET0 ESMF library build date/time: "Oct  7 2024" "07:49:51"
20241007 085806.784 INFO             PET0 ESMF library build location : /scratch2/NCEPDEV/stmp1/Gerhard.Theurich/ESMF-Nightly-Testing/intel_2023.2.0_intelmpi_O_v8.7.0/esmf
20241007 085806.784 INFO             PET0 ESMF_COMM                   : intelmpi
20241007 085806.785 INFO             PET0 ESMF_MOAB                   : enabled
20241007 085806.785 INFO             PET0 ESMF_LAPACK                 : enabled
20241007 085806.785 INFO             PET0 ESMF_NETCDF                 : enabled
20241007 085806.785 INFO             PET0 ESMF_PNETCDF                : disabled
20241007 085806.785 INFO             PET0 ESMF_PIO                    : enabled
20241007 085806.785 INFO             PET0 ESMF_YAMLCPP                : enabled
20241007 085806.785 INFO             PET0  NUMBER_OF_PROCESSORS           2
20241007 085806.785 INFO             PET0  PASS  Example ESMF_VMUserMpiCommEx, ESMF_VMUserMpiCommEx.F90, line 113
20241007 085806.785 INFO             PET0  Finalizing ESMF with endflag==ESMF_END_KEEPMPI
20241007 085806.784 INFO             PET1 !!!!!!!!!!!!!!!!!!!!!!!!!!!!!!!!!!!!!!!!!!!!!!!!!!!!!!
20241007 085806.784 INFO             PET1 !!! THE ESMF_LOG IS SET TO OUTPUT ALL LOG MESSAGES !!!
20241007 085806.784 INFO             PET1 !!!     THIS MAY CAUSE SLOWDOWN IN PERFORMANCE     !!!
20241007 085806.784 INFO             PET1 !!! FOR PRODUCTION RUNS, USE:                      !!!
20241007 085806.784 INFO             PET1 !!!                   ESMF_LOGKIND_Multi_On_Error  !!!
20241007 085806.784 INFO             PET1 !!!!!!!!!!!!!!!!!!!!!!!!!!!!!!!!!!!!!!!!!!!!!!!!!!!!!!
20241007 085806.784 INFO             PET1 Running with ESMF Version   : v8.7.0
20241007 085806.784 INFO             PET1 ESMF library build date/time: "Oct  7 2024" "07:49:51"
20241007 085806.784 INFO             PET1 ESMF library build location : /scratch2/NCEPDEV/stmp1/Gerhard.Theurich/ESMF-Nightly-Testing/intel_2023.2.0_intelmpi_O_v8.7.0/esmf
20241007 085806.784 INFO             PET1 ESMF_COMM                   : intelmpi
20241007 085806.785 INFO             PET1 ESMF_MOAB                   : enabled
20241007 085806.785 INFO             PET1 ESMF_LAPACK                 : enabled
20241007 085806.785 INFO             PET1 ESMF_NETCDF                 : enabled
20241007 085806.785 INFO             PET1 ESMF_PNETCDF                : disabled
20241007 085806.785 INFO             PET1 ESMF_PIO                    : enabled
20241007 085806.785 INFO             PET1 ESMF_YAMLCPP                : enabled
20241007 085806.785 INFO             PET1  NUMBER_OF_PROCESSORS           2
20241007 085806.785 INFO             PET1  PASS  Example ESMF_VMUserMpiCommEx, ESMF_VMUserMpiCommEx.F90, line 113
20241007 085806.785 INFO             PET1  Finalizing ESMF with endflag==ESMF_END_KEEPMPI
