2024-10-05 08:52:15
20241005 092320.063 INFO             PET0 !!!!!!!!!!!!!!!!!!!!!!!!!!!!!!!!!!!!!!!!!!!!!!!!!!!!!!
20241005 092320.063 INFO             PET0 !!! THE ESMF_LOG IS SET TO OUTPUT ALL LOG MESSAGES !!!
20241005 092320.063 INFO             PET0 !!!     THIS MAY CAUSE SLOWDOWN IN PERFORMANCE     !!!
20241005 092320.064 INFO             PET0 !!! FOR PRODUCTION RUNS, USE:                      !!!
20241005 092320.064 INFO             PET0 !!!                   ESMF_LOGKIND_Multi_On_Error  !!!
20241005 092320.064 INFO             PET0 !!!!!!!!!!!!!!!!!!!!!!!!!!!!!!!!!!!!!!!!!!!!!!!!!!!!!!
20241005 092320.064 INFO             PET0 Running with ESMF Version   : v8.7.0
20241005 092320.064 INFO             PET0 ESMF library build date/time: "Oct  5 2024" "08:49:41"
20241005 092320.064 INFO             PET0 ESMF library build location : /scratch2/NCEPDEV/stmp1/Gerhard.Theurich/ESMF-Nightly-Testing/gfortran_13.2.0_mpiuni_g_v8.7.0/esmf
20241005 092320.064 INFO             PET0 ESMF_COMM                   : mpiuni
20241005 092320.064 INFO             PET0 ESMF_MOAB                   : enabled
20241005 092320.064 INFO             PET0 ESMF_LAPACK                 : enabled
20241005 092320.064 INFO             PET0 ESMF_NETCDF                 : disabled
20241005 092320.064 INFO             PET0 ESMF_PNETCDF                : disabled
20241005 092320.064 INFO             PET0 ESMF_PIO                    : disabled
20241005 092320.064 INFO             PET0 ESMF_YAMLCPP                : enabled
20241005 092320.065 INFO             PET0  NUMBER_OF_PROCESSORS           1
20241005 092320.065 INFO             PET0  PASS  Example ESMF_AttachMethodsEx, ESMF_AttachMethodsEx.F90, line 292
20241005 092320.065 INFO             PET0  Finalizing ESMF
