2024-10-08 07:37:27
20241008 081410.359 INFO             PET0 !!!!!!!!!!!!!!!!!!!!!!!!!!!!!!!!!!!!!!!!!!!!!!!!!!!!!!
20241008 081410.360 INFO             PET0 !!! THE ESMF_LOG IS SET TO OUTPUT ALL LOG MESSAGES !!!
20241008 081410.360 INFO             PET0 !!!     THIS MAY CAUSE SLOWDOWN IN PERFORMANCE     !!!
20241008 081410.360 INFO             PET0 !!! FOR PRODUCTION RUNS, USE:                      !!!
20241008 081410.360 INFO             PET0 !!!                   ESMF_LOGKIND_Multi_On_Error  !!!
20241008 081410.360 INFO             PET0 !!!!!!!!!!!!!!!!!!!!!!!!!!!!!!!!!!!!!!!!!!!!!!!!!!!!!!
20241008 081410.360 INFO             PET0 Running with ESMF Version   : v8.7.0
20241008 081410.360 INFO             PET0 ESMF library build date/time: "Oct  8 2024" "07:34:48"
20241008 081410.360 INFO             PET0 ESMF library build location : /scratch2/NCEPDEV/stmp1/Gerhard.Theurich/ESMF-Nightly-Testing/intel_2023.2.0-oneAPI_mpiuni_O_v8.7.0/esmf
20241008 081410.360 INFO             PET0 ESMF_COMM                   : mpiuni
20241008 081410.361 INFO             PET0 ESMF_MOAB                   : enabled
20241008 081410.361 INFO             PET0 ESMF_LAPACK                 : enabled
20241008 081410.361 INFO             PET0 ESMF_NETCDF                 : enabled
20241008 081410.361 INFO             PET0 ESMF_PNETCDF                : disabled
20241008 081410.361 INFO             PET0 ESMF_PIO                    : enabled
20241008 081410.361 INFO             PET0 ESMF_YAMLCPP                : enabled
20241008 081410.380 DEBUG            PET0 about to destroy Grid: 0x11aaf10
20241008 081410.382 DEBUG            PET0 about to destroy Grid: 0x11abfa0
20241008 081410.389 INFO             PET0  NUMBER_OF_PROCESSORS           1
20241008 081410.389 INFO             PET0  PASS  Example ESMF_NUOPCAtmModelEx, ESMF_NUOPCAtmModelEx.F90, line 806
20241008 081410.389 INFO             PET0  Finalizing ESMF
