2024-10-06 03:25:45
20241006 040634.221 INFO             PET0 !!!!!!!!!!!!!!!!!!!!!!!!!!!!!!!!!!!!!!!!!!!!!!!!!!!!!!
20241006 040634.221 INFO             PET0 !!! THE ESMF_LOG IS SET TO OUTPUT ALL LOG MESSAGES !!!
20241006 040634.221 INFO             PET0 !!!     THIS MAY CAUSE SLOWDOWN IN PERFORMANCE     !!!
20241006 040634.221 INFO             PET0 !!! FOR PRODUCTION RUNS, USE:                      !!!
20241006 040634.221 INFO             PET0 !!!                   ESMF_LOGKIND_Multi_On_Error  !!!
20241006 040634.221 INFO             PET0 !!!!!!!!!!!!!!!!!!!!!!!!!!!!!!!!!!!!!!!!!!!!!!!!!!!!!!
20241006 040634.221 INFO             PET0 Running with ESMF Version   : v8.7.0
20241006 040634.221 INFO             PET0 ESMF library build date/time: "Oct  6 2024" "03:23:20"
20241006 040634.221 INFO             PET0 ESMF library build location : /glade/derecho/scratch/sacks/esmf-testing/intel_2023.2.1-oneAPI_mpi_O_v8.7.0/esmf
20241006 040634.221 INFO             PET0 ESMF_COMM                   : mpi
20241006 040634.221 INFO             PET0 ESMF_MOAB                   : enabled
20241006 040634.221 INFO             PET0 ESMF_LAPACK                 : enabled
20241006 040634.221 INFO             PET0 ESMF_NETCDF                 : enabled
20241006 040634.221 INFO             PET0 ESMF_PNETCDF                : disabled
20241006 040634.221 INFO             PET0 ESMF_PIO                    : enabled
20241006 040634.221 INFO             PET0 ESMF_YAMLCPP                : enabled
20241006 040634.250 DEBUG            PET0 about to destroy Grid: 0x884200
20241006 040634.253 DEBUG            PET0 about to destroy Grid: 0x887450
20241006 040634.261 INFO             PET0  NUMBER_OF_PROCESSORS           4
20241006 040634.261 INFO             PET0  PASS  Example ESMF_NUOPCAtmModelEx, ESMF_NUOPCAtmModelEx.F90, line 806
20241006 040634.261 INFO             PET0  Finalizing ESMF
20241006 040634.221 INFO             PET1 !!!!!!!!!!!!!!!!!!!!!!!!!!!!!!!!!!!!!!!!!!!!!!!!!!!!!!
20241006 040634.221 INFO             PET1 !!! THE ESMF_LOG IS SET TO OUTPUT ALL LOG MESSAGES !!!
20241006 040634.221 INFO             PET1 !!!     THIS MAY CAUSE SLOWDOWN IN PERFORMANCE     !!!
20241006 040634.221 INFO             PET1 !!! FOR PRODUCTION RUNS, USE:                      !!!
20241006 040634.221 INFO             PET1 !!!                   ESMF_LOGKIND_Multi_On_Error  !!!
20241006 040634.221 INFO             PET1 !!!!!!!!!!!!!!!!!!!!!!!!!!!!!!!!!!!!!!!!!!!!!!!!!!!!!!
20241006 040634.221 INFO             PET1 Running with ESMF Version   : v8.7.0
20241006 040634.221 INFO             PET1 ESMF library build date/time: "Oct  6 2024" "03:23:20"
20241006 040634.221 INFO             PET1 ESMF library build location : /glade/derecho/scratch/sacks/esmf-testing/intel_2023.2.1-oneAPI_mpi_O_v8.7.0/esmf
20241006 040634.221 INFO             PET1 ESMF_COMM                   : mpi
20241006 040634.221 INFO             PET1 ESMF_MOAB                   : enabled
20241006 040634.221 INFO             PET1 ESMF_LAPACK                 : enabled
20241006 040634.221 INFO             PET1 ESMF_NETCDF                 : enabled
20241006 040634.221 INFO             PET1 ESMF_PNETCDF                : disabled
20241006 040634.221 INFO             PET1 ESMF_PIO                    : enabled
20241006 040634.221 INFO             PET1 ESMF_YAMLCPP                : enabled
20241006 040634.250 DEBUG            PET1 about to destroy Grid: 0x8835f0
20241006 040634.253 DEBUG            PET1 about to destroy Grid: 0x8845a0
20241006 040634.261 INFO             PET1  NUMBER_OF_PROCESSORS           4
20241006 040634.261 INFO             PET1  PASS  Example ESMF_NUOPCAtmModelEx, ESMF_NUOPCAtmModelEx.F90, line 806
20241006 040634.261 INFO             PET1  Finalizing ESMF
20241006 040634.222 INFO             PET2 !!!!!!!!!!!!!!!!!!!!!!!!!!!!!!!!!!!!!!!!!!!!!!!!!!!!!!
20241006 040634.222 INFO             PET2 !!! THE ESMF_LOG IS SET TO OUTPUT ALL LOG MESSAGES !!!
20241006 040634.222 INFO             PET2 !!!     THIS MAY CAUSE SLOWDOWN IN PERFORMANCE     !!!
20241006 040634.222 INFO             PET2 !!! FOR PRODUCTION RUNS, USE:                      !!!
20241006 040634.222 INFO             PET2 !!!                   ESMF_LOGKIND_Multi_On_Error  !!!
20241006 040634.222 INFO             PET2 !!!!!!!!!!!!!!!!!!!!!!!!!!!!!!!!!!!!!!!!!!!!!!!!!!!!!!
20241006 040634.222 INFO             PET2 Running with ESMF Version   : v8.7.0
20241006 040634.222 INFO             PET2 ESMF library build date/time: "Oct  6 2024" "03:23:20"
20241006 040634.222 INFO             PET2 ESMF library build location : /glade/derecho/scratch/sacks/esmf-testing/intel_2023.2.1-oneAPI_mpi_O_v8.7.0/esmf
20241006 040634.222 INFO             PET2 ESMF_COMM                   : mpi
20241006 040634.223 INFO             PET2 ESMF_MOAB                   : enabled
20241006 040634.223 INFO             PET2 ESMF_LAPACK                 : enabled
20241006 040634.223 INFO             PET2 ESMF_NETCDF                 : enabled
20241006 040634.223 INFO             PET2 ESMF_PNETCDF                : disabled
20241006 040634.223 INFO             PET2 ESMF_PIO                    : enabled
20241006 040634.223 INFO             PET2 ESMF_YAMLCPP                : enabled
20241006 040634.250 DEBUG            PET2 about to destroy Grid: 0x8831f0
20241006 040634.253 DEBUG            PET2 about to destroy Grid: 0x883ed0
20241006 040634.261 INFO             PET2  NUMBER_OF_PROCESSORS           4
20241006 040634.261 INFO             PET2  PASS  Example ESMF_NUOPCAtmModelEx, ESMF_NUOPCAtmModelEx.F90, line 806
20241006 040634.261 INFO             PET2  Finalizing ESMF
20241006 040634.221 INFO             PET3 !!!!!!!!!!!!!!!!!!!!!!!!!!!!!!!!!!!!!!!!!!!!!!!!!!!!!!
20241006 040634.221 INFO             PET3 !!! THE ESMF_LOG IS SET TO OUTPUT ALL LOG MESSAGES !!!
20241006 040634.221 INFO             PET3 !!!     THIS MAY CAUSE SLOWDOWN IN PERFORMANCE     !!!
20241006 040634.221 INFO             PET3 !!! FOR PRODUCTION RUNS, USE:                      !!!
20241006 040634.221 INFO             PET3 !!!                   ESMF_LOGKIND_Multi_On_Error  !!!
20241006 040634.221 INFO             PET3 !!!!!!!!!!!!!!!!!!!!!!!!!!!!!!!!!!!!!!!!!!!!!!!!!!!!!!
20241006 040634.221 INFO             PET3 Running with ESMF Version   : v8.7.0
20241006 040634.221 INFO             PET3 ESMF library build date/time: "Oct  6 2024" "03:23:20"
20241006 040634.221 INFO             PET3 ESMF library build location : /glade/derecho/scratch/sacks/esmf-testing/intel_2023.2.1-oneAPI_mpi_O_v8.7.0/esmf
20241006 040634.221 INFO             PET3 ESMF_COMM                   : mpi
20241006 040634.222 INFO             PET3 ESMF_MOAB                   : enabled
20241006 040634.222 INFO             PET3 ESMF_LAPACK                 : enabled
20241006 040634.222 INFO             PET3 ESMF_NETCDF                 : enabled
20241006 040634.222 INFO             PET3 ESMF_PNETCDF                : disabled
20241006 040634.222 INFO             PET3 ESMF_PIO                    : enabled
20241006 040634.222 INFO             PET3 ESMF_YAMLCPP                : enabled
20241006 040634.250 DEBUG            PET3 about to destroy Grid: 0x8835b0
20241006 040634.253 DEBUG            PET3 about to destroy Grid: 0x884560
20241006 040634.261 INFO             PET3  NUMBER_OF_PROCESSORS           4
20241006 040634.261 INFO             PET3  PASS  Example ESMF_NUOPCAtmModelEx, ESMF_NUOPCAtmModelEx.F90, line 806
20241006 040634.261 INFO             PET3  Finalizing ESMF
