2024-10-08 03:55:01
20241008 045019.219 INFO             PET0 !!!!!!!!!!!!!!!!!!!!!!!!!!!!!!!!!!!!!!!!!!!!!!!!!!!!!!
20241008 045019.220 INFO             PET0 !!! THE ESMF_LOG IS SET TO OUTPUT ALL LOG MESSAGES !!!
20241008 045019.220 INFO             PET0 !!!     THIS MAY CAUSE SLOWDOWN IN PERFORMANCE     !!!
20241008 045019.220 INFO             PET0 !!! FOR PRODUCTION RUNS, USE:                      !!!
20241008 045019.220 INFO             PET0 !!!                   ESMF_LOGKIND_Multi_On_Error  !!!
20241008 045019.220 INFO             PET0 !!!!!!!!!!!!!!!!!!!!!!!!!!!!!!!!!!!!!!!!!!!!!!!!!!!!!!
20241008 045019.220 INFO             PET0 Running with ESMF Version   : v8.7.0
20241008 045019.220 INFO             PET0 ESMF library build date/time: "Oct  8 2024" "03:52:26"
20241008 045019.220 INFO             PET0 ESMF library build location : /project/esmf/sacks/esmf-testing/gfortran_11.2.0_openmpi_g_v8.7.0/esmf
20241008 045019.220 INFO             PET0 ESMF_COMM                   : openmpi
20241008 045019.220 INFO             PET0 ESMF_MOAB                   : enabled
20241008 045019.220 INFO             PET0 ESMF_LAPACK                 : enabled
20241008 045019.220 INFO             PET0 ESMF_NETCDF                 : enabled
20241008 045019.220 INFO             PET0 ESMF_PNETCDF                : disabled
20241008 045019.220 INFO             PET0 ESMF_PIO                    : enabled
20241008 045019.220 INFO             PET0 ESMF_YAMLCPP                : enabled
20241008 045019.223 DEBUG            PET0 ESMCI_CompTunnel.C:1063 ESMCI::ServiceLoop() ServiceLoop: entering with port argument: 61010 and timeout: 20
20241008 045019.223 DEBUG            PET0 ESMCI_CompTunnel.C:345 ESMCI::CompTunnel::negotiate() negotiate socketBased actual: port=61010, timeout=20
20241008 045019.223 ERROR            PET0 ESMCI_CompTunnel.C:360 ESMCI::CompTunnel::negotiate() Internal error: Bad condition  - - Unspecified error setting up socket server side!
20241008 045019.223 ERROR            PET0 ESMCI_CompTunnel.C:1099 ESMCI::ServiceLoop() Internal error: Bad condition  - Internal subroutine call returned Error
20241008 045019.223 ERROR            PET0 ESMF_GridComp.F90:2116 ESMF_GridCompServiceLoop Internal error: Bad condition  - Internal subroutine call returned Error
20241008 045019.223 INFO             PET0  Finalizing ESMF with endflag==ESMF_END_ABORT
20241008 045019.219 INFO             PET1 !!!!!!!!!!!!!!!!!!!!!!!!!!!!!!!!!!!!!!!!!!!!!!!!!!!!!!
20241008 045019.220 INFO             PET1 !!! THE ESMF_LOG IS SET TO OUTPUT ALL LOG MESSAGES !!!
20241008 045019.220 INFO             PET1 !!!     THIS MAY CAUSE SLOWDOWN IN PERFORMANCE     !!!
20241008 045019.220 INFO             PET1 !!! FOR PRODUCTION RUNS, USE:                      !!!
20241008 045019.220 INFO             PET1 !!!                   ESMF_LOGKIND_Multi_On_Error  !!!
20241008 045019.220 INFO             PET1 !!!!!!!!!!!!!!!!!!!!!!!!!!!!!!!!!!!!!!!!!!!!!!!!!!!!!!
20241008 045019.220 INFO             PET1 Running with ESMF Version   : v8.7.0
20241008 045019.220 INFO             PET1 ESMF library build date/time: "Oct  8 2024" "03:52:26"
20241008 045019.220 INFO             PET1 ESMF library build location : /project/esmf/sacks/esmf-testing/gfortran_11.2.0_openmpi_g_v8.7.0/esmf
20241008 045019.220 INFO             PET1 ESMF_COMM                   : openmpi
20241008 045019.220 INFO             PET1 ESMF_MOAB                   : enabled
20241008 045019.220 INFO             PET1 ESMF_LAPACK                 : enabled
20241008 045019.220 INFO             PET1 ESMF_NETCDF                 : enabled
20241008 045019.220 INFO             PET1 ESMF_PNETCDF                : disabled
20241008 045019.220 INFO             PET1 ESMF_PIO                    : enabled
20241008 045019.220 INFO             PET1 ESMF_YAMLCPP                : enabled
20241008 045019.223 DEBUG            PET1 ESMCI_CompTunnel.C:1063 ESMCI::ServiceLoop() ServiceLoop: entering with port argument: 61010 and timeout: 20
20241008 045019.223 ERROR            PET1 ESMCI_CompTunnel.C:1099 ESMCI::ServiceLoop() Internal error: Bad condition  - Internal subroutine call returned Error
20241008 045019.223 ERROR            PET1 ESMF_GridComp.F90:2116 ESMF_GridCompServiceLoop Internal error: Bad condition  - Internal subroutine call returned Error
20241008 045019.223 INFO             PET1  Finalizing ESMF with endflag==ESMF_END_ABORT
20241008 045019.219 INFO             PET2 !!!!!!!!!!!!!!!!!!!!!!!!!!!!!!!!!!!!!!!!!!!!!!!!!!!!!!
20241008 045019.220 INFO             PET2 !!! THE ESMF_LOG IS SET TO OUTPUT ALL LOG MESSAGES !!!
20241008 045019.220 INFO             PET2 !!!     THIS MAY CAUSE SLOWDOWN IN PERFORMANCE     !!!
20241008 045019.220 INFO             PET2 !!! FOR PRODUCTION RUNS, USE:                      !!!
20241008 045019.220 INFO             PET2 !!!                   ESMF_LOGKIND_Multi_On_Error  !!!
20241008 045019.220 INFO             PET2 !!!!!!!!!!!!!!!!!!!!!!!!!!!!!!!!!!!!!!!!!!!!!!!!!!!!!!
20241008 045019.220 INFO             PET2 Running with ESMF Version   : v8.7.0
20241008 045019.220 INFO             PET2 ESMF library build date/time: "Oct  8 2024" "03:52:26"
20241008 045019.220 INFO             PET2 ESMF library build location : /project/esmf/sacks/esmf-testing/gfortran_11.2.0_openmpi_g_v8.7.0/esmf
20241008 045019.220 INFO             PET2 ESMF_COMM                   : openmpi
20241008 045019.220 INFO             PET2 ESMF_MOAB                   : enabled
20241008 045019.220 INFO             PET2 ESMF_LAPACK                 : enabled
20241008 045019.220 INFO             PET2 ESMF_NETCDF                 : enabled
20241008 045019.220 INFO             PET2 ESMF_PNETCDF                : disabled
20241008 045019.220 INFO             PET2 ESMF_PIO                    : enabled
20241008 045019.220 INFO             PET2 ESMF_YAMLCPP                : enabled
20241008 045019.223 DEBUG            PET2 ESMCI_CompTunnel.C:1063 ESMCI::ServiceLoop() ServiceLoop: entering with port argument: 61010 and timeout: 20
20241008 045019.223 ERROR            PET2 ESMCI_CompTunnel.C:1099 ESMCI::ServiceLoop() Internal error: Bad condition  - Internal subroutine call returned Error
20241008 045019.223 ERROR            PET2 ESMF_GridComp.F90:2116 ESMF_GridCompServiceLoop Internal error: Bad condition  - Internal subroutine call returned Error
20241008 045019.223 INFO             PET2  Finalizing ESMF with endflag==ESMF_END_ABORT
20241008 045019.219 INFO             PET3 !!!!!!!!!!!!!!!!!!!!!!!!!!!!!!!!!!!!!!!!!!!!!!!!!!!!!!
20241008 045019.220 INFO             PET3 !!! THE ESMF_LOG IS SET TO OUTPUT ALL LOG MESSAGES !!!
20241008 045019.220 INFO             PET3 !!!     THIS MAY CAUSE SLOWDOWN IN PERFORMANCE     !!!
20241008 045019.220 INFO             PET3 !!! FOR PRODUCTION RUNS, USE:                      !!!
20241008 045019.220 INFO             PET3 !!!                   ESMF_LOGKIND_Multi_On_Error  !!!
20241008 045019.220 INFO             PET3 !!!!!!!!!!!!!!!!!!!!!!!!!!!!!!!!!!!!!!!!!!!!!!!!!!!!!!
20241008 045019.220 INFO             PET3 Running with ESMF Version   : v8.7.0
20241008 045019.220 INFO             PET3 ESMF library build date/time: "Oct  8 2024" "03:52:26"
20241008 045019.220 INFO             PET3 ESMF library build location : /project/esmf/sacks/esmf-testing/gfortran_11.2.0_openmpi_g_v8.7.0/esmf
20241008 045019.220 INFO             PET3 ESMF_COMM                   : openmpi
20241008 045019.220 INFO             PET3 ESMF_MOAB                   : enabled
20241008 045019.220 INFO             PET3 ESMF_LAPACK                 : enabled
20241008 045019.220 INFO             PET3 ESMF_NETCDF                 : enabled
20241008 045019.220 INFO             PET3 ESMF_PNETCDF                : disabled
20241008 045019.220 INFO             PET3 ESMF_PIO                    : enabled
20241008 045019.220 INFO             PET3 ESMF_YAMLCPP                : enabled
20241008 045019.219 INFO             PET4 !!!!!!!!!!!!!!!!!!!!!!!!!!!!!!!!!!!!!!!!!!!!!!!!!!!!!!
20241008 045019.221 INFO             PET4 !!! THE ESMF_LOG IS SET TO OUTPUT ALL LOG MESSAGES !!!
20241008 045019.221 INFO             PET4 !!!     THIS MAY CAUSE SLOWDOWN IN PERFORMANCE     !!!
20241008 045019.221 INFO             PET4 !!! FOR PRODUCTION RUNS, USE:                      !!!
20241008 045019.221 INFO             PET4 !!!                   ESMF_LOGKIND_Multi_On_Error  !!!
20241008 045019.221 INFO             PET4 !!!!!!!!!!!!!!!!!!!!!!!!!!!!!!!!!!!!!!!!!!!!!!!!!!!!!!
20241008 045019.221 INFO             PET4 Running with ESMF Version   : v8.7.0
20241008 045019.221 INFO             PET4 ESMF library build date/time: "Oct  8 2024" "03:52:26"
20241008 045019.221 INFO             PET4 ESMF library build location : /project/esmf/sacks/esmf-testing/gfortran_11.2.0_openmpi_g_v8.7.0/esmf
20241008 045019.221 INFO             PET4 ESMF_COMM                   : openmpi
20241008 045019.221 INFO             PET4 ESMF_MOAB                   : enabled
20241008 045019.221 INFO             PET4 ESMF_LAPACK                 : enabled
20241008 045019.221 INFO             PET4 ESMF_NETCDF                 : enabled
20241008 045019.221 INFO             PET4 ESMF_PNETCDF                : disabled
20241008 045019.221 INFO             PET4 ESMF_PIO                    : enabled
20241008 045019.221 INFO             PET4 ESMF_YAMLCPP                : enabled
20241008 045019.219 INFO             PET5 !!!!!!!!!!!!!!!!!!!!!!!!!!!!!!!!!!!!!!!!!!!!!!!!!!!!!!
20241008 045019.220 INFO             PET5 !!! THE ESMF_LOG IS SET TO OUTPUT ALL LOG MESSAGES !!!
20241008 045019.220 INFO             PET5 !!!     THIS MAY CAUSE SLOWDOWN IN PERFORMANCE     !!!
20241008 045019.220 INFO             PET5 !!! FOR PRODUCTION RUNS, USE:                      !!!
20241008 045019.220 INFO             PET5 !!!                   ESMF_LOGKIND_Multi_On_Error  !!!
20241008 045019.220 INFO             PET5 !!!!!!!!!!!!!!!!!!!!!!!!!!!!!!!!!!!!!!!!!!!!!!!!!!!!!!
20241008 045019.220 INFO             PET5 Running with ESMF Version   : v8.7.0
20241008 045019.220 INFO             PET5 ESMF library build date/time: "Oct  8 2024" "03:52:26"
20241008 045019.220 INFO             PET5 ESMF library build location : /project/esmf/sacks/esmf-testing/gfortran_11.2.0_openmpi_g_v8.7.0/esmf
20241008 045019.220 INFO             PET5 ESMF_COMM                   : openmpi
20241008 045019.220 INFO             PET5 ESMF_MOAB                   : enabled
20241008 045019.220 INFO             PET5 ESMF_LAPACK                 : enabled
20241008 045019.220 INFO             PET5 ESMF_NETCDF                 : enabled
20241008 045019.220 INFO             PET5 ESMF_PNETCDF                : disabled
20241008 045019.220 INFO             PET5 ESMF_PIO                    : enabled
20241008 045019.220 INFO             PET5 ESMF_YAMLCPP                : enabled
