2024-10-05 22:54:22
Runtime Error: /discover/nobackup/projects/gmao/SIteam/ESMF_Testing/nag_7.2.15_openmpi_g_v8.7.0/esmf/src/addon/NUOPC/src/NUOPC_Driver.F90, line 3269: UnRuntime Error: /discover/nobackup/projects/gmao/SIteam/ESMF_Testing/nag_7.2.15_openmpi_g_v8.7.0/esmf/src/addon/NUOPC/src/NUOPC_Driver.F90, line 3269: Unexpected end of formRuntime Error: /discover/nobackup/projects/gmao/SIteam/ESMF_Testing/nag_7.2.15_openmpi_g_v8.7.0/esmf/src/addon/NUOPC/src/NUOPC_Driver.F90, line 3269: Unexpected end of format specificatRuntime Error: /discover/nobackup/projects/gmao/SIteam/ESMF_Testing/nag_7.2.15_openmpi_g_v8.7.0/esmf/src/addon/NUOPC/src/NUOPC_Driver.F90, line 3269: Unexpected end of format specification
ion
Program teexpected end of format specification
Prograt specification
Program terminateProgram terminated by I/O erd by I/O error on internal file
rminated by I/O error on internal file
am terminated by I/O error on internal file
ror on internal file
[borgl135:237676] *** Process received signal ***
[borgl135:237675] *** Process received signal ***
[borgl135:237675] Signal: Aborted (6)
[borgl135:237675] Signal code:  (-6)
[borgl135:237676] Signal: Aborted (6)
[borgl135:237676] Signal code:  (-6)
[borgl135:237676] [ 0] [borgl135:237675] [ 0] /lib64/libpthread.so.0(+0x16910)[0x152e96552910]
[borgl135:237676] [ 1] /lib64/libpthread.so.0(+0x16910)[0x14b0f62f2910]
[borgl135:237675] [ 1] /lib64/libc.so.6(gsignal+0x10d)[0x152e95b07d2b]
[borgl135:237676] [ 2] /lib64/libc.so.6(gsignal+0x10d)[0x14b0f5907d2b]
[borgl135:237675] [ 2] /lib64/libc.so.6(abort+0x177)[0x152e95b093e5]
[borgl135:237676] [ 3] ./esmApp(__NAGf90_io_abort+0x78)[0x459fb8]
[borgl135:237677] *** Process received signal ***
[borgl135:237677] Signal: Aborted (6)
[borgl135:237677] Signal code:  (-6)
[borgl135:237676] [ 4] ./esmApp(__NAGf90_ioerr+0x1cd)[0x45a61d]
[borgl135:237676] [ 5] /lib64/libc.so.6(abort+0x177)[0x14b0f59093e5]
[borgl135:237675] [ 3] ./esmApp(__NAGf90_io_abort+0x78)[0x459fb8]
/discover/nobackup/projects/gmao/SIteam/comp/SLES-15/nag/7.2.15/lib/NAG_Fortran/libf72rts.so.1(__NAGf90_maybe_next_edit+0xe19)[0x152e95eaa629]
[borgl135:237676] [ 6] [borgl135:237675] [ 4] ./esmApp(__NAGf90_ioerr+0x1cd)[0x45a61d]
[borgl135:237675] [ 5] [borgl135:237678] *** Process received signal ***
[borgl135:237678] Signal: Aborted (6)
[borgl135:237678] Signal code:  (-6)
/discover/nobackup/projects/gmao/SIteam/comp/SLES-15/nag/7.2.15/lib/NAG_Fortran/libf72rts.so.1(__NAGf90_maybe_next_edit+0xe19)[0x14b0f5caa629]
[borgl135:237675] [ 6] [borgl135:237677] [ 0] /lib64/libpthread.so.0(+0x16910)[0x1507714a6910]
[borgl135:237677] [ 1] /lib64/libc.so.6(gsignal+0x10d)[0x1507712e3d2b]
[borgl135:237677] [ 2] /lib64/libc.so.6(abort+0x177)[0x1507712e53e5]
[borgl135:237677] [ 3] ./esmApp(__NAGf90_io_abort+0x78)[0x459fb8]
[borgl135:237677] [ 4] [borgl135:237678] [ 0] ./esmApp(__NAGf90_ioerr+0x1cd)[0x45a61d]
[borgl135:237677] [ 5] /lib64/libpthread.so.0(+0x16910)[0x14a310b50910]
[borgl135:237678] [ 1] /discover/nobackup/projects/gmao/SIteam/comp/SLES-15/nag/7.2.15/lib/NAG_Fortran/libf72rts.so.1(__NAGf90_maybe_next_edit+0xe19)[0x1507716aa629]
[borgl135:237677] [ 6] /lib64/libc.so.6(gsignal+0x10d)[0x14a310253d2b]
[borgl135:237678] [ 2] /lib64/libc.so.6(abort+0x177)[0x14a3102553e5]
[borgl135:237678] [ 3] ./esmApp(__NAGf90_io_abort+0x78)[0x459fb8]
[borgl135:237678] [ 4] ./esmApp(__NAGf90_ioerr+0x1cd)[0x45a61d]
[borgl135:237678] [ 5] /discover/nobackup/projects/gmao/SIteam/comp/SLES-15/nag/7.2.15/lib/NAG_Fortran/libf72rts.so.1(__NAGf90_maybe_next_edit+0xe19)[0x14a3104aa629]
[borgl135:237678] [ 6] /discover/nobackup/projects/gmao/SIteam/ESMF_Testing/nag_7.2.15_openmpi_g_v8.7.0/esmf/DEFAULTINSTALLDIR/lib/libg/Linux.nag.64.openmpi.default/libesmf.so(nuopc_driver_MP_loopdatadependentinitialize+0x4ab9)[0x152e989223a2]
[borgl135:237676] [ 7] /discover/nobackup/projects/gmao/SIteam/ESMF_Testing/nag_7.2.15_openmpi_g_v8.7.0/esmf/DEFAULTINSTALLDIR/lib/libg/Linux.nag.64.openmpi.default/libesmf.so(nuopc_driver_MP_loopdatadependentinitialize+0x4ab9)[0x14b0f86c23a2]
[borgl135:237675] [ 7] /discover/nobackup/projects/gmao/SIteam/ESMF_Testing/nag_7.2.15_openmpi_g_v8.7.0/esmf/DEFAULTINSTALLDIR/lib/libg/Linux.nag.64.openmpi.default/libesmf.so(nuopc_driver_MP_loopdatadependentinitialize+0x4ab9)[0x14a31306c3a2]
[borgl135:237678] [ 7] /discover/nobackup/projects/gmao/SIteam/ESMF_Testing/nag_7.2.15_openmpi_g_v8.7.0/esmf/DEFAULTINSTALLDIR/lib/libg/Linux.nag.64.openmpi.default/libesmf.so(nuopc_driver_MP_initializeipdv02p5data+0x3675)[0x14a31307fa71]
[borgl135:237678] [ 8] /discover/nobackup/projects/gmao/SIteam/ESMF_Testing/nag_7.2.15_openmpi_g_v8.7.0/esmf/DEFAULTINSTALLDIR/lib/libg/Linux.nag.64.openmpi.default/libesmf.so(nuopc_driver_MP_initializeipdv02p5+0x4f1a)[0x14a31308591e]
[borgl135:237678] [ 9] /discover/nobackup/projects/gmao/SIteam/ESMF_Testing/nag_7.2.15_openmpi_g_v8.7.0/esmf/DEFAULTINSTALLDIR/lib/libg/Linux.nag.64.openmpi.default/libesmf.so(nuopc_driver_MP_loopdatadependentinitialize+0x4ab9)[0x15077409d3a2]
[borgl135:237677] [ 7] /discover/nobackup/projects/gmao/SIteam/ESMF_Testing/nag_7.2.15_openmpi_g_v8.7.0/esmf/DEFAULTINSTALLDIR/lib/libg/Linux.nag.64.openmpi.default/libesmf.so(nuopc_driver_MP_initializeipdv02p5data+0x3675)[0x1507740b0a71]
[borgl135:237677] [ 8] /discover/nobackup/projects/gmao/SIteam/ESMF_Testing/nag_7.2.15_openmpi_g_v8.7.0/esmf/DEFAULTINSTALLDIR/lib/libg/Linux.nag.64.openmpi.default/libesmf.so(nuopc_driver_MP_initializeipdv02p5+0x4f1a)[0x1507740b691e]
[borgl135:237677] [ 9] /discover/nobackup/projects/gmao/SIteam/ESMF_Testing/nag_7.2.15_openmpi_g_v8.7.0/esmf/DEFAULTINSTALLDIR/lib/libg/Linux.nag.64.openmpi.default/libesmf.so(nuopc_driver_MP_initializeipdv02p5data+0x3675)[0x152e98935a71]
[borgl135:237676] [ 8] /discover/nobackup/projects/gmao/SIteam/ESMF_Testing/nag_7.2.15_openmpi_g_v8.7.0/esmf/DEFAULTINSTALLDIR/lib/libg/Linux.nag.64.openmpi.default/libesmf.so(nuopc_driver_MP_initializeipdv02p5+0x4f1a)[0x152e9893b91e]
[borgl135:237676] [ 9] /discover/nobackup/projects/gmao/SIteam/ESMF_Testing/nag_7.2.15_openmpi_g_v8.7.0/esmf/DEFAULTINSTALLDIR/lib/libg/Linux.nag.64.openmpi.default/libesmf.so(nuopc_driver_MP_initializeipdv02p5data+0x3675)[0x14b0f86d5a71]
[borgl135:237675] [ 8] /discover/nobackup/projects/gmao/SIteam/ESMF_Testing/nag_7.2.15_openmpi_g_v8.7.0/esmf/DEFAULTINSTALLDIR/lib/libg/Linux.nag.64.openmpi.default/libesmf.so(nuopc_driver_MP_initializeipdv02p5+0x4f1a)[0x14b0f86db91e]
[borgl135:237675] [ 9] /discover/nobackup/projects/gmao/SIteam/ESMF_Testing/nag_7.2.15_openmpi_g_v8.7.0/esmf/DEFAULTINSTALLDIR/lib/libg/Linux.nag.64.openmpi.default/libesmf.so(nuopc_driver_MP_initializegeneric+0x1cbb)[0x152e9897b7fd]
[borgl135:237676] [10] /discover/nobackup/projects/gmao/SIteam/ESMF_Testing/nag_7.2.15_openmpi_g_v8.7.0/esmf/DEFAULTINSTALLDIR/lib/libg/Linux.nag.64.openmpi.default/libesmf.so(nuopc_driver_MP_initializegeneric+0x1cbb)[0x14b0f871b7fd]
[borgl135:237675] [10] /discover/nobackup/projects/gmao/SIteam/ESMF_Testing/nag_7.2.15_openmpi_g_v8.7.0/esmf/DEFAULTINSTALLDIR/lib/libg/Linux.nag.64.openmpi.default/libesmf.so(nuopc_driver_MP_initializegeneric+0x1cbb)[0x1507740f67fd]
[borgl135:237677] [10] /discover/nobackup/projects/gmao/SIteam/ESMF_Testing/nag_7.2.15_openmpi_g_v8.7.0/esmf/DEFAULTINSTALLDIR/lib/libg/Linux.nag.64.openmpi.default/libesmf.so(nuopc_driver_MP_initializegeneric+0x1cbb)[0x14a3130c57fd]
[borgl135:237678] [10] /discover/nobackup/projects/gmao/SIteam/ESMF_Testing/nag_7.2.15_openmpi_g_v8.7.0/esmf/DEFAULTINSTALLDIR/lib/libg/Linux.nag.64.openmpi.default/libesmf.so(_ZN5ESMCI6FTable12callVFuncPtrEPKcPNS_2VMEPi+0xc55)[0x152e978b4803]
[borgl135:237676] [11] /discover/nobackup/projects/gmao/SIteam/ESMF_Testing/nag_7.2.15_openmpi_g_v8.7.0/esmf/DEFAULTINSTALLDIR/lib/libg/Linux.nag.64.openmpi.default/libesmf.so(_ZN5ESMCI6FTable12callVFuncPtrEPKcPNS_2VMEPi+0xc55)[0x14b0f7654803]
[borgl135:237675] [11] /discover/nobackup/projects/gmao/SIteam/ESMF_Testing/nag_7.2.15_openmpi_g_v8.7.0/esmf/DEFAULTINSTALLDIR/lib/libg/Linux.nag.64.openmpi.default/libesmf.so(_ZN5ESMCI6FTable12callVFuncPtrEPKcPNS_2VMEPi+0xc55)[0x15077302f803]
[borgl135:237677] [11] /discover/nobackup/projects/gmao/SIteam/ESMF_Testing/nag_7.2.15_openmpi_g_v8.7.0/esmf/DEFAULTINSTALLDIR/lib/libg/Linux.nag.64.openmpi.default/libesmf.so(_ZN5ESMCI6FTable12callVFuncPtrEPKcPNS_2VMEPi+0xc55)[0x14a311ffe803]
[borgl135:237678] [11] /discover/nobackup/projects/gmao/SIteam/ESMF_Testing/nag_7.2.15_openmpi_g_v8.7.0/esmf/DEFAULTINSTALLDIR/lib/libg/Linux.nag.64.openmpi.default/libesmf.so(ESMCI_FTableCallEntryPointVMHop+0x32e)[0x152e978b18d6]
[borgl135:237676] [12] /discover/nobackup/projects/gmao/SIteam/ESMF_Testing/nag_7.2.15_openmpi_g_v8.7.0/esmf/DEFAULTINSTALLDIR/lib/libg/Linux.nag.64.openmpi.default/libesmf.so(ESMCI_FTableCallEntryPointVMHop+0x32e)[0x14b0f76518d6]
[borgl135:237675] [12] /discover/nobackup/projects/gmao/SIteam/ESMF_Testing/nag_7.2.15_openmpi_g_v8.7.0/esmf/DEFAULTINSTALLDIR/lib/libg/Linux.nag.64.openmpi.default/libesmf.so(ESMCI_FTableCallEntryPointVMHop+0x32e)[0x15077302c8d6]
[borgl135:237677] [12] /discover/nobackup/projects/gmao/SIteam/ESMF_Testing/nag_7.2.15_openmpi_g_v8.7.0/esmf/DEFAULTINSTALLDIR/lib/libg/Linux.nag.64.openmpi.default/libesmf.so(ESMCI_FTableCallEntryPointVMHop+0x32e)[0x14a311ffb8d6]
[borgl135:237678] [12] /discover/nobackup/projects/gmao/SIteam/ESMF_Testing/nag_7.2.15_openmpi_g_v8.7.0/esmf/DEFAULTINSTALLDIR/lib/libg/Linux.nag.64.openmpi.default/libesmf.so(_ZN5ESMCI3VMK5enterEPNS_7VMKPlanEPvS3_+0xd5)[0x152e97cb7223]
[borgl135:237676] [13] /discover/nobackup/projects/gmao/SIteam/ESMF_Testing/nag_7.2.15_openmpi_g_v8.7.0/esmf/DEFAULTINSTALLDIR/lib/libg/Linux.nag.64.openmpi.default/libesmf.so(_ZN5ESMCI3VMK5enterEPNS_7VMKPlanEPvS3_+0xd5)[0x14b0f7a57223]
[borgl135:237675] [13] /discover/nobackup/projects/gmao/SIteam/ESMF_Testing/nag_7.2.15_openmpi_g_v8.7.0/esmf/DEFAULTINSTALLDIR/lib/libg/Linux.nag.64.openmpi.default/libesmf.so(_ZN5ESMCI3VMK5enterEPNS_7VMKPlanEPvS3_+0xd5)[0x150773432223]
[borgl135:237677] [13] /discover/nobackup/projects/gmao/SIteam/ESMF_Testing/nag_7.2.15_openmpi_g_v8.7.0/esmf/DEFAULTINSTALLDIR/lib/libg/Linux.nag.64.openmpi.default/libesmf.so(_ZN5ESMCI3VMK5enterEPNS_7VMKPlanEPvS3_+0xd5)[0x14a312401223]
[borgl135:237678] [13] /discover/nobackup/projects/gmao/SIteam/ESMF_Testing/nag_7.2.15_openmpi_g_v8.7.0/esmf/DEFAULTINSTALLDIR/lib/libg/Linux.nag.64.openmpi.default/libesmf.so(_ZN5ESMCI2VM5enterEPNS_6VMPlanEPvS3_+0xb7)[0x152e97ca113d]
[borgl135:237676] [14] /discover/nobackup/projects/gmao/SIteam/ESMF_Testing/nag_7.2.15_openmpi_g_v8.7.0/esmf/DEFAULTINSTALLDIR/lib/libg/Linux.nag.64.openmpi.default/libesmf.so(_ZN5ESMCI2VM5enterEPNS_6VMPlanEPvS3_+0xb7)[0x14b0f7a4113d]
[borgl135:237675] [14] /discover/nobackup/projects/gmao/SIteam/ESMF_Testing/nag_7.2.15_openmpi_g_v8.7.0/esmf/DEFAULTINSTALLDIR/lib/libg/Linux.nag.64.openmpi.default/libesmf.so(_ZN5ESMCI2VM5enterEPNS_6VMPlanEPvS3_+0xb7)[0x15077341c13d]
[borgl135:237677] [14] /discover/nobackup/projects/gmao/SIteam/ESMF_Testing/nag_7.2.15_openmpi_g_v8.7.0/esmf/DEFAULTINSTALLDIR/lib/libg/Linux.nag.64.openmpi.default/libesmf.so(_ZN5ESMCI2VM5enterEPNS_6VMPlanEPvS3_+0xb7)[0x14a3123eb13d]
[borgl135:237678] [14] /discover/nobackup/projects/gmao/SIteam/ESMF_Testing/nag_7.2.15_openmpi_g_v8.7.0/esmf/DEFAULTINSTALLDIR/lib/libg/Linux.nag.64.openmpi.default/libesmf.so(c_esmc_ftablecallentrypointvm_+0x35f)[0x152e978b1d6f]
[borgl135:237676] [15] /discover/nobackup/projects/gmao/SIteam/ESMF_Testing/nag_7.2.15_openmpi_g_v8.7.0/esmf/DEFAULTINSTALLDIR/lib/libg/Linux.nag.64.openmpi.default/libesmf.so(c_esmc_ftablecallentrypointvm_+0x35f)[0x14b0f7651d6f]
[borgl135:237675] [15] /discover/nobackup/projects/gmao/SIteam/ESMF_Testing/nag_7.2.15_openmpi_g_v8.7.0/esmf/DEFAULTINSTALLDIR/lib/libg/Linux.nag.64.openmpi.default/libesmf.so(c_esmc_ftablecallentrypointvm_+0x35f)[0x15077302cd6f]
[borgl135:237677] [15] /discover/nobackup/projects/gmao/SIteam/ESMF_Testing/nag_7.2.15_openmpi_g_v8.7.0/esmf/DEFAULTINSTALLDIR/lib/libg/Linux.nag.64.openmpi.default/libesmf.so(c_esmc_ftablecallentrypointvm_+0x35f)[0x14a311ffbd6f]
[borgl135:237678] [15] /discover/nobackup/projects/gmao/SIteam/ESMF_Testing/nag_7.2.15_openmpi_g_v8.7.0/esmf/DEFAULTINSTALLDIR/lib/libg/Linux.nag.64.openmpi.default/libesmf.so(esmf_compmod_MP_esmf_compexecute+0xa43)[0x152e97f7ffa3]
[borgl135:237676] [16] /discover/nobackup/projects/gmao/SIteam/ESMF_Testing/nag_7.2.15_openmpi_g_v8.7.0/esmf/DEFAULTINSTALLDIR/lib/libg/Linux.nag.64.openmpi.default/libesmf.so(esmf_compmod_MP_esmf_compexecute+0xa43)[0x14b0f7d1ffa3]
[borgl135:237675] [16] /discover/nobackup/projects/gmao/SIteam/ESMF_Testing/nag_7.2.15_openmpi_g_v8.7.0/esmf/DEFAULTINSTALLDIR/lib/libg/Linux.nag.64.openmpi.default/libesmf.so(esmf_compmod_MP_esmf_compexecute+0xa43)[0x1507736fafa3]
[borgl135:237677] [16] /discover/nobackup/projects/gmao/SIteam/ESMF_Testing/nag_7.2.15_openmpi_g_v8.7.0/esmf/DEFAULTINSTALLDIR/lib/libg/Linux.nag.64.openmpi.default/libesmf.so(esmf_compmod_MP_esmf_compexecute+0xa43)[0x14a3126c9fa3]
[borgl135:237678] [16] /discover/nobackup/projects/gmao/SIteam/ESMF_Testing/nag_7.2.15_openmpi_g_v8.7.0/esmf/DEFAULTINSTALLDIR/lib/libg/Linux.nag.64.openmpi.default/libesmf.so(esmf_gridcompmod_MP_esmf_gridcompinitialize+0x176)[0x152e98354083]
[borgl135:237676] [17] ./esmApp[0x495356]
[borgl135:237676] [18] ./esmApp(__NAGf90_cosmp_init+0x123)[0x434223]
[borgl135:237676] [19] ./esmApp[0x494f33]
[borgl135:237676] [20] /lib64/libc.so.6(__libc_start_main+0xef)[0x152e95af224d]
[borgl135:237676] [21] ./esmApp[0x40b68a]
[borgl135:237676] *** End of error message ***
/discover/nobackup/projects/gmao/SIteam/ESMF_Testing/nag_7.2.15_openmpi_g_v8.7.0/esmf/DEFAULTINSTALLDIR/lib/libg/Linux.nag.64.openmpi.default/libesmf.so(esmf_gridcompmod_MP_esmf_gridcompinitialize+0x176)[0x14b0f80f4083]
[borgl135:237675] [17] ./esmApp[0x495356]
[borgl135:237675] [18] ./esmApp(__NAGf90_cosmp_init+0x123)[0x434223]
[borgl135:237675] [19] ./esmApp[0x494f33]
[borgl135:237675] [20] /lib64/libc.so.6(__libc_start_main+0xef)[0x14b0f58f224d]
[borgl135:237675] [21] ./esmApp[0x40b68a]
[borgl135:237675] *** End of error message ***
/discover/nobackup/projects/gmao/SIteam/ESMF_Testing/nag_7.2.15_openmpi_g_v8.7.0/esmf/DEFAULTINSTALLDIR/lib/libg/Linux.nag.64.openmpi.default/libesmf.so(esmf_gridcompmod_MP_esmf_gridcompinitialize+0x176)[0x150773acf083]
[borgl135:237677] [17] ./esmApp[0x495356]
[borgl135:237677] [18] ./esmApp(__NAGf90_cosmp_init+0x123)[0x434223]
[borgl135:237677] [19] ./esmApp[0x494f33]
[borgl135:237677] [20] /lib64/libc.so.6(__libc_start_main+0xef)[0x1507712ce24d]
[borgl135:237677] [21] ./esmApp[0x40b68a]
[borgl135:237677] *** End of error message ***
/discover/nobackup/projects/gmao/SIteam/ESMF_Testing/nag_7.2.15_openmpi_g_v8.7.0/esmf/DEFAULTINSTALLDIR/lib/libg/Linux.nag.64.openmpi.default/libesmf.so(esmf_gridcompmod_MP_esmf_gridcompinitialize+0x176)[0x14a312a9e083]
[borgl135:237678] [17] ./esmApp[0x495356]
[borgl135:237678] [18] ./esmApp(__NAGf90_cosmp_init+0x123)[0x434223]
[borgl135:237678] [19] ./esmApp[0x494f33]
[borgl135:237678] [20] /lib64/libc.so.6(__libc_start_main+0xef)[0x14a31023e24d]
[borgl135:237678] [21] ./esmApp[0x40b68a]
[borgl135:237678] *** End of error message ***
--------------------------------------------------------------------------
Primary job  terminated normally, but 1 process returned
a non-zero exit code. Per user-direction, the job has been aborted.
--------------------------------------------------------------------------
--------------------------------------------------------------------------
mpirun noticed that process rank 0 with PID 237675 on node borgl135 exited on signal 6 (Aborted).
--------------------------------------------------------------------------
