2024-10-07 22:31:03
Runtime Error: /discover/nobackup/projects/gmao/SIteam/ESMF_Testing/nag_7.2.15_openmpi_g_v8.7.0/esmf/src/addon/NUOPC/src/NUOPC_Driver.F90, line 3269: URuntime Error: /discover/nobackup/projects/gmao/SIteam/ESMF_Testing/nag_7.2.15_openmpi_g_v8.7.0/esmf/src/addon/NUOPC/src/NUOPC_Driver.F90, line 3269: Unexpected end Runtime Error: /discover/nobackup/projects/gmao/SIteam/ESMF_Testing/nag_7.2.15_openmpi_g_v8.7.0/esmf/src/addon/NUOPC/src/NUOPC_Driver.F90, line 3269: Unexpected end of format specifRuntime Error: /discover/nobackup/projects/gmao/SIteam/ESMF_Testing/nag_7.2.15_openmpi_g_v8.7.0/esmf/src/addon/NUOPC/src/NUOPC_Driver.F90, line 3269: Unexpected end of format specification
nexpected end of format specification
Program terminof format specification
Prograication
Program terminated ated by I/O error on internal file
m terminated by I/O error on internal file
Program terminated by I/O error on internal file
by I/O error on internal file
[borgl006:155709] *** Process received signal ***
[borgl006:155709] Signal: Aborted (6)
[borgl006:155709] Signal code:  (-6)
[borgl006:155710] *** Process received signal ***
[borgl006:155710] Signal: Aborted (6)
[borgl006:155710] Signal code:  (-6)
[borgl006:155708] *** Process received signal ***
[borgl006:155708] Signal: Aborted (6)
[borgl006:155708] Signal code:  (-6)
[borgl006:155711] *** Process received signal ***
[borgl006:155711] Signal: Aborted (6)
[borgl006:155711] Signal code:  (-6)
[borgl006:155709] [ 0] /lib64/libpthread.so.0(+0x16910)[0x146594fda910]
[borgl006:155709] [borgl006:155710] [ 0] [ 1] [borgl006:155708] [ 0] /lib64/libc.so.6(gsignal+0x10d)[0x146594507d2b]
[borgl006:155709] [ 2] /lib64/libpthread.so.0(+0x16910)[0x14a83a713910]
[borgl006:155708] [ 1] /lib64/libc.so.6(abort+0x177)[0x1465945093e5]
[borgl006:155709] [ 3] ./esmApp(__NAGf90_io_abort+0x78)[0x45aa08]
[borgl006:155709] [borgl006:155711] [ 0] /lib64/libpthread.so.0(+0x16910)[0x14594ad63910]
[borgl006:155711] [ 1] /lib64/libpthread.so.0(+0x16910)[0x149c02f58910]
[borgl006:155710] [ 1] /lib64/libc.so.6(gsignal+0x10d)[0x149c02507d2b]
[borgl006:155710] [ 2] [ 4] ./esmApp(__NAGf90_ioerr+0x1cd)[0x45b06d]
[borgl006:155709] [ 5] /lib64/libc.so.6(gsignal+0x10d)[0x14a839d07d2b]
[borgl006:155708] [ 2] /lib64/libc.so.6(abort+0x177)[0x149c025093e5]
[borgl006:155710] [ 3] ./esmApp(__NAGf90_io_abort+0x78)[0x45aa08]
[borgl006:155710] [ 4] ./esmApp(__NAGf90_ioerr+0x1cd)[0x45b06d]
[borgl006:155710] [ 5] /lib64/libc.so.6(gsignal+0x10d)[0x14594a453d2b]
[borgl006:155711] [ 2] /lib64/libc.so.6(abort+0x177)[0x14594a4553e5]
[borgl006:155711] [ 3] ./esmApp(__NAGf90_io_abort+0x78)[0x45aa08]
[borgl006:155711] [ 4] ./esmApp(__NAGf90_ioerr+0x1cd)[0x45b06d]
[borgl006:155711] [ 5] /discover/nobackup/projects/gmao/SIteam/comp/SLES-15/nag/7.2.15/lib/NAG_Fortran/libf72rts.so.1(__NAGf90_maybe_next_edit+0xe19)[0x1465948aa629]
[borgl006:155709] [ 6] /lib64/libc.so.6(abort+0x177)[0x14a839d093e5]
[borgl006:155708] [ 3] ./esmApp(__NAGf90_io_abort+0x78)[0x45aa08]
[borgl006:155708] [ 4] ./esmApp(__NAGf90_ioerr+0x1cd)[0x45b06d]
[borgl006:155708] [ 5] /discover/nobackup/projects/gmao/SIteam/comp/SLES-15/nag/7.2.15/lib/NAG_Fortran/libf72rts.so.1(__NAGf90_maybe_next_edit+0xe19)[0x14594a6aa629]
[borgl006:155711] [ 6] /discover/nobackup/projects/gmao/SIteam/comp/SLES-15/nag/7.2.15/lib/NAG_Fortran/libf72rts.so.1(__NAGf90_maybe_next_edit+0xe19)[0x14a83a0aa629]
[borgl006:155708] [ 6] /discover/nobackup/projects/gmao/SIteam/comp/SLES-15/nag/7.2.15/lib/NAG_Fortran/libf72rts.so.1(__NAGf90_maybe_next_edit+0xe19)[0x149c028aa629]
[borgl006:155710] [ 6] /discover/nobackup/projects/gmao/SIteam/ESMF_Testing/nag_7.2.15_openmpi_g_v8.7.0/esmf/DEFAULTINSTALLDIR/lib/libg/Linux.nag.64.openmpi.default/libesmf.so(nuopc_driver_MP_loopdatadependentinitialize+0x4ab9)[0x1465973aa3a2]
[borgl006:155709] [ 7] /discover/nobackup/projects/gmao/SIteam/ESMF_Testing/nag_7.2.15_openmpi_g_v8.7.0/esmf/DEFAULTINSTALLDIR/lib/libg/Linux.nag.64.openmpi.default/libesmf.so(nuopc_driver_MP_loopdatadependentinitialize+0x4ab9)[0x149c053283a2]
[borgl006:155710] [ 7] /discover/nobackup/projects/gmao/SIteam/ESMF_Testing/nag_7.2.15_openmpi_g_v8.7.0/esmf/DEFAULTINSTALLDIR/lib/libg/Linux.nag.64.openmpi.default/libesmf.so(nuopc_driver_MP_loopdatadependentinitialize+0x4ab9)[0x14a83cae33a2]
[borgl006:155708] [ 7] /discover/nobackup/projects/gmao/SIteam/ESMF_Testing/nag_7.2.15_openmpi_g_v8.7.0/esmf/DEFAULTINSTALLDIR/lib/libg/Linux.nag.64.openmpi.default/libesmf.so(nuopc_driver_MP_loopdatadependentinitialize+0x4ab9)[0x14594d27f3a2]
[borgl006:155711] [ 7] /discover/nobackup/projects/gmao/SIteam/ESMF_Testing/nag_7.2.15_openmpi_g_v8.7.0/esmf/DEFAULTINSTALLDIR/lib/libg/Linux.nag.64.openmpi.default/libesmf.so(nuopc_driver_MP_initializeipdv02p5data+0x3675)[0x1465973bda71]
[borgl006:155709] [ 8] /discover/nobackup/projects/gmao/SIteam/ESMF_Testing/nag_7.2.15_openmpi_g_v8.7.0/esmf/DEFAULTINSTALLDIR/lib/libg/Linux.nag.64.openmpi.default/libesmf.so(nuopc_driver_MP_initializeipdv02p5data+0x3675)[0x149c0533ba71]
[borgl006:155710] [ 8] /discover/nobackup/projects/gmao/SIteam/ESMF_Testing/nag_7.2.15_openmpi_g_v8.7.0/esmf/DEFAULTINSTALLDIR/lib/libg/Linux.nag.64.openmpi.default/libesmf.so(nuopc_driver_MP_initializeipdv02p5data+0x3675)[0x14a83caf6a71]
[borgl006:155708] [ 8] /discover/nobackup/projects/gmao/SIteam/ESMF_Testing/nag_7.2.15_openmpi_g_v8.7.0/esmf/DEFAULTINSTALLDIR/lib/libg/Linux.nag.64.openmpi.default/libesmf.so(nuopc_driver_MP_initializeipdv02p5data+0x3675)[0x14594d292a71]
[borgl006:155711] [ 8] /discover/nobackup/projects/gmao/SIteam/ESMF_Testing/nag_7.2.15_openmpi_g_v8.7.0/esmf/DEFAULTINSTALLDIR/lib/libg/Linux.nag.64.openmpi.default/libesmf.so(nuopc_driver_MP_initializeipdv02p5+0x4f1a)[0x1465973c391e]
[borgl006:155709] [ 9] /discover/nobackup/projects/gmao/SIteam/ESMF_Testing/nag_7.2.15_openmpi_g_v8.7.0/esmf/DEFAULTINSTALLDIR/lib/libg/Linux.nag.64.openmpi.default/libesmf.so(nuopc_driver_MP_initializeipdv02p5+0x4f1a)[0x14594d29891e]
[borgl006:155711] [ 9] /discover/nobackup/projects/gmao/SIteam/ESMF_Testing/nag_7.2.15_openmpi_g_v8.7.0/esmf/DEFAULTINSTALLDIR/lib/libg/Linux.nag.64.openmpi.default/libesmf.so(nuopc_driver_MP_initializeipdv02p5+0x4f1a)[0x149c0534191e]
[borgl006:155710] [ 9] /discover/nobackup/projects/gmao/SIteam/ESMF_Testing/nag_7.2.15_openmpi_g_v8.7.0/esmf/DEFAULTINSTALLDIR/lib/libg/Linux.nag.64.openmpi.default/libesmf.so(nuopc_driver_MP_initializeipdv02p5+0x4f1a)[0x14a83cafc91e]
[borgl006:155708] [ 9] /discover/nobackup/projects/gmao/SIteam/ESMF_Testing/nag_7.2.15_openmpi_g_v8.7.0/esmf/DEFAULTINSTALLDIR/lib/libg/Linux.nag.64.openmpi.default/libesmf.so(nuopc_driver_MP_initializegeneric+0x1cbb)[0x1465974037fd]
[borgl006:155709] [10] /discover/nobackup/projects/gmao/SIteam/ESMF_Testing/nag_7.2.15_openmpi_g_v8.7.0/esmf/DEFAULTINSTALLDIR/lib/libg/Linux.nag.64.openmpi.default/libesmf.so(nuopc_driver_MP_initializegeneric+0x1cbb)[0x149c053817fd]
[borgl006:155710] [10] /discover/nobackup/projects/gmao/SIteam/ESMF_Testing/nag_7.2.15_openmpi_g_v8.7.0/esmf/DEFAULTINSTALLDIR/lib/libg/Linux.nag.64.openmpi.default/libesmf.so(nuopc_driver_MP_initializegeneric+0x1cbb)[0x14a83cb3c7fd]
[borgl006:155708] [10] /discover/nobackup/projects/gmao/SIteam/ESMF_Testing/nag_7.2.15_openmpi_g_v8.7.0/esmf/DEFAULTINSTALLDIR/lib/libg/Linux.nag.64.openmpi.default/libesmf.so(nuopc_driver_MP_initializegeneric+0x1cbb)[0x14594d2d87fd]
[borgl006:155711] [10] /discover/nobackup/projects/gmao/SIteam/ESMF_Testing/nag_7.2.15_openmpi_g_v8.7.0/esmf/DEFAULTINSTALLDIR/lib/libg/Linux.nag.64.openmpi.default/libesmf.so(_ZN5ESMCI6FTable12callVFuncPtrEPKcPNS_2VMEPi+0xc55)[0x14659633c803]
[borgl006:155709] [11] /discover/nobackup/projects/gmao/SIteam/ESMF_Testing/nag_7.2.15_openmpi_g_v8.7.0/esmf/DEFAULTINSTALLDIR/lib/libg/Linux.nag.64.openmpi.default/libesmf.so(_ZN5ESMCI6FTable12callVFuncPtrEPKcPNS_2VMEPi+0xc55)[0x14594c211803]
[borgl006:155711] [11] /discover/nobackup/projects/gmao/SIteam/ESMF_Testing/nag_7.2.15_openmpi_g_v8.7.0/esmf/DEFAULTINSTALLDIR/lib/libg/Linux.nag.64.openmpi.default/libesmf.so(_ZN5ESMCI6FTable12callVFuncPtrEPKcPNS_2VMEPi+0xc55)[0x149c042ba803]
[borgl006:155710] [11] /discover/nobackup/projects/gmao/SIteam/ESMF_Testing/nag_7.2.15_openmpi_g_v8.7.0/esmf/DEFAULTINSTALLDIR/lib/libg/Linux.nag.64.openmpi.default/libesmf.so(_ZN5ESMCI6FTable12callVFuncPtrEPKcPNS_2VMEPi+0xc55)[0x14a83ba75803]
[borgl006:155708] [11] /discover/nobackup/projects/gmao/SIteam/ESMF_Testing/nag_7.2.15_openmpi_g_v8.7.0/esmf/DEFAULTINSTALLDIR/lib/libg/Linux.nag.64.openmpi.default/libesmf.so(ESMCI_FTableCallEntryPointVMHop+0x32e)[0x1465963398d6]
[borgl006:155709] [12] /discover/nobackup/projects/gmao/SIteam/ESMF_Testing/nag_7.2.15_openmpi_g_v8.7.0/esmf/DEFAULTINSTALLDIR/lib/libg/Linux.nag.64.openmpi.default/libesmf.so(ESMCI_FTableCallEntryPointVMHop+0x32e)[0x14a83ba728d6]
[borgl006:155708] [12] /discover/nobackup/projects/gmao/SIteam/ESMF_Testing/nag_7.2.15_openmpi_g_v8.7.0/esmf/DEFAULTINSTALLDIR/lib/libg/Linux.nag.64.openmpi.default/libesmf.so(ESMCI_FTableCallEntryPointVMHop+0x32e)[0x14594c20e8d6]
[borgl006:155711] [12] /discover/nobackup/projects/gmao/SIteam/ESMF_Testing/nag_7.2.15_openmpi_g_v8.7.0/esmf/DEFAULTINSTALLDIR/lib/libg/Linux.nag.64.openmpi.default/libesmf.so(ESMCI_FTableCallEntryPointVMHop+0x32e)[0x149c042b78d6]
[borgl006:155710] [12] /discover/nobackup/projects/gmao/SIteam/ESMF_Testing/nag_7.2.15_openmpi_g_v8.7.0/esmf/DEFAULTINSTALLDIR/lib/libg/Linux.nag.64.openmpi.default/libesmf.so(_ZN5ESMCI3VMK5enterEPNS_7VMKPlanEPvS3_+0xd5)[0x14659673f223]
[borgl006:155709] [13] /discover/nobackup/projects/gmao/SIteam/ESMF_Testing/nag_7.2.15_openmpi_g_v8.7.0/esmf/DEFAULTINSTALLDIR/lib/libg/Linux.nag.64.openmpi.default/libesmf.so(_ZN5ESMCI3VMK5enterEPNS_7VMKPlanEPvS3_+0xd5)[0x14594c614223]
[borgl006:155711] [13] /discover/nobackup/projects/gmao/SIteam/ESMF_Testing/nag_7.2.15_openmpi_g_v8.7.0/esmf/DEFAULTINSTALLDIR/lib/libg/Linux.nag.64.openmpi.default/libesmf.so(_ZN5ESMCI3VMK5enterEPNS_7VMKPlanEPvS3_+0xd5)[0x149c046bd223]
[borgl006:155710] [13] /discover/nobackup/projects/gmao/SIteam/ESMF_Testing/nag_7.2.15_openmpi_g_v8.7.0/esmf/DEFAULTINSTALLDIR/lib/libg/Linux.nag.64.openmpi.default/libesmf.so(_ZN5ESMCI3VMK5enterEPNS_7VMKPlanEPvS3_+0xd5)[0x14a83be78223]
[borgl006:155708] [13] /discover/nobackup/projects/gmao/SIteam/ESMF_Testing/nag_7.2.15_openmpi_g_v8.7.0/esmf/DEFAULTINSTALLDIR/lib/libg/Linux.nag.64.openmpi.default/libesmf.so(_ZN5ESMCI2VM5enterEPNS_6VMPlanEPvS3_+0xb7)[0x14659672913d]
[borgl006:155709] [14] /discover/nobackup/projects/gmao/SIteam/ESMF_Testing/nag_7.2.15_openmpi_g_v8.7.0/esmf/DEFAULTINSTALLDIR/lib/libg/Linux.nag.64.openmpi.default/libesmf.so(_ZN5ESMCI2VM5enterEPNS_6VMPlanEPvS3_+0xb7)[0x14594c5fe13d]
[borgl006:155711] [14] /discover/nobackup/projects/gmao/SIteam/ESMF_Testing/nag_7.2.15_openmpi_g_v8.7.0/esmf/DEFAULTINSTALLDIR/lib/libg/Linux.nag.64.openmpi.default/libesmf.so(_ZN5ESMCI2VM5enterEPNS_6VMPlanEPvS3_+0xb7)[0x149c046a713d]
[borgl006:155710] [14] /discover/nobackup/projects/gmao/SIteam/ESMF_Testing/nag_7.2.15_openmpi_g_v8.7.0/esmf/DEFAULTINSTALLDIR/lib/libg/Linux.nag.64.openmpi.default/libesmf.so(_ZN5ESMCI2VM5enterEPNS_6VMPlanEPvS3_+0xb7)[0x14a83be6213d]
[borgl006:155708] [14] /discover/nobackup/projects/gmao/SIteam/ESMF_Testing/nag_7.2.15_openmpi_g_v8.7.0/esmf/DEFAULTINSTALLDIR/lib/libg/Linux.nag.64.openmpi.default/libesmf.so(c_esmc_ftablecallentrypointvm_+0x35f)[0x146596339d6f]
[borgl006:155709] [15] /discover/nobackup/projects/gmao/SIteam/ESMF_Testing/nag_7.2.15_openmpi_g_v8.7.0/esmf/DEFAULTINSTALLDIR/lib/libg/Linux.nag.64.openmpi.default/libesmf.so(c_esmc_ftablecallentrypointvm_+0x35f)[0x14594c20ed6f]
[borgl006:155711] [15] /discover/nobackup/projects/gmao/SIteam/ESMF_Testing/nag_7.2.15_openmpi_g_v8.7.0/esmf/DEFAULTINSTALLDIR/lib/libg/Linux.nag.64.openmpi.default/libesmf.so(c_esmc_ftablecallentrypointvm_+0x35f)[0x149c042b7d6f]
[borgl006:155710] [15] /discover/nobackup/projects/gmao/SIteam/ESMF_Testing/nag_7.2.15_openmpi_g_v8.7.0/esmf/DEFAULTINSTALLDIR/lib/libg/Linux.nag.64.openmpi.default/libesmf.so(c_esmc_ftablecallentrypointvm_+0x35f)[0x14a83ba72d6f]
[borgl006:155708] [15] /discover/nobackup/projects/gmao/SIteam/ESMF_Testing/nag_7.2.15_openmpi_g_v8.7.0/esmf/DEFAULTINSTALLDIR/lib/libg/Linux.nag.64.openmpi.default/libesmf.so(esmf_compmod_MP_esmf_compexecute+0xa43)[0x146596a07fa3]
[borgl006:155709] [16] /discover/nobackup/projects/gmao/SIteam/ESMF_Testing/nag_7.2.15_openmpi_g_v8.7.0/esmf/DEFAULTINSTALLDIR/lib/libg/Linux.nag.64.openmpi.default/libesmf.so(esmf_compmod_MP_esmf_compexecute+0xa43)[0x14594c8dcfa3]
[borgl006:155711] [16] /discover/nobackup/projects/gmao/SIteam/ESMF_Testing/nag_7.2.15_openmpi_g_v8.7.0/esmf/DEFAULTINSTALLDIR/lib/libg/Linux.nag.64.openmpi.default/libesmf.so(esmf_compmod_MP_esmf_compexecute+0xa43)[0x14a83c140fa3]
[borgl006:155708] [16] /discover/nobackup/projects/gmao/SIteam/ESMF_Testing/nag_7.2.15_openmpi_g_v8.7.0/esmf/DEFAULTINSTALLDIR/lib/libg/Linux.nag.64.openmpi.default/libesmf.so(esmf_compmod_MP_esmf_compexecute+0xa43)[0x149c04985fa3]
[borgl006:155710] [16] /discover/nobackup/projects/gmao/SIteam/ESMF_Testing/nag_7.2.15_openmpi_g_v8.7.0/esmf/DEFAULTINSTALLDIR/lib/libg/Linux.nag.64.openmpi.default/libesmf.so(esmf_gridcompmod_MP_esmf_gridcompinitialize+0x176)[0x146596ddc083]
[borgl006:155709] [17] ./esmApp[0x495da6]
[borgl006:155709] [18] ./esmApp(__NAGf90_cosmp_init+0x123)[0x434c73]
[borgl006:155709] [19] ./esmApp[0x495983]
[borgl006:155709] [20] /discover/nobackup/projects/gmao/SIteam/ESMF_Testing/nag_7.2.15_openmpi_g_v8.7.0/esmf/DEFAULTINSTALLDIR/lib/libg/Linux.nag.64.openmpi.default/libesmf.so(esmf_gridcompmod_MP_esmf_gridcompinitialize+0x176)[0x14594ccb1083]
[borgl006:155711] /discover/nobackup/projects/gmao/SIteam/ESMF_Testing/nag_7.2.15_openmpi_g_v8.7.0/esmf/DEFAULTINSTALLDIR/lib/libg/Linux.nag.64.openmpi.default/libesmf.so(esmf_gridcompmod_MP_esmf_gridcompinitialize+0x176)[0x14a83c515083]
[borgl006:155708] [17] ./esmApp[0x495da6]
[borgl006:155708] [18] /lib64/libc.so.6(__libc_start_main+0xef)[0x1465944f224d]
[borgl006:155709] [21] ./esmApp[0x40c0da]
[borgl006:155709] *** End of error message ***
/discover/nobackup/projects/gmao/SIteam/ESMF_Testing/nag_7.2.15_openmpi_g_v8.7.0/esmf/DEFAULTINSTALLDIR/lib/libg/Linux.nag.64.openmpi.default/libesmf.so(esmf_gridcompmod_MP_esmf_gridcompinitialize+0x176)[0x149c04d5a083]
[borgl006:155710] [17] ./esmApp[0x495da6]
[borgl006:155710] [18] [17] ./esmApp[0x495da6]
[borgl006:155711] [18] ./esmApp(__NAGf90_cosmp_init+0x123)[0x434c73]
[borgl006:155711] [19] ./esmApp[0x495983]
[borgl006:155711] [20] ./esmApp(__NAGf90_cosmp_init+0x123)[0x434c73]
[borgl006:155710] [19] ./esmApp(__NAGf90_cosmp_init+0x123)[0x434c73]
[borgl006:155708] [19] ./esmApp[0x495983]
[borgl006:155708] [20] /lib64/libc.so.6(__libc_start_main+0xef)[0x14a839cf224d]
[borgl006:155708] [21] ./esmApp[0x40c0da]
[borgl006:155708] *** End of error message ***
/lib64/libc.so.6(__libc_start_main+0xef)[0x14594a43e24d]
[borgl006:155711] [21] ./esmApp[0x40c0da]
[borgl006:155711] *** End of error message ***
./esmApp[0x495983]
[borgl006:155710] [20] /lib64/libc.so.6(__libc_start_main+0xef)[0x149c024f224d]
[borgl006:155710] [21] ./esmApp[0x40c0da]
[borgl006:155710] *** End of error message ***
--------------------------------------------------------------------------
Primary job  terminated normally, but 1 process returned
a non-zero exit code. Per user-direction, the job has been aborted.
--------------------------------------------------------------------------
--------------------------------------------------------------------------
mpirun noticed that process rank 1 with PID 155709 on node borgl006 exited on signal 6 (Aborted).
--------------------------------------------------------------------------
