2024-10-05 22:54:22
  @1800
    MED
    MED -> ATM
    MED -> OCN
    @@3600
     ATM
     OCN
     @1800
     ATM -> MED
     @
    @@
    @@3600
    OCN -> MED
    @@
    MED
  @
  @1800
    MED
    MED -> ATM
    MED -> OCN
    @@3600
     ATM
     OCN
     @1800
     ATM -> MED
     @
    @@
    @@3600
  @1800
    MED
    MED -> ATM
    MED -> OCN
    @@3600
     ATM
     OCN
  @1800
    MED
    MED -> ATM
    MED -> OCN
    @@3600
     ATM
     OCN
     @1800
     ATM -> MED
     @
    @@
    @@3600
    OCN -> MED
    @@
    MED
    OCN -> MED
    @@
    MED
  @
     @1800
     ATM -> MED
     @
    @@
    @@3600
  @
    OCN -> MED
    @@
    MED
  @
 NUOPC_DriverPrint for PET: 0
   Model, Mediator, and Driver components, in the order
   that they were added to the Driver:
 1 :  ATM
 2 :  OCN
 3 :  MED
   Connector components, in the order
   that they were added to the Driver:
 1 :  MED-TO-ATM
 2 :  MED-TO-OCN
 3 :  ATM-TO-MED
 4 :  OCN-TO-MED
NUOPC_RunSequenceArrayPrint: element     1 out of      4
runSeq::
 runElementPrint:      3    -1     1 F T
 runElementPrint:      3     1     1 F T
 runElementPrint:      3     2     1 F T
 runElementPrint:     -2     0     0 F T
 runElementPrint:     -4     0     0 F T
 runElementPrint:      3    -1     1 F T
 runElementPrint:     -1    -1     0 F F
::
NUOPC_RunSequenceArrayPrint: element     2 out of      4
runSeq::
 runElementPrint:      1    -1     1 T T
 runElementPrint:      2    -1     1 T T
 runElementPrint:     -3     0     0 T T
 runElementPrint:     -2    -1     0 T F
::
NUOPC_RunSequenceArrayPrint: element     3 out of      4
runSeq::
 runElementPrint:      1     3     1 F T
 runElementPrint:     -3    -1     0 F F
::
NUOPC_RunSequenceArrayPrint: element     4 out of      4
runSeq::
 runElementPrint:      2     3     1 T T
 runElementPrint:     -4    -1     0 T F
::
 NUOPC_DriverPrint for PET: 1
   Model, Mediator, and Driver components, in the order
   that they were added to the Driver:
 1 :  ATM
 2 :  OCN
 3 :  MED
   Connector components, in the order
   that they were added to the Driver:
 1 :  MED-TO-ATM
 2 :  MED-TO-OCN
 3 :  ATM-TO-MED
 4 :  OCN-TO-MED
NUOPC_RunSequenceArrayPrint: element     1 out of      4
runSeq::
 runElementPrint:      3    -1     1 F T
 runElementPrint:      3     1     1 F T
 runElementPrint:      3     2     1 F T
 runElementPrint:     -2     0     0 F T
 runElementPrint:     -4     0     0 F T
 runElementPrint:      3    -1     1 F T
 runElementPrint:     -1    -1     0 F F
::
NUOPC_RunSequenceArrayPrint: element     2 out of      4
runSeq::
 runElementPrint:      1    -1     1 T T
 runElementPrint:      2    -1     1 T T
 runElementPrint:     -3     0     0 T T
 runElementPrint:     -2    -1     0 T F
::
NUOPC_RunSequenceArrayPrint: element     3 out of      4
runSeq::
 runElementPrint:      1     3     1 F T
 runElementPrint:     -3    -1     0 F F
::
NUOPC_RunSequenceArrayPrint: element     4 out of      4
runSeq::
 runElementPrint:      2     3     1 T T
 runElementPrint:     -4    -1     0 T F
::
 NUOPC_DriverPrint for PET: 2
   Model, Mediator, and Driver components, in the order
   that they were added to the Driver:
 1 :  ATM
 2 :  OCN
 3 :  MED
   Connector components, in the order
   that they were added to the Driver:
 1 :  MED-TO-ATM
 2 :  MED-TO-OCN
 3 :  ATM-TO-MED
 4 :  OCN-TO-MED
NUOPC_RunSequenceArrayPrint: element     1 out of      4
runSeq::
 runElementPrint:      3    -1     1 F T
 runElementPrint:      3     1     1 F T
 runElementPrint:      3     2     1 F T
 runElementPrint:     -2     0     0 F T
 runElementPrint:     -4     0     0 F T
 runElementPrint:      3    -1     1 F T
 runElementPrint:     -1    -1     0 F F
::
NUOPC_RunSequenceArrayPrint: element     2 out of      4
runSeq::
 runElementPrint:      1    -1     1 T T
 runElementPrint:      2    -1     1 T T
 runElementPrint:     -3     0     0 T T
 runElementPrint:     -2    -1     0 T F
::
NUOPC_RunSequenceArrayPrint: element     3 out of      4
 NUOPC_DriverPrint for PET: 3
   Model, Mediator, and Driver components, in the order
   that they were added to the Driver:
 1 :  ATM
 2 :  OCN
 3 :  MED
   Connector components, in the order
   that they were added to the Driver:
 1 :  MED-TO-ATM
 2 :  MED-TO-OCN
 3 :  ATM-TO-MED
 4 :  OCN-TO-MED
NUOPC_RunSequenceArrayPrint: element     1 out of      4
runSeq::
 runElementPrint:      3    -1     1 F T
 runElementPrint:      3     1     1 F T
 runElementPrint:      3     2     1 F T
 runElementPrint:     -2     0     0 F T
 runElementPrint:     -4     0     0 F T
 runElementPrint:      3    -1     1 F T
 runElementPrint:     -1    -1     0 F F
::
NUOPC_RunSequenceArrayPrint: element     2 out of      4
runSeq::
 runElementPrint:      1    -1     1 T T
 runElementPrint:      2    -1     1 T T
 runElementPrint:     -3     0     0 T T
 runElementPrint:     -2    -1     0 T F
::
NUOPC_RunSequenceArrayPrint: element     3 out of      4
runSeq::
 runElementPrint:      1     3     1 F T
 runElementPrint:     -3    -1     0 F F
::
NUOPC_RunSequenceArrayPrint: element     4 out of      4
runSeq::
 runElementPrint:      2     3     1 T T
 runElementPrint:     -4    -1     0 T F
::
runSeq::
 runElementPrint:      1     3     1 F T
 runElementPrint:     -3    -1     0 F F
::
NUOPC_RunSequenceArrayPrint: element     4 out of      4
runSeq::
 runElementPrint:      2     3     1 T T
 runElementPrint:     -4    -1     0 T F
::
Runtime Error: /discover/nobackup/projects/gmao/SIteam/ESMF_Testing/nag_7.2.15_openmpi_g_v8.7.0/esmf/src/addon/NUOPC/src/NUOPC_Driver.F90, line 3269: Runtime Error: /discover/nobackup/projects/gmao/SIteam/ESMF_Testing/nag_7.2.15_openmpi_g_v8.7.0/esmf/src/addon/NUOPC/src/NUOPC_Driver.F90, line 3269: URuntime Error: /discover/nobackup/projects/gmao/SIteam/ESMF_Testing/nag_7.2.15_openmpi_g_v8.7.0/esmf/src/addon/NUOPC/src/NUOPC_Driver.F90, line 3269: Unexpected enRuntime Error: /discover/nobackup/projects/gmao/SIteam/ESMF_Testing/nag_7.2.15_openmpi_g_v8.7.0/esmf/src/addon/NUOPC/src/NUOPC_Driver.F90, line 3269: UnexpectUnexpected end of formated end of fnexpected end of formad of format specification
ormat specification
Program terminated by I/O error on internal file
t specification
Program terminated by I/O error on internal file
 specification
Program terminated by I/O error on internal file
Program terminated by I/O error on internal file
[borgl135:236678] *** Process received signal ***
[borgl135:236676] *** Process received signal ***
[borgl135:236676] Signal: Aborted (6)
[borgl135:236676] Signal code:  (-6)
[borgl135:236678] Signal: Aborted (6)
[borgl135:236678] Signal code:  (-6)
[borgl135:236676] [ 0] /lib64/libpthread.so.0(+0x16910)[0x153601bb2910]
[borgl135:236678] [ 0] [borgl135:236676] [ 1] /lib64/libpthread.so.0(+0x16910)[0x14685cf26910]
[borgl135:236678] [ 1] /lib64/libc.so.6(gsignal+0x10d)[0x153601107d2b]
[borgl135:236676] [ 2] [borgl135:236677] *** Process received signal ***
/lib64/libc.so.6(abort+0x177)[0x1536011093e5]
[borgl135:236676] [ 3] ./esmApp(__NAGf90_io_abort+0x78)[0x45a508]
[borgl135:236676] [ 4] /lib64/libc.so.6(gsignal+0x10d)[0x14685c653d2b]
[borgl135:236678] [ 2] [borgl135:236677] Signal: Aborted (6)
[borgl135:236677] Signal code:  (-6)
./esmApp(__NAGf90_ioerr+0x1cd)[0x45ab6d]
[borgl135:236676] [ 5] /discover/nobackup/projects/gmao/SIteam/comp/SLES-15/nag/7.2.15/lib/NAG_Fortran/libf72rts.so.1(__NAGf90_maybe_next_edit+0xe19)[0x1536014aa629]
[borgl135:236676] [ 6] /lib64/libc.so.6(abort+0x177)[0x14685c6553e5]
[borgl135:236678] [ 3] ./esmApp(__NAGf90_io_abort+0x78)[0x45a508]
[borgl135:236678] [ 4] ./esmApp(__NAGf90_ioerr+0x1cd)[0x45ab6d]
[borgl135:236678] [ 5] /discover/nobackup/projects/gmao/SIteam/comp/SLES-15/nag/7.2.15/lib/NAG_Fortran/libf72rts.so.1(__NAGf90_maybe_next_edit+0xe19)[0x14685c8aa629]
[borgl135:236678] [ 6] [borgl135:236673] *** Process received signal ***
[borgl135:236673] Signal: Aborted (6)
[borgl135:236673] Signal code:  (-6)
[borgl135:236677] [ 0] /lib64/libpthread.so.0(+0x16910)[0x14b82fb49910]
[borgl135:236677] [ 1] /lib64/libc.so.6(gsignal+0x10d)[0x14b82f107d2b]
[borgl135:236677] [ 2] /lib64/libc.so.6(abort+0x177)[0x14b82f1093e5]
[borgl135:236677] [ 3] ./esmApp(__NAGf90_io_abort+0x78)[0x45a508]
[borgl135:236677] [ 4] ./esmApp(__NAGf90_ioerr+0x1cd)[0x45ab6d]
[borgl135:236673] [ 0] /lib64/libpthread.so.0(+0x16910)[0x1523067c3910]
[borgl135:236673] [ 1] [borgl135:236677] [ 5] /lib64/libc.so.6(gsignal+0x10d)[0x152305d07d2b]
[borgl135:236673] [ 2] /discover/nobackup/projects/gmao/SIteam/comp/SLES-15/nag/7.2.15/lib/NAG_Fortran/libf72rts.so.1(__NAGf90_maybe_next_edit+0xe19)[0x14b82f4aa629]
[borgl135:236677] [ 6] /lib64/libc.so.6(abort+0x177)[0x152305d093e5]
[borgl135:236673] [ 3] ./esmApp(__NAGf90_io_abort+0x78)[0x45a508]
[borgl135:236673] [ 4] ./esmApp(__NAGf90_ioerr+0x1cd)[0x45ab6d]
[borgl135:236673] [ 5] /discover/nobackup/projects/gmao/SIteam/comp/SLES-15/nag/7.2.15/lib/NAG_Fortran/libf72rts.so.1(__NAGf90_maybe_next_edit+0xe19)[0x1523060aa629]
[borgl135:236673] [ 6] /discover/nobackup/projects/gmao/SIteam/ESMF_Testing/nag_7.2.15_openmpi_g_v8.7.0/esmf/DEFAULTINSTALLDIR/lib/libg/Linux.nag.64.openmpi.default/libesmf.so(nuopc_driver_MP_loopdatadependentinitialize+0x4ab9)[0x153603f823a2]
[borgl135:236676] [ 7] /discover/nobackup/projects/gmao/SIteam/ESMF_Testing/nag_7.2.15_openmpi_g_v8.7.0/esmf/DEFAULTINSTALLDIR/lib/libg/Linux.nag.64.openmpi.default/libesmf.so(nuopc_driver_MP_loopdatadependentinitialize+0x4ab9)[0x14685f4423a2]
[borgl135:236678] [ 7] /discover/nobackup/projects/gmao/SIteam/ESMF_Testing/nag_7.2.15_openmpi_g_v8.7.0/esmf/DEFAULTINSTALLDIR/lib/libg/Linux.nag.64.openmpi.default/libesmf.so(nuopc_driver_MP_loopdatadependentinitialize+0x4ab9)[0x152308b933a2]
[borgl135:236673] [ 7] /discover/nobackup/projects/gmao/SIteam/ESMF_Testing/nag_7.2.15_openmpi_g_v8.7.0/esmf/DEFAULTINSTALLDIR/lib/libg/Linux.nag.64.openmpi.default/libesmf.so(nuopc_driver_MP_loopdatadependentinitialize+0x4ab9)[0x14b831f193a2]
[borgl135:236677] [ 7] /discover/nobackup/projects/gmao/SIteam/ESMF_Testing/nag_7.2.15_openmpi_g_v8.7.0/esmf/DEFAULTINSTALLDIR/lib/libg/Linux.nag.64.openmpi.default/libesmf.so(nuopc_driver_MP_initializeipdv02p5data+0x3675)[0x153603f95a71]
[borgl135:236676] [ 8] /discover/nobackup/projects/gmao/SIteam/ESMF_Testing/nag_7.2.15_openmpi_g_v8.7.0/esmf/DEFAULTINSTALLDIR/lib/libg/Linux.nag.64.openmpi.default/libesmf.so(nuopc_driver_MP_initializeipdv02p5data+0x3675)[0x14685f455a71]
[borgl135:236678] [ 8] /discover/nobackup/projects/gmao/SIteam/ESMF_Testing/nag_7.2.15_openmpi_g_v8.7.0/esmf/DEFAULTINSTALLDIR/lib/libg/Linux.nag.64.openmpi.default/libesmf.so(nuopc_driver_MP_initializeipdv02p5data+0x3675)[0x152308ba6a71]
[borgl135:236673] [ 8] /discover/nobackup/projects/gmao/SIteam/ESMF_Testing/nag_7.2.15_openmpi_g_v8.7.0/esmf/DEFAULTINSTALLDIR/lib/libg/Linux.nag.64.openmpi.default/libesmf.so(nuopc_driver_MP_initializeipdv02p5data+0x3675)[0x14b831f2ca71]
[borgl135:236677] [ 8] /discover/nobackup/projects/gmao/SIteam/ESMF_Testing/nag_7.2.15_openmpi_g_v8.7.0/esmf/DEFAULTINSTALLDIR/lib/libg/Linux.nag.64.openmpi.default/libesmf.so(nuopc_driver_MP_initializeipdv02p5+0x4f1a)[0x153603f9b91e]
[borgl135:236676] [ 9] /discover/nobackup/projects/gmao/SIteam/ESMF_Testing/nag_7.2.15_openmpi_g_v8.7.0/esmf/DEFAULTINSTALLDIR/lib/libg/Linux.nag.64.openmpi.default/libesmf.so(nuopc_driver_MP_initializeipdv02p5+0x4f1a)[0x14685f45b91e]
[borgl135:236678] [ 9] /discover/nobackup/projects/gmao/SIteam/ESMF_Testing/nag_7.2.15_openmpi_g_v8.7.0/esmf/DEFAULTINSTALLDIR/lib/libg/Linux.nag.64.openmpi.default/libesmf.so(nuopc_driver_MP_initializeipdv02p5+0x4f1a)[0x14b831f3291e]
[borgl135:236677] [ 9] /discover/nobackup/projects/gmao/SIteam/ESMF_Testing/nag_7.2.15_openmpi_g_v8.7.0/esmf/DEFAULTINSTALLDIR/lib/libg/Linux.nag.64.openmpi.default/libesmf.so(nuopc_driver_MP_initializeipdv02p5+0x4f1a)[0x152308bac91e]
[borgl135:236673] [ 9] /discover/nobackup/projects/gmao/SIteam/ESMF_Testing/nag_7.2.15_openmpi_g_v8.7.0/esmf/DEFAULTINSTALLDIR/lib/libg/Linux.nag.64.openmpi.default/libesmf.so(nuopc_driver_MP_initializegeneric+0x1cbb)[0x153603fdb7fd]
[borgl135:236676] [10] /discover/nobackup/projects/gmao/SIteam/ESMF_Testing/nag_7.2.15_openmpi_g_v8.7.0/esmf/DEFAULTINSTALLDIR/lib/libg/Linux.nag.64.openmpi.default/libesmf.so(nuopc_driver_MP_initializegeneric+0x1cbb)[0x14685f49b7fd]
[borgl135:236678] [10] /discover/nobackup/projects/gmao/SIteam/ESMF_Testing/nag_7.2.15_openmpi_g_v8.7.0/esmf/DEFAULTINSTALLDIR/lib/libg/Linux.nag.64.openmpi.default/libesmf.so(nuopc_driver_MP_initializegeneric+0x1cbb)[0x152308bec7fd]
[borgl135:236673] [10] /discover/nobackup/projects/gmao/SIteam/ESMF_Testing/nag_7.2.15_openmpi_g_v8.7.0/esmf/DEFAULTINSTALLDIR/lib/libg/Linux.nag.64.openmpi.default/libesmf.so(nuopc_driver_MP_initializegeneric+0x1cbb)[0x14b831f727fd]
[borgl135:236677] [10] /discover/nobackup/projects/gmao/SIteam/ESMF_Testing/nag_7.2.15_openmpi_g_v8.7.0/esmf/DEFAULTINSTALLDIR/lib/libg/Linux.nag.64.openmpi.default/libesmf.so(_ZN5ESMCI6FTable12callVFuncPtrEPKcPNS_2VMEPi+0xc55)[0x153602f14803]
[borgl135:236676] [11] /discover/nobackup/projects/gmao/SIteam/ESMF_Testing/nag_7.2.15_openmpi_g_v8.7.0/esmf/DEFAULTINSTALLDIR/lib/libg/Linux.nag.64.openmpi.default/libesmf.so(_ZN5ESMCI6FTable12callVFuncPtrEPKcPNS_2VMEPi+0xc55)[0x14685e3d4803]
[borgl135:236678] [11] /discover/nobackup/projects/gmao/SIteam/ESMF_Testing/nag_7.2.15_openmpi_g_v8.7.0/esmf/DEFAULTINSTALLDIR/lib/libg/Linux.nag.64.openmpi.default/libesmf.so(_ZN5ESMCI6FTable12callVFuncPtrEPKcPNS_2VMEPi+0xc55)[0x14b830eab803]
[borgl135:236677] [11] /discover/nobackup/projects/gmao/SIteam/ESMF_Testing/nag_7.2.15_openmpi_g_v8.7.0/esmf/DEFAULTINSTALLDIR/lib/libg/Linux.nag.64.openmpi.default/libesmf.so(_ZN5ESMCI6FTable12callVFuncPtrEPKcPNS_2VMEPi+0xc55)[0x152307b25803]
[borgl135:236673] [11] /discover/nobackup/projects/gmao/SIteam/ESMF_Testing/nag_7.2.15_openmpi_g_v8.7.0/esmf/DEFAULTINSTALLDIR/lib/libg/Linux.nag.64.openmpi.default/libesmf.so(ESMCI_FTableCallEntryPointVMHop+0x32e)[0x153602f118d6]
[borgl135:236676] [12] /discover/nobackup/projects/gmao/SIteam/ESMF_Testing/nag_7.2.15_openmpi_g_v8.7.0/esmf/DEFAULTINSTALLDIR/lib/libg/Linux.nag.64.openmpi.default/libesmf.so(ESMCI_FTableCallEntryPointVMHop+0x32e)[0x14685e3d18d6]
[borgl135:236678] [12] /discover/nobackup/projects/gmao/SIteam/ESMF_Testing/nag_7.2.15_openmpi_g_v8.7.0/esmf/DEFAULTINSTALLDIR/lib/libg/Linux.nag.64.openmpi.default/libesmf.so(ESMCI_FTableCallEntryPointVMHop+0x32e)[0x152307b228d6]
[borgl135:236673] [12] /discover/nobackup/projects/gmao/SIteam/ESMF_Testing/nag_7.2.15_openmpi_g_v8.7.0/esmf/DEFAULTINSTALLDIR/lib/libg/Linux.nag.64.openmpi.default/libesmf.so(ESMCI_FTableCallEntryPointVMHop+0x32e)[0x14b830ea88d6]
[borgl135:236677] [12] /discover/nobackup/projects/gmao/SIteam/ESMF_Testing/nag_7.2.15_openmpi_g_v8.7.0/esmf/DEFAULTINSTALLDIR/lib/libg/Linux.nag.64.openmpi.default/libesmf.so(_ZN5ESMCI3VMK5enterEPNS_7VMKPlanEPvS3_+0xd5)[0x153603317223]
[borgl135:236676] [13] /discover/nobackup/projects/gmao/SIteam/ESMF_Testing/nag_7.2.15_openmpi_g_v8.7.0/esmf/DEFAULTINSTALLDIR/lib/libg/Linux.nag.64.openmpi.default/libesmf.so(_ZN5ESMCI3VMK5enterEPNS_7VMKPlanEPvS3_+0xd5)[0x14685e7d7223]
[borgl135:236678] [13] /discover/nobackup/projects/gmao/SIteam/ESMF_Testing/nag_7.2.15_openmpi_g_v8.7.0/esmf/DEFAULTINSTALLDIR/lib/libg/Linux.nag.64.openmpi.default/libesmf.so(_ZN5ESMCI3VMK5enterEPNS_7VMKPlanEPvS3_+0xd5)[0x152307f28223]
[borgl135:236673] [13] /discover/nobackup/projects/gmao/SIteam/ESMF_Testing/nag_7.2.15_openmpi_g_v8.7.0/esmf/DEFAULTINSTALLDIR/lib/libg/Linux.nag.64.openmpi.default/libesmf.so(_ZN5ESMCI3VMK5enterEPNS_7VMKPlanEPvS3_+0xd5)[0x14b8312ae223]
[borgl135:236677] [13] /discover/nobackup/projects/gmao/SIteam/ESMF_Testing/nag_7.2.15_openmpi_g_v8.7.0/esmf/DEFAULTINSTALLDIR/lib/libg/Linux.nag.64.openmpi.default/libesmf.so(_ZN5ESMCI2VM5enterEPNS_6VMPlanEPvS3_+0xb7)[0x15360330113d]
[borgl135:236676] [14] /discover/nobackup/projects/gmao/SIteam/ESMF_Testing/nag_7.2.15_openmpi_g_v8.7.0/esmf/DEFAULTINSTALLDIR/lib/libg/Linux.nag.64.openmpi.default/libesmf.so(_ZN5ESMCI2VM5enterEPNS_6VMPlanEPvS3_+0xb7)[0x14685e7c113d]
[borgl135:236678] [14] /discover/nobackup/projects/gmao/SIteam/ESMF_Testing/nag_7.2.15_openmpi_g_v8.7.0/esmf/DEFAULTINSTALLDIR/lib/libg/Linux.nag.64.openmpi.default/libesmf.so(_ZN5ESMCI2VM5enterEPNS_6VMPlanEPvS3_+0xb7)[0x14b83129813d]
[borgl135:236677] [14] /discover/nobackup/projects/gmao/SIteam/ESMF_Testing/nag_7.2.15_openmpi_g_v8.7.0/esmf/DEFAULTINSTALLDIR/lib/libg/Linux.nag.64.openmpi.default/libesmf.so(_ZN5ESMCI2VM5enterEPNS_6VMPlanEPvS3_+0xb7)[0x152307f1213d]
[borgl135:236673] [14] /discover/nobackup/projects/gmao/SIteam/ESMF_Testing/nag_7.2.15_openmpi_g_v8.7.0/esmf/DEFAULTINSTALLDIR/lib/libg/Linux.nag.64.openmpi.default/libesmf.so(c_esmc_ftablecallentrypointvm_+0x35f)[0x153602f11d6f]
[borgl135:236676] [15] /discover/nobackup/projects/gmao/SIteam/ESMF_Testing/nag_7.2.15_openmpi_g_v8.7.0/esmf/DEFAULTINSTALLDIR/lib/libg/Linux.nag.64.openmpi.default/libesmf.so(c_esmc_ftablecallentrypointvm_+0x35f)[0x14685e3d1d6f]
[borgl135:236678] [15] /discover/nobackup/projects/gmao/SIteam/ESMF_Testing/nag_7.2.15_openmpi_g_v8.7.0/esmf/DEFAULTINSTALLDIR/lib/libg/Linux.nag.64.openmpi.default/libesmf.so(c_esmc_ftablecallentrypointvm_+0x35f)[0x152307b22d6f]
[borgl135:236673] [15] /discover/nobackup/projects/gmao/SIteam/ESMF_Testing/nag_7.2.15_openmpi_g_v8.7.0/esmf/DEFAULTINSTALLDIR/lib/libg/Linux.nag.64.openmpi.default/libesmf.so(c_esmc_ftablecallentrypointvm_+0x35f)[0x14b830ea8d6f]
[borgl135:236677] [15] /discover/nobackup/projects/gmao/SIteam/ESMF_Testing/nag_7.2.15_openmpi_g_v8.7.0/esmf/DEFAULTINSTALLDIR/lib/libg/Linux.nag.64.openmpi.default/libesmf.so(esmf_compmod_MP_esmf_compexecute+0xa43)[0x1536035dffa3]
[borgl135:236676] [16] /discover/nobackup/projects/gmao/SIteam/ESMF_Testing/nag_7.2.15_openmpi_g_v8.7.0/esmf/DEFAULTINSTALLDIR/lib/libg/Linux.nag.64.openmpi.default/libesmf.so(esmf_compmod_MP_esmf_compexecute+0xa43)[0x14685ea9ffa3]
[borgl135:236678] [16] /discover/nobackup/projects/gmao/SIteam/ESMF_Testing/nag_7.2.15_openmpi_g_v8.7.0/esmf/DEFAULTINSTALLDIR/lib/libg/Linux.nag.64.openmpi.default/libesmf.so(esmf_compmod_MP_esmf_compexecute+0xa43)[0x1523081f0fa3]
[borgl135:236673] [16] /discover/nobackup/projects/gmao/SIteam/ESMF_Testing/nag_7.2.15_openmpi_g_v8.7.0/esmf/DEFAULTINSTALLDIR/lib/libg/Linux.nag.64.openmpi.default/libesmf.so(esmf_compmod_MP_esmf_compexecute+0xa43)[0x14b831576fa3]
[borgl135:236677] [16] /discover/nobackup/projects/gmao/SIteam/ESMF_Testing/nag_7.2.15_openmpi_g_v8.7.0/esmf/DEFAULTINSTALLDIR/lib/libg/Linux.nag.64.openmpi.default/libesmf.so(esmf_gridcompmod_MP_esmf_gridcompinitialize+0x176)[0x1536039b4083]
[borgl135:236676] [17] ./esmApp[0x4958a6]
[borgl135:236676] [18] ./esmApp(__NAGf90_cosmp_init+0x123)[0x434773]
[borgl135:236676] [19] ./esmApp[0x495483]
[borgl135:236676] [20] /lib64/libc.so.6(__libc_start_main+0xef)[0x1536010f224d]
[borgl135:236676] [21] ./esmApp[0x40bbda]
[borgl135:236676] *** End of error message ***
/discover/nobackup/projects/gmao/SIteam/ESMF_Testing/nag_7.2.15_openmpi_g_v8.7.0/esmf/DEFAULTINSTALLDIR/lib/libg/Linux.nag.64.openmpi.default/libesmf.so(esmf_gridcompmod_MP_esmf_gridcompinitialize+0x176)[0x14685ee74083]
[borgl135:236678] [17] ./esmApp[0x4958a6]
[borgl135:236678] [18] ./esmApp(__NAGf90_cosmp_init+0x123)[0x434773]
[borgl135:236678] [19] ./esmApp[0x495483]
[borgl135:236678] [20] /lib64/libc.so.6(__libc_start_main+0xef)[0x14685c63e24d]
[borgl135:236678] [21] ./esmApp[0x40bbda]
[borgl135:236678] *** End of error message ***
/discover/nobackup/projects/gmao/SIteam/ESMF_Testing/nag_7.2.15_openmpi_g_v8.7.0/esmf/DEFAULTINSTALLDIR/lib/libg/Linux.nag.64.openmpi.default/libesmf.so(esmf_gridcompmod_MP_esmf_gridcompinitialize+0x176)[0x14b83194b083]
[borgl135:236677] [17] ./esmApp[0x4958a6]
[borgl135:236677] /discover/nobackup/projects/gmao/SIteam/ESMF_Testing/nag_7.2.15_openmpi_g_v8.7.0/esmf/DEFAULTINSTALLDIR/lib/libg/Linux.nag.64.openmpi.default/libesmf.so(esmf_gridcompmod_MP_esmf_gridcompinitialize+0x176)[0x1523085c5083]
[borgl135:236673] [17] ./esmApp[0x4958a6]
[borgl135:236673] [18] [18] ./esmApp(__NAGf90_cosmp_init+0x123)[0x434773]
[borgl135:236673] [19] ./esmApp(__NAGf90_cosmp_init+0x123)[0x434773]
[borgl135:236677] [19] ./esmApp[0x495483]
[borgl135:236677] [20] /lib64/libc.so.6(__libc_start_main+0xef)[0x14b82f0f224d]
[borgl135:236677] [21] ./esmApp[0x495483]
[borgl135:236673] [20] /lib64/libc.so.6(__libc_start_main+0xef)[0x152305cf224d]
[borgl135:236673] [21] ./esmApp[0x40bbda]
[borgl135:236673] *** End of error message ***
./esmApp[0x40bbda]
[borgl135:236677] *** End of error message ***
--------------------------------------------------------------------------
Primary job  terminated normally, but 1 process returned
a non-zero exit code. Per user-direction, the job has been aborted.
--------------------------------------------------------------------------
--------------------------------------------------------------------------
mpirun noticed that process rank 3 with PID 236678 on node borgl135 exited on signal 6 (Aborted).
--------------------------------------------------------------------------
