2024-10-04 22:56:18
Runtime Error: /discover/nobackup/projects/gmao/SIteam/ESMF_Testing/nag_7.2.15_openmpi_g_v8.7.0/esmf/src/addon/NUOPC/src/NUOPC_Driver.F90, line 2430: Expected inteRuntime Error: /discover/nobackup/projects/gmao/SIteam/ESMF_Testing/nag_7.2.15_openmpi_g_v8.7.0/esmf/src/addon/NUOPC/src/NUOPC_Driver.F90, line 2430: Expected iger literal constant in format specification
Program terminated by I/O error on internal file
nteger literal constant in format specification
Program terminated by I/O error on internal file
Runtime Error: /discover/nobackup/projects/gmao/SIteam/ESMF_Testing/nag_7.2.15_openmpi_g_v8.7.0/esmf/src/addon/NUOPC/src/NUOPC_Driver.F90, line 2430: Expected integer literal consRuntime Error: /discover/nobackup/projects/gmao/SIteam/ESMF_Testing/nag_7.2.15_openmpi_g_v8.7.0/esmf/src/addon/NUOPC/src/NUOPC_Driver.F90, line 2430: tant in fExpect[borgk186:246807] *** Process received signal ***
[borgk186:246807] Signal: Aborted (6)
[borgk186:246807] Signal code:  (-6)
[borgk186:246806] *** Process received signal ***
[borgk186:246806] Signal: Aborted (6)
[borgk186:246806] Signal code:  (-6)
ed integer literal constant in format specificaormat specification
Program terminated by I/O errotion
Pr on interrogram terminated by I/O error on internal file
nal file
[borgk186:246806] [ 0] [borgk186:246807] [ 0] /lib64/libpthread.so.0(+0x16910)[0x1460ce8de910]
[borgk186:246807] /lib64/libpthread.so.0(+0x16910)[0x1493420f0910]
[borgk186:246806] [ 1] [ 1] /lib64/libc.so.6(gsignal+0x10d)[0x149341707d2b]
[borgk186:246806] [ 2] /lib64/libc.so.6(gsignal+0x10d)[0x1460cdf07d2b]
[borgk186:246807] [ 2] [borgk186:246804] *** Process received signal ***
[borgk186:246805] *** Process received signal ***
[borgk186:246805] Signal: Aborted (6)
[borgk186:246805] Signal code:  (-6)
/lib64/libc.so.6(abort+0x177)[0x1460cdf093e5]
[borgk186:246807] [ 3] [borgk186:246804] Signal: Aborted (6)
[borgk186:246804] Signal code:  (-6)
/lib64/libc.so.6(abort+0x177)[0x1493417093e5]
[borgk186:246806] [ 3] ./externalApp(__NAGf90_io_abort+0x78)[0x45aa88]
[borgk186:246806] [ 4] ./externalApp(__NAGf90_ioerr+0x1cd)[0x45b0ed]
[borgk186:246806] [ 5] ./externalApp(__NAGf90_io_abort+0x78)[0x45aa88]
[borgk186:246807] [ 4] ./externalApp(__NAGf90_ioerr+0x1cd)[0x45b0ed]
[borgk186:246807] [ 5] /discover/nobackup/projects/gmao/SIteam/comp/SLES-15/nag/7.2.15/lib/NAG_Fortran/libf72rts.so.1(__NAGf90_maybe_next_edit+0xe19)[0x1460ce2aa629]
[borgk186:246807] /discover/nobackup/projects/gmao/SIteam/comp/SLES-15/nag/7.2.15/lib/NAG_Fortran/libf72rts.so.1(__NAGf90_maybe_next_edit+0xe19)[0x149341aaa629]
[borgk186:246806] [ 6] [ 6] [borgk186:246804] [ 0] [borgk186:246805] [ 0] /lib64/libpthread.so.0(+0x16910)[0x150bcdea6910]
[borgk186:246805] [ 1] /lib64/libpthread.so.0(+0x16910)[0x14f81cd1b910]
[borgk186:246804] [ 1] /lib64/libc.so.6(gsignal+0x10d)[0x150bcdce3d2b]
[borgk186:246805] [ 2] /lib64/libc.so.6(gsignal+0x10d)[0x14f81c307d2b]
[borgk186:246804] [ 2] /lib64/libc.so.6(abort+0x177)[0x150bcdce53e5]
[borgk186:246805] [ 3] /lib64/libc.so.6(abort+0x177)[0x14f81c3093e5]
[borgk186:246804] [ 3] ./externalApp(__NAGf90_io_abort+0x78)[0x45aa88]
[borgk186:246804] [ 4] ./externalApp(__NAGf90_ioerr+0x1cd)[0x45b0ed]
[borgk186:246804] [ 5] ./externalApp(__NAGf90_io_abort+0x78)[0x45aa88]
[borgk186:246805] [ 4] ./externalApp(__NAGf90_ioerr+0x1cd)[0x45b0ed]
[borgk186:246805] [ 5] /discover/nobackup/projects/gmao/SIteam/comp/SLES-15/nag/7.2.15/lib/NAG_Fortran/libf72rts.so.1(__NAGf90_maybe_next_edit+0xe19)[0x150bce0aa629]
[borgk186:246805] [ 6] /discover/nobackup/projects/gmao/SIteam/comp/SLES-15/nag/7.2.15/lib/NAG_Fortran/libf72rts.so.1(__NAGf90_maybe_next_edit+0xe19)[0x14f81c6aa629]
[borgk186:246804] [ 6] /discover/nobackup/projects/gmao/SIteam/ESMF_Testing/nag_7.2.15_openmpi_g_v8.7.0/esmf/DEFAULTINSTALLDIR/lib/libg/Linux.nag.64.openmpi.default/libesmf.so(nuopc_driver_MP_initializeipdv02p5+0x4700)[0x1460d0cc7104]
[borgk186:246807] [ 7] /discover/nobackup/projects/gmao/SIteam/ESMF_Testing/nag_7.2.15_openmpi_g_v8.7.0/esmf/DEFAULTINSTALLDIR/lib/libg/Linux.nag.64.openmpi.default/libesmf.so(nuopc_driver_MP_initializeipdv02p5+0x4700)[0x1493444d9104]
[borgk186:246806] [ 7] /discover/nobackup/projects/gmao/SIteam/ESMF_Testing/nag_7.2.15_openmpi_g_v8.7.0/esmf/DEFAULTINSTALLDIR/lib/libg/Linux.nag.64.openmpi.default/libesmf.so(nuopc_driver_MP_initializeipdv02p5+0x4700)[0x150bd0a9e104]
[borgk186:246805] [ 7] /discover/nobackup/projects/gmao/SIteam/ESMF_Testing/nag_7.2.15_openmpi_g_v8.7.0/esmf/DEFAULTINSTALLDIR/lib/libg/Linux.nag.64.openmpi.default/libesmf.so(nuopc_driver_MP_initializeipdv02p5+0x4700)[0x14f81f104104]
[borgk186:246804] [ 7] /discover/nobackup/projects/gmao/SIteam/ESMF_Testing/nag_7.2.15_openmpi_g_v8.7.0/esmf/DEFAULTINSTALLDIR/lib/libg/Linux.nag.64.openmpi.default/libesmf.so(_ZN5ESMCI6FTable12callVFuncPtrEPKcPNS_2VMEPi+0xc55)[0x1460cfc40803]
[borgk186:246807] [ 8] /discover/nobackup/projects/gmao/SIteam/ESMF_Testing/nag_7.2.15_openmpi_g_v8.7.0/esmf/DEFAULTINSTALLDIR/lib/libg/Linux.nag.64.openmpi.default/libesmf.so(_ZN5ESMCI6FTable12callVFuncPtrEPKcPNS_2VMEPi+0xc55)[0x149343452803]
[borgk186:246806] [ 8] /discover/nobackup/projects/gmao/SIteam/ESMF_Testing/nag_7.2.15_openmpi_g_v8.7.0/esmf/DEFAULTINSTALLDIR/lib/libg/Linux.nag.64.openmpi.default/libesmf.so(_ZN5ESMCI6FTable12callVFuncPtrEPKcPNS_2VMEPi+0xc55)[0x150bcfa17803]
[borgk186:246805] [ 8] /discover/nobackup/projects/gmao/SIteam/ESMF_Testing/nag_7.2.15_openmpi_g_v8.7.0/esmf/DEFAULTINSTALLDIR/lib/libg/Linux.nag.64.openmpi.default/libesmf.so(_ZN5ESMCI6FTable12callVFuncPtrEPKcPNS_2VMEPi+0xc55)[0x14f81e07d803]
[borgk186:246804] [ 8] /discover/nobackup/projects/gmao/SIteam/ESMF_Testing/nag_7.2.15_openmpi_g_v8.7.0/esmf/DEFAULTINSTALLDIR/lib/libg/Linux.nag.64.openmpi.default/libesmf.so(ESMCI_FTableCallEntryPointVMHop+0x32e)[0x1460cfc3d8d6]
[borgk186:246807] [ 9] /discover/nobackup/projects/gmao/SIteam/ESMF_Testing/nag_7.2.15_openmpi_g_v8.7.0/esmf/DEFAULTINSTALLDIR/lib/libg/Linux.nag.64.openmpi.default/libesmf.so(ESMCI_FTableCallEntryPointVMHop+0x32e)[0x14934344f8d6]
[borgk186:246806] [ 9] /discover/nobackup/projects/gmao/SIteam/ESMF_Testing/nag_7.2.15_openmpi_g_v8.7.0/esmf/DEFAULTINSTALLDIR/lib/libg/Linux.nag.64.openmpi.default/libesmf.so(ESMCI_FTableCallEntryPointVMHop+0x32e)[0x150bcfa148d6]
[borgk186:246805] [ 9] /discover/nobackup/projects/gmao/SIteam/ESMF_Testing/nag_7.2.15_openmpi_g_v8.7.0/esmf/DEFAULTINSTALLDIR/lib/libg/Linux.nag.64.openmpi.default/libesmf.so(ESMCI_FTableCallEntryPointVMHop+0x32e)[0x14f81e07a8d6]
[borgk186:246804] [ 9] /discover/nobackup/projects/gmao/SIteam/ESMF_Testing/nag_7.2.15_openmpi_g_v8.7.0/esmf/DEFAULTINSTALLDIR/lib/libg/Linux.nag.64.openmpi.default/libesmf.so(_ZN5ESMCI3VMK5enterEPNS_7VMKPlanEPvS3_+0xd5)[0x149343855223]
[borgk186:246806] [10] /discover/nobackup/projects/gmao/SIteam/ESMF_Testing/nag_7.2.15_openmpi_g_v8.7.0/esmf/DEFAULTINSTALLDIR/lib/libg/Linux.nag.64.openmpi.default/libesmf.so(_ZN5ESMCI3VMK5enterEPNS_7VMKPlanEPvS3_+0xd5)[0x1460d0043223]
[borgk186:246807] [10] /discover/nobackup/projects/gmao/SIteam/ESMF_Testing/nag_7.2.15_openmpi_g_v8.7.0/esmf/DEFAULTINSTALLDIR/lib/libg/Linux.nag.64.openmpi.default/libesmf.so(_ZN5ESMCI3VMK5enterEPNS_7VMKPlanEPvS3_+0xd5)[0x150bcfe1a223]
[borgk186:246805] [10] /discover/nobackup/projects/gmao/SIteam/ESMF_Testing/nag_7.2.15_openmpi_g_v8.7.0/esmf/DEFAULTINSTALLDIR/lib/libg/Linux.nag.64.openmpi.default/libesmf.so(_ZN5ESMCI3VMK5enterEPNS_7VMKPlanEPvS3_+0xd5)[0x14f81e480223]
[borgk186:246804] [10] /discover/nobackup/projects/gmao/SIteam/ESMF_Testing/nag_7.2.15_openmpi_g_v8.7.0/esmf/DEFAULTINSTALLDIR/lib/libg/Linux.nag.64.openmpi.default/libesmf.so(_ZN5ESMCI2VM5enterEPNS_6VMPlanEPvS3_+0xb7)[0x1460d002d13d]
[borgk186:246807] [11] /discover/nobackup/projects/gmao/SIteam/ESMF_Testing/nag_7.2.15_openmpi_g_v8.7.0/esmf/DEFAULTINSTALLDIR/lib/libg/Linux.nag.64.openmpi.default/libesmf.so(_ZN5ESMCI2VM5enterEPNS_6VMPlanEPvS3_+0xb7)[0x14934383f13d]
[borgk186:246806] [11] /discover/nobackup/projects/gmao/SIteam/ESMF_Testing/nag_7.2.15_openmpi_g_v8.7.0/esmf/DEFAULTINSTALLDIR/lib/libg/Linux.nag.64.openmpi.default/libesmf.so(_ZN5ESMCI2VM5enterEPNS_6VMPlanEPvS3_+0xb7)[0x150bcfe0413d]
[borgk186:246805] [11] /discover/nobackup/projects/gmao/SIteam/ESMF_Testing/nag_7.2.15_openmpi_g_v8.7.0/esmf/DEFAULTINSTALLDIR/lib/libg/Linux.nag.64.openmpi.default/libesmf.so(_ZN5ESMCI2VM5enterEPNS_6VMPlanEPvS3_+0xb7)[0x14f81e46a13d]
[borgk186:246804] [11] /discover/nobackup/projects/gmao/SIteam/ESMF_Testing/nag_7.2.15_openmpi_g_v8.7.0/esmf/DEFAULTINSTALLDIR/lib/libg/Linux.nag.64.openmpi.default/libesmf.so(c_esmc_ftablecallentrypointvm_+0x35f)[0x1460cfc3dd6f]
[borgk186:246807] [12] /discover/nobackup/projects/gmao/SIteam/ESMF_Testing/nag_7.2.15_openmpi_g_v8.7.0/esmf/DEFAULTINSTALLDIR/lib/libg/Linux.nag.64.openmpi.default/libesmf.so(c_esmc_ftablecallentrypointvm_+0x35f)[0x14934344fd6f]
[borgk186:246806] [12] /discover/nobackup/projects/gmao/SIteam/ESMF_Testing/nag_7.2.15_openmpi_g_v8.7.0/esmf/DEFAULTINSTALLDIR/lib/libg/Linux.nag.64.openmpi.default/libesmf.so(c_esmc_ftablecallentrypointvm_+0x35f)[0x14f81e07ad6f]
[borgk186:246804] [12] /discover/nobackup/projects/gmao/SIteam/ESMF_Testing/nag_7.2.15_openmpi_g_v8.7.0/esmf/DEFAULTINSTALLDIR/lib/libg/Linux.nag.64.openmpi.default/libesmf.so(c_esmc_ftablecallentrypointvm_+0x35f)[0x150bcfa14d6f]
[borgk186:246805] [12] /discover/nobackup/projects/gmao/SIteam/ESMF_Testing/nag_7.2.15_openmpi_g_v8.7.0/esmf/DEFAULTINSTALLDIR/lib/libg/Linux.nag.64.openmpi.default/libesmf.so(esmf_compmod_MP_esmf_compexecute+0xa43)[0x1460d030bfa3]
[borgk186:246807] [13] /discover/nobackup/projects/gmao/SIteam/ESMF_Testing/nag_7.2.15_openmpi_g_v8.7.0/esmf/DEFAULTINSTALLDIR/lib/libg/Linux.nag.64.openmpi.default/libesmf.so(esmf_compmod_MP_esmf_compexecute+0xa43)[0x149343b1dfa3]
[borgk186:246806] [13] /discover/nobackup/projects/gmao/SIteam/ESMF_Testing/nag_7.2.15_openmpi_g_v8.7.0/esmf/DEFAULTINSTALLDIR/lib/libg/Linux.nag.64.openmpi.default/libesmf.so(esmf_compmod_MP_esmf_compexecute+0xa43)[0x150bd00e2fa3]
[borgk186:246805] [13] /discover/nobackup/projects/gmao/SIteam/ESMF_Testing/nag_7.2.15_openmpi_g_v8.7.0/esmf/DEFAULTINSTALLDIR/lib/libg/Linux.nag.64.openmpi.default/libesmf.so(esmf_compmod_MP_esmf_compexecute+0xa43)[0x14f81e748fa3]
[borgk186:246804] [13] /discover/nobackup/projects/gmao/SIteam/ESMF_Testing/nag_7.2.15_openmpi_g_v8.7.0/esmf/DEFAULTINSTALLDIR/lib/libg/Linux.nag.64.openmpi.default/libesmf.so(esmf_gridcompmod_MP_esmf_gridcompinitialize+0x176)[0x1460d06e0083]
[borgk186:246807] [14] ./externalApp[0x497fe3]
[borgk186:246807] [15] ./externalApp[0x4961bc]
[borgk186:246807] [16] /discover/nobackup/projects/gmao/SIteam/ESMF_Testing/nag_7.2.15_openmpi_g_v8.7.0/esmf/DEFAULTINSTALLDIR/lib/libg/Linux.nag.64.openmpi.default/libesmf.so(esmf_gridcompmod_MP_esmf_gridcompinitialize+0x176)[0x149343ef2083]
[borgk186:246806] [14] ./externalApp[0x497fe3]
[borgk186:246806] [15] ./externalApp[0x4961bc]
[borgk186:246806] [16] ./externalApp[0x495ba8]
[borgk186:246806] ./externalApp[0x495ba8]
[borgk186:246807] [17] ./externalApp(__NAGf90_cosmp_init+0x123)[0x434cf3]
[borgk186:246807] [18] ./externalApp[0x495a03]
[borgk186:246807] [19] [17] ./externalApp(__NAGf90_cosmp_init+0x123)[0x434cf3]
[borgk186:246806] [18] ./externalApp[0x495a03]
[borgk186:246806] [19] /lib64/libc.so.6(__libc_start_main+0xef)[0x1460cdef224d]
[borgk186:246807] [20] ./externalApp[0x40c15a]
[borgk186:246807] *** End of error message ***
/lib64/libc.so.6(__libc_start_main+0xef)[0x1493416f224d]
[borgk186:246806] [20] ./externalApp[0x40c15a]
[borgk186:246806] *** End of error message ***
/discover/nobackup/projects/gmao/SIteam/ESMF_Testing/nag_7.2.15_openmpi_g_v8.7.0/esmf/DEFAULTINSTALLDIR/lib/libg/Linux.nag.64.openmpi.default/libesmf.so(esmf_gridcompmod_MP_esmf_gridcompinitialize+0x176)[0x14f81eb1d083]
[borgk186:246804] [14] /discover/nobackup/projects/gmao/SIteam/ESMF_Testing/nag_7.2.15_openmpi_g_v8.7.0/esmf/DEFAULTINSTALLDIR/lib/libg/Linux.nag.64.openmpi.default/libesmf.so(esmf_gridcompmod_MP_esmf_gridcompinitialize+0x176)[0x150bd04b7083]
[borgk186:246805] [14] ./externalApp[0x497fe3]
[borgk186:246805] [15] ./externalApp[0x495d8e]
[borgk186:246805] [16] ./externalApp[0x495b5d]
[borgk186:246805] ./externalApp[0x497fe3]
[borgk186:246804] [15] ./externalApp[0x495d8e]
[17] ./externalApp(__NAGf90_cosmp_init+0x123)[0x434cf3]
[borgk186:246805] [18] ./externalApp[0x495a03]
[borgk186:246805] [19] [borgk186:246804] [16] ./externalApp[0x495b5d]
[borgk186:246804] [17] ./externalApp(__NAGf90_cosmp_init+0x123)[0x434cf3]
[borgk186:246804] [18] ./externalApp[0x495a03]
[borgk186:246804] [19] /lib64/libc.so.6(__libc_start_main+0xef)[0x150bcdcce24d]
[borgk186:246805] [20] /lib64/libc.so.6(__libc_start_main+0xef)[0x14f81c2f224d]
[borgk186:246804] [20] ./externalApp[0x40c15a]
[borgk186:246804] *** End of error message ***
./externalApp[0x40c15a]
[borgk186:246805] *** End of error message ***
--------------------------------------------------------------------------
Primary job  terminated normally, but 1 process returned
a non-zero exit code. Per user-direction, the job has been aborted.
--------------------------------------------------------------------------
--------------------------------------------------------------------------
mpirun noticed that process rank 3 with PID 246807 on node borgk186 exited on signal 6 (Aborted).
--------------------------------------------------------------------------
