2024-10-07 22:31:03
Runtime Error: /discover/nobackup/projects/gmao/SIteam/ESMF_Testing/nag_7.2.15_openmpi_g_v8.7.0/esmf/src/addon/NUOPC/src/NUOPC_Driver.F90, line 3269: Runtime Error: /discover/nobackup/projects/gmao/SIteam/ESMF_Testing/nag_7.2.15_openmpi_g_v8.7.0/esmf/src/addon/NUOPC/src/NUOPC_Driver.F90, line 3269: Unexpected end of format spRuntime Error: /discover/nobackup/projects/gmao/SIteam/ESMF_Testing/nag_7.2.15_openmpi_g_v8.7.0/esmf/src/addon/NUOPC/src/NUOPC_Driver.F90, line 3269: Unexpected end of format specifRuntime Error: /discover/nobackup/projects/gmao/SIteam/ESMF_Testing/nag_7.2.15_openmpi_g_v8.7.0/esmf/src/addon/NUOPC/src/NUOPC_Driver.F90, line 3269: Unexpected end of format speciication
PrograUnexpected end of format specification
Proecification
Program terminated fication
Program terby I/O error on internal file
m terminated by I/O error on internal file
gram terminated by I/O error on internal file
minated by I/O error on internal file
[borgl006:156934] *** Process received signal ***
[borgl006:156934] Signal: Aborted (6)
[borgl006:156934] Signal code:  (-6)
[borgl006:156935] *** Process received signal ***
[borgl006:156935] Signal: Aborted (6)
[borgl006:156935] Signal code:  (-6)
[borgl006:156933] *** Process received signal ***
[borgl006:156933] Signal: Aborted (6)
[borgl006:156933] Signal code:  (-6)
[borgl006:156935] [ 0] /lib64/libpthread.so.0(+0x16910)[0x151da09f2910]
[borgl006:156934] [ 0] /lib64/libpthread.so.0(+0x16910)[0x14af83f3b910]
[borgl006:156934] [ 1] [borgl006:156933] [ 0] /lib64/libpthread.so.0(+0x16910)[0x1487715f2910]
[borgl006:156933] [ 1] [borgl006:156935] [ 1] /lib64/libc.so.6(gsignal+0x10d)[0x151da082fd2b]
[borgl006:156935] [ 2] /lib64/libc.so.6(abort+0x177)[0x151da08313e5]
/lib64/libc.so.6(gsignal+0x10d)[0x14af83653d2b]
[borgl006:156934] [ 2] /lib64/libc.so.6(abort+0x177)[0x14af836553e5]
[borgl006:156934] [ 3] /lib64/libc.so.6(gsignal+0x10d)[0x14877142fd2b]
[borgl006:156933] [ 2] [borgl006:156935] [ 3] ./mainApp(__NAGf90_io_abort+0x78)[0x459f98]
/lib64/libc.so.6(abort+0x177)[0x1487714313e5]
[borgl006:156933] [ 3] [borgl006:156935] [ 4] ./mainApp(__NAGf90_ioerr+0x1cd)[0x45a5fd]
[borgl006:156935] [ 5] ./mainApp(__NAGf90_io_abort+0x78)[0x459f98]
[borgl006:156934] [ 4] ./mainApp(__NAGf90_ioerr+0x1cd)[0x45a5fd]
[borgl006:156934] [ 5] /discover/nobackup/projects/gmao/SIteam/comp/SLES-15/nag/7.2.15/lib/NAG_Fortran/libf72rts.so.1(__NAGf90_maybe_next_edit+0xe19)[0x14af838aa629]
[borgl006:156934] [ 6] ./mainApp(__NAGf90_io_abort+0x78)[0x459f98]
[borgl006:156933] [ 4] ./mainApp(__NAGf90_ioerr+0x1cd)[0x45a5fd]
[borgl006:156933] [ 5] /discover/nobackup/projects/gmao/SIteam/comp/SLES-15/nag/7.2.15/lib/NAG_Fortran/libf72rts.so.1(__NAGf90_maybe_next_edit+0xe19)[0x151da0aaa629]
[borgl006:156935] [ 6] /discover/nobackup/projects/gmao/SIteam/comp/SLES-15/nag/7.2.15/lib/NAG_Fortran/libf72rts.so.1(__NAGf90_maybe_next_edit+0xe19)[0x1487716aa629]
[borgl006:156933] [ 6] [borgl006:156932] *** Process received signal ***
[borgl006:156932] Signal: Aborted (6)
[borgl006:156932] Signal code:  (-6)
[borgl006:156932] [ 0] /lib64/libpthread.so.0(+0x16910)[0x14b8b6bf2910]
[borgl006:156932] [ 1] /lib64/libc.so.6(gsignal+0x10d)[0x14b8b6a2fd2b]
[borgl006:156932] [ 2] /lib64/libc.so.6(abort+0x177)[0x14b8b6a313e5]
[borgl006:156932] [ 3] ./mainApp(__NAGf90_io_abort+0x78)[0x459f98]
[borgl006:156932] [ 4] ./mainApp(__NAGf90_ioerr+0x1cd)[0x45a5fd]
[borgl006:156932] [ 5] /discover/nobackup/projects/gmao/SIteam/comp/SLES-15/nag/7.2.15/lib/NAG_Fortran/libf72rts.so.1(__NAGf90_maybe_next_edit+0xe19)[0x14b8b6caa629]
[borgl006:156932] [ 6] /discover/nobackup/projects/gmao/SIteam/ESMF_Testing/nag_7.2.15_openmpi_g_v8.7.0/esmf/DEFAULTINSTALLDIR/lib/libg/Linux.nag.64.openmpi.default/libesmf.so(nuopc_driver_MP_loopdatadependentinitialize+0x4ab9)[0x1487741e83a2]
[borgl006:156933] [ 7] /discover/nobackup/projects/gmao/SIteam/ESMF_Testing/nag_7.2.15_openmpi_g_v8.7.0/esmf/DEFAULTINSTALLDIR/lib/libg/Linux.nag.64.openmpi.default/libesmf.so(nuopc_driver_MP_loopdatadependentinitialize+0x4ab9)[0x14af864573a2]
[borgl006:156934] [ 7] /discover/nobackup/projects/gmao/SIteam/ESMF_Testing/nag_7.2.15_openmpi_g_v8.7.0/esmf/DEFAULTINSTALLDIR/lib/libg/Linux.nag.64.openmpi.default/libesmf.so(nuopc_driver_MP_loopdatadependentinitialize+0x4ab9)[0x151da35d63a2]
[borgl006:156935] [ 7] /discover/nobackup/projects/gmao/SIteam/ESMF_Testing/nag_7.2.15_openmpi_g_v8.7.0/esmf/DEFAULTINSTALLDIR/lib/libg/Linux.nag.64.openmpi.default/libesmf.so(nuopc_driver_MP_loopdatadependentinitialize+0x4ab9)[0x14b8b97ed3a2]
[borgl006:156932] [ 7] /discover/nobackup/projects/gmao/SIteam/ESMF_Testing/nag_7.2.15_openmpi_g_v8.7.0/esmf/DEFAULTINSTALLDIR/lib/libg/Linux.nag.64.openmpi.default/libesmf.so(nuopc_driver_MP_initializeipdv02p5data+0x3675)[0x151da35e9a71]
[borgl006:156935] [ 8] /discover/nobackup/projects/gmao/SIteam/ESMF_Testing/nag_7.2.15_openmpi_g_v8.7.0/esmf/DEFAULTINSTALLDIR/lib/libg/Linux.nag.64.openmpi.default/libesmf.so(nuopc_driver_MP_initializeipdv02p5data+0x3675)[0x1487741fba71]
[borgl006:156933] [ 8] /discover/nobackup/projects/gmao/SIteam/ESMF_Testing/nag_7.2.15_openmpi_g_v8.7.0/esmf/DEFAULTINSTALLDIR/lib/libg/Linux.nag.64.openmpi.default/libesmf.so(nuopc_driver_MP_initializeipdv02p5data+0x3675)[0x14af8646aa71]
[borgl006:156934] [ 8] /discover/nobackup/projects/gmao/SIteam/ESMF_Testing/nag_7.2.15_openmpi_g_v8.7.0/esmf/DEFAULTINSTALLDIR/lib/libg/Linux.nag.64.openmpi.default/libesmf.so(nuopc_driver_MP_initializeipdv02p5data+0x3675)[0x14b8b9800a71]
[borgl006:156932] [ 8] /discover/nobackup/projects/gmao/SIteam/ESMF_Testing/nag_7.2.15_openmpi_g_v8.7.0/esmf/DEFAULTINSTALLDIR/lib/libg/Linux.nag.64.openmpi.default/libesmf.so(nuopc_driver_MP_initializeipdv02p5+0x4f1a)[0x14af8647091e]
[borgl006:156934] [ 9] /discover/nobackup/projects/gmao/SIteam/ESMF_Testing/nag_7.2.15_openmpi_g_v8.7.0/esmf/DEFAULTINSTALLDIR/lib/libg/Linux.nag.64.openmpi.default/libesmf.so(nuopc_driver_MP_initializeipdv02p5+0x4f1a)[0x151da35ef91e]
[borgl006:156935] [ 9] /discover/nobackup/projects/gmao/SIteam/ESMF_Testing/nag_7.2.15_openmpi_g_v8.7.0/esmf/DEFAULTINSTALLDIR/lib/libg/Linux.nag.64.openmpi.default/libesmf.so(nuopc_driver_MP_initializeipdv02p5+0x4f1a)[0x14877420191e]
[borgl006:156933] [ 9] /discover/nobackup/projects/gmao/SIteam/ESMF_Testing/nag_7.2.15_openmpi_g_v8.7.0/esmf/DEFAULTINSTALLDIR/lib/libg/Linux.nag.64.openmpi.default/libesmf.so(nuopc_driver_MP_initializeipdv02p5+0x4f1a)[0x14b8b980691e]
[borgl006:156932] [ 9] /discover/nobackup/projects/gmao/SIteam/ESMF_Testing/nag_7.2.15_openmpi_g_v8.7.0/esmf/DEFAULTINSTALLDIR/lib/libg/Linux.nag.64.openmpi.default/libesmf.so(nuopc_driver_MP_initializegeneric+0x1cbb)[0x1487742417fd]
[borgl006:156933] [10] /discover/nobackup/projects/gmao/SIteam/ESMF_Testing/nag_7.2.15_openmpi_g_v8.7.0/esmf/DEFAULTINSTALLDIR/lib/libg/Linux.nag.64.openmpi.default/libesmf.so(nuopc_driver_MP_initializegeneric+0x1cbb)[0x14af864b07fd]
[borgl006:156934] [10] /discover/nobackup/projects/gmao/SIteam/ESMF_Testing/nag_7.2.15_openmpi_g_v8.7.0/esmf/DEFAULTINSTALLDIR/lib/libg/Linux.nag.64.openmpi.default/libesmf.so(nuopc_driver_MP_initializegeneric+0x1cbb)[0x151da362f7fd]
[borgl006:156935] [10] /discover/nobackup/projects/gmao/SIteam/ESMF_Testing/nag_7.2.15_openmpi_g_v8.7.0/esmf/DEFAULTINSTALLDIR/lib/libg/Linux.nag.64.openmpi.default/libesmf.so(nuopc_driver_MP_initializegeneric+0x1cbb)[0x14b8b98467fd]
[borgl006:156932] [10] /discover/nobackup/projects/gmao/SIteam/ESMF_Testing/nag_7.2.15_openmpi_g_v8.7.0/esmf/DEFAULTINSTALLDIR/lib/libg/Linux.nag.64.openmpi.default/libesmf.so(_ZN5ESMCI6FTable12callVFuncPtrEPKcPNS_2VMEPi+0xc55)[0x151da2568803]
[borgl006:156935] [11] /discover/nobackup/projects/gmao/SIteam/ESMF_Testing/nag_7.2.15_openmpi_g_v8.7.0/esmf/DEFAULTINSTALLDIR/lib/libg/Linux.nag.64.openmpi.default/libesmf.so(_ZN5ESMCI6FTable12callVFuncPtrEPKcPNS_2VMEPi+0xc55)[0x14877317a803]
[borgl006:156933] [11] /discover/nobackup/projects/gmao/SIteam/ESMF_Testing/nag_7.2.15_openmpi_g_v8.7.0/esmf/DEFAULTINSTALLDIR/lib/libg/Linux.nag.64.openmpi.default/libesmf.so(_ZN5ESMCI6FTable12callVFuncPtrEPKcPNS_2VMEPi+0xc55)[0x14af853e9803]
[borgl006:156934] [11] /discover/nobackup/projects/gmao/SIteam/ESMF_Testing/nag_7.2.15_openmpi_g_v8.7.0/esmf/DEFAULTINSTALLDIR/lib/libg/Linux.nag.64.openmpi.default/libesmf.so(_ZN5ESMCI6FTable12callVFuncPtrEPKcPNS_2VMEPi+0xc55)[0x14b8b877f803]
[borgl006:156932] [11] /discover/nobackup/projects/gmao/SIteam/ESMF_Testing/nag_7.2.15_openmpi_g_v8.7.0/esmf/DEFAULTINSTALLDIR/lib/libg/Linux.nag.64.openmpi.default/libesmf.so(ESMCI_FTableCallEntryPointVMHop+0x32e)[0x1487731778d6]
[borgl006:156933] [12] /discover/nobackup/projects/gmao/SIteam/ESMF_Testing/nag_7.2.15_openmpi_g_v8.7.0/esmf/DEFAULTINSTALLDIR/lib/libg/Linux.nag.64.openmpi.default/libesmf.so(ESMCI_FTableCallEntryPointVMHop+0x32e)[0x14af853e68d6]
[borgl006:156934] [12] /discover/nobackup/projects/gmao/SIteam/ESMF_Testing/nag_7.2.15_openmpi_g_v8.7.0/esmf/DEFAULTINSTALLDIR/lib/libg/Linux.nag.64.openmpi.default/libesmf.so(ESMCI_FTableCallEntryPointVMHop+0x32e)[0x151da25658d6]
[borgl006:156935] [12] /discover/nobackup/projects/gmao/SIteam/ESMF_Testing/nag_7.2.15_openmpi_g_v8.7.0/esmf/DEFAULTINSTALLDIR/lib/libg/Linux.nag.64.openmpi.default/libesmf.so(ESMCI_FTableCallEntryPointVMHop+0x32e)[0x14b8b877c8d6]
[borgl006:156932] [12] /discover/nobackup/projects/gmao/SIteam/ESMF_Testing/nag_7.2.15_openmpi_g_v8.7.0/esmf/DEFAULTINSTALLDIR/lib/libg/Linux.nag.64.openmpi.default/libesmf.so(_ZN5ESMCI3VMK5enterEPNS_7VMKPlanEPvS3_+0xd5)[0x14af857ec223]
[borgl006:156934] [13] /discover/nobackup/projects/gmao/SIteam/ESMF_Testing/nag_7.2.15_openmpi_g_v8.7.0/esmf/DEFAULTINSTALLDIR/lib/libg/Linux.nag.64.openmpi.default/libesmf.so(_ZN5ESMCI3VMK5enterEPNS_7VMKPlanEPvS3_+0xd5)[0x151da296b223]
[borgl006:156935] [13] /discover/nobackup/projects/gmao/SIteam/ESMF_Testing/nag_7.2.15_openmpi_g_v8.7.0/esmf/DEFAULTINSTALLDIR/lib/libg/Linux.nag.64.openmpi.default/libesmf.so(_ZN5ESMCI3VMK5enterEPNS_7VMKPlanEPvS3_+0xd5)[0x14877357d223]
[borgl006:156933] [13] /discover/nobackup/projects/gmao/SIteam/ESMF_Testing/nag_7.2.15_openmpi_g_v8.7.0/esmf/DEFAULTINSTALLDIR/lib/libg/Linux.nag.64.openmpi.default/libesmf.so(_ZN5ESMCI3VMK5enterEPNS_7VMKPlanEPvS3_+0xd5)[0x14b8b8b82223]
[borgl006:156932] [13] /discover/nobackup/projects/gmao/SIteam/ESMF_Testing/nag_7.2.15_openmpi_g_v8.7.0/esmf/DEFAULTINSTALLDIR/lib/libg/Linux.nag.64.openmpi.default/libesmf.so(_ZN5ESMCI2VM5enterEPNS_6VMPlanEPvS3_+0xb7)[0x14af857d613d]
[borgl006:156934] [14] /discover/nobackup/projects/gmao/SIteam/ESMF_Testing/nag_7.2.15_openmpi_g_v8.7.0/esmf/DEFAULTINSTALLDIR/lib/libg/Linux.nag.64.openmpi.default/libesmf.so(_ZN5ESMCI2VM5enterEPNS_6VMPlanEPvS3_+0xb7)[0x151da295513d]
[borgl006:156935] [14] /discover/nobackup/projects/gmao/SIteam/ESMF_Testing/nag_7.2.15_openmpi_g_v8.7.0/esmf/DEFAULTINSTALLDIR/lib/libg/Linux.nag.64.openmpi.default/libesmf.so(_ZN5ESMCI2VM5enterEPNS_6VMPlanEPvS3_+0xb7)[0x14877356713d]
[borgl006:156933] [14] /discover/nobackup/projects/gmao/SIteam/ESMF_Testing/nag_7.2.15_openmpi_g_v8.7.0/esmf/DEFAULTINSTALLDIR/lib/libg/Linux.nag.64.openmpi.default/libesmf.so(_ZN5ESMCI2VM5enterEPNS_6VMPlanEPvS3_+0xb7)[0x14b8b8b6c13d]
[borgl006:156932] [14] /discover/nobackup/projects/gmao/SIteam/ESMF_Testing/nag_7.2.15_openmpi_g_v8.7.0/esmf/DEFAULTINSTALLDIR/lib/libg/Linux.nag.64.openmpi.default/libesmf.so(c_esmc_ftablecallentrypointvm_+0x35f)[0x151da2565d6f]
[borgl006:156935] [15] /discover/nobackup/projects/gmao/SIteam/ESMF_Testing/nag_7.2.15_openmpi_g_v8.7.0/esmf/DEFAULTINSTALLDIR/lib/libg/Linux.nag.64.openmpi.default/libesmf.so(c_esmc_ftablecallentrypointvm_+0x35f)[0x148773177d6f]
[borgl006:156933] [15] /discover/nobackup/projects/gmao/SIteam/ESMF_Testing/nag_7.2.15_openmpi_g_v8.7.0/esmf/DEFAULTINSTALLDIR/lib/libg/Linux.nag.64.openmpi.default/libesmf.so(c_esmc_ftablecallentrypointvm_+0x35f)[0x14af853e6d6f]
[borgl006:156934] [15] /discover/nobackup/projects/gmao/SIteam/ESMF_Testing/nag_7.2.15_openmpi_g_v8.7.0/esmf/DEFAULTINSTALLDIR/lib/libg/Linux.nag.64.openmpi.default/libesmf.so(c_esmc_ftablecallentrypointvm_+0x35f)[0x14b8b877cd6f]
[borgl006:156932] [15] /discover/nobackup/projects/gmao/SIteam/ESMF_Testing/nag_7.2.15_openmpi_g_v8.7.0/esmf/DEFAULTINSTALLDIR/lib/libg/Linux.nag.64.openmpi.default/libesmf.so(esmf_compmod_MP_esmf_compexecute+0xa43)[0x151da2c33fa3]
[borgl006:156935] [16] /discover/nobackup/projects/gmao/SIteam/ESMF_Testing/nag_7.2.15_openmpi_g_v8.7.0/esmf/DEFAULTINSTALLDIR/lib/libg/Linux.nag.64.openmpi.default/libesmf.so(esmf_compmod_MP_esmf_compexecute+0xa43)[0x148773845fa3]
[borgl006:156933] [16] /discover/nobackup/projects/gmao/SIteam/ESMF_Testing/nag_7.2.15_openmpi_g_v8.7.0/esmf/DEFAULTINSTALLDIR/lib/libg/Linux.nag.64.openmpi.default/libesmf.so(esmf_compmod_MP_esmf_compexecute+0xa43)[0x14af85ab4fa3]
[borgl006:156934] [16] /discover/nobackup/projects/gmao/SIteam/ESMF_Testing/nag_7.2.15_openmpi_g_v8.7.0/esmf/DEFAULTINSTALLDIR/lib/libg/Linux.nag.64.openmpi.default/libesmf.so(esmf_compmod_MP_esmf_compexecute+0xa43)[0x14b8b8e4afa3]
[borgl006:156932] [16] /discover/nobackup/projects/gmao/SIteam/ESMF_Testing/nag_7.2.15_openmpi_g_v8.7.0/esmf/DEFAULTINSTALLDIR/lib/libg/Linux.nag.64.openmpi.default/libesmf.so(esmf_gridcompmod_MP_esmf_gridcompinitialize+0x176)[0x148773c1a083]
[borgl006:156933] [17] /discover/nobackup/projects/gmao/SIteam/ESMF_Testing/nag_7.2.15_openmpi_g_v8.7.0/esmf/DEFAULTINSTALLDIR/lib/libg/Linux.nag.64.openmpi.default/libesmf.so(esmf_gridcompmod_MP_esmf_gridcompinitialize+0x176)[0x14af85e89083]
[borgl006:156934] [17] ./mainApp[0x4953dd]
[borgl006:156934] [18] /discover/nobackup/projects/gmao/SIteam/ESMF_Testing/nag_7.2.15_openmpi_g_v8.7.0/esmf/DEFAULTINSTALLDIR/lib/libg/Linux.nag.64.openmpi.default/libesmf.so(esmf_gridcompmod_MP_esmf_gridcompinitialize+0x176)[0x151da3008083]
[borgl006:156935] [17] ./mainApp[0x4953dd]
[borgl006:156935] [18] ./mainApp[0x4953dd]
[borgl006:156933] [18] ./mainApp(__NAGf90_cosmp_init+0x123)[0x434203]
./mainApp(__NAGf90_cosmp_init+0x123)[0x434203]
[borgl006:156935] [19] ./mainApp[0x494f13]
[borgl006:156935] [20] ./mainApp(__NAGf90_cosmp_init+0x123)[0x434203]
[borgl006:156934] [19] ./mainApp[0x494f13]
[borgl006:156934] [20] /lib64/libc.so.6(__libc_start_main+0xef)[0x14af8363e24d]
[borgl006:156934] [21] ./mainApp[0x40b66a]
[borgl006:156934] *** End of error message ***
[borgl006:156933] [19] ./mainApp[0x494f13]
[borgl006:156933] [20] /lib64/libc.so.6(__libc_start_main+0xef)[0x14877141a24d]
[borgl006:156933] [21] ./mainApp[0x40b66a]
[borgl006:156933] *** End of error message ***
/lib64/libc.so.6(__libc_start_main+0xef)[0x151da081a24d]
[borgl006:156935] [21] ./mainApp[0x40b66a]
[borgl006:156935] *** End of error message ***
/discover/nobackup/projects/gmao/SIteam/ESMF_Testing/nag_7.2.15_openmpi_g_v8.7.0/esmf/DEFAULTINSTALLDIR/lib/libg/Linux.nag.64.openmpi.default/libesmf.so(esmf_gridcompmod_MP_esmf_gridcompinitialize+0x176)[0x14b8b921f083]
[borgl006:156932] [17] ./mainApp[0x4953dd]
[borgl006:156932] [18] ./mainApp(__NAGf90_cosmp_init+0x123)[0x434203]
[borgl006:156932] [19] ./mainApp[0x494f13]
[borgl006:156932] [20] /lib64/libc.so.6(__libc_start_main+0xef)[0x14b8b6a1a24d]
[borgl006:156932] [21] ./mainApp[0x40b66a]
[borgl006:156932] *** End of error message ***
--------------------------------------------------------------------------
Primary job  terminated normally, but 1 process returned
a non-zero exit code. Per user-direction, the job has been aborted.
--------------------------------------------------------------------------
--------------------------------------------------------------------------
mpirun noticed that process rank 2 with PID 156934 on node borgl006 exited on signal 6 (Aborted).
--------------------------------------------------------------------------
2 total processes killed (some possibly by mpirun during cleanup)
