2024-09-25 04:08:43
20240925 043745.194 INFO             PET0 !!!!!!!!!!!!!!!!!!!!!!!!!!!!!!!!!!!!!!!!!!!!!!!!!!!!!!
20240925 043745.194 INFO             PET0 !!! THE ESMF_LOG IS SET TO OUTPUT ALL LOG MESSAGES !!!
20240925 043745.194 INFO             PET0 !!!     THIS MAY CAUSE SLOWDOWN IN PERFORMANCE     !!!
20240925 043745.194 INFO             PET0 !!! FOR PRODUCTION RUNS, USE:                      !!!
20240925 043745.194 INFO             PET0 !!!                   ESMF_LOGKIND_Multi_On_Error  !!!
20240925 043745.194 INFO             PET0 !!!!!!!!!!!!!!!!!!!!!!!!!!!!!!!!!!!!!!!!!!!!!!!!!!!!!!
20240925 043745.194 INFO             PET0 Running with ESMF Version   : v8.7.0b14-1-g2597b0a993
20240925 043745.194 INFO             PET0 ESMF library build date/time: "Sep 25 2024" "04:07:31"
20240925 043745.194 INFO             PET0 ESMF library build location : /tmp/gfortran_12.2.0_mpiuni_g_release_8.7.0/esmf
20240925 043745.194 INFO             PET0 ESMF_COMM                   : mpiuni
20240925 043745.194 INFO             PET0 ESMF_MOAB                   : enabled
20240925 043745.194 INFO             PET0 ESMF_LAPACK                 : enabled
20240925 043745.194 INFO             PET0 ESMF_NETCDF                 : enabled
20240925 043745.194 INFO             PET0 ESMF_PNETCDF                : disabled
20240925 043745.194 INFO             PET0 ESMF_PIO                    : enabled
20240925 043745.194 INFO             PET0 ESMF_YAMLCPP                : enabled
20240925 043745.266 DEBUG            PET0 about to destroy Grid: 0x4f2ac0
20240925 043745.285 DEBUG            PET0 about to destroy Grid: 0x4f4820
20240925 043745.330 INFO             PET0  NUMBER_OF_PROCESSORS           1
20240925 043745.330 INFO             PET0  PASS  Example ESMF_NUOPCAtmModelEx, ESMF_NUOPCAtmModelEx.F90, line 806
20240925 043745.330 INFO             PET0  Finalizing ESMF
