2024-08-22 01:13:35
20240822 012953.578 INFO             PET0 !!!!!!!!!!!!!!!!!!!!!!!!!!!!!!!!!!!!!!!!!!!!!!!!!!!!!!
20240822 012953.578 INFO             PET0 !!! THE ESMF_LOG IS SET TO OUTPUT ALL LOG MESSAGES !!!
20240822 012953.578 INFO             PET0 !!!     THIS MAY CAUSE SLOWDOWN IN PERFORMANCE     !!!
20240822 012953.578 INFO             PET0 !!! FOR PRODUCTION RUNS, USE:                      !!!
20240822 012953.578 INFO             PET0 !!!                   ESMF_LOGKIND_Multi_On_Error  !!!
20240822 012953.578 INFO             PET0 !!!!!!!!!!!!!!!!!!!!!!!!!!!!!!!!!!!!!!!!!!!!!!!!!!!!!!
20240822 012953.578 INFO             PET0 Running with ESMF Version   : v8.7.0b11-5-gfda68a9ac3
20240822 012953.578 INFO             PET0 ESMF library build date/time: "Aug 22 2024" "01:12:42"
20240822 012953.578 INFO             PET0 ESMF library build location : /discover/nobackup/projects/sbu/mpotts/esmf-test/gfortran_8.3.0_mpiuni_O_develop/esmf
20240822 012953.578 INFO             PET0 ESMF_COMM                   : mpiuni
20240822 012953.578 INFO             PET0 ESMF_MOAB                   : enabled
20240822 012953.578 INFO             PET0 ESMF_LAPACK                 : enabled
20240822 012953.578 INFO             PET0 ESMF_NETCDF                 : disabled
20240822 012953.578 INFO             PET0 ESMF_PNETCDF                : disabled
20240822 012953.578 INFO             PET0 ESMF_PIO                    : disabled
20240822 012953.578 INFO             PET0 ESMF_YAMLCPP                : enabled
20240822 012953.579 INFO             PET0  NUMBER_OF_PROCESSORS           1
20240822 012953.579 INFO             PET0  PASS  Example ESMF_AppMainEx, ESMF_AppMainEx.F90, line 486
20240822 012953.579 INFO             PET0  Finalizing ESMF
