2024-08-07 08:27:53
20240807 100132.692 INFO             PET0 !!!!!!!!!!!!!!!!!!!!!!!!!!!!!!!!!!!!!!!!!!!!!!!!!!!!!!
20240807 100132.692 INFO             PET0 !!! THE ESMF_LOG IS SET TO OUTPUT ALL LOG MESSAGES !!!
20240807 100132.692 INFO             PET0 !!!     THIS MAY CAUSE SLOWDOWN IN PERFORMANCE     !!!
20240807 100132.692 INFO             PET0 !!! FOR PRODUCTION RUNS, USE:                      !!!
20240807 100132.692 INFO             PET0 !!!                   ESMF_LOGKIND_Multi_On_Error  !!!
20240807 100132.692 INFO             PET0 !!!!!!!!!!!!!!!!!!!!!!!!!!!!!!!!!!!!!!!!!!!!!!!!!!!!!!
20240807 100132.692 INFO             PET0 Running with ESMF Version   : v8.7.0b11
20240807 100132.692 INFO             PET0 ESMF library build date/time: "Aug  7 2024" "08:27:01"
20240807 100132.692 INFO             PET0 ESMF library build location : /discover/nobackup/projects/sbu/mpotts/esmf-test/gfortran_8.3.0_mpiuni_O_develop/esmf
20240807 100132.692 INFO             PET0 ESMF_COMM                   : mpiuni
20240807 100132.693 INFO             PET0 ESMF_MOAB                   : enabled
20240807 100132.693 INFO             PET0 ESMF_LAPACK                 : enabled
20240807 100132.693 INFO             PET0 ESMF_NETCDF                 : disabled
20240807 100132.693 INFO             PET0 ESMF_PNETCDF                : disabled
20240807 100132.693 INFO             PET0 ESMF_PIO                    : disabled
20240807 100132.693 INFO             PET0 ESMF_YAMLCPP                : enabled
20240807 100132.695 INFO             PET0 ESMF_FieldRedistStoreNF(): Just entered routine.
20240807 100132.799 INFO             PET0 ESMF_FieldRedistStoreNF(): Leaving routine.
20240807 100132.807 INFO             PET0  NUMBER_OF_PROCESSORS           1
20240807 100132.807 INFO             PET0  PASS  Example ESMF_RHandleFromFileEx, ESMF_RHandleFromFileEx.F90, line 192
20240807 100132.807 INFO             PET0  Finalizing ESMF
