2024-08-19 01:34:47
20240819 015909.269 INFO             PET0 !!!!!!!!!!!!!!!!!!!!!!!!!!!!!!!!!!!!!!!!!!!!!!!!!!!!!!
20240819 015909.269 INFO             PET0 !!! THE ESMF_LOG IS SET TO OUTPUT ALL LOG MESSAGES !!!
20240819 015909.269 INFO             PET0 !!!     THIS MAY CAUSE SLOWDOWN IN PERFORMANCE     !!!
20240819 015909.269 INFO             PET0 !!! FOR PRODUCTION RUNS, USE:                      !!!
20240819 015909.269 INFO             PET0 !!!                   ESMF_LOGKIND_Multi_On_Error  !!!
20240819 015909.269 INFO             PET0 !!!!!!!!!!!!!!!!!!!!!!!!!!!!!!!!!!!!!!!!!!!!!!!!!!!!!!
20240819 015909.269 INFO             PET0 Running with ESMF Version   : v8.7.0b11-4-gf6c03c51d1
20240819 015909.269 INFO             PET0 ESMF library build date/time: "Aug 19 2024" "01:33:57"
20240819 015909.269 INFO             PET0 ESMF library build location : /discover/nobackup/projects/sbu/mpotts/esmf-test/gfortran_8.3.0_mpiuni_O_develop/esmf
20240819 015909.269 INFO             PET0 ESMF_COMM                   : mpiuni
20240819 015909.270 INFO             PET0 ESMF_MOAB                   : enabled
20240819 015909.270 INFO             PET0 ESMF_LAPACK                 : enabled
20240819 015909.270 INFO             PET0 ESMF_NETCDF                 : disabled
20240819 015909.270 INFO             PET0 ESMF_PNETCDF                : disabled
20240819 015909.270 INFO             PET0 ESMF_PIO                    : disabled
20240819 015909.270 INFO             PET0 ESMF_YAMLCPP                : enabled
20240819 015909.275 INFO             PET0  NUMBER_OF_PROCESSORS           1
20240819 015909.275 INFO             PET0  PASS  Example ESMF_NUOPCBasicModelEx, ESMF_NUOPCBasicModelEx.F90, line 339
20240819 015909.275 INFO             PET0  Finalizing ESMF
