2024-09-21 06:37:51
20240921 101724.653 INFO             PET0 !!!!!!!!!!!!!!!!!!!!!!!!!!!!!!!!!!!!!!!!!!!!!!!!!!!!!!
20240921 101724.653 INFO             PET0 !!! THE ESMF_LOG IS SET TO OUTPUT ALL LOG MESSAGES !!!
20240921 101724.653 INFO             PET0 !!!     THIS MAY CAUSE SLOWDOWN IN PERFORMANCE     !!!
20240921 101724.653 INFO             PET0 !!! FOR PRODUCTION RUNS, USE:                      !!!
20240921 101724.653 INFO             PET0 !!!                   ESMF_LOGKIND_Multi_On_Error  !!!
20240921 101724.653 INFO             PET0 !!!!!!!!!!!!!!!!!!!!!!!!!!!!!!!!!!!!!!!!!!!!!!!!!!!!!!
20240921 101724.653 INFO             PET0 Running with ESMF Version   : v8.7.0b14-1-g2597b0a993
20240921 101724.653 INFO             PET0 ESMF library build date/time: "Sep 21 2024" "06:36:49"
20240921 101724.653 INFO             PET0 ESMF library build location : /tmp/gfortran_11.2.0_mpi_g_release_8.7.0/esmf
20240921 101724.653 INFO             PET0 ESMF_COMM                   : mpi
20240921 101724.653 INFO             PET0 ESMF_MOAB                   : enabled
20240921 101724.653 INFO             PET0 ESMF_LAPACK                 : enabled
20240921 101724.653 INFO             PET0 ESMF_NETCDF                 : enabled
20240921 101724.653 INFO             PET0 ESMF_PNETCDF                : disabled
20240921 101724.653 INFO             PET0 ESMF_PIO                    : enabled
20240921 101724.653 INFO             PET0 ESMF_YAMLCPP                : enabled
20240921 101724.657 INFO             PET0 =============================================
20240921 101724.657 INFO             PET0 ESMX (Earth System Model eXecutable) STARTING
20240921 101724.657 INFO             PET0 =============================================
20240921 101724.669 INFO             PET0 ESMX_Driver: InitializeGeneric intro.
20240921 101724.670 INFO             PET0   ESMX_Driver: InitializeP0 intro.
20240921 101724.670 INFO             PET0   ESMX_Driver: InitializeP0 extro.
20240921 101724.670 INFO             PET0   ESMX_Driver: InitializeIPDv02p1 intro.
20240921 101724.670 INFO             PET0     >>>ESMX_Driver: entered Initialize (phase=<none>) without valid internal Clock.
20240921 101724.685 INFO             PET0     ESMX_Driver - Creating model component ABC without petList.
20240921 101724.685 DEBUG            PET0     Generic SetVM() is executing for: ABC
20240921 101724.686 DEBUG            PET0     Generic SetVM() found no NUOPC Hint for: ABC
20240921 101724.686 DEBUG            PET0     Generic SetVM() therefore is NOT calling ESMF_GridCompSetVMMaxPEs() for: ABC
20240921 101724.696 INFO             PET0     ABC: InitializeP0 intro.
20240921 101724.696 INFO             PET0       >>>ABC: entered Initialize (phase=<none>) without valid internal Clock.
20240921 101724.697 INFO             PET0       <<<ABC: leaving Initialize (phase=<none>) without valid internal Clock.
20240921 101724.697 INFO             PET0     ABC: InitializeP0 extro.
20240921 101724.701 INFO             PET0     ESMX_Driver: IInitAdvertise intro.
20240921 101724.701 INFO             PET0     ESMX_Driver: IInitAdvertise extro.
20240921 101724.701 INFO             PET0     ABC: InitializeIPDvXp01 intro.
20240921 101724.701 INFO             PET0       >>>ABC: entered Initialize (phase=IPDvXp01) without valid internal Clock.
20240921 101724.702 INFO             PET0       <<<ABC: leaving Initialize (phase=IPDvXp01) without valid internal Clock.
20240921 101724.702 INFO             PET0     ABC: InitializeIPDvXp01 extro.
20240921 101724.703 INFO             PET0     ESMX_Driver: IInitAdvertiseFinish intro.
20240921 101724.703 INFO             PET0     ESMX_Driver: IInitAdvertiseFinish extro.
20240921 101724.703 INFO             PET0     ESMX_Driver: IInitModifyCplLists intro.
20240921 101724.703 INFO             PET0     ESMX_Driver: IInitModifyCplLists extro.
20240921 101724.703 INFO             PET0     <<<ESMX_Driver: leaving Initialize (phase=<none>) with current time: 2012 10 24  8  0  0   0
20240921 101724.703 INFO             PET0   ESMX_Driver: InitializeIPDv02p1 extro.
20240921 101724.703 INFO             PET0   ESMX_Driver: InitializeIPDv02p3 intro.
20240921 101724.703 INFO             PET0     >>>ESMX_Driver: entered Initialize (phase=<none>) with current time: 2012 10 24  8  0  0   0
20240921 101724.704 INFO             PET0     ESMX_Driver: IInitCheck intro.
20240921 101724.704 INFO             PET0     ESMX_Driver: IInitCheck extro.
20240921 101724.704 INFO             PET0     ABC: InitializeIPDvXp04 intro.
20240921 101724.704 INFO             PET0       >>>ABC: entered Initialize (phase=IPDvXp04) without valid internal Clock.
20240921 101724.705 INFO             PET0       <<<ABC: leaving Initialize (phase=IPDvXp04) without valid internal Clock.
20240921 101724.705 INFO             PET0     ABC: InitializeIPDvXp04 extro.
20240921 101724.706 INFO             PET0     ESMX_Driver: IInitRealize intro.
20240921 101724.706 INFO             PET0     ESMX_Driver: IInitRealize extro.
20240921 101724.707 INFO             PET0     ABC: InitializeIPDvXp07 intro.
20240921 101724.707 INFO             PET0       >>>ABC: entered Initialize (phase=IPDvXp07) without valid internal Clock.
20240921 101724.707 INFO             PET0       <<<ABC: leaving Initialize (phase=IPDvXp07) with current time: 2012 10 24  8  0  0   0
20240921 101724.707 INFO             PET0     ABC: InitializeIPDvXp07 extro.
20240921 101724.707 INFO             PET0     <<<ESMX_Driver: leaving Initialize (phase=<none>) with current time: 2012 10 24  8  0  0   0
20240921 101724.707 INFO             PET0   ESMX_Driver: InitializeIPDv02p3 extro.
20240921 101724.707 INFO             PET0   ESMX_Driver: InitializeIPDv02p5 intro.
20240921 101724.707 INFO             PET0     >>>ESMX_Driver: entered Initialize (phase=<none>) with current time: 2012 10 24  8  0  0   0
20240921 101724.716 INFO             PET0     ESMX_Driver: InitializeIPDv02p5Data intro.
20240921 101724.716 INFO             PET0       ESMX_Driver: InternalInitializeComplete intro.
20240921 101724.716 INFO             PET0       ESMX_Driver: InternalInitializeComplete extro.
20240921 101724.716 INFO             PET0       ABC: InitializeIPDvXp08 intro.
20240921 101724.717 INFO             PET0         >>>ABC: entered Initialize (phase=IPDv05p8) with current time: 2012 10 24  8  0  0   0
20240921 101724.717 INFO             PET0         <<<ABC: leaving Initialize (phase=IPDv05p8) with current time: 2012 10 24  8  0  0   0
20240921 101724.717 INFO             PET0       ABC: InitializeIPDvXp08 extro.
20240921 101724.718 INFO             PET0       ESMX_Driver: loopDataDependentInitialize intro.
20240921 101724.718 INFO             PET0       ESMX_Driver: loopDataDependentInitialize extro.
20240921 101724.718 INFO             PET0     ESMX_Driver: InitializeIPDv02p5Data extro.
20240921 101724.718 INFO             PET0     <<<ESMX_Driver: leaving Initialize (phase=<none>) with current time: 2012 10 24  8  0  0   0
20240921 101724.718 INFO             PET0   ESMX_Driver: InitializeIPDv02p5 extro.
20240921 101724.718 INFO             PET0 ESMX_Driver: InitializeGeneric extro.
20240921 101724.719 INFO             PET0 ESMX_Driver: Run intro.
20240921 101724.719 INFO             PET0   >>>ESMX_Driver: entered Run (phase=RunPhase1) with current time: 2012 10 24  8  0  0   0
20240921 101724.719 INFO             PET0   ABC: Run intro.
20240921 101724.719 INFO             PET0     >>>ABC: entered Run (phase=RunPhase1) with current time: 2012 10 24  8  0  0   0
20240921 101724.719 INFO             PET0     <<<ABC: leaving Run (phase=RunPhase1) with current time: 2012 10 24 20  0  0   0
20240921 101724.719 INFO             PET0   ABC: Run extro.
20240921 101724.719 INFO             PET0   <<<ESMX_Driver: leaving Run (phase=RunPhase1) with current time: 2012 10 24 20  0  0   0
20240921 101724.719 INFO             PET0 ESMX_Driver: Run extro.
20240921 101724.719 INFO             PET0 ESMX_Driver: Finalize intro.
20240921 101724.719 INFO             PET0   Calling Finalize phase 1 for modelComp: ABC
20240921 101724.719 INFO             PET0   ABC: Finalize intro.
20240921 101724.720 INFO             PET0     >>>ABC: entered Finalize (phase=FinalizePhase1) with current time: 2012 10 24 20  0  0   0
20240921 101724.720 INFO             PET0     <<<ABC: leaving Finalize (phase=FinalizePhase1) with current time: 2012 10 24 20  0  0   0
20240921 101724.720 INFO             PET0   ABC: Finalize extro.
20240921 101724.720 INFO             PET0   Delete modelComp: ABC
20240921 101724.720 INFO             PET0 ESMX_Driver: Finalize extro.
20240921 101724.720 INFO             PET0 =============================================
20240921 101724.720 INFO             PET0 ESMX (Earth System Model eXecutable) FINISHED
20240921 101724.720 INFO             PET0 =============================================
20240921 101724.720 INFO             PET0  Finalizing ESMF
20240921 101724.649 INFO             PET1 !!!!!!!!!!!!!!!!!!!!!!!!!!!!!!!!!!!!!!!!!!!!!!!!!!!!!!
20240921 101724.650 INFO             PET1 !!! THE ESMF_LOG IS SET TO OUTPUT ALL LOG MESSAGES !!!
20240921 101724.650 INFO             PET1 !!!     THIS MAY CAUSE SLOWDOWN IN PERFORMANCE     !!!
20240921 101724.650 INFO             PET1 !!! FOR PRODUCTION RUNS, USE:                      !!!
20240921 101724.650 INFO             PET1 !!!                   ESMF_LOGKIND_Multi_On_Error  !!!
20240921 101724.650 INFO             PET1 !!!!!!!!!!!!!!!!!!!!!!!!!!!!!!!!!!!!!!!!!!!!!!!!!!!!!!
20240921 101724.650 INFO             PET1 Running with ESMF Version   : v8.7.0b14-1-g2597b0a993
20240921 101724.650 INFO             PET1 ESMF library build date/time: "Sep 21 2024" "06:36:49"
20240921 101724.650 INFO             PET1 ESMF library build location : /tmp/gfortran_11.2.0_mpi_g_release_8.7.0/esmf
20240921 101724.650 INFO             PET1 ESMF_COMM                   : mpi
20240921 101724.650 INFO             PET1 ESMF_MOAB                   : enabled
20240921 101724.650 INFO             PET1 ESMF_LAPACK                 : enabled
20240921 101724.650 INFO             PET1 ESMF_NETCDF                 : enabled
20240921 101724.650 INFO             PET1 ESMF_PNETCDF                : disabled
20240921 101724.650 INFO             PET1 ESMF_PIO                    : enabled
20240921 101724.650 INFO             PET1 ESMF_YAMLCPP                : enabled
20240921 101724.659 INFO             PET1 =============================================
20240921 101724.659 INFO             PET1 ESMX (Earth System Model eXecutable) STARTING
20240921 101724.659 INFO             PET1 =============================================
20240921 101724.678 INFO             PET1 ESMX_Driver: InitializeGeneric intro.
20240921 101724.678 INFO             PET1   ESMX_Driver: InitializeP0 intro.
20240921 101724.678 INFO             PET1   ESMX_Driver: InitializeP0 extro.
20240921 101724.678 INFO             PET1   ESMX_Driver: InitializeIPDv02p1 intro.
20240921 101724.678 INFO             PET1     >>>ESMX_Driver: entered Initialize (phase=<none>) without valid internal Clock.
20240921 101724.686 INFO             PET1     ESMX_Driver - Creating model component ABC without petList.
20240921 101724.686 DEBUG            PET1     Generic SetVM() is executing for: ABC
20240921 101724.686 DEBUG            PET1     Generic SetVM() found no NUOPC Hint for: ABC
20240921 101724.686 DEBUG            PET1     Generic SetVM() therefore is NOT calling ESMF_GridCompSetVMMaxPEs() for: ABC
20240921 101724.690 INFO             PET1     ABC: InitializeP0 intro.
20240921 101724.691 INFO             PET1       >>>ABC: entered Initialize (phase=<none>) without valid internal Clock.
20240921 101724.692 INFO             PET1       <<<ABC: leaving Initialize (phase=<none>) without valid internal Clock.
20240921 101724.692 INFO             PET1     ABC: InitializeP0 extro.
20240921 101724.710 INFO             PET1     ESMX_Driver: IInitAdvertise intro.
20240921 101724.710 INFO             PET1     ESMX_Driver: IInitAdvertise extro.
20240921 101724.710 INFO             PET1     ABC: InitializeIPDvXp01 intro.
20240921 101724.710 INFO             PET1       >>>ABC: entered Initialize (phase=IPDvXp01) without valid internal Clock.
20240921 101724.711 INFO             PET1       <<<ABC: leaving Initialize (phase=IPDvXp01) without valid internal Clock.
20240921 101724.711 INFO             PET1     ABC: InitializeIPDvXp01 extro.
20240921 101724.712 INFO             PET1     ESMX_Driver: IInitAdvertiseFinish intro.
20240921 101724.712 INFO             PET1     ESMX_Driver: IInitAdvertiseFinish extro.
20240921 101724.712 INFO             PET1     ESMX_Driver: IInitModifyCplLists intro.
20240921 101724.712 INFO             PET1     ESMX_Driver: IInitModifyCplLists extro.
20240921 101724.712 INFO             PET1     <<<ESMX_Driver: leaving Initialize (phase=<none>) with current time: 2012 10 24  8  0  0   0
20240921 101724.712 INFO             PET1   ESMX_Driver: InitializeIPDv02p1 extro.
20240921 101724.712 INFO             PET1   ESMX_Driver: InitializeIPDv02p3 intro.
20240921 101724.712 INFO             PET1     >>>ESMX_Driver: entered Initialize (phase=<none>) with current time: 2012 10 24  8  0  0   0
20240921 101724.713 INFO             PET1     ESMX_Driver: IInitCheck intro.
20240921 101724.713 INFO             PET1     ESMX_Driver: IInitCheck extro.
20240921 101724.713 INFO             PET1     ABC: InitializeIPDvXp04 intro.
20240921 101724.713 INFO             PET1       >>>ABC: entered Initialize (phase=IPDvXp04) without valid internal Clock.
20240921 101724.714 INFO             PET1       <<<ABC: leaving Initialize (phase=IPDvXp04) without valid internal Clock.
20240921 101724.714 INFO             PET1     ABC: InitializeIPDvXp04 extro.
20240921 101724.715 INFO             PET1     ESMX_Driver: IInitRealize intro.
20240921 101724.715 INFO             PET1     ESMX_Driver: IInitRealize extro.
20240921 101724.715 INFO             PET1     ABC: InitializeIPDvXp07 intro.
20240921 101724.715 INFO             PET1       >>>ABC: entered Initialize (phase=IPDvXp07) without valid internal Clock.
20240921 101724.715 INFO             PET1       <<<ABC: leaving Initialize (phase=IPDvXp07) with current time: 2012 10 24  8  0  0   0
20240921 101724.715 INFO             PET1     ABC: InitializeIPDvXp07 extro.
20240921 101724.715 INFO             PET1     <<<ESMX_Driver: leaving Initialize (phase=<none>) with current time: 2012 10 24  8  0  0   0
20240921 101724.715 INFO             PET1   ESMX_Driver: InitializeIPDv02p3 extro.
20240921 101724.715 INFO             PET1   ESMX_Driver: InitializeIPDv02p5 intro.
20240921 101724.715 INFO             PET1     >>>ESMX_Driver: entered Initialize (phase=<none>) with current time: 2012 10 24  8  0  0   0
20240921 101724.715 INFO             PET1     ESMX_Driver: InitializeIPDv02p5Data intro.
20240921 101724.715 INFO             PET1       ESMX_Driver: InternalInitializeComplete intro.
20240921 101724.715 INFO             PET1       ESMX_Driver: InternalInitializeComplete extro.
20240921 101724.716 INFO             PET1       ABC: InitializeIPDvXp08 intro.
20240921 101724.716 INFO             PET1         >>>ABC: entered Initialize (phase=IPDv05p8) with current time: 2012 10 24  8  0  0   0
20240921 101724.716 INFO             PET1         <<<ABC: leaving Initialize (phase=IPDv05p8) with current time: 2012 10 24  8  0  0   0
20240921 101724.716 INFO             PET1       ABC: InitializeIPDvXp08 extro.
20240921 101724.718 INFO             PET1       ESMX_Driver: loopDataDependentInitialize intro.
20240921 101724.720 INFO             PET1       ESMX_Driver: loopDataDependentInitialize extro.
20240921 101724.720 INFO             PET1     ESMX_Driver: InitializeIPDv02p5Data extro.
20240921 101724.720 INFO             PET1     <<<ESMX_Driver: leaving Initialize (phase=<none>) with current time: 2012 10 24  8  0  0   0
20240921 101724.720 INFO             PET1   ESMX_Driver: InitializeIPDv02p5 extro.
20240921 101724.720 INFO             PET1 ESMX_Driver: InitializeGeneric extro.
20240921 101724.720 INFO             PET1 ESMX_Driver: Run intro.
20240921 101724.720 INFO             PET1   >>>ESMX_Driver: entered Run (phase=RunPhase1) with current time: 2012 10 24  8  0  0   0
20240921 101724.720 INFO             PET1   ABC: Run intro.
20240921 101724.721 INFO             PET1     >>>ABC: entered Run (phase=RunPhase1) with current time: 2012 10 24  8  0  0   0
20240921 101724.721 INFO             PET1     <<<ABC: leaving Run (phase=RunPhase1) with current time: 2012 10 24 20  0  0   0
20240921 101724.721 INFO             PET1   ABC: Run extro.
20240921 101724.721 INFO             PET1   <<<ESMX_Driver: leaving Run (phase=RunPhase1) with current time: 2012 10 24 20  0  0   0
20240921 101724.721 INFO             PET1 ESMX_Driver: Run extro.
20240921 101724.721 INFO             PET1 ESMX_Driver: Finalize intro.
20240921 101724.721 INFO             PET1   Calling Finalize phase 1 for modelComp: ABC
20240921 101724.721 INFO             PET1   ABC: Finalize intro.
20240921 101724.721 INFO             PET1     >>>ABC: entered Finalize (phase=FinalizePhase1) with current time: 2012 10 24 20  0  0   0
20240921 101724.721 INFO             PET1     <<<ABC: leaving Finalize (phase=FinalizePhase1) with current time: 2012 10 24 20  0  0   0
20240921 101724.721 INFO             PET1   ABC: Finalize extro.
20240921 101724.721 INFO             PET1   Delete modelComp: ABC
20240921 101724.721 INFO             PET1 ESMX_Driver: Finalize extro.
20240921 101724.721 INFO             PET1 =============================================
20240921 101724.721 INFO             PET1 ESMX (Earth System Model eXecutable) FINISHED
20240921 101724.721 INFO             PET1 =============================================
20240921 101724.721 INFO             PET1  Finalizing ESMF
20240921 101724.650 INFO             PET2 !!!!!!!!!!!!!!!!!!!!!!!!!!!!!!!!!!!!!!!!!!!!!!!!!!!!!!
20240921 101724.650 INFO             PET2 !!! THE ESMF_LOG IS SET TO OUTPUT ALL LOG MESSAGES !!!
20240921 101724.650 INFO             PET2 !!!     THIS MAY CAUSE SLOWDOWN IN PERFORMANCE     !!!
20240921 101724.650 INFO             PET2 !!! FOR PRODUCTION RUNS, USE:                      !!!
20240921 101724.650 INFO             PET2 !!!                   ESMF_LOGKIND_Multi_On_Error  !!!
20240921 101724.650 INFO             PET2 !!!!!!!!!!!!!!!!!!!!!!!!!!!!!!!!!!!!!!!!!!!!!!!!!!!!!!
20240921 101724.650 INFO             PET2 Running with ESMF Version   : v8.7.0b14-1-g2597b0a993
20240921 101724.650 INFO             PET2 ESMF library build date/time: "Sep 21 2024" "06:36:49"
20240921 101724.650 INFO             PET2 ESMF library build location : /tmp/gfortran_11.2.0_mpi_g_release_8.7.0/esmf
20240921 101724.650 INFO             PET2 ESMF_COMM                   : mpi
20240921 101724.650 INFO             PET2 ESMF_MOAB                   : enabled
20240921 101724.650 INFO             PET2 ESMF_LAPACK                 : enabled
20240921 101724.650 INFO             PET2 ESMF_NETCDF                 : enabled
20240921 101724.650 INFO             PET2 ESMF_PNETCDF                : disabled
20240921 101724.650 INFO             PET2 ESMF_PIO                    : enabled
20240921 101724.650 INFO             PET2 ESMF_YAMLCPP                : enabled
20240921 101724.657 INFO             PET2 =============================================
20240921 101724.657 INFO             PET2 ESMX (Earth System Model eXecutable) STARTING
20240921 101724.657 INFO             PET2 =============================================
20240921 101724.669 INFO             PET2 ESMX_Driver: InitializeGeneric intro.
20240921 101724.670 INFO             PET2   ESMX_Driver: InitializeP0 intro.
20240921 101724.670 INFO             PET2   ESMX_Driver: InitializeP0 extro.
20240921 101724.670 INFO             PET2   ESMX_Driver: InitializeIPDv02p1 intro.
20240921 101724.670 INFO             PET2     >>>ESMX_Driver: entered Initialize (phase=<none>) without valid internal Clock.
20240921 101724.685 INFO             PET2     ESMX_Driver - Creating model component ABC without petList.
20240921 101724.685 DEBUG            PET2     Generic SetVM() is executing for: ABC
20240921 101724.686 DEBUG            PET2     Generic SetVM() found no NUOPC Hint for: ABC
20240921 101724.686 DEBUG            PET2     Generic SetVM() therefore is NOT calling ESMF_GridCompSetVMMaxPEs() for: ABC
20240921 101724.690 INFO             PET2     ABC: InitializeP0 intro.
20240921 101724.691 INFO             PET2       >>>ABC: entered Initialize (phase=<none>) without valid internal Clock.
20240921 101724.692 INFO             PET2       <<<ABC: leaving Initialize (phase=<none>) without valid internal Clock.
20240921 101724.692 INFO             PET2     ABC: InitializeP0 extro.
20240921 101724.701 INFO             PET2     ESMX_Driver: IInitAdvertise intro.
20240921 101724.701 INFO             PET2     ESMX_Driver: IInitAdvertise extro.
20240921 101724.701 INFO             PET2     ABC: InitializeIPDvXp01 intro.
20240921 101724.701 INFO             PET2       >>>ABC: entered Initialize (phase=IPDvXp01) without valid internal Clock.
20240921 101724.702 INFO             PET2       <<<ABC: leaving Initialize (phase=IPDvXp01) without valid internal Clock.
20240921 101724.702 INFO             PET2     ABC: InitializeIPDvXp01 extro.
20240921 101724.703 INFO             PET2     ESMX_Driver: IInitAdvertiseFinish intro.
20240921 101724.703 INFO             PET2     ESMX_Driver: IInitAdvertiseFinish extro.
20240921 101724.703 INFO             PET2     ESMX_Driver: IInitModifyCplLists intro.
20240921 101724.704 INFO             PET2     ESMX_Driver: IInitModifyCplLists extro.
20240921 101724.704 INFO             PET2     <<<ESMX_Driver: leaving Initialize (phase=<none>) with current time: 2012 10 24  8  0  0   0
20240921 101724.704 INFO             PET2   ESMX_Driver: InitializeIPDv02p1 extro.
20240921 101724.704 INFO             PET2   ESMX_Driver: InitializeIPDv02p3 intro.
20240921 101724.704 INFO             PET2     >>>ESMX_Driver: entered Initialize (phase=<none>) with current time: 2012 10 24  8  0  0   0
20240921 101724.704 INFO             PET2     ESMX_Driver: IInitCheck intro.
20240921 101724.704 INFO             PET2     ESMX_Driver: IInitCheck extro.
20240921 101724.704 INFO             PET2     ABC: InitializeIPDvXp04 intro.
20240921 101724.704 INFO             PET2       >>>ABC: entered Initialize (phase=IPDvXp04) without valid internal Clock.
20240921 101724.705 INFO             PET2       <<<ABC: leaving Initialize (phase=IPDvXp04) without valid internal Clock.
20240921 101724.705 INFO             PET2     ABC: InitializeIPDvXp04 extro.
20240921 101724.706 INFO             PET2     ESMX_Driver: IInitRealize intro.
20240921 101724.706 INFO             PET2     ESMX_Driver: IInitRealize extro.
20240921 101724.707 INFO             PET2     ABC: InitializeIPDvXp07 intro.
20240921 101724.707 INFO             PET2       >>>ABC: entered Initialize (phase=IPDvXp07) without valid internal Clock.
20240921 101724.707 INFO             PET2       <<<ABC: leaving Initialize (phase=IPDvXp07) with current time: 2012 10 24  8  0  0   0
20240921 101724.707 INFO             PET2     ABC: InitializeIPDvXp07 extro.
20240921 101724.707 INFO             PET2     <<<ESMX_Driver: leaving Initialize (phase=<none>) with current time: 2012 10 24  8  0  0   0
20240921 101724.707 INFO             PET2   ESMX_Driver: InitializeIPDv02p3 extro.
20240921 101724.707 INFO             PET2   ESMX_Driver: InitializeIPDv02p5 intro.
20240921 101724.707 INFO             PET2     >>>ESMX_Driver: entered Initialize (phase=<none>) with current time: 2012 10 24  8  0  0   0
20240921 101724.707 INFO             PET2     ESMX_Driver: InitializeIPDv02p5Data intro.
20240921 101724.707 INFO             PET2       ESMX_Driver: InternalInitializeComplete intro.
20240921 101724.707 INFO             PET2       ESMX_Driver: InternalInitializeComplete extro.
20240921 101724.708 INFO             PET2       ABC: InitializeIPDvXp08 intro.
20240921 101724.708 INFO             PET2         >>>ABC: entered Initialize (phase=IPDv05p8) with current time: 2012 10 24  8  0  0   0
20240921 101724.708 INFO             PET2         <<<ABC: leaving Initialize (phase=IPDv05p8) with current time: 2012 10 24  8  0  0   0
20240921 101724.708 INFO             PET2       ABC: InitializeIPDvXp08 extro.
20240921 101724.718 INFO             PET2       ESMX_Driver: loopDataDependentInitialize intro.
20240921 101724.718 INFO             PET2       ESMX_Driver: loopDataDependentInitialize extro.
20240921 101724.718 INFO             PET2     ESMX_Driver: InitializeIPDv02p5Data extro.
20240921 101724.718 INFO             PET2     <<<ESMX_Driver: leaving Initialize (phase=<none>) with current time: 2012 10 24  8  0  0   0
20240921 101724.718 INFO             PET2   ESMX_Driver: InitializeIPDv02p5 extro.
20240921 101724.718 INFO             PET2 ESMX_Driver: InitializeGeneric extro.
20240921 101724.719 INFO             PET2 ESMX_Driver: Run intro.
20240921 101724.719 INFO             PET2   >>>ESMX_Driver: entered Run (phase=RunPhase1) with current time: 2012 10 24  8  0  0   0
20240921 101724.719 INFO             PET2   ABC: Run intro.
20240921 101724.719 INFO             PET2     >>>ABC: entered Run (phase=RunPhase1) with current time: 2012 10 24  8  0  0   0
20240921 101724.719 INFO             PET2     <<<ABC: leaving Run (phase=RunPhase1) with current time: 2012 10 24 20  0  0   0
20240921 101724.719 INFO             PET2   ABC: Run extro.
20240921 101724.719 INFO             PET2   <<<ESMX_Driver: leaving Run (phase=RunPhase1) with current time: 2012 10 24 20  0  0   0
20240921 101724.719 INFO             PET2 ESMX_Driver: Run extro.
20240921 101724.719 INFO             PET2 ESMX_Driver: Finalize intro.
20240921 101724.719 INFO             PET2   Calling Finalize phase 1 for modelComp: ABC
20240921 101724.719 INFO             PET2   ABC: Finalize intro.
20240921 101724.720 INFO             PET2     >>>ABC: entered Finalize (phase=FinalizePhase1) with current time: 2012 10 24 20  0  0   0
20240921 101724.720 INFO             PET2     <<<ABC: leaving Finalize (phase=FinalizePhase1) with current time: 2012 10 24 20  0  0   0
20240921 101724.720 INFO             PET2   ABC: Finalize extro.
20240921 101724.720 INFO             PET2   Delete modelComp: ABC
20240921 101724.720 INFO             PET2 ESMX_Driver: Finalize extro.
20240921 101724.720 INFO             PET2 =============================================
20240921 101724.720 INFO             PET2 ESMX (Earth System Model eXecutable) FINISHED
20240921 101724.720 INFO             PET2 =============================================
20240921 101724.720 INFO             PET2  Finalizing ESMF
20240921 101724.649 INFO             PET3 !!!!!!!!!!!!!!!!!!!!!!!!!!!!!!!!!!!!!!!!!!!!!!!!!!!!!!
20240921 101724.649 INFO             PET3 !!! THE ESMF_LOG IS SET TO OUTPUT ALL LOG MESSAGES !!!
20240921 101724.649 INFO             PET3 !!!     THIS MAY CAUSE SLOWDOWN IN PERFORMANCE     !!!
20240921 101724.649 INFO             PET3 !!! FOR PRODUCTION RUNS, USE:                      !!!
20240921 101724.649 INFO             PET3 !!!                   ESMF_LOGKIND_Multi_On_Error  !!!
20240921 101724.649 INFO             PET3 !!!!!!!!!!!!!!!!!!!!!!!!!!!!!!!!!!!!!!!!!!!!!!!!!!!!!!
20240921 101724.649 INFO             PET3 Running with ESMF Version   : v8.7.0b14-1-g2597b0a993
20240921 101724.649 INFO             PET3 ESMF library build date/time: "Sep 21 2024" "06:36:49"
20240921 101724.649 INFO             PET3 ESMF library build location : /tmp/gfortran_11.2.0_mpi_g_release_8.7.0/esmf
20240921 101724.649 INFO             PET3 ESMF_COMM                   : mpi
20240921 101724.649 INFO             PET3 ESMF_MOAB                   : enabled
20240921 101724.649 INFO             PET3 ESMF_LAPACK                 : enabled
20240921 101724.649 INFO             PET3 ESMF_NETCDF                 : enabled
20240921 101724.649 INFO             PET3 ESMF_PNETCDF                : disabled
20240921 101724.649 INFO             PET3 ESMF_PIO                    : enabled
20240921 101724.649 INFO             PET3 ESMF_YAMLCPP                : enabled
20240921 101724.656 INFO             PET3 =============================================
20240921 101724.656 INFO             PET3 ESMX (Earth System Model eXecutable) STARTING
20240921 101724.656 INFO             PET3 =============================================
20240921 101724.667 INFO             PET3 ESMX_Driver: InitializeGeneric intro.
20240921 101724.667 INFO             PET3   ESMX_Driver: InitializeP0 intro.
20240921 101724.667 INFO             PET3   ESMX_Driver: InitializeP0 extro.
20240921 101724.667 INFO             PET3   ESMX_Driver: InitializeIPDv02p1 intro.
20240921 101724.667 INFO             PET3     >>>ESMX_Driver: entered Initialize (phase=<none>) without valid internal Clock.
20240921 101724.686 INFO             PET3     ESMX_Driver - Creating model component ABC without petList.
20240921 101724.686 DEBUG            PET3     Generic SetVM() is executing for: ABC
20240921 101724.686 DEBUG            PET3     Generic SetVM() found no NUOPC Hint for: ABC
20240921 101724.686 DEBUG            PET3     Generic SetVM() therefore is NOT calling ESMF_GridCompSetVMMaxPEs() for: ABC
20240921 101724.689 INFO             PET3     ABC: InitializeP0 intro.
20240921 101724.689 INFO             PET3       >>>ABC: entered Initialize (phase=<none>) without valid internal Clock.
20240921 101724.689 INFO             PET3       <<<ABC: leaving Initialize (phase=<none>) without valid internal Clock.
20240921 101724.689 INFO             PET3     ABC: InitializeP0 extro.
20240921 101724.700 INFO             PET3     ESMX_Driver: IInitAdvertise intro.
20240921 101724.700 INFO             PET3     ESMX_Driver: IInitAdvertise extro.
20240921 101724.700 INFO             PET3     ABC: InitializeIPDvXp01 intro.
20240921 101724.700 INFO             PET3       >>>ABC: entered Initialize (phase=IPDvXp01) without valid internal Clock.
20240921 101724.700 INFO             PET3       <<<ABC: leaving Initialize (phase=IPDvXp01) without valid internal Clock.
20240921 101724.700 INFO             PET3     ABC: InitializeIPDvXp01 extro.
20240921 101724.703 INFO             PET3     ESMX_Driver: IInitAdvertiseFinish intro.
20240921 101724.703 INFO             PET3     ESMX_Driver: IInitAdvertiseFinish extro.
20240921 101724.703 INFO             PET3     ESMX_Driver: IInitModifyCplLists intro.
20240921 101724.703 INFO             PET3     ESMX_Driver: IInitModifyCplLists extro.
20240921 101724.703 INFO             PET3     <<<ESMX_Driver: leaving Initialize (phase=<none>) with current time: 2012 10 24  8  0  0   0
20240921 101724.703 INFO             PET3   ESMX_Driver: InitializeIPDv02p1 extro.
20240921 101724.703 INFO             PET3   ESMX_Driver: InitializeIPDv02p3 intro.
20240921 101724.703 INFO             PET3     >>>ESMX_Driver: entered Initialize (phase=<none>) with current time: 2012 10 24  8  0  0   0
20240921 101724.703 INFO             PET3     ESMX_Driver: IInitCheck intro.
20240921 101724.703 INFO             PET3     ESMX_Driver: IInitCheck extro.
20240921 101724.703 INFO             PET3     ABC: InitializeIPDvXp04 intro.
20240921 101724.704 INFO             PET3       >>>ABC: entered Initialize (phase=IPDvXp04) without valid internal Clock.
20240921 101724.704 INFO             PET3       <<<ABC: leaving Initialize (phase=IPDvXp04) without valid internal Clock.
20240921 101724.704 INFO             PET3     ABC: InitializeIPDvXp04 extro.
20240921 101724.706 INFO             PET3     ESMX_Driver: IInitRealize intro.
20240921 101724.706 INFO             PET3     ESMX_Driver: IInitRealize extro.
20240921 101724.706 INFO             PET3     ABC: InitializeIPDvXp07 intro.
20240921 101724.706 INFO             PET3       >>>ABC: entered Initialize (phase=IPDvXp07) without valid internal Clock.
20240921 101724.706 INFO             PET3       <<<ABC: leaving Initialize (phase=IPDvXp07) with current time: 2012 10 24  8  0  0   0
20240921 101724.706 INFO             PET3     ABC: InitializeIPDvXp07 extro.
20240921 101724.706 INFO             PET3     <<<ESMX_Driver: leaving Initialize (phase=<none>) with current time: 2012 10 24  8  0  0   0
20240921 101724.706 INFO             PET3   ESMX_Driver: InitializeIPDv02p3 extro.
20240921 101724.706 INFO             PET3   ESMX_Driver: InitializeIPDv02p5 intro.
20240921 101724.707 INFO             PET3     >>>ESMX_Driver: entered Initialize (phase=<none>) with current time: 2012 10 24  8  0  0   0
20240921 101724.707 INFO             PET3     ESMX_Driver: InitializeIPDv02p5Data intro.
20240921 101724.707 INFO             PET3       ESMX_Driver: InternalInitializeComplete intro.
20240921 101724.707 INFO             PET3       ESMX_Driver: InternalInitializeComplete extro.
20240921 101724.707 INFO             PET3       ABC: InitializeIPDvXp08 intro.
20240921 101724.707 INFO             PET3         >>>ABC: entered Initialize (phase=IPDv05p8) with current time: 2012 10 24  8  0  0   0
20240921 101724.707 INFO             PET3         <<<ABC: leaving Initialize (phase=IPDv05p8) with current time: 2012 10 24  8  0  0   0
20240921 101724.707 INFO             PET3       ABC: InitializeIPDvXp08 extro.
20240921 101724.718 INFO             PET3       ESMX_Driver: loopDataDependentInitialize intro.
20240921 101724.718 INFO             PET3       ESMX_Driver: loopDataDependentInitialize extro.
20240921 101724.718 INFO             PET3     ESMX_Driver: InitializeIPDv02p5Data extro.
20240921 101724.718 INFO             PET3     <<<ESMX_Driver: leaving Initialize (phase=<none>) with current time: 2012 10 24  8  0  0   0
20240921 101724.718 INFO             PET3   ESMX_Driver: InitializeIPDv02p5 extro.
20240921 101724.718 INFO             PET3 ESMX_Driver: InitializeGeneric extro.
20240921 101724.718 INFO             PET3 ESMX_Driver: Run intro.
20240921 101724.718 INFO             PET3   >>>ESMX_Driver: entered Run (phase=RunPhase1) with current time: 2012 10 24  8  0  0   0
20240921 101724.719 INFO             PET3   ABC: Run intro.
20240921 101724.719 INFO             PET3     >>>ABC: entered Run (phase=RunPhase1) with current time: 2012 10 24  8  0  0   0
20240921 101724.719 INFO             PET3     <<<ABC: leaving Run (phase=RunPhase1) with current time: 2012 10 24 20  0  0   0
20240921 101724.719 INFO             PET3   ABC: Run extro.
20240921 101724.719 INFO             PET3   <<<ESMX_Driver: leaving Run (phase=RunPhase1) with current time: 2012 10 24 20  0  0   0
20240921 101724.719 INFO             PET3 ESMX_Driver: Run extro.
20240921 101724.719 INFO             PET3 ESMX_Driver: Finalize intro.
20240921 101724.719 INFO             PET3   Calling Finalize phase 1 for modelComp: ABC
20240921 101724.719 INFO             PET3   ABC: Finalize intro.
20240921 101724.719 INFO             PET3     >>>ABC: entered Finalize (phase=FinalizePhase1) with current time: 2012 10 24 20  0  0   0
20240921 101724.719 INFO             PET3     <<<ABC: leaving Finalize (phase=FinalizePhase1) with current time: 2012 10 24 20  0  0   0
20240921 101724.719 INFO             PET3   ABC: Finalize extro.
20240921 101724.719 INFO             PET3   Delete modelComp: ABC
20240921 101724.719 INFO             PET3 ESMX_Driver: Finalize extro.
20240921 101724.719 INFO             PET3 =============================================
20240921 101724.719 INFO             PET3 ESMX (Earth System Model eXecutable) FINISHED
20240921 101724.719 INFO             PET3 =============================================
20240921 101724.719 INFO             PET3  Finalizing ESMF
