2024-10-07 07:53:33
20241007 091704.267 INFO             PET0 !!!!!!!!!!!!!!!!!!!!!!!!!!!!!!!!!!!!!!!!!!!!!!!!!!!!!!
20241007 091704.267 INFO             PET0 !!! THE ESMF_LOG IS SET TO OUTPUT ALL LOG MESSAGES !!!
20241007 091704.267 INFO             PET0 !!!     THIS MAY CAUSE SLOWDOWN IN PERFORMANCE     !!!
20241007 091704.267 INFO             PET0 !!! FOR PRODUCTION RUNS, USE:                      !!!
20241007 091704.267 INFO             PET0 !!!                   ESMF_LOGKIND_Multi_On_Error  !!!
20241007 091704.267 INFO             PET0 !!!!!!!!!!!!!!!!!!!!!!!!!!!!!!!!!!!!!!!!!!!!!!!!!!!!!!
20241007 091704.267 INFO             PET0 Running with ESMF Version   : v8.7.0
20241007 091704.267 INFO             PET0 ESMF library build date/time: "Oct  7 2024" "07:49:36"
20241007 091704.267 INFO             PET0 ESMF library build location : /scratch2/NCEPDEV/stmp1/Gerhard.Theurich/ESMF-Nightly-Testing/nvhpc_24.1_openmpi_g_v8.7.0/esmf
20241007 091704.267 INFO             PET0 ESMF_COMM                   : openmpi
20241007 091704.268 INFO             PET0 ESMF_MOAB                   : enabled
20241007 091704.268 INFO             PET0 ESMF_LAPACK                 : enabled
20241007 091704.268 INFO             PET0 ESMF_NETCDF                 : disabled
20241007 091704.268 INFO             PET0 ESMF_PNETCDF                : disabled
20241007 091704.268 INFO             PET0 ESMF_PIO                    : disabled
20241007 091704.268 INFO             PET0 ESMF_YAMLCPP                : enabled
20241007 091704.280 INFO             PET0 ESMF Tracing Enabled
20241007 091704.280 INFO             PET0 ESMF Profiling Enabled
20241007 091704.281 INFO             PET0 ESMF Trace/Profile clock: REALTIME
20241007 091704.363 INFO             PET0  NUMBER_OF_PROCESSORS            4
20241007 091704.363 INFO             PET0  PASS  Example ESMF_TraceEx, ESMF_TraceEx.F90, line 178
20241007 091704.363 INFO             PET0  Finalizing ESMF
20241007 091704.363 INFO             PET0 **************** Region Timings *******************
20241007 091704.363 INFO             PET0 Region              Count  Total (s)   Self (s)    Mean (s)    Min (s)     Max (s)
20241007 091704.364 INFO             PET0   [ESMF]            1      0.0568      0.0567      0.0568      0.0568      0.0568
20241007 091704.364 INFO             PET0     [test] Run 1    5      0.0001      0.0001      0.0000      0.0000      0.0000
20241007 091704.364 INFO             PET0     [test] Init 1   1      0.0000      0.0000      0.0000      0.0000      0.0000
20241007 091704.364 INFO             PET0     [test] Final 1  1      0.0000      0.0000      0.0000      0.0000      0.0000
20241007 091704.267 INFO             PET1 !!!!!!!!!!!!!!!!!!!!!!!!!!!!!!!!!!!!!!!!!!!!!!!!!!!!!!
20241007 091704.267 INFO             PET1 !!! THE ESMF_LOG IS SET TO OUTPUT ALL LOG MESSAGES !!!
20241007 091704.267 INFO             PET1 !!!     THIS MAY CAUSE SLOWDOWN IN PERFORMANCE     !!!
20241007 091704.267 INFO             PET1 !!! FOR PRODUCTION RUNS, USE:                      !!!
20241007 091704.267 INFO             PET1 !!!                   ESMF_LOGKIND_Multi_On_Error  !!!
20241007 091704.267 INFO             PET1 !!!!!!!!!!!!!!!!!!!!!!!!!!!!!!!!!!!!!!!!!!!!!!!!!!!!!!
20241007 091704.267 INFO             PET1 Running with ESMF Version   : v8.7.0
20241007 091704.267 INFO             PET1 ESMF library build date/time: "Oct  7 2024" "07:49:36"
20241007 091704.267 INFO             PET1 ESMF library build location : /scratch2/NCEPDEV/stmp1/Gerhard.Theurich/ESMF-Nightly-Testing/nvhpc_24.1_openmpi_g_v8.7.0/esmf
20241007 091704.267 INFO             PET1 ESMF_COMM                   : openmpi
20241007 091704.268 INFO             PET1 ESMF_MOAB                   : enabled
20241007 091704.268 INFO             PET1 ESMF_LAPACK                 : enabled
20241007 091704.268 INFO             PET1 ESMF_NETCDF                 : disabled
20241007 091704.268 INFO             PET1 ESMF_PNETCDF                : disabled
20241007 091704.268 INFO             PET1 ESMF_PIO                    : disabled
20241007 091704.268 INFO             PET1 ESMF_YAMLCPP                : enabled
20241007 091704.280 INFO             PET1 ESMF Tracing Enabled
20241007 091704.281 INFO             PET1 ESMF Profiling Enabled
20241007 091704.281 INFO             PET1 ESMF Trace/Profile clock: REALTIME
20241007 091704.364 INFO             PET1  NUMBER_OF_PROCESSORS            4
20241007 091704.364 INFO             PET1  PASS  Example ESMF_TraceEx, ESMF_TraceEx.F90, line 178
20241007 091704.364 INFO             PET1  Finalizing ESMF
20241007 091704.364 INFO             PET1 **************** Region Timings *******************
20241007 091704.364 INFO             PET1 Region              Count  Total (s)   Self (s)    Mean (s)    Min (s)     Max (s)
20241007 091704.364 INFO             PET1   [ESMF]            1      0.0819      0.0818      0.0819      0.0819      0.0819
20241007 091704.364 INFO             PET1     [test] Run 1    5      0.0001      0.0001      0.0000      0.0000      0.0000
20241007 091704.364 INFO             PET1     [test] Init 1   1      0.0000      0.0000      0.0000      0.0000      0.0000
20241007 091704.364 INFO             PET1     [test] Final 1  1      0.0000      0.0000      0.0000      0.0000      0.0000
20241007 091704.267 INFO             PET2 !!!!!!!!!!!!!!!!!!!!!!!!!!!!!!!!!!!!!!!!!!!!!!!!!!!!!!
20241007 091704.267 INFO             PET2 !!! THE ESMF_LOG IS SET TO OUTPUT ALL LOG MESSAGES !!!
20241007 091704.267 INFO             PET2 !!!     THIS MAY CAUSE SLOWDOWN IN PERFORMANCE     !!!
20241007 091704.267 INFO             PET2 !!! FOR PRODUCTION RUNS, USE:                      !!!
20241007 091704.267 INFO             PET2 !!!                   ESMF_LOGKIND_Multi_On_Error  !!!
20241007 091704.267 INFO             PET2 !!!!!!!!!!!!!!!!!!!!!!!!!!!!!!!!!!!!!!!!!!!!!!!!!!!!!!
20241007 091704.267 INFO             PET2 Running with ESMF Version   : v8.7.0
20241007 091704.267 INFO             PET2 ESMF library build date/time: "Oct  7 2024" "07:49:36"
20241007 091704.267 INFO             PET2 ESMF library build location : /scratch2/NCEPDEV/stmp1/Gerhard.Theurich/ESMF-Nightly-Testing/nvhpc_24.1_openmpi_g_v8.7.0/esmf
20241007 091704.267 INFO             PET2 ESMF_COMM                   : openmpi
20241007 091704.268 INFO             PET2 ESMF_MOAB                   : enabled
20241007 091704.268 INFO             PET2 ESMF_LAPACK                 : enabled
20241007 091704.268 INFO             PET2 ESMF_NETCDF                 : disabled
20241007 091704.268 INFO             PET2 ESMF_PNETCDF                : disabled
20241007 091704.268 INFO             PET2 ESMF_PIO                    : disabled
20241007 091704.268 INFO             PET2 ESMF_YAMLCPP                : enabled
20241007 091704.280 INFO             PET2 ESMF Tracing Enabled
20241007 091704.280 INFO             PET2 ESMF Profiling Enabled
20241007 091704.281 INFO             PET2 ESMF Trace/Profile clock: REALTIME
20241007 091704.363 INFO             PET2  NUMBER_OF_PROCESSORS            4
20241007 091704.363 INFO             PET2  PASS  Example ESMF_TraceEx, ESMF_TraceEx.F90, line 178
20241007 091704.363 INFO             PET2  Finalizing ESMF
20241007 091704.363 INFO             PET2 **************** Region Timings *******************
20241007 091704.363 INFO             PET2 Region              Count  Total (s)   Self (s)    Mean (s)    Min (s)     Max (s)
20241007 091704.364 INFO             PET2   [ESMF]            1      0.0820      0.0819      0.0820      0.0820      0.0820
20241007 091704.364 INFO             PET2     [test] Run 1    5      0.0001      0.0001      0.0000      0.0000      0.0000
20241007 091704.364 INFO             PET2     [test] Init 1   1      0.0000      0.0000      0.0000      0.0000      0.0000
20241007 091704.364 INFO             PET2     [test] Final 1  1      0.0000      0.0000      0.0000      0.0000      0.0000
20241007 091704.267 INFO             PET3 !!!!!!!!!!!!!!!!!!!!!!!!!!!!!!!!!!!!!!!!!!!!!!!!!!!!!!
20241007 091704.267 INFO             PET3 !!! THE ESMF_LOG IS SET TO OUTPUT ALL LOG MESSAGES !!!
20241007 091704.267 INFO             PET3 !!!     THIS MAY CAUSE SLOWDOWN IN PERFORMANCE     !!!
20241007 091704.267 INFO             PET3 !!! FOR PRODUCTION RUNS, USE:                      !!!
20241007 091704.267 INFO             PET3 !!!                   ESMF_LOGKIND_Multi_On_Error  !!!
20241007 091704.267 INFO             PET3 !!!!!!!!!!!!!!!!!!!!!!!!!!!!!!!!!!!!!!!!!!!!!!!!!!!!!!
20241007 091704.267 INFO             PET3 Running with ESMF Version   : v8.7.0
20241007 091704.267 INFO             PET3 ESMF library build date/time: "Oct  7 2024" "07:49:36"
20241007 091704.267 INFO             PET3 ESMF library build location : /scratch2/NCEPDEV/stmp1/Gerhard.Theurich/ESMF-Nightly-Testing/nvhpc_24.1_openmpi_g_v8.7.0/esmf
20241007 091704.267 INFO             PET3 ESMF_COMM                   : openmpi
20241007 091704.268 INFO             PET3 ESMF_MOAB                   : enabled
20241007 091704.268 INFO             PET3 ESMF_LAPACK                 : enabled
20241007 091704.268 INFO             PET3 ESMF_NETCDF                 : disabled
20241007 091704.268 INFO             PET3 ESMF_PNETCDF                : disabled
20241007 091704.268 INFO             PET3 ESMF_PIO                    : disabled
20241007 091704.268 INFO             PET3 ESMF_YAMLCPP                : enabled
20241007 091704.280 INFO             PET3 ESMF Tracing Enabled
20241007 091704.280 INFO             PET3 ESMF Profiling Enabled
20241007 091704.281 INFO             PET3 ESMF Trace/Profile clock: REALTIME
20241007 091704.364 INFO             PET3  NUMBER_OF_PROCESSORS            4
20241007 091704.364 INFO             PET3  PASS  Example ESMF_TraceEx, ESMF_TraceEx.F90, line 178
20241007 091704.364 INFO             PET3  Finalizing ESMF
20241007 091704.364 INFO             PET3 **************** Region Timings *******************
20241007 091704.364 INFO             PET3 Region              Count  Total (s)   Self (s)    Mean (s)    Min (s)     Max (s)
20241007 091704.364 INFO             PET3   [ESMF]            1      0.0821      0.0819      0.0821      0.0821      0.0821
20241007 091704.364 INFO             PET3     [test] Run 1    5      0.0001      0.0001      0.0000      0.0000      0.0000
20241007 091704.364 INFO             PET3     [test] Init 1   1      0.0001      0.0001      0.0001      0.0001      0.0001
20241007 091704.364 INFO             PET3     [test] Final 1  1      0.0000      0.0000      0.0000      0.0000      0.0000
