2024-10-03 23:56:49
20241004 001026.794 INFO             PET0 !!!!!!!!!!!!!!!!!!!!!!!!!!!!!!!!!!!!!!!!!!!!!!!!!!!!!!
20241004 001026.794 INFO             PET0 !!! THE ESMF_LOG IS SET TO OUTPUT ALL LOG MESSAGES !!!
20241004 001026.794 INFO             PET0 !!!     THIS MAY CAUSE SLOWDOWN IN PERFORMANCE     !!!
20241004 001026.794 INFO             PET0 !!! FOR PRODUCTION RUNS, USE:                      !!!
20241004 001026.794 INFO             PET0 !!!                   ESMF_LOGKIND_Multi_On_Error  !!!
20241004 001026.794 INFO             PET0 !!!!!!!!!!!!!!!!!!!!!!!!!!!!!!!!!!!!!!!!!!!!!!!!!!!!!!
20241004 001026.794 INFO             PET0 Running with ESMF Version   : v8.7.0
20241004 001026.794 INFO             PET0 ESMF library build date/time: "Oct  3 2024" "23:55:58"
20241004 001026.794 INFO             PET0 ESMF library build location : /home/gerhard/ESMF-Nightly-Testing/gfortranclang_7.5.0_16.0.3_mpiuni_O_v8.7.0/esmf
20241004 001026.794 INFO             PET0 ESMF_COMM                   : mpiuni
20241004 001026.794 INFO             PET0 ESMF_MOAB                   : enabled
20241004 001026.794 INFO             PET0 ESMF_LAPACK                 : enabled
20241004 001026.794 INFO             PET0 ESMF_NETCDF                 : disabled
20241004 001026.794 INFO             PET0 ESMF_PNETCDF                : disabled
20241004 001026.794 INFO             PET0 ESMF_PIO                    : disabled
20241004 001026.794 INFO             PET0 ESMF_YAMLCPP                : enabled
20241004 001026.795 INFO             PET0  NUMBER_OF_PROCESSORS           1
20241004 001026.795 INFO             PET0  PASS  Example ESMF_InternalStateEx, ESMF_InternalStateEx.F90, line 132
20241004 001026.795 INFO             PET0  Finalizing ESMF
