2024-08-16 03:43:40
20240816 042827.276 INFO             PET0 !!!!!!!!!!!!!!!!!!!!!!!!!!!!!!!!!!!!!!!!!!!!!!!!!!!!!!
20240816 042827.276 INFO             PET0 !!! THE ESMF_LOG IS SET TO OUTPUT ALL LOG MESSAGES !!!
20240816 042827.276 INFO             PET0 !!!     THIS MAY CAUSE SLOWDOWN IN PERFORMANCE     !!!
20240816 042827.276 INFO             PET0 !!! FOR PRODUCTION RUNS, USE:                      !!!
20240816 042827.276 INFO             PET0 !!!                   ESMF_LOGKIND_Multi_On_Error  !!!
20240816 042827.276 INFO             PET0 !!!!!!!!!!!!!!!!!!!!!!!!!!!!!!!!!!!!!!!!!!!!!!!!!!!!!!
20240816 042827.276 INFO             PET0 Running with ESMF Version   : v8.7.0b11-1-g59af04814d
20240816 042827.276 INFO             PET0 ESMF library build date/time: "Aug 16 2024" "03:41:37"
20240816 042827.276 INFO             PET0 ESMF library build location : /glade/derecho/scratch/sacks/esmf-testing/cce_15.0.1_mpi_g_develop/esmf
20240816 042827.276 INFO             PET0 ESMF_COMM                   : mpi
20240816 042827.276 INFO             PET0 ESMF_MOAB                   : enabled
20240816 042827.276 INFO             PET0 ESMF_LAPACK                 : enabled
20240816 042827.276 INFO             PET0 ESMF_NETCDF                 : enabled
20240816 042827.276 INFO             PET0 ESMF_PNETCDF                : disabled
20240816 042827.276 INFO             PET0 ESMF_PIO                    : enabled
20240816 042827.276 INFO             PET0 ESMF_YAMLCPP                : enabled
20240816 042827.278 INFO             PET0 =============================================
20240816 042827.278 INFO             PET0 ESMX (Earth System Model eXecutable) STARTING
20240816 042827.278 INFO             PET0 =============================================
20240816 042827.288 INFO             PET0 =============================================
20240816 042827.288 INFO             PET0 ESMX (Earth System Model eXecutable) FINISHED
20240816 042827.288 INFO             PET0 =============================================
20240816 042827.288 INFO             PET0  Finalizing ESMF
20240816 042827.276 INFO             PET1 !!!!!!!!!!!!!!!!!!!!!!!!!!!!!!!!!!!!!!!!!!!!!!!!!!!!!!
20240816 042827.276 INFO             PET1 !!! THE ESMF_LOG IS SET TO OUTPUT ALL LOG MESSAGES !!!
20240816 042827.276 INFO             PET1 !!!     THIS MAY CAUSE SLOWDOWN IN PERFORMANCE     !!!
20240816 042827.276 INFO             PET1 !!! FOR PRODUCTION RUNS, USE:                      !!!
20240816 042827.276 INFO             PET1 !!!                   ESMF_LOGKIND_Multi_On_Error  !!!
20240816 042827.276 INFO             PET1 !!!!!!!!!!!!!!!!!!!!!!!!!!!!!!!!!!!!!!!!!!!!!!!!!!!!!!
20240816 042827.276 INFO             PET1 Running with ESMF Version   : v8.7.0b11-1-g59af04814d
20240816 042827.276 INFO             PET1 ESMF library build date/time: "Aug 16 2024" "03:41:37"
20240816 042827.276 INFO             PET1 ESMF library build location : /glade/derecho/scratch/sacks/esmf-testing/cce_15.0.1_mpi_g_develop/esmf
20240816 042827.276 INFO             PET1 ESMF_COMM                   : mpi
20240816 042827.277 INFO             PET1 ESMF_MOAB                   : enabled
20240816 042827.277 INFO             PET1 ESMF_LAPACK                 : enabled
20240816 042827.277 INFO             PET1 ESMF_NETCDF                 : enabled
20240816 042827.277 INFO             PET1 ESMF_PNETCDF                : disabled
20240816 042827.277 INFO             PET1 ESMF_PIO                    : enabled
20240816 042827.277 INFO             PET1 ESMF_YAMLCPP                : enabled
20240816 042827.278 INFO             PET1 =============================================
20240816 042827.278 INFO             PET1 ESMX (Earth System Model eXecutable) STARTING
20240816 042827.278 INFO             PET1 =============================================
20240816 042827.288 INFO             PET1 =============================================
20240816 042827.288 INFO             PET1 ESMX (Earth System Model eXecutable) FINISHED
20240816 042827.288 INFO             PET1 =============================================
20240816 042827.288 INFO             PET1  Finalizing ESMF
20240816 042827.275 INFO             PET2 !!!!!!!!!!!!!!!!!!!!!!!!!!!!!!!!!!!!!!!!!!!!!!!!!!!!!!
20240816 042827.275 INFO             PET2 !!! THE ESMF_LOG IS SET TO OUTPUT ALL LOG MESSAGES !!!
20240816 042827.275 INFO             PET2 !!!     THIS MAY CAUSE SLOWDOWN IN PERFORMANCE     !!!
20240816 042827.275 INFO             PET2 !!! FOR PRODUCTION RUNS, USE:                      !!!
20240816 042827.275 INFO             PET2 !!!                   ESMF_LOGKIND_Multi_On_Error  !!!
20240816 042827.275 INFO             PET2 !!!!!!!!!!!!!!!!!!!!!!!!!!!!!!!!!!!!!!!!!!!!!!!!!!!!!!
20240816 042827.275 INFO             PET2 Running with ESMF Version   : v8.7.0b11-1-g59af04814d
20240816 042827.275 INFO             PET2 ESMF library build date/time: "Aug 16 2024" "03:41:37"
20240816 042827.275 INFO             PET2 ESMF library build location : /glade/derecho/scratch/sacks/esmf-testing/cce_15.0.1_mpi_g_develop/esmf
20240816 042827.275 INFO             PET2 ESMF_COMM                   : mpi
20240816 042827.276 INFO             PET2 ESMF_MOAB                   : enabled
20240816 042827.276 INFO             PET2 ESMF_LAPACK                 : enabled
20240816 042827.276 INFO             PET2 ESMF_NETCDF                 : enabled
20240816 042827.276 INFO             PET2 ESMF_PNETCDF                : disabled
20240816 042827.276 INFO             PET2 ESMF_PIO                    : enabled
20240816 042827.276 INFO             PET2 ESMF_YAMLCPP                : enabled
20240816 042827.278 INFO             PET2 =============================================
20240816 042827.278 INFO             PET2 ESMX (Earth System Model eXecutable) STARTING
20240816 042827.278 INFO             PET2 =============================================
20240816 042827.288 INFO             PET2 =============================================
20240816 042827.288 INFO             PET2 ESMX (Earth System Model eXecutable) FINISHED
20240816 042827.288 INFO             PET2 =============================================
20240816 042827.288 INFO             PET2  Finalizing ESMF
20240816 042827.275 INFO             PET3 !!!!!!!!!!!!!!!!!!!!!!!!!!!!!!!!!!!!!!!!!!!!!!!!!!!!!!
20240816 042827.275 INFO             PET3 !!! THE ESMF_LOG IS SET TO OUTPUT ALL LOG MESSAGES !!!
20240816 042827.275 INFO             PET3 !!!     THIS MAY CAUSE SLOWDOWN IN PERFORMANCE     !!!
20240816 042827.275 INFO             PET3 !!! FOR PRODUCTION RUNS, USE:                      !!!
20240816 042827.275 INFO             PET3 !!!                   ESMF_LOGKIND_Multi_On_Error  !!!
20240816 042827.275 INFO             PET3 !!!!!!!!!!!!!!!!!!!!!!!!!!!!!!!!!!!!!!!!!!!!!!!!!!!!!!
20240816 042827.275 INFO             PET3 Running with ESMF Version   : v8.7.0b11-1-g59af04814d
20240816 042827.275 INFO             PET3 ESMF library build date/time: "Aug 16 2024" "03:41:37"
20240816 042827.275 INFO             PET3 ESMF library build location : /glade/derecho/scratch/sacks/esmf-testing/cce_15.0.1_mpi_g_develop/esmf
20240816 042827.275 INFO             PET3 ESMF_COMM                   : mpi
20240816 042827.276 INFO             PET3 ESMF_MOAB                   : enabled
20240816 042827.276 INFO             PET3 ESMF_LAPACK                 : enabled
20240816 042827.276 INFO             PET3 ESMF_NETCDF                 : enabled
20240816 042827.276 INFO             PET3 ESMF_PNETCDF                : disabled
20240816 042827.276 INFO             PET3 ESMF_PIO                    : enabled
20240816 042827.276 INFO             PET3 ESMF_YAMLCPP                : enabled
20240816 042827.278 INFO             PET3 =============================================
20240816 042827.278 INFO             PET3 ESMX (Earth System Model eXecutable) STARTING
20240816 042827.278 INFO             PET3 =============================================
20240816 042827.288 INFO             PET3 =============================================
20240816 042827.288 INFO             PET3 ESMX (Earth System Model eXecutable) FINISHED
20240816 042827.288 INFO             PET3 =============================================
20240816 042827.288 INFO             PET3  Finalizing ESMF
