2024-08-28 07:30:31
20240828 081818.215 INFO             PET0 !!!!!!!!!!!!!!!!!!!!!!!!!!!!!!!!!!!!!!!!!!!!!!!!!!!!!!
20240828 081818.215 INFO             PET0 !!! THE ESMF_LOG IS SET TO OUTPUT ALL LOG MESSAGES !!!
20240828 081818.215 INFO             PET0 !!!     THIS MAY CAUSE SLOWDOWN IN PERFORMANCE     !!!
20240828 081818.215 INFO             PET0 !!! FOR PRODUCTION RUNS, USE:                      !!!
20240828 081818.215 INFO             PET0 !!!                   ESMF_LOGKIND_Multi_On_Error  !!!
20240828 081818.215 INFO             PET0 !!!!!!!!!!!!!!!!!!!!!!!!!!!!!!!!!!!!!!!!!!!!!!!!!!!!!!
20240828 081818.215 INFO             PET0 Running with ESMF Version   : v8.7.0b11-5-gfda68a9ac3
20240828 081818.215 INFO             PET0 ESMF library build date/time: "Aug 28 2024" "07:27:34"
20240828 081818.215 INFO             PET0 ESMF library build location : /scratch2/NCEPDEV/stmp1/Gerhard.Theurich/ESMF-Nightly-Testing/intel_2023.2.0_intelmpi_g_develop/esmf
20240828 081818.215 INFO             PET0 ESMF_COMM                   : intelmpi
20240828 081818.216 INFO             PET0 ESMF_MOAB                   : enabled
20240828 081818.216 INFO             PET0 ESMF_LAPACK                 : enabled
20240828 081818.216 INFO             PET0 ESMF_NETCDF                 : enabled
20240828 081818.216 INFO             PET0 ESMF_PNETCDF                : disabled
20240828 081818.216 INFO             PET0 ESMF_PIO                    : enabled
20240828 081818.216 INFO             PET0 ESMF_YAMLCPP                : enabled
20240828 081818.463 DEBUG            PET0 about to destroy Grid: 0x1794b90
20240828 081818.473 DEBUG            PET0 about to destroy Grid: 0x17959c0
20240828 081818.517 INFO             PET0  NUMBER_OF_PROCESSORS           4
20240828 081818.517 INFO             PET0  PASS  Example ESMF_NUOPCAtmModelEx, ESMF_NUOPCAtmModelEx.F90, line 806
20240828 081818.517 INFO             PET0  Finalizing ESMF
20240828 081818.216 INFO             PET1 !!!!!!!!!!!!!!!!!!!!!!!!!!!!!!!!!!!!!!!!!!!!!!!!!!!!!!
20240828 081818.216 INFO             PET1 !!! THE ESMF_LOG IS SET TO OUTPUT ALL LOG MESSAGES !!!
20240828 081818.216 INFO             PET1 !!!     THIS MAY CAUSE SLOWDOWN IN PERFORMANCE     !!!
20240828 081818.216 INFO             PET1 !!! FOR PRODUCTION RUNS, USE:                      !!!
20240828 081818.216 INFO             PET1 !!!                   ESMF_LOGKIND_Multi_On_Error  !!!
20240828 081818.216 INFO             PET1 !!!!!!!!!!!!!!!!!!!!!!!!!!!!!!!!!!!!!!!!!!!!!!!!!!!!!!
20240828 081818.216 INFO             PET1 Running with ESMF Version   : v8.7.0b11-5-gfda68a9ac3
20240828 081818.216 INFO             PET1 ESMF library build date/time: "Aug 28 2024" "07:27:34"
20240828 081818.216 INFO             PET1 ESMF library build location : /scratch2/NCEPDEV/stmp1/Gerhard.Theurich/ESMF-Nightly-Testing/intel_2023.2.0_intelmpi_g_develop/esmf
20240828 081818.216 INFO             PET1 ESMF_COMM                   : intelmpi
20240828 081818.217 INFO             PET1 ESMF_MOAB                   : enabled
20240828 081818.217 INFO             PET1 ESMF_LAPACK                 : enabled
20240828 081818.217 INFO             PET1 ESMF_NETCDF                 : enabled
20240828 081818.217 INFO             PET1 ESMF_PNETCDF                : disabled
20240828 081818.217 INFO             PET1 ESMF_PIO                    : enabled
20240828 081818.217 INFO             PET1 ESMF_YAMLCPP                : enabled
20240828 081818.463 DEBUG            PET1 about to destroy Grid: 0x17a3580
20240828 081818.473 DEBUG            PET1 about to destroy Grid: 0x17a3e20
20240828 081818.517 INFO             PET1  NUMBER_OF_PROCESSORS           4
20240828 081818.517 INFO             PET1  PASS  Example ESMF_NUOPCAtmModelEx, ESMF_NUOPCAtmModelEx.F90, line 806
20240828 081818.517 INFO             PET1  Finalizing ESMF
20240828 081818.214 INFO             PET2 !!!!!!!!!!!!!!!!!!!!!!!!!!!!!!!!!!!!!!!!!!!!!!!!!!!!!!
20240828 081818.215 INFO             PET2 !!! THE ESMF_LOG IS SET TO OUTPUT ALL LOG MESSAGES !!!
20240828 081818.215 INFO             PET2 !!!     THIS MAY CAUSE SLOWDOWN IN PERFORMANCE     !!!
20240828 081818.215 INFO             PET2 !!! FOR PRODUCTION RUNS, USE:                      !!!
20240828 081818.215 INFO             PET2 !!!                   ESMF_LOGKIND_Multi_On_Error  !!!
20240828 081818.215 INFO             PET2 !!!!!!!!!!!!!!!!!!!!!!!!!!!!!!!!!!!!!!!!!!!!!!!!!!!!!!
20240828 081818.215 INFO             PET2 Running with ESMF Version   : v8.7.0b11-5-gfda68a9ac3
20240828 081818.215 INFO             PET2 ESMF library build date/time: "Aug 28 2024" "07:27:34"
20240828 081818.215 INFO             PET2 ESMF library build location : /scratch2/NCEPDEV/stmp1/Gerhard.Theurich/ESMF-Nightly-Testing/intel_2023.2.0_intelmpi_g_develop/esmf
20240828 081818.215 INFO             PET2 ESMF_COMM                   : intelmpi
20240828 081818.215 INFO             PET2 ESMF_MOAB                   : enabled
20240828 081818.215 INFO             PET2 ESMF_LAPACK                 : enabled
20240828 081818.215 INFO             PET2 ESMF_NETCDF                 : enabled
20240828 081818.215 INFO             PET2 ESMF_PNETCDF                : disabled
20240828 081818.215 INFO             PET2 ESMF_PIO                    : enabled
20240828 081818.215 INFO             PET2 ESMF_YAMLCPP                : enabled
20240828 081818.463 DEBUG            PET2 about to destroy Grid: 0x1fd73a0
20240828 081818.473 DEBUG            PET2 about to destroy Grid: 0x1fd7c40
20240828 081818.516 INFO             PET2  NUMBER_OF_PROCESSORS           4
20240828 081818.517 INFO             PET2  PASS  Example ESMF_NUOPCAtmModelEx, ESMF_NUOPCAtmModelEx.F90, line 806
20240828 081818.517 INFO             PET2  Finalizing ESMF
20240828 081818.215 INFO             PET3 !!!!!!!!!!!!!!!!!!!!!!!!!!!!!!!!!!!!!!!!!!!!!!!!!!!!!!
20240828 081818.215 INFO             PET3 !!! THE ESMF_LOG IS SET TO OUTPUT ALL LOG MESSAGES !!!
20240828 081818.215 INFO             PET3 !!!     THIS MAY CAUSE SLOWDOWN IN PERFORMANCE     !!!
20240828 081818.215 INFO             PET3 !!! FOR PRODUCTION RUNS, USE:                      !!!
20240828 081818.215 INFO             PET3 !!!                   ESMF_LOGKIND_Multi_On_Error  !!!
20240828 081818.215 INFO             PET3 !!!!!!!!!!!!!!!!!!!!!!!!!!!!!!!!!!!!!!!!!!!!!!!!!!!!!!
20240828 081818.215 INFO             PET3 Running with ESMF Version   : v8.7.0b11-5-gfda68a9ac3
20240828 081818.215 INFO             PET3 ESMF library build date/time: "Aug 28 2024" "07:27:34"
20240828 081818.215 INFO             PET3 ESMF library build location : /scratch2/NCEPDEV/stmp1/Gerhard.Theurich/ESMF-Nightly-Testing/intel_2023.2.0_intelmpi_g_develop/esmf
20240828 081818.215 INFO             PET3 ESMF_COMM                   : intelmpi
20240828 081818.216 INFO             PET3 ESMF_MOAB                   : enabled
20240828 081818.216 INFO             PET3 ESMF_LAPACK                 : enabled
20240828 081818.216 INFO             PET3 ESMF_NETCDF                 : enabled
20240828 081818.216 INFO             PET3 ESMF_PNETCDF                : disabled
20240828 081818.216 INFO             PET3 ESMF_PIO                    : enabled
20240828 081818.216 INFO             PET3 ESMF_YAMLCPP                : enabled
20240828 081818.463 DEBUG            PET3 about to destroy Grid: 0x192a610
20240828 081818.473 DEBUG            PET3 about to destroy Grid: 0x192aeb0
20240828 081818.516 INFO             PET3  NUMBER_OF_PROCESSORS           4
20240828 081818.516 INFO             PET3  PASS  Example ESMF_NUOPCAtmModelEx, ESMF_NUOPCAtmModelEx.F90, line 806
20240828 081818.516 INFO             PET3  Finalizing ESMF
