2024-08-30 07:29:18
20240830 081555.849 INFO             PET0 !!!!!!!!!!!!!!!!!!!!!!!!!!!!!!!!!!!!!!!!!!!!!!!!!!!!!!
20240830 081555.855 INFO             PET0 !!! THE ESMF_LOG IS SET TO OUTPUT ALL LOG MESSAGES !!!
20240830 081555.855 INFO             PET0 !!!     THIS MAY CAUSE SLOWDOWN IN PERFORMANCE     !!!
20240830 081555.855 INFO             PET0 !!! FOR PRODUCTION RUNS, USE:                      !!!
20240830 081555.863 INFO             PET0 !!!                   ESMF_LOGKIND_Multi_On_Error  !!!
20240830 081555.863 INFO             PET0 !!!!!!!!!!!!!!!!!!!!!!!!!!!!!!!!!!!!!!!!!!!!!!!!!!!!!!
20240830 081555.863 INFO             PET0 Running with ESMF Version   : v8.7.0b11-6-g82f8052f9c
20240830 081555.871 INFO             PET0 ESMF library build date/time: "Aug 30 2024" "07:26:32"
20240830 081555.872 INFO             PET0 ESMF library build location : /scratch2/NCEPDEV/stmp1/Gerhard.Theurich/ESMF-Nightly-Testing/intel_2023.2.0_intelmpi_g_develop/esmf
20240830 081555.872 INFO             PET0 ESMF_COMM                   : intelmpi
20240830 081555.904 INFO             PET0 ESMF_MOAB                   : enabled
20240830 081555.904 INFO             PET0 ESMF_LAPACK                 : enabled
20240830 081555.956 INFO             PET0 ESMF_NETCDF                 : enabled
20240830 081555.956 INFO             PET0 ESMF_PNETCDF                : disabled
20240830 081555.956 INFO             PET0 ESMF_PIO                    : enabled
20240830 081555.956 INFO             PET0 ESMF_YAMLCPP                : enabled
20240830 081556.429 INFO             PET0  NUMBER_OF_PROCESSORS           4
20240830 081556.429 INFO             PET0  PASS  Example ESMF_XGridEx, ESMF_XGridEx.F90, line 525
20240830 081556.429 INFO             PET0  Finalizing ESMF
20240830 081555.849 INFO             PET1 !!!!!!!!!!!!!!!!!!!!!!!!!!!!!!!!!!!!!!!!!!!!!!!!!!!!!!
20240830 081555.855 INFO             PET1 !!! THE ESMF_LOG IS SET TO OUTPUT ALL LOG MESSAGES !!!
20240830 081555.855 INFO             PET1 !!!     THIS MAY CAUSE SLOWDOWN IN PERFORMANCE     !!!
20240830 081555.855 INFO             PET1 !!! FOR PRODUCTION RUNS, USE:                      !!!
20240830 081555.863 INFO             PET1 !!!                   ESMF_LOGKIND_Multi_On_Error  !!!
20240830 081555.863 INFO             PET1 !!!!!!!!!!!!!!!!!!!!!!!!!!!!!!!!!!!!!!!!!!!!!!!!!!!!!!
20240830 081555.863 INFO             PET1 Running with ESMF Version   : v8.7.0b11-6-g82f8052f9c
20240830 081555.872 INFO             PET1 ESMF library build date/time: "Aug 30 2024" "07:26:32"
20240830 081555.872 INFO             PET1 ESMF library build location : /scratch2/NCEPDEV/stmp1/Gerhard.Theurich/ESMF-Nightly-Testing/intel_2023.2.0_intelmpi_g_develop/esmf
20240830 081555.872 INFO             PET1 ESMF_COMM                   : intelmpi
20240830 081555.904 INFO             PET1 ESMF_MOAB                   : enabled
20240830 081555.904 INFO             PET1 ESMF_LAPACK                 : enabled
20240830 081555.956 INFO             PET1 ESMF_NETCDF                 : enabled
20240830 081555.956 INFO             PET1 ESMF_PNETCDF                : disabled
20240830 081555.956 INFO             PET1 ESMF_PIO                    : enabled
20240830 081555.956 INFO             PET1 ESMF_YAMLCPP                : enabled
20240830 081556.430 INFO             PET1  NUMBER_OF_PROCESSORS           4
20240830 081556.430 INFO             PET1  PASS  Example ESMF_XGridEx, ESMF_XGridEx.F90, line 525
20240830 081556.430 INFO             PET1  Finalizing ESMF
20240830 081555.848 INFO             PET2 !!!!!!!!!!!!!!!!!!!!!!!!!!!!!!!!!!!!!!!!!!!!!!!!!!!!!!
20240830 081555.855 INFO             PET2 !!! THE ESMF_LOG IS SET TO OUTPUT ALL LOG MESSAGES !!!
20240830 081555.855 INFO             PET2 !!!     THIS MAY CAUSE SLOWDOWN IN PERFORMANCE     !!!
20240830 081555.855 INFO             PET2 !!! FOR PRODUCTION RUNS, USE:                      !!!
20240830 081555.863 INFO             PET2 !!!                   ESMF_LOGKIND_Multi_On_Error  !!!
20240830 081555.863 INFO             PET2 !!!!!!!!!!!!!!!!!!!!!!!!!!!!!!!!!!!!!!!!!!!!!!!!!!!!!!
20240830 081555.863 INFO             PET2 Running with ESMF Version   : v8.7.0b11-6-g82f8052f9c
20240830 081555.871 INFO             PET2 ESMF library build date/time: "Aug 30 2024" "07:26:32"
20240830 081555.872 INFO             PET2 ESMF library build location : /scratch2/NCEPDEV/stmp1/Gerhard.Theurich/ESMF-Nightly-Testing/intel_2023.2.0_intelmpi_g_develop/esmf
20240830 081555.872 INFO             PET2 ESMF_COMM                   : intelmpi
20240830 081555.904 INFO             PET2 ESMF_MOAB                   : enabled
20240830 081555.904 INFO             PET2 ESMF_LAPACK                 : enabled
20240830 081555.956 INFO             PET2 ESMF_NETCDF                 : enabled
20240830 081555.956 INFO             PET2 ESMF_PNETCDF                : disabled
20240830 081555.956 INFO             PET2 ESMF_PIO                    : enabled
20240830 081555.956 INFO             PET2 ESMF_YAMLCPP                : enabled
20240830 081556.429 INFO             PET2  NUMBER_OF_PROCESSORS           4
20240830 081556.429 INFO             PET2  PASS  Example ESMF_XGridEx, ESMF_XGridEx.F90, line 525
20240830 081556.429 INFO             PET2  Finalizing ESMF
20240830 081555.849 INFO             PET3 !!!!!!!!!!!!!!!!!!!!!!!!!!!!!!!!!!!!!!!!!!!!!!!!!!!!!!
20240830 081555.855 INFO             PET3 !!! THE ESMF_LOG IS SET TO OUTPUT ALL LOG MESSAGES !!!
20240830 081555.855 INFO             PET3 !!!     THIS MAY CAUSE SLOWDOWN IN PERFORMANCE     !!!
20240830 081555.855 INFO             PET3 !!! FOR PRODUCTION RUNS, USE:                      !!!
20240830 081555.863 INFO             PET3 !!!                   ESMF_LOGKIND_Multi_On_Error  !!!
20240830 081555.863 INFO             PET3 !!!!!!!!!!!!!!!!!!!!!!!!!!!!!!!!!!!!!!!!!!!!!!!!!!!!!!
20240830 081555.863 INFO             PET3 Running with ESMF Version   : v8.7.0b11-6-g82f8052f9c
20240830 081555.871 INFO             PET3 ESMF library build date/time: "Aug 30 2024" "07:26:32"
20240830 081555.871 INFO             PET3 ESMF library build location : /scratch2/NCEPDEV/stmp1/Gerhard.Theurich/ESMF-Nightly-Testing/intel_2023.2.0_intelmpi_g_develop/esmf
20240830 081555.871 INFO             PET3 ESMF_COMM                   : intelmpi
20240830 081555.904 INFO             PET3 ESMF_MOAB                   : enabled
20240830 081555.904 INFO             PET3 ESMF_LAPACK                 : enabled
20240830 081555.956 INFO             PET3 ESMF_NETCDF                 : enabled
20240830 081555.956 INFO             PET3 ESMF_PNETCDF                : disabled
20240830 081555.956 INFO             PET3 ESMF_PIO                    : enabled
20240830 081555.956 INFO             PET3 ESMF_YAMLCPP                : enabled
20240830 081556.429 INFO             PET3  NUMBER_OF_PROCESSORS           4
20240830 081556.429 INFO             PET3  PASS  Example ESMF_XGridEx, ESMF_XGridEx.F90, line 525
20240830 081556.429 INFO             PET3  Finalizing ESMF
