2024-09-09 07:30:40
20240909 080847.189 INFO             PET0 !!!!!!!!!!!!!!!!!!!!!!!!!!!!!!!!!!!!!!!!!!!!!!!!!!!!!!
20240909 080847.189 INFO             PET0 !!! THE ESMF_LOG IS SET TO OUTPUT ALL LOG MESSAGES !!!
20240909 080847.189 INFO             PET0 !!!     THIS MAY CAUSE SLOWDOWN IN PERFORMANCE     !!!
20240909 080847.189 INFO             PET0 !!! FOR PRODUCTION RUNS, USE:                      !!!
20240909 080847.189 INFO             PET0 !!!                   ESMF_LOGKIND_Multi_On_Error  !!!
20240909 080847.189 INFO             PET0 !!!!!!!!!!!!!!!!!!!!!!!!!!!!!!!!!!!!!!!!!!!!!!!!!!!!!!
20240909 080847.189 INFO             PET0 Running with ESMF Version   : v8.7.0b13-3-gedb848d90b
20240909 080847.189 INFO             PET0 ESMF library build date/time: "Sep  9 2024" "07:28:11"
20240909 080847.189 INFO             PET0 ESMF library build location : /scratch2/NCEPDEV/stmp1/Gerhard.Theurich/ESMF-Nightly-Testing/intel_2023.2.0_intelmpi_g_develop/esmf
20240909 080847.190 INFO             PET0 ESMF_COMM                   : intelmpi
20240909 080847.190 INFO             PET0 ESMF_MOAB                   : enabled
20240909 080847.190 INFO             PET0 ESMF_LAPACK                 : enabled
20240909 080847.190 INFO             PET0 ESMF_NETCDF                 : enabled
20240909 080847.190 INFO             PET0 ESMF_PNETCDF                : disabled
20240909 080847.190 INFO             PET0 ESMF_PIO                    : enabled
20240909 080847.190 INFO             PET0 ESMF_YAMLCPP                : enabled
20240909 080847.191 INFO             PET0  NUMBER_OF_PROCESSORS           4
20240909 080847.191 INFO             PET0  PASS  Example ESMF_VMUserMpiCommMultiEx, ESMF_VMUserMpiCommMultiEx.F90, line 126
20240909 080847.191 INFO             PET0  Finalizing ESMF with endflag==ESMF_END_KEEPMPI
20240909 080847.189 INFO             PET0 !!!!!!!!!!!!!!!!!!!!!!!!!!!!!!!!!!!!!!!!!!!!!!!!!!!!!!
20240909 080847.189 INFO             PET0 !!! THE ESMF_LOG IS SET TO OUTPUT ALL LOG MESSAGES !!!
20240909 080847.189 INFO             PET0 !!!     THIS MAY CAUSE SLOWDOWN IN PERFORMANCE     !!!
20240909 080847.189 INFO             PET0 !!! FOR PRODUCTION RUNS, USE:                      !!!
20240909 080847.189 INFO             PET0 !!!                   ESMF_LOGKIND_Multi_On_Error  !!!
20240909 080847.189 INFO             PET0 !!!!!!!!!!!!!!!!!!!!!!!!!!!!!!!!!!!!!!!!!!!!!!!!!!!!!!
20240909 080847.189 INFO             PET0 Running with ESMF Version   : v8.7.0b13-3-gedb848d90b
20240909 080847.189 INFO             PET0 ESMF library build date/time: "Sep  9 2024" "07:28:11"
20240909 080847.189 INFO             PET0 ESMF library build location : /scratch2/NCEPDEV/stmp1/Gerhard.Theurich/ESMF-Nightly-Testing/intel_2023.2.0_intelmpi_g_develop/esmf
20240909 080847.189 INFO             PET0 ESMF_COMM                   : intelmpi
20240909 080847.190 INFO             PET0 ESMF_MOAB                   : enabled
20240909 080847.190 INFO             PET0 ESMF_LAPACK                 : enabled
20240909 080847.190 INFO             PET0 ESMF_NETCDF                 : enabled
20240909 080847.190 INFO             PET0 ESMF_PNETCDF                : disabled
20240909 080847.190 INFO             PET0 ESMF_PIO                    : enabled
20240909 080847.190 INFO             PET0 ESMF_YAMLCPP                : enabled
20240909 080847.191 INFO             PET0  NUMBER_OF_PROCESSORS           4
20240909 080847.191 INFO             PET0  PASS  Example ESMF_VMUserMpiCommMultiEx, ESMF_VMUserMpiCommMultiEx.F90, line 154
20240909 080847.191 INFO             PET0  Finalizing ESMF with endflag==ESMF_END_KEEPMPI
20240909 080847.190 INFO             PET1 !!!!!!!!!!!!!!!!!!!!!!!!!!!!!!!!!!!!!!!!!!!!!!!!!!!!!!
20240909 080847.190 INFO             PET1 !!! THE ESMF_LOG IS SET TO OUTPUT ALL LOG MESSAGES !!!
20240909 080847.190 INFO             PET1 !!!     THIS MAY CAUSE SLOWDOWN IN PERFORMANCE     !!!
20240909 080847.190 INFO             PET1 !!! FOR PRODUCTION RUNS, USE:                      !!!
20240909 080847.190 INFO             PET1 !!!                   ESMF_LOGKIND_Multi_On_Error  !!!
20240909 080847.190 INFO             PET1 !!!!!!!!!!!!!!!!!!!!!!!!!!!!!!!!!!!!!!!!!!!!!!!!!!!!!!
20240909 080847.190 INFO             PET1 Running with ESMF Version   : v8.7.0b13-3-gedb848d90b
20240909 080847.190 INFO             PET1 ESMF library build date/time: "Sep  9 2024" "07:28:11"
20240909 080847.190 INFO             PET1 ESMF library build location : /scratch2/NCEPDEV/stmp1/Gerhard.Theurich/ESMF-Nightly-Testing/intel_2023.2.0_intelmpi_g_develop/esmf
20240909 080847.190 INFO             PET1 ESMF_COMM                   : intelmpi
20240909 080847.191 INFO             PET1 ESMF_MOAB                   : enabled
20240909 080847.191 INFO             PET1 ESMF_LAPACK                 : enabled
20240909 080847.191 INFO             PET1 ESMF_NETCDF                 : enabled
20240909 080847.191 INFO             PET1 ESMF_PNETCDF                : disabled
20240909 080847.191 INFO             PET1 ESMF_PIO                    : enabled
20240909 080847.191 INFO             PET1 ESMF_YAMLCPP                : enabled
20240909 080847.191 INFO             PET1  NUMBER_OF_PROCESSORS           4
20240909 080847.191 INFO             PET1  PASS  Example ESMF_VMUserMpiCommMultiEx, ESMF_VMUserMpiCommMultiEx.F90, line 126
20240909 080847.191 INFO             PET1  Finalizing ESMF with endflag==ESMF_END_KEEPMPI
20240909 080847.190 INFO             PET1 !!!!!!!!!!!!!!!!!!!!!!!!!!!!!!!!!!!!!!!!!!!!!!!!!!!!!!
20240909 080847.190 INFO             PET1 !!! THE ESMF_LOG IS SET TO OUTPUT ALL LOG MESSAGES !!!
20240909 080847.190 INFO             PET1 !!!     THIS MAY CAUSE SLOWDOWN IN PERFORMANCE     !!!
20240909 080847.190 INFO             PET1 !!! FOR PRODUCTION RUNS, USE:                      !!!
20240909 080847.190 INFO             PET1 !!!                   ESMF_LOGKIND_Multi_On_Error  !!!
20240909 080847.190 INFO             PET1 !!!!!!!!!!!!!!!!!!!!!!!!!!!!!!!!!!!!!!!!!!!!!!!!!!!!!!
20240909 080847.190 INFO             PET1 Running with ESMF Version   : v8.7.0b13-3-gedb848d90b
20240909 080847.190 INFO             PET1 ESMF library build date/time: "Sep  9 2024" "07:28:11"
20240909 080847.190 INFO             PET1 ESMF library build location : /scratch2/NCEPDEV/stmp1/Gerhard.Theurich/ESMF-Nightly-Testing/intel_2023.2.0_intelmpi_g_develop/esmf
20240909 080847.190 INFO             PET1 ESMF_COMM                   : intelmpi
20240909 080847.191 INFO             PET1 ESMF_MOAB                   : enabled
20240909 080847.191 INFO             PET1 ESMF_LAPACK                 : enabled
20240909 080847.191 INFO             PET1 ESMF_NETCDF                 : enabled
20240909 080847.191 INFO             PET1 ESMF_PNETCDF                : disabled
20240909 080847.191 INFO             PET1 ESMF_PIO                    : enabled
20240909 080847.191 INFO             PET1 ESMF_YAMLCPP                : enabled
20240909 080847.191 INFO             PET1  NUMBER_OF_PROCESSORS           4
20240909 080847.191 INFO             PET1  PASS  Example ESMF_VMUserMpiCommMultiEx, ESMF_VMUserMpiCommMultiEx.F90, line 154
20240909 080847.191 INFO             PET1  Finalizing ESMF with endflag==ESMF_END_KEEPMPI
