2024-10-03 07:57:19
20241003 092505.970 INFO             PET0 !!!!!!!!!!!!!!!!!!!!!!!!!!!!!!!!!!!!!!!!!!!!!!!!!!!!!!
20241003 092505.970 INFO             PET0 !!! THE ESMF_LOG IS SET TO OUTPUT ALL LOG MESSAGES !!!
20241003 092505.970 INFO             PET0 !!!     THIS MAY CAUSE SLOWDOWN IN PERFORMANCE     !!!
20241003 092505.970 INFO             PET0 !!! FOR PRODUCTION RUNS, USE:                      !!!
20241003 092505.970 INFO             PET0 !!!                   ESMF_LOGKIND_Multi_On_Error  !!!
20241003 092505.970 INFO             PET0 !!!!!!!!!!!!!!!!!!!!!!!!!!!!!!!!!!!!!!!!!!!!!!!!!!!!!!
20241003 092505.970 INFO             PET0 Running with ESMF Version   : v8.7.0b14-6-gd29442cb2f
20241003 092505.970 INFO             PET0 ESMF library build date/time: "Oct  3 2024" "07:53:36"
20241003 092505.970 INFO             PET0 ESMF library build location : /scratch2/NCEPDEV/stmp1/Gerhard.Theurich/ESMF-Nightly-Testing/nvhpc_24.1_openmpi_O_release_8.7.0/esmf
20241003 092505.970 INFO             PET0 ESMF_COMM                   : openmpi
20241003 092505.971 INFO             PET0 ESMF_MOAB                   : enabled
20241003 092505.971 INFO             PET0 ESMF_LAPACK                 : enabled
20241003 092505.971 INFO             PET0 ESMF_NETCDF                 : disabled
20241003 092505.971 INFO             PET0 ESMF_PNETCDF                : disabled
20241003 092505.971 INFO             PET0 ESMF_PIO                    : disabled
20241003 092505.971 INFO             PET0 ESMF_YAMLCPP                : enabled
20241003 092505.971 ERROR            PET0 ESMCI_State.C:982 ESMCI::State::read() Library needed by ESMF not present  - Internal subroutine call returned Error
20241003 092505.971 ERROR            PET0 ESMF_StateAPI.cppF90:3446 ESMF_StateRead Library needed by ESMF not present  - Internal subroutine call returned Error
20241003 092505.971 INFO             PET0  NUMBER_OF_PROCESSORS            4
20241003 092505.971 INFO             PET0  PASS  Example ESMF_StateReadWriteEx, ESMF_StateReadWriteEx.F90, line 185
20241003 092505.971 INFO             PET0  Finalizing ESMF
20241003 092505.969 INFO             PET1 !!!!!!!!!!!!!!!!!!!!!!!!!!!!!!!!!!!!!!!!!!!!!!!!!!!!!!
20241003 092505.970 INFO             PET1 !!! THE ESMF_LOG IS SET TO OUTPUT ALL LOG MESSAGES !!!
20241003 092505.970 INFO             PET1 !!!     THIS MAY CAUSE SLOWDOWN IN PERFORMANCE     !!!
20241003 092505.970 INFO             PET1 !!! FOR PRODUCTION RUNS, USE:                      !!!
20241003 092505.970 INFO             PET1 !!!                   ESMF_LOGKIND_Multi_On_Error  !!!
20241003 092505.970 INFO             PET1 !!!!!!!!!!!!!!!!!!!!!!!!!!!!!!!!!!!!!!!!!!!!!!!!!!!!!!
20241003 092505.970 INFO             PET1 Running with ESMF Version   : v8.7.0b14-6-gd29442cb2f
20241003 092505.970 INFO             PET1 ESMF library build date/time: "Oct  3 2024" "07:53:36"
20241003 092505.970 INFO             PET1 ESMF library build location : /scratch2/NCEPDEV/stmp1/Gerhard.Theurich/ESMF-Nightly-Testing/nvhpc_24.1_openmpi_O_release_8.7.0/esmf
20241003 092505.970 INFO             PET1 ESMF_COMM                   : openmpi
20241003 092505.970 INFO             PET1 ESMF_MOAB                   : enabled
20241003 092505.970 INFO             PET1 ESMF_LAPACK                 : enabled
20241003 092505.970 INFO             PET1 ESMF_NETCDF                 : disabled
20241003 092505.970 INFO             PET1 ESMF_PNETCDF                : disabled
20241003 092505.970 INFO             PET1 ESMF_PIO                    : disabled
20241003 092505.970 INFO             PET1 ESMF_YAMLCPP                : enabled
20241003 092505.971 ERROR            PET1 ESMCI_State.C:982 ESMCI::State::read() Library needed by ESMF not present  - Internal subroutine call returned Error
20241003 092505.971 ERROR            PET1 ESMF_StateAPI.cppF90:3446 ESMF_StateRead Library needed by ESMF not present  - Internal subroutine call returned Error
20241003 092505.971 INFO             PET1  NUMBER_OF_PROCESSORS            4
20241003 092505.971 INFO             PET1  PASS  Example ESMF_StateReadWriteEx, ESMF_StateReadWriteEx.F90, line 185
20241003 092505.971 INFO             PET1  Finalizing ESMF
20241003 092505.970 INFO             PET2 !!!!!!!!!!!!!!!!!!!!!!!!!!!!!!!!!!!!!!!!!!!!!!!!!!!!!!
20241003 092505.970 INFO             PET2 !!! THE ESMF_LOG IS SET TO OUTPUT ALL LOG MESSAGES !!!
20241003 092505.970 INFO             PET2 !!!     THIS MAY CAUSE SLOWDOWN IN PERFORMANCE     !!!
20241003 092505.970 INFO             PET2 !!! FOR PRODUCTION RUNS, USE:                      !!!
20241003 092505.970 INFO             PET2 !!!                   ESMF_LOGKIND_Multi_On_Error  !!!
20241003 092505.970 INFO             PET2 !!!!!!!!!!!!!!!!!!!!!!!!!!!!!!!!!!!!!!!!!!!!!!!!!!!!!!
20241003 092505.970 INFO             PET2 Running with ESMF Version   : v8.7.0b14-6-gd29442cb2f
20241003 092505.970 INFO             PET2 ESMF library build date/time: "Oct  3 2024" "07:53:36"
20241003 092505.970 INFO             PET2 ESMF library build location : /scratch2/NCEPDEV/stmp1/Gerhard.Theurich/ESMF-Nightly-Testing/nvhpc_24.1_openmpi_O_release_8.7.0/esmf
20241003 092505.970 INFO             PET2 ESMF_COMM                   : openmpi
20241003 092505.971 INFO             PET2 ESMF_MOAB                   : enabled
20241003 092505.971 INFO             PET2 ESMF_LAPACK                 : enabled
20241003 092505.971 INFO             PET2 ESMF_NETCDF                 : disabled
20241003 092505.971 INFO             PET2 ESMF_PNETCDF                : disabled
20241003 092505.971 INFO             PET2 ESMF_PIO                    : disabled
20241003 092505.971 INFO             PET2 ESMF_YAMLCPP                : enabled
20241003 092505.971 ERROR            PET2 ESMCI_State.C:982 ESMCI::State::read() Library needed by ESMF not present  - Internal subroutine call returned Error
20241003 092505.971 ERROR            PET2 ESMF_StateAPI.cppF90:3446 ESMF_StateRead Library needed by ESMF not present  - Internal subroutine call returned Error
20241003 092505.971 INFO             PET2  NUMBER_OF_PROCESSORS            4
20241003 092505.971 INFO             PET2  PASS  Example ESMF_StateReadWriteEx, ESMF_StateReadWriteEx.F90, line 185
20241003 092505.971 INFO             PET2  Finalizing ESMF
20241003 092505.969 INFO             PET3 !!!!!!!!!!!!!!!!!!!!!!!!!!!!!!!!!!!!!!!!!!!!!!!!!!!!!!
20241003 092505.969 INFO             PET3 !!! THE ESMF_LOG IS SET TO OUTPUT ALL LOG MESSAGES !!!
20241003 092505.969 INFO             PET3 !!!     THIS MAY CAUSE SLOWDOWN IN PERFORMANCE     !!!
20241003 092505.969 INFO             PET3 !!! FOR PRODUCTION RUNS, USE:                      !!!
20241003 092505.969 INFO             PET3 !!!                   ESMF_LOGKIND_Multi_On_Error  !!!
20241003 092505.969 INFO             PET3 !!!!!!!!!!!!!!!!!!!!!!!!!!!!!!!!!!!!!!!!!!!!!!!!!!!!!!
20241003 092505.969 INFO             PET3 Running with ESMF Version   : v8.7.0b14-6-gd29442cb2f
20241003 092505.969 INFO             PET3 ESMF library build date/time: "Oct  3 2024" "07:53:36"
20241003 092505.969 INFO             PET3 ESMF library build location : /scratch2/NCEPDEV/stmp1/Gerhard.Theurich/ESMF-Nightly-Testing/nvhpc_24.1_openmpi_O_release_8.7.0/esmf
20241003 092505.969 INFO             PET3 ESMF_COMM                   : openmpi
20241003 092505.970 INFO             PET3 ESMF_MOAB                   : enabled
20241003 092505.970 INFO             PET3 ESMF_LAPACK                 : enabled
20241003 092505.970 INFO             PET3 ESMF_NETCDF                 : disabled
20241003 092505.970 INFO             PET3 ESMF_PNETCDF                : disabled
20241003 092505.970 INFO             PET3 ESMF_PIO                    : disabled
20241003 092505.970 INFO             PET3 ESMF_YAMLCPP                : enabled
20241003 092505.971 ERROR            PET3 ESMCI_State.C:982 ESMCI::State::read() Library needed by ESMF not present  - Internal subroutine call returned Error
20241003 092505.971 ERROR            PET3 ESMF_StateAPI.cppF90:3446 ESMF_StateRead Library needed by ESMF not present  - Internal subroutine call returned Error
20241003 092505.971 INFO             PET3  NUMBER_OF_PROCESSORS            4
20241003 092505.971 INFO             PET3  PASS  Example ESMF_StateReadWriteEx, ESMF_StateReadWriteEx.F90, line 185
20241003 092505.971 INFO             PET3  Finalizing ESMF
