2024-09-30 07:50:20
20240930 091221.982 INFO             PET0 !!!!!!!!!!!!!!!!!!!!!!!!!!!!!!!!!!!!!!!!!!!!!!!!!!!!!!
20240930 091221.982 INFO             PET0 !!! THE ESMF_LOG IS SET TO OUTPUT ALL LOG MESSAGES !!!
20240930 091221.982 INFO             PET0 !!!     THIS MAY CAUSE SLOWDOWN IN PERFORMANCE     !!!
20240930 091221.982 INFO             PET0 !!! FOR PRODUCTION RUNS, USE:                      !!!
20240930 091221.982 INFO             PET0 !!!                   ESMF_LOGKIND_Multi_On_Error  !!!
20240930 091221.982 INFO             PET0 !!!!!!!!!!!!!!!!!!!!!!!!!!!!!!!!!!!!!!!!!!!!!!!!!!!!!!
20240930 091221.982 INFO             PET0 Running with ESMF Version   : v8.7.0b14-1-g2597b0a993
20240930 091221.982 INFO             PET0 ESMF library build date/time: "Sep 30 2024" "07:45:34"
20240930 091221.982 INFO             PET0 ESMF library build location : /scratch2/NCEPDEV/stmp1/Gerhard.Theurich/ESMF-Nightly-Testing/nvhpc_24.1_openmpi_O_release_8.7.0/esmf
20240930 091221.982 INFO             PET0 ESMF_COMM                   : openmpi
20240930 091221.983 INFO             PET0 ESMF_MOAB                   : enabled
20240930 091221.983 INFO             PET0 ESMF_LAPACK                 : enabled
20240930 091221.983 INFO             PET0 ESMF_NETCDF                 : disabled
20240930 091221.983 INFO             PET0 ESMF_PNETCDF                : disabled
20240930 091221.983 INFO             PET0 ESMF_PIO                    : disabled
20240930 091221.983 INFO             PET0 ESMF_YAMLCPP                : enabled
20240930 091222.081 DEBUG            PET0 about to destroy Grid: 0x1bd2320
20240930 091222.085 DEBUG            PET0 about to destroy Grid: 0x1b94550
20240930 091222.095 INFO             PET0  NUMBER_OF_PROCESSORS            4
20240930 091222.095 INFO             PET0  PASS  Example ESMF_NUOPCAtmModelEx, ESMF_NUOPCAtmModelEx.F90, line 806
20240930 091222.095 INFO             PET0  Finalizing ESMF
20240930 091221.982 INFO             PET1 !!!!!!!!!!!!!!!!!!!!!!!!!!!!!!!!!!!!!!!!!!!!!!!!!!!!!!
20240930 091221.983 INFO             PET1 !!! THE ESMF_LOG IS SET TO OUTPUT ALL LOG MESSAGES !!!
20240930 091221.983 INFO             PET1 !!!     THIS MAY CAUSE SLOWDOWN IN PERFORMANCE     !!!
20240930 091221.983 INFO             PET1 !!! FOR PRODUCTION RUNS, USE:                      !!!
20240930 091221.983 INFO             PET1 !!!                   ESMF_LOGKIND_Multi_On_Error  !!!
20240930 091221.983 INFO             PET1 !!!!!!!!!!!!!!!!!!!!!!!!!!!!!!!!!!!!!!!!!!!!!!!!!!!!!!
20240930 091221.983 INFO             PET1 Running with ESMF Version   : v8.7.0b14-1-g2597b0a993
20240930 091221.983 INFO             PET1 ESMF library build date/time: "Sep 30 2024" "07:45:34"
20240930 091221.983 INFO             PET1 ESMF library build location : /scratch2/NCEPDEV/stmp1/Gerhard.Theurich/ESMF-Nightly-Testing/nvhpc_24.1_openmpi_O_release_8.7.0/esmf
20240930 091221.983 INFO             PET1 ESMF_COMM                   : openmpi
20240930 091221.983 INFO             PET1 ESMF_MOAB                   : enabled
20240930 091221.983 INFO             PET1 ESMF_LAPACK                 : enabled
20240930 091221.983 INFO             PET1 ESMF_NETCDF                 : disabled
20240930 091221.983 INFO             PET1 ESMF_PNETCDF                : disabled
20240930 091221.983 INFO             PET1 ESMF_PIO                    : disabled
20240930 091221.983 INFO             PET1 ESMF_YAMLCPP                : enabled
20240930 091222.081 DEBUG            PET1 about to destroy Grid: 0x1bc7940
20240930 091222.085 DEBUG            PET1 about to destroy Grid: 0x1bc95a0
20240930 091222.095 INFO             PET1  NUMBER_OF_PROCESSORS            4
20240930 091222.095 INFO             PET1  PASS  Example ESMF_NUOPCAtmModelEx, ESMF_NUOPCAtmModelEx.F90, line 806
20240930 091222.095 INFO             PET1  Finalizing ESMF
20240930 091221.982 INFO             PET2 !!!!!!!!!!!!!!!!!!!!!!!!!!!!!!!!!!!!!!!!!!!!!!!!!!!!!!
20240930 091221.982 INFO             PET2 !!! THE ESMF_LOG IS SET TO OUTPUT ALL LOG MESSAGES !!!
20240930 091221.982 INFO             PET2 !!!     THIS MAY CAUSE SLOWDOWN IN PERFORMANCE     !!!
20240930 091221.982 INFO             PET2 !!! FOR PRODUCTION RUNS, USE:                      !!!
20240930 091221.982 INFO             PET2 !!!                   ESMF_LOGKIND_Multi_On_Error  !!!
20240930 091221.982 INFO             PET2 !!!!!!!!!!!!!!!!!!!!!!!!!!!!!!!!!!!!!!!!!!!!!!!!!!!!!!
20240930 091221.982 INFO             PET2 Running with ESMF Version   : v8.7.0b14-1-g2597b0a993
20240930 091221.982 INFO             PET2 ESMF library build date/time: "Sep 30 2024" "07:45:34"
20240930 091221.982 INFO             PET2 ESMF library build location : /scratch2/NCEPDEV/stmp1/Gerhard.Theurich/ESMF-Nightly-Testing/nvhpc_24.1_openmpi_O_release_8.7.0/esmf
20240930 091221.982 INFO             PET2 ESMF_COMM                   : openmpi
20240930 091221.983 INFO             PET2 ESMF_MOAB                   : enabled
20240930 091221.983 INFO             PET2 ESMF_LAPACK                 : enabled
20240930 091221.983 INFO             PET2 ESMF_NETCDF                 : disabled
20240930 091221.983 INFO             PET2 ESMF_PNETCDF                : disabled
20240930 091221.983 INFO             PET2 ESMF_PIO                    : disabled
20240930 091221.983 INFO             PET2 ESMF_YAMLCPP                : enabled
20240930 091222.081 DEBUG            PET2 about to destroy Grid: 0x18af140
20240930 091222.085 DEBUG            PET2 about to destroy Grid: 0x18b04a0
20240930 091222.095 INFO             PET2  NUMBER_OF_PROCESSORS            4
20240930 091222.095 INFO             PET2  PASS  Example ESMF_NUOPCAtmModelEx, ESMF_NUOPCAtmModelEx.F90, line 806
20240930 091222.095 INFO             PET2  Finalizing ESMF
20240930 091221.982 INFO             PET3 !!!!!!!!!!!!!!!!!!!!!!!!!!!!!!!!!!!!!!!!!!!!!!!!!!!!!!
20240930 091221.983 INFO             PET3 !!! THE ESMF_LOG IS SET TO OUTPUT ALL LOG MESSAGES !!!
20240930 091221.983 INFO             PET3 !!!     THIS MAY CAUSE SLOWDOWN IN PERFORMANCE     !!!
20240930 091221.983 INFO             PET3 !!! FOR PRODUCTION RUNS, USE:                      !!!
20240930 091221.983 INFO             PET3 !!!                   ESMF_LOGKIND_Multi_On_Error  !!!
20240930 091221.983 INFO             PET3 !!!!!!!!!!!!!!!!!!!!!!!!!!!!!!!!!!!!!!!!!!!!!!!!!!!!!!
20240930 091221.983 INFO             PET3 Running with ESMF Version   : v8.7.0b14-1-g2597b0a993
20240930 091221.983 INFO             PET3 ESMF library build date/time: "Sep 30 2024" "07:45:34"
20240930 091221.983 INFO             PET3 ESMF library build location : /scratch2/NCEPDEV/stmp1/Gerhard.Theurich/ESMF-Nightly-Testing/nvhpc_24.1_openmpi_O_release_8.7.0/esmf
20240930 091221.983 INFO             PET3 ESMF_COMM                   : openmpi
20240930 091221.983 INFO             PET3 ESMF_MOAB                   : enabled
20240930 091221.983 INFO             PET3 ESMF_LAPACK                 : enabled
20240930 091221.983 INFO             PET3 ESMF_NETCDF                 : disabled
20240930 091221.983 INFO             PET3 ESMF_PNETCDF                : disabled
20240930 091221.983 INFO             PET3 ESMF_PIO                    : disabled
20240930 091221.983 INFO             PET3 ESMF_YAMLCPP                : enabled
20240930 091222.081 DEBUG            PET3 about to destroy Grid: 0x2700700
20240930 091222.085 DEBUG            PET3 about to destroy Grid: 0x2701d30
20240930 091222.095 INFO             PET3  NUMBER_OF_PROCESSORS            4
20240930 091222.095 INFO             PET3  PASS  Example ESMF_NUOPCAtmModelEx, ESMF_NUOPCAtmModelEx.F90, line 806
20240930 091222.095 INFO             PET3  Finalizing ESMF
