/bin/sh: line 1: [: -ge: unary operator expected
/bin/sh: line 1: [: -ge: unary operator expected
make: nc-config: No such file or directory
make: nc-config: No such file or directory
make: nc-config: No such file or directory
make: nc-config: No such file or directory
make: nc-config: No such file or directory
 
--------------------------------------------------------------
ESMF_VERSION_STRING:      8.7.0 beta snapshot
ESMF_VERSION_STRING_GIT: v8.7.0b11
--------------------------------------------------------------
On branch develop
Your branch is up to date with 'origin/develop'.

nothing to commit, working tree clean
--------------------------------------------------------------
 
--------------------------------------------------------------
Make version:
GNU Make 4.3
Built for x86_64-redhat-linux-gnu
Copyright (C) 1988-2020 Free Software Foundation, Inc.
License GPLv3+: GNU GPL version 3 or later <http://gnu.org/licenses/gpl.html>
This is free software: you are free to change and redistribute it.
There is NO WARRANTY, to the extent permitted by law.

--------------------------------------------------------------
CMake version:
cmake version 3.20.2

CMake suite maintained and supported by Kitware (kitware.com/cmake).

--------------------------------------------------------------
Fortran Compiler version:
/bin/sh: line 1: mpiifort: command not found

--------------------------------------------------------------
C++ Compiler version:
/bin/sh: line 1: mpiicpc: command not found

--------------------------------------------------------------
C Compiler version:
/bin/sh: line 1: mpiicc: command not found

--------------------------------------------------------------
Preprocessor version:
gcc (GCC) 11.3.1 20220421 (Red Hat 11.3.1-2)
Copyright (C) 2021 Free Software Foundation, Inc.
This is free software; see the source for copying conditions.  There is NO
warranty; not even for MERCHANTABILITY or FITNESS FOR A PARTICULAR PURPOSE.

--------------------------------------------------------------
/bin/sh: line 1: nc-config: command not found
NetCDF library version: 
/bin/sh: line 1: nf-config: command not found
NetCDF Fortran version: 
 
--------------------------------------------------------------
 * User set ESMF environment variables *
ESMF_BOPT=g
ESMF_COMM=intelmpi
ESMF_COMPILER=intel
ESMF_DIR=/work/noaa/da/mpotts/sandbox/intel_2020.2_intelmpi_g_develop/esmf
ESMF_MPIRUN=mpirun.srun
ESMF_NETCDF=nc-config
ESMF_TESTEXHAUSTIVE=ON
ESMF_TESTWITHTHREADS=ON
 
--------------------------------------------------------------
 * ESMF environment variables *
ESMF_DIR: /work/noaa/da/mpotts/sandbox/intel_2020.2_intelmpi_g_develop/esmf
ESMF_OS:                   Linux
ESMF_MACHINE:              x86_64
ESMF_ABI:                  64
ESMF_COMPILER:             intel
ESMF_BOPT:                 g
ESMF_COMM:                 intelmpi
ESMF_SITE:                 default
ESMF_PTHREADS:             ON
ESMF_OPENMP:               ON
ESMF_OPENACC:              OFF
ESMF_CXXSTD:               11
ESMF_ARRAY_LITE:           FALSE
ESMF_NO_INTEGER_1_BYTE:    TRUE
ESMF_NO_INTEGER_2_BYTE:    TRUE
ESMF_FORTRANSYMBOLS:       default
ESMF_MAPPER_BUILD:         OFF
ESMF_AUTO_LIB_BUILD:       ON
ESMF_DEFER_LIB_BUILD:      ON
ESMF_SHARED_LIB_BUILD:     ON
ESMF_TRACE_LIB_BUILD:      ON
ESMF_TRACE_BUILD_SHARED:   ON
ESMF_TRACE_PRELOAD_LINKED: OFF
ESMF_TESTEXHAUSTIVE:       ON
ESMF_TESTPERFORMANCE:      ON
ESMF_TESTCOMPTUNNEL:       ON
ESMF_TESTWITHTHREADS:      ON
ESMF_TESTMPMD:             OFF
ESMF_TESTSHAREDOBJ:        OFF
ESMF_TESTFORCEOPENMP:      OFF
ESMF_TESTFORCEOPENACC:     OFF
ESMF_TESTHARNESS_ARRAY:    default
ESMF_TESTHARNESS_FIELD:    default
ESMF_MPIRUN:               /work/noaa/da/mpotts/sandbox/intel_2020.2_intelmpi_g_develop/esmf/scripts/mpirun.srun 
 
--------------------------------------------------------------
 * ESMF environment variables pointing to 3rd party software *
ESMF_MOAB:               internal
ESMF_LAPACK:             internal
ESMF_ACC_SOFTWARE_STACK: none
ESMF_NETCDF:             nc-config
ESMF_PIO:                internal
ESMF_PIO_LIBS:           -lpioc
ESMF_YAMLCPP:            internal
 
--------------------------------------------------------------
 * ESMF environment variables for final installation *
ESMF_INSTALL_PREFIX:    ./DEFAULTINSTALLDIR
ESMF_INSTALL_HEADERDIR: include
ESMF_INSTALL_MODDIR:    mod/modg/Linux.intel.64.intelmpi.default
ESMF_INSTALL_LIBDIR:    lib/libg/Linux.intel.64.intelmpi.default
ESMF_INSTALL_BINDIR:    bin/bing/Linux.intel.64.intelmpi.default
ESMF_INSTALL_DOCDIR:    doc
 
--------------------------------------------------------------
 * ESMF Benchmark directory and parameters *
ESMF_BENCHMARK_PREFIX:         ./DEFAULTBENCHMARKDIR
ESMF_BENCHMARK_TOLERANCE:      20%
ESMF_BENCHMARK_THRESHOLD_MSEC: 500
 
--------------------------------------------------------------
 * Other relevant environment variables *
PATH:     /apps/python-3.7.5/bin:/apps/python-3.7.5/bin:/usr/sbin:/usr/bin:/apps/sbin:/apps/bin:/opt/slurm/bin
LD_LIBRARY_PATH: /usr/lib64:/usr/lib:/opt/slurm/lib:/apps/python-3.7.5/lib:/apps/python-3.7.5/lib
LDFLAGS:  
CXXFLAGS: 
FCFLAGS:  
CFLAGS:   
 
--------------------------------------------------------------
 * Compilers, Linkers, Flags, and Libraries *
Location of the preprocessor:      /usr/bin/gcc
/usr/bin/which: no mpiifort in (/apps/python-3.7.5/bin:/apps/python-3.7.5/bin:/usr/sbin:/usr/bin:/apps/sbin:/apps/bin:/opt/slurm/bin)
Location of the Fortran compiler: 
/usr/bin/which: no mpiifort in (/apps/python-3.7.5/bin:/apps/python-3.7.5/bin:/usr/sbin:/usr/bin:/apps/sbin:/apps/bin:/opt/slurm/bin)
Location of the Fortran linker:   
/usr/bin/which: no mpiicpc in (/apps/python-3.7.5/bin:/apps/python-3.7.5/bin:/usr/sbin:/usr/bin:/apps/sbin:/apps/bin:/opt/slurm/bin)
Location of the C++ compiler:     
/usr/bin/which: no mpiicpc in (/apps/python-3.7.5/bin:/apps/python-3.7.5/bin:/usr/sbin:/usr/bin:/apps/sbin:/apps/bin:/opt/slurm/bin)
Location of the C++ linker:       
/usr/bin/which: no mpiicc in (/apps/python-3.7.5/bin:/apps/python-3.7.5/bin:/usr/sbin:/usr/bin:/apps/sbin:/apps/bin:/opt/slurm/bin)
Location of the C compiler:       
/usr/bin/which: no mpiicc in (/apps/python-3.7.5/bin:/apps/python-3.7.5/bin:/usr/sbin:/usr/bin:/apps/sbin:/apps/bin:/opt/slurm/bin)
Location of the C linker:         

Fortran compiler flags:
ESMF_F90COMPILER: mpiifort
ESMF_F90COMPILEOPTS: -g -traceback -check arg_temp_created,bounds,format,output_conversion,stack -fPIC -debug minimal -assume realloc_lhs -m64 -mcmodel=small -pthread -threads -openmp
ESMF_F90COMPILEPATHS: -I/work/noaa/da/mpotts/sandbox/intel_2020.2_intelmpi_g_develop/esmf/mod/modg/Linux.intel.64.intelmpi.default -I/work/noaa/da/mpotts/sandbox/intel_2020.2_intelmpi_g_develop/esmf/src/include 
ESMF_F90COMPILECPPFLAGS: -DESMF_NO_INTEGER_1_BYTE -DESMF_NO_INTEGER_2_BYTE -DESMF_VERSION_STRING_GIT='v8.7.0b11' -DESMF_MOAB=1 -DESMF_LAPACK=1 -DESMF_LAPACK_INTERNAL=1 -DESMF_NO_ACC_SOFTWARE_STACK=1 -DESMF_NETCDF=1 -DESMF_YAMLCPP=1 -DESMF_YAML=1 -DESMF_PIO=1 -DESMF_NO_OPENACC -DESMF_TESTEXHAUSTIVE -DESMF_BOPT_g -DESMF_TESTPERFORMANCE -DESMF_TESTCOMPTUNNEL -DESMF_TESTWITHTHREADS -DSx86_64_small=1 -DESMF_OS_Linux=1 -DESMF_COMM=intelmpi -DESMF_DIR=/work/noaa/da/mpotts/sandbox/intel_2020.2_intelmpi_g_develop/esmf
ESMF_F90COMPILEFREECPP: 
ESMF_F90COMPILEFREENOCPP: 
ESMF_F90COMPILEFIXCPP: 
ESMF_F90COMPILEFIXNOCPP: 

Fortran linker flags:
ESMF_F90LINKOPTS:  -m64 -mcmodel=small -pthread -threads -cxxlib -Wl,--no-as-needed -openmp
ESMF_F90LINKPATHS: -L/work/noaa/da/mpotts/sandbox/intel_2020.2_intelmpi_g_develop/esmf/lib/libg/Linux.intel.64.intelmpi.default 
ESMF_F90LINKRPATHS: -Wl,-rpath,/work/noaa/da/mpotts/sandbox/intel_2020.2_intelmpi_g_develop/esmf/lib/libg/Linux.intel.64.intelmpi.default 
ESMF_F90LINKLIBS: -lrt -ldl -lpioc
ESMF_F90ESMFLINKLIBS: -lesmf -lrt -ldl -lpioc

C++ compiler flags:
ESMF_CXXCOMPILER: mpiicpc
ESMF_CXXCOMPILEOPTS: -std=c++11 -g -traceback -Wcheck -fPIC -debug minimal -m64 -mcmodel=small -pthread -openmp
ESMF_CXXCOMPILEPATHS: -I/work/noaa/da/mpotts/sandbox/intel_2020.2_intelmpi_g_develop/esmf/src/include   -I/work/noaa/da/mpotts/sandbox/intel_2020.2_intelmpi_g_develop/esmf/src/prologue/yaml-cpp/include
ESMF_CXXCOMPILECPPFLAGS: -DESMF_NO_INTEGER_1_BYTE -DESMF_NO_INTEGER_2_BYTE -DESMF_VERSION_STRING_GIT='v8.7.0b11' -DESMF_MOAB=1 -DESMF_LAPACK=1 -DESMF_LAPACK_INTERNAL=1 -DESMF_NO_ACC_SOFTWARE_STACK=1 -DESMF_NETCDF=1 -DESMF_YAMLCPP=1 -DESMF_YAML=1 -DESMF_PIO=1 -DESMF_NO_OPENACC -DESMF_TESTEXHAUSTIVE -DESMF_BOPT_g -DESMF_TESTPERFORMANCE -DESMF_TESTCOMPTUNNEL -DESMF_TESTWITHTHREADS -DSx86_64_small=1 -DESMF_OS_Linux=1 -DESMF_COMM=intelmpi -DESMF_DIR=/work/noaa/da/mpotts/sandbox/intel_2020.2_intelmpi_g_develop/esmf -D__SDIR__='' -DESMF_CXXSTD=11

C++ linker flags:
ESMF_CXXLINKOPTS:  -m64 -mcmodel=small -pthread -Wl,--no-as-needed -openmp
ESMF_CXXLINKPATHS: -L/work/noaa/da/mpotts/sandbox/intel_2020.2_intelmpi_g_develop/esmf/lib/libg/Linux.intel.64.intelmpi.default  -L
ESMF_CXXLINKRPATHS: -Wl,-rpath,/work/noaa/da/mpotts/sandbox/intel_2020.2_intelmpi_g_develop/esmf/lib/libg/Linux.intel.64.intelmpi.default  -Wl,-rpath,
ESMF_CXXLINKLIBS:  -lrt -ldl -lpioc
ESMF_CXXESMFLINKLIBS: -lesmf  -lrt -ldl -lpioc

C compiler flags:
ESMF_CCOMPILER: mpiicc
ESMF_CCOMPILEOPTS: -std=c99 -g -fPIC -debug minimal -openmp
ESMF_CCOMPILEPATHS: -I/work/noaa/da/mpotts/sandbox/intel_2020.2_intelmpi_g_develop/esmf/src/include  
ESMF_CCOMPILECPPFLAGS: -DESMF_NO_INTEGER_1_BYTE -DESMF_NO_INTEGER_2_BYTE -DESMF_VERSION_STRING_GIT='v8.7.0b11' -DESMF_MOAB=1 -DESMF_LAPACK=1 -DESMF_LAPACK_INTERNAL=1 -DESMF_NO_ACC_SOFTWARE_STACK=1 -DESMF_NETCDF=1 -DESMF_YAMLCPP=1 -DESMF_YAML=1 -DESMF_PIO=1 -DESMF_NO_OPENACC -DESMF_TESTEXHAUSTIVE -DESMF_BOPT_g -DESMF_TESTPERFORMANCE -DESMF_TESTCOMPTUNNEL -DESMF_TESTWITHTHREADS -DSx86_64_small=1 -DESMF_OS_Linux=1 -DESMF_COMM=intelmpi -DESMF_DIR=/work/noaa/da/mpotts/sandbox/intel_2020.2_intelmpi_g_develop/esmf -D__SDIR__='' -DESMF_CSTD=99

C linker flags:
ESMF_CLINKOPTS:  -openmp
ESMF_CLINKPATHS: -L/work/noaa/da/mpotts/sandbox/intel_2020.2_intelmpi_g_develop/esmf/lib/libg/Linux.intel.64.intelmpi.default  -L -L/work/noaa/da/mpotts/sandbox/intel_2020.2_intelmpi_g_develop/esmf/lib/libg/Linux.intel.64.intelmpi.default 
ESMF_CLINKRPATHS: -Wl,-rpath,/work/noaa/da/mpotts/sandbox/intel_2020.2_intelmpi_g_develop/esmf/lib/libg/Linux.intel.64.intelmpi.default -Wl,-rpath,/work/noaa/da/mpotts/sandbox/intel_2020.2_intelmpi_g_develop/esmf/lib/libg/Linux.intel.64.intelmpi.default
ESMF_CLINKLIBS:  -lrt -ldl -lpioc -lrt -ldl -lpioc
ESMF_CESMFLINKLIBS: -lesmf  -lrt -ldl -lpioc -lrt -ldl -lpioc

Shared library build:
ESMF_SL_LIBS_TO_MAKE: libesmf
ESMF_SL_SUFFIX:       so
ESMF_SL_LIBLINKER:    mpiicpc
ESMF_SL_LIBOPTS:      -pthread -shared -openmp
ESMF_SL_LIBLIBS:      

ESMF Tracing linker options:
ESMF_TRACE_LDPRELOAD=/work/noaa/da/mpotts/sandbox/intel_2020.2_intelmpi_g_develop/esmf/lib/libg/Linux.intel.64.intelmpi.default/libesmftrace_preload.so
ESMF_TRACE_STATICLINKOPTS=-static -Wl,--wrap=c_esmftrace_notify_wrappers -Wl,--wrap=c_esmftrace_isinitialized -Wl,--wrap=write -Wl,--wrap=writev -Wl,--wrap=pwrite -Wl,--wrap=read -Wl,--wrap=open -Wl,--wrap=MPI_Allgather -Wl,--wrap=MPI_Allgatherv -Wl,--wrap=MPI_Allreduce -Wl,--wrap=MPI_Alltoall -Wl,--wrap=MPI_Alltoallv -Wl,--wrap=MPI_Alltoallw -Wl,--wrap=MPI_Barrier -Wl,--wrap=MPI_Bcast -Wl,--wrap=MPI_Bsend -Wl,--wrap=MPI_Gather -Wl,--wrap=MPI_Gatherv -Wl,--wrap=MPI_Iprobe -Wl,--wrap=MPI_Irecv -Wl,--wrap=MPI_Irsend -Wl,--wrap=MPI_Isend -Wl,--wrap=MPI_Issend -Wl,--wrap=MPI_Probe -Wl,--wrap=MPI_Recv -Wl,--wrap=MPI_Reduce -Wl,--wrap=MPI_Rsend -Wl,--wrap=MPI_Scan -Wl,--wrap=MPI_Scatter -Wl,--wrap=MPI_Scatterv -Wl,--wrap=MPI_Send -Wl,--wrap=MPI_Sendrecv -Wl,--wrap=MPI_Test -Wl,--wrap=MPI_Testall -Wl,--wrap=MPI_Testany -Wl,--wrap=MPI_Testsome -Wl,--wrap=MPI_Wait -Wl,--wrap=MPI_Waitall -Wl,--wrap=MPI_Waitany -Wl,--wrap=MPI_Waitsome -Wl,--wrap=mpi_allgather_ -Wl,--wrap=mpi_allgather__ -Wl,--wrap=mpi_allgatherv_ -Wl,--wrap=mpi_allgatherv__ -Wl,--wrap=mpi_allreduce_ -Wl,--wrap=mpi_allreduce__ -Wl,--wrap=mpi_alltoall_ -Wl,--wrap=mpi_alltoall__ -Wl,--wrap=mpi_alltoallv_ -Wl,--wrap=mpi_alltoallv__ -Wl,--wrap=mpi_alltoallw_ -Wl,--wrap=mpi_alltoallw__ -Wl,--wrap=mpi_barrier_ -Wl,--wrap=mpi_barrier__ -Wl,--wrap=mpi_bcast_ -Wl,--wrap=mpi_bcast__ -Wl,--wrap=mpi_bsend_ -Wl,--wrap=mpi_bsend__ -Wl,--wrap=mpi_exscan_ -Wl,--wrap=mpi_exscan__ -Wl,--wrap=mpi_gather_ -Wl,--wrap=mpi_gather__ -Wl,--wrap=mpi_gatherv_ -Wl,--wrap=mpi_gatherv__ -Wl,--wrap=mpi_iprobe_ -Wl,--wrap=mpi_iprobe__ -Wl,--wrap=mpi_irecv_ -Wl,--wrap=mpi_irecv__ -Wl,--wrap=mpi_irsend_ -Wl,--wrap=mpi_irsend__ -Wl,--wrap=mpi_isend_ -Wl,--wrap=mpi_isend__ -Wl,--wrap=mpi_issend_ -Wl,--wrap=mpi_issend__ -Wl,--wrap=mpi_probe_ -Wl,--wrap=mpi_probe__ -Wl,--wrap=mpi_recv_ -Wl,--wrap=mpi_recv__ -Wl,--wrap=mpi_reduce_ -Wl,--wrap=mpi_reduce__ -Wl,--wrap=mpi_reduce_scatter_ -Wl,--wrap=mpi_reduce_scatter__ -Wl,--wrap=mpi_rsend_ -Wl,--wrap=mpi_rsend__ -Wl,--wrap=mpi_scatter_ -Wl,--wrap=mpi_scatter__ -Wl,--wrap=mpi_scatterv_ -Wl,--wrap=mpi_scatterv__ -Wl,--wrap=mpi_scan_ -Wl,--wrap=mpi_scan__ -Wl,--wrap=mpi_send_ -Wl,--wrap=mpi_send__ -Wl,--wrap=mpi_sendrecv_ -Wl,--wrap=mpi_sendrecv__ -Wl,--wrap=mpi_test_ -Wl,--wrap=mpi_test__ -Wl,--wrap=mpi_testall_ -Wl,--wrap=mpi_testall__ -Wl,--wrap=mpi_testany_ -Wl,--wrap=mpi_testany__ -Wl,--wrap=mpi_testsome_ -Wl,--wrap=mpi_testsome__ -Wl,--wrap=mpi_wait_ -Wl,--wrap=mpi_wait__ -Wl,--wrap=mpi_waitall_ -Wl,--wrap=mpi_waitall__ -Wl,--wrap=mpi_waitany_ -Wl,--wrap=mpi_waitany__
ESMF_TRACE_STATICLINKLIBS=-lesmftrace_static
ESMF_TRACE_DYNAMICLINKLIBS=-lesmftrace_preload
ESMF_F90ESMFPRELOADLINKLIBS=-lesmf -lesmftrace_preload -lrt -ldl -lpioc


--------------------------------------------------------------
Compiling on Wed Aug 14 02:20:53 AM CDT 2024 on orion-10-33
Machine characteristics: Linux orion-10-33 5.14.0-162.23.1.el9_1.x86_64 #1 SMP PREEMPT_DYNAMIC Tue Apr 11 19:09:37 UTC 2023 x86_64 x86_64 x86_64 GNU/Linux
==============================================================
 
make[1]: Entering directory '/work/noaa/da/mpotts/sandbox/intel_2020.2_intelmpi_g_develop/esmf'
/bin/sh: line 1: [: -ge: unary operator expected
/bin/sh: line 1: [: -ge: unary operator expected
Making directory /work/noaa/da/mpotts/sandbox/intel_2020.2_intelmpi_g_develop/esmf/lib/libg/Linux.intel.64.intelmpi.default for library
Making directory /work/noaa/da/mpotts/sandbox/intel_2020.2_intelmpi_g_develop/esmf/src/include for include files
Making directory /work/noaa/da/mpotts/sandbox/intel_2020.2_intelmpi_g_develop/esmf/mod/modg/Linux.intel.64.intelmpi.default for *.mod files
Making directory /work/noaa/da/mpotts/sandbox/intel_2020.2_intelmpi_g_develop/esmf/obj/objg/Linux.intel.64.intelmpi.default for *.o files
cd /work/noaa/da/mpotts/sandbox/intel_2020.2_intelmpi_g_develop/esmf ;\
make ACTION=tree_include tree
make[2]: Entering directory '/work/noaa/da/mpotts/sandbox/intel_2020.2_intelmpi_g_develop/esmf'
/bin/sh: line 1: [: -ge: unary operator expected
/bin/sh: line 1: [: -ge: unary operator expected
tree_include in: /work/noaa/da/mpotts/sandbox/intel_2020.2_intelmpi_g_develop/esmf/src
make[3]: Entering directory '/work/noaa/da/mpotts/sandbox/intel_2020.2_intelmpi_g_develop/esmf/src'
/bin/sh: line 1: [: -ge: unary operator expected
/bin/sh: line 1: [: -ge: unary operator expected
tree_include in: /work/noaa/da/mpotts/sandbox/intel_2020.2_intelmpi_g_develop/esmf/src/prologue
make[4]: Entering directory '/work/noaa/da/mpotts/sandbox/intel_2020.2_intelmpi_g_develop/esmf/src/prologue'
/bin/sh: line 1: [: -ge: unary operator expected
/bin/sh: line 1: [: -ge: unary operator expected
tree_include in: /work/noaa/da/mpotts/sandbox/intel_2020.2_intelmpi_g_develop/esmf/src/prologue/tests
make[5]: Entering directory '/work/noaa/da/mpotts/sandbox/intel_2020.2_intelmpi_g_develop/esmf/src/prologue/tests'
/bin/sh: line 1: [: -ge: unary operator expected
/bin/sh: line 1: [: -ge: unary operator expected
make[5]: Leaving directory '/work/noaa/da/mpotts/sandbox/intel_2020.2_intelmpi_g_develop/esmf/src/prologue/tests'
tree_include in: /work/noaa/da/mpotts/sandbox/intel_2020.2_intelmpi_g_develop/esmf/src/prologue/yaml-cpp
make[5]: Entering directory '/work/noaa/da/mpotts/sandbox/intel_2020.2_intelmpi_g_develop/esmf/src/prologue/yaml-cpp'
/bin/sh: line 1: [: -ge: unary operator expected
/bin/sh: line 1: [: -ge: unary operator expected
tree_include in: /work/noaa/da/mpotts/sandbox/intel_2020.2_intelmpi_g_develop/esmf/src/prologue/yaml-cpp/src
make[6]: Entering directory '/work/noaa/da/mpotts/sandbox/intel_2020.2_intelmpi_g_develop/esmf/src/prologue/yaml-cpp/src'
/bin/sh: line 1: [: -ge: unary operator expected
/bin/sh: line 1: [: -ge: unary operator expected
make[6]: Leaving directory '/work/noaa/da/mpotts/sandbox/intel_2020.2_intelmpi_g_develop/esmf/src/prologue/yaml-cpp/src'
make[5]: Leaving directory '/work/noaa/da/mpotts/sandbox/intel_2020.2_intelmpi_g_develop/esmf/src/prologue/yaml-cpp'
make[4]: Leaving directory '/work/noaa/da/mpotts/sandbox/intel_2020.2_intelmpi_g_develop/esmf/src/prologue'
tree_include in: /work/noaa/da/mpotts/sandbox/intel_2020.2_intelmpi_g_develop/esmf/src/test_harness
make[4]: Entering directory '/work/noaa/da/mpotts/sandbox/intel_2020.2_intelmpi_g_develop/esmf/src/test_harness'
/bin/sh: line 1: [: -ge: unary operator expected
/bin/sh: line 1: [: -ge: unary operator expected
tree_include in: /work/noaa/da/mpotts/sandbox/intel_2020.2_intelmpi_g_develop/esmf/src/test_harness/src
make[5]: Entering directory '/work/noaa/da/mpotts/sandbox/intel_2020.2_intelmpi_g_develop/esmf/src/test_harness/src'
/bin/sh: line 1: [: -ge: unary operator expected
/bin/sh: line 1: [: -ge: unary operator expected
make[5]: Leaving directory '/work/noaa/da/mpotts/sandbox/intel_2020.2_intelmpi_g_develop/esmf/src/test_harness/src'
make[4]: Leaving directory '/work/noaa/da/mpotts/sandbox/intel_2020.2_intelmpi_g_develop/esmf/src/test_harness'
tree_include in: /work/noaa/da/mpotts/sandbox/intel_2020.2_intelmpi_g_develop/esmf/src/Infrastructure
make[4]: Entering directory '/work/noaa/da/mpotts/sandbox/intel_2020.2_intelmpi_g_develop/esmf/src/Infrastructure'
/bin/sh: line 1: [: -ge: unary operator expected
/bin/sh: line 1: [: -ge: unary operator expected
tree_include in: /work/noaa/da/mpotts/sandbox/intel_2020.2_intelmpi_g_develop/esmf/src/Infrastructure/stubs
make[5]: Entering directory '/work/noaa/da/mpotts/sandbox/intel_2020.2_intelmpi_g_develop/esmf/src/Infrastructure/stubs'
/bin/sh: line 1: [: -ge: unary operator expected
/bin/sh: line 1: [: -ge: unary operator expected
tree_include in: /work/noaa/da/mpotts/sandbox/intel_2020.2_intelmpi_g_develop/esmf/src/Infrastructure/stubs/mpiuni
make[6]: Entering directory '/work/noaa/da/mpotts/sandbox/intel_2020.2_intelmpi_g_develop/esmf/src/Infrastructure/stubs/mpiuni'
/bin/sh: line 1: [: -ge: unary operator expected
/bin/sh: line 1: [: -ge: unary operator expected
make[6]: Leaving directory '/work/noaa/da/mpotts/sandbox/intel_2020.2_intelmpi_g_develop/esmf/src/Infrastructure/stubs/mpiuni'
make[5]: Leaving directory '/work/noaa/da/mpotts/sandbox/intel_2020.2_intelmpi_g_develop/esmf/src/Infrastructure/stubs'
tree_include in: /work/noaa/da/mpotts/sandbox/intel_2020.2_intelmpi_g_develop/esmf/src/Infrastructure/Util
make[5]: Entering directory '/work/noaa/da/mpotts/sandbox/intel_2020.2_intelmpi_g_develop/esmf/src/Infrastructure/Util'
/bin/sh: line 1: [: -ge: unary operator expected
/bin/sh: line 1: [: -ge: unary operator expected
tree_include in: /work/noaa/da/mpotts/sandbox/intel_2020.2_intelmpi_g_develop/esmf/src/Infrastructure/Util/src
make[6]: Entering directory '/work/noaa/da/mpotts/sandbox/intel_2020.2_intelmpi_g_develop/esmf/src/Infrastructure/Util/src'
/bin/sh: line 1: [: -ge: unary operator expected
/bin/sh: line 1: [: -ge: unary operator expected
make[6]: Leaving directory '/work/noaa/da/mpotts/sandbox/intel_2020.2_intelmpi_g_develop/esmf/src/Infrastructure/Util/src'
tree_include in: /work/noaa/da/mpotts/sandbox/intel_2020.2_intelmpi_g_develop/esmf/src/Infrastructure/Util/interface
make[6]: Entering directory '/work/noaa/da/mpotts/sandbox/intel_2020.2_intelmpi_g_develop/esmf/src/Infrastructure/Util/interface'
/bin/sh: line 1: [: -ge: unary operator expected
/bin/sh: line 1: [: -ge: unary operator expected
make[6]: Leaving directory '/work/noaa/da/mpotts/sandbox/intel_2020.2_intelmpi_g_develop/esmf/src/Infrastructure/Util/interface'
tree_include in: /work/noaa/da/mpotts/sandbox/intel_2020.2_intelmpi_g_develop/esmf/src/Infrastructure/Util/tests
make[6]: Entering directory '/work/noaa/da/mpotts/sandbox/intel_2020.2_intelmpi_g_develop/esmf/src/Infrastructure/Util/tests'
/bin/sh: line 1: [: -ge: unary operator expected
/bin/sh: line 1: [: -ge: unary operator expected
make[6]: Leaving directory '/work/noaa/da/mpotts/sandbox/intel_2020.2_intelmpi_g_develop/esmf/src/Infrastructure/Util/tests'
tree_include in: /work/noaa/da/mpotts/sandbox/intel_2020.2_intelmpi_g_develop/esmf/src/Infrastructure/Util/examples
make[6]: Entering directory '/work/noaa/da/mpotts/sandbox/intel_2020.2_intelmpi_g_develop/esmf/src/Infrastructure/Util/examples'
/bin/sh: line 1: [: -ge: unary operator expected
/bin/sh: line 1: [: -ge: unary operator expected
make[6]: Leaving directory '/work/noaa/da/mpotts/sandbox/intel_2020.2_intelmpi_g_develop/esmf/src/Infrastructure/Util/examples'
tree_include in: /work/noaa/da/mpotts/sandbox/intel_2020.2_intelmpi_g_develop/esmf/src/Infrastructure/Util/doc
make[6]: Entering directory '/work/noaa/da/mpotts/sandbox/intel_2020.2_intelmpi_g_develop/esmf/src/Infrastructure/Util/doc'
/bin/sh: line 1: [: -ge: unary operator expected
/bin/sh: line 1: [: -ge: unary operator expected
make[6]: Leaving directory '/work/noaa/da/mpotts/sandbox/intel_2020.2_intelmpi_g_develop/esmf/src/Infrastructure/Util/doc'
make[5]: Leaving directory '/work/noaa/da/mpotts/sandbox/intel_2020.2_intelmpi_g_develop/esmf/src/Infrastructure/Util'
tree_include in: /work/noaa/da/mpotts/sandbox/intel_2020.2_intelmpi_g_develop/esmf/src/Infrastructure/LogErr
make[5]: Entering directory '/work/noaa/da/mpotts/sandbox/intel_2020.2_intelmpi_g_develop/esmf/src/Infrastructure/LogErr'
/bin/sh: line 1: [: -ge: unary operator expected
/bin/sh: line 1: [: -ge: unary operator expected
tree_include in: /work/noaa/da/mpotts/sandbox/intel_2020.2_intelmpi_g_develop/esmf/src/Infrastructure/LogErr/src
make[6]: Entering directory '/work/noaa/da/mpotts/sandbox/intel_2020.2_intelmpi_g_develop/esmf/src/Infrastructure/LogErr/src'
/bin/sh: line 1: [: -ge: unary operator expected
/bin/sh: line 1: [: -ge: unary operator expected
make[6]: Leaving directory '/work/noaa/da/mpotts/sandbox/intel_2020.2_intelmpi_g_develop/esmf/src/Infrastructure/LogErr/src'
tree_include in: /work/noaa/da/mpotts/sandbox/intel_2020.2_intelmpi_g_develop/esmf/src/Infrastructure/LogErr/interface
make[6]: Entering directory '/work/noaa/da/mpotts/sandbox/intel_2020.2_intelmpi_g_develop/esmf/src/Infrastructure/LogErr/interface'
/bin/sh: line 1: [: -ge: unary operator expected
/bin/sh: line 1: [: -ge: unary operator expected
make[6]: Leaving directory '/work/noaa/da/mpotts/sandbox/intel_2020.2_intelmpi_g_develop/esmf/src/Infrastructure/LogErr/interface'
tree_include in: /work/noaa/da/mpotts/sandbox/intel_2020.2_intelmpi_g_develop/esmf/src/Infrastructure/LogErr/examples
make[6]: Entering directory '/work/noaa/da/mpotts/sandbox/intel_2020.2_intelmpi_g_develop/esmf/src/Infrastructure/LogErr/examples'
/bin/sh: line 1: [: -ge: unary operator expected
/bin/sh: line 1: [: -ge: unary operator expected
make[6]: Leaving directory '/work/noaa/da/mpotts/sandbox/intel_2020.2_intelmpi_g_develop/esmf/src/Infrastructure/LogErr/examples'
tree_include in: /work/noaa/da/mpotts/sandbox/intel_2020.2_intelmpi_g_develop/esmf/src/Infrastructure/LogErr/doc
make[6]: Entering directory '/work/noaa/da/mpotts/sandbox/intel_2020.2_intelmpi_g_develop/esmf/src/Infrastructure/LogErr/doc'
/bin/sh: line 1: [: -ge: unary operator expected
/bin/sh: line 1: [: -ge: unary operator expected
make[6]: Leaving directory '/work/noaa/da/mpotts/sandbox/intel_2020.2_intelmpi_g_develop/esmf/src/Infrastructure/LogErr/doc'
tree_include in: /work/noaa/da/mpotts/sandbox/intel_2020.2_intelmpi_g_develop/esmf/src/Infrastructure/LogErr/tests
make[6]: Entering directory '/work/noaa/da/mpotts/sandbox/intel_2020.2_intelmpi_g_develop/esmf/src/Infrastructure/LogErr/tests'
/bin/sh: line 1: [: -ge: unary operator expected
/bin/sh: line 1: [: -ge: unary operator expected
make[6]: Leaving directory '/work/noaa/da/mpotts/sandbox/intel_2020.2_intelmpi_g_develop/esmf/src/Infrastructure/LogErr/tests'
make[5]: Leaving directory '/work/noaa/da/mpotts/sandbox/intel_2020.2_intelmpi_g_develop/esmf/src/Infrastructure/LogErr'
tree_include in: /work/noaa/da/mpotts/sandbox/intel_2020.2_intelmpi_g_develop/esmf/src/Infrastructure/VM
make[5]: Entering directory '/work/noaa/da/mpotts/sandbox/intel_2020.2_intelmpi_g_develop/esmf/src/Infrastructure/VM'
/bin/sh: line 1: [: -ge: unary operator expected
/bin/sh: line 1: [: -ge: unary operator expected
tree_include in: /work/noaa/da/mpotts/sandbox/intel_2020.2_intelmpi_g_develop/esmf/src/Infrastructure/VM/src
make[6]: Entering directory '/work/noaa/da/mpotts/sandbox/intel_2020.2_intelmpi_g_develop/esmf/src/Infrastructure/VM/src'
/bin/sh: line 1: [: -ge: unary operator expected
/bin/sh: line 1: [: -ge: unary operator expected
tree_include in: /work/noaa/da/mpotts/sandbox/intel_2020.2_intelmpi_g_develop/esmf/src/Infrastructure/VM/src/acc
make[7]: Entering directory '/work/noaa/da/mpotts/sandbox/intel_2020.2_intelmpi_g_develop/esmf/src/Infrastructure/VM/src/acc'
/bin/sh: line 1: [: -ge: unary operator expected
/bin/sh: line 1: [: -ge: unary operator expected
make[7]: Leaving directory '/work/noaa/da/mpotts/sandbox/intel_2020.2_intelmpi_g_develop/esmf/src/Infrastructure/VM/src/acc'
make[6]: Leaving directory '/work/noaa/da/mpotts/sandbox/intel_2020.2_intelmpi_g_develop/esmf/src/Infrastructure/VM/src'
tree_include in: /work/noaa/da/mpotts/sandbox/intel_2020.2_intelmpi_g_develop/esmf/src/Infrastructure/VM/interface
make[6]: Entering directory '/work/noaa/da/mpotts/sandbox/intel_2020.2_intelmpi_g_develop/esmf/src/Infrastructure/VM/interface'
/bin/sh: line 1: [: -ge: unary operator expected
/bin/sh: line 1: [: -ge: unary operator expected
make[6]: Leaving directory '/work/noaa/da/mpotts/sandbox/intel_2020.2_intelmpi_g_develop/esmf/src/Infrastructure/VM/interface'
tree_include in: /work/noaa/da/mpotts/sandbox/intel_2020.2_intelmpi_g_develop/esmf/src/Infrastructure/VM/doc
make[6]: Entering directory '/work/noaa/da/mpotts/sandbox/intel_2020.2_intelmpi_g_develop/esmf/src/Infrastructure/VM/doc'
/bin/sh: line 1: [: -ge: unary operator expected
/bin/sh: line 1: [: -ge: unary operator expected
make[6]: Leaving directory '/work/noaa/da/mpotts/sandbox/intel_2020.2_intelmpi_g_develop/esmf/src/Infrastructure/VM/doc'
tree_include in: /work/noaa/da/mpotts/sandbox/intel_2020.2_intelmpi_g_develop/esmf/src/Infrastructure/VM/examples
make[6]: Entering directory '/work/noaa/da/mpotts/sandbox/intel_2020.2_intelmpi_g_develop/esmf/src/Infrastructure/VM/examples'
/bin/sh: line 1: [: -ge: unary operator expected
/bin/sh: line 1: [: -ge: unary operator expected
make[6]: Leaving directory '/work/noaa/da/mpotts/sandbox/intel_2020.2_intelmpi_g_develop/esmf/src/Infrastructure/VM/examples'
tree_include in: /work/noaa/da/mpotts/sandbox/intel_2020.2_intelmpi_g_develop/esmf/src/Infrastructure/VM/tests
make[6]: Entering directory '/work/noaa/da/mpotts/sandbox/intel_2020.2_intelmpi_g_develop/esmf/src/Infrastructure/VM/tests'
/bin/sh: line 1: [: -ge: unary operator expected
/bin/sh: line 1: [: -ge: unary operator expected
make[6]: Leaving directory '/work/noaa/da/mpotts/sandbox/intel_2020.2_intelmpi_g_develop/esmf/src/Infrastructure/VM/tests'
make[5]: Leaving directory '/work/noaa/da/mpotts/sandbox/intel_2020.2_intelmpi_g_develop/esmf/src/Infrastructure/VM'
tree_include in: /work/noaa/da/mpotts/sandbox/intel_2020.2_intelmpi_g_develop/esmf/src/Infrastructure/Trace
make[5]: Entering directory '/work/noaa/da/mpotts/sandbox/intel_2020.2_intelmpi_g_develop/esmf/src/Infrastructure/Trace'
/bin/sh: line 1: [: -ge: unary operator expected
/bin/sh: line 1: [: -ge: unary operator expected
tree_include in: /work/noaa/da/mpotts/sandbox/intel_2020.2_intelmpi_g_develop/esmf/src/Infrastructure/Trace/src
make[6]: Entering directory '/work/noaa/da/mpotts/sandbox/intel_2020.2_intelmpi_g_develop/esmf/src/Infrastructure/Trace/src'
/bin/sh: line 1: [: -ge: unary operator expected
/bin/sh: line 1: [: -ge: unary operator expected
make[6]: Leaving directory '/work/noaa/da/mpotts/sandbox/intel_2020.2_intelmpi_g_develop/esmf/src/Infrastructure/Trace/src'
tree_include in: /work/noaa/da/mpotts/sandbox/intel_2020.2_intelmpi_g_develop/esmf/src/Infrastructure/Trace/interface
make[6]: Entering directory '/work/noaa/da/mpotts/sandbox/intel_2020.2_intelmpi_g_develop/esmf/src/Infrastructure/Trace/interface'
/bin/sh: line 1: [: -ge: unary operator expected
/bin/sh: line 1: [: -ge: unary operator expected
make[6]: Leaving directory '/work/noaa/da/mpotts/sandbox/intel_2020.2_intelmpi_g_develop/esmf/src/Infrastructure/Trace/interface'
tree_include in: /work/noaa/da/mpotts/sandbox/intel_2020.2_intelmpi_g_develop/esmf/src/Infrastructure/Trace/tests
make[6]: Entering directory '/work/noaa/da/mpotts/sandbox/intel_2020.2_intelmpi_g_develop/esmf/src/Infrastructure/Trace/tests'
/bin/sh: line 1: [: -ge: unary operator expected
/bin/sh: line 1: [: -ge: unary operator expected
make[6]: Leaving directory '/work/noaa/da/mpotts/sandbox/intel_2020.2_intelmpi_g_develop/esmf/src/Infrastructure/Trace/tests'
tree_include in: /work/noaa/da/mpotts/sandbox/intel_2020.2_intelmpi_g_develop/esmf/src/Infrastructure/Trace/doc
make[6]: Entering directory '/work/noaa/da/mpotts/sandbox/intel_2020.2_intelmpi_g_develop/esmf/src/Infrastructure/Trace/doc'
/bin/sh: line 1: [: -ge: unary operator expected
/bin/sh: line 1: [: -ge: unary operator expected
make[6]: Leaving directory '/work/noaa/da/mpotts/sandbox/intel_2020.2_intelmpi_g_develop/esmf/src/Infrastructure/Trace/doc'
tree_include in: /work/noaa/da/mpotts/sandbox/intel_2020.2_intelmpi_g_develop/esmf/src/Infrastructure/Trace/examples
make[6]: Entering directory '/work/noaa/da/mpotts/sandbox/intel_2020.2_intelmpi_g_develop/esmf/src/Infrastructure/Trace/examples'
/bin/sh: line 1: [: -ge: unary operator expected
/bin/sh: line 1: [: -ge: unary operator expected
make[6]: Leaving directory '/work/noaa/da/mpotts/sandbox/intel_2020.2_intelmpi_g_develop/esmf/src/Infrastructure/Trace/examples'
make[5]: Leaving directory '/work/noaa/da/mpotts/sandbox/intel_2020.2_intelmpi_g_develop/esmf/src/Infrastructure/Trace'
tree_include in: /work/noaa/da/mpotts/sandbox/intel_2020.2_intelmpi_g_develop/esmf/src/Infrastructure/HConfig
make[5]: Entering directory '/work/noaa/da/mpotts/sandbox/intel_2020.2_intelmpi_g_develop/esmf/src/Infrastructure/HConfig'
/bin/sh: line 1: [: -ge: unary operator expected
/bin/sh: line 1: [: -ge: unary operator expected
tree_include in: /work/noaa/da/mpotts/sandbox/intel_2020.2_intelmpi_g_develop/esmf/src/Infrastructure/HConfig/src
make[6]: Entering directory '/work/noaa/da/mpotts/sandbox/intel_2020.2_intelmpi_g_develop/esmf/src/Infrastructure/HConfig/src'
/bin/sh: line 1: [: -ge: unary operator expected
/bin/sh: line 1: [: -ge: unary operator expected
make[6]: Leaving directory '/work/noaa/da/mpotts/sandbox/intel_2020.2_intelmpi_g_develop/esmf/src/Infrastructure/HConfig/src'
tree_include in: /work/noaa/da/mpotts/sandbox/intel_2020.2_intelmpi_g_develop/esmf/src/Infrastructure/HConfig/interface
make[6]: Entering directory '/work/noaa/da/mpotts/sandbox/intel_2020.2_intelmpi_g_develop/esmf/src/Infrastructure/HConfig/interface'
/bin/sh: line 1: [: -ge: unary operator expected
/bin/sh: line 1: [: -ge: unary operator expected
make[6]: Leaving directory '/work/noaa/da/mpotts/sandbox/intel_2020.2_intelmpi_g_develop/esmf/src/Infrastructure/HConfig/interface'
tree_include in: /work/noaa/da/mpotts/sandbox/intel_2020.2_intelmpi_g_develop/esmf/src/Infrastructure/HConfig/tests
make[6]: Entering directory '/work/noaa/da/mpotts/sandbox/intel_2020.2_intelmpi_g_develop/esmf/src/Infrastructure/HConfig/tests'
/bin/sh: line 1: [: -ge: unary operator expected
/bin/sh: line 1: [: -ge: unary operator expected
make[6]: Leaving directory '/work/noaa/da/mpotts/sandbox/intel_2020.2_intelmpi_g_develop/esmf/src/Infrastructure/HConfig/tests'
tree_include in: /work/noaa/da/mpotts/sandbox/intel_2020.2_intelmpi_g_develop/esmf/src/Infrastructure/HConfig/examples
make[6]: Entering directory '/work/noaa/da/mpotts/sandbox/intel_2020.2_intelmpi_g_develop/esmf/src/Infrastructure/HConfig/examples'
/bin/sh: line 1: [: -ge: unary operator expected
/bin/sh: line 1: [: -ge: unary operator expected
make[6]: Leaving directory '/work/noaa/da/mpotts/sandbox/intel_2020.2_intelmpi_g_develop/esmf/src/Infrastructure/HConfig/examples'
tree_include in: /work/noaa/da/mpotts/sandbox/intel_2020.2_intelmpi_g_develop/esmf/src/Infrastructure/HConfig/doc
make[6]: Entering directory '/work/noaa/da/mpotts/sandbox/intel_2020.2_intelmpi_g_develop/esmf/src/Infrastructure/HConfig/doc'
/bin/sh: line 1: [: -ge: unary operator expected
/bin/sh: line 1: [: -ge: unary operator expected
make[6]: Leaving directory '/work/noaa/da/mpotts/sandbox/intel_2020.2_intelmpi_g_develop/esmf/src/Infrastructure/HConfig/doc'
make[5]: Leaving directory '/work/noaa/da/mpotts/sandbox/intel_2020.2_intelmpi_g_develop/esmf/src/Infrastructure/HConfig'
tree_include in: /work/noaa/da/mpotts/sandbox/intel_2020.2_intelmpi_g_develop/esmf/src/Infrastructure/Base
make[5]: Entering directory '/work/noaa/da/mpotts/sandbox/intel_2020.2_intelmpi_g_develop/esmf/src/Infrastructure/Base'
/bin/sh: line 1: [: -ge: unary operator expected
/bin/sh: line 1: [: -ge: unary operator expected
tree_include in: /work/noaa/da/mpotts/sandbox/intel_2020.2_intelmpi_g_develop/esmf/src/Infrastructure/Base/src
make[6]: Entering directory '/work/noaa/da/mpotts/sandbox/intel_2020.2_intelmpi_g_develop/esmf/src/Infrastructure/Base/src'
/bin/sh: line 1: [: -ge: unary operator expected
/bin/sh: line 1: [: -ge: unary operator expected
make[6]: Leaving directory '/work/noaa/da/mpotts/sandbox/intel_2020.2_intelmpi_g_develop/esmf/src/Infrastructure/Base/src'
tree_include in: /work/noaa/da/mpotts/sandbox/intel_2020.2_intelmpi_g_develop/esmf/src/Infrastructure/Base/interface
make[6]: Entering directory '/work/noaa/da/mpotts/sandbox/intel_2020.2_intelmpi_g_develop/esmf/src/Infrastructure/Base/interface'
/bin/sh: line 1: [: -ge: unary operator expected
/bin/sh: line 1: [: -ge: unary operator expected
make[6]: Leaving directory '/work/noaa/da/mpotts/sandbox/intel_2020.2_intelmpi_g_develop/esmf/src/Infrastructure/Base/interface'
tree_include in: /work/noaa/da/mpotts/sandbox/intel_2020.2_intelmpi_g_develop/esmf/src/Infrastructure/Base/tests
make[6]: Entering directory '/work/noaa/da/mpotts/sandbox/intel_2020.2_intelmpi_g_develop/esmf/src/Infrastructure/Base/tests'
/bin/sh: line 1: [: -ge: unary operator expected
/bin/sh: line 1: [: -ge: unary operator expected
make[6]: Leaving directory '/work/noaa/da/mpotts/sandbox/intel_2020.2_intelmpi_g_develop/esmf/src/Infrastructure/Base/tests'
tree_include in: /work/noaa/da/mpotts/sandbox/intel_2020.2_intelmpi_g_develop/esmf/src/Infrastructure/Base/examples
make[6]: Entering directory '/work/noaa/da/mpotts/sandbox/intel_2020.2_intelmpi_g_develop/esmf/src/Infrastructure/Base/examples'
/bin/sh: line 1: [: -ge: unary operator expected
/bin/sh: line 1: [: -ge: unary operator expected
make[6]: Leaving directory '/work/noaa/da/mpotts/sandbox/intel_2020.2_intelmpi_g_develop/esmf/src/Infrastructure/Base/examples'
tree_include in: /work/noaa/da/mpotts/sandbox/intel_2020.2_intelmpi_g_develop/esmf/src/Infrastructure/Base/doc
make[6]: Entering directory '/work/noaa/da/mpotts/sandbox/intel_2020.2_intelmpi_g_develop/esmf/src/Infrastructure/Base/doc'
/bin/sh: line 1: [: -ge: unary operator expected
/bin/sh: line 1: [: -ge: unary operator expected
make[6]: Leaving directory '/work/noaa/da/mpotts/sandbox/intel_2020.2_intelmpi_g_develop/esmf/src/Infrastructure/Base/doc'
make[5]: Leaving directory '/work/noaa/da/mpotts/sandbox/intel_2020.2_intelmpi_g_develop/esmf/src/Infrastructure/Base'
tree_include in: /work/noaa/da/mpotts/sandbox/intel_2020.2_intelmpi_g_develop/esmf/src/Infrastructure/TimeMgr
make[5]: Entering directory '/work/noaa/da/mpotts/sandbox/intel_2020.2_intelmpi_g_develop/esmf/src/Infrastructure/TimeMgr'
/bin/sh: line 1: [: -ge: unary operator expected
/bin/sh: line 1: [: -ge: unary operator expected
tree_include in: /work/noaa/da/mpotts/sandbox/intel_2020.2_intelmpi_g_develop/esmf/src/Infrastructure/TimeMgr/src
make[6]: Entering directory '/work/noaa/da/mpotts/sandbox/intel_2020.2_intelmpi_g_develop/esmf/src/Infrastructure/TimeMgr/src'
/bin/sh: line 1: [: -ge: unary operator expected
/bin/sh: line 1: [: -ge: unary operator expected
make[6]: Leaving directory '/work/noaa/da/mpotts/sandbox/intel_2020.2_intelmpi_g_develop/esmf/src/Infrastructure/TimeMgr/src'
tree_include in: /work/noaa/da/mpotts/sandbox/intel_2020.2_intelmpi_g_develop/esmf/src/Infrastructure/TimeMgr/interface
make[6]: Entering directory '/work/noaa/da/mpotts/sandbox/intel_2020.2_intelmpi_g_develop/esmf/src/Infrastructure/TimeMgr/interface'
/bin/sh: line 1: [: -ge: unary operator expected
/bin/sh: line 1: [: -ge: unary operator expected
make[6]: Leaving directory '/work/noaa/da/mpotts/sandbox/intel_2020.2_intelmpi_g_develop/esmf/src/Infrastructure/TimeMgr/interface'
tree_include in: /work/noaa/da/mpotts/sandbox/intel_2020.2_intelmpi_g_develop/esmf/src/Infrastructure/TimeMgr/examples
make[6]: Entering directory '/work/noaa/da/mpotts/sandbox/intel_2020.2_intelmpi_g_develop/esmf/src/Infrastructure/TimeMgr/examples'
/bin/sh: line 1: [: -ge: unary operator expected
/bin/sh: line 1: [: -ge: unary operator expected
make[6]: Leaving directory '/work/noaa/da/mpotts/sandbox/intel_2020.2_intelmpi_g_develop/esmf/src/Infrastructure/TimeMgr/examples'
tree_include in: /work/noaa/da/mpotts/sandbox/intel_2020.2_intelmpi_g_develop/esmf/src/Infrastructure/TimeMgr/tests
make[6]: Entering directory '/work/noaa/da/mpotts/sandbox/intel_2020.2_intelmpi_g_develop/esmf/src/Infrastructure/TimeMgr/tests'
/bin/sh: line 1: [: -ge: unary operator expected
/bin/sh: line 1: [: -ge: unary operator expected
make[6]: Leaving directory '/work/noaa/da/mpotts/sandbox/intel_2020.2_intelmpi_g_develop/esmf/src/Infrastructure/TimeMgr/tests'
tree_include in: /work/noaa/da/mpotts/sandbox/intel_2020.2_intelmpi_g_develop/esmf/src/Infrastructure/TimeMgr/doc
make[6]: Entering directory '/work/noaa/da/mpotts/sandbox/intel_2020.2_intelmpi_g_develop/esmf/src/Infrastructure/TimeMgr/doc'
/bin/sh: line 1: [: -ge: unary operator expected
/bin/sh: line 1: [: -ge: unary operator expected
make[6]: Leaving directory '/work/noaa/da/mpotts/sandbox/intel_2020.2_intelmpi_g_develop/esmf/src/Infrastructure/TimeMgr/doc'
make[5]: Leaving directory '/work/noaa/da/mpotts/sandbox/intel_2020.2_intelmpi_g_develop/esmf/src/Infrastructure/TimeMgr'
tree_include in: /work/noaa/da/mpotts/sandbox/intel_2020.2_intelmpi_g_develop/esmf/src/Infrastructure/DELayout
make[5]: Entering directory '/work/noaa/da/mpotts/sandbox/intel_2020.2_intelmpi_g_develop/esmf/src/Infrastructure/DELayout'
/bin/sh: line 1: [: -ge: unary operator expected
/bin/sh: line 1: [: -ge: unary operator expected
tree_include in: /work/noaa/da/mpotts/sandbox/intel_2020.2_intelmpi_g_develop/esmf/src/Infrastructure/DELayout/src
make[6]: Entering directory '/work/noaa/da/mpotts/sandbox/intel_2020.2_intelmpi_g_develop/esmf/src/Infrastructure/DELayout/src'
/bin/sh: line 1: [: -ge: unary operator expected
/bin/sh: line 1: [: -ge: unary operator expected
make[6]: Leaving directory '/work/noaa/da/mpotts/sandbox/intel_2020.2_intelmpi_g_develop/esmf/src/Infrastructure/DELayout/src'
tree_include in: /work/noaa/da/mpotts/sandbox/intel_2020.2_intelmpi_g_develop/esmf/src/Infrastructure/DELayout/interface
make[6]: Entering directory '/work/noaa/da/mpotts/sandbox/intel_2020.2_intelmpi_g_develop/esmf/src/Infrastructure/DELayout/interface'
/bin/sh: line 1: [: -ge: unary operator expected
/bin/sh: line 1: [: -ge: unary operator expected
make[6]: Leaving directory '/work/noaa/da/mpotts/sandbox/intel_2020.2_intelmpi_g_develop/esmf/src/Infrastructure/DELayout/interface'
tree_include in: /work/noaa/da/mpotts/sandbox/intel_2020.2_intelmpi_g_develop/esmf/src/Infrastructure/DELayout/tests
make[6]: Entering directory '/work/noaa/da/mpotts/sandbox/intel_2020.2_intelmpi_g_develop/esmf/src/Infrastructure/DELayout/tests'
/bin/sh: line 1: [: -ge: unary operator expected
/bin/sh: line 1: [: -ge: unary operator expected
make[6]: Leaving directory '/work/noaa/da/mpotts/sandbox/intel_2020.2_intelmpi_g_develop/esmf/src/Infrastructure/DELayout/tests'
tree_include in: /work/noaa/da/mpotts/sandbox/intel_2020.2_intelmpi_g_develop/esmf/src/Infrastructure/DELayout/examples
make[6]: Entering directory '/work/noaa/da/mpotts/sandbox/intel_2020.2_intelmpi_g_develop/esmf/src/Infrastructure/DELayout/examples'
/bin/sh: line 1: [: -ge: unary operator expected
/bin/sh: line 1: [: -ge: unary operator expected
make[6]: Leaving directory '/work/noaa/da/mpotts/sandbox/intel_2020.2_intelmpi_g_develop/esmf/src/Infrastructure/DELayout/examples'
tree_include in: /work/noaa/da/mpotts/sandbox/intel_2020.2_intelmpi_g_develop/esmf/src/Infrastructure/DELayout/doc
make[6]: Entering directory '/work/noaa/da/mpotts/sandbox/intel_2020.2_intelmpi_g_develop/esmf/src/Infrastructure/DELayout/doc'
/bin/sh: line 1: [: -ge: unary operator expected
/bin/sh: line 1: [: -ge: unary operator expected
make[6]: Leaving directory '/work/noaa/da/mpotts/sandbox/intel_2020.2_intelmpi_g_develop/esmf/src/Infrastructure/DELayout/doc'
make[5]: Leaving directory '/work/noaa/da/mpotts/sandbox/intel_2020.2_intelmpi_g_develop/esmf/src/Infrastructure/DELayout'
tree_include in: /work/noaa/da/mpotts/sandbox/intel_2020.2_intelmpi_g_develop/esmf/src/Infrastructure/Config
make[5]: Entering directory '/work/noaa/da/mpotts/sandbox/intel_2020.2_intelmpi_g_develop/esmf/src/Infrastructure/Config'
/bin/sh: line 1: [: -ge: unary operator expected
/bin/sh: line 1: [: -ge: unary operator expected
tree_include in: /work/noaa/da/mpotts/sandbox/intel_2020.2_intelmpi_g_develop/esmf/src/Infrastructure/Config/src
make[6]: Entering directory '/work/noaa/da/mpotts/sandbox/intel_2020.2_intelmpi_g_develop/esmf/src/Infrastructure/Config/src'
/bin/sh: line 1: [: -ge: unary operator expected
/bin/sh: line 1: [: -ge: unary operator expected
make[6]: Leaving directory '/work/noaa/da/mpotts/sandbox/intel_2020.2_intelmpi_g_develop/esmf/src/Infrastructure/Config/src'
tree_include in: /work/noaa/da/mpotts/sandbox/intel_2020.2_intelmpi_g_develop/esmf/src/Infrastructure/Config/interface
make[6]: Entering directory '/work/noaa/da/mpotts/sandbox/intel_2020.2_intelmpi_g_develop/esmf/src/Infrastructure/Config/interface'
/bin/sh: line 1: [: -ge: unary operator expected
/bin/sh: line 1: [: -ge: unary operator expected
make[6]: Leaving directory '/work/noaa/da/mpotts/sandbox/intel_2020.2_intelmpi_g_develop/esmf/src/Infrastructure/Config/interface'
tree_include in: /work/noaa/da/mpotts/sandbox/intel_2020.2_intelmpi_g_develop/esmf/src/Infrastructure/Config/examples
make[6]: Entering directory '/work/noaa/da/mpotts/sandbox/intel_2020.2_intelmpi_g_develop/esmf/src/Infrastructure/Config/examples'
/bin/sh: line 1: [: -ge: unary operator expected
/bin/sh: line 1: [: -ge: unary operator expected
make[6]: Leaving directory '/work/noaa/da/mpotts/sandbox/intel_2020.2_intelmpi_g_develop/esmf/src/Infrastructure/Config/examples'
tree_include in: /work/noaa/da/mpotts/sandbox/intel_2020.2_intelmpi_g_develop/esmf/src/Infrastructure/Config/doc
make[6]: Entering directory '/work/noaa/da/mpotts/sandbox/intel_2020.2_intelmpi_g_develop/esmf/src/Infrastructure/Config/doc'
/bin/sh: line 1: [: -ge: unary operator expected
/bin/sh: line 1: [: -ge: unary operator expected
make[6]: Leaving directory '/work/noaa/da/mpotts/sandbox/intel_2020.2_intelmpi_g_develop/esmf/src/Infrastructure/Config/doc'
tree_include in: /work/noaa/da/mpotts/sandbox/intel_2020.2_intelmpi_g_develop/esmf/src/Infrastructure/Config/tests
make[6]: Entering directory '/work/noaa/da/mpotts/sandbox/intel_2020.2_intelmpi_g_develop/esmf/src/Infrastructure/Config/tests'
/bin/sh: line 1: [: -ge: unary operator expected
/bin/sh: line 1: [: -ge: unary operator expected
make[6]: Leaving directory '/work/noaa/da/mpotts/sandbox/intel_2020.2_intelmpi_g_develop/esmf/src/Infrastructure/Config/tests'
make[5]: Leaving directory '/work/noaa/da/mpotts/sandbox/intel_2020.2_intelmpi_g_develop/esmf/src/Infrastructure/Config'
tree_include in: /work/noaa/da/mpotts/sandbox/intel_2020.2_intelmpi_g_develop/esmf/src/Infrastructure/ArraySpec
make[5]: Entering directory '/work/noaa/da/mpotts/sandbox/intel_2020.2_intelmpi_g_develop/esmf/src/Infrastructure/ArraySpec'
/bin/sh: line 1: [: -ge: unary operator expected
/bin/sh: line 1: [: -ge: unary operator expected
tree_include in: /work/noaa/da/mpotts/sandbox/intel_2020.2_intelmpi_g_develop/esmf/src/Infrastructure/ArraySpec/src
make[6]: Entering directory '/work/noaa/da/mpotts/sandbox/intel_2020.2_intelmpi_g_develop/esmf/src/Infrastructure/ArraySpec/src'
/bin/sh: line 1: [: -ge: unary operator expected
/bin/sh: line 1: [: -ge: unary operator expected
make[6]: Leaving directory '/work/noaa/da/mpotts/sandbox/intel_2020.2_intelmpi_g_develop/esmf/src/Infrastructure/ArraySpec/src'
tree_include in: /work/noaa/da/mpotts/sandbox/intel_2020.2_intelmpi_g_develop/esmf/src/Infrastructure/ArraySpec/interface
make[6]: Entering directory '/work/noaa/da/mpotts/sandbox/intel_2020.2_intelmpi_g_develop/esmf/src/Infrastructure/ArraySpec/interface'
/bin/sh: line 1: [: -ge: unary operator expected
/bin/sh: line 1: [: -ge: unary operator expected
make[6]: Leaving directory '/work/noaa/da/mpotts/sandbox/intel_2020.2_intelmpi_g_develop/esmf/src/Infrastructure/ArraySpec/interface'
tree_include in: /work/noaa/da/mpotts/sandbox/intel_2020.2_intelmpi_g_develop/esmf/src/Infrastructure/ArraySpec/examples
make[6]: Entering directory '/work/noaa/da/mpotts/sandbox/intel_2020.2_intelmpi_g_develop/esmf/src/Infrastructure/ArraySpec/examples'
/bin/sh: line 1: [: -ge: unary operator expected
/bin/sh: line 1: [: -ge: unary operator expected
make[6]: Leaving directory '/work/noaa/da/mpotts/sandbox/intel_2020.2_intelmpi_g_develop/esmf/src/Infrastructure/ArraySpec/examples'
tree_include in: /work/noaa/da/mpotts/sandbox/intel_2020.2_intelmpi_g_develop/esmf/src/Infrastructure/ArraySpec/tests
make[6]: Entering directory '/work/noaa/da/mpotts/sandbox/intel_2020.2_intelmpi_g_develop/esmf/src/Infrastructure/ArraySpec/tests'
/bin/sh: line 1: [: -ge: unary operator expected
/bin/sh: line 1: [: -ge: unary operator expected
make[6]: Leaving directory '/work/noaa/da/mpotts/sandbox/intel_2020.2_intelmpi_g_develop/esmf/src/Infrastructure/ArraySpec/tests'
tree_include in: /work/noaa/da/mpotts/sandbox/intel_2020.2_intelmpi_g_develop/esmf/src/Infrastructure/ArraySpec/doc
make[6]: Entering directory '/work/noaa/da/mpotts/sandbox/intel_2020.2_intelmpi_g_develop/esmf/src/Infrastructure/ArraySpec/doc'
/bin/sh: line 1: [: -ge: unary operator expected
/bin/sh: line 1: [: -ge: unary operator expected
make[6]: Leaving directory '/work/noaa/da/mpotts/sandbox/intel_2020.2_intelmpi_g_develop/esmf/src/Infrastructure/ArraySpec/doc'
make[5]: Leaving directory '/work/noaa/da/mpotts/sandbox/intel_2020.2_intelmpi_g_develop/esmf/src/Infrastructure/ArraySpec'
tree_include in: /work/noaa/da/mpotts/sandbox/intel_2020.2_intelmpi_g_develop/esmf/src/Infrastructure/LocalArray
make[5]: Entering directory '/work/noaa/da/mpotts/sandbox/intel_2020.2_intelmpi_g_develop/esmf/src/Infrastructure/LocalArray'
/bin/sh: line 1: [: -ge: unary operator expected
/bin/sh: line 1: [: -ge: unary operator expected
tree_include in: /work/noaa/da/mpotts/sandbox/intel_2020.2_intelmpi_g_develop/esmf/src/Infrastructure/LocalArray/src
make[6]: Entering directory '/work/noaa/da/mpotts/sandbox/intel_2020.2_intelmpi_g_develop/esmf/src/Infrastructure/LocalArray/src'
/bin/sh: line 1: [: -ge: unary operator expected
/bin/sh: line 1: [: -ge: unary operator expected
make[6]: Leaving directory '/work/noaa/da/mpotts/sandbox/intel_2020.2_intelmpi_g_develop/esmf/src/Infrastructure/LocalArray/src'
tree_include in: /work/noaa/da/mpotts/sandbox/intel_2020.2_intelmpi_g_develop/esmf/src/Infrastructure/LocalArray/interface
make[6]: Entering directory '/work/noaa/da/mpotts/sandbox/intel_2020.2_intelmpi_g_develop/esmf/src/Infrastructure/LocalArray/interface'
/bin/sh: line 1: [: -ge: unary operator expected
/bin/sh: line 1: [: -ge: unary operator expected
make[6]: Leaving directory '/work/noaa/da/mpotts/sandbox/intel_2020.2_intelmpi_g_develop/esmf/src/Infrastructure/LocalArray/interface'
tree_include in: /work/noaa/da/mpotts/sandbox/intel_2020.2_intelmpi_g_develop/esmf/src/Infrastructure/LocalArray/tests
make[6]: Entering directory '/work/noaa/da/mpotts/sandbox/intel_2020.2_intelmpi_g_develop/esmf/src/Infrastructure/LocalArray/tests'
/bin/sh: line 1: [: -ge: unary operator expected
/bin/sh: line 1: [: -ge: unary operator expected
make[6]: Leaving directory '/work/noaa/da/mpotts/sandbox/intel_2020.2_intelmpi_g_develop/esmf/src/Infrastructure/LocalArray/tests'
tree_include in: /work/noaa/da/mpotts/sandbox/intel_2020.2_intelmpi_g_develop/esmf/src/Infrastructure/LocalArray/doc
make[6]: Entering directory '/work/noaa/da/mpotts/sandbox/intel_2020.2_intelmpi_g_develop/esmf/src/Infrastructure/LocalArray/doc'
/bin/sh: line 1: [: -ge: unary operator expected
/bin/sh: line 1: [: -ge: unary operator expected
make[6]: Leaving directory '/work/noaa/da/mpotts/sandbox/intel_2020.2_intelmpi_g_develop/esmf/src/Infrastructure/LocalArray/doc'
make[5]: Leaving directory '/work/noaa/da/mpotts/sandbox/intel_2020.2_intelmpi_g_develop/esmf/src/Infrastructure/LocalArray'
tree_include in: /work/noaa/da/mpotts/sandbox/intel_2020.2_intelmpi_g_develop/esmf/src/Infrastructure/Route
make[5]: Entering directory '/work/noaa/da/mpotts/sandbox/intel_2020.2_intelmpi_g_develop/esmf/src/Infrastructure/Route'
/bin/sh: line 1: [: -ge: unary operator expected
/bin/sh: line 1: [: -ge: unary operator expected
tree_include in: /work/noaa/da/mpotts/sandbox/intel_2020.2_intelmpi_g_develop/esmf/src/Infrastructure/Route/src
make[6]: Entering directory '/work/noaa/da/mpotts/sandbox/intel_2020.2_intelmpi_g_develop/esmf/src/Infrastructure/Route/src'
/bin/sh: line 1: [: -ge: unary operator expected
/bin/sh: line 1: [: -ge: unary operator expected
make[6]: Leaving directory '/work/noaa/da/mpotts/sandbox/intel_2020.2_intelmpi_g_develop/esmf/src/Infrastructure/Route/src'
tree_include in: /work/noaa/da/mpotts/sandbox/intel_2020.2_intelmpi_g_develop/esmf/src/Infrastructure/Route/interface
make[6]: Entering directory '/work/noaa/da/mpotts/sandbox/intel_2020.2_intelmpi_g_develop/esmf/src/Infrastructure/Route/interface'
/bin/sh: line 1: [: -ge: unary operator expected
/bin/sh: line 1: [: -ge: unary operator expected
make[6]: Leaving directory '/work/noaa/da/mpotts/sandbox/intel_2020.2_intelmpi_g_develop/esmf/src/Infrastructure/Route/interface'
tree_include in: /work/noaa/da/mpotts/sandbox/intel_2020.2_intelmpi_g_develop/esmf/src/Infrastructure/Route/tests
make[6]: Entering directory '/work/noaa/da/mpotts/sandbox/intel_2020.2_intelmpi_g_develop/esmf/src/Infrastructure/Route/tests'
/bin/sh: line 1: [: -ge: unary operator expected
/bin/sh: line 1: [: -ge: unary operator expected
make[6]: Leaving directory '/work/noaa/da/mpotts/sandbox/intel_2020.2_intelmpi_g_develop/esmf/src/Infrastructure/Route/tests'
tree_include in: /work/noaa/da/mpotts/sandbox/intel_2020.2_intelmpi_g_develop/esmf/src/Infrastructure/Route/examples
make[6]: Entering directory '/work/noaa/da/mpotts/sandbox/intel_2020.2_intelmpi_g_develop/esmf/src/Infrastructure/Route/examples'
/bin/sh: line 1: [: -ge: unary operator expected
/bin/sh: line 1: [: -ge: unary operator expected
make[6]: Leaving directory '/work/noaa/da/mpotts/sandbox/intel_2020.2_intelmpi_g_develop/esmf/src/Infrastructure/Route/examples'
tree_include in: /work/noaa/da/mpotts/sandbox/intel_2020.2_intelmpi_g_develop/esmf/src/Infrastructure/Route/doc
make[6]: Entering directory '/work/noaa/da/mpotts/sandbox/intel_2020.2_intelmpi_g_develop/esmf/src/Infrastructure/Route/doc'
/bin/sh: line 1: [: -ge: unary operator expected
/bin/sh: line 1: [: -ge: unary operator expected
make[6]: Leaving directory '/work/noaa/da/mpotts/sandbox/intel_2020.2_intelmpi_g_develop/esmf/src/Infrastructure/Route/doc'
make[5]: Leaving directory '/work/noaa/da/mpotts/sandbox/intel_2020.2_intelmpi_g_develop/esmf/src/Infrastructure/Route'
tree_include in: /work/noaa/da/mpotts/sandbox/intel_2020.2_intelmpi_g_develop/esmf/src/Infrastructure/DistGrid
make[5]: Entering directory '/work/noaa/da/mpotts/sandbox/intel_2020.2_intelmpi_g_develop/esmf/src/Infrastructure/DistGrid'
/bin/sh: line 1: [: -ge: unary operator expected
/bin/sh: line 1: [: -ge: unary operator expected
tree_include in: /work/noaa/da/mpotts/sandbox/intel_2020.2_intelmpi_g_develop/esmf/src/Infrastructure/DistGrid/src
make[6]: Entering directory '/work/noaa/da/mpotts/sandbox/intel_2020.2_intelmpi_g_develop/esmf/src/Infrastructure/DistGrid/src'
/bin/sh: line 1: [: -ge: unary operator expected
/bin/sh: line 1: [: -ge: unary operator expected
make[6]: Leaving directory '/work/noaa/da/mpotts/sandbox/intel_2020.2_intelmpi_g_develop/esmf/src/Infrastructure/DistGrid/src'
tree_include in: /work/noaa/da/mpotts/sandbox/intel_2020.2_intelmpi_g_develop/esmf/src/Infrastructure/DistGrid/interface
make[6]: Entering directory '/work/noaa/da/mpotts/sandbox/intel_2020.2_intelmpi_g_develop/esmf/src/Infrastructure/DistGrid/interface'
/bin/sh: line 1: [: -ge: unary operator expected
/bin/sh: line 1: [: -ge: unary operator expected
make[6]: Leaving directory '/work/noaa/da/mpotts/sandbox/intel_2020.2_intelmpi_g_develop/esmf/src/Infrastructure/DistGrid/interface'
tree_include in: /work/noaa/da/mpotts/sandbox/intel_2020.2_intelmpi_g_develop/esmf/src/Infrastructure/DistGrid/tests
make[6]: Entering directory '/work/noaa/da/mpotts/sandbox/intel_2020.2_intelmpi_g_develop/esmf/src/Infrastructure/DistGrid/tests'
/bin/sh: line 1: [: -ge: unary operator expected
/bin/sh: line 1: [: -ge: unary operator expected
make[6]: Leaving directory '/work/noaa/da/mpotts/sandbox/intel_2020.2_intelmpi_g_develop/esmf/src/Infrastructure/DistGrid/tests'
tree_include in: /work/noaa/da/mpotts/sandbox/intel_2020.2_intelmpi_g_develop/esmf/src/Infrastructure/DistGrid/examples
make[6]: Entering directory '/work/noaa/da/mpotts/sandbox/intel_2020.2_intelmpi_g_develop/esmf/src/Infrastructure/DistGrid/examples'
/bin/sh: line 1: [: -ge: unary operator expected
/bin/sh: line 1: [: -ge: unary operator expected
make[6]: Leaving directory '/work/noaa/da/mpotts/sandbox/intel_2020.2_intelmpi_g_develop/esmf/src/Infrastructure/DistGrid/examples'
tree_include in: /work/noaa/da/mpotts/sandbox/intel_2020.2_intelmpi_g_develop/esmf/src/Infrastructure/DistGrid/doc
make[6]: Entering directory '/work/noaa/da/mpotts/sandbox/intel_2020.2_intelmpi_g_develop/esmf/src/Infrastructure/DistGrid/doc'
/bin/sh: line 1: [: -ge: unary operator expected
/bin/sh: line 1: [: -ge: unary operator expected
make[6]: Leaving directory '/work/noaa/da/mpotts/sandbox/intel_2020.2_intelmpi_g_develop/esmf/src/Infrastructure/DistGrid/doc'
make[5]: Leaving directory '/work/noaa/da/mpotts/sandbox/intel_2020.2_intelmpi_g_develop/esmf/src/Infrastructure/DistGrid'
tree_include in: /work/noaa/da/mpotts/sandbox/intel_2020.2_intelmpi_g_develop/esmf/src/Infrastructure/Array
make[5]: Entering directory '/work/noaa/da/mpotts/sandbox/intel_2020.2_intelmpi_g_develop/esmf/src/Infrastructure/Array'
/bin/sh: line 1: [: -ge: unary operator expected
/bin/sh: line 1: [: -ge: unary operator expected
tree_include in: /work/noaa/da/mpotts/sandbox/intel_2020.2_intelmpi_g_develop/esmf/src/Infrastructure/Array/src
make[6]: Entering directory '/work/noaa/da/mpotts/sandbox/intel_2020.2_intelmpi_g_develop/esmf/src/Infrastructure/Array/src'
/bin/sh: line 1: [: -ge: unary operator expected
/bin/sh: line 1: [: -ge: unary operator expected
make[6]: Leaving directory '/work/noaa/da/mpotts/sandbox/intel_2020.2_intelmpi_g_develop/esmf/src/Infrastructure/Array/src'
tree_include in: /work/noaa/da/mpotts/sandbox/intel_2020.2_intelmpi_g_develop/esmf/src/Infrastructure/Array/interface
make[6]: Entering directory '/work/noaa/da/mpotts/sandbox/intel_2020.2_intelmpi_g_develop/esmf/src/Infrastructure/Array/interface'
/bin/sh: line 1: [: -ge: unary operator expected
/bin/sh: line 1: [: -ge: unary operator expected
make[6]: Leaving directory '/work/noaa/da/mpotts/sandbox/intel_2020.2_intelmpi_g_develop/esmf/src/Infrastructure/Array/interface'
tree_include in: /work/noaa/da/mpotts/sandbox/intel_2020.2_intelmpi_g_develop/esmf/src/Infrastructure/Array/tests
make[6]: Entering directory '/work/noaa/da/mpotts/sandbox/intel_2020.2_intelmpi_g_develop/esmf/src/Infrastructure/Array/tests'
/bin/sh: line 1: [: -ge: unary operator expected
/bin/sh: line 1: [: -ge: unary operator expected
make[6]: Leaving directory '/work/noaa/da/mpotts/sandbox/intel_2020.2_intelmpi_g_develop/esmf/src/Infrastructure/Array/tests'
tree_include in: /work/noaa/da/mpotts/sandbox/intel_2020.2_intelmpi_g_develop/esmf/src/Infrastructure/Array/examples
make[6]: Entering directory '/work/noaa/da/mpotts/sandbox/intel_2020.2_intelmpi_g_develop/esmf/src/Infrastructure/Array/examples'
/bin/sh: line 1: [: -ge: unary operator expected
/bin/sh: line 1: [: -ge: unary operator expected
make[6]: Leaving directory '/work/noaa/da/mpotts/sandbox/intel_2020.2_intelmpi_g_develop/esmf/src/Infrastructure/Array/examples'
tree_include in: /work/noaa/da/mpotts/sandbox/intel_2020.2_intelmpi_g_develop/esmf/src/Infrastructure/Array/doc
make[6]: Entering directory '/work/noaa/da/mpotts/sandbox/intel_2020.2_intelmpi_g_develop/esmf/src/Infrastructure/Array/doc'
/bin/sh: line 1: [: -ge: unary operator expected
/bin/sh: line 1: [: -ge: unary operator expected
make[6]: Leaving directory '/work/noaa/da/mpotts/sandbox/intel_2020.2_intelmpi_g_develop/esmf/src/Infrastructure/Array/doc'
make[5]: Leaving directory '/work/noaa/da/mpotts/sandbox/intel_2020.2_intelmpi_g_develop/esmf/src/Infrastructure/Array'
tree_include in: /work/noaa/da/mpotts/sandbox/intel_2020.2_intelmpi_g_develop/esmf/src/Infrastructure/ArrayBundle
make[5]: Entering directory '/work/noaa/da/mpotts/sandbox/intel_2020.2_intelmpi_g_develop/esmf/src/Infrastructure/ArrayBundle'
/bin/sh: line 1: [: -ge: unary operator expected
/bin/sh: line 1: [: -ge: unary operator expected
tree_include in: /work/noaa/da/mpotts/sandbox/intel_2020.2_intelmpi_g_develop/esmf/src/Infrastructure/ArrayBundle/src
make[6]: Entering directory '/work/noaa/da/mpotts/sandbox/intel_2020.2_intelmpi_g_develop/esmf/src/Infrastructure/ArrayBundle/src'
/bin/sh: line 1: [: -ge: unary operator expected
/bin/sh: line 1: [: -ge: unary operator expected
make[6]: Leaving directory '/work/noaa/da/mpotts/sandbox/intel_2020.2_intelmpi_g_develop/esmf/src/Infrastructure/ArrayBundle/src'
tree_include in: /work/noaa/da/mpotts/sandbox/intel_2020.2_intelmpi_g_develop/esmf/src/Infrastructure/ArrayBundle/interface
make[6]: Entering directory '/work/noaa/da/mpotts/sandbox/intel_2020.2_intelmpi_g_develop/esmf/src/Infrastructure/ArrayBundle/interface'
/bin/sh: line 1: [: -ge: unary operator expected
/bin/sh: line 1: [: -ge: unary operator expected
make[6]: Leaving directory '/work/noaa/da/mpotts/sandbox/intel_2020.2_intelmpi_g_develop/esmf/src/Infrastructure/ArrayBundle/interface'
tree_include in: /work/noaa/da/mpotts/sandbox/intel_2020.2_intelmpi_g_develop/esmf/src/Infrastructure/ArrayBundle/tests
make[6]: Entering directory '/work/noaa/da/mpotts/sandbox/intel_2020.2_intelmpi_g_develop/esmf/src/Infrastructure/ArrayBundle/tests'
/bin/sh: line 1: [: -ge: unary operator expected
/bin/sh: line 1: [: -ge: unary operator expected
make[6]: Leaving directory '/work/noaa/da/mpotts/sandbox/intel_2020.2_intelmpi_g_develop/esmf/src/Infrastructure/ArrayBundle/tests'
tree_include in: /work/noaa/da/mpotts/sandbox/intel_2020.2_intelmpi_g_develop/esmf/src/Infrastructure/ArrayBundle/examples
make[6]: Entering directory '/work/noaa/da/mpotts/sandbox/intel_2020.2_intelmpi_g_develop/esmf/src/Infrastructure/ArrayBundle/examples'
/bin/sh: line 1: [: -ge: unary operator expected
/bin/sh: line 1: [: -ge: unary operator expected
make[6]: Leaving directory '/work/noaa/da/mpotts/sandbox/intel_2020.2_intelmpi_g_develop/esmf/src/Infrastructure/ArrayBundle/examples'
tree_include in: /work/noaa/da/mpotts/sandbox/intel_2020.2_intelmpi_g_develop/esmf/src/Infrastructure/ArrayBundle/doc
make[6]: Entering directory '/work/noaa/da/mpotts/sandbox/intel_2020.2_intelmpi_g_develop/esmf/src/Infrastructure/ArrayBundle/doc'
/bin/sh: line 1: [: -ge: unary operator expected
/bin/sh: line 1: [: -ge: unary operator expected
make[6]: Leaving directory '/work/noaa/da/mpotts/sandbox/intel_2020.2_intelmpi_g_develop/esmf/src/Infrastructure/ArrayBundle/doc'
make[5]: Leaving directory '/work/noaa/da/mpotts/sandbox/intel_2020.2_intelmpi_g_develop/esmf/src/Infrastructure/ArrayBundle'
tree_include in: /work/noaa/da/mpotts/sandbox/intel_2020.2_intelmpi_g_develop/esmf/src/Infrastructure/IO
make[5]: Entering directory '/work/noaa/da/mpotts/sandbox/intel_2020.2_intelmpi_g_develop/esmf/src/Infrastructure/IO'
/bin/sh: line 1: [: -ge: unary operator expected
/bin/sh: line 1: [: -ge: unary operator expected
tree_include in: /work/noaa/da/mpotts/sandbox/intel_2020.2_intelmpi_g_develop/esmf/src/Infrastructure/IO/PIO
make[6]: Entering directory '/work/noaa/da/mpotts/sandbox/intel_2020.2_intelmpi_g_develop/esmf/src/Infrastructure/IO/PIO'
/bin/sh: line 1: [: -ge: unary operator expected
/bin/sh: line 1: [: -ge: unary operator expected
makefile:35: *** PIO requires NetCDF!!!.  Stop.
make[6]: Leaving directory '/work/noaa/da/mpotts/sandbox/intel_2020.2_intelmpi_g_develop/esmf/src/Infrastructure/IO/PIO'
make[5]: *** [/work/noaa/da/mpotts/sandbox/intel_2020.2_intelmpi_g_develop/esmf/build/common.mk:3943: tree] Error 1
make[5]: Leaving directory '/work/noaa/da/mpotts/sandbox/intel_2020.2_intelmpi_g_develop/esmf/src/Infrastructure/IO'
make[4]: *** [/work/noaa/da/mpotts/sandbox/intel_2020.2_intelmpi_g_develop/esmf/build/common.mk:3943: tree] Error 1
make[4]: Leaving directory '/work/noaa/da/mpotts/sandbox/intel_2020.2_intelmpi_g_develop/esmf/src/Infrastructure'
make[3]: *** [/work/noaa/da/mpotts/sandbox/intel_2020.2_intelmpi_g_develop/esmf/build/common.mk:3943: tree] Error 1
make[3]: Leaving directory '/work/noaa/da/mpotts/sandbox/intel_2020.2_intelmpi_g_develop/esmf/src'
make[2]: *** [/work/noaa/da/mpotts/sandbox/intel_2020.2_intelmpi_g_develop/esmf/build/common.mk:3943: tree] Error 1
make[2]: Leaving directory '/work/noaa/da/mpotts/sandbox/intel_2020.2_intelmpi_g_develop/esmf'
make[1]: *** [/work/noaa/da/mpotts/sandbox/intel_2020.2_intelmpi_g_develop/esmf/build/common.mk:2440: include] Error 2
make[1]: Leaving directory '/work/noaa/da/mpotts/sandbox/intel_2020.2_intelmpi_g_develop/esmf'
make: *** [/work/noaa/da/mpotts/sandbox/intel_2020.2_intelmpi_g_develop/esmf/build/common.mk:2385: lib] Error 2
