2024-08-28 02:02:36
20240828 024146.501 INFO             PET0 !!!!!!!!!!!!!!!!!!!!!!!!!!!!!!!!!!!!!!!!!!!!!!!!!!!!!!
20240828 024146.501 INFO             PET0 !!! THE ESMF_LOG IS SET TO OUTPUT ALL LOG MESSAGES !!!
20240828 024146.501 INFO             PET0 !!!     THIS MAY CAUSE SLOWDOWN IN PERFORMANCE     !!!
20240828 024146.501 INFO             PET0 !!! FOR PRODUCTION RUNS, USE:                      !!!
20240828 024146.501 INFO             PET0 !!!                   ESMF_LOGKIND_Multi_On_Error  !!!
20240828 024146.501 INFO             PET0 !!!!!!!!!!!!!!!!!!!!!!!!!!!!!!!!!!!!!!!!!!!!!!!!!!!!!!
20240828 024146.501 INFO             PET0 Running with ESMF Version   : v8.7.0b11-5-gfda68a9ac3
20240828 024146.501 INFO             PET0 ESMF library build date/time: "Aug 28 2024" "01:59:09"
20240828 024146.501 INFO             PET0 ESMF library build location : /glade/derecho/scratch/sacks/esmf-testing/gfortran_12.2.0_pio2.6.2_mpi_g_develop/esmf
20240828 024146.501 INFO             PET0 ESMF_COMM                   : mpi
20240828 024146.503 INFO             PET0 ESMF_MOAB                   : enabled
20240828 024146.503 INFO             PET0 ESMF_LAPACK                 : enabled
20240828 024146.503 INFO             PET0 ESMF_NETCDF                 : enabled
20240828 024146.503 INFO             PET0 ESMF_PNETCDF                : disabled
20240828 024146.503 INFO             PET0 ESMF_PIO                    : enabled
20240828 024146.503 INFO             PET0 ESMF_YAMLCPP                : enabled
20240828 024146.503 INFO             PET0  NUMBER_OF_PROCESSORS           1
20240828 024146.503 INFO             PET0  PASS  Example ESMF_ClockEx, ESMF_ClockEx.F90, line 220
20240828 024146.503 INFO             PET0  Finalizing ESMF
