2024-08-27 02:00:55
20240827 024350.898 INFO             PET0 !!!!!!!!!!!!!!!!!!!!!!!!!!!!!!!!!!!!!!!!!!!!!!!!!!!!!!
20240827 024350.898 INFO             PET0 !!! THE ESMF_LOG IS SET TO OUTPUT ALL LOG MESSAGES !!!
20240827 024350.898 INFO             PET0 !!!     THIS MAY CAUSE SLOWDOWN IN PERFORMANCE     !!!
20240827 024350.898 INFO             PET0 !!! FOR PRODUCTION RUNS, USE:                      !!!
20240827 024350.898 INFO             PET0 !!!                   ESMF_LOGKIND_Multi_On_Error  !!!
20240827 024350.898 INFO             PET0 !!!!!!!!!!!!!!!!!!!!!!!!!!!!!!!!!!!!!!!!!!!!!!!!!!!!!!
20240827 024350.898 INFO             PET0 Running with ESMF Version   : v8.7.0b11-5-gfda68a9ac3
20240827 024350.898 INFO             PET0 ESMF library build date/time: "Aug 27 2024" "01:57:41"
20240827 024350.898 INFO             PET0 ESMF library build location : /glade/derecho/scratch/sacks/esmf-testing/gfortran_12.2.0_pio2.6.2_mpi_g_develop/esmf
20240827 024350.898 INFO             PET0 ESMF_COMM                   : mpi
20240827 024350.910 INFO             PET0 ESMF_MOAB                   : enabled
20240827 024350.910 INFO             PET0 ESMF_LAPACK                 : enabled
20240827 024350.910 INFO             PET0 ESMF_NETCDF                 : enabled
20240827 024350.910 INFO             PET0 ESMF_PNETCDF                : disabled
20240827 024350.910 INFO             PET0 ESMF_PIO                    : enabled
20240827 024350.910 INFO             PET0 ESMF_YAMLCPP                : enabled
20240827 024350.983 DEBUG            PET0 about to destroy Grid: 0x71a060
20240827 024350.991 DEBUG            PET0 about to destroy Grid: 0x71dec0
20240827 024351.014 INFO             PET0  NUMBER_OF_PROCESSORS           4
20240827 024351.014 INFO             PET0  PASS  Example ESMF_NUOPCAtmModelEx, ESMF_NUOPCAtmModelEx.F90, line 806
20240827 024351.014 INFO             PET0  Finalizing ESMF
20240827 024350.913 INFO             PET1 !!!!!!!!!!!!!!!!!!!!!!!!!!!!!!!!!!!!!!!!!!!!!!!!!!!!!!
20240827 024350.913 INFO             PET1 !!! THE ESMF_LOG IS SET TO OUTPUT ALL LOG MESSAGES !!!
20240827 024350.913 INFO             PET1 !!!     THIS MAY CAUSE SLOWDOWN IN PERFORMANCE     !!!
20240827 024350.913 INFO             PET1 !!! FOR PRODUCTION RUNS, USE:                      !!!
20240827 024350.913 INFO             PET1 !!!                   ESMF_LOGKIND_Multi_On_Error  !!!
20240827 024350.913 INFO             PET1 !!!!!!!!!!!!!!!!!!!!!!!!!!!!!!!!!!!!!!!!!!!!!!!!!!!!!!
20240827 024350.913 INFO             PET1 Running with ESMF Version   : v8.7.0b11-5-gfda68a9ac3
20240827 024350.913 INFO             PET1 ESMF library build date/time: "Aug 27 2024" "01:57:41"
20240827 024350.913 INFO             PET1 ESMF library build location : /glade/derecho/scratch/sacks/esmf-testing/gfortran_12.2.0_pio2.6.2_mpi_g_develop/esmf
20240827 024350.913 INFO             PET1 ESMF_COMM                   : mpi
20240827 024350.916 INFO             PET1 ESMF_MOAB                   : enabled
20240827 024350.916 INFO             PET1 ESMF_LAPACK                 : enabled
20240827 024350.916 INFO             PET1 ESMF_NETCDF                 : enabled
20240827 024350.916 INFO             PET1 ESMF_PNETCDF                : disabled
20240827 024350.916 INFO             PET1 ESMF_PIO                    : enabled
20240827 024350.916 INFO             PET1 ESMF_YAMLCPP                : enabled
20240827 024350.983 DEBUG            PET1 about to destroy Grid: 0x7194a0
20240827 024350.991 DEBUG            PET1 about to destroy Grid: 0x71ae90
20240827 024351.014 INFO             PET1  NUMBER_OF_PROCESSORS           4
20240827 024351.014 INFO             PET1  PASS  Example ESMF_NUOPCAtmModelEx, ESMF_NUOPCAtmModelEx.F90, line 806
20240827 024351.014 INFO             PET1  Finalizing ESMF
20240827 024350.898 INFO             PET2 !!!!!!!!!!!!!!!!!!!!!!!!!!!!!!!!!!!!!!!!!!!!!!!!!!!!!!
20240827 024350.898 INFO             PET2 !!! THE ESMF_LOG IS SET TO OUTPUT ALL LOG MESSAGES !!!
20240827 024350.898 INFO             PET2 !!!     THIS MAY CAUSE SLOWDOWN IN PERFORMANCE     !!!
20240827 024350.898 INFO             PET2 !!! FOR PRODUCTION RUNS, USE:                      !!!
20240827 024350.898 INFO             PET2 !!!                   ESMF_LOGKIND_Multi_On_Error  !!!
20240827 024350.898 INFO             PET2 !!!!!!!!!!!!!!!!!!!!!!!!!!!!!!!!!!!!!!!!!!!!!!!!!!!!!!
20240827 024350.898 INFO             PET2 Running with ESMF Version   : v8.7.0b11-5-gfda68a9ac3
20240827 024350.898 INFO             PET2 ESMF library build date/time: "Aug 27 2024" "01:57:41"
20240827 024350.898 INFO             PET2 ESMF library build location : /glade/derecho/scratch/sacks/esmf-testing/gfortran_12.2.0_pio2.6.2_mpi_g_develop/esmf
20240827 024350.898 INFO             PET2 ESMF_COMM                   : mpi
20240827 024350.901 INFO             PET2 ESMF_MOAB                   : enabled
20240827 024350.901 INFO             PET2 ESMF_LAPACK                 : enabled
20240827 024350.901 INFO             PET2 ESMF_NETCDF                 : enabled
20240827 024350.901 INFO             PET2 ESMF_PNETCDF                : disabled
20240827 024350.901 INFO             PET2 ESMF_PIO                    : enabled
20240827 024350.901 INFO             PET2 ESMF_YAMLCPP                : enabled
20240827 024350.983 DEBUG            PET2 about to destroy Grid: 0x718380
20240827 024350.991 DEBUG            PET2 about to destroy Grid: 0x71a1d0
20240827 024351.014 INFO             PET2  NUMBER_OF_PROCESSORS           4
20240827 024351.014 INFO             PET2  PASS  Example ESMF_NUOPCAtmModelEx, ESMF_NUOPCAtmModelEx.F90, line 806
20240827 024351.014 INFO             PET2  Finalizing ESMF
20240827 024350.907 INFO             PET3 !!!!!!!!!!!!!!!!!!!!!!!!!!!!!!!!!!!!!!!!!!!!!!!!!!!!!!
20240827 024350.907 INFO             PET3 !!! THE ESMF_LOG IS SET TO OUTPUT ALL LOG MESSAGES !!!
20240827 024350.907 INFO             PET3 !!!     THIS MAY CAUSE SLOWDOWN IN PERFORMANCE     !!!
20240827 024350.907 INFO             PET3 !!! FOR PRODUCTION RUNS, USE:                      !!!
20240827 024350.907 INFO             PET3 !!!                   ESMF_LOGKIND_Multi_On_Error  !!!
20240827 024350.907 INFO             PET3 !!!!!!!!!!!!!!!!!!!!!!!!!!!!!!!!!!!!!!!!!!!!!!!!!!!!!!
20240827 024350.907 INFO             PET3 Running with ESMF Version   : v8.7.0b11-5-gfda68a9ac3
20240827 024350.907 INFO             PET3 ESMF library build date/time: "Aug 27 2024" "01:57:41"
20240827 024350.907 INFO             PET3 ESMF library build location : /glade/derecho/scratch/sacks/esmf-testing/gfortran_12.2.0_pio2.6.2_mpi_g_develop/esmf
20240827 024350.907 INFO             PET3 ESMF_COMM                   : mpi
20240827 024350.914 INFO             PET3 ESMF_MOAB                   : enabled
20240827 024350.914 INFO             PET3 ESMF_LAPACK                 : enabled
20240827 024350.914 INFO             PET3 ESMF_NETCDF                 : enabled
20240827 024350.914 INFO             PET3 ESMF_PNETCDF                : disabled
20240827 024350.914 INFO             PET3 ESMF_PIO                    : enabled
20240827 024350.914 INFO             PET3 ESMF_YAMLCPP                : enabled
20240827 024350.983 DEBUG            PET3 about to destroy Grid: 0x718ce0
20240827 024350.991 DEBUG            PET3 about to destroy Grid: 0x71a110
20240827 024351.014 INFO             PET3  NUMBER_OF_PROCESSORS           4
20240827 024351.014 INFO             PET3  PASS  Example ESMF_NUOPCAtmModelEx, ESMF_NUOPCAtmModelEx.F90, line 806
20240827 024351.014 INFO             PET3  Finalizing ESMF
