2024-08-26 01:56:58
20240826 023524.459 INFO             PET0 !!!!!!!!!!!!!!!!!!!!!!!!!!!!!!!!!!!!!!!!!!!!!!!!!!!!!!
20240826 023524.459 INFO             PET0 !!! THE ESMF_LOG IS SET TO OUTPUT ALL LOG MESSAGES !!!
20240826 023524.459 INFO             PET0 !!!     THIS MAY CAUSE SLOWDOWN IN PERFORMANCE     !!!
20240826 023524.459 INFO             PET0 !!! FOR PRODUCTION RUNS, USE:                      !!!
20240826 023524.459 INFO             PET0 !!!                   ESMF_LOGKIND_Multi_On_Error  !!!
20240826 023524.459 INFO             PET0 !!!!!!!!!!!!!!!!!!!!!!!!!!!!!!!!!!!!!!!!!!!!!!!!!!!!!!
20240826 023524.459 INFO             PET0 Running with ESMF Version   : v8.7.0b11-5-gfda68a9ac3
20240826 023524.459 INFO             PET0 ESMF library build date/time: "Aug 26 2024" "01:54:04"
20240826 023524.459 INFO             PET0 ESMF library build location : /glade/derecho/scratch/sacks/esmf-testing/gfortran_12.2.0_pio2.6.2_mpi_g_develop/esmf
20240826 023524.459 INFO             PET0 ESMF_COMM                   : mpi
20240826 023524.460 INFO             PET0 ESMF_MOAB                   : enabled
20240826 023524.460 INFO             PET0 ESMF_LAPACK                 : enabled
20240826 023524.460 INFO             PET0 ESMF_NETCDF                 : enabled
20240826 023524.460 INFO             PET0 ESMF_PNETCDF                : disabled
20240826 023524.460 INFO             PET0 ESMF_PIO                    : enabled
20240826 023524.460 INFO             PET0 ESMF_YAMLCPP                : enabled
20240826 023524.464 INFO             PET0 ESMF_FieldRedistStoreNF(): Just entered routine.
20240826 023524.467 INFO             PET0 ESMF_FieldRedistStoreNF(): Leaving routine.
20240826 023524.470 INFO             PET0 ESMF_FieldRedistStoreNF(): Just entered routine.
20240826 023524.471 INFO             PET0 ESMF_FieldRedistStoreNF(): Leaving routine.
20240826 023524.471 INFO             PET0 ESMF_FieldRedistStoreNF(): Just entered routine.
20240826 023524.472 INFO             PET0 ESMF_FieldRedistStoreNF(): Leaving routine.
20240826 023524.473 INFO             PET0  NUMBER_OF_PROCESSORS           4
20240826 023524.473 INFO             PET0  PASS  Example ESMF_FieldRedistEx, ESMF_FieldRedistEx.F90, line 521
20240826 023524.473 INFO             PET0  Finalizing ESMF
20240826 023524.452 INFO             PET1 !!!!!!!!!!!!!!!!!!!!!!!!!!!!!!!!!!!!!!!!!!!!!!!!!!!!!!
20240826 023524.452 INFO             PET1 !!! THE ESMF_LOG IS SET TO OUTPUT ALL LOG MESSAGES !!!
20240826 023524.452 INFO             PET1 !!!     THIS MAY CAUSE SLOWDOWN IN PERFORMANCE     !!!
20240826 023524.452 INFO             PET1 !!! FOR PRODUCTION RUNS, USE:                      !!!
20240826 023524.452 INFO             PET1 !!!                   ESMF_LOGKIND_Multi_On_Error  !!!
20240826 023524.452 INFO             PET1 !!!!!!!!!!!!!!!!!!!!!!!!!!!!!!!!!!!!!!!!!!!!!!!!!!!!!!
20240826 023524.452 INFO             PET1 Running with ESMF Version   : v8.7.0b11-5-gfda68a9ac3
20240826 023524.452 INFO             PET1 ESMF library build date/time: "Aug 26 2024" "01:54:04"
20240826 023524.452 INFO             PET1 ESMF library build location : /glade/derecho/scratch/sacks/esmf-testing/gfortran_12.2.0_pio2.6.2_mpi_g_develop/esmf
20240826 023524.452 INFO             PET1 ESMF_COMM                   : mpi
20240826 023524.453 INFO             PET1 ESMF_MOAB                   : enabled
20240826 023524.453 INFO             PET1 ESMF_LAPACK                 : enabled
20240826 023524.453 INFO             PET1 ESMF_NETCDF                 : enabled
20240826 023524.453 INFO             PET1 ESMF_PNETCDF                : disabled
20240826 023524.453 INFO             PET1 ESMF_PIO                    : enabled
20240826 023524.453 INFO             PET1 ESMF_YAMLCPP                : enabled
20240826 023524.464 INFO             PET1 ESMF_FieldRedistStoreNF(): Just entered routine.
20240826 023524.467 INFO             PET1 ESMF_FieldRedistStoreNF(): Leaving routine.
20240826 023524.470 INFO             PET1 ESMF_FieldRedistStoreNF(): Just entered routine.
20240826 023524.471 INFO             PET1 ESMF_FieldRedistStoreNF(): Leaving routine.
20240826 023524.471 INFO             PET1 ESMF_FieldRedistStoreNF(): Just entered routine.
20240826 023524.472 INFO             PET1 ESMF_FieldRedistStoreNF(): Leaving routine.
20240826 023524.473 INFO             PET1  NUMBER_OF_PROCESSORS           4
20240826 023524.473 INFO             PET1  PASS  Example ESMF_FieldRedistEx, ESMF_FieldRedistEx.F90, line 521
20240826 023524.473 INFO             PET1  Finalizing ESMF
20240826 023524.457 INFO             PET2 !!!!!!!!!!!!!!!!!!!!!!!!!!!!!!!!!!!!!!!!!!!!!!!!!!!!!!
20240826 023524.457 INFO             PET2 !!! THE ESMF_LOG IS SET TO OUTPUT ALL LOG MESSAGES !!!
20240826 023524.457 INFO             PET2 !!!     THIS MAY CAUSE SLOWDOWN IN PERFORMANCE     !!!
20240826 023524.457 INFO             PET2 !!! FOR PRODUCTION RUNS, USE:                      !!!
20240826 023524.457 INFO             PET2 !!!                   ESMF_LOGKIND_Multi_On_Error  !!!
20240826 023524.457 INFO             PET2 !!!!!!!!!!!!!!!!!!!!!!!!!!!!!!!!!!!!!!!!!!!!!!!!!!!!!!
20240826 023524.457 INFO             PET2 Running with ESMF Version   : v8.7.0b11-5-gfda68a9ac3
20240826 023524.457 INFO             PET2 ESMF library build date/time: "Aug 26 2024" "01:54:04"
20240826 023524.457 INFO             PET2 ESMF library build location : /glade/derecho/scratch/sacks/esmf-testing/gfortran_12.2.0_pio2.6.2_mpi_g_develop/esmf
20240826 023524.457 INFO             PET2 ESMF_COMM                   : mpi
20240826 023524.463 INFO             PET2 ESMF_MOAB                   : enabled
20240826 023524.463 INFO             PET2 ESMF_LAPACK                 : enabled
20240826 023524.463 INFO             PET2 ESMF_NETCDF                 : enabled
20240826 023524.463 INFO             PET2 ESMF_PNETCDF                : disabled
20240826 023524.463 INFO             PET2 ESMF_PIO                    : enabled
20240826 023524.463 INFO             PET2 ESMF_YAMLCPP                : enabled
20240826 023524.464 INFO             PET2 ESMF_FieldRedistStoreNF(): Just entered routine.
20240826 023524.467 INFO             PET2 ESMF_FieldRedistStoreNF(): Leaving routine.
20240826 023524.470 INFO             PET2 ESMF_FieldRedistStoreNF(): Just entered routine.
20240826 023524.471 INFO             PET2 ESMF_FieldRedistStoreNF(): Leaving routine.
20240826 023524.471 INFO             PET2 ESMF_FieldRedistStoreNF(): Just entered routine.
20240826 023524.472 INFO             PET2 ESMF_FieldRedistStoreNF(): Leaving routine.
20240826 023524.472 INFO             PET2  NUMBER_OF_PROCESSORS           4
20240826 023524.473 INFO             PET2  PASS  Example ESMF_FieldRedistEx, ESMF_FieldRedistEx.F90, line 521
20240826 023524.473 INFO             PET2  Finalizing ESMF
20240826 023524.454 INFO             PET3 !!!!!!!!!!!!!!!!!!!!!!!!!!!!!!!!!!!!!!!!!!!!!!!!!!!!!!
20240826 023524.454 INFO             PET3 !!! THE ESMF_LOG IS SET TO OUTPUT ALL LOG MESSAGES !!!
20240826 023524.454 INFO             PET3 !!!     THIS MAY CAUSE SLOWDOWN IN PERFORMANCE     !!!
20240826 023524.454 INFO             PET3 !!! FOR PRODUCTION RUNS, USE:                      !!!
20240826 023524.454 INFO             PET3 !!!                   ESMF_LOGKIND_Multi_On_Error  !!!
20240826 023524.454 INFO             PET3 !!!!!!!!!!!!!!!!!!!!!!!!!!!!!!!!!!!!!!!!!!!!!!!!!!!!!!
20240826 023524.454 INFO             PET3 Running with ESMF Version   : v8.7.0b11-5-gfda68a9ac3
20240826 023524.454 INFO             PET3 ESMF library build date/time: "Aug 26 2024" "01:54:04"
20240826 023524.454 INFO             PET3 ESMF library build location : /glade/derecho/scratch/sacks/esmf-testing/gfortran_12.2.0_pio2.6.2_mpi_g_develop/esmf
20240826 023524.454 INFO             PET3 ESMF_COMM                   : mpi
20240826 023524.459 INFO             PET3 ESMF_MOAB                   : enabled
20240826 023524.459 INFO             PET3 ESMF_LAPACK                 : enabled
20240826 023524.459 INFO             PET3 ESMF_NETCDF                 : enabled
20240826 023524.459 INFO             PET3 ESMF_PNETCDF                : disabled
20240826 023524.459 INFO             PET3 ESMF_PIO                    : enabled
20240826 023524.459 INFO             PET3 ESMF_YAMLCPP                : enabled
20240826 023524.464 INFO             PET3 ESMF_FieldRedistStoreNF(): Just entered routine.
20240826 023524.467 INFO             PET3 ESMF_FieldRedistStoreNF(): Leaving routine.
20240826 023524.470 INFO             PET3 ESMF_FieldRedistStoreNF(): Just entered routine.
20240826 023524.471 INFO             PET3 ESMF_FieldRedistStoreNF(): Leaving routine.
20240826 023524.471 INFO             PET3 ESMF_FieldRedistStoreNF(): Just entered routine.
20240826 023524.472 INFO             PET3 ESMF_FieldRedistStoreNF(): Leaving routine.
20240826 023524.473 INFO             PET3  NUMBER_OF_PROCESSORS           4
20240826 023524.473 INFO             PET3  PASS  Example ESMF_FieldRedistEx, ESMF_FieldRedistEx.F90, line 521
20240826 023524.473 INFO             PET3  Finalizing ESMF
