2024-09-07 02:35:29
20240907 032641.926 INFO             PET0 !!!!!!!!!!!!!!!!!!!!!!!!!!!!!!!!!!!!!!!!!!!!!!!!!!!!!!
20240907 032641.926 INFO             PET0 !!! THE ESMF_LOG IS SET TO OUTPUT ALL LOG MESSAGES !!!
20240907 032641.926 INFO             PET0 !!!     THIS MAY CAUSE SLOWDOWN IN PERFORMANCE     !!!
20240907 032641.926 INFO             PET0 !!! FOR PRODUCTION RUNS, USE:                      !!!
20240907 032641.926 INFO             PET0 !!!                   ESMF_LOGKIND_Multi_On_Error  !!!
20240907 032641.926 INFO             PET0 !!!!!!!!!!!!!!!!!!!!!!!!!!!!!!!!!!!!!!!!!!!!!!!!!!!!!!
20240907 032641.926 INFO             PET0 Running with ESMF Version   : v8.7.0b13-3-gedb848d90b
20240907 032641.926 INFO             PET0 ESMF library build date/time: "Sep  7 2024" "02:33:01"
20240907 032641.926 INFO             PET0 ESMF library build location : /work/noaa/da/mpotts/sandbox/gfortran_12.2.0_openmpi_g_develop/esmf
20240907 032641.926 INFO             PET0 ESMF_COMM                   : openmpi
20240907 032641.927 INFO             PET0 ESMF_MOAB                   : enabled
20240907 032641.927 INFO             PET0 ESMF_LAPACK                 : enabled
20240907 032641.927 INFO             PET0 ESMF_NETCDF                 : disabled
20240907 032641.927 INFO             PET0 ESMF_PNETCDF                : disabled
20240907 032641.927 INFO             PET0 ESMF_PIO                    : disabled
20240907 032641.927 INFO             PET0 ESMF_YAMLCPP                : enabled
20240907 032642.164 DEBUG            PET0 about to destroy Grid: 0x21f4030
20240907 032642.202 DEBUG            PET0 about to destroy Grid: 0x21f6050
20240907 032642.298 INFO             PET0  NUMBER_OF_PROCESSORS           4
20240907 032642.298 INFO             PET0  PASS  Example ESMF_NUOPCAtmModelEx, ESMF_NUOPCAtmModelEx.F90, line 806
20240907 032642.298 INFO             PET0  Finalizing ESMF
20240907 032641.926 INFO             PET1 !!!!!!!!!!!!!!!!!!!!!!!!!!!!!!!!!!!!!!!!!!!!!!!!!!!!!!
20240907 032641.926 INFO             PET1 !!! THE ESMF_LOG IS SET TO OUTPUT ALL LOG MESSAGES !!!
20240907 032641.926 INFO             PET1 !!!     THIS MAY CAUSE SLOWDOWN IN PERFORMANCE     !!!
20240907 032641.926 INFO             PET1 !!! FOR PRODUCTION RUNS, USE:                      !!!
20240907 032641.926 INFO             PET1 !!!                   ESMF_LOGKIND_Multi_On_Error  !!!
20240907 032641.926 INFO             PET1 !!!!!!!!!!!!!!!!!!!!!!!!!!!!!!!!!!!!!!!!!!!!!!!!!!!!!!
20240907 032641.926 INFO             PET1 Running with ESMF Version   : v8.7.0b13-3-gedb848d90b
20240907 032641.926 INFO             PET1 ESMF library build date/time: "Sep  7 2024" "02:33:01"
20240907 032641.926 INFO             PET1 ESMF library build location : /work/noaa/da/mpotts/sandbox/gfortran_12.2.0_openmpi_g_develop/esmf
20240907 032641.926 INFO             PET1 ESMF_COMM                   : openmpi
20240907 032641.927 INFO             PET1 ESMF_MOAB                   : enabled
20240907 032641.927 INFO             PET1 ESMF_LAPACK                 : enabled
20240907 032641.927 INFO             PET1 ESMF_NETCDF                 : disabled
20240907 032641.927 INFO             PET1 ESMF_PNETCDF                : disabled
20240907 032641.927 INFO             PET1 ESMF_PIO                    : disabled
20240907 032641.927 INFO             PET1 ESMF_YAMLCPP                : enabled
20240907 032642.165 DEBUG            PET1 about to destroy Grid: 0x155f9f0
20240907 032642.202 DEBUG            PET1 about to destroy Grid: 0x1561c50
20240907 032642.299 INFO             PET1  NUMBER_OF_PROCESSORS           4
20240907 032642.299 INFO             PET1  PASS  Example ESMF_NUOPCAtmModelEx, ESMF_NUOPCAtmModelEx.F90, line 806
20240907 032642.299 INFO             PET1  Finalizing ESMF
20240907 032641.926 INFO             PET2 !!!!!!!!!!!!!!!!!!!!!!!!!!!!!!!!!!!!!!!!!!!!!!!!!!!!!!
20240907 032641.926 INFO             PET2 !!! THE ESMF_LOG IS SET TO OUTPUT ALL LOG MESSAGES !!!
20240907 032641.926 INFO             PET2 !!!     THIS MAY CAUSE SLOWDOWN IN PERFORMANCE     !!!
20240907 032641.926 INFO             PET2 !!! FOR PRODUCTION RUNS, USE:                      !!!
20240907 032641.926 INFO             PET2 !!!                   ESMF_LOGKIND_Multi_On_Error  !!!
20240907 032641.926 INFO             PET2 !!!!!!!!!!!!!!!!!!!!!!!!!!!!!!!!!!!!!!!!!!!!!!!!!!!!!!
20240907 032641.926 INFO             PET2 Running with ESMF Version   : v8.7.0b13-3-gedb848d90b
20240907 032641.926 INFO             PET2 ESMF library build date/time: "Sep  7 2024" "02:33:01"
20240907 032641.926 INFO             PET2 ESMF library build location : /work/noaa/da/mpotts/sandbox/gfortran_12.2.0_openmpi_g_develop/esmf
20240907 032641.926 INFO             PET2 ESMF_COMM                   : openmpi
20240907 032641.926 INFO             PET2 ESMF_MOAB                   : enabled
20240907 032641.926 INFO             PET2 ESMF_LAPACK                 : enabled
20240907 032641.926 INFO             PET2 ESMF_NETCDF                 : disabled
20240907 032641.926 INFO             PET2 ESMF_PNETCDF                : disabled
20240907 032641.926 INFO             PET2 ESMF_PIO                    : disabled
20240907 032641.926 INFO             PET2 ESMF_YAMLCPP                : enabled
20240907 032642.164 DEBUG            PET2 about to destroy Grid: 0x13b6030
20240907 032642.202 DEBUG            PET2 about to destroy Grid: 0x13b83a0
20240907 032642.298 INFO             PET2  NUMBER_OF_PROCESSORS           4
20240907 032642.298 INFO             PET2  PASS  Example ESMF_NUOPCAtmModelEx, ESMF_NUOPCAtmModelEx.F90, line 806
20240907 032642.298 INFO             PET2  Finalizing ESMF
20240907 032641.926 INFO             PET3 !!!!!!!!!!!!!!!!!!!!!!!!!!!!!!!!!!!!!!!!!!!!!!!!!!!!!!
20240907 032641.926 INFO             PET3 !!! THE ESMF_LOG IS SET TO OUTPUT ALL LOG MESSAGES !!!
20240907 032641.926 INFO             PET3 !!!     THIS MAY CAUSE SLOWDOWN IN PERFORMANCE     !!!
20240907 032641.926 INFO             PET3 !!! FOR PRODUCTION RUNS, USE:                      !!!
20240907 032641.926 INFO             PET3 !!!                   ESMF_LOGKIND_Multi_On_Error  !!!
20240907 032641.926 INFO             PET3 !!!!!!!!!!!!!!!!!!!!!!!!!!!!!!!!!!!!!!!!!!!!!!!!!!!!!!
20240907 032641.926 INFO             PET3 Running with ESMF Version   : v8.7.0b13-3-gedb848d90b
20240907 032641.926 INFO             PET3 ESMF library build date/time: "Sep  7 2024" "02:33:01"
20240907 032641.926 INFO             PET3 ESMF library build location : /work/noaa/da/mpotts/sandbox/gfortran_12.2.0_openmpi_g_develop/esmf
20240907 032641.926 INFO             PET3 ESMF_COMM                   : openmpi
20240907 032641.927 INFO             PET3 ESMF_MOAB                   : enabled
20240907 032641.927 INFO             PET3 ESMF_LAPACK                 : enabled
20240907 032641.927 INFO             PET3 ESMF_NETCDF                 : disabled
20240907 032641.927 INFO             PET3 ESMF_PNETCDF                : disabled
20240907 032641.927 INFO             PET3 ESMF_PIO                    : disabled
20240907 032641.927 INFO             PET3 ESMF_YAMLCPP                : enabled
20240907 032642.164 DEBUG            PET3 about to destroy Grid: 0x1a54e70
20240907 032642.202 DEBUG            PET3 about to destroy Grid: 0x1a570d0
20240907 032642.298 INFO             PET3  NUMBER_OF_PROCESSORS           4
20240907 032642.298 INFO             PET3  PASS  Example ESMF_NUOPCAtmModelEx, ESMF_NUOPCAtmModelEx.F90, line 806
20240907 032642.298 INFO             PET3  Finalizing ESMF
