2024-09-04 07:40:01
20240904 083711.279 INFO             PET0 !!!!!!!!!!!!!!!!!!!!!!!!!!!!!!!!!!!!!!!!!!!!!!!!!!!!!!
20240904 083711.279 INFO             PET0 !!! THE ESMF_LOG IS SET TO OUTPUT ALL LOG MESSAGES !!!
20240904 083711.279 INFO             PET0 !!!     THIS MAY CAUSE SLOWDOWN IN PERFORMANCE     !!!
20240904 083711.279 INFO             PET0 !!! FOR PRODUCTION RUNS, USE:                      !!!
20240904 083711.279 INFO             PET0 !!!                   ESMF_LOGKIND_Multi_On_Error  !!!
20240904 083711.279 INFO             PET0 !!!!!!!!!!!!!!!!!!!!!!!!!!!!!!!!!!!!!!!!!!!!!!!!!!!!!!
20240904 083711.279 INFO             PET0 Running with ESMF Version   : v8.7.0b13
20240904 083711.279 INFO             PET0 ESMF library build date/time: "Sep  4 2024" "07:36:16"
20240904 083711.279 INFO             PET0 ESMF library build location : /scratch2/NCEPDEV/stmp1/Gerhard.Theurich/ESMF-Nightly-Testing/nvhpc_24.1_openmpi_O_develop/esmf
20240904 083711.280 INFO             PET0 ESMF_COMM                   : openmpi
20240904 083711.280 INFO             PET0 ESMF_MOAB                   : enabled
20240904 083711.280 INFO             PET0 ESMF_LAPACK                 : enabled
20240904 083711.280 INFO             PET0 ESMF_NETCDF                 : disabled
20240904 083711.280 INFO             PET0 ESMF_PNETCDF                : disabled
20240904 083711.280 INFO             PET0 ESMF_PIO                    : disabled
20240904 083711.280 INFO             PET0 ESMF_YAMLCPP                : enabled
20240904 083711.281 INFO             PET0  NUMBER_OF_PROCESSORS            1
20240904 083711.281 INFO             PET0  PASS  Example ESMF_TimeEx, ESMF_TimeEx.F90, line 141
20240904 083711.281 INFO             PET0  Finalizing ESMF
