2024-09-16 07:41:50
20240916 083551.712 INFO             PET0 !!!!!!!!!!!!!!!!!!!!!!!!!!!!!!!!!!!!!!!!!!!!!!!!!!!!!!
20240916 083551.713 INFO             PET0 !!! THE ESMF_LOG IS SET TO OUTPUT ALL LOG MESSAGES !!!
20240916 083551.713 INFO             PET0 !!!     THIS MAY CAUSE SLOWDOWN IN PERFORMANCE     !!!
20240916 083551.713 INFO             PET0 !!! FOR PRODUCTION RUNS, USE:                      !!!
20240916 083551.713 INFO             PET0 !!!                   ESMF_LOGKIND_Multi_On_Error  !!!
20240916 083551.713 INFO             PET0 !!!!!!!!!!!!!!!!!!!!!!!!!!!!!!!!!!!!!!!!!!!!!!!!!!!!!!
20240916 083551.713 INFO             PET0 Running with ESMF Version   : v8.7.0b14
20240916 083551.713 INFO             PET0 ESMF library build date/time: "Sep 16 2024" "07:37:52"
20240916 083551.713 INFO             PET0 ESMF library build location : /scratch2/NCEPDEV/stmp1/Gerhard.Theurich/ESMF-Nightly-Testing/nvhpc_24.1_openmpi_O_develop/esmf
20240916 083551.713 INFO             PET0 ESMF_COMM                   : openmpi
20240916 083551.713 INFO             PET0 ESMF_MOAB                   : enabled
20240916 083551.713 INFO             PET0 ESMF_LAPACK                 : enabled
20240916 083551.713 INFO             PET0 ESMF_NETCDF                 : disabled
20240916 083551.713 INFO             PET0 ESMF_PNETCDF                : disabled
20240916 083551.714 INFO             PET0 ESMF_PIO                    : disabled
20240916 083551.714 INFO             PET0 ESMF_YAMLCPP                : enabled
20240916 083551.714 INFO             PET0  NUMBER_OF_PROCESSORS            1
20240916 083551.714 INFO             PET0  PASS  Example ESMF_ClockEx, ESMF_ClockEx.F90, line 220
20240916 083551.714 INFO             PET0  Finalizing ESMF
