2024-08-31 07:42:51
20240831 084149.941 INFO             PET0 !!!!!!!!!!!!!!!!!!!!!!!!!!!!!!!!!!!!!!!!!!!!!!!!!!!!!!
20240831 084149.941 INFO             PET0 !!! THE ESMF_LOG IS SET TO OUTPUT ALL LOG MESSAGES !!!
20240831 084149.941 INFO             PET0 !!!     THIS MAY CAUSE SLOWDOWN IN PERFORMANCE     !!!
20240831 084149.941 INFO             PET0 !!! FOR PRODUCTION RUNS, USE:                      !!!
20240831 084149.941 INFO             PET0 !!!                   ESMF_LOGKIND_Multi_On_Error  !!!
20240831 084149.941 INFO             PET0 !!!!!!!!!!!!!!!!!!!!!!!!!!!!!!!!!!!!!!!!!!!!!!!!!!!!!!
20240831 084149.941 INFO             PET0 Running with ESMF Version   : v8.7.0b12-2-gbfe22b56ac
20240831 084149.941 INFO             PET0 ESMF library build date/time: "Aug 31 2024" "07:38:59"
20240831 084149.941 INFO             PET0 ESMF library build location : /scratch2/NCEPDEV/stmp1/Gerhard.Theurich/ESMF-Nightly-Testing/nvhpc_24.1_openmpi_O_develop/esmf
20240831 084149.941 INFO             PET0 ESMF_COMM                   : openmpi
20240831 084149.942 INFO             PET0 ESMF_MOAB                   : enabled
20240831 084149.942 INFO             PET0 ESMF_LAPACK                 : enabled
20240831 084149.942 INFO             PET0 ESMF_NETCDF                 : disabled
20240831 084149.942 INFO             PET0 ESMF_PNETCDF                : disabled
20240831 084149.942 INFO             PET0 ESMF_PIO                    : disabled
20240831 084149.942 INFO             PET0 ESMF_YAMLCPP                : enabled
20240831 084149.954 INFO             PET0  NUMBER_OF_PROCESSORS            4
20240831 084149.954 INFO             PET0  PASS  Example ESMF_LocStreamEx, ESMF_LocStreamEx.F90, line 784
20240831 084149.954 INFO             PET0  Finalizing ESMF
20240831 084149.941 INFO             PET1 !!!!!!!!!!!!!!!!!!!!!!!!!!!!!!!!!!!!!!!!!!!!!!!!!!!!!!
20240831 084149.941 INFO             PET1 !!! THE ESMF_LOG IS SET TO OUTPUT ALL LOG MESSAGES !!!
20240831 084149.941 INFO             PET1 !!!     THIS MAY CAUSE SLOWDOWN IN PERFORMANCE     !!!
20240831 084149.941 INFO             PET1 !!! FOR PRODUCTION RUNS, USE:                      !!!
20240831 084149.941 INFO             PET1 !!!                   ESMF_LOGKIND_Multi_On_Error  !!!
20240831 084149.941 INFO             PET1 !!!!!!!!!!!!!!!!!!!!!!!!!!!!!!!!!!!!!!!!!!!!!!!!!!!!!!
20240831 084149.941 INFO             PET1 Running with ESMF Version   : v8.7.0b12-2-gbfe22b56ac
20240831 084149.941 INFO             PET1 ESMF library build date/time: "Aug 31 2024" "07:38:59"
20240831 084149.941 INFO             PET1 ESMF library build location : /scratch2/NCEPDEV/stmp1/Gerhard.Theurich/ESMF-Nightly-Testing/nvhpc_24.1_openmpi_O_develop/esmf
20240831 084149.941 INFO             PET1 ESMF_COMM                   : openmpi
20240831 084149.942 INFO             PET1 ESMF_MOAB                   : enabled
20240831 084149.942 INFO             PET1 ESMF_LAPACK                 : enabled
20240831 084149.942 INFO             PET1 ESMF_NETCDF                 : disabled
20240831 084149.942 INFO             PET1 ESMF_PNETCDF                : disabled
20240831 084149.942 INFO             PET1 ESMF_PIO                    : disabled
20240831 084149.942 INFO             PET1 ESMF_YAMLCPP                : enabled
20240831 084149.954 INFO             PET1  NUMBER_OF_PROCESSORS            4
20240831 084149.954 INFO             PET1  PASS  Example ESMF_LocStreamEx, ESMF_LocStreamEx.F90, line 784
20240831 084149.954 INFO             PET1  Finalizing ESMF
20240831 084149.941 INFO             PET2 !!!!!!!!!!!!!!!!!!!!!!!!!!!!!!!!!!!!!!!!!!!!!!!!!!!!!!
20240831 084149.941 INFO             PET2 !!! THE ESMF_LOG IS SET TO OUTPUT ALL LOG MESSAGES !!!
20240831 084149.941 INFO             PET2 !!!     THIS MAY CAUSE SLOWDOWN IN PERFORMANCE     !!!
20240831 084149.941 INFO             PET2 !!! FOR PRODUCTION RUNS, USE:                      !!!
20240831 084149.941 INFO             PET2 !!!                   ESMF_LOGKIND_Multi_On_Error  !!!
20240831 084149.941 INFO             PET2 !!!!!!!!!!!!!!!!!!!!!!!!!!!!!!!!!!!!!!!!!!!!!!!!!!!!!!
20240831 084149.941 INFO             PET2 Running with ESMF Version   : v8.7.0b12-2-gbfe22b56ac
20240831 084149.941 INFO             PET2 ESMF library build date/time: "Aug 31 2024" "07:38:59"
20240831 084149.941 INFO             PET2 ESMF library build location : /scratch2/NCEPDEV/stmp1/Gerhard.Theurich/ESMF-Nightly-Testing/nvhpc_24.1_openmpi_O_develop/esmf
20240831 084149.941 INFO             PET2 ESMF_COMM                   : openmpi
20240831 084149.941 INFO             PET2 ESMF_MOAB                   : enabled
20240831 084149.941 INFO             PET2 ESMF_LAPACK                 : enabled
20240831 084149.941 INFO             PET2 ESMF_NETCDF                 : disabled
20240831 084149.942 INFO             PET2 ESMF_PNETCDF                : disabled
20240831 084149.942 INFO             PET2 ESMF_PIO                    : disabled
20240831 084149.942 INFO             PET2 ESMF_YAMLCPP                : enabled
20240831 084149.954 INFO             PET2  NUMBER_OF_PROCESSORS            4
20240831 084149.954 INFO             PET2  PASS  Example ESMF_LocStreamEx, ESMF_LocStreamEx.F90, line 784
20240831 084149.954 INFO             PET2  Finalizing ESMF
20240831 084149.940 INFO             PET3 !!!!!!!!!!!!!!!!!!!!!!!!!!!!!!!!!!!!!!!!!!!!!!!!!!!!!!
20240831 084149.941 INFO             PET3 !!! THE ESMF_LOG IS SET TO OUTPUT ALL LOG MESSAGES !!!
20240831 084149.941 INFO             PET3 !!!     THIS MAY CAUSE SLOWDOWN IN PERFORMANCE     !!!
20240831 084149.941 INFO             PET3 !!! FOR PRODUCTION RUNS, USE:                      !!!
20240831 084149.941 INFO             PET3 !!!                   ESMF_LOGKIND_Multi_On_Error  !!!
20240831 084149.941 INFO             PET3 !!!!!!!!!!!!!!!!!!!!!!!!!!!!!!!!!!!!!!!!!!!!!!!!!!!!!!
20240831 084149.941 INFO             PET3 Running with ESMF Version   : v8.7.0b12-2-gbfe22b56ac
20240831 084149.941 INFO             PET3 ESMF library build date/time: "Aug 31 2024" "07:38:59"
20240831 084149.941 INFO             PET3 ESMF library build location : /scratch2/NCEPDEV/stmp1/Gerhard.Theurich/ESMF-Nightly-Testing/nvhpc_24.1_openmpi_O_develop/esmf
20240831 084149.941 INFO             PET3 ESMF_COMM                   : openmpi
20240831 084149.941 INFO             PET3 ESMF_MOAB                   : enabled
20240831 084149.941 INFO             PET3 ESMF_LAPACK                 : enabled
20240831 084149.941 INFO             PET3 ESMF_NETCDF                 : disabled
20240831 084149.941 INFO             PET3 ESMF_PNETCDF                : disabled
20240831 084149.941 INFO             PET3 ESMF_PIO                    : disabled
20240831 084149.941 INFO             PET3 ESMF_YAMLCPP                : enabled
20240831 084149.954 INFO             PET3  NUMBER_OF_PROCESSORS            4
20240831 084149.954 INFO             PET3  PASS  Example ESMF_LocStreamEx, ESMF_LocStreamEx.F90, line 784
20240831 084149.954 INFO             PET3  Finalizing ESMF
