2024-08-07 07:33:23
20240807 081232.949 INFO             PET0 !!!!!!!!!!!!!!!!!!!!!!!!!!!!!!!!!!!!!!!!!!!!!!!!!!!!!!
20240807 081232.949 INFO             PET0 !!! THE ESMF_LOG IS SET TO OUTPUT ALL LOG MESSAGES !!!
20240807 081232.949 INFO             PET0 !!!     THIS MAY CAUSE SLOWDOWN IN PERFORMANCE     !!!
20240807 081232.949 INFO             PET0 !!! FOR PRODUCTION RUNS, USE:                      !!!
20240807 081232.949 INFO             PET0 !!!                   ESMF_LOGKIND_Multi_On_Error  !!!
20240807 081232.949 INFO             PET0 !!!!!!!!!!!!!!!!!!!!!!!!!!!!!!!!!!!!!!!!!!!!!!!!!!!!!!
20240807 081232.949 INFO             PET0 Running with ESMF Version   : v8.7.0b11
20240807 081232.949 INFO             PET0 ESMF library build date/time: "Aug  7 2024" "07:30:19"
20240807 081232.949 INFO             PET0 ESMF library build location : /scratch2/NCEPDEV/stmp1/Gerhard.Theurich/ESMF-Nightly-Testing/gfortran_13.2.0_openmpi_g_develop/esmf
20240807 081232.949 INFO             PET0 ESMF_COMM                   : openmpi
20240807 081232.950 INFO             PET0 ESMF_MOAB                   : enabled
20240807 081232.950 INFO             PET0 ESMF_LAPACK                 : enabled
20240807 081232.950 INFO             PET0 ESMF_NETCDF                 : disabled
20240807 081232.950 INFO             PET0 ESMF_PNETCDF                : disabled
20240807 081232.950 INFO             PET0 ESMF_PIO                    : disabled
20240807 081232.950 INFO             PET0 ESMF_YAMLCPP                : enabled
20240807 081232.950 INFO             PET0  NUMBER_OF_PROCESSORS           1
20240807 081232.950 INFO             PET0  PASS  Example ESMF_TimeEx, ESMF_TimeEx.F90, line 141
20240807 081232.950 INFO             PET0  Finalizing ESMF
