2024-10-03 09:28:14
Runtime Error: Unexpected end of format specificationRuntime Error: Unexpected end of format specification
Program terminated by I/O erroRuntime Error: Unexpected end of format specification
Program terminated by I/O error on Runtime Error: Unexpected end of format specification
Program terminated by I/O error on internal file

Program terminated by I/O error on internal file
r on internal file
internal file
[borgk120:152563] *** Process received signal ***
[borgk120:152563] Signal: Aborted (6)
[borgk120:152563] Signal code:  (-6)
[borgk120:152564] *** Process received signal ***
[borgk120:152564] Signal: Aborted (6)
[borgk120:152564] Signal code:  (-6)
[borgk120:152561] *** Process received signal ***
[borgk120:152561] Signal: Aborted (6)
[borgk120:152561] Signal code:  (-6)
[borgk120:152562] *** Process received signal ***
[borgk120:152562] Signal: Aborted (6)
[borgk120:152562] Signal code:  (-6)
[borgk120:152563] [ 0] [borgk120:152564] [ 0] /lib64/libpthread.so.0(+0x16910)[0x148d6c7d1910]
[borgk120:152563] [ 1] /lib64/libpthread.so.0(+0x16910)[0x14efcc10f910]
[borgk120:152564] [ 1] /lib64/libc.so.6(gsignal+0x10d)[0x148d6bd07d2b]
[borgk120:152563] [ 2] /lib64/libc.so.6(gsignal+0x10d)[0x14efcb707d2b]
[borgk120:152564] [ 2] /lib64/libc.so.6(abort+0x177)[0x148d6bd093e5]
[borgk120:152563] [ 3] ./asyncIOApp(__NAGf90_io_abort+0x78)[0x45ae98]
[borgk120:152563] [borgk120:152561] [ 0] /lib64/libpthread.so.0(+0x16910)[0x14fd7b34e910]
[borgk120:152561] [ 1] [borgk120:152562] [ 0] /lib64/libpthread.so.0(+0x16910)[0x15087b97a910]
[borgk120:152562] [ 1] [ 4] ./asyncIOApp(__NAGf90_ioerr+0x1cd)[0x45b4fd]
[borgk120:152563] [ 5] /lib64/libc.so.6(gsignal+0x10d)[0x15087af07d2b]
[borgk120:152562] [ 2] /lib64/libc.so.6(gsignal+0x10d)[0x14fd7aa53d2b]
[borgk120:152561] [ 2] /lib64/libc.so.6(abort+0x177)[0x14fd7aa553e5]
[borgk120:152561] [ 3] ./asyncIOApp(__NAGf90_io_abort+0x78)[0x45ae98]
/lib64/libc.so.6(abort+0x177)[0x14efcb7093e5]
[borgk120:152564] [ 3] ./asyncIOApp(__NAGf90_io_abort+0x78)[0x45ae98]
[borgk120:152564] [ 4] ./asyncIOApp(__NAGf90_ioerr+0x1cd)[0x45b4fd]
[borgk120:152564] [ 5] /discover/nobackup/projects/gmao/SIteam/comp/SLES-15/nag/7.2.15/lib/NAG_Fortran/libf72rts.so.1(__NAGf90_maybe_next_edit+0xe19)[0x148d6c0aa629]
[borgk120:152563] [ 6] /discover/nobackup/projects/gmao/SIteam/comp/SLES-15/nag/7.2.15/lib/NAG_Fortran/libf72rts.so.1(__NAGf90_maybe_next_edit+0xe19)[0x14efcbaaa629]
[borgk120:152564] [ 6] /lib64/libc.so.6(abort+0x177)[0x15087af093e5]
[borgk120:152562] [ 3] ./asyncIOApp(__NAGf90_io_abort+0x78)[0x45ae98]
[borgk120:152562] [borgk120:152561] [ 4] ./asyncIOApp(__NAGf90_ioerr+0x1cd)[0x45b4fd]
[borgk120:152561] [ 5] [ 4] ./asyncIOApp(__NAGf90_ioerr+0x1cd)[0x45b4fd]
[borgk120:152562] [ 5] /discover/nobackup/projects/gmao/SIteam/comp/SLES-15/nag/7.2.15/lib/NAG_Fortran/libf72rts.so.1(__NAGf90_maybe_next_edit+0xe19)[0x15087b2aa629]
[borgk120:152562] [ 6] /discover/nobackup/projects/gmao/SIteam/comp/SLES-15/nag/7.2.15/lib/NAG_Fortran/libf72rts.so.1(__NAGf90_maybe_next_edit+0xe19)[0x14fd7acaa629]
[borgk120:152561] [ 6] /discover/nobackup/projects/gmao/SIteam/ESMF_Testing/nag_7.2.15_openmpi_O_release_8.7.0/esmf/DEFAULTINSTALLDIR/lib/libO/Linux.nag.64.openmpi.default/libesmf.so(nuopc_driver_MP_loopdatadependentinitialize+0x3aef)[0x148d6e9cef28]
[borgk120:152563] [ 7] /discover/nobackup/projects/gmao/SIteam/ESMF_Testing/nag_7.2.15_openmpi_O_release_8.7.0/esmf/DEFAULTINSTALLDIR/lib/libO/Linux.nag.64.openmpi.default/libesmf.so(nuopc_driver_MP_loopdatadependentinitialize+0x3aef)[0x14efce30cf28]
[borgk120:152564] [ 7] /discover/nobackup/projects/gmao/SIteam/ESMF_Testing/nag_7.2.15_openmpi_O_release_8.7.0/esmf/DEFAULTINSTALLDIR/lib/libO/Linux.nag.64.openmpi.default/libesmf.so(nuopc_driver_MP_loopdatadependentinitialize+0x3aef)[0x14fd7d697f28]
[borgk120:152561] [ 7] /discover/nobackup/projects/gmao/SIteam/ESMF_Testing/nag_7.2.15_openmpi_O_release_8.7.0/esmf/DEFAULTINSTALLDIR/lib/libO/Linux.nag.64.openmpi.default/libesmf.so(nuopc_driver_MP_loopdatadependentinitialize+0x3aef)[0x15087db77f28]
[borgk120:152562] [ 7] /discover/nobackup/projects/gmao/SIteam/ESMF_Testing/nag_7.2.15_openmpi_O_release_8.7.0/esmf/DEFAULTINSTALLDIR/lib/libO/Linux.nag.64.openmpi.default/libesmf.so(nuopc_driver_MP_initializeipdv02p5data+0x3180)[0x148d6e9dee4a]
[borgk120:152563] [ 8] /discover/nobackup/projects/gmao/SIteam/ESMF_Testing/nag_7.2.15_openmpi_O_release_8.7.0/esmf/DEFAULTINSTALLDIR/lib/libO/Linux.nag.64.openmpi.default/libesmf.so(nuopc_driver_MP_initializeipdv02p5data+0x3180)[0x14efce31ce4a]
[borgk120:152564] [ 8] /discover/nobackup/projects/gmao/SIteam/ESMF_Testing/nag_7.2.15_openmpi_O_release_8.7.0/esmf/DEFAULTINSTALLDIR/lib/libO/Linux.nag.64.openmpi.default/libesmf.so(nuopc_driver_MP_initializeipdv02p5data+0x3180)[0x14fd7d6a7e4a]
[borgk120:152561] [ 8] /discover/nobackup/projects/gmao/SIteam/ESMF_Testing/nag_7.2.15_openmpi_O_release_8.7.0/esmf/DEFAULTINSTALLDIR/lib/libO/Linux.nag.64.openmpi.default/libesmf.so(nuopc_driver_MP_initializeipdv02p5data+0x3180)[0x15087db87e4a]
[borgk120:152562] [ 8] /discover/nobackup/projects/gmao/SIteam/ESMF_Testing/nag_7.2.15_openmpi_O_release_8.7.0/esmf/DEFAULTINSTALLDIR/lib/libO/Linux.nag.64.openmpi.default/libesmf.so(nuopc_driver_MP_initializeipdv02p5+0x4779)[0x148d6e9e440f]
[borgk120:152563] [ 9] /discover/nobackup/projects/gmao/SIteam/ESMF_Testing/nag_7.2.15_openmpi_O_release_8.7.0/esmf/DEFAULTINSTALLDIR/lib/libO/Linux.nag.64.openmpi.default/libesmf.so(nuopc_driver_MP_initializeipdv02p5+0x4779)[0x14efce32240f]
[borgk120:152564] [ 9] /discover/nobackup/projects/gmao/SIteam/ESMF_Testing/nag_7.2.15_openmpi_O_release_8.7.0/esmf/DEFAULTINSTALLDIR/lib/libO/Linux.nag.64.openmpi.default/libesmf.so(nuopc_driver_MP_initializeipdv02p5+0x4779)[0x14fd7d6ad40f]
[borgk120:152561] [ 9] /discover/nobackup/projects/gmao/SIteam/ESMF_Testing/nag_7.2.15_openmpi_O_release_8.7.0/esmf/DEFAULTINSTALLDIR/lib/libO/Linux.nag.64.openmpi.default/libesmf.so(nuopc_driver_MP_initializeipdv02p5+0x4779)[0x15087db8d40f]
[borgk120:152562] [ 9] /discover/nobackup/projects/gmao/SIteam/ESMF_Testing/nag_7.2.15_openmpi_O_release_8.7.0/esmf/DEFAULTINSTALLDIR/lib/libO/Linux.nag.64.openmpi.default/libesmf.so(nuopc_driver_MP_initializegeneric+0x1a06)[0x148d6ea19a9d]
[borgk120:152563] [10] /discover/nobackup/projects/gmao/SIteam/ESMF_Testing/nag_7.2.15_openmpi_O_release_8.7.0/esmf/DEFAULTINSTALLDIR/lib/libO/Linux.nag.64.openmpi.default/libesmf.so(nuopc_driver_MP_initializegeneric+0x1a06)[0x14efce357a9d]
[borgk120:152564] [10] /discover/nobackup/projects/gmao/SIteam/ESMF_Testing/nag_7.2.15_openmpi_O_release_8.7.0/esmf/DEFAULTINSTALLDIR/lib/libO/Linux.nag.64.openmpi.default/libesmf.so(nuopc_driver_MP_initializegeneric+0x1a06)[0x14fd7d6e2a9d]
[borgk120:152561] [10] /discover/nobackup/projects/gmao/SIteam/ESMF_Testing/nag_7.2.15_openmpi_O_release_8.7.0/esmf/DEFAULTINSTALLDIR/lib/libO/Linux.nag.64.openmpi.default/libesmf.so(nuopc_driver_MP_initializegeneric+0x1a06)[0x15087dbc2a9d]
[borgk120:152562] [10] /discover/nobackup/projects/gmao/SIteam/ESMF_Testing/nag_7.2.15_openmpi_O_release_8.7.0/esmf/DEFAULTINSTALLDIR/lib/libO/Linux.nag.64.openmpi.default/libesmf.so(_ZN5ESMCI6FTable12callVFuncPtrEPKcPNS_2VMEPi+0xc55)[0x148d6db27ce9]
[borgk120:152563] [11] /discover/nobackup/projects/gmao/SIteam/ESMF_Testing/nag_7.2.15_openmpi_O_release_8.7.0/esmf/DEFAULTINSTALLDIR/lib/libO/Linux.nag.64.openmpi.default/libesmf.so(_ZN5ESMCI6FTable12callVFuncPtrEPKcPNS_2VMEPi+0xc55)[0x14efcd465ce9]
[borgk120:152564] [11] /discover/nobackup/projects/gmao/SIteam/ESMF_Testing/nag_7.2.15_openmpi_O_release_8.7.0/esmf/DEFAULTINSTALLDIR/lib/libO/Linux.nag.64.openmpi.default/libesmf.so(_ZN5ESMCI6FTable12callVFuncPtrEPKcPNS_2VMEPi+0xc55)[0x14fd7c7f0ce9]
[borgk120:152561] [11] /discover/nobackup/projects/gmao/SIteam/ESMF_Testing/nag_7.2.15_openmpi_O_release_8.7.0/esmf/DEFAULTINSTALLDIR/lib/libO/Linux.nag.64.openmpi.default/libesmf.so(_ZN5ESMCI6FTable12callVFuncPtrEPKcPNS_2VMEPi+0xc55)[0x15087ccd0ce9]
[borgk120:152562] [11] /discover/nobackup/projects/gmao/SIteam/ESMF_Testing/nag_7.2.15_openmpi_O_release_8.7.0/esmf/DEFAULTINSTALLDIR/lib/libO/Linux.nag.64.openmpi.default/libesmf.so(ESMCI_FTableCallEntryPointVMHop+0x32e)[0x148d6db24dbc]
[borgk120:152563] [12] /discover/nobackup/projects/gmao/SIteam/ESMF_Testing/nag_7.2.15_openmpi_O_release_8.7.0/esmf/DEFAULTINSTALLDIR/lib/libO/Linux.nag.64.openmpi.default/libesmf.so(ESMCI_FTableCallEntryPointVMHop+0x32e)[0x14efcd462dbc]
[borgk120:152564] [12] /discover/nobackup/projects/gmao/SIteam/ESMF_Testing/nag_7.2.15_openmpi_O_release_8.7.0/esmf/DEFAULTINSTALLDIR/lib/libO/Linux.nag.64.openmpi.default/libesmf.so(ESMCI_FTableCallEntryPointVMHop+0x32e)[0x15087cccddbc]
[borgk120:152562] [12] /discover/nobackup/projects/gmao/SIteam/ESMF_Testing/nag_7.2.15_openmpi_O_release_8.7.0/esmf/DEFAULTINSTALLDIR/lib/libO/Linux.nag.64.openmpi.default/libesmf.so(ESMCI_FTableCallEntryPointVMHop+0x32e)[0x14fd7c7eddbc]
[borgk120:152561] [12] /discover/nobackup/projects/gmao/SIteam/ESMF_Testing/nag_7.2.15_openmpi_O_release_8.7.0/esmf/DEFAULTINSTALLDIR/lib/libO/Linux.nag.64.openmpi.default/libesmf.so(_ZN5ESMCI3VMK5enterEPNS_7VMKPlanEPvS3_+0xd5)[0x148d6df23a53]
[borgk120:152563] [13] /discover/nobackup/projects/gmao/SIteam/ESMF_Testing/nag_7.2.15_openmpi_O_release_8.7.0/esmf/DEFAULTINSTALLDIR/lib/libO/Linux.nag.64.openmpi.default/libesmf.so(_ZN5ESMCI3VMK5enterEPNS_7VMKPlanEPvS3_+0xd5)[0x14efcd861a53]
[borgk120:152564] [13] /discover/nobackup/projects/gmao/SIteam/ESMF_Testing/nag_7.2.15_openmpi_O_release_8.7.0/esmf/DEFAULTINSTALLDIR/lib/libO/Linux.nag.64.openmpi.default/libesmf.so(_ZN5ESMCI3VMK5enterEPNS_7VMKPlanEPvS3_+0xd5)[0x15087d0cca53]
[borgk120:152562] [13] /discover/nobackup/projects/gmao/SIteam/ESMF_Testing/nag_7.2.15_openmpi_O_release_8.7.0/esmf/DEFAULTINSTALLDIR/lib/libO/Linux.nag.64.openmpi.default/libesmf.so(_ZN5ESMCI3VMK5enterEPNS_7VMKPlanEPvS3_+0xd5)[0x14fd7cbeca53]
[borgk120:152561] [13] /discover/nobackup/projects/gmao/SIteam/ESMF_Testing/nag_7.2.15_openmpi_O_release_8.7.0/esmf/DEFAULTINSTALLDIR/lib/libO/Linux.nag.64.openmpi.default/libesmf.so(_ZN5ESMCI2VM5enterEPNS_6VMPlanEPvS3_+0xb7)[0x14efcd84b96d]
[borgk120:152564] [14] /discover/nobackup/projects/gmao/SIteam/ESMF_Testing/nag_7.2.15_openmpi_O_release_8.7.0/esmf/DEFAULTINSTALLDIR/lib/libO/Linux.nag.64.openmpi.default/libesmf.so(_ZN5ESMCI2VM5enterEPNS_6VMPlanEPvS3_+0xb7)[0x148d6df0d96d]
[borgk120:152563] [14] /discover/nobackup/projects/gmao/SIteam/ESMF_Testing/nag_7.2.15_openmpi_O_release_8.7.0/esmf/DEFAULTINSTALLDIR/lib/libO/Linux.nag.64.openmpi.default/libesmf.so(_ZN5ESMCI2VM5enterEPNS_6VMPlanEPvS3_+0xb7)[0x14fd7cbd696d]
[borgk120:152561] [14] /discover/nobackup/projects/gmao/SIteam/ESMF_Testing/nag_7.2.15_openmpi_O_release_8.7.0/esmf/DEFAULTINSTALLDIR/lib/libO/Linux.nag.64.openmpi.default/libesmf.so(_ZN5ESMCI2VM5enterEPNS_6VMPlanEPvS3_+0xb7)[0x15087d0b696d]
[borgk120:152562] [14] /discover/nobackup/projects/gmao/SIteam/ESMF_Testing/nag_7.2.15_openmpi_O_release_8.7.0/esmf/DEFAULTINSTALLDIR/lib/libO/Linux.nag.64.openmpi.default/libesmf.so(c_esmc_ftablecallentrypointvm_+0x35f)[0x14efcd463255]
[borgk120:152564] [15] /discover/nobackup/projects/gmao/SIteam/ESMF_Testing/nag_7.2.15_openmpi_O_release_8.7.0/esmf/DEFAULTINSTALLDIR/lib/libO/Linux.nag.64.openmpi.default/libesmf.so(c_esmc_ftablecallentrypointvm_+0x35f)[0x148d6db25255]
[borgk120:152563] [15] /discover/nobackup/projects/gmao/SIteam/ESMF_Testing/nag_7.2.15_openmpi_O_release_8.7.0/esmf/DEFAULTINSTALLDIR/lib/libO/Linux.nag.64.openmpi.default/libesmf.so(c_esmc_ftablecallentrypointvm_+0x35f)[0x14fd7c7ee255]
[borgk120:152561] [15] /discover/nobackup/projects/gmao/SIteam/ESMF_Testing/nag_7.2.15_openmpi_O_release_8.7.0/esmf/DEFAULTINSTALLDIR/lib/libO/Linux.nag.64.openmpi.default/libesmf.so(c_esmc_ftablecallentrypointvm_+0x35f)[0x15087ccce255]
[borgk120:152562] [15] /discover/nobackup/projects/gmao/SIteam/ESMF_Testing/nag_7.2.15_openmpi_O_release_8.7.0/esmf/DEFAULTINSTALLDIR/lib/libO/Linux.nag.64.openmpi.default/libesmf.so(esmf_compmod_MP_esmf_compexecute+0xa6a)[0x14efcdaf815e]
[borgk120:152564] [16] /discover/nobackup/projects/gmao/SIteam/ESMF_Testing/nag_7.2.15_openmpi_O_release_8.7.0/esmf/DEFAULTINSTALLDIR/lib/libO/Linux.nag.64.openmpi.default/libesmf.so(esmf_compmod_MP_esmf_compexecute+0xa6a)[0x148d6e1ba15e]
[borgk120:152563] [16] /discover/nobackup/projects/gmao/SIteam/ESMF_Testing/nag_7.2.15_openmpi_O_release_8.7.0/esmf/DEFAULTINSTALLDIR/lib/libO/Linux.nag.64.openmpi.default/libesmf.so(esmf_compmod_MP_esmf_compexecute+0xa6a)[0x14fd7ce8315e]
[borgk120:152561] [16] /discover/nobackup/projects/gmao/SIteam/ESMF_Testing/nag_7.2.15_openmpi_O_release_8.7.0/esmf/DEFAULTINSTALLDIR/lib/libO/Linux.nag.64.openmpi.default/libesmf.so(esmf_compmod_MP_esmf_compexecute+0xa6a)[0x15087d36315e]
[borgk120:152562] [16] /discover/nobackup/projects/gmao/SIteam/ESMF_Testing/nag_7.2.15_openmpi_O_release_8.7.0/esmf/DEFAULTINSTALLDIR/lib/libO/Linux.nag.64.openmpi.default/libesmf.so(esmf_gridcompmod_MP_esmf_gridcompinitialize+0x176)[0x148d6e4da46f]
[borgk120:152563] [17] ./asyncIOApp[0x49622e]
[borgk120:152563] /discover/nobackup/projects/gmao/SIteam/ESMF_Testing/nag_7.2.15_openmpi_O_release_8.7.0/esmf/DEFAULTINSTALLDIR/lib/libO/Linux.nag.64.openmpi.default/libesmf.so(esmf_gridcompmod_MP_esmf_gridcompinitialize+0x176)[0x14efcde1846f]
[borgk120:152564] [17] ./asyncIOApp[0x49622e]
[borgk120:152564] [18] [18] /discover/nobackup/projects/gmao/SIteam/ESMF_Testing/nag_7.2.15_openmpi_O_release_8.7.0/esmf/DEFAULTINSTALLDIR/lib/libO/Linux.nag.64.openmpi.default/libesmf.so(esmf_gridcompmod_MP_esmf_gridcompinitialize+0x176)[0x14fd7d1a346f]
[borgk120:152561] [17] ./asyncIOApp[0x49622e]
./asyncIOApp(__NAGf90_cosmp_init+0x123)[0x435103]
[borgk120:152564] [19] ./asyncIOApp[0x495e13]
[borgk120:152564] [20] ./asyncIOApp(__NAGf90_cosmp_init+0x123)[0x435103]
[borgk120:152563] [19] ./asyncIOApp[0x495e13]
[borgk120:152563] [20] /lib64/libc.so.6(__libc_start_main+0xef)[0x148d6bcf224d]
[borgk120:152563] [21] /lib64/libc.so.6(__libc_start_main+0xef)[0x14efcb6f224d]
[borgk120:152564] [21] [borgk120:152561] [18] ./asyncIOApp(__NAGf90_cosmp_init+0x123)[0x435103]
[borgk120:152561] [19] /discover/nobackup/projects/gmao/SIteam/ESMF_Testing/nag_7.2.15_openmpi_O_release_8.7.0/esmf/DEFAULTINSTALLDIR/lib/libO/Linux.nag.64.openmpi.default/libesmf.so(esmf_gridcompmod_MP_esmf_gridcompinitialize+0x176)[0x15087d68346f]
[borgk120:152562] [17] ./asyncIOApp[0x49622e]
[borgk120:152562] [18] ./asyncIOApp[0x495e13]
[borgk120:152561] [20] /lib64/libc.so.6(__libc_start_main+0xef)[0x14fd7aa3e24d]
[borgk120:152561] [21] ./asyncIOApp[0x40c56a]
[borgk120:152561] *** End of error message ***
./asyncIOApp[0x40c56a]
[borgk120:152563] *** End of error message ***
./asyncIOApp[0x40c56a]
[borgk120:152564] *** End of error message ***
./asyncIOApp(__NAGf90_cosmp_init+0x123)[0x435103]
[borgk120:152562] [19] ./asyncIOApp[0x495e13]
[borgk120:152562] [20] /lib64/libc.so.6(__libc_start_main+0xef)[0x15087aef224d]
[borgk120:152562] [21] ./asyncIOApp[0x40c56a]
[borgk120:152562] *** End of error message ***
--------------------------------------------------------------------------
Primary job  terminated normally, but 1 process returned
a non-zero exit code. Per user-direction, the job has been aborted.
--------------------------------------------------------------------------
--------------------------------------------------------------------------
mpirun noticed that process rank 2 with PID 152563 on node borgk120 exited on signal 6 (Aborted).
--------------------------------------------------------------------------
2 total processes killed (some possibly by mpirun during cleanup)
