2024-10-03 09:28:14
Runtime Error: Runtime Error: Runtime Error: UnexpRuntime Error: UneUnexpUnexpected end of format specixpected end of format ected end of format specification
ected end of format specification
Program terminated by I/O error on internal file
Program terminated by I/O error on internal file
specification
Program terminated by I/O error on internal file
fication
Program terminated by I/O error on internal file
[borgk120:152483] *** Process received signal ***
[borgk120:152483] Signal: Aborted (6)
[borgk120:152483] Signal code:  (-6)
[borgk120:152485] *** Process received signal ***
[borgk120:152485] Signal: Aborted (6)
[borgk120:152485] Signal code:  (-6)
[borgk120:152484] *** Process received signal ***
[borgk120:152482] *** Process received signal ***
[borgk120:152482] Signal: Aborted (6)
[borgk120:152482] Signal code:  (-6)
[borgk120:152484] Signal: Aborted (6)
[borgk120:152484] Signal code:  (-6)
[borgk120:152483] [ 0] /lib64/libpthread.so.0(+0x16910)[0x14d7c2947910]
[borgk120:152485] [ 0] [borgk120:152484] [ 0] [borgk120:152482] [ 0] [borgk120:152483] [ 1] /lib64/libpthread.so.0(+0x16910)[0x1522f9b58910]
[borgk120:152485] [ 1] /lib64/libc.so.6(gsignal+0x10d)[0x14d7c2053d2b]
[borgk120:152483] [ 2] /lib64/libc.so.6(abort+0x177)[0x14d7c20553e5]
[borgk120:152483] [ 3] ./asyncIOApp(__NAGf90_io_abort+0x78)[0x45abf8]
[borgk120:152483] [ 4] /lib64/libpthread.so.0(+0x16910)[0x145637955910]
[borgk120:152484] [ 1] /lib64/libc.so.6(gsignal+0x10d)[0x145636f07d2b]
[borgk120:152484] [ 2] /lib64/libc.so.6(abort+0x177)[0x145636f093e5]
[borgk120:152484] [ 3] /lib64/libpthread.so.0(+0x16910)[0x14a877926910]
[borgk120:152482] [ 1] /lib64/libc.so.6(gsignal+0x10d)[0x14a876f07d2b]
[borgk120:152482] [ 2] /lib64/libc.so.6(gsignal+0x10d)[0x1522f9253d2b]
[borgk120:152485] [ 2] /lib64/libc.so.6(abort+0x177)[0x1522f92553e5]
[borgk120:152485] [ 3] ./asyncIOApp(__NAGf90_io_abort+0x78)[0x45abf8]
[borgk120:152485] [ 4] ./asyncIOApp(__NAGf90_ioerr+0x1cd)[0x45b25d]
./asyncIOApp(__NAGf90_ioerr+0x1cd)[0x45b25d]
[borgk120:152483] [ 5] ./asyncIOApp(__NAGf90_io_abort+0x78)[0x45abf8]
[borgk120:152484] [ 4] ./asyncIOApp(__NAGf90_ioerr+0x1cd)[0x45b25d]
[borgk120:152484] [ 5] [borgk120:152485] [ 5] /lib64/libc.so.6(abort+0x177)[0x14a876f093e5]
[borgk120:152482] [ 3] ./asyncIOApp(__NAGf90_io_abort+0x78)[0x45abf8]
[borgk120:152482] [ 4] ./asyncIOApp(__NAGf90_ioerr+0x1cd)[0x45b25d]
[borgk120:152482] [ 5] /discover/nobackup/projects/gmao/SIteam/comp/SLES-15/nag/7.2.15/lib/NAG_Fortran/libf72rts.so.1(__NAGf90_maybe_next_edit+0xe19)[0x14a8772aa629]
[borgk120:152482] [ 6] /discover/nobackup/projects/gmao/SIteam/comp/SLES-15/nag/7.2.15/lib/NAG_Fortran/libf72rts.so.1(__NAGf90_maybe_next_edit+0xe19)[0x1522f94aa629]
[borgk120:152485] [ 6] /discover/nobackup/projects/gmao/SIteam/comp/SLES-15/nag/7.2.15/lib/NAG_Fortran/libf72rts.so.1(__NAGf90_maybe_next_edit+0xe19)[0x1456372aa629]
[borgk120:152484] [ 6] /discover/nobackup/projects/gmao/SIteam/comp/SLES-15/nag/7.2.15/lib/NAG_Fortran/libf72rts.so.1(__NAGf90_maybe_next_edit+0xe19)[0x14d7c22aa629]
[borgk120:152483] [ 6] /discover/nobackup/projects/gmao/SIteam/ESMF_Testing/nag_7.2.15_openmpi_O_release_8.7.0/esmf/DEFAULTINSTALLDIR/lib/libO/Linux.nag.64.openmpi.default/libesmf.so(nuopc_driver_MP_loopdatadependentinitialize+0x3aef)[0x14d7c4c90f28]
[borgk120:152483] [ 7] /discover/nobackup/projects/gmao/SIteam/ESMF_Testing/nag_7.2.15_openmpi_O_release_8.7.0/esmf/DEFAULTINSTALLDIR/lib/libO/Linux.nag.64.openmpi.default/libesmf.so(nuopc_driver_MP_loopdatadependentinitialize+0x3aef)[0x1522fbea1f28]
[borgk120:152485] [ 7] /discover/nobackup/projects/gmao/SIteam/ESMF_Testing/nag_7.2.15_openmpi_O_release_8.7.0/esmf/DEFAULTINSTALLDIR/lib/libO/Linux.nag.64.openmpi.default/libesmf.so(nuopc_driver_MP_loopdatadependentinitialize+0x3aef)[0x145639b52f28]
[borgk120:152484] [ 7] /discover/nobackup/projects/gmao/SIteam/ESMF_Testing/nag_7.2.15_openmpi_O_release_8.7.0/esmf/DEFAULTINSTALLDIR/lib/libO/Linux.nag.64.openmpi.default/libesmf.so(nuopc_driver_MP_loopdatadependentinitialize+0x3aef)[0x14a879b23f28]
[borgk120:152482] [ 7] /discover/nobackup/projects/gmao/SIteam/ESMF_Testing/nag_7.2.15_openmpi_O_release_8.7.0/esmf/DEFAULTINSTALLDIR/lib/libO/Linux.nag.64.openmpi.default/libesmf.so(nuopc_driver_MP_initializeipdv02p5data+0x3180)[0x1522fbeb1e4a]
[borgk120:152485] [ 8] /discover/nobackup/projects/gmao/SIteam/ESMF_Testing/nag_7.2.15_openmpi_O_release_8.7.0/esmf/DEFAULTINSTALLDIR/lib/libO/Linux.nag.64.openmpi.default/libesmf.so(nuopc_driver_MP_initializeipdv02p5data+0x3180)[0x14d7c4ca0e4a]
[borgk120:152483] [ 8] /discover/nobackup/projects/gmao/SIteam/ESMF_Testing/nag_7.2.15_openmpi_O_release_8.7.0/esmf/DEFAULTINSTALLDIR/lib/libO/Linux.nag.64.openmpi.default/libesmf.so(nuopc_driver_MP_initializeipdv02p5data+0x3180)[0x14a879b33e4a]
[borgk120:152482] [ 8] /discover/nobackup/projects/gmao/SIteam/ESMF_Testing/nag_7.2.15_openmpi_O_release_8.7.0/esmf/DEFAULTINSTALLDIR/lib/libO/Linux.nag.64.openmpi.default/libesmf.so(nuopc_driver_MP_initializeipdv02p5data+0x3180)[0x145639b62e4a]
[borgk120:152484] [ 8] /discover/nobackup/projects/gmao/SIteam/ESMF_Testing/nag_7.2.15_openmpi_O_release_8.7.0/esmf/DEFAULTINSTALLDIR/lib/libO/Linux.nag.64.openmpi.default/libesmf.so(nuopc_driver_MP_initializeipdv02p5+0x4779)[0x14d7c4ca640f]
[borgk120:152483] [ 9] /discover/nobackup/projects/gmao/SIteam/ESMF_Testing/nag_7.2.15_openmpi_O_release_8.7.0/esmf/DEFAULTINSTALLDIR/lib/libO/Linux.nag.64.openmpi.default/libesmf.so(nuopc_driver_MP_initializeipdv02p5+0x4779)[0x1522fbeb740f]
[borgk120:152485] [ 9] /discover/nobackup/projects/gmao/SIteam/ESMF_Testing/nag_7.2.15_openmpi_O_release_8.7.0/esmf/DEFAULTINSTALLDIR/lib/libO/Linux.nag.64.openmpi.default/libesmf.so(nuopc_driver_MP_initializeipdv02p5+0x4779)[0x145639b6840f]
[borgk120:152484] [ 9] /discover/nobackup/projects/gmao/SIteam/ESMF_Testing/nag_7.2.15_openmpi_O_release_8.7.0/esmf/DEFAULTINSTALLDIR/lib/libO/Linux.nag.64.openmpi.default/libesmf.so(nuopc_driver_MP_initializeipdv02p5+0x4779)[0x14a879b3940f]
[borgk120:152482] [ 9] /discover/nobackup/projects/gmao/SIteam/ESMF_Testing/nag_7.2.15_openmpi_O_release_8.7.0/esmf/DEFAULTINSTALLDIR/lib/libO/Linux.nag.64.openmpi.default/libesmf.so(nuopc_driver_MP_initializegeneric+0x1a06)[0x14d7c4cdba9d]
[borgk120:152483] [10] /discover/nobackup/projects/gmao/SIteam/ESMF_Testing/nag_7.2.15_openmpi_O_release_8.7.0/esmf/DEFAULTINSTALLDIR/lib/libO/Linux.nag.64.openmpi.default/libesmf.so(nuopc_driver_MP_initializegeneric+0x1a06)[0x1522fbeeca9d]
[borgk120:152485] [10] /discover/nobackup/projects/gmao/SIteam/ESMF_Testing/nag_7.2.15_openmpi_O_release_8.7.0/esmf/DEFAULTINSTALLDIR/lib/libO/Linux.nag.64.openmpi.default/libesmf.so(nuopc_driver_MP_initializegeneric+0x1a06)[0x145639b9da9d]
[borgk120:152484] [10] /discover/nobackup/projects/gmao/SIteam/ESMF_Testing/nag_7.2.15_openmpi_O_release_8.7.0/esmf/DEFAULTINSTALLDIR/lib/libO/Linux.nag.64.openmpi.default/libesmf.so(nuopc_driver_MP_initializegeneric+0x1a06)[0x14a879b6ea9d]
[borgk120:152482] [10] /discover/nobackup/projects/gmao/SIteam/ESMF_Testing/nag_7.2.15_openmpi_O_release_8.7.0/esmf/DEFAULTINSTALLDIR/lib/libO/Linux.nag.64.openmpi.default/libesmf.so(_ZN5ESMCI6FTable12callVFuncPtrEPKcPNS_2VMEPi+0xc55)[0x1522fafface9]
[borgk120:152485] [11] /discover/nobackup/projects/gmao/SIteam/ESMF_Testing/nag_7.2.15_openmpi_O_release_8.7.0/esmf/DEFAULTINSTALLDIR/lib/libO/Linux.nag.64.openmpi.default/libesmf.so(_ZN5ESMCI6FTable12callVFuncPtrEPKcPNS_2VMEPi+0xc55)[0x14d7c3de9ce9]
[borgk120:152483] [11] /discover/nobackup/projects/gmao/SIteam/ESMF_Testing/nag_7.2.15_openmpi_O_release_8.7.0/esmf/DEFAULTINSTALLDIR/lib/libO/Linux.nag.64.openmpi.default/libesmf.so(_ZN5ESMCI6FTable12callVFuncPtrEPKcPNS_2VMEPi+0xc55)[0x14a878c7cce9]
[borgk120:152482] /discover/nobackup/projects/gmao/SIteam/ESMF_Testing/nag_7.2.15_openmpi_O_release_8.7.0/esmf/DEFAULTINSTALLDIR/lib/libO/Linux.nag.64.openmpi.default/libesmf.so(_ZN5ESMCI6FTable12callVFuncPtrEPKcPNS_2VMEPi+0xc55)[0x145638cabce9]
[borgk120:152484] [11] [11] /discover/nobackup/projects/gmao/SIteam/ESMF_Testing/nag_7.2.15_openmpi_O_release_8.7.0/esmf/DEFAULTINSTALLDIR/lib/libO/Linux.nag.64.openmpi.default/libesmf.so(ESMCI_FTableCallEntryPointVMHop+0x32e)[0x14d7c3de6dbc]
[borgk120:152483] [12] /discover/nobackup/projects/gmao/SIteam/ESMF_Testing/nag_7.2.15_openmpi_O_release_8.7.0/esmf/DEFAULTINSTALLDIR/lib/libO/Linux.nag.64.openmpi.default/libesmf.so(ESMCI_FTableCallEntryPointVMHop+0x32e)[0x145638ca8dbc]
[borgk120:152484] /discover/nobackup/projects/gmao/SIteam/ESMF_Testing/nag_7.2.15_openmpi_O_release_8.7.0/esmf/DEFAULTINSTALLDIR/lib/libO/Linux.nag.64.openmpi.default/libesmf.so(ESMCI_FTableCallEntryPointVMHop+0x32e)[0x1522faff7dbc]
[borgk120:152485] [12] [12] /discover/nobackup/projects/gmao/SIteam/ESMF_Testing/nag_7.2.15_openmpi_O_release_8.7.0/esmf/DEFAULTINSTALLDIR/lib/libO/Linux.nag.64.openmpi.default/libesmf.so(ESMCI_FTableCallEntryPointVMHop+0x32e)[0x14a878c79dbc]
[borgk120:152482] [12] /discover/nobackup/projects/gmao/SIteam/ESMF_Testing/nag_7.2.15_openmpi_O_release_8.7.0/esmf/DEFAULTINSTALLDIR/lib/libO/Linux.nag.64.openmpi.default/libesmf.so(_ZN5ESMCI3VMK5enterEPNS_7VMKPlanEPvS3_+0xd5)[0x14d7c41e5a53]
[borgk120:152483] [13] /discover/nobackup/projects/gmao/SIteam/ESMF_Testing/nag_7.2.15_openmpi_O_release_8.7.0/esmf/DEFAULTINSTALLDIR/lib/libO/Linux.nag.64.openmpi.default/libesmf.so(_ZN5ESMCI3VMK5enterEPNS_7VMKPlanEPvS3_+0xd5)[0x1456390a7a53]
[borgk120:152484] /discover/nobackup/projects/gmao/SIteam/ESMF_Testing/nag_7.2.15_openmpi_O_release_8.7.0/esmf/DEFAULTINSTALLDIR/lib/libO/Linux.nag.64.openmpi.default/libesmf.so(_ZN5ESMCI3VMK5enterEPNS_7VMKPlanEPvS3_+0xd5)[0x1522fb3f6a53]
[borgk120:152485] [13] /discover/nobackup/projects/gmao/SIteam/ESMF_Testing/nag_7.2.15_openmpi_O_release_8.7.0/esmf/DEFAULTINSTALLDIR/lib/libO/Linux.nag.64.openmpi.default/libesmf.so(_ZN5ESMCI3VMK5enterEPNS_7VMKPlanEPvS3_+0xd5)[0x14a879078a53]
[borgk120:152482] [13] [13] /discover/nobackup/projects/gmao/SIteam/ESMF_Testing/nag_7.2.15_openmpi_O_release_8.7.0/esmf/DEFAULTINSTALLDIR/lib/libO/Linux.nag.64.openmpi.default/libesmf.so(_ZN5ESMCI2VM5enterEPNS_6VMPlanEPvS3_+0xb7)[0x14d7c41cf96d]
[borgk120:152483] [14] /discover/nobackup/projects/gmao/SIteam/ESMF_Testing/nag_7.2.15_openmpi_O_release_8.7.0/esmf/DEFAULTINSTALLDIR/lib/libO/Linux.nag.64.openmpi.default/libesmf.so(_ZN5ESMCI2VM5enterEPNS_6VMPlanEPvS3_+0xb7)[0x1522fb3e096d]
[borgk120:152485] [14] /discover/nobackup/projects/gmao/SIteam/ESMF_Testing/nag_7.2.15_openmpi_O_release_8.7.0/esmf/DEFAULTINSTALLDIR/lib/libO/Linux.nag.64.openmpi.default/libesmf.so(_ZN5ESMCI2VM5enterEPNS_6VMPlanEPvS3_+0xb7)[0x14a87906296d]
[borgk120:152482] [14] /discover/nobackup/projects/gmao/SIteam/ESMF_Testing/nag_7.2.15_openmpi_O_release_8.7.0/esmf/DEFAULTINSTALLDIR/lib/libO/Linux.nag.64.openmpi.default/libesmf.so(_ZN5ESMCI2VM5enterEPNS_6VMPlanEPvS3_+0xb7)[0x14563909196d]
[borgk120:152484] [14] /discover/nobackup/projects/gmao/SIteam/ESMF_Testing/nag_7.2.15_openmpi_O_release_8.7.0/esmf/DEFAULTINSTALLDIR/lib/libO/Linux.nag.64.openmpi.default/libesmf.so(c_esmc_ftablecallentrypointvm_+0x35f)[0x1522faff8255]
[borgk120:152485] [15] /discover/nobackup/projects/gmao/SIteam/ESMF_Testing/nag_7.2.15_openmpi_O_release_8.7.0/esmf/DEFAULTINSTALLDIR/lib/libO/Linux.nag.64.openmpi.default/libesmf.so(c_esmc_ftablecallentrypointvm_+0x35f)[0x14d7c3de7255]
[borgk120:152483] [15] /discover/nobackup/projects/gmao/SIteam/ESMF_Testing/nag_7.2.15_openmpi_O_release_8.7.0/esmf/DEFAULTINSTALLDIR/lib/libO/Linux.nag.64.openmpi.default/libesmf.so(c_esmc_ftablecallentrypointvm_+0x35f)[0x145638ca9255]
[borgk120:152484] /discover/nobackup/projects/gmao/SIteam/ESMF_Testing/nag_7.2.15_openmpi_O_release_8.7.0/esmf/DEFAULTINSTALLDIR/lib/libO/Linux.nag.64.openmpi.default/libesmf.so(c_esmc_ftablecallentrypointvm_+0x35f)[0x14a878c7a255]
[borgk120:152482] [15] [15] /discover/nobackup/projects/gmao/SIteam/ESMF_Testing/nag_7.2.15_openmpi_O_release_8.7.0/esmf/DEFAULTINSTALLDIR/lib/libO/Linux.nag.64.openmpi.default/libesmf.so(esmf_compmod_MP_esmf_compexecute+0xa6a)[0x1522fb68d15e]
[borgk120:152485] [16] /discover/nobackup/projects/gmao/SIteam/ESMF_Testing/nag_7.2.15_openmpi_O_release_8.7.0/esmf/DEFAULTINSTALLDIR/lib/libO/Linux.nag.64.openmpi.default/libesmf.so(esmf_compmod_MP_esmf_compexecute+0xa6a)[0x14d7c447c15e]
[borgk120:152483] [16] /discover/nobackup/projects/gmao/SIteam/ESMF_Testing/nag_7.2.15_openmpi_O_release_8.7.0/esmf/DEFAULTINSTALLDIR/lib/libO/Linux.nag.64.openmpi.default/libesmf.so(esmf_compmod_MP_esmf_compexecute+0xa6a)[0x14563933e15e]
[borgk120:152484] [16] /discover/nobackup/projects/gmao/SIteam/ESMF_Testing/nag_7.2.15_openmpi_O_release_8.7.0/esmf/DEFAULTINSTALLDIR/lib/libO/Linux.nag.64.openmpi.default/libesmf.so(esmf_compmod_MP_esmf_compexecute+0xa6a)[0x14a87930f15e]
[borgk120:152482] [16] /discover/nobackup/projects/gmao/SIteam/ESMF_Testing/nag_7.2.15_openmpi_O_release_8.7.0/esmf/DEFAULTINSTALLDIR/lib/libO/Linux.nag.64.openmpi.default/libesmf.so(esmf_gridcompmod_MP_esmf_gridcompinitialize+0x176)[0x1522fb9ad46f]
[borgk120:152485] [17] /discover/nobackup/projects/gmao/SIteam/ESMF_Testing/nag_7.2.15_openmpi_O_release_8.7.0/esmf/DEFAULTINSTALLDIR/lib/libO/Linux.nag.64.openmpi.default/libesmf.so(esmf_gridcompmod_MP_esmf_gridcompinitialize+0x176)[0x14d7c479c46f]
[borgk120:152483] [17] ./asyncIOApp[0x495f8e]
[borgk120:152483] [18] ./asyncIOApp[0x495f8e]
[borgk120:152485] [18] /discover/nobackup/projects/gmao/SIteam/ESMF_Testing/nag_7.2.15_openmpi_O_release_8.7.0/esmf/DEFAULTINSTALLDIR/lib/libO/Linux.nag.64.openmpi.default/libesmf.so(esmf_gridcompmod_MP_esmf_gridcompinitialize+0x176)[0x14a87962f46f]
[borgk120:152482] [17] ./asyncIOApp(__NAGf90_cosmp_init+0x123)[0x434e63]
[borgk120:152483] [19] ./asyncIOApp[0x495b73]
[borgk120:152483] [20] /lib64/libc.so.6(__libc_start_main+0xef)[0x14d7c203e24d]
[borgk120:152483] [21] ./asyncIOApp[0x40c2ca]
[borgk120:152483] *** End of error message ***
/discover/nobackup/projects/gmao/SIteam/ESMF_Testing/nag_7.2.15_openmpi_O_release_8.7.0/esmf/DEFAULTINSTALLDIR/lib/libO/Linux.nag.64.openmpi.default/libesmf.so(esmf_gridcompmod_MP_esmf_gridcompinitialize+0x176)[0x14563965e46f]
[borgk120:152484] [17] ./asyncIOApp[0x495f8e]
[borgk120:152484] [18] ./asyncIOApp(__NAGf90_cosmp_init+0x123)[0x434e63]
[borgk120:152484] [19] ./asyncIOApp[0x495b73]
[borgk120:152484] [20] /lib64/libc.so.6(__libc_start_main+0xef)[0x145636ef224d]
./asyncIOApp[0x495f8e]
[borgk120:152482] [18] ./asyncIOApp(__NAGf90_cosmp_init+0x123)[0x434e63]
[borgk120:152482] [19] ./asyncIOApp[0x495b73]
[borgk120:152482] [20] /lib64/libc.so.6(__libc_start_main+0xef)[0x14a876ef224d]
[borgk120:152482] [21] ./asyncIOApp(__NAGf90_cosmp_init+0x123)[0x434e63]
[borgk120:152485] [19] ./asyncIOApp[0x495b73]
[borgk120:152485] [20] /lib64/libc.so.6(__libc_start_main+0xef)[0x1522f923e24d]
[borgk120:152485] [21] ./asyncIOApp[0x40c2ca]
[borgk120:152485] *** End of error message ***
[borgk120:152484] [21] ./asyncIOApp[0x40c2ca]
[borgk120:152484] *** End of error message ***
./asyncIOApp[0x40c2ca]
[borgk120:152482] *** End of error message ***
--------------------------------------------------------------------------
Primary job  terminated normally, but 1 process returned
a non-zero exit code. Per user-direction, the job has been aborted.
--------------------------------------------------------------------------
--------------------------------------------------------------------------
mpirun noticed that process rank 3 with PID 152485 on node borgk120 exited on signal 6 (Aborted).
--------------------------------------------------------------------------
