2024-10-03 09:28:14
Runtime Error: UnexpectedRuntime Error: Unexpected end of format specifiRuntime Error: Unexpected end of format specRuntime Error: Unexpected end of format specification
Pro end of format specification
Program tergram terminatecation
Program terminated by I/O eification
Program terminated by minated by I/O error on internal file
I/O error on internal file
d by I/O error on internal file
rror on internal file
[borgk120:153990] *** Process received signal ***
[borgk120:153990] Signal: Aborted (6)
[borgk120:153990] Signal code:  (-6)
[borgk120:153987] *** Process received signal ***
[borgk120:153988] *** Process received signal ***
[borgk120:153988] Signal: Aborted (6)
[borgk120:153988] Signal code:  (-6)
[borgk120:153989] *** Process received signal ***
[borgk120:153989] Signal: Aborted (6)
[borgk120:153989] Signal code:  (-6)
[borgk120:153987] Signal: Aborted (6)
[borgk120:153987] Signal code:  (-6)
[borgk120:153990] [ 0] /lib64/libpthread.so.0(+0x16910)[0x148e7879e910]
[borgk120:153990] [borgk120:153988] [ 0] /lib64/libpthread.so.0(+0x16910)[0x153f15b55910]
[borgk120:153987] [ 0] /lib64/libpthread.so.0(+0x16910)[0x154ecdbd5910]
[borgk120:153988] [ 1] [borgk120:153989] [ 0] /lib64/libpthread.so.0(+0x16910)[0x152848109910]
[borgk120:153989] [ 1] [ 1] [borgk120:153987] [ 1] /lib64/libc.so.6(gsignal+0x10d)[0x152847853d2b]
[borgk120:153989] [ 2] /lib64/libc.so.6(abort+0x177)[0x1528478553e5]
[borgk120:153989] [ 3] ./esmApp(__NAGf90_io_abort+0x78)[0x459e98]
[borgk120:153989] [ 4] ./esmApp(__NAGf90_ioerr+0x1cd)[0x45a4fd]
[borgk120:153989] /lib64/libc.so.6(gsignal+0x10d)[0x154ecd107d2b]
[borgk120:153987] [ 2] /lib64/libc.so.6(abort+0x177)[0x154ecd1093e5]
[borgk120:153987] [ 3] ./esmApp(__NAGf90_io_abort+0x78)[0x459e98]
[borgk120:153987] [ 4] ./esmApp(__NAGf90_ioerr+0x1cd)[0x45a4fd]
[borgk120:153987] [ 5] /lib64/libc.so.6(gsignal+0x10d)[0x148e77d07d2b]
[borgk120:153990] [ 2] /lib64/libc.so.6(abort+0x177)[0x148e77d093e5]
[borgk120:153990] [ 3] ./esmApp(__NAGf90_io_abort+0x78)[0x459e98]
[borgk120:153990] [ 4] ./esmApp(__NAGf90_ioerr+0x1cd)[0x45a4fd]
[borgk120:153990] [ 5] /lib64/libc.so.6(gsignal+0x10d)[0x153f15253d2b]
[borgk120:153988] [ 2] /lib64/libc.so.6(abort+0x177)[0x153f152553e5]
[borgk120:153988] [ 3] ./esmApp(__NAGf90_io_abort+0x78)[0x459e98]
[borgk120:153988] [ 4] ./esmApp(__NAGf90_ioerr+0x1cd)[0x45a4fd]
[borgk120:153988] [ 5] [ 5] /discover/nobackup/projects/gmao/SIteam/comp/SLES-15/nag/7.2.15/lib/NAG_Fortran/libf72rts.so.1(__NAGf90_maybe_next_edit+0xe19)[0x153f154aa629]
[borgk120:153988] [ 6] /discover/nobackup/projects/gmao/SIteam/comp/SLES-15/nag/7.2.15/lib/NAG_Fortran/libf72rts.so.1(__NAGf90_maybe_next_edit+0xe19)[0x152847aaa629]
[borgk120:153989] [ 6] /discover/nobackup/projects/gmao/SIteam/comp/SLES-15/nag/7.2.15/lib/NAG_Fortran/libf72rts.so.1(__NAGf90_maybe_next_edit+0xe19)[0x154ecd4aa629]
[borgk120:153987] [ 6] /discover/nobackup/projects/gmao/SIteam/comp/SLES-15/nag/7.2.15/lib/NAG_Fortran/libf72rts.so.1(__NAGf90_maybe_next_edit+0xe19)[0x148e780aa629]
[borgk120:153990] [ 6] /discover/nobackup/projects/gmao/SIteam/ESMF_Testing/nag_7.2.15_openmpi_O_release_8.7.0/esmf/DEFAULTINSTALLDIR/lib/libO/Linux.nag.64.openmpi.default/libesmf.so(nuopc_driver_MP_loopdatadependentinitialize+0x3aef)[0x153f17e9ef28]
[borgk120:153988] [ 7] /discover/nobackup/projects/gmao/SIteam/ESMF_Testing/nag_7.2.15_openmpi_O_release_8.7.0/esmf/DEFAULTINSTALLDIR/lib/libO/Linux.nag.64.openmpi.default/libesmf.so(nuopc_driver_MP_loopdatadependentinitialize+0x3aef)[0x148e7a99bf28]
[borgk120:153990] [ 7] /discover/nobackup/projects/gmao/SIteam/ESMF_Testing/nag_7.2.15_openmpi_O_release_8.7.0/esmf/DEFAULTINSTALLDIR/lib/libO/Linux.nag.64.openmpi.default/libesmf.so(nuopc_driver_MP_loopdatadependentinitialize+0x3aef)[0x15284a452f28]
[borgk120:153989] [ 7] /discover/nobackup/projects/gmao/SIteam/ESMF_Testing/nag_7.2.15_openmpi_O_release_8.7.0/esmf/DEFAULTINSTALLDIR/lib/libO/Linux.nag.64.openmpi.default/libesmf.so(nuopc_driver_MP_loopdatadependentinitialize+0x3aef)[0x154ecfdd2f28]
[borgk120:153987] [ 7] /discover/nobackup/projects/gmao/SIteam/ESMF_Testing/nag_7.2.15_openmpi_O_release_8.7.0/esmf/DEFAULTINSTALLDIR/lib/libO/Linux.nag.64.openmpi.default/libesmf.so(nuopc_driver_MP_initializeipdv02p5data+0x3180)[0x153f17eaee4a]
[borgk120:153988] [ 8] /discover/nobackup/projects/gmao/SIteam/ESMF_Testing/nag_7.2.15_openmpi_O_release_8.7.0/esmf/DEFAULTINSTALLDIR/lib/libO/Linux.nag.64.openmpi.default/libesmf.so(nuopc_driver_MP_initializeipdv02p5data+0x3180)[0x154ecfde2e4a]
[borgk120:153987] [ 8] /discover/nobackup/projects/gmao/SIteam/ESMF_Testing/nag_7.2.15_openmpi_O_release_8.7.0/esmf/DEFAULTINSTALLDIR/lib/libO/Linux.nag.64.openmpi.default/libesmf.so(nuopc_driver_MP_initializeipdv02p5data+0x3180)[0x148e7a9abe4a]
[borgk120:153990] [ 8] /discover/nobackup/projects/gmao/SIteam/ESMF_Testing/nag_7.2.15_openmpi_O_release_8.7.0/esmf/DEFAULTINSTALLDIR/lib/libO/Linux.nag.64.openmpi.default/libesmf.so(nuopc_driver_MP_initializeipdv02p5data+0x3180)[0x15284a462e4a]
[borgk120:153989] [ 8] /discover/nobackup/projects/gmao/SIteam/ESMF_Testing/nag_7.2.15_openmpi_O_release_8.7.0/esmf/DEFAULTINSTALLDIR/lib/libO/Linux.nag.64.openmpi.default/libesmf.so(nuopc_driver_MP_initializeipdv02p5+0x4779)[0x148e7a9b140f]
[borgk120:153990] [ 9] /discover/nobackup/projects/gmao/SIteam/ESMF_Testing/nag_7.2.15_openmpi_O_release_8.7.0/esmf/DEFAULTINSTALLDIR/lib/libO/Linux.nag.64.openmpi.default/libesmf.so(nuopc_driver_MP_initializeipdv02p5+0x4779)[0x154ecfde840f]
[borgk120:153987] [ 9] /discover/nobackup/projects/gmao/SIteam/ESMF_Testing/nag_7.2.15_openmpi_O_release_8.7.0/esmf/DEFAULTINSTALLDIR/lib/libO/Linux.nag.64.openmpi.default/libesmf.so(nuopc_driver_MP_initializeipdv02p5+0x4779)[0x153f17eb440f]
[borgk120:153988] [ 9] /discover/nobackup/projects/gmao/SIteam/ESMF_Testing/nag_7.2.15_openmpi_O_release_8.7.0/esmf/DEFAULTINSTALLDIR/lib/libO/Linux.nag.64.openmpi.default/libesmf.so(nuopc_driver_MP_initializeipdv02p5+0x4779)[0x15284a46840f]
[borgk120:153989] [ 9] /discover/nobackup/projects/gmao/SIteam/ESMF_Testing/nag_7.2.15_openmpi_O_release_8.7.0/esmf/DEFAULTINSTALLDIR/lib/libO/Linux.nag.64.openmpi.default/libesmf.so(nuopc_driver_MP_initializegeneric+0x1a06)[0x153f17ee9a9d]
[borgk120:153988] [10] /discover/nobackup/projects/gmao/SIteam/ESMF_Testing/nag_7.2.15_openmpi_O_release_8.7.0/esmf/DEFAULTINSTALLDIR/lib/libO/Linux.nag.64.openmpi.default/libesmf.so(nuopc_driver_MP_initializegeneric+0x1a06)[0x154ecfe1da9d]
[borgk120:153987] [10] /discover/nobackup/projects/gmao/SIteam/ESMF_Testing/nag_7.2.15_openmpi_O_release_8.7.0/esmf/DEFAULTINSTALLDIR/lib/libO/Linux.nag.64.openmpi.default/libesmf.so(nuopc_driver_MP_initializegeneric+0x1a06)[0x148e7a9e6a9d]
[borgk120:153990] [10] /discover/nobackup/projects/gmao/SIteam/ESMF_Testing/nag_7.2.15_openmpi_O_release_8.7.0/esmf/DEFAULTINSTALLDIR/lib/libO/Linux.nag.64.openmpi.default/libesmf.so(nuopc_driver_MP_initializegeneric+0x1a06)[0x15284a49da9d]
[borgk120:153989] [10] /discover/nobackup/projects/gmao/SIteam/ESMF_Testing/nag_7.2.15_openmpi_O_release_8.7.0/esmf/DEFAULTINSTALLDIR/lib/libO/Linux.nag.64.openmpi.default/libesmf.so(_ZN5ESMCI6FTable12callVFuncPtrEPKcPNS_2VMEPi+0xc55)[0x153f16ff7ce9]
[borgk120:153988] [11] /discover/nobackup/projects/gmao/SIteam/ESMF_Testing/nag_7.2.15_openmpi_O_release_8.7.0/esmf/DEFAULTINSTALLDIR/lib/libO/Linux.nag.64.openmpi.default/libesmf.so(_ZN5ESMCI6FTable12callVFuncPtrEPKcPNS_2VMEPi+0xc55)[0x1528495abce9]
[borgk120:153989] [11] /discover/nobackup/projects/gmao/SIteam/ESMF_Testing/nag_7.2.15_openmpi_O_release_8.7.0/esmf/DEFAULTINSTALLDIR/lib/libO/Linux.nag.64.openmpi.default/libesmf.so(_ZN5ESMCI6FTable12callVFuncPtrEPKcPNS_2VMEPi+0xc55)[0x154ecef2bce9]
[borgk120:153987] [11] /discover/nobackup/projects/gmao/SIteam/ESMF_Testing/nag_7.2.15_openmpi_O_release_8.7.0/esmf/DEFAULTINSTALLDIR/lib/libO/Linux.nag.64.openmpi.default/libesmf.so(_ZN5ESMCI6FTable12callVFuncPtrEPKcPNS_2VMEPi+0xc55)[0x148e79af4ce9]
[borgk120:153990] [11] /discover/nobackup/projects/gmao/SIteam/ESMF_Testing/nag_7.2.15_openmpi_O_release_8.7.0/esmf/DEFAULTINSTALLDIR/lib/libO/Linux.nag.64.openmpi.default/libesmf.so(ESMCI_FTableCallEntryPointVMHop+0x32e)[0x1528495a8dbc]
[borgk120:153989] [12] /discover/nobackup/projects/gmao/SIteam/ESMF_Testing/nag_7.2.15_openmpi_O_release_8.7.0/esmf/DEFAULTINSTALLDIR/lib/libO/Linux.nag.64.openmpi.default/libesmf.so(ESMCI_FTableCallEntryPointVMHop+0x32e)[0x154ecef28dbc]
[borgk120:153987] [12] /discover/nobackup/projects/gmao/SIteam/ESMF_Testing/nag_7.2.15_openmpi_O_release_8.7.0/esmf/DEFAULTINSTALLDIR/lib/libO/Linux.nag.64.openmpi.default/libesmf.so(ESMCI_FTableCallEntryPointVMHop+0x32e)[0x153f16ff4dbc]
[borgk120:153988] [12] /discover/nobackup/projects/gmao/SIteam/ESMF_Testing/nag_7.2.15_openmpi_O_release_8.7.0/esmf/DEFAULTINSTALLDIR/lib/libO/Linux.nag.64.openmpi.default/libesmf.so(ESMCI_FTableCallEntryPointVMHop+0x32e)[0x148e79af1dbc]
[borgk120:153990] [12] /discover/nobackup/projects/gmao/SIteam/ESMF_Testing/nag_7.2.15_openmpi_O_release_8.7.0/esmf/DEFAULTINSTALLDIR/lib/libO/Linux.nag.64.openmpi.default/libesmf.so(_ZN5ESMCI3VMK5enterEPNS_7VMKPlanEPvS3_+0xd5)[0x153f173f3a53]
[borgk120:153988] [13] /discover/nobackup/projects/gmao/SIteam/ESMF_Testing/nag_7.2.15_openmpi_O_release_8.7.0/esmf/DEFAULTINSTALLDIR/lib/libO/Linux.nag.64.openmpi.default/libesmf.so(_ZN5ESMCI3VMK5enterEPNS_7VMKPlanEPvS3_+0xd5)[0x1528499a7a53]
[borgk120:153989] [13] /discover/nobackup/projects/gmao/SIteam/ESMF_Testing/nag_7.2.15_openmpi_O_release_8.7.0/esmf/DEFAULTINSTALLDIR/lib/libO/Linux.nag.64.openmpi.default/libesmf.so(_ZN5ESMCI3VMK5enterEPNS_7VMKPlanEPvS3_+0xd5)[0x154ecf327a53]
[borgk120:153987] [13] /discover/nobackup/projects/gmao/SIteam/ESMF_Testing/nag_7.2.15_openmpi_O_release_8.7.0/esmf/DEFAULTINSTALLDIR/lib/libO/Linux.nag.64.openmpi.default/libesmf.so(_ZN5ESMCI3VMK5enterEPNS_7VMKPlanEPvS3_+0xd5)[0x148e79ef0a53]
[borgk120:153990] [13] /discover/nobackup/projects/gmao/SIteam/ESMF_Testing/nag_7.2.15_openmpi_O_release_8.7.0/esmf/DEFAULTINSTALLDIR/lib/libO/Linux.nag.64.openmpi.default/libesmf.so(_ZN5ESMCI2VM5enterEPNS_6VMPlanEPvS3_+0xb7)[0x154ecf31196d]
[borgk120:153987] [14] /discover/nobackup/projects/gmao/SIteam/ESMF_Testing/nag_7.2.15_openmpi_O_release_8.7.0/esmf/DEFAULTINSTALLDIR/lib/libO/Linux.nag.64.openmpi.default/libesmf.so(_ZN5ESMCI2VM5enterEPNS_6VMPlanEPvS3_+0xb7)[0x153f173dd96d]
[borgk120:153988] [14] /discover/nobackup/projects/gmao/SIteam/ESMF_Testing/nag_7.2.15_openmpi_O_release_8.7.0/esmf/DEFAULTINSTALLDIR/lib/libO/Linux.nag.64.openmpi.default/libesmf.so(_ZN5ESMCI2VM5enterEPNS_6VMPlanEPvS3_+0xb7)[0x15284999196d]
[borgk120:153989] [14] /discover/nobackup/projects/gmao/SIteam/ESMF_Testing/nag_7.2.15_openmpi_O_release_8.7.0/esmf/DEFAULTINSTALLDIR/lib/libO/Linux.nag.64.openmpi.default/libesmf.so(_ZN5ESMCI2VM5enterEPNS_6VMPlanEPvS3_+0xb7)[0x148e79eda96d]
[borgk120:153990] [14] /discover/nobackup/projects/gmao/SIteam/ESMF_Testing/nag_7.2.15_openmpi_O_release_8.7.0/esmf/DEFAULTINSTALLDIR/lib/libO/Linux.nag.64.openmpi.default/libesmf.so(c_esmc_ftablecallentrypointvm_+0x35f)[0x1528495a9255]
[borgk120:153989] [15] /discover/nobackup/projects/gmao/SIteam/ESMF_Testing/nag_7.2.15_openmpi_O_release_8.7.0/esmf/DEFAULTINSTALLDIR/lib/libO/Linux.nag.64.openmpi.default/libesmf.so(c_esmc_ftablecallentrypointvm_+0x35f)[0x154ecef29255]
[borgk120:153987] [15] /discover/nobackup/projects/gmao/SIteam/ESMF_Testing/nag_7.2.15_openmpi_O_release_8.7.0/esmf/DEFAULTINSTALLDIR/lib/libO/Linux.nag.64.openmpi.default/libesmf.so(c_esmc_ftablecallentrypointvm_+0x35f)[0x153f16ff5255]
[borgk120:153988] [15] /discover/nobackup/projects/gmao/SIteam/ESMF_Testing/nag_7.2.15_openmpi_O_release_8.7.0/esmf/DEFAULTINSTALLDIR/lib/libO/Linux.nag.64.openmpi.default/libesmf.so(c_esmc_ftablecallentrypointvm_+0x35f)[0x148e79af2255]
[borgk120:153990] [15] /discover/nobackup/projects/gmao/SIteam/ESMF_Testing/nag_7.2.15_openmpi_O_release_8.7.0/esmf/DEFAULTINSTALLDIR/lib/libO/Linux.nag.64.openmpi.default/libesmf.so(esmf_compmod_MP_esmf_compexecute+0xa6a)[0x154ecf5be15e]
[borgk120:153987] [16] /discover/nobackup/projects/gmao/SIteam/ESMF_Testing/nag_7.2.15_openmpi_O_release_8.7.0/esmf/DEFAULTINSTALLDIR/lib/libO/Linux.nag.64.openmpi.default/libesmf.so(esmf_compmod_MP_esmf_compexecute+0xa6a)[0x148e7a18715e]
[borgk120:153990] [16] /discover/nobackup/projects/gmao/SIteam/ESMF_Testing/nag_7.2.15_openmpi_O_release_8.7.0/esmf/DEFAULTINSTALLDIR/lib/libO/Linux.nag.64.openmpi.default/libesmf.so(esmf_compmod_MP_esmf_compexecute+0xa6a)[0x153f1768a15e]
[borgk120:153988] [16] /discover/nobackup/projects/gmao/SIteam/ESMF_Testing/nag_7.2.15_openmpi_O_release_8.7.0/esmf/DEFAULTINSTALLDIR/lib/libO/Linux.nag.64.openmpi.default/libesmf.so(esmf_compmod_MP_esmf_compexecute+0xa6a)[0x152849c3e15e]
[borgk120:153989] [16] /discover/nobackup/projects/gmao/SIteam/ESMF_Testing/nag_7.2.15_openmpi_O_release_8.7.0/esmf/DEFAULTINSTALLDIR/lib/libO/Linux.nag.64.openmpi.default/libesmf.so(esmf_gridcompmod_MP_esmf_gridcompinitialize+0x176)[0x154ecf8de46f]
[borgk120:153987] [17] ./esmApp[0x495236]
[borgk120:153987] /discover/nobackup/projects/gmao/SIteam/ESMF_Testing/nag_7.2.15_openmpi_O_release_8.7.0/esmf/DEFAULTINSTALLDIR/lib/libO/Linux.nag.64.openmpi.default/libesmf.so(esmf_gridcompmod_MP_esmf_gridcompinitialize+0x176)[0x148e7a4a746f]
[borgk120:153990] [17] ./esmApp[0x495236]
[borgk120:153990] [18] /discover/nobackup/projects/gmao/SIteam/ESMF_Testing/nag_7.2.15_openmpi_O_release_8.7.0/esmf/DEFAULTINSTALLDIR/lib/libO/Linux.nag.64.openmpi.default/libesmf.so(esmf_gridcompmod_MP_esmf_gridcompinitialize+0x176)[0x152849f5e46f]
[borgk120:153989] [17] ./esmApp[0x495236]
[borgk120:153989] [18] ./esmApp(__NAGf90_cosmp_init+0x123)[0x434103]
[borgk120:153990] [19] ./esmApp[0x494e13]
[18] ./esmApp(__NAGf90_cosmp_init+0x123)[0x434103]
[borgk120:153987] [19] /discover/nobackup/projects/gmao/SIteam/ESMF_Testing/nag_7.2.15_openmpi_O_release_8.7.0/esmf/DEFAULTINSTALLDIR/lib/libO/Linux.nag.64.openmpi.default/libesmf.so(esmf_gridcompmod_MP_esmf_gridcompinitialize+0x176)[0x153f179aa46f]
[borgk120:153988] [17] ./esmApp[0x495236]
[borgk120:153988] [18] ./esmApp(__NAGf90_cosmp_init+0x123)[0x434103]
[borgk120:153988] [19] ./esmApp[0x494e13]
[borgk120:153987] [20] /lib64/libc.so.6(__libc_start_main+0xef)[0x154ecd0f224d]
[borgk120:153987] [21] ./esmApp[0x40b56a]
[borgk120:153987] *** End of error message ***
./esmApp(__NAGf90_cosmp_init+0x123)[0x434103]
[borgk120:153989] [19] ./esmApp[0x494e13]
[borgk120:153989] [20] /lib64/libc.so.6(__libc_start_main+0xef)[0x15284783e24d]
[borgk120:153989] [21] ./esmApp[0x40b56a]
[borgk120:153989] *** End of error message ***
./esmApp[0x494e13]
[borgk120:153988] [20] /lib64/libc.so.6(__libc_start_main+0xef)[0x153f1523e24d]
[borgk120:153988] [21] ./esmApp[0x40b56a]
[borgk120:153988] *** End of error message ***
[borgk120:153990] [20] /lib64/libc.so.6(__libc_start_main+0xef)[0x148e77cf224d]
[borgk120:153990] [21] ./esmApp[0x40b56a]
[borgk120:153990] *** End of error message ***
--------------------------------------------------------------------------
Primary job  terminated normally, but 1 process returned
a non-zero exit code. Per user-direction, the job has been aborted.
--------------------------------------------------------------------------
--------------------------------------------------------------------------
mpirun noticed that process rank 3 with PID 153990 on node borgk120 exited on signal 6 (Aborted).
--------------------------------------------------------------------------
