2024-10-03 09:28:14
Runtime Error: UnexpectRuntime Error: Unexpected end of format spRuntime Error: Unexpected end of format specificatRuntime Error: Unexpected end of format specificationion
Program teecification
Program terminaed end of format specification
Program terminat
Program terminated by I/O error on internal file
ed by I/O error on internal file
rminated by I/O error on internal file
ted by I/O error on internal file
[borgk120:154137] *** Process received signal ***
[borgk120:154137] Signal: Aborted (6)
[borgk120:154137] Signal code:  (-6)
[borgk120:154135] *** Process received signal ***
[borgk120:154135] Signal: Aborted (6)
[borgk120:154135] Signal code:  (-6)
[borgk120:154136] *** Process received signal ***
[borgk120:154136] Signal: Aborted (6)
[borgk120:154136] Signal code:  (-6)
[borgk120:154138] *** Process received signal ***
[borgk120:154138] Signal: Aborted (6)
[borgk120:154138] Signal code:  (-6)
[borgk120:154137] [ 0] /lib64/libpthread.so.0(+0x16910)[0x14f70371a910]
[borgk120:154137] [borgk120:154135] [ 0] /lib64/libpthread.so.0(+0x16910)[0x14643dbed910]
[borgk120:154136] [ 0] /lib64/libpthread.so.0(+0x16910)[0x1511271af910]
[borgk120:154136] [borgk120:154138] [ 0] /lib64/libpthread.so.0(+0x16910)[0x14dbfc5be910]
[ 1] [ 1] [borgk120:154135] [ 1] [borgk120:154138] [ 1] /lib64/libc.so.6(gsignal+0x10d)[0x151126707d2b]
[borgk120:154136] [ 2] /lib64/libc.so.6(abort+0x177)[0x1511267093e5]
[borgk120:154136] [ 3] ./esmApp(__NAGf90_io_abort+0x78)[0x45a4a8]
[borgk120:154136] [ 4] ./esmApp(__NAGf90_ioerr+0x1cd)[0x45ab0d]
[borgk120:154136] [ 5] /lib64/libc.so.6(gsignal+0x10d)[0x14f702e53d2b]
[borgk120:154137] [ 2] /lib64/libc.so.6(abort+0x177)[0x14f702e553e5]
[borgk120:154137] [ 3] ./esmApp(__NAGf90_io_abort+0x78)[0x45a4a8]
[borgk120:154137] [ 4] ./esmApp(__NAGf90_ioerr+0x1cd)[0x45ab0d]
[borgk120:154137] [ 5] /lib64/libc.so.6(gsignal+0x10d)[0x14dbfbb07d2b]
[borgk120:154138] [ 2] /lib64/libc.so.6(abort+0x177)[0x14dbfbb093e5]
[borgk120:154138] [ 3] ./esmApp(__NAGf90_io_abort+0x78)[0x45a4a8]
[borgk120:154138] [ 4] ./esmApp(__NAGf90_ioerr+0x1cd)[0x45ab0d]
[borgk120:154138] [ 5] /lib64/libc.so.6(gsignal+0x10d)[0x14643d107d2b]
[borgk120:154135] [ 2] /lib64/libc.so.6(abort+0x177)[0x14643d1093e5]
[borgk120:154135] [ 3] ./esmApp(__NAGf90_io_abort+0x78)[0x45a4a8]
[borgk120:154135] [ 4] ./esmApp(__NAGf90_ioerr+0x1cd)[0x45ab0d]
[borgk120:154135] [ 5] /discover/nobackup/projects/gmao/SIteam/comp/SLES-15/nag/7.2.15/lib/NAG_Fortran/libf72rts.so.1(__NAGf90_maybe_next_edit+0xe19)[0x14f7030aa629]
[borgk120:154137] [ 6] /discover/nobackup/projects/gmao/SIteam/comp/SLES-15/nag/7.2.15/lib/NAG_Fortran/libf72rts.so.1(__NAGf90_maybe_next_edit+0xe19)[0x151126aaa629]
[borgk120:154136] [ 6] /discover/nobackup/projects/gmao/SIteam/comp/SLES-15/nag/7.2.15/lib/NAG_Fortran/libf72rts.so.1(__NAGf90_maybe_next_edit+0xe19)[0x14643d4aa629]
[borgk120:154135] [ 6] /discover/nobackup/projects/gmao/SIteam/comp/SLES-15/nag/7.2.15/lib/NAG_Fortran/libf72rts.so.1(__NAGf90_maybe_next_edit+0xe19)[0x14dbfbeaa629]
[borgk120:154138] [ 6] /discover/nobackup/projects/gmao/SIteam/ESMF_Testing/nag_7.2.15_openmpi_O_release_8.7.0/esmf/DEFAULTINSTALLDIR/lib/libO/Linux.nag.64.openmpi.default/libesmf.so(nuopc_driver_MP_loopdatadependentinitialize+0x3aef)[0x14643fdeaf28]
[borgk120:154135] [ 7] /discover/nobackup/projects/gmao/SIteam/ESMF_Testing/nag_7.2.15_openmpi_O_release_8.7.0/esmf/DEFAULTINSTALLDIR/lib/libO/Linux.nag.64.openmpi.default/libesmf.so(nuopc_driver_MP_loopdatadependentinitialize+0x3aef)[0x1511293acf28]
[borgk120:154136] [ 7] /discover/nobackup/projects/gmao/SIteam/ESMF_Testing/nag_7.2.15_openmpi_O_release_8.7.0/esmf/DEFAULTINSTALLDIR/lib/libO/Linux.nag.64.openmpi.default/libesmf.so(nuopc_driver_MP_loopdatadependentinitialize+0x3aef)[0x14f705a63f28]
[borgk120:154137] [ 7] /discover/nobackup/projects/gmao/SIteam/ESMF_Testing/nag_7.2.15_openmpi_O_release_8.7.0/esmf/DEFAULTINSTALLDIR/lib/libO/Linux.nag.64.openmpi.default/libesmf.so(nuopc_driver_MP_loopdatadependentinitialize+0x3aef)[0x14dbfe7bbf28]
[borgk120:154138] [ 7] /discover/nobackup/projects/gmao/SIteam/ESMF_Testing/nag_7.2.15_openmpi_O_release_8.7.0/esmf/DEFAULTINSTALLDIR/lib/libO/Linux.nag.64.openmpi.default/libesmf.so(nuopc_driver_MP_initializeipdv02p5data+0x3180)[0x14f705a73e4a]
[borgk120:154137] [ 8] /discover/nobackup/projects/gmao/SIteam/ESMF_Testing/nag_7.2.15_openmpi_O_release_8.7.0/esmf/DEFAULTINSTALLDIR/lib/libO/Linux.nag.64.openmpi.default/libesmf.so(nuopc_driver_MP_initializeipdv02p5data+0x3180)[0x14643fdfae4a]
[borgk120:154135] [ 8] /discover/nobackup/projects/gmao/SIteam/ESMF_Testing/nag_7.2.15_openmpi_O_release_8.7.0/esmf/DEFAULTINSTALLDIR/lib/libO/Linux.nag.64.openmpi.default/libesmf.so(nuopc_driver_MP_initializeipdv02p5data+0x3180)[0x1511293bce4a]
[borgk120:154136] [ 8] /discover/nobackup/projects/gmao/SIteam/ESMF_Testing/nag_7.2.15_openmpi_O_release_8.7.0/esmf/DEFAULTINSTALLDIR/lib/libO/Linux.nag.64.openmpi.default/libesmf.so(nuopc_driver_MP_initializeipdv02p5data+0x3180)[0x14dbfe7cbe4a]
[borgk120:154138] [ 8] /discover/nobackup/projects/gmao/SIteam/ESMF_Testing/nag_7.2.15_openmpi_O_release_8.7.0/esmf/DEFAULTINSTALLDIR/lib/libO/Linux.nag.64.openmpi.default/libesmf.so(nuopc_driver_MP_initializeipdv02p5+0x4779)[0x1511293c240f]
[borgk120:154136] [ 9] /discover/nobackup/projects/gmao/SIteam/ESMF_Testing/nag_7.2.15_openmpi_O_release_8.7.0/esmf/DEFAULTINSTALLDIR/lib/libO/Linux.nag.64.openmpi.default/libesmf.so(nuopc_driver_MP_initializeipdv02p5+0x4779)[0x14f705a7940f]
[borgk120:154137] [ 9] /discover/nobackup/projects/gmao/SIteam/ESMF_Testing/nag_7.2.15_openmpi_O_release_8.7.0/esmf/DEFAULTINSTALLDIR/lib/libO/Linux.nag.64.openmpi.default/libesmf.so(nuopc_driver_MP_initializeipdv02p5+0x4779)[0x14643fe0040f]
[borgk120:154135] [ 9] /discover/nobackup/projects/gmao/SIteam/ESMF_Testing/nag_7.2.15_openmpi_O_release_8.7.0/esmf/DEFAULTINSTALLDIR/lib/libO/Linux.nag.64.openmpi.default/libesmf.so(nuopc_driver_MP_initializeipdv02p5+0x4779)[0x14dbfe7d140f]
[borgk120:154138] [ 9] /discover/nobackup/projects/gmao/SIteam/ESMF_Testing/nag_7.2.15_openmpi_O_release_8.7.0/esmf/DEFAULTINSTALLDIR/lib/libO/Linux.nag.64.openmpi.default/libesmf.so(nuopc_driver_MP_initializegeneric+0x1a06)[0x1511293f7a9d]
[borgk120:154136] [10] /discover/nobackup/projects/gmao/SIteam/ESMF_Testing/nag_7.2.15_openmpi_O_release_8.7.0/esmf/DEFAULTINSTALLDIR/lib/libO/Linux.nag.64.openmpi.default/libesmf.so(nuopc_driver_MP_initializegeneric+0x1a06)[0x14f705aaea9d]
[borgk120:154137] [10] /discover/nobackup/projects/gmao/SIteam/ESMF_Testing/nag_7.2.15_openmpi_O_release_8.7.0/esmf/DEFAULTINSTALLDIR/lib/libO/Linux.nag.64.openmpi.default/libesmf.so(nuopc_driver_MP_initializegeneric+0x1a06)[0x14643fe35a9d]
[borgk120:154135] [10] /discover/nobackup/projects/gmao/SIteam/ESMF_Testing/nag_7.2.15_openmpi_O_release_8.7.0/esmf/DEFAULTINSTALLDIR/lib/libO/Linux.nag.64.openmpi.default/libesmf.so(nuopc_driver_MP_initializegeneric+0x1a06)[0x14dbfe806a9d]
[borgk120:154138] [10] /discover/nobackup/projects/gmao/SIteam/ESMF_Testing/nag_7.2.15_openmpi_O_release_8.7.0/esmf/DEFAULTINSTALLDIR/lib/libO/Linux.nag.64.openmpi.default/libesmf.so(_ZN5ESMCI6FTable12callVFuncPtrEPKcPNS_2VMEPi+0xc55)[0x14f704bbcce9]
[borgk120:154137] [11] /discover/nobackup/projects/gmao/SIteam/ESMF_Testing/nag_7.2.15_openmpi_O_release_8.7.0/esmf/DEFAULTINSTALLDIR/lib/libO/Linux.nag.64.openmpi.default/libesmf.so(_ZN5ESMCI6FTable12callVFuncPtrEPKcPNS_2VMEPi+0xc55)[0x14643ef43ce9]
[borgk120:154135] [11] /discover/nobackup/projects/gmao/SIteam/ESMF_Testing/nag_7.2.15_openmpi_O_release_8.7.0/esmf/DEFAULTINSTALLDIR/lib/libO/Linux.nag.64.openmpi.default/libesmf.so(_ZN5ESMCI6FTable12callVFuncPtrEPKcPNS_2VMEPi+0xc55)[0x151128505ce9]
[borgk120:154136] [11] /discover/nobackup/projects/gmao/SIteam/ESMF_Testing/nag_7.2.15_openmpi_O_release_8.7.0/esmf/DEFAULTINSTALLDIR/lib/libO/Linux.nag.64.openmpi.default/libesmf.so(_ZN5ESMCI6FTable12callVFuncPtrEPKcPNS_2VMEPi+0xc55)[0x14dbfd914ce9]
[borgk120:154138] [11] /discover/nobackup/projects/gmao/SIteam/ESMF_Testing/nag_7.2.15_openmpi_O_release_8.7.0/esmf/DEFAULTINSTALLDIR/lib/libO/Linux.nag.64.openmpi.default/libesmf.so(ESMCI_FTableCallEntryPointVMHop+0x32e)[0x151128502dbc]
[borgk120:154136] [12] /discover/nobackup/projects/gmao/SIteam/ESMF_Testing/nag_7.2.15_openmpi_O_release_8.7.0/esmf/DEFAULTINSTALLDIR/lib/libO/Linux.nag.64.openmpi.default/libesmf.so(ESMCI_FTableCallEntryPointVMHop+0x32e)[0x14f704bb9dbc]
[borgk120:154137] [12] /discover/nobackup/projects/gmao/SIteam/ESMF_Testing/nag_7.2.15_openmpi_O_release_8.7.0/esmf/DEFAULTINSTALLDIR/lib/libO/Linux.nag.64.openmpi.default/libesmf.so(ESMCI_FTableCallEntryPointVMHop+0x32e)[0x14643ef40dbc]
[borgk120:154135] [12] /discover/nobackup/projects/gmao/SIteam/ESMF_Testing/nag_7.2.15_openmpi_O_release_8.7.0/esmf/DEFAULTINSTALLDIR/lib/libO/Linux.nag.64.openmpi.default/libesmf.so(ESMCI_FTableCallEntryPointVMHop+0x32e)[0x14dbfd911dbc]
[borgk120:154138] [12] /discover/nobackup/projects/gmao/SIteam/ESMF_Testing/nag_7.2.15_openmpi_O_release_8.7.0/esmf/DEFAULTINSTALLDIR/lib/libO/Linux.nag.64.openmpi.default/libesmf.so(_ZN5ESMCI3VMK5enterEPNS_7VMKPlanEPvS3_+0xd5)[0x14f704fb8a53]
[borgk120:154137] [13] /discover/nobackup/projects/gmao/SIteam/ESMF_Testing/nag_7.2.15_openmpi_O_release_8.7.0/esmf/DEFAULTINSTALLDIR/lib/libO/Linux.nag.64.openmpi.default/libesmf.so(_ZN5ESMCI3VMK5enterEPNS_7VMKPlanEPvS3_+0xd5)[0x14643f33fa53]
[borgk120:154135] [13] /discover/nobackup/projects/gmao/SIteam/ESMF_Testing/nag_7.2.15_openmpi_O_release_8.7.0/esmf/DEFAULTINSTALLDIR/lib/libO/Linux.nag.64.openmpi.default/libesmf.so(_ZN5ESMCI3VMK5enterEPNS_7VMKPlanEPvS3_+0xd5)[0x151128901a53]
[borgk120:154136] [13] /discover/nobackup/projects/gmao/SIteam/ESMF_Testing/nag_7.2.15_openmpi_O_release_8.7.0/esmf/DEFAULTINSTALLDIR/lib/libO/Linux.nag.64.openmpi.default/libesmf.so(_ZN5ESMCI3VMK5enterEPNS_7VMKPlanEPvS3_+0xd5)[0x14dbfdd10a53]
[borgk120:154138] [13] /discover/nobackup/projects/gmao/SIteam/ESMF_Testing/nag_7.2.15_openmpi_O_release_8.7.0/esmf/DEFAULTINSTALLDIR/lib/libO/Linux.nag.64.openmpi.default/libesmf.so(_ZN5ESMCI2VM5enterEPNS_6VMPlanEPvS3_+0xb7)[0x14f704fa296d]
[borgk120:154137] [14] /discover/nobackup/projects/gmao/SIteam/ESMF_Testing/nag_7.2.15_openmpi_O_release_8.7.0/esmf/DEFAULTINSTALLDIR/lib/libO/Linux.nag.64.openmpi.default/libesmf.so(_ZN5ESMCI2VM5enterEPNS_6VMPlanEPvS3_+0xb7)[0x14643f32996d]
[borgk120:154135] [14] /discover/nobackup/projects/gmao/SIteam/ESMF_Testing/nag_7.2.15_openmpi_O_release_8.7.0/esmf/DEFAULTINSTALLDIR/lib/libO/Linux.nag.64.openmpi.default/libesmf.so(_ZN5ESMCI2VM5enterEPNS_6VMPlanEPvS3_+0xb7)[0x1511288eb96d]
[borgk120:154136] [14] /discover/nobackup/projects/gmao/SIteam/ESMF_Testing/nag_7.2.15_openmpi_O_release_8.7.0/esmf/DEFAULTINSTALLDIR/lib/libO/Linux.nag.64.openmpi.default/libesmf.so(_ZN5ESMCI2VM5enterEPNS_6VMPlanEPvS3_+0xb7)[0x14dbfdcfa96d]
[borgk120:154138] [14] /discover/nobackup/projects/gmao/SIteam/ESMF_Testing/nag_7.2.15_openmpi_O_release_8.7.0/esmf/DEFAULTINSTALLDIR/lib/libO/Linux.nag.64.openmpi.default/libesmf.so(c_esmc_ftablecallentrypointvm_+0x35f)[0x151128503255]
[borgk120:154136] [15] /discover/nobackup/projects/gmao/SIteam/ESMF_Testing/nag_7.2.15_openmpi_O_release_8.7.0/esmf/DEFAULTINSTALLDIR/lib/libO/Linux.nag.64.openmpi.default/libesmf.so(c_esmc_ftablecallentrypointvm_+0x35f)[0x14f704bba255]
[borgk120:154137] [15] /discover/nobackup/projects/gmao/SIteam/ESMF_Testing/nag_7.2.15_openmpi_O_release_8.7.0/esmf/DEFAULTINSTALLDIR/lib/libO/Linux.nag.64.openmpi.default/libesmf.so(c_esmc_ftablecallentrypointvm_+0x35f)[0x14643ef41255]
[borgk120:154135] [15] /discover/nobackup/projects/gmao/SIteam/ESMF_Testing/nag_7.2.15_openmpi_O_release_8.7.0/esmf/DEFAULTINSTALLDIR/lib/libO/Linux.nag.64.openmpi.default/libesmf.so(c_esmc_ftablecallentrypointvm_+0x35f)[0x14dbfd912255]
[borgk120:154138] [15] /discover/nobackup/projects/gmao/SIteam/ESMF_Testing/nag_7.2.15_openmpi_O_release_8.7.0/esmf/DEFAULTINSTALLDIR/lib/libO/Linux.nag.64.openmpi.default/libesmf.so(esmf_compmod_MP_esmf_compexecute+0xa6a)[0x14643f5d615e]
[borgk120:154135] [16] /discover/nobackup/projects/gmao/SIteam/ESMF_Testing/nag_7.2.15_openmpi_O_release_8.7.0/esmf/DEFAULTINSTALLDIR/lib/libO/Linux.nag.64.openmpi.default/libesmf.so(esmf_compmod_MP_esmf_compexecute+0xa6a)[0x151128b9815e]
[borgk120:154136] [16] /discover/nobackup/projects/gmao/SIteam/ESMF_Testing/nag_7.2.15_openmpi_O_release_8.7.0/esmf/DEFAULTINSTALLDIR/lib/libO/Linux.nag.64.openmpi.default/libesmf.so(esmf_compmod_MP_esmf_compexecute+0xa6a)[0x14f70524f15e]
[borgk120:154137] [16] /discover/nobackup/projects/gmao/SIteam/ESMF_Testing/nag_7.2.15_openmpi_O_release_8.7.0/esmf/DEFAULTINSTALLDIR/lib/libO/Linux.nag.64.openmpi.default/libesmf.so(esmf_compmod_MP_esmf_compexecute+0xa6a)[0x14dbfdfa715e]
[borgk120:154138] [16] /discover/nobackup/projects/gmao/SIteam/ESMF_Testing/nag_7.2.15_openmpi_O_release_8.7.0/esmf/DEFAULTINSTALLDIR/lib/libO/Linux.nag.64.openmpi.default/libesmf.so(esmf_gridcompmod_MP_esmf_gridcompinitialize+0x176)[0x14643f8f646f]
[borgk120:154135] [17] ./esmApp[0x4958e5]
[borgk120:154135] [18] /discover/nobackup/projects/gmao/SIteam/ESMF_Testing/nag_7.2.15_openmpi_O_release_8.7.0/esmf/DEFAULTINSTALLDIR/lib/libO/Linux.nag.64.openmpi.default/libesmf.so(esmf_gridcompmod_MP_esmf_gridcompinitialize+0x176)[0x151128eb846f]
[borgk120:154136] [17] ./esmApp(__NAGf90_cosmp_init+0x123)[0x434713]
[borgk120:154135] [19] ./esmApp[0x4958e5]
[borgk120:154136] [18] /discover/nobackup/projects/gmao/SIteam/ESMF_Testing/nag_7.2.15_openmpi_O_release_8.7.0/esmf/DEFAULTINSTALLDIR/lib/libO/Linux.nag.64.openmpi.default/libesmf.so(esmf_gridcompmod_MP_esmf_gridcompinitialize+0x176)[0x14f70556f46f]
[borgk120:154137] [17] ./esmApp[0x4958e5]
[borgk120:154137] [18] ./esmApp(__NAGf90_cosmp_init+0x123)[0x434713]
./esmApp(__NAGf90_cosmp_init+0x123)[0x434713]
[borgk120:154136] [19] ./esmApp[0x495423]
[borgk120:154136] [20] /lib64/libc.so.6(__libc_start_main+0xef)[0x1511266f224d]
[borgk120:154136] [21] ./esmApp[0x40bb7a]
[borgk120:154136] *** End of error message ***
/discover/nobackup/projects/gmao/SIteam/ESMF_Testing/nag_7.2.15_openmpi_O_release_8.7.0/esmf/DEFAULTINSTALLDIR/lib/libO/Linux.nag.64.openmpi.default/libesmf.so(esmf_gridcompmod_MP_esmf_gridcompinitialize+0x176)[0x14dbfe2c746f]
[borgk120:154138] [17] ./esmApp[0x4958e5]
[borgk120:154138] [18] ./esmApp(__NAGf90_cosmp_init+0x123)[0x434713]
[borgk120:154138] [19] ./esmApp[0x495423]
[borgk120:154138] [20] /lib64/libc.so.6(__libc_start_main+0xef)[0x14dbfbaf224d]
./esmApp[0x495423]
[borgk120:154135] [20] /lib64/libc.so.6(__libc_start_main+0xef)[0x14643d0f224d]
[borgk120:154135] [21] ./esmApp[0x40bb7a]
[borgk120:154135] *** End of error message ***
[borgk120:154137] [19] ./esmApp[0x495423]
[borgk120:154137] [20] /lib64/libc.so.6(__libc_start_main+0xef)[0x14f702e3e24d]
[borgk120:154137] [21] ./esmApp[0x40bb7a]
[borgk120:154137] *** End of error message ***
[borgk120:154138] [21] ./esmApp[0x40bb7a]
[borgk120:154138] *** End of error message ***
--------------------------------------------------------------------------
Primary job  terminated normally, but 1 process returned
a non-zero exit code. Per user-direction, the job has been aborted.
--------------------------------------------------------------------------
--------------------------------------------------------------------------
mpirun noticed that process rank 0 with PID 154135 on node borgk120 exited on signal 6 (Aborted).
--------------------------------------------------------------------------
