2024-10-03 09:28:14
Runtime Error: UnexpectedRuntime Error: Unexpected end of format Runtime Error: Unexpected end of format specificatioRuntime Error: Unexpected end of format specification
specification
ProgramProgram terminan
Program terminated by end of format specification
Program terminated by I/O e I/O error on internal file
 terminated by I/O error on internal file
rror on internal file
ted by I/O error on internal file
[borgk120:154603] *** Process received signal ***
[borgk120:154604] *** Process received signal ***
[borgk120:154604] Signal: Aborted (6)
[borgk120:154604] Signal code:  (-6)
[borgk120:154603] Signal: Aborted (6)
[borgk120:154603] Signal code:  (-6)
[borgk120:154602] *** Process received signal ***
[borgk120:154602] Signal: Aborted (6)
[borgk120:154602] Signal code:  (-6)
[borgk120:154605] *** Process received signal ***
[borgk120:154605] Signal: Aborted (6)
[borgk120:154605] Signal code:  (-6)
[borgk120:154603] [ 0] /lib64/libpthread.so.0(+0x16910)[0x1541b2155910]
[borgk120:154602] [ 0] [borgk120:154605] [ 0] [borgk120:154603] [ 1] [borgk120:154604] [ 0] /lib64/libpthread.so.0(+0x16910)[0x1484fc1f1910]
[borgk120:154604] [ 1] /lib64/libpthread.so.0(+0x16910)[0x14607abf2910]
[borgk120:154602] [ 1] /lib64/libc.so.6(gsignal+0x10d)[0x1484fb707d2b]
[borgk120:154604] [ 2] /lib64/libc.so.6(abort+0x177)[0x1484fb7093e5]
[borgk120:154604] /lib64/libpthread.so.0(+0x16910)[0x146025bf2910]
[borgk120:154605] [ 1] /lib64/libc.so.6(gsignal+0x10d)[0x146025a2fd2b]
[borgk120:154605] [ 2] /lib64/libc.so.6(abort+0x177)[0x146025a313e5]
[borgk120:154605] [ 3] /lib64/libc.so.6(gsignal+0x10d)[0x1541b1707d2b]
[borgk120:154603] [ 2] /lib64/libc.so.6(abort+0x177)[0x1541b17093e5]
[borgk120:154603] [ 3] ./esmApp(__NAGf90_io_abort+0x78)[0x45a9f8]
[borgk120:154603] [ 4] ./esmApp(__NAGf90_ioerr+0x1cd)[0x45b05d]
[borgk120:154603] [ 5] /lib64/libc.so.6(gsignal+0x10d)[0x14607aa2fd2b]
[borgk120:154602] [ 2] /lib64/libc.so.6(abort+0x177)[0x14607aa313e5]
[borgk120:154602] [ 3] ./esmApp(__NAGf90_io_abort+0x78)[0x45a9f8]
[borgk120:154602] [ 4] ./esmApp(__NAGf90_ioerr+0x1cd)[0x45b05d]
[borgk120:154602] [ 5] [ 3] ./esmApp(__NAGf90_io_abort+0x78)[0x45a9f8]
[borgk120:154604] [ 4] ./esmApp(__NAGf90_ioerr+0x1cd)[0x45b05d]
[borgk120:154604] ./esmApp(__NAGf90_io_abort+0x78)[0x45a9f8]
[borgk120:154605] [ 4] ./esmApp(__NAGf90_ioerr+0x1cd)[0x45b05d]
[borgk120:154605] [ 5] [ 5] /discover/nobackup/projects/gmao/SIteam/comp/SLES-15/nag/7.2.15/lib/NAG_Fortran/libf72rts.so.1(__NAGf90_maybe_next_edit+0xe19)[0x1484fbaaa629]
[borgk120:154604] [ 6] /discover/nobackup/projects/gmao/SIteam/comp/SLES-15/nag/7.2.15/lib/NAG_Fortran/libf72rts.so.1(__NAGf90_maybe_next_edit+0xe19)[0x146025caa629]
[borgk120:154605] [ 6] /discover/nobackup/projects/gmao/SIteam/comp/SLES-15/nag/7.2.15/lib/NAG_Fortran/libf72rts.so.1(__NAGf90_maybe_next_edit+0xe19)[0x1541b1aaa629]
[borgk120:154603] [ 6] /discover/nobackup/projects/gmao/SIteam/comp/SLES-15/nag/7.2.15/lib/NAG_Fortran/libf72rts.so.1(__NAGf90_maybe_next_edit+0xe19)[0x14607acaa629]
[borgk120:154602] [ 6] /discover/nobackup/projects/gmao/SIteam/ESMF_Testing/nag_7.2.15_openmpi_O_release_8.7.0/esmf/DEFAULTINSTALLDIR/lib/libO/Linux.nag.64.openmpi.default/libesmf.so(nuopc_driver_MP_loopdatadependentinitialize+0x3aef)[0x1541b4352f28]
[borgk120:154603] [ 7] /discover/nobackup/projects/gmao/SIteam/ESMF_Testing/nag_7.2.15_openmpi_O_release_8.7.0/esmf/DEFAULTINSTALLDIR/lib/libO/Linux.nag.64.openmpi.default/libesmf.so(nuopc_driver_MP_loopdatadependentinitialize+0x3aef)[0x14607d620f28]
[borgk120:154602] [ 7] /discover/nobackup/projects/gmao/SIteam/ESMF_Testing/nag_7.2.15_openmpi_O_release_8.7.0/esmf/DEFAULTINSTALLDIR/lib/libO/Linux.nag.64.openmpi.default/libesmf.so(nuopc_driver_MP_loopdatadependentinitialize+0x3aef)[0x1460285fef28]
[borgk120:154605] [ 7] /discover/nobackup/projects/gmao/SIteam/ESMF_Testing/nag_7.2.15_openmpi_O_release_8.7.0/esmf/DEFAULTINSTALLDIR/lib/libO/Linux.nag.64.openmpi.default/libesmf.so(nuopc_driver_MP_loopdatadependentinitialize+0x3aef)[0x1484fe3eef28]
[borgk120:154604] [ 7] /discover/nobackup/projects/gmao/SIteam/ESMF_Testing/nag_7.2.15_openmpi_O_release_8.7.0/esmf/DEFAULTINSTALLDIR/lib/libO/Linux.nag.64.openmpi.default/libesmf.so(nuopc_driver_MP_initializeipdv02p5data+0x3180)[0x14607d630e4a]
[borgk120:154602] [ 8] /discover/nobackup/projects/gmao/SIteam/ESMF_Testing/nag_7.2.15_openmpi_O_release_8.7.0/esmf/DEFAULTINSTALLDIR/lib/libO/Linux.nag.64.openmpi.default/libesmf.so(nuopc_driver_MP_initializeipdv02p5data+0x3180)[0x1541b4362e4a]
[borgk120:154603] [ 8] /discover/nobackup/projects/gmao/SIteam/ESMF_Testing/nag_7.2.15_openmpi_O_release_8.7.0/esmf/DEFAULTINSTALLDIR/lib/libO/Linux.nag.64.openmpi.default/libesmf.so(nuopc_driver_MP_initializeipdv02p5data+0x3180)[0x14602860ee4a]
[borgk120:154605] [ 8] /discover/nobackup/projects/gmao/SIteam/ESMF_Testing/nag_7.2.15_openmpi_O_release_8.7.0/esmf/DEFAULTINSTALLDIR/lib/libO/Linux.nag.64.openmpi.default/libesmf.so(nuopc_driver_MP_initializeipdv02p5data+0x3180)[0x1484fe3fee4a]
[borgk120:154604] [ 8] /discover/nobackup/projects/gmao/SIteam/ESMF_Testing/nag_7.2.15_openmpi_O_release_8.7.0/esmf/DEFAULTINSTALLDIR/lib/libO/Linux.nag.64.openmpi.default/libesmf.so(nuopc_driver_MP_initializeipdv02p5+0x4779)[0x1541b436840f]
[borgk120:154603] [ 9] /discover/nobackup/projects/gmao/SIteam/ESMF_Testing/nag_7.2.15_openmpi_O_release_8.7.0/esmf/DEFAULTINSTALLDIR/lib/libO/Linux.nag.64.openmpi.default/libesmf.so(nuopc_driver_MP_initializeipdv02p5+0x4779)[0x14602861440f]
[borgk120:154605] [ 9] /discover/nobackup/projects/gmao/SIteam/ESMF_Testing/nag_7.2.15_openmpi_O_release_8.7.0/esmf/DEFAULTINSTALLDIR/lib/libO/Linux.nag.64.openmpi.default/libesmf.so(nuopc_driver_MP_initializeipdv02p5+0x4779)[0x14607d63640f]
[borgk120:154602] [ 9] /discover/nobackup/projects/gmao/SIteam/ESMF_Testing/nag_7.2.15_openmpi_O_release_8.7.0/esmf/DEFAULTINSTALLDIR/lib/libO/Linux.nag.64.openmpi.default/libesmf.so(nuopc_driver_MP_initializeipdv02p5+0x4779)[0x1484fe40440f]
[borgk120:154604] [ 9] /discover/nobackup/projects/gmao/SIteam/ESMF_Testing/nag_7.2.15_openmpi_O_release_8.7.0/esmf/DEFAULTINSTALLDIR/lib/libO/Linux.nag.64.openmpi.default/libesmf.so(nuopc_driver_MP_initializegeneric+0x1a06)[0x146028649a9d]
[borgk120:154605] [10] /discover/nobackup/projects/gmao/SIteam/ESMF_Testing/nag_7.2.15_openmpi_O_release_8.7.0/esmf/DEFAULTINSTALLDIR/lib/libO/Linux.nag.64.openmpi.default/libesmf.so(nuopc_driver_MP_initializegeneric+0x1a06)[0x14607d66ba9d]
[borgk120:154602] [10] /discover/nobackup/projects/gmao/SIteam/ESMF_Testing/nag_7.2.15_openmpi_O_release_8.7.0/esmf/DEFAULTINSTALLDIR/lib/libO/Linux.nag.64.openmpi.default/libesmf.so(nuopc_driver_MP_initializegeneric+0x1a06)[0x1541b439da9d]
[borgk120:154603] [10] /discover/nobackup/projects/gmao/SIteam/ESMF_Testing/nag_7.2.15_openmpi_O_release_8.7.0/esmf/DEFAULTINSTALLDIR/lib/libO/Linux.nag.64.openmpi.default/libesmf.so(nuopc_driver_MP_initializegeneric+0x1a06)[0x1484fe439a9d]
[borgk120:154604] [10] /discover/nobackup/projects/gmao/SIteam/ESMF_Testing/nag_7.2.15_openmpi_O_release_8.7.0/esmf/DEFAULTINSTALLDIR/lib/libO/Linux.nag.64.openmpi.default/libesmf.so(_ZN5ESMCI6FTable12callVFuncPtrEPKcPNS_2VMEPi+0xc55)[0x146027757ce9]
[borgk120:154605] [11] /discover/nobackup/projects/gmao/SIteam/ESMF_Testing/nag_7.2.15_openmpi_O_release_8.7.0/esmf/DEFAULTINSTALLDIR/lib/libO/Linux.nag.64.openmpi.default/libesmf.so(_ZN5ESMCI6FTable12callVFuncPtrEPKcPNS_2VMEPi+0xc55)[0x1541b34abce9]
[borgk120:154603] [11] /discover/nobackup/projects/gmao/SIteam/ESMF_Testing/nag_7.2.15_openmpi_O_release_8.7.0/esmf/DEFAULTINSTALLDIR/lib/libO/Linux.nag.64.openmpi.default/libesmf.so(_ZN5ESMCI6FTable12callVFuncPtrEPKcPNS_2VMEPi+0xc55)[0x14607c779ce9]
[borgk120:154602] [11] /discover/nobackup/projects/gmao/SIteam/ESMF_Testing/nag_7.2.15_openmpi_O_release_8.7.0/esmf/DEFAULTINSTALLDIR/lib/libO/Linux.nag.64.openmpi.default/libesmf.so(_ZN5ESMCI6FTable12callVFuncPtrEPKcPNS_2VMEPi+0xc55)[0x1484fd547ce9]
[borgk120:154604] [11] /discover/nobackup/projects/gmao/SIteam/ESMF_Testing/nag_7.2.15_openmpi_O_release_8.7.0/esmf/DEFAULTINSTALLDIR/lib/libO/Linux.nag.64.openmpi.default/libesmf.so(ESMCI_FTableCallEntryPointVMHop+0x32e)[0x1541b34a8dbc]
[borgk120:154603] [12] /discover/nobackup/projects/gmao/SIteam/ESMF_Testing/nag_7.2.15_openmpi_O_release_8.7.0/esmf/DEFAULTINSTALLDIR/lib/libO/Linux.nag.64.openmpi.default/libesmf.so(ESMCI_FTableCallEntryPointVMHop+0x32e)[0x146027754dbc]
[borgk120:154605] [12] /discover/nobackup/projects/gmao/SIteam/ESMF_Testing/nag_7.2.15_openmpi_O_release_8.7.0/esmf/DEFAULTINSTALLDIR/lib/libO/Linux.nag.64.openmpi.default/libesmf.so(ESMCI_FTableCallEntryPointVMHop+0x32e)[0x14607c776dbc]
[borgk120:154602] [12] /discover/nobackup/projects/gmao/SIteam/ESMF_Testing/nag_7.2.15_openmpi_O_release_8.7.0/esmf/DEFAULTINSTALLDIR/lib/libO/Linux.nag.64.openmpi.default/libesmf.so(ESMCI_FTableCallEntryPointVMHop+0x32e)[0x1484fd544dbc]
[borgk120:154604] [12] /discover/nobackup/projects/gmao/SIteam/ESMF_Testing/nag_7.2.15_openmpi_O_release_8.7.0/esmf/DEFAULTINSTALLDIR/lib/libO/Linux.nag.64.openmpi.default/libesmf.so(_ZN5ESMCI3VMK5enterEPNS_7VMKPlanEPvS3_+0xd5)[0x1541b38a7a53]
[borgk120:154603] [13] /discover/nobackup/projects/gmao/SIteam/ESMF_Testing/nag_7.2.15_openmpi_O_release_8.7.0/esmf/DEFAULTINSTALLDIR/lib/libO/Linux.nag.64.openmpi.default/libesmf.so(_ZN5ESMCI3VMK5enterEPNS_7VMKPlanEPvS3_+0xd5)[0x146027b53a53]
[borgk120:154605] [13] /discover/nobackup/projects/gmao/SIteam/ESMF_Testing/nag_7.2.15_openmpi_O_release_8.7.0/esmf/DEFAULTINSTALLDIR/lib/libO/Linux.nag.64.openmpi.default/libesmf.so(_ZN5ESMCI3VMK5enterEPNS_7VMKPlanEPvS3_+0xd5)[0x14607cb75a53]
[borgk120:154602] [13] /discover/nobackup/projects/gmao/SIteam/ESMF_Testing/nag_7.2.15_openmpi_O_release_8.7.0/esmf/DEFAULTINSTALLDIR/lib/libO/Linux.nag.64.openmpi.default/libesmf.so(_ZN5ESMCI3VMK5enterEPNS_7VMKPlanEPvS3_+0xd5)[0x1484fd943a53]
[borgk120:154604] [13] /discover/nobackup/projects/gmao/SIteam/ESMF_Testing/nag_7.2.15_openmpi_O_release_8.7.0/esmf/DEFAULTINSTALLDIR/lib/libO/Linux.nag.64.openmpi.default/libesmf.so(_ZN5ESMCI2VM5enterEPNS_6VMPlanEPvS3_+0xb7)[0x146027b3d96d]
[borgk120:154605] [14] /discover/nobackup/projects/gmao/SIteam/ESMF_Testing/nag_7.2.15_openmpi_O_release_8.7.0/esmf/DEFAULTINSTALLDIR/lib/libO/Linux.nag.64.openmpi.default/libesmf.so(_ZN5ESMCI2VM5enterEPNS_6VMPlanEPvS3_+0xb7)[0x14607cb5f96d]
[borgk120:154602] [14] /discover/nobackup/projects/gmao/SIteam/ESMF_Testing/nag_7.2.15_openmpi_O_release_8.7.0/esmf/DEFAULTINSTALLDIR/lib/libO/Linux.nag.64.openmpi.default/libesmf.so(_ZN5ESMCI2VM5enterEPNS_6VMPlanEPvS3_+0xb7)[0x1541b389196d]
[borgk120:154603] [14] /discover/nobackup/projects/gmao/SIteam/ESMF_Testing/nag_7.2.15_openmpi_O_release_8.7.0/esmf/DEFAULTINSTALLDIR/lib/libO/Linux.nag.64.openmpi.default/libesmf.so(_ZN5ESMCI2VM5enterEPNS_6VMPlanEPvS3_+0xb7)[0x1484fd92d96d]
[borgk120:154604] [14] /discover/nobackup/projects/gmao/SIteam/ESMF_Testing/nag_7.2.15_openmpi_O_release_8.7.0/esmf/DEFAULTINSTALLDIR/lib/libO/Linux.nag.64.openmpi.default/libesmf.so(c_esmc_ftablecallentrypointvm_+0x35f)[0x1541b34a9255]
[borgk120:154603] [15] /discover/nobackup/projects/gmao/SIteam/ESMF_Testing/nag_7.2.15_openmpi_O_release_8.7.0/esmf/DEFAULTINSTALLDIR/lib/libO/Linux.nag.64.openmpi.default/libesmf.so(c_esmc_ftablecallentrypointvm_+0x35f)[0x146027755255]
[borgk120:154605] [15] /discover/nobackup/projects/gmao/SIteam/ESMF_Testing/nag_7.2.15_openmpi_O_release_8.7.0/esmf/DEFAULTINSTALLDIR/lib/libO/Linux.nag.64.openmpi.default/libesmf.so(c_esmc_ftablecallentrypointvm_+0x35f)[0x14607c777255]
[borgk120:154602] [15] /discover/nobackup/projects/gmao/SIteam/ESMF_Testing/nag_7.2.15_openmpi_O_release_8.7.0/esmf/DEFAULTINSTALLDIR/lib/libO/Linux.nag.64.openmpi.default/libesmf.so(c_esmc_ftablecallentrypointvm_+0x35f)[0x1484fd545255]
[borgk120:154604] [15] /discover/nobackup/projects/gmao/SIteam/ESMF_Testing/nag_7.2.15_openmpi_O_release_8.7.0/esmf/DEFAULTINSTALLDIR/lib/libO/Linux.nag.64.openmpi.default/libesmf.so(esmf_compmod_MP_esmf_compexecute+0xa6a)[0x1484fdbda15e]
[borgk120:154604] [16] /discover/nobackup/projects/gmao/SIteam/ESMF_Testing/nag_7.2.15_openmpi_O_release_8.7.0/esmf/DEFAULTINSTALLDIR/lib/libO/Linux.nag.64.openmpi.default/libesmf.so(esmf_compmod_MP_esmf_compexecute+0xa6a)[0x14607ce0c15e]
[borgk120:154602] [16] /discover/nobackup/projects/gmao/SIteam/ESMF_Testing/nag_7.2.15_openmpi_O_release_8.7.0/esmf/DEFAULTINSTALLDIR/lib/libO/Linux.nag.64.openmpi.default/libesmf.so(esmf_compmod_MP_esmf_compexecute+0xa6a)[0x1541b3b3e15e]
[borgk120:154603] [16] /discover/nobackup/projects/gmao/SIteam/ESMF_Testing/nag_7.2.15_openmpi_O_release_8.7.0/esmf/DEFAULTINSTALLDIR/lib/libO/Linux.nag.64.openmpi.default/libesmf.so(esmf_compmod_MP_esmf_compexecute+0xa6a)[0x146027dea15e]
[borgk120:154605] [16] /discover/nobackup/projects/gmao/SIteam/ESMF_Testing/nag_7.2.15_openmpi_O_release_8.7.0/esmf/DEFAULTINSTALLDIR/lib/libO/Linux.nag.64.openmpi.default/libesmf.so(esmf_gridcompmod_MP_esmf_gridcompinitialize+0x176)[0x1484fdefa46f]
[borgk120:154604] [17] ./esmApp[0x495d96]
/discover/nobackup/projects/gmao/SIteam/ESMF_Testing/nag_7.2.15_openmpi_O_release_8.7.0/esmf/DEFAULTINSTALLDIR/lib/libO/Linux.nag.64.openmpi.default/libesmf.so(esmf_gridcompmod_MP_esmf_gridcompinitialize+0x176)[0x14607d12c46f]
[borgk120:154602] [17] ./esmApp[0x495d96]
[borgk120:154602] [18] /discover/nobackup/projects/gmao/SIteam/ESMF_Testing/nag_7.2.15_openmpi_O_release_8.7.0/esmf/DEFAULTINSTALLDIR/lib/libO/Linux.nag.64.openmpi.default/libesmf.so(esmf_gridcompmod_MP_esmf_gridcompinitialize+0x176)[0x1541b3e5e46f]
[borgk120:154603] [17] ./esmApp[0x495d96]
[borgk120:154603] [18] ./esmApp(__NAGf90_cosmp_init+0x123)[0x434c63]
[borgk120:154603] /discover/nobackup/projects/gmao/SIteam/ESMF_Testing/nag_7.2.15_openmpi_O_release_8.7.0/esmf/DEFAULTINSTALLDIR/lib/libO/Linux.nag.64.openmpi.default/libesmf.so(esmf_gridcompmod_MP_esmf_gridcompinitialize+0x176)[0x14602810a46f]
[borgk120:154605] [17] ./esmApp[0x495d96]
[borgk120:154605] [18] ./esmApp(__NAGf90_cosmp_init+0x123)[0x434c63]
[borgk120:154605] [19] [19] ./esmApp[0x495973]
[borgk120:154603] [20] [borgk120:154604] [18] ./esmApp(__NAGf90_cosmp_init+0x123)[0x434c63]
[borgk120:154604] [19] ./esmApp[0x495973]
[borgk120:154604] [20] ./esmApp(__NAGf90_cosmp_init+0x123)[0x434c63]
[borgk120:154602] [19] ./esmApp[0x495973]
[borgk120:154602] [20] ./esmApp[0x495973]
[borgk120:154605] [20] /lib64/libc.so.6(__libc_start_main+0xef)[0x1484fb6f224d]
[borgk120:154604] [21] ./esmApp[0x40c0ca]
[borgk120:154604] *** End of error message ***
/lib64/libc.so.6(__libc_start_main+0xef)[0x146025a1a24d]
[borgk120:154605] [21] ./esmApp[0x40c0ca]
[borgk120:154605] *** End of error message ***
/lib64/libc.so.6(__libc_start_main+0xef)[0x14607aa1a24d]
[borgk120:154602] [21] ./esmApp[0x40c0ca]
[borgk120:154602] *** End of error message ***
/lib64/libc.so.6(__libc_start_main+0xef)[0x1541b16f224d]
[borgk120:154603] [21] ./esmApp[0x40c0ca]
[borgk120:154603] *** End of error message ***
--------------------------------------------------------------------------
Primary job  terminated normally, but 1 process returned
a non-zero exit code. Per user-direction, the job has been aborted.
--------------------------------------------------------------------------
--------------------------------------------------------------------------
mpirun noticed that process rank 2 with PID 154604 on node borgk120 exited on signal 6 (Aborted).
--------------------------------------------------------------------------
