2024-10-03 09:28:14
Runtime Error: Runtime Error: Unexpected end of format speciRuntime Error: Unexpected end of format specification
Runtime Error: Unexpected end of format specification
ProUnexpected end of format specification
Pgram terminatedProgram terminated by I/O erfication
Program terminated by I/O erro by I/O error on internal file
ror on internal file
rogram terminated by I/O error on internal file
r on internal file
[borgk120:152920] *** Process received signal ***
[borgk120:152921] *** Process received signal ***
[borgk120:152921] Signal: Aborted (6)
[borgk120:152921] Signal code:  (-6)
[borgk120:152920] Signal: Aborted (6)
[borgk120:152920] Signal code:  (-6)
[borgk120:152919] *** Process received signal ***
[borgk120:152919] Signal: Aborted (6)
[borgk120:152919] Signal code:  (-6)
[borgk120:152918] *** Process received signal ***
[borgk120:152918] Signal: Aborted (6)
[borgk120:152918] Signal code:  (-6)
[borgk120:152920] [ 0] [borgk120:152921] [ 0] /lib64/libpthread.so.0(+0x16910)[0x147488b64910]
[borgk120:152918] [ 0] /lib64/libpthread.so.0(+0x16910)[0x154fc5b32910]
[borgk120:152918] [ 1] [borgk120:152919] [ 0] /lib64/libpthread.so.0(+0x16910)[0x150c74cf8910]
[borgk120:152920] [ 1] [borgk120:152921] [ 1] /lib64/libc.so.6(gsignal+0x10d)[0x150c74453d2b]
[borgk120:152920] [ 2] /lib64/libc.so.6(abort+0x177)[0x150c744553e5]
[borgk120:152920] [ 3] ./esmApp(__NAGf90_io_abort+0x78)[0x459fa8]
[borgk120:152920] /lib64/libc.so.6(gsignal+0x10d)[0x154fc5253d2b]
[borgk120:152918] [ 2] /lib64/libc.so.6(abort+0x177)[0x154fc52553e5]
[borgk120:152918] [ 3] ./esmApp(__NAGf90_io_abort+0x78)[0x459fa8]
[borgk120:152918] [ 4] ./esmApp(__NAGf90_ioerr+0x1cd)[0x45a60d]
[borgk120:152918] [ 5] /lib64/libpthread.so.0(+0x16910)[0x15202f7d9910]
[borgk120:152919] [ 1] /lib64/libc.so.6(gsignal+0x10d)[0x15202ed07d2b]
[borgk120:152919] [ 2] /lib64/libc.so.6(abort+0x177)[0x15202ed093e5]
[borgk120:152919] [ 3] /lib64/libc.so.6(gsignal+0x10d)[0x147488253d2b]
[borgk120:152921] [ 2] /lib64/libc.so.6(abort+0x177)[0x1474882553e5]
[borgk120:152921] [ 3] ./esmApp(__NAGf90_io_abort+0x78)[0x459fa8]
[borgk120:152921] [ 4] ./esmApp(__NAGf90_ioerr+0x1cd)[0x45a60d]
[borgk120:152921] [ 5] ./esmApp(__NAGf90_io_abort+0x78)[0x459fa8]
[borgk120:152919] [ 4] [ 4] ./esmApp(__NAGf90_ioerr+0x1cd)[0x45a60d]
[borgk120:152920] [ 5] /discover/nobackup/projects/gmao/SIteam/comp/SLES-15/nag/7.2.15/lib/NAG_Fortran/libf72rts.so.1(__NAGf90_maybe_next_edit+0xe19)[0x1474884aa629]
[borgk120:152921] [ 6] ./esmApp(__NAGf90_ioerr+0x1cd)[0x45a60d]
[borgk120:152919] [ 5] /discover/nobackup/projects/gmao/SIteam/comp/SLES-15/nag/7.2.15/lib/NAG_Fortran/libf72rts.so.1(__NAGf90_maybe_next_edit+0xe19)[0x15202f0aa629]
[borgk120:152919] [ 6] /discover/nobackup/projects/gmao/SIteam/comp/SLES-15/nag/7.2.15/lib/NAG_Fortran/libf72rts.so.1(__NAGf90_maybe_next_edit+0xe19)[0x154fc54aa629]
[borgk120:152918] [ 6] /discover/nobackup/projects/gmao/SIteam/comp/SLES-15/nag/7.2.15/lib/NAG_Fortran/libf72rts.so.1(__NAGf90_maybe_next_edit+0xe19)[0x150c746aa629]
[borgk120:152920] [ 6] /discover/nobackup/projects/gmao/SIteam/ESMF_Testing/nag_7.2.15_openmpi_O_release_8.7.0/esmf/DEFAULTINSTALLDIR/lib/libO/Linux.nag.64.openmpi.default/libesmf.so(nuopc_driver_MP_loopdatadependentinitialize+0x3aef)[0x154fc7e7bf28]
[borgk120:152918] [ 7] /discover/nobackup/projects/gmao/SIteam/ESMF_Testing/nag_7.2.15_openmpi_O_release_8.7.0/esmf/DEFAULTINSTALLDIR/lib/libO/Linux.nag.64.openmpi.default/libesmf.so(nuopc_driver_MP_loopdatadependentinitialize+0x3aef)[0x14748aeadf28]
[borgk120:152921] [ 7] /discover/nobackup/projects/gmao/SIteam/ESMF_Testing/nag_7.2.15_openmpi_O_release_8.7.0/esmf/DEFAULTINSTALLDIR/lib/libO/Linux.nag.64.openmpi.default/libesmf.so(nuopc_driver_MP_loopdatadependentinitialize+0x3aef)[0x150c77041f28]
[borgk120:152920] [ 7] /discover/nobackup/projects/gmao/SIteam/ESMF_Testing/nag_7.2.15_openmpi_O_release_8.7.0/esmf/DEFAULTINSTALLDIR/lib/libO/Linux.nag.64.openmpi.default/libesmf.so(nuopc_driver_MP_loopdatadependentinitialize+0x3aef)[0x1520319d6f28]
[borgk120:152919] [ 7] /discover/nobackup/projects/gmao/SIteam/ESMF_Testing/nag_7.2.15_openmpi_O_release_8.7.0/esmf/DEFAULTINSTALLDIR/lib/libO/Linux.nag.64.openmpi.default/libesmf.so(nuopc_driver_MP_initializeipdv02p5data+0x3180)[0x154fc7e8be4a]
[borgk120:152918] [ 8] /discover/nobackup/projects/gmao/SIteam/ESMF_Testing/nag_7.2.15_openmpi_O_release_8.7.0/esmf/DEFAULTINSTALLDIR/lib/libO/Linux.nag.64.openmpi.default/libesmf.so(nuopc_driver_MP_initializeipdv02p5data+0x3180)[0x150c77051e4a]
[borgk120:152920] [ 8] /discover/nobackup/projects/gmao/SIteam/ESMF_Testing/nag_7.2.15_openmpi_O_release_8.7.0/esmf/DEFAULTINSTALLDIR/lib/libO/Linux.nag.64.openmpi.default/libesmf.so(nuopc_driver_MP_initializeipdv02p5data+0x3180)[0x14748aebde4a]
[borgk120:152921] [ 8] /discover/nobackup/projects/gmao/SIteam/ESMF_Testing/nag_7.2.15_openmpi_O_release_8.7.0/esmf/DEFAULTINSTALLDIR/lib/libO/Linux.nag.64.openmpi.default/libesmf.so(nuopc_driver_MP_initializeipdv02p5data+0x3180)[0x1520319e6e4a]
[borgk120:152919] [ 8] /discover/nobackup/projects/gmao/SIteam/ESMF_Testing/nag_7.2.15_openmpi_O_release_8.7.0/esmf/DEFAULTINSTALLDIR/lib/libO/Linux.nag.64.openmpi.default/libesmf.so(nuopc_driver_MP_initializeipdv02p5+0x4779)[0x150c7705740f]
[borgk120:152920] [ 9] /discover/nobackup/projects/gmao/SIteam/ESMF_Testing/nag_7.2.15_openmpi_O_release_8.7.0/esmf/DEFAULTINSTALLDIR/lib/libO/Linux.nag.64.openmpi.default/libesmf.so(nuopc_driver_MP_initializeipdv02p5+0x4779)[0x14748aec340f]
[borgk120:152921] [ 9] /discover/nobackup/projects/gmao/SIteam/ESMF_Testing/nag_7.2.15_openmpi_O_release_8.7.0/esmf/DEFAULTINSTALLDIR/lib/libO/Linux.nag.64.openmpi.default/libesmf.so(nuopc_driver_MP_initializeipdv02p5+0x4779)[0x154fc7e9140f]
[borgk120:152918] [ 9] /discover/nobackup/projects/gmao/SIteam/ESMF_Testing/nag_7.2.15_openmpi_O_release_8.7.0/esmf/DEFAULTINSTALLDIR/lib/libO/Linux.nag.64.openmpi.default/libesmf.so(nuopc_driver_MP_initializeipdv02p5+0x4779)[0x1520319ec40f]
[borgk120:152919] [ 9] /discover/nobackup/projects/gmao/SIteam/ESMF_Testing/nag_7.2.15_openmpi_O_release_8.7.0/esmf/DEFAULTINSTALLDIR/lib/libO/Linux.nag.64.openmpi.default/libesmf.so(nuopc_driver_MP_initializegeneric+0x1a06)[0x154fc7ec6a9d]
[borgk120:152918] [10] /discover/nobackup/projects/gmao/SIteam/ESMF_Testing/nag_7.2.15_openmpi_O_release_8.7.0/esmf/DEFAULTINSTALLDIR/lib/libO/Linux.nag.64.openmpi.default/libesmf.so(nuopc_driver_MP_initializegeneric+0x1a06)[0x150c7708ca9d]
[borgk120:152920] [10] /discover/nobackup/projects/gmao/SIteam/ESMF_Testing/nag_7.2.15_openmpi_O_release_8.7.0/esmf/DEFAULTINSTALLDIR/lib/libO/Linux.nag.64.openmpi.default/libesmf.so(nuopc_driver_MP_initializegeneric+0x1a06)[0x14748aef8a9d]
[borgk120:152921] [10] /discover/nobackup/projects/gmao/SIteam/ESMF_Testing/nag_7.2.15_openmpi_O_release_8.7.0/esmf/DEFAULTINSTALLDIR/lib/libO/Linux.nag.64.openmpi.default/libesmf.so(nuopc_driver_MP_initializegeneric+0x1a06)[0x152031a21a9d]
[borgk120:152919] [10] /discover/nobackup/projects/gmao/SIteam/ESMF_Testing/nag_7.2.15_openmpi_O_release_8.7.0/esmf/DEFAULTINSTALLDIR/lib/libO/Linux.nag.64.openmpi.default/libesmf.so(_ZN5ESMCI6FTable12callVFuncPtrEPKcPNS_2VMEPi+0xc55)[0x14748a006ce9]
[borgk120:152921] [11] /discover/nobackup/projects/gmao/SIteam/ESMF_Testing/nag_7.2.15_openmpi_O_release_8.7.0/esmf/DEFAULTINSTALLDIR/lib/libO/Linux.nag.64.openmpi.default/libesmf.so(_ZN5ESMCI6FTable12callVFuncPtrEPKcPNS_2VMEPi+0xc55)[0x150c7619ace9]
[borgk120:152920] [11] /discover/nobackup/projects/gmao/SIteam/ESMF_Testing/nag_7.2.15_openmpi_O_release_8.7.0/esmf/DEFAULTINSTALLDIR/lib/libO/Linux.nag.64.openmpi.default/libesmf.so(_ZN5ESMCI6FTable12callVFuncPtrEPKcPNS_2VMEPi+0xc55)[0x154fc6fd4ce9]
[borgk120:152918] [11] /discover/nobackup/projects/gmao/SIteam/ESMF_Testing/nag_7.2.15_openmpi_O_release_8.7.0/esmf/DEFAULTINSTALLDIR/lib/libO/Linux.nag.64.openmpi.default/libesmf.so(_ZN5ESMCI6FTable12callVFuncPtrEPKcPNS_2VMEPi+0xc55)[0x152030b2fce9]
[borgk120:152919] [11] /discover/nobackup/projects/gmao/SIteam/ESMF_Testing/nag_7.2.15_openmpi_O_release_8.7.0/esmf/DEFAULTINSTALLDIR/lib/libO/Linux.nag.64.openmpi.default/libesmf.so(ESMCI_FTableCallEntryPointVMHop+0x32e)[0x150c76197dbc]
[borgk120:152920] [12] /discover/nobackup/projects/gmao/SIteam/ESMF_Testing/nag_7.2.15_openmpi_O_release_8.7.0/esmf/DEFAULTINSTALLDIR/lib/libO/Linux.nag.64.openmpi.default/libesmf.so(ESMCI_FTableCallEntryPointVMHop+0x32e)[0x14748a003dbc]
[borgk120:152921] [12] /discover/nobackup/projects/gmao/SIteam/ESMF_Testing/nag_7.2.15_openmpi_O_release_8.7.0/esmf/DEFAULTINSTALLDIR/lib/libO/Linux.nag.64.openmpi.default/libesmf.so(ESMCI_FTableCallEntryPointVMHop+0x32e)[0x154fc6fd1dbc]
[borgk120:152918] [12] /discover/nobackup/projects/gmao/SIteam/ESMF_Testing/nag_7.2.15_openmpi_O_release_8.7.0/esmf/DEFAULTINSTALLDIR/lib/libO/Linux.nag.64.openmpi.default/libesmf.so(ESMCI_FTableCallEntryPointVMHop+0x32e)[0x152030b2cdbc]
[borgk120:152919] [12] /discover/nobackup/projects/gmao/SIteam/ESMF_Testing/nag_7.2.15_openmpi_O_release_8.7.0/esmf/DEFAULTINSTALLDIR/lib/libO/Linux.nag.64.openmpi.default/libesmf.so(_ZN5ESMCI3VMK5enterEPNS_7VMKPlanEPvS3_+0xd5)[0x14748a402a53]
[borgk120:152921] [13] /discover/nobackup/projects/gmao/SIteam/ESMF_Testing/nag_7.2.15_openmpi_O_release_8.7.0/esmf/DEFAULTINSTALLDIR/lib/libO/Linux.nag.64.openmpi.default/libesmf.so(_ZN5ESMCI3VMK5enterEPNS_7VMKPlanEPvS3_+0xd5)[0x154fc73d0a53]
[borgk120:152918] [13] /discover/nobackup/projects/gmao/SIteam/ESMF_Testing/nag_7.2.15_openmpi_O_release_8.7.0/esmf/DEFAULTINSTALLDIR/lib/libO/Linux.nag.64.openmpi.default/libesmf.so(_ZN5ESMCI3VMK5enterEPNS_7VMKPlanEPvS3_+0xd5)[0x150c76596a53]
[borgk120:152920] [13] /discover/nobackup/projects/gmao/SIteam/ESMF_Testing/nag_7.2.15_openmpi_O_release_8.7.0/esmf/DEFAULTINSTALLDIR/lib/libO/Linux.nag.64.openmpi.default/libesmf.so(_ZN5ESMCI3VMK5enterEPNS_7VMKPlanEPvS3_+0xd5)[0x152030f2ba53]
[borgk120:152919] [13] /discover/nobackup/projects/gmao/SIteam/ESMF_Testing/nag_7.2.15_openmpi_O_release_8.7.0/esmf/DEFAULTINSTALLDIR/lib/libO/Linux.nag.64.openmpi.default/libesmf.so(_ZN5ESMCI2VM5enterEPNS_6VMPlanEPvS3_+0xb7)[0x150c7658096d]
[borgk120:152920] [14] /discover/nobackup/projects/gmao/SIteam/ESMF_Testing/nag_7.2.15_openmpi_O_release_8.7.0/esmf/DEFAULTINSTALLDIR/lib/libO/Linux.nag.64.openmpi.default/libesmf.so(_ZN5ESMCI2VM5enterEPNS_6VMPlanEPvS3_+0xb7)[0x14748a3ec96d]
[borgk120:152921] [14] /discover/nobackup/projects/gmao/SIteam/ESMF_Testing/nag_7.2.15_openmpi_O_release_8.7.0/esmf/DEFAULTINSTALLDIR/lib/libO/Linux.nag.64.openmpi.default/libesmf.so(_ZN5ESMCI2VM5enterEPNS_6VMPlanEPvS3_+0xb7)[0x154fc73ba96d]
[borgk120:152918] [14] /discover/nobackup/projects/gmao/SIteam/ESMF_Testing/nag_7.2.15_openmpi_O_release_8.7.0/esmf/DEFAULTINSTALLDIR/lib/libO/Linux.nag.64.openmpi.default/libesmf.so(_ZN5ESMCI2VM5enterEPNS_6VMPlanEPvS3_+0xb7)[0x152030f1596d]
[borgk120:152919] [14] /discover/nobackup/projects/gmao/SIteam/ESMF_Testing/nag_7.2.15_openmpi_O_release_8.7.0/esmf/DEFAULTINSTALLDIR/lib/libO/Linux.nag.64.openmpi.default/libesmf.so(c_esmc_ftablecallentrypointvm_+0x35f)[0x14748a004255]
[borgk120:152921] [15] /discover/nobackup/projects/gmao/SIteam/ESMF_Testing/nag_7.2.15_openmpi_O_release_8.7.0/esmf/DEFAULTINSTALLDIR/lib/libO/Linux.nag.64.openmpi.default/libesmf.so(c_esmc_ftablecallentrypointvm_+0x35f)[0x154fc6fd2255]
[borgk120:152918] /discover/nobackup/projects/gmao/SIteam/ESMF_Testing/nag_7.2.15_openmpi_O_release_8.7.0/esmf/DEFAULTINSTALLDIR/lib/libO/Linux.nag.64.openmpi.default/libesmf.so(c_esmc_ftablecallentrypointvm_+0x35f)[0x150c76198255]
[borgk120:152920] [15] [15] /discover/nobackup/projects/gmao/SIteam/ESMF_Testing/nag_7.2.15_openmpi_O_release_8.7.0/esmf/DEFAULTINSTALLDIR/lib/libO/Linux.nag.64.openmpi.default/libesmf.so(c_esmc_ftablecallentrypointvm_+0x35f)[0x152030b2d255]
[borgk120:152919] [15] /discover/nobackup/projects/gmao/SIteam/ESMF_Testing/nag_7.2.15_openmpi_O_release_8.7.0/esmf/DEFAULTINSTALLDIR/lib/libO/Linux.nag.64.openmpi.default/libesmf.so(esmf_compmod_MP_esmf_compexecute+0xa6a)[0x14748a69915e]
[borgk120:152921] [16] /discover/nobackup/projects/gmao/SIteam/ESMF_Testing/nag_7.2.15_openmpi_O_release_8.7.0/esmf/DEFAULTINSTALLDIR/lib/libO/Linux.nag.64.openmpi.default/libesmf.so(esmf_compmod_MP_esmf_compexecute+0xa6a)[0x150c7682d15e]
[borgk120:152920] /discover/nobackup/projects/gmao/SIteam/ESMF_Testing/nag_7.2.15_openmpi_O_release_8.7.0/esmf/DEFAULTINSTALLDIR/lib/libO/Linux.nag.64.openmpi.default/libesmf.so(esmf_compmod_MP_esmf_compexecute+0xa6a)[0x154fc766715e]
[borgk120:152918] [16] /discover/nobackup/projects/gmao/SIteam/ESMF_Testing/nag_7.2.15_openmpi_O_release_8.7.0/esmf/DEFAULTINSTALLDIR/lib/libO/Linux.nag.64.openmpi.default/libesmf.so(esmf_compmod_MP_esmf_compexecute+0xa6a)[0x1520311c215e]
[borgk120:152919] [16] [16] /discover/nobackup/projects/gmao/SIteam/ESMF_Testing/nag_7.2.15_openmpi_O_release_8.7.0/esmf/DEFAULTINSTALLDIR/lib/libO/Linux.nag.64.openmpi.default/libesmf.so(esmf_gridcompmod_MP_esmf_gridcompinitialize+0x176)[0x14748a9b946f]
[borgk120:152921] [17] ./esmApp[0x4955de]
[borgk120:152921] [18] /discover/nobackup/projects/gmao/SIteam/ESMF_Testing/nag_7.2.15_openmpi_O_release_8.7.0/esmf/DEFAULTINSTALLDIR/lib/libO/Linux.nag.64.openmpi.default/libesmf.so(esmf_gridcompmod_MP_esmf_gridcompinitialize+0x176)[0x154fc798746f]
[borgk120:152918] [17] ./esmApp(__NAGf90_cosmp_init+0x123)[0x434213]
[borgk120:152921] [19] ./esmApp[0x494f23]
[borgk120:152921] [20] /discover/nobackup/projects/gmao/SIteam/ESMF_Testing/nag_7.2.15_openmpi_O_release_8.7.0/esmf/DEFAULTINSTALLDIR/lib/libO/Linux.nag.64.openmpi.default/libesmf.so(esmf_gridcompmod_MP_esmf_gridcompinitialize+0x176)[0x150c76b4d46f]
[borgk120:152920] [17] ./esmApp[0x4955de]
[borgk120:152920] [18] ./esmApp(__NAGf90_cosmp_init+0x123)[0x434213]
[borgk120:152920] [19] /discover/nobackup/projects/gmao/SIteam/ESMF_Testing/nag_7.2.15_openmpi_O_release_8.7.0/esmf/DEFAULTINSTALLDIR/lib/libO/Linux.nag.64.openmpi.default/libesmf.so(esmf_gridcompmod_MP_esmf_gridcompinitialize+0x176)[0x1520314e246f]
[borgk120:152919] [17] ./esmApp[0x4955de]
[borgk120:152919] [18] ./esmApp[0x4955de]
[borgk120:152918] [18] ./esmApp(__NAGf90_cosmp_init+0x123)[0x434213]
[borgk120:152918] [19] ./esmApp[0x494f23]
[borgk120:152918] [20] ./esmApp[0x494f23]
[borgk120:152920] [20] /lib64/libc.so.6(__libc_start_main+0xef)[0x150c7443e24d]
[borgk120:152920] [21] ./esmApp[0x40b67a]
[borgk120:152920] *** End of error message ***
./esmApp(__NAGf90_cosmp_init+0x123)[0x434213]
[borgk120:152919] [19] ./esmApp[0x494f23]
[borgk120:152919] [20] /lib64/libc.so.6(__libc_start_main+0xef)[0x15202ecf224d]
[borgk120:152919] [21] ./esmApp[0x40b67a]
[borgk120:152919] *** End of error message ***
/lib64/libc.so.6(__libc_start_main+0xef)[0x14748823e24d]
[borgk120:152921] [21] ./esmApp[0x40b67a]
[borgk120:152921] *** End of error message ***
/lib64/libc.so.6(__libc_start_main+0xef)[0x154fc523e24d]
[borgk120:152918] [21] ./esmApp[0x40b67a]
[borgk120:152918] *** End of error message ***
--------------------------------------------------------------------------
Primary job  terminated normally, but 1 process returned
a non-zero exit code. Per user-direction, the job has been aborted.
--------------------------------------------------------------------------
--------------------------------------------------------------------------
mpirun noticed that process rank 2 with PID 152920 on node borgk120 exited on signal 6 (Aborted).
--------------------------------------------------------------------------
