2024-10-03 09:28:14
Runtime Error: Unexpected end oRuntime Error: Unexpected end of format specification
Runtime Error: Unexpected end of format specification
PrRuntime Error: Unexpected end of format specification
Program terminaf format specification
Program terminated byProgram terminated by I/O error onogram terminated by I/O error on ted by I/O error on internal  I/O error on internal file
 internal file
file
internal file
[borgk120:154674] *** Process received signal ***
[borgk120:154674] Signal: Aborted (6)
[borgk120:154674] Signal code:  (-6)
[borgk120:154672] *** Process received signal ***
[borgk120:154672] Signal: Aborted (6)
[borgk120:154672] Signal code:  (-6)
[borgk120:154672] [ 0] [borgk120:154674] [ 0] /lib64/libpthread.so.0(+0x16910)[0x1532f1aee910]
/lib64/libpthread.so.0(+0x16910)[0x14de23cf8910]
[borgk120:154672] [ 1] [borgk120:154674] [ 1] /lib64/libc.so.6(gsignal+0x10d)[0x14de23307d2b]
[borgk120:154672] [ 2] /lib64/libc.so.6(gsignal+0x10d)[0x1532f1107d2b]
[borgk120:154674] [ 2] /lib64/libc.so.6(abort+0x177)[0x1532f11093e5]
[borgk120:154674] [ 3] ./esmApp(__NAGf90_io_abort+0x78)[0x45adf8]
[borgk120:154674] [ 4] /lib64/libc.so.6(abort+0x177)[0x14de233093e5]
[borgk120:154672] [ 3] ./esmApp(__NAGf90_io_abort+0x78)[0x45adf8]
[borgk120:154672] [ 4] ./esmApp(__NAGf90_ioerr+0x1cd)[0x45b45d]
[borgk120:154672] [ 5] ./esmApp(__NAGf90_ioerr+0x1cd)[0x45b45d]
[borgk120:154674] [ 5] /discover/nobackup/projects/gmao/SIteam/comp/SLES-15/nag/7.2.15/lib/NAG_Fortran/libf72rts.so.1(__NAGf90_maybe_next_edit+0xe19)[0x1532f14aa629]
[borgk120:154674] [ 6] /discover/nobackup/projects/gmao/SIteam/comp/SLES-15/nag/7.2.15/lib/NAG_Fortran/libf72rts.so.1(__NAGf90_maybe_next_edit+0xe19)[0x14de236aa629]
[borgk120:154672] [ 6] [borgk120:154671] *** Process received signal ***
[borgk120:154671] Signal: Aborted (6)
[borgk120:154671] Signal code:  (-6)
[borgk120:154673] *** Process received signal ***
[borgk120:154673] Signal: Aborted (6)
[borgk120:154673] Signal code:  (-6)
[borgk120:154671] [ 0] /lib64/libpthread.so.0(+0x16910)[0x155068b8d910]
[borgk120:154671] [borgk120:154673] [ 0] /lib64/libpthread.so.0(+0x16910)[0x1483cd715910]
[borgk120:154673] [ 1] [ 1] /lib64/libc.so.6(gsignal+0x10d)[0x155068107d2b]
[borgk120:154671] [ 2] /lib64/libc.so.6(gsignal+0x10d)[0x1483cce53d2b]
[borgk120:154673] [ 2] /lib64/libc.so.6(abort+0x177)[0x1550681093e5]
[borgk120:154671] [ 3] ./esmApp(__NAGf90_io_abort+0x78)[0x45adf8]
[borgk120:154671] [ 4] /lib64/libc.so.6(abort+0x177)[0x1483cce553e5]
[borgk120:154673] [ 3] ./esmApp(__NAGf90_ioerr+0x1cd)[0x45b45d]
[borgk120:154671] [ 5] ./esmApp(__NAGf90_io_abort+0x78)[0x45adf8]
[borgk120:154673] [ 4] ./esmApp(__NAGf90_ioerr+0x1cd)[0x45b45d]
[borgk120:154673] [ 5] /discover/nobackup/projects/gmao/SIteam/comp/SLES-15/nag/7.2.15/lib/NAG_Fortran/libf72rts.so.1(__NAGf90_maybe_next_edit+0xe19)[0x1550684aa629]
[borgk120:154671] [ 6] /discover/nobackup/projects/gmao/SIteam/comp/SLES-15/nag/7.2.15/lib/NAG_Fortran/libf72rts.so.1(__NAGf90_maybe_next_edit+0xe19)[0x1483cd0aa629]
[borgk120:154673] [ 6] /discover/nobackup/projects/gmao/SIteam/ESMF_Testing/nag_7.2.15_openmpi_O_release_8.7.0/esmf/DEFAULTINSTALLDIR/lib/libO/Linux.nag.64.openmpi.default/libesmf.so(nuopc_driver_MP_loopdatadependentinitialize+0x3aef)[0x14de25ef5f28]
[borgk120:154672] [ 7] /discover/nobackup/projects/gmao/SIteam/ESMF_Testing/nag_7.2.15_openmpi_O_release_8.7.0/esmf/DEFAULTINSTALLDIR/lib/libO/Linux.nag.64.openmpi.default/libesmf.so(nuopc_driver_MP_loopdatadependentinitialize+0x3aef)[0x1532f3cebf28]
[borgk120:154674] [ 7] /discover/nobackup/projects/gmao/SIteam/ESMF_Testing/nag_7.2.15_openmpi_O_release_8.7.0/esmf/DEFAULTINSTALLDIR/lib/libO/Linux.nag.64.openmpi.default/libesmf.so(nuopc_driver_MP_loopdatadependentinitialize+0x3aef)[0x15506ad8af28]
[borgk120:154671] [ 7] /discover/nobackup/projects/gmao/SIteam/ESMF_Testing/nag_7.2.15_openmpi_O_release_8.7.0/esmf/DEFAULTINSTALLDIR/lib/libO/Linux.nag.64.openmpi.default/libesmf.so(nuopc_driver_MP_loopdatadependentinitialize+0x3aef)[0x1483cfa5ef28]
[borgk120:154673] [ 7] /discover/nobackup/projects/gmao/SIteam/ESMF_Testing/nag_7.2.15_openmpi_O_release_8.7.0/esmf/DEFAULTINSTALLDIR/lib/libO/Linux.nag.64.openmpi.default/libesmf.so(nuopc_driver_MP_initializeipdv02p5data+0x3180)[0x1532f3cfbe4a]
[borgk120:154674] [ 8] /discover/nobackup/projects/gmao/SIteam/ESMF_Testing/nag_7.2.15_openmpi_O_release_8.7.0/esmf/DEFAULTINSTALLDIR/lib/libO/Linux.nag.64.openmpi.default/libesmf.so(nuopc_driver_MP_initializeipdv02p5data+0x3180)[0x14de25f05e4a]
[borgk120:154672] [ 8] /discover/nobackup/projects/gmao/SIteam/ESMF_Testing/nag_7.2.15_openmpi_O_release_8.7.0/esmf/DEFAULTINSTALLDIR/lib/libO/Linux.nag.64.openmpi.default/libesmf.so(nuopc_driver_MP_initializeipdv02p5data+0x3180)[0x15506ad9ae4a]
[borgk120:154671] [ 8] /discover/nobackup/projects/gmao/SIteam/ESMF_Testing/nag_7.2.15_openmpi_O_release_8.7.0/esmf/DEFAULTINSTALLDIR/lib/libO/Linux.nag.64.openmpi.default/libesmf.so(nuopc_driver_MP_initializeipdv02p5data+0x3180)[0x1483cfa6ee4a]
[borgk120:154673] [ 8] /discover/nobackup/projects/gmao/SIteam/ESMF_Testing/nag_7.2.15_openmpi_O_release_8.7.0/esmf/DEFAULTINSTALLDIR/lib/libO/Linux.nag.64.openmpi.default/libesmf.so(nuopc_driver_MP_initializeipdv02p5+0x4779)[0x14de25f0b40f]
[borgk120:154672] [ 9] /discover/nobackup/projects/gmao/SIteam/ESMF_Testing/nag_7.2.15_openmpi_O_release_8.7.0/esmf/DEFAULTINSTALLDIR/lib/libO/Linux.nag.64.openmpi.default/libesmf.so(nuopc_driver_MP_initializeipdv02p5+0x4779)[0x1532f3d0140f]
[borgk120:154674] [ 9] /discover/nobackup/projects/gmao/SIteam/ESMF_Testing/nag_7.2.15_openmpi_O_release_8.7.0/esmf/DEFAULTINSTALLDIR/lib/libO/Linux.nag.64.openmpi.default/libesmf.so(nuopc_driver_MP_initializeipdv02p5+0x4779)[0x15506ada040f]
[borgk120:154671] [ 9] /discover/nobackup/projects/gmao/SIteam/ESMF_Testing/nag_7.2.15_openmpi_O_release_8.7.0/esmf/DEFAULTINSTALLDIR/lib/libO/Linux.nag.64.openmpi.default/libesmf.so(nuopc_driver_MP_initializeipdv02p5+0x4779)[0x1483cfa7440f]
[borgk120:154673] [ 9] /discover/nobackup/projects/gmao/SIteam/ESMF_Testing/nag_7.2.15_openmpi_O_release_8.7.0/esmf/DEFAULTINSTALLDIR/lib/libO/Linux.nag.64.openmpi.default/libesmf.so(nuopc_driver_MP_initializegeneric+0x1a06)[0x1532f3d36a9d]
[borgk120:154674] [10] /discover/nobackup/projects/gmao/SIteam/ESMF_Testing/nag_7.2.15_openmpi_O_release_8.7.0/esmf/DEFAULTINSTALLDIR/lib/libO/Linux.nag.64.openmpi.default/libesmf.so(nuopc_driver_MP_initializegeneric+0x1a06)[0x14de25f40a9d]
[borgk120:154672] [10] /discover/nobackup/projects/gmao/SIteam/ESMF_Testing/nag_7.2.15_openmpi_O_release_8.7.0/esmf/DEFAULTINSTALLDIR/lib/libO/Linux.nag.64.openmpi.default/libesmf.so(nuopc_driver_MP_initializegeneric+0x1a06)[0x1483cfaa9a9d]
[borgk120:154673] [10] /discover/nobackup/projects/gmao/SIteam/ESMF_Testing/nag_7.2.15_openmpi_O_release_8.7.0/esmf/DEFAULTINSTALLDIR/lib/libO/Linux.nag.64.openmpi.default/libesmf.so(nuopc_driver_MP_initializegeneric+0x1a06)[0x15506add5a9d]
[borgk120:154671] [10] /discover/nobackup/projects/gmao/SIteam/ESMF_Testing/nag_7.2.15_openmpi_O_release_8.7.0/esmf/DEFAULTINSTALLDIR/lib/libO/Linux.nag.64.openmpi.default/libesmf.so(_ZN5ESMCI6FTable12callVFuncPtrEPKcPNS_2VMEPi+0xc55)[0x1532f2e44ce9]
[borgk120:154674] [11] /discover/nobackup/projects/gmao/SIteam/ESMF_Testing/nag_7.2.15_openmpi_O_release_8.7.0/esmf/DEFAULTINSTALLDIR/lib/libO/Linux.nag.64.openmpi.default/libesmf.so(_ZN5ESMCI6FTable12callVFuncPtrEPKcPNS_2VMEPi+0xc55)[0x14de2504ece9]
[borgk120:154672] [11] /discover/nobackup/projects/gmao/SIteam/ESMF_Testing/nag_7.2.15_openmpi_O_release_8.7.0/esmf/DEFAULTINSTALLDIR/lib/libO/Linux.nag.64.openmpi.default/libesmf.so(_ZN5ESMCI6FTable12callVFuncPtrEPKcPNS_2VMEPi+0xc55)[0x1483cebb7ce9]
[borgk120:154673] [11] /discover/nobackup/projects/gmao/SIteam/ESMF_Testing/nag_7.2.15_openmpi_O_release_8.7.0/esmf/DEFAULTINSTALLDIR/lib/libO/Linux.nag.64.openmpi.default/libesmf.so(_ZN5ESMCI6FTable12callVFuncPtrEPKcPNS_2VMEPi+0xc55)[0x155069ee3ce9]
[borgk120:154671] [11] /discover/nobackup/projects/gmao/SIteam/ESMF_Testing/nag_7.2.15_openmpi_O_release_8.7.0/esmf/DEFAULTINSTALLDIR/lib/libO/Linux.nag.64.openmpi.default/libesmf.so(ESMCI_FTableCallEntryPointVMHop+0x32e)[0x14de2504bdbc]
[borgk120:154672] [12] /discover/nobackup/projects/gmao/SIteam/ESMF_Testing/nag_7.2.15_openmpi_O_release_8.7.0/esmf/DEFAULTINSTALLDIR/lib/libO/Linux.nag.64.openmpi.default/libesmf.so(ESMCI_FTableCallEntryPointVMHop+0x32e)[0x1532f2e41dbc]
[borgk120:154674] [12] /discover/nobackup/projects/gmao/SIteam/ESMF_Testing/nag_7.2.15_openmpi_O_release_8.7.0/esmf/DEFAULTINSTALLDIR/lib/libO/Linux.nag.64.openmpi.default/libesmf.so(ESMCI_FTableCallEntryPointVMHop+0x32e)[0x155069ee0dbc]
[borgk120:154671] [12] /discover/nobackup/projects/gmao/SIteam/ESMF_Testing/nag_7.2.15_openmpi_O_release_8.7.0/esmf/DEFAULTINSTALLDIR/lib/libO/Linux.nag.64.openmpi.default/libesmf.so(ESMCI_FTableCallEntryPointVMHop+0x32e)[0x1483cebb4dbc]
[borgk120:154673] [12] /discover/nobackup/projects/gmao/SIteam/ESMF_Testing/nag_7.2.15_openmpi_O_release_8.7.0/esmf/DEFAULTINSTALLDIR/lib/libO/Linux.nag.64.openmpi.default/libesmf.so(_ZN5ESMCI3VMK5enterEPNS_7VMKPlanEPvS3_+0xd5)[0x1532f3240a53]
[borgk120:154674] [13] /discover/nobackup/projects/gmao/SIteam/ESMF_Testing/nag_7.2.15_openmpi_O_release_8.7.0/esmf/DEFAULTINSTALLDIR/lib/libO/Linux.nag.64.openmpi.default/libesmf.so(_ZN5ESMCI3VMK5enterEPNS_7VMKPlanEPvS3_+0xd5)[0x14de2544aa53]
[borgk120:154672] [13] /discover/nobackup/projects/gmao/SIteam/ESMF_Testing/nag_7.2.15_openmpi_O_release_8.7.0/esmf/DEFAULTINSTALLDIR/lib/libO/Linux.nag.64.openmpi.default/libesmf.so(_ZN5ESMCI3VMK5enterEPNS_7VMKPlanEPvS3_+0xd5)[0x1483cefb3a53]
[borgk120:154673] [13] /discover/nobackup/projects/gmao/SIteam/ESMF_Testing/nag_7.2.15_openmpi_O_release_8.7.0/esmf/DEFAULTINSTALLDIR/lib/libO/Linux.nag.64.openmpi.default/libesmf.so(_ZN5ESMCI3VMK5enterEPNS_7VMKPlanEPvS3_+0xd5)[0x15506a2dfa53]
[borgk120:154671] [13] /discover/nobackup/projects/gmao/SIteam/ESMF_Testing/nag_7.2.15_openmpi_O_release_8.7.0/esmf/DEFAULTINSTALLDIR/lib/libO/Linux.nag.64.openmpi.default/libesmf.so(_ZN5ESMCI2VM5enterEPNS_6VMPlanEPvS3_+0xb7)[0x1532f322a96d]
[borgk120:154674] [14] /discover/nobackup/projects/gmao/SIteam/ESMF_Testing/nag_7.2.15_openmpi_O_release_8.7.0/esmf/DEFAULTINSTALLDIR/lib/libO/Linux.nag.64.openmpi.default/libesmf.so(_ZN5ESMCI2VM5enterEPNS_6VMPlanEPvS3_+0xb7)[0x14de2543496d]
[borgk120:154672] [14] /discover/nobackup/projects/gmao/SIteam/ESMF_Testing/nag_7.2.15_openmpi_O_release_8.7.0/esmf/DEFAULTINSTALLDIR/lib/libO/Linux.nag.64.openmpi.default/libesmf.so(_ZN5ESMCI2VM5enterEPNS_6VMPlanEPvS3_+0xb7)[0x15506a2c996d]
[borgk120:154671] [14] /discover/nobackup/projects/gmao/SIteam/ESMF_Testing/nag_7.2.15_openmpi_O_release_8.7.0/esmf/DEFAULTINSTALLDIR/lib/libO/Linux.nag.64.openmpi.default/libesmf.so(_ZN5ESMCI2VM5enterEPNS_6VMPlanEPvS3_+0xb7)[0x1483cef9d96d]
[borgk120:154673] [14] /discover/nobackup/projects/gmao/SIteam/ESMF_Testing/nag_7.2.15_openmpi_O_release_8.7.0/esmf/DEFAULTINSTALLDIR/lib/libO/Linux.nag.64.openmpi.default/libesmf.so(c_esmc_ftablecallentrypointvm_+0x35f)[0x14de2504c255]
[borgk120:154672] [15] /discover/nobackup/projects/gmao/SIteam/ESMF_Testing/nag_7.2.15_openmpi_O_release_8.7.0/esmf/DEFAULTINSTALLDIR/lib/libO/Linux.nag.64.openmpi.default/libesmf.so(c_esmc_ftablecallentrypointvm_+0x35f)[0x1532f2e42255]
[borgk120:154674] [15] /discover/nobackup/projects/gmao/SIteam/ESMF_Testing/nag_7.2.15_openmpi_O_release_8.7.0/esmf/DEFAULTINSTALLDIR/lib/libO/Linux.nag.64.openmpi.default/libesmf.so(c_esmc_ftablecallentrypointvm_+0x35f)[0x1483cebb5255]
[borgk120:154673] [15] /discover/nobackup/projects/gmao/SIteam/ESMF_Testing/nag_7.2.15_openmpi_O_release_8.7.0/esmf/DEFAULTINSTALLDIR/lib/libO/Linux.nag.64.openmpi.default/libesmf.so(c_esmc_ftablecallentrypointvm_+0x35f)[0x155069ee1255]
[borgk120:154671] [15] /discover/nobackup/projects/gmao/SIteam/ESMF_Testing/nag_7.2.15_openmpi_O_release_8.7.0/esmf/DEFAULTINSTALLDIR/lib/libO/Linux.nag.64.openmpi.default/libesmf.so(esmf_compmod_MP_esmf_compexecute+0xa6a)[0x1532f34d715e]
[borgk120:154674] [16] /discover/nobackup/projects/gmao/SIteam/ESMF_Testing/nag_7.2.15_openmpi_O_release_8.7.0/esmf/DEFAULTINSTALLDIR/lib/libO/Linux.nag.64.openmpi.default/libesmf.so(esmf_compmod_MP_esmf_compexecute+0xa6a)[0x14de256e115e]
[borgk120:154672] [16] /discover/nobackup/projects/gmao/SIteam/ESMF_Testing/nag_7.2.15_openmpi_O_release_8.7.0/esmf/DEFAULTINSTALLDIR/lib/libO/Linux.nag.64.openmpi.default/libesmf.so(esmf_compmod_MP_esmf_compexecute+0xa6a)[0x15506a57615e]
[borgk120:154671] [16] /discover/nobackup/projects/gmao/SIteam/ESMF_Testing/nag_7.2.15_openmpi_O_release_8.7.0/esmf/DEFAULTINSTALLDIR/lib/libO/Linux.nag.64.openmpi.default/libesmf.so(esmf_compmod_MP_esmf_compexecute+0xa6a)[0x1483cf24a15e]
[borgk120:154673] [16] /discover/nobackup/projects/gmao/SIteam/ESMF_Testing/nag_7.2.15_openmpi_O_release_8.7.0/esmf/DEFAULTINSTALLDIR/lib/libO/Linux.nag.64.openmpi.default/libesmf.so(esmf_gridcompmod_MP_esmf_gridcompinitialize+0x176)[0x14de25a0146f]
[borgk120:154672] [17] ./esmApp[0x496196]
[borgk120:154672] [18] /discover/nobackup/projects/gmao/SIteam/ESMF_Testing/nag_7.2.15_openmpi_O_release_8.7.0/esmf/DEFAULTINSTALLDIR/lib/libO/Linux.nag.64.openmpi.default/libesmf.so(esmf_gridcompmod_MP_esmf_gridcompinitialize+0x176)[0x1532f37f746f]
[borgk120:154674] [17] ./esmApp[0x496196]
[borgk120:154674] [18] ./esmApp(__NAGf90_cosmp_init+0x123)[0x435063]
[borgk120:154674] [19] ./esmApp(__NAGf90_cosmp_init+0x123)[0x435063]
[borgk120:154672] [19] ./esmApp[0x495d73]
[borgk120:154674] [20] /lib64/libc.so.6(__libc_start_main+0xef)[0x1532f10f224d]
[borgk120:154674] [21] ./esmApp[0x40c4ca]
./esmApp[0x495d73]
[borgk120:154672] [20] /lib64/libc.so.6(__libc_start_main+0xef)[0x14de232f224d]
[borgk120:154672] [21] ./esmApp[0x40c4ca]
[borgk120:154672] *** End of error message ***
[borgk120:154674] *** End of error message ***
/discover/nobackup/projects/gmao/SIteam/ESMF_Testing/nag_7.2.15_openmpi_O_release_8.7.0/esmf/DEFAULTINSTALLDIR/lib/libO/Linux.nag.64.openmpi.default/libesmf.so(esmf_gridcompmod_MP_esmf_gridcompinitialize+0x176)[0x15506a89646f]
[borgk120:154671] [17] ./esmApp[0x496196]
[borgk120:154671] /discover/nobackup/projects/gmao/SIteam/ESMF_Testing/nag_7.2.15_openmpi_O_release_8.7.0/esmf/DEFAULTINSTALLDIR/lib/libO/Linux.nag.64.openmpi.default/libesmf.so(esmf_gridcompmod_MP_esmf_gridcompinitialize+0x176)[0x1483cf56a46f]
[borgk120:154673] [17] ./esmApp[0x496196]
[borgk120:154673] [18] [18] ./esmApp(__NAGf90_cosmp_init+0x123)[0x435063]
[borgk120:154671] [19] ./esmApp[0x495d73]
[borgk120:154671] [20] ./esmApp(__NAGf90_cosmp_init+0x123)[0x435063]
[borgk120:154673] [19] ./esmApp[0x495d73]
[borgk120:154673] [20] /lib64/libc.so.6(__libc_start_main+0xef)[0x1483cce3e24d]
[borgk120:154673] [21] /lib64/libc.so.6(__libc_start_main+0xef)[0x1550680f224d]
[borgk120:154671] [21] ./esmApp[0x40c4ca]
[borgk120:154673] *** End of error message ***
./esmApp[0x40c4ca]
[borgk120:154671] *** End of error message ***
--------------------------------------------------------------------------
Primary job  terminated normally, but 1 process returned
a non-zero exit code. Per user-direction, the job has been aborted.
--------------------------------------------------------------------------
--------------------------------------------------------------------------
mpirun noticed that process rank 1 with PID 154672 on node borgk120 exited on signal 6 (Aborted).
--------------------------------------------------------------------------
