2024-10-03 09:28:14
Runtime Error: Expected Runtime Error: Expected integer literal constant in finteger literal constant in format spormat specificationecification
Program terminated by I/O error on internal file

Program terminated by I/O error on internal file
Runtime Error: Expected integer literal constant inRuntime Error: Expected integer literal constant i format specification
[borgk120:155231] *** Process received signal ***
[borgk120:155231] Signal: Aborted (6)
[borgk120:155231] Signal code:  (-6)
n format specific[borgk120:155232] *** Process received signal ***
[borgk120:155232] Signal: Aborted (6)
[borgk120:155232] Signal code:  (-6)
Program terminated by I/O error on internal file
ation
Program terminated by I/O error on internal file
[borgk120:155231] [ 0] /lib64/libpthread.so.0(+0x16910)[0x14b575750910]
[borgk120:155231] [ 1] [borgk120:155232] [ 0] /lib64/libpthread.so.0(+0x16910)[0x1503319f2910]
[borgk120:155232] [ 1] /lib64/libc.so.6(gsignal+0x10d)[0x15033182fd2b]
[borgk120:155232] [ 2] /lib64/libc.so.6(gsignal+0x10d)[0x14b574d07d2b]
[borgk120:155231] [ 2] /lib64/libc.so.6(abort+0x177)[0x1503318313e5]
[borgk120:155232] [ 3] ./externalApp(__NAGf90_io_abort+0x78)[0x45aa88]
[borgk120:155232] [ 4] ./externalApp(__NAGf90_ioerr+0x1cd)[0x45b0ed]
[borgk120:155232] [ 5] /lib64/libc.so.6(abort+0x177)[0x14b574d093e5]
[borgk120:155231] [ 3] ./externalApp(__NAGf90_io_abort+0x78)[0x45aa88]
[borgk120:155231] [ 4] ./externalApp(__NAGf90_ioerr+0x1cd)[0x45b0ed]
[borgk120:155231] [ 5] [borgk120:155229] *** Process received signal ***
[borgk120:155229] Signal: Aborted (6)
[borgk120:155229] Signal code:  (-6)
/discover/nobackup/projects/gmao/SIteam/comp/SLES-15/nag/7.2.15/lib/NAG_Fortran/libf72rts.so.1(__NAGf90_maybe_next_edit+0xe19)[0x14b5750aa629]
[borgk120:155231] [ 6] [borgk120:155230] *** Process received signal ***
/discover/nobackup/projects/gmao/SIteam/comp/SLES-15/nag/7.2.15/lib/NAG_Fortran/libf72rts.so.1(__NAGf90_maybe_next_edit+0xe19)[0x150331aaa629]
[borgk120:155232] [ 6] [borgk120:155230] Signal: Aborted (6)
[borgk120:155230] Signal code:  (-6)
[borgk120:155229] [ 0] /lib64/libpthread.so.0(+0x16910)[0x14f159944910]
[borgk120:155229] [ 1] /lib64/libc.so.6(gsignal+0x10d)[0x14f158f07d2b]
[borgk120:155229] [ 2] /lib64/libc.so.6(abort+0x177)[0x14f158f093e5]
[borgk120:155229] [ 3] [borgk120:155230] [ 0] ./externalApp(__NAGf90_io_abort+0x78)[0x45aa88]
[borgk120:155229] [ 4] ./externalApp(__NAGf90_ioerr+0x1cd)[0x45b0ed]
[borgk120:155229] [ 5] /lib64/libpthread.so.0(+0x16910)[0x14e780bbb910]
[borgk120:155230] [ 1] /lib64/libc.so.6(gsignal+0x10d)[0x14e780107d2b]
[borgk120:155230] [ 2] /discover/nobackup/projects/gmao/SIteam/comp/SLES-15/nag/7.2.15/lib/NAG_Fortran/libf72rts.so.1(__NAGf90_maybe_next_edit+0xe19)[0x14f1592aa629]
[borgk120:155229] [ 6] /lib64/libc.so.6(abort+0x177)[0x14e7801093e5]
[borgk120:155230] [ 3] ./externalApp(__NAGf90_io_abort+0x78)[0x45aa88]
[borgk120:155230] [ 4] ./externalApp(__NAGf90_ioerr+0x1cd)[0x45b0ed]
[borgk120:155230] [ 5] /discover/nobackup/projects/gmao/SIteam/comp/SLES-15/nag/7.2.15/lib/NAG_Fortran/libf72rts.so.1(__NAGf90_maybe_next_edit+0xe19)[0x14e7804aa629]
[borgk120:155230] [ 6] /discover/nobackup/projects/gmao/SIteam/ESMF_Testing/nag_7.2.15_openmpi_O_release_8.7.0/esmf/DEFAULTINSTALLDIR/lib/libO/Linux.nag.64.openmpi.default/libesmf.so(nuopc_driver_MP_initializeipdv02p5+0x4025)[0x14b577962cbb]
[borgk120:155231] [ 7] /discover/nobackup/projects/gmao/SIteam/ESMF_Testing/nag_7.2.15_openmpi_O_release_8.7.0/esmf/DEFAULTINSTALLDIR/lib/libO/Linux.nag.64.openmpi.default/libesmf.so(nuopc_driver_MP_initializeipdv02p5+0x4025)[0x150334415cbb]
[borgk120:155232] [ 7] /discover/nobackup/projects/gmao/SIteam/ESMF_Testing/nag_7.2.15_openmpi_O_release_8.7.0/esmf/DEFAULTINSTALLDIR/lib/libO/Linux.nag.64.openmpi.default/libesmf.so(nuopc_driver_MP_initializeipdv02p5+0x4025)[0x14f15bb56cbb]
[borgk120:155229] [ 7] /discover/nobackup/projects/gmao/SIteam/ESMF_Testing/nag_7.2.15_openmpi_O_release_8.7.0/esmf/DEFAULTINSTALLDIR/lib/libO/Linux.nag.64.openmpi.default/libesmf.so(nuopc_driver_MP_initializeipdv02p5+0x4025)[0x14e782dcdcbb]
[borgk120:155230] [ 7] /discover/nobackup/projects/gmao/SIteam/ESMF_Testing/nag_7.2.15_openmpi_O_release_8.7.0/esmf/DEFAULTINSTALLDIR/lib/libO/Linux.nag.64.openmpi.default/libesmf.so(_ZN5ESMCI6FTable12callVFuncPtrEPKcPNS_2VMEPi+0xc55)[0x150333559ce9]
[borgk120:155232] [ 8] /discover/nobackup/projects/gmao/SIteam/ESMF_Testing/nag_7.2.15_openmpi_O_release_8.7.0/esmf/DEFAULTINSTALLDIR/lib/libO/Linux.nag.64.openmpi.default/libesmf.so(_ZN5ESMCI6FTable12callVFuncPtrEPKcPNS_2VMEPi+0xc55)[0x14b576aa6ce9]
[borgk120:155231] [ 8] /discover/nobackup/projects/gmao/SIteam/ESMF_Testing/nag_7.2.15_openmpi_O_release_8.7.0/esmf/DEFAULTINSTALLDIR/lib/libO/Linux.nag.64.openmpi.default/libesmf.so(_ZN5ESMCI6FTable12callVFuncPtrEPKcPNS_2VMEPi+0xc55)[0x14f15ac9ace9]
[borgk120:155229] [ 8] /discover/nobackup/projects/gmao/SIteam/ESMF_Testing/nag_7.2.15_openmpi_O_release_8.7.0/esmf/DEFAULTINSTALLDIR/lib/libO/Linux.nag.64.openmpi.default/libesmf.so(_ZN5ESMCI6FTable12callVFuncPtrEPKcPNS_2VMEPi+0xc55)[0x14e781f11ce9]
[borgk120:155230] [ 8] /discover/nobackup/projects/gmao/SIteam/ESMF_Testing/nag_7.2.15_openmpi_O_release_8.7.0/esmf/DEFAULTINSTALLDIR/lib/libO/Linux.nag.64.openmpi.default/libesmf.so(ESMCI_FTableCallEntryPointVMHop+0x32e)[0x150333556dbc]
[borgk120:155232] [ 9] /discover/nobackup/projects/gmao/SIteam/ESMF_Testing/nag_7.2.15_openmpi_O_release_8.7.0/esmf/DEFAULTINSTALLDIR/lib/libO/Linux.nag.64.openmpi.default/libesmf.so(ESMCI_FTableCallEntryPointVMHop+0x32e)[0x14b576aa3dbc]
[borgk120:155231] [ 9] /discover/nobackup/projects/gmao/SIteam/ESMF_Testing/nag_7.2.15_openmpi_O_release_8.7.0/esmf/DEFAULTINSTALLDIR/lib/libO/Linux.nag.64.openmpi.default/libesmf.so(ESMCI_FTableCallEntryPointVMHop+0x32e)[0x14f15ac97dbc]
[borgk120:155229] [ 9] /discover/nobackup/projects/gmao/SIteam/ESMF_Testing/nag_7.2.15_openmpi_O_release_8.7.0/esmf/DEFAULTINSTALLDIR/lib/libO/Linux.nag.64.openmpi.default/libesmf.so(ESMCI_FTableCallEntryPointVMHop+0x32e)[0x14e781f0edbc]
[borgk120:155230] [ 9] /discover/nobackup/projects/gmao/SIteam/ESMF_Testing/nag_7.2.15_openmpi_O_release_8.7.0/esmf/DEFAULTINSTALLDIR/lib/libO/Linux.nag.64.openmpi.default/libesmf.so(_ZN5ESMCI3VMK5enterEPNS_7VMKPlanEPvS3_+0xd5)[0x14b576ea2a53]
[borgk120:155231] [10] /discover/nobackup/projects/gmao/SIteam/ESMF_Testing/nag_7.2.15_openmpi_O_release_8.7.0/esmf/DEFAULTINSTALLDIR/lib/libO/Linux.nag.64.openmpi.default/libesmf.so(_ZN5ESMCI3VMK5enterEPNS_7VMKPlanEPvS3_+0xd5)[0x150333955a53]
[borgk120:155232] [10] /discover/nobackup/projects/gmao/SIteam/ESMF_Testing/nag_7.2.15_openmpi_O_release_8.7.0/esmf/DEFAULTINSTALLDIR/lib/libO/Linux.nag.64.openmpi.default/libesmf.so(_ZN5ESMCI3VMK5enterEPNS_7VMKPlanEPvS3_+0xd5)[0x14f15b096a53]
[borgk120:155229] [10] /discover/nobackup/projects/gmao/SIteam/ESMF_Testing/nag_7.2.15_openmpi_O_release_8.7.0/esmf/DEFAULTINSTALLDIR/lib/libO/Linux.nag.64.openmpi.default/libesmf.so(_ZN5ESMCI3VMK5enterEPNS_7VMKPlanEPvS3_+0xd5)[0x14e78230da53]
[borgk120:155230] [10] /discover/nobackup/projects/gmao/SIteam/ESMF_Testing/nag_7.2.15_openmpi_O_release_8.7.0/esmf/DEFAULTINSTALLDIR/lib/libO/Linux.nag.64.openmpi.default/libesmf.so(_ZN5ESMCI2VM5enterEPNS_6VMPlanEPvS3_+0xb7)[0x14b576e8c96d]
[borgk120:155231] [11] /discover/nobackup/projects/gmao/SIteam/ESMF_Testing/nag_7.2.15_openmpi_O_release_8.7.0/esmf/DEFAULTINSTALLDIR/lib/libO/Linux.nag.64.openmpi.default/libesmf.so(_ZN5ESMCI2VM5enterEPNS_6VMPlanEPvS3_+0xb7)[0x15033393f96d]
[borgk120:155232] [11] /discover/nobackup/projects/gmao/SIteam/ESMF_Testing/nag_7.2.15_openmpi_O_release_8.7.0/esmf/DEFAULTINSTALLDIR/lib/libO/Linux.nag.64.openmpi.default/libesmf.so(_ZN5ESMCI2VM5enterEPNS_6VMPlanEPvS3_+0xb7)[0x14f15b08096d]
[borgk120:155229] [11] /discover/nobackup/projects/gmao/SIteam/ESMF_Testing/nag_7.2.15_openmpi_O_release_8.7.0/esmf/DEFAULTINSTALLDIR/lib/libO/Linux.nag.64.openmpi.default/libesmf.so(_ZN5ESMCI2VM5enterEPNS_6VMPlanEPvS3_+0xb7)[0x14e7822f796d]
[borgk120:155230] [11] /discover/nobackup/projects/gmao/SIteam/ESMF_Testing/nag_7.2.15_openmpi_O_release_8.7.0/esmf/DEFAULTINSTALLDIR/lib/libO/Linux.nag.64.openmpi.default/libesmf.so(c_esmc_ftablecallentrypointvm_+0x35f)[0x150333557255]
[borgk120:155232] [12] /discover/nobackup/projects/gmao/SIteam/ESMF_Testing/nag_7.2.15_openmpi_O_release_8.7.0/esmf/DEFAULTINSTALLDIR/lib/libO/Linux.nag.64.openmpi.default/libesmf.so(c_esmc_ftablecallentrypointvm_+0x35f)[0x14b576aa4255]
[borgk120:155231] [12] /discover/nobackup/projects/gmao/SIteam/ESMF_Testing/nag_7.2.15_openmpi_O_release_8.7.0/esmf/DEFAULTINSTALLDIR/lib/libO/Linux.nag.64.openmpi.default/libesmf.so(c_esmc_ftablecallentrypointvm_+0x35f)[0x14f15ac98255]
[borgk120:155229] [12] /discover/nobackup/projects/gmao/SIteam/ESMF_Testing/nag_7.2.15_openmpi_O_release_8.7.0/esmf/DEFAULTINSTALLDIR/lib/libO/Linux.nag.64.openmpi.default/libesmf.so(c_esmc_ftablecallentrypointvm_+0x35f)[0x14e781f0f255]
[borgk120:155230] [12] /discover/nobackup/projects/gmao/SIteam/ESMF_Testing/nag_7.2.15_openmpi_O_release_8.7.0/esmf/DEFAULTINSTALLDIR/lib/libO/Linux.nag.64.openmpi.default/libesmf.so(esmf_compmod_MP_esmf_compexecute+0xa6a)[0x14b57713915e]
[borgk120:155231] [13] /discover/nobackup/projects/gmao/SIteam/ESMF_Testing/nag_7.2.15_openmpi_O_release_8.7.0/esmf/DEFAULTINSTALLDIR/lib/libO/Linux.nag.64.openmpi.default/libesmf.so(esmf_compmod_MP_esmf_compexecute+0xa6a)[0x150333bec15e]
[borgk120:155232] [13] /discover/nobackup/projects/gmao/SIteam/ESMF_Testing/nag_7.2.15_openmpi_O_release_8.7.0/esmf/DEFAULTINSTALLDIR/lib/libO/Linux.nag.64.openmpi.default/libesmf.so(esmf_compmod_MP_esmf_compexecute+0xa6a)[0x14f15b32d15e]
[borgk120:155229] [13] /discover/nobackup/projects/gmao/SIteam/ESMF_Testing/nag_7.2.15_openmpi_O_release_8.7.0/esmf/DEFAULTINSTALLDIR/lib/libO/Linux.nag.64.openmpi.default/libesmf.so(esmf_compmod_MP_esmf_compexecute+0xa6a)[0x14e7825a415e]
[borgk120:155230] [13] /discover/nobackup/projects/gmao/SIteam/ESMF_Testing/nag_7.2.15_openmpi_O_release_8.7.0/esmf/DEFAULTINSTALLDIR/lib/libO/Linux.nag.64.openmpi.default/libesmf.so(esmf_gridcompmod_MP_esmf_gridcompinitialize+0x176)[0x150333f0c46f]
[borgk120:155232] [14] ./externalApp[0x497f3d]
[borgk120:155232] [15] ./externalApp[0x4961bc]
[borgk120:155232] [16] /discover/nobackup/projects/gmao/SIteam/ESMF_Testing/nag_7.2.15_openmpi_O_release_8.7.0/esmf/DEFAULTINSTALLDIR/lib/libO/Linux.nag.64.openmpi.default/libesmf.so(esmf_gridcompmod_MP_esmf_gridcompinitialize+0x176)[0x14b57745946f]
[borgk120:155231] [14] ./externalApp[0x497f3d]
[borgk120:155231] [15] ./externalApp[0x4961bc]
[borgk120:155231] [16] ./externalApp[0x495ba8]
[borgk120:155231] [17] ./externalApp[0x495ba8]
[borgk120:155232] [17] ./externalApp(__NAGf90_cosmp_init+0x123)[0x434cf3]
[borgk120:155232] [18] ./externalApp[0x495a03]
[borgk120:155232] [19] /lib64/libc.so.6(__libc_start_main+0xef)[0x15033181a24d]
[borgk120:155232] [20] ./externalApp[0x40c15a]
[borgk120:155232] *** End of error message ***
./externalApp(__NAGf90_cosmp_init+0x123)[0x434cf3]
[borgk120:155231] [18] ./externalApp[0x495a03]
[borgk120:155231] [19] /lib64/libc.so.6(__libc_start_main+0xef)[0x14b574cf224d]
[borgk120:155231] [20] ./externalApp[0x40c15a]
[borgk120:155231] *** End of error message ***
/discover/nobackup/projects/gmao/SIteam/ESMF_Testing/nag_7.2.15_openmpi_O_release_8.7.0/esmf/DEFAULTINSTALLDIR/lib/libO/Linux.nag.64.openmpi.default/libesmf.so(esmf_gridcompmod_MP_esmf_gridcompinitialize+0x176)[0x14f15b64d46f]
[borgk120:155229] [14] ./externalApp[0x497f3d]
[borgk120:155229] [15] ./externalApp[0x495d8e]
[borgk120:155229] [16] ./externalApp[0x495b5d]
[borgk120:155229] [17] ./externalApp(__NAGf90_cosmp_init+0x123)[0x434cf3]
[borgk120:155229] [18] ./externalApp[0x495a03]
[borgk120:155229] [19] /lib64/libc.so.6(__libc_start_main+0xef)[0x14f158ef224d]
[borgk120:155229] [20] ./externalApp[0x40c15a]
[borgk120:155229] *** End of error message ***
/discover/nobackup/projects/gmao/SIteam/ESMF_Testing/nag_7.2.15_openmpi_O_release_8.7.0/esmf/DEFAULTINSTALLDIR/lib/libO/Linux.nag.64.openmpi.default/libesmf.so(esmf_gridcompmod_MP_esmf_gridcompinitialize+0x176)[0x14e7828c446f]
[borgk120:155230] [14] ./externalApp[0x497f3d]
[borgk120:155230] [15] ./externalApp[0x495d8e]
[borgk120:155230] [16] ./externalApp[0x495b5d]
[borgk120:155230] [17] ./externalApp(__NAGf90_cosmp_init+0x123)[0x434cf3]
[borgk120:155230] [18] ./externalApp[0x495a03]
[borgk120:155230] [19] /lib64/libc.so.6(__libc_start_main+0xef)[0x14e7800f224d]
[borgk120:155230] [20] ./externalApp[0x40c15a]
[borgk120:155230] *** End of error message ***
--------------------------------------------------------------------------
Primary job  terminated normally, but 1 process returned
a non-zero exit code. Per user-direction, the job has been aborted.
--------------------------------------------------------------------------
--------------------------------------------------------------------------
mpirun noticed that process rank 3 with PID 155232 on node borgk120 exited on signal 6 (Aborted).
--------------------------------------------------------------------------
