2024-10-03 09:28:14
Runtime Error: UnexpecRuntime Error: Unexpected end of format sRuntime Error: Unexpected end of format spRuntime Error: Unexpected end of format specification
Program teecification
Program tted end of format specification
Program terminatedpecification
Program terminated by I/O erminated by I/O error on internal file
erminated by I/O error on internal file
 by I/O error on internal file
rror on internal file
[borgk120:155468] *** Process received signal ***
[borgk120:155468] Signal: Aborted (6)
[borgk120:155468] Signal code:  (-6)
[borgk120:155470] *** Process received signal ***
[borgk120:155470] Signal: Aborted (6)
[borgk120:155470] Signal code:  (-6)
[borgk120:155467] *** Process received signal ***
[borgk120:155469] *** Process received signal ***
[borgk120:155469] Signal: Aborted (6)
[borgk120:155469] Signal code:  (-6)
[borgk120:155467] Signal: Aborted (6)
[borgk120:155467] Signal code:  (-6)
[borgk120:155468] [ 0] /lib64/libpthread.so.0(+0x16910)[0x155205109910]
[borgk120:155468] [ 1] [borgk120:155470] [ 0] /lib64/libc.so.6(gsignal+0x10d)[0x155204853d2b]
[borgk120:155468] [ 2] /lib64/libpthread.so.0(+0x16910)[0x148a8e2e9910]
[borgk120:155470] [ 1] /lib64/libc.so.6(abort+0x177)[0x1552048553e5]
[borgk120:155468] [ 3] ./mainApp(__NAGf90_io_abort+0x78)[0x459eb8]
[borgk120:155468] [ 4] ./mainApp(__NAGf90_ioerr+0x1cd)[0x45a51d]
[borgk120:155468] [ 5] [borgk120:155467] [ 0] [borgk120:155469] [ 0] /lib64/libpthread.so.0(+0x16910)[0x152e907fe910]
/lib64/libc.so.6(gsignal+0x10d)[0x148a8da53d2b]
[borgk120:155470] [ 2] [borgk120:155469] [ 1] /lib64/libpthread.so.0(+0x16910)[0x147617164910]
[borgk120:155467] [ 1] /lib64/libc.so.6(abort+0x177)[0x148a8da553e5]
[borgk120:155470] [ 3] ./mainApp(__NAGf90_io_abort+0x78)[0x459eb8]
[borgk120:155470] [ 4] ./mainApp(__NAGf90_ioerr+0x1cd)[0x45a51d]
[borgk120:155470] [ 5] /discover/nobackup/projects/gmao/SIteam/comp/SLES-15/nag/7.2.15/lib/NAG_Fortran/libf72rts.so.1(__NAGf90_maybe_next_edit+0xe19)[0x155204aaa629]
[borgk120:155468] [ 6] /lib64/libc.so.6(gsignal+0x10d)[0x152e8fd07d2b]
[borgk120:155469] [ 2] /lib64/libc.so.6(abort+0x177)[0x152e8fd093e5]
[borgk120:155469] [ 3] /lib64/libc.so.6(gsignal+0x10d)[0x147616707d2b]
[borgk120:155467] [ 2] /lib64/libc.so.6(abort+0x177)[0x1476167093e5]
[borgk120:155467] [ 3] ./mainApp(__NAGf90_io_abort+0x78)[0x459eb8]
[borgk120:155467] [ 4] ./mainApp(__NAGf90_ioerr+0x1cd)[0x45a51d]
[borgk120:155467] [ 5] ./mainApp(__NAGf90_io_abort+0x78)[0x459eb8]
[borgk120:155469] [ 4] ./mainApp(__NAGf90_ioerr+0x1cd)[0x45a51d]
[borgk120:155469] [ 5] /discover/nobackup/projects/gmao/SIteam/comp/SLES-15/nag/7.2.15/lib/NAG_Fortran/libf72rts.so.1(__NAGf90_maybe_next_edit+0xe19)[0x152e900aa629]
[borgk120:155469] /discover/nobackup/projects/gmao/SIteam/comp/SLES-15/nag/7.2.15/lib/NAG_Fortran/libf72rts.so.1(__NAGf90_maybe_next_edit+0xe19)[0x148a8dcaa629]
[borgk120:155470] [ 6] [ 6] /discover/nobackup/projects/gmao/SIteam/comp/SLES-15/nag/7.2.15/lib/NAG_Fortran/libf72rts.so.1(__NAGf90_maybe_next_edit+0xe19)[0x147616aaa629]
[borgk120:155467] [ 6] /discover/nobackup/projects/gmao/SIteam/ESMF_Testing/nag_7.2.15_openmpi_O_release_8.7.0/esmf/DEFAULTINSTALLDIR/lib/libO/Linux.nag.64.openmpi.default/libesmf.so(nuopc_driver_MP_loopdatadependentinitialize+0x3aef)[0x155207452f28]
[borgk120:155468] [ 7] /discover/nobackup/projects/gmao/SIteam/ESMF_Testing/nag_7.2.15_openmpi_O_release_8.7.0/esmf/DEFAULTINSTALLDIR/lib/libO/Linux.nag.64.openmpi.default/libesmf.so(nuopc_driver_MP_loopdatadependentinitialize+0x3aef)[0x148a90632f28]
[borgk120:155470] [ 7] /discover/nobackup/projects/gmao/SIteam/ESMF_Testing/nag_7.2.15_openmpi_O_release_8.7.0/esmf/DEFAULTINSTALLDIR/lib/libO/Linux.nag.64.openmpi.default/libesmf.so(nuopc_driver_MP_loopdatadependentinitialize+0x3aef)[0x147619361f28]
[borgk120:155467] [ 7] /discover/nobackup/projects/gmao/SIteam/ESMF_Testing/nag_7.2.15_openmpi_O_release_8.7.0/esmf/DEFAULTINSTALLDIR/lib/libO/Linux.nag.64.openmpi.default/libesmf.so(nuopc_driver_MP_loopdatadependentinitialize+0x3aef)[0x152e929fbf28]
[borgk120:155469] [ 7] /discover/nobackup/projects/gmao/SIteam/ESMF_Testing/nag_7.2.15_openmpi_O_release_8.7.0/esmf/DEFAULTINSTALLDIR/lib/libO/Linux.nag.64.openmpi.default/libesmf.so(nuopc_driver_MP_initializeipdv02p5data+0x3180)[0x155207462e4a]
[borgk120:155468] [ 8] /discover/nobackup/projects/gmao/SIteam/ESMF_Testing/nag_7.2.15_openmpi_O_release_8.7.0/esmf/DEFAULTINSTALLDIR/lib/libO/Linux.nag.64.openmpi.default/libesmf.so(nuopc_driver_MP_initializeipdv02p5data+0x3180)[0x148a90642e4a]
[borgk120:155470] [ 8] /discover/nobackup/projects/gmao/SIteam/ESMF_Testing/nag_7.2.15_openmpi_O_release_8.7.0/esmf/DEFAULTINSTALLDIR/lib/libO/Linux.nag.64.openmpi.default/libesmf.so(nuopc_driver_MP_initializeipdv02p5data+0x3180)[0x152e92a0be4a]
[borgk120:155469] [ 8] /discover/nobackup/projects/gmao/SIteam/ESMF_Testing/nag_7.2.15_openmpi_O_release_8.7.0/esmf/DEFAULTINSTALLDIR/lib/libO/Linux.nag.64.openmpi.default/libesmf.so(nuopc_driver_MP_initializeipdv02p5data+0x3180)[0x147619371e4a]
[borgk120:155467] [ 8] /discover/nobackup/projects/gmao/SIteam/ESMF_Testing/nag_7.2.15_openmpi_O_release_8.7.0/esmf/DEFAULTINSTALLDIR/lib/libO/Linux.nag.64.openmpi.default/libesmf.so(nuopc_driver_MP_initializeipdv02p5+0x4779)[0x15520746840f]
[borgk120:155468] [ 9] /discover/nobackup/projects/gmao/SIteam/ESMF_Testing/nag_7.2.15_openmpi_O_release_8.7.0/esmf/DEFAULTINSTALLDIR/lib/libO/Linux.nag.64.openmpi.default/libesmf.so(nuopc_driver_MP_initializeipdv02p5+0x4779)[0x148a9064840f]
[borgk120:155470] [ 9] /discover/nobackup/projects/gmao/SIteam/ESMF_Testing/nag_7.2.15_openmpi_O_release_8.7.0/esmf/DEFAULTINSTALLDIR/lib/libO/Linux.nag.64.openmpi.default/libesmf.so(nuopc_driver_MP_initializeipdv02p5+0x4779)[0x14761937740f]
[borgk120:155467] [ 9] /discover/nobackup/projects/gmao/SIteam/ESMF_Testing/nag_7.2.15_openmpi_O_release_8.7.0/esmf/DEFAULTINSTALLDIR/lib/libO/Linux.nag.64.openmpi.default/libesmf.so(nuopc_driver_MP_initializeipdv02p5+0x4779)[0x152e92a1140f]
[borgk120:155469] [ 9] /discover/nobackup/projects/gmao/SIteam/ESMF_Testing/nag_7.2.15_openmpi_O_release_8.7.0/esmf/DEFAULTINSTALLDIR/lib/libO/Linux.nag.64.openmpi.default/libesmf.so(nuopc_driver_MP_initializegeneric+0x1a06)[0x15520749da9d]
[borgk120:155468] [10] /discover/nobackup/projects/gmao/SIteam/ESMF_Testing/nag_7.2.15_openmpi_O_release_8.7.0/esmf/DEFAULTINSTALLDIR/lib/libO/Linux.nag.64.openmpi.default/libesmf.so(nuopc_driver_MP_initializegeneric+0x1a06)[0x148a9067da9d]
[borgk120:155470] [10] /discover/nobackup/projects/gmao/SIteam/ESMF_Testing/nag_7.2.15_openmpi_O_release_8.7.0/esmf/DEFAULTINSTALLDIR/lib/libO/Linux.nag.64.openmpi.default/libesmf.so(nuopc_driver_MP_initializegeneric+0x1a06)[0x1476193aca9d]
[borgk120:155467] [10] /discover/nobackup/projects/gmao/SIteam/ESMF_Testing/nag_7.2.15_openmpi_O_release_8.7.0/esmf/DEFAULTINSTALLDIR/lib/libO/Linux.nag.64.openmpi.default/libesmf.so(nuopc_driver_MP_initializegeneric+0x1a06)[0x152e92a46a9d]
[borgk120:155469] [10] /discover/nobackup/projects/gmao/SIteam/ESMF_Testing/nag_7.2.15_openmpi_O_release_8.7.0/esmf/DEFAULTINSTALLDIR/lib/libO/Linux.nag.64.openmpi.default/libesmf.so(_ZN5ESMCI6FTable12callVFuncPtrEPKcPNS_2VMEPi+0xc55)[0x1552065abce9]
[borgk120:155468] [11] /discover/nobackup/projects/gmao/SIteam/ESMF_Testing/nag_7.2.15_openmpi_O_release_8.7.0/esmf/DEFAULTINSTALLDIR/lib/libO/Linux.nag.64.openmpi.default/libesmf.so(_ZN5ESMCI6FTable12callVFuncPtrEPKcPNS_2VMEPi+0xc55)[0x148a8f78bce9]
[borgk120:155470] [11] /discover/nobackup/projects/gmao/SIteam/ESMF_Testing/nag_7.2.15_openmpi_O_release_8.7.0/esmf/DEFAULTINSTALLDIR/lib/libO/Linux.nag.64.openmpi.default/libesmf.so(_ZN5ESMCI6FTable12callVFuncPtrEPKcPNS_2VMEPi+0xc55)[0x1476184bace9]
[borgk120:155467] [11] /discover/nobackup/projects/gmao/SIteam/ESMF_Testing/nag_7.2.15_openmpi_O_release_8.7.0/esmf/DEFAULTINSTALLDIR/lib/libO/Linux.nag.64.openmpi.default/libesmf.so(_ZN5ESMCI6FTable12callVFuncPtrEPKcPNS_2VMEPi+0xc55)[0x152e91b54ce9]
[borgk120:155469] [11] /discover/nobackup/projects/gmao/SIteam/ESMF_Testing/nag_7.2.15_openmpi_O_release_8.7.0/esmf/DEFAULTINSTALLDIR/lib/libO/Linux.nag.64.openmpi.default/libesmf.so(ESMCI_FTableCallEntryPointVMHop+0x32e)[0x1552065a8dbc]
[borgk120:155468] [12] /discover/nobackup/projects/gmao/SIteam/ESMF_Testing/nag_7.2.15_openmpi_O_release_8.7.0/esmf/DEFAULTINSTALLDIR/lib/libO/Linux.nag.64.openmpi.default/libesmf.so(ESMCI_FTableCallEntryPointVMHop+0x32e)[0x148a8f788dbc]
[borgk120:155470] [12] /discover/nobackup/projects/gmao/SIteam/ESMF_Testing/nag_7.2.15_openmpi_O_release_8.7.0/esmf/DEFAULTINSTALLDIR/lib/libO/Linux.nag.64.openmpi.default/libesmf.so(ESMCI_FTableCallEntryPointVMHop+0x32e)[0x152e91b51dbc]
[borgk120:155469] [12] /discover/nobackup/projects/gmao/SIteam/ESMF_Testing/nag_7.2.15_openmpi_O_release_8.7.0/esmf/DEFAULTINSTALLDIR/lib/libO/Linux.nag.64.openmpi.default/libesmf.so(ESMCI_FTableCallEntryPointVMHop+0x32e)[0x1476184b7dbc]
[borgk120:155467] [12] /discover/nobackup/projects/gmao/SIteam/ESMF_Testing/nag_7.2.15_openmpi_O_release_8.7.0/esmf/DEFAULTINSTALLDIR/lib/libO/Linux.nag.64.openmpi.default/libesmf.so(_ZN5ESMCI3VMK5enterEPNS_7VMKPlanEPvS3_+0xd5)[0x1552069a7a53]
[borgk120:155468] [13] /discover/nobackup/projects/gmao/SIteam/ESMF_Testing/nag_7.2.15_openmpi_O_release_8.7.0/esmf/DEFAULTINSTALLDIR/lib/libO/Linux.nag.64.openmpi.default/libesmf.so(_ZN5ESMCI3VMK5enterEPNS_7VMKPlanEPvS3_+0xd5)[0x148a8fb87a53]
[borgk120:155470] [13] /discover/nobackup/projects/gmao/SIteam/ESMF_Testing/nag_7.2.15_openmpi_O_release_8.7.0/esmf/DEFAULTINSTALLDIR/lib/libO/Linux.nag.64.openmpi.default/libesmf.so(_ZN5ESMCI3VMK5enterEPNS_7VMKPlanEPvS3_+0xd5)[0x152e91f50a53]
[borgk120:155469] [13] /discover/nobackup/projects/gmao/SIteam/ESMF_Testing/nag_7.2.15_openmpi_O_release_8.7.0/esmf/DEFAULTINSTALLDIR/lib/libO/Linux.nag.64.openmpi.default/libesmf.so(_ZN5ESMCI3VMK5enterEPNS_7VMKPlanEPvS3_+0xd5)[0x1476188b6a53]
[borgk120:155467] [13] /discover/nobackup/projects/gmao/SIteam/ESMF_Testing/nag_7.2.15_openmpi_O_release_8.7.0/esmf/DEFAULTINSTALLDIR/lib/libO/Linux.nag.64.openmpi.default/libesmf.so(_ZN5ESMCI2VM5enterEPNS_6VMPlanEPvS3_+0xb7)[0x15520699196d]
[borgk120:155468] [14] /discover/nobackup/projects/gmao/SIteam/ESMF_Testing/nag_7.2.15_openmpi_O_release_8.7.0/esmf/DEFAULTINSTALLDIR/lib/libO/Linux.nag.64.openmpi.default/libesmf.so(_ZN5ESMCI2VM5enterEPNS_6VMPlanEPvS3_+0xb7)[0x148a8fb7196d]
[borgk120:155470] [14] /discover/nobackup/projects/gmao/SIteam/ESMF_Testing/nag_7.2.15_openmpi_O_release_8.7.0/esmf/DEFAULTINSTALLDIR/lib/libO/Linux.nag.64.openmpi.default/libesmf.so(_ZN5ESMCI2VM5enterEPNS_6VMPlanEPvS3_+0xb7)[0x1476188a096d]
[borgk120:155467] [14] /discover/nobackup/projects/gmao/SIteam/ESMF_Testing/nag_7.2.15_openmpi_O_release_8.7.0/esmf/DEFAULTINSTALLDIR/lib/libO/Linux.nag.64.openmpi.default/libesmf.so(_ZN5ESMCI2VM5enterEPNS_6VMPlanEPvS3_+0xb7)[0x152e91f3a96d]
[borgk120:155469] [14] /discover/nobackup/projects/gmao/SIteam/ESMF_Testing/nag_7.2.15_openmpi_O_release_8.7.0/esmf/DEFAULTINSTALLDIR/lib/libO/Linux.nag.64.openmpi.default/libesmf.so(c_esmc_ftablecallentrypointvm_+0x35f)[0x1552065a9255]
[borgk120:155468] [15] /discover/nobackup/projects/gmao/SIteam/ESMF_Testing/nag_7.2.15_openmpi_O_release_8.7.0/esmf/DEFAULTINSTALLDIR/lib/libO/Linux.nag.64.openmpi.default/libesmf.so(c_esmc_ftablecallentrypointvm_+0x35f)[0x148a8f789255]
[borgk120:155470] [15] /discover/nobackup/projects/gmao/SIteam/ESMF_Testing/nag_7.2.15_openmpi_O_release_8.7.0/esmf/DEFAULTINSTALLDIR/lib/libO/Linux.nag.64.openmpi.default/libesmf.so(c_esmc_ftablecallentrypointvm_+0x35f)[0x1476184b8255]
[borgk120:155467] [15] /discover/nobackup/projects/gmao/SIteam/ESMF_Testing/nag_7.2.15_openmpi_O_release_8.7.0/esmf/DEFAULTINSTALLDIR/lib/libO/Linux.nag.64.openmpi.default/libesmf.so(c_esmc_ftablecallentrypointvm_+0x35f)[0x152e91b52255]
[borgk120:155469] [15] /discover/nobackup/projects/gmao/SIteam/ESMF_Testing/nag_7.2.15_openmpi_O_release_8.7.0/esmf/DEFAULTINSTALLDIR/lib/libO/Linux.nag.64.openmpi.default/libesmf.so(esmf_compmod_MP_esmf_compexecute+0xa6a)[0x155206c3e15e]
[borgk120:155468] [16] /discover/nobackup/projects/gmao/SIteam/ESMF_Testing/nag_7.2.15_openmpi_O_release_8.7.0/esmf/DEFAULTINSTALLDIR/lib/libO/Linux.nag.64.openmpi.default/libesmf.so(esmf_compmod_MP_esmf_compexecute+0xa6a)[0x148a8fe1e15e]
[borgk120:155470] [16] /discover/nobackup/projects/gmao/SIteam/ESMF_Testing/nag_7.2.15_openmpi_O_release_8.7.0/esmf/DEFAULTINSTALLDIR/lib/libO/Linux.nag.64.openmpi.default/libesmf.so(esmf_compmod_MP_esmf_compexecute+0xa6a)[0x147618b4d15e]
[borgk120:155467] [16] /discover/nobackup/projects/gmao/SIteam/ESMF_Testing/nag_7.2.15_openmpi_O_release_8.7.0/esmf/DEFAULTINSTALLDIR/lib/libO/Linux.nag.64.openmpi.default/libesmf.so(esmf_compmod_MP_esmf_compexecute+0xa6a)[0x152e921e715e]
[borgk120:155469] [16] /discover/nobackup/projects/gmao/SIteam/ESMF_Testing/nag_7.2.15_openmpi_O_release_8.7.0/esmf/DEFAULTINSTALLDIR/lib/libO/Linux.nag.64.openmpi.default/libesmf.so(esmf_gridcompmod_MP_esmf_gridcompinitialize+0x176)[0x155206f5e46f]
[borgk120:155468] [17] ./mainApp[0x49524c]
[borgk120:155468] [18] ./mainApp(__NAGf90_cosmp_init+0x123)[0x434123]
[borgk120:155468] [19] ./mainApp[0x494e33]
[borgk120:155468] [20] /discover/nobackup/projects/gmao/SIteam/ESMF_Testing/nag_7.2.15_openmpi_O_release_8.7.0/esmf/DEFAULTINSTALLDIR/lib/libO/Linux.nag.64.openmpi.default/libesmf.so(esmf_gridcompmod_MP_esmf_gridcompinitialize+0x176)[0x148a9013e46f]
[borgk120:155470] [17] ./mainApp[0x49524c]
[borgk120:155470] [18] /lib64/libc.so.6(__libc_start_main+0xef)[0x15520483e24d]
[borgk120:155468] [21] ./mainApp(__NAGf90_cosmp_init+0x123)[0x434123]
[borgk120:155470] [19] ./mainApp[0x494e33]
[borgk120:155470] [20] ./mainApp[0x40b58a]
[borgk120:155468] *** End of error message ***
/lib64/libc.so.6(__libc_start_main+0xef)[0x148a8da3e24d]
[borgk120:155470] [21] ./mainApp[0x40b58a]
[borgk120:155470] *** End of error message ***
/discover/nobackup/projects/gmao/SIteam/ESMF_Testing/nag_7.2.15_openmpi_O_release_8.7.0/esmf/DEFAULTINSTALLDIR/lib/libO/Linux.nag.64.openmpi.default/libesmf.so(esmf_gridcompmod_MP_esmf_gridcompinitialize+0x176)[0x147618e6d46f]
[borgk120:155467] [17] ./mainApp[0x49524c]
[borgk120:155467] [18] /discover/nobackup/projects/gmao/SIteam/ESMF_Testing/nag_7.2.15_openmpi_O_release_8.7.0/esmf/DEFAULTINSTALLDIR/lib/libO/Linux.nag.64.openmpi.default/libesmf.so(esmf_gridcompmod_MP_esmf_gridcompinitialize+0x176)[0x152e9250746f]
[borgk120:155469] [17] ./mainApp[0x49524c]
[borgk120:155469] [18] ./mainApp(__NAGf90_cosmp_init+0x123)[0x434123]
[borgk120:155469] [19] ./mainApp(__NAGf90_cosmp_init+0x123)[0x434123]
[borgk120:155467] [19] ./mainApp[0x494e33]
[borgk120:155469] [20] /lib64/libc.so.6(__libc_start_main+0xef)[0x152e8fcf224d]
[borgk120:155469] [21] ./mainApp[0x40b58a]
[borgk120:155469] *** End of error message ***
./mainApp[0x494e33]
[borgk120:155467] [20] /lib64/libc.so.6(__libc_start_main+0xef)[0x1476166f224d]
[borgk120:155467] [21] ./mainApp[0x40b58a]
[borgk120:155467] *** End of error message ***
--------------------------------------------------------------------------
Primary job  terminated normally, but 1 process returned
a non-zero exit code. Per user-direction, the job has been aborted.
--------------------------------------------------------------------------
--------------------------------------------------------------------------
mpirun noticed that process rank 0 with PID 155467 on node borgk120 exited on signal 6 (Aborted).
--------------------------------------------------------------------------
