2024-10-03 09:28:14
Runtime Error: UnexRuntime Error: Unexpected end of format Runtime Error: Unexpected end of format specifiRuntime Error: Unexpected end of format specification
pected end of format specification
Program tspecification
Program terminated cation
Program terminated by I/Oerminated by I/O error on internal file
by I/O error on internal file
 error on internal file
Program terminated by I/O error on internal file
[borgk120:155717] *** Process received signal ***
[borgk120:155717] Signal: Aborted (6)
[borgk120:155717] Signal code:  (-6)
[borgk120:155718] *** Process received signal ***
[borgk120:155718] Signal: Aborted (6)
[borgk120:155718] Signal code:  (-6)
[borgk120:155716] *** Process received signal ***
[borgk120:155716] Signal: Aborted (6)
[borgk120:155716] Signal code:  (-6)
[borgk120:155719] *** Process received signal ***
[borgk120:155719] Signal: Aborted (6)
[borgk120:155719] Signal code:  (-6)
[borgk120:155717] [ 0] /lib64/libpthread.so.0(+0x16910)[0x154933df8910]
[borgk120:155717] [ 1] /lib64/libc.so.6(gsignal+0x10d)[0x154933307d2b]
[borgk120:155717] [ 2] /lib64/libc.so.6(abort+0x177)[0x1549333093e5]
[borgk120:155717] [ 3] ./mainApp(__NAGf90_io_abort+0x78)[0x459a78]
[borgk120:155717] [ 4] ./mainApp(__NAGf90_ioerr+0x1cd)[0x45a0dd]
[borgk120:155717] [ 5] [borgk120:155719] [ 0] [borgk120:155718] [ 0] [borgk120:155716] [ 0] /lib64/libpthread.so.0(+0x16910)[0x1537de544910]
[borgk120:155716] [ 1] /lib64/libc.so.6(gsignal+0x10d)[0x1537ddb07d2b]
/discover/nobackup/projects/gmao/SIteam/comp/SLES-15/nag/7.2.15/lib/NAG_Fortran/libf72rts.so.1(__NAGf90_maybe_next_edit+0xe19)[0x1549336aa629]
[borgk120:155717] [ 6] /lib64/libpthread.so.0(+0x16910)[0x1503ba5f4910]
[borgk120:155719] [ 1] /lib64/libc.so.6(gsignal+0x10d)[0x1503b9b07d2b]
[borgk120:155719] [ 2] /lib64/libpthread.so.0(+0x16910)[0x146d705f2910]
[borgk120:155718] [ 1] /lib64/libc.so.6(gsignal+0x10d)[0x146d6fb07d2b]
[borgk120:155718] [ 2] [borgk120:155716] [ 2] /lib64/libc.so.6(abort+0x177)[0x1503b9b093e5]
[borgk120:155719] [ 3] ./mainApp(__NAGf90_io_abort+0x78)[0x459a78]
[borgk120:155719] [ 4] ./mainApp(__NAGf90_ioerr+0x1cd)[0x45a0dd]
[borgk120:155719] [ 5] /lib64/libc.so.6(abort+0x177)[0x1537ddb093e5]
[borgk120:155716] [ 3] ./mainApp(__NAGf90_io_abort+0x78)[0x459a78]
[borgk120:155716] [ 4] ./mainApp(__NAGf90_ioerr+0x1cd)[0x45a0dd]
[borgk120:155716] [ 5] /lib64/libc.so.6(abort+0x177)[0x146d6fb093e5]
[borgk120:155718] [ 3] ./mainApp(__NAGf90_io_abort+0x78)[0x459a78]
[borgk120:155718] [ 4] ./mainApp(__NAGf90_ioerr+0x1cd)[0x45a0dd]
[borgk120:155718] [ 5] /discover/nobackup/projects/gmao/SIteam/comp/SLES-15/nag/7.2.15/lib/NAG_Fortran/libf72rts.so.1(__NAGf90_maybe_next_edit+0xe19)[0x1537ddeaa629]
[borgk120:155716] [ 6] /discover/nobackup/projects/gmao/SIteam/comp/SLES-15/nag/7.2.15/lib/NAG_Fortran/libf72rts.so.1(__NAGf90_maybe_next_edit+0xe19)[0x1503b9eaa629]
[borgk120:155719] [ 6] /discover/nobackup/projects/gmao/SIteam/comp/SLES-15/nag/7.2.15/lib/NAG_Fortran/libf72rts.so.1(__NAGf90_maybe_next_edit+0xe19)[0x146d6feaa629]
[borgk120:155718] [ 6] /discover/nobackup/projects/gmao/SIteam/ESMF_Testing/nag_7.2.15_openmpi_O_release_8.7.0/esmf/DEFAULTINSTALLDIR/lib/libO/Linux.nag.64.openmpi.default/libesmf.so(nuopc_driver_MP_loopdatadependentinitialize+0x3aef)[0x154935ff5f28]
[borgk120:155717] [ 7] /discover/nobackup/projects/gmao/SIteam/ESMF_Testing/nag_7.2.15_openmpi_O_release_8.7.0/esmf/DEFAULTINSTALLDIR/lib/libO/Linux.nag.64.openmpi.default/libesmf.so(nuopc_driver_MP_loopdatadependentinitialize+0x3aef)[0x146d727eff28]
[borgk120:155718] [ 7] /discover/nobackup/projects/gmao/SIteam/ESMF_Testing/nag_7.2.15_openmpi_O_release_8.7.0/esmf/DEFAULTINSTALLDIR/lib/libO/Linux.nag.64.openmpi.default/libesmf.so(nuopc_driver_MP_loopdatadependentinitialize+0x3aef)[0x1537e0741f28]
[borgk120:155716] [ 7] /discover/nobackup/projects/gmao/SIteam/ESMF_Testing/nag_7.2.15_openmpi_O_release_8.7.0/esmf/DEFAULTINSTALLDIR/lib/libO/Linux.nag.64.openmpi.default/libesmf.so(nuopc_driver_MP_loopdatadependentinitialize+0x3aef)[0x1503bc7f1f28]
[borgk120:155719] [ 7] /discover/nobackup/projects/gmao/SIteam/ESMF_Testing/nag_7.2.15_openmpi_O_release_8.7.0/esmf/DEFAULTINSTALLDIR/lib/libO/Linux.nag.64.openmpi.default/libesmf.so(nuopc_driver_MP_initializeipdv02p5data+0x3180)[0x154936005e4a]
[borgk120:155717] [ 8] /discover/nobackup/projects/gmao/SIteam/ESMF_Testing/nag_7.2.15_openmpi_O_release_8.7.0/esmf/DEFAULTINSTALLDIR/lib/libO/Linux.nag.64.openmpi.default/libesmf.so(nuopc_driver_MP_initializeipdv02p5data+0x3180)[0x1537e0751e4a]
[borgk120:155716] [ 8] /discover/nobackup/projects/gmao/SIteam/ESMF_Testing/nag_7.2.15_openmpi_O_release_8.7.0/esmf/DEFAULTINSTALLDIR/lib/libO/Linux.nag.64.openmpi.default/libesmf.so(nuopc_driver_MP_initializeipdv02p5data+0x3180)[0x1503bc801e4a]
[borgk120:155719] [ 8] /discover/nobackup/projects/gmao/SIteam/ESMF_Testing/nag_7.2.15_openmpi_O_release_8.7.0/esmf/DEFAULTINSTALLDIR/lib/libO/Linux.nag.64.openmpi.default/libesmf.so(nuopc_driver_MP_initializeipdv02p5data+0x3180)[0x146d727ffe4a]
[borgk120:155718] [ 8] /discover/nobackup/projects/gmao/SIteam/ESMF_Testing/nag_7.2.15_openmpi_O_release_8.7.0/esmf/DEFAULTINSTALLDIR/lib/libO/Linux.nag.64.openmpi.default/libesmf.so(nuopc_driver_MP_initializeipdv02p5+0x4779)[0x15493600b40f]
[borgk120:155717] [ 9] /discover/nobackup/projects/gmao/SIteam/ESMF_Testing/nag_7.2.15_openmpi_O_release_8.7.0/esmf/DEFAULTINSTALLDIR/lib/libO/Linux.nag.64.openmpi.default/libesmf.so(nuopc_driver_MP_initializeipdv02p5+0x4779)[0x146d7280540f]
[borgk120:155718] [ 9] /discover/nobackup/projects/gmao/SIteam/ESMF_Testing/nag_7.2.15_openmpi_O_release_8.7.0/esmf/DEFAULTINSTALLDIR/lib/libO/Linux.nag.64.openmpi.default/libesmf.so(nuopc_driver_MP_initializeipdv02p5+0x4779)[0x1537e075740f]
[borgk120:155716] [ 9] /discover/nobackup/projects/gmao/SIteam/ESMF_Testing/nag_7.2.15_openmpi_O_release_8.7.0/esmf/DEFAULTINSTALLDIR/lib/libO/Linux.nag.64.openmpi.default/libesmf.so(nuopc_driver_MP_initializeipdv02p5+0x4779)[0x1503bc80740f]
[borgk120:155719] [ 9] /discover/nobackup/projects/gmao/SIteam/ESMF_Testing/nag_7.2.15_openmpi_O_release_8.7.0/esmf/DEFAULTINSTALLDIR/lib/libO/Linux.nag.64.openmpi.default/libesmf.so(nuopc_driver_MP_initializegeneric+0x1a06)[0x154936040a9d]
[borgk120:155717] [10] /discover/nobackup/projects/gmao/SIteam/ESMF_Testing/nag_7.2.15_openmpi_O_release_8.7.0/esmf/DEFAULTINSTALLDIR/lib/libO/Linux.nag.64.openmpi.default/libesmf.so(nuopc_driver_MP_initializegeneric+0x1a06)[0x1503bc83ca9d]
[borgk120:155719] [10] /discover/nobackup/projects/gmao/SIteam/ESMF_Testing/nag_7.2.15_openmpi_O_release_8.7.0/esmf/DEFAULTINSTALLDIR/lib/libO/Linux.nag.64.openmpi.default/libesmf.so(nuopc_driver_MP_initializegeneric+0x1a06)[0x146d7283aa9d]
[borgk120:155718] [10] /discover/nobackup/projects/gmao/SIteam/ESMF_Testing/nag_7.2.15_openmpi_O_release_8.7.0/esmf/DEFAULTINSTALLDIR/lib/libO/Linux.nag.64.openmpi.default/libesmf.so(nuopc_driver_MP_initializegeneric+0x1a06)[0x1537e078ca9d]
[borgk120:155716] [10] /discover/nobackup/projects/gmao/SIteam/ESMF_Testing/nag_7.2.15_openmpi_O_release_8.7.0/esmf/DEFAULTINSTALLDIR/lib/libO/Linux.nag.64.openmpi.default/libesmf.so(_ZN5ESMCI6FTable12callVFuncPtrEPKcPNS_2VMEPi+0xc55)[0x15493514ece9]
[borgk120:155717] [11] /discover/nobackup/projects/gmao/SIteam/ESMF_Testing/nag_7.2.15_openmpi_O_release_8.7.0/esmf/DEFAULTINSTALLDIR/lib/libO/Linux.nag.64.openmpi.default/libesmf.so(_ZN5ESMCI6FTable12callVFuncPtrEPKcPNS_2VMEPi+0xc55)[0x1503bb94ace9]
[borgk120:155719] [11] /discover/nobackup/projects/gmao/SIteam/ESMF_Testing/nag_7.2.15_openmpi_O_release_8.7.0/esmf/DEFAULTINSTALLDIR/lib/libO/Linux.nag.64.openmpi.default/libesmf.so(_ZN5ESMCI6FTable12callVFuncPtrEPKcPNS_2VMEPi+0xc55)[0x146d71948ce9]
[borgk120:155718] [11] /discover/nobackup/projects/gmao/SIteam/ESMF_Testing/nag_7.2.15_openmpi_O_release_8.7.0/esmf/DEFAULTINSTALLDIR/lib/libO/Linux.nag.64.openmpi.default/libesmf.so(_ZN5ESMCI6FTable12callVFuncPtrEPKcPNS_2VMEPi+0xc55)[0x1537df89ace9]
[borgk120:155716] [11] /discover/nobackup/projects/gmao/SIteam/ESMF_Testing/nag_7.2.15_openmpi_O_release_8.7.0/esmf/DEFAULTINSTALLDIR/lib/libO/Linux.nag.64.openmpi.default/libesmf.so(ESMCI_FTableCallEntryPointVMHop+0x32e)[0x15493514bdbc]
[borgk120:155717] [12] /discover/nobackup/projects/gmao/SIteam/ESMF_Testing/nag_7.2.15_openmpi_O_release_8.7.0/esmf/DEFAULTINSTALLDIR/lib/libO/Linux.nag.64.openmpi.default/libesmf.so(ESMCI_FTableCallEntryPointVMHop+0x32e)[0x146d71945dbc]
[borgk120:155718] [12] /discover/nobackup/projects/gmao/SIteam/ESMF_Testing/nag_7.2.15_openmpi_O_release_8.7.0/esmf/DEFAULTINSTALLDIR/lib/libO/Linux.nag.64.openmpi.default/libesmf.so(ESMCI_FTableCallEntryPointVMHop+0x32e)[0x1537df897dbc]
[borgk120:155716] [12] /discover/nobackup/projects/gmao/SIteam/ESMF_Testing/nag_7.2.15_openmpi_O_release_8.7.0/esmf/DEFAULTINSTALLDIR/lib/libO/Linux.nag.64.openmpi.default/libesmf.so(ESMCI_FTableCallEntryPointVMHop+0x32e)[0x1503bb947dbc]
[borgk120:155719] [12] /discover/nobackup/projects/gmao/SIteam/ESMF_Testing/nag_7.2.15_openmpi_O_release_8.7.0/esmf/DEFAULTINSTALLDIR/lib/libO/Linux.nag.64.openmpi.default/libesmf.so(_ZN5ESMCI3VMK5enterEPNS_7VMKPlanEPvS3_+0xd5)[0x15493554aa53]
[borgk120:155717] [13] /discover/nobackup/projects/gmao/SIteam/ESMF_Testing/nag_7.2.15_openmpi_O_release_8.7.0/esmf/DEFAULTINSTALLDIR/lib/libO/Linux.nag.64.openmpi.default/libesmf.so(_ZN5ESMCI3VMK5enterEPNS_7VMKPlanEPvS3_+0xd5)[0x146d71d44a53]
[borgk120:155718] [13] /discover/nobackup/projects/gmao/SIteam/ESMF_Testing/nag_7.2.15_openmpi_O_release_8.7.0/esmf/DEFAULTINSTALLDIR/lib/libO/Linux.nag.64.openmpi.default/libesmf.so(_ZN5ESMCI3VMK5enterEPNS_7VMKPlanEPvS3_+0xd5)[0x1537dfc96a53]
[borgk120:155716] [13] /discover/nobackup/projects/gmao/SIteam/ESMF_Testing/nag_7.2.15_openmpi_O_release_8.7.0/esmf/DEFAULTINSTALLDIR/lib/libO/Linux.nag.64.openmpi.default/libesmf.so(_ZN5ESMCI3VMK5enterEPNS_7VMKPlanEPvS3_+0xd5)[0x1503bbd46a53]
[borgk120:155719] [13] /discover/nobackup/projects/gmao/SIteam/ESMF_Testing/nag_7.2.15_openmpi_O_release_8.7.0/esmf/DEFAULTINSTALLDIR/lib/libO/Linux.nag.64.openmpi.default/libesmf.so(_ZN5ESMCI2VM5enterEPNS_6VMPlanEPvS3_+0xb7)[0x15493553496d]
[borgk120:155717] [14] /discover/nobackup/projects/gmao/SIteam/ESMF_Testing/nag_7.2.15_openmpi_O_release_8.7.0/esmf/DEFAULTINSTALLDIR/lib/libO/Linux.nag.64.openmpi.default/libesmf.so(_ZN5ESMCI2VM5enterEPNS_6VMPlanEPvS3_+0xb7)[0x1537dfc8096d]
[borgk120:155716] [14] /discover/nobackup/projects/gmao/SIteam/ESMF_Testing/nag_7.2.15_openmpi_O_release_8.7.0/esmf/DEFAULTINSTALLDIR/lib/libO/Linux.nag.64.openmpi.default/libesmf.so(_ZN5ESMCI2VM5enterEPNS_6VMPlanEPvS3_+0xb7)[0x1503bbd3096d]
[borgk120:155719] [14] /discover/nobackup/projects/gmao/SIteam/ESMF_Testing/nag_7.2.15_openmpi_O_release_8.7.0/esmf/DEFAULTINSTALLDIR/lib/libO/Linux.nag.64.openmpi.default/libesmf.so(_ZN5ESMCI2VM5enterEPNS_6VMPlanEPvS3_+0xb7)[0x146d71d2e96d]
[borgk120:155718] [14] /discover/nobackup/projects/gmao/SIteam/ESMF_Testing/nag_7.2.15_openmpi_O_release_8.7.0/esmf/DEFAULTINSTALLDIR/lib/libO/Linux.nag.64.openmpi.default/libesmf.so(c_esmc_ftablecallentrypointvm_+0x35f)[0x15493514c255]
[borgk120:155717] [15] /discover/nobackup/projects/gmao/SIteam/ESMF_Testing/nag_7.2.15_openmpi_O_release_8.7.0/esmf/DEFAULTINSTALLDIR/lib/libO/Linux.nag.64.openmpi.default/libesmf.so(c_esmc_ftablecallentrypointvm_+0x35f)[0x1537df898255]
[borgk120:155716] [15] /discover/nobackup/projects/gmao/SIteam/ESMF_Testing/nag_7.2.15_openmpi_O_release_8.7.0/esmf/DEFAULTINSTALLDIR/lib/libO/Linux.nag.64.openmpi.default/libesmf.so(c_esmc_ftablecallentrypointvm_+0x35f)[0x1503bb948255]
[borgk120:155719] [15] /discover/nobackup/projects/gmao/SIteam/ESMF_Testing/nag_7.2.15_openmpi_O_release_8.7.0/esmf/DEFAULTINSTALLDIR/lib/libO/Linux.nag.64.openmpi.default/libesmf.so(c_esmc_ftablecallentrypointvm_+0x35f)[0x146d71946255]
[borgk120:155718] [15] /discover/nobackup/projects/gmao/SIteam/ESMF_Testing/nag_7.2.15_openmpi_O_release_8.7.0/esmf/DEFAULTINSTALLDIR/lib/libO/Linux.nag.64.openmpi.default/libesmf.so(esmf_compmod_MP_esmf_compexecute+0xa6a)[0x1549357e115e]
[borgk120:155717] [16] /discover/nobackup/projects/gmao/SIteam/ESMF_Testing/nag_7.2.15_openmpi_O_release_8.7.0/esmf/DEFAULTINSTALLDIR/lib/libO/Linux.nag.64.openmpi.default/libesmf.so(esmf_compmod_MP_esmf_compexecute+0xa6a)[0x1537dff2d15e]
[borgk120:155716] [16] /discover/nobackup/projects/gmao/SIteam/ESMF_Testing/nag_7.2.15_openmpi_O_release_8.7.0/esmf/DEFAULTINSTALLDIR/lib/libO/Linux.nag.64.openmpi.default/libesmf.so(esmf_compmod_MP_esmf_compexecute+0xa6a)[0x146d71fdb15e]
[borgk120:155718] [16] /discover/nobackup/projects/gmao/SIteam/ESMF_Testing/nag_7.2.15_openmpi_O_release_8.7.0/esmf/DEFAULTINSTALLDIR/lib/libO/Linux.nag.64.openmpi.default/libesmf.so(esmf_compmod_MP_esmf_compexecute+0xa6a)[0x1503bbfdd15e]
[borgk120:155719] [16] /discover/nobackup/projects/gmao/SIteam/ESMF_Testing/nag_7.2.15_openmpi_O_release_8.7.0/esmf/DEFAULTINSTALLDIR/lib/libO/Linux.nag.64.openmpi.default/libesmf.so(esmf_gridcompmod_MP_esmf_gridcompinitialize+0x176)[0x154935b0146f]
[borgk120:155717] [17] ./mainApp[0x494e0c]
[borgk120:155717] [18] ./mainApp(__NAGf90_cosmp_init+0x123)[0x433ce3]
[borgk120:155717] [19] ./mainApp[0x4949f3]
[borgk120:155717] [20] /lib64/libc.so.6(__libc_start_main+0xef)[0x1549332f224d]
[borgk120:155717] [21] ./mainApp[0x40b14a]
[borgk120:155717] *** End of error message ***
/discover/nobackup/projects/gmao/SIteam/ESMF_Testing/nag_7.2.15_openmpi_O_release_8.7.0/esmf/DEFAULTINSTALLDIR/lib/libO/Linux.nag.64.openmpi.default/libesmf.so(esmf_gridcompmod_MP_esmf_gridcompinitialize+0x176)[0x1537e024d46f]
[borgk120:155716] [17] ./mainApp[0x494e0c]
[borgk120:155716] [18] /discover/nobackup/projects/gmao/SIteam/ESMF_Testing/nag_7.2.15_openmpi_O_release_8.7.0/esmf/DEFAULTINSTALLDIR/lib/libO/Linux.nag.64.openmpi.default/libesmf.so(esmf_gridcompmod_MP_esmf_gridcompinitialize+0x176)[0x1503bc2fd46f]
[borgk120:155719] [17] /discover/nobackup/projects/gmao/SIteam/ESMF_Testing/nag_7.2.15_openmpi_O_release_8.7.0/esmf/DEFAULTINSTALLDIR/lib/libO/Linux.nag.64.openmpi.default/libesmf.so(esmf_gridcompmod_MP_esmf_gridcompinitialize+0x176)[0x146d722fb46f]
[borgk120:155718] [17] ./mainApp[0x494e0c]
[borgk120:155718] [18] ./mainApp(__NAGf90_cosmp_init+0x123)[0x433ce3]
[borgk120:155716] [19] ./mainApp[0x4949f3]
[borgk120:155716] [20] ./mainApp[0x494e0c]
[borgk120:155719] [18] ./mainApp(__NAGf90_cosmp_init+0x123)[0x433ce3]
[borgk120:155719] [19] ./mainApp[0x4949f3]
[borgk120:155719] [20] ./mainApp(__NAGf90_cosmp_init+0x123)[0x433ce3]
[borgk120:155718] [19] ./mainApp[0x4949f3]
[borgk120:155718] [20] /lib64/libc.so.6(__libc_start_main+0xef)[0x1537ddaf224d]
[borgk120:155716] [21] ./mainApp[0x40b14a]
[borgk120:155716] *** End of error message ***
/lib64/libc.so.6(__libc_start_main+0xef)[0x1503b9af224d]
[borgk120:155719] [21] ./mainApp[0x40b14a]
[borgk120:155719] *** End of error message ***
/lib64/libc.so.6(__libc_start_main+0xef)[0x146d6faf224d]
[borgk120:155718] [21] ./mainApp[0x40b14a]
[borgk120:155718] *** End of error message ***
--------------------------------------------------------------------------
Primary job  terminated normally, but 1 process returned
a non-zero exit code. Per user-direction, the job has been aborted.
--------------------------------------------------------------------------
--------------------------------------------------------------------------
mpirun noticed that process rank 1 with PID 155717 on node borgk120 exited on signal 6 (Aborted).
--------------------------------------------------------------------------
