2024-09-14 05:46:42
slurmstepd: error: couldn't chdir to `/tmp/gfortran_11.2.0_mpi_g_develop/esmf/examples/examplesg/Unicos.gfortran.64.mpi.default': No such file or directory: going to /tmp instead
 User Comp1 Register starting
 Registered Initialize, Run, and Finalize routines
 User Comp1 Register returning
  PASS  Example ESMF_WebServicesEx, ESMF_WebServicesEx.F90, line 227
 User Comp1 Register starting
 Registered Initialize, Run, and Finalize routines
 User Comp1 Register returning
  PASS  Example ESMF_WebServicesEx, ESMF_WebServicesEx.F90, line 227
 User Comp1 Register starting
 Registered Initialize, Run, and Finalize routines
 User Comp1 Register returning
  PASS  Example ESMF_WebServicesEx, ESMF_WebServicesEx.F90, line 227
 User Comp1 Register starting
 Registered Initialize, Run, and Finalize routines
 User Comp1 Register returning
  PASS  Example ESMF_WebServicesEx, ESMF_WebServicesEx.F90, line 227
 PASS: ESMF_WebServicesEx.F90
 PASS: ESMF_WebServicesEx.F90
 PASS: ESMF_WebServicesEx.F90
 PASS: ESMF_WebServicesEx.F90
