2024-09-12 03:50:02
20240912 042413.892 INFO             PET0 !!!!!!!!!!!!!!!!!!!!!!!!!!!!!!!!!!!!!!!!!!!!!!!!!!!!!!
20240912 042413.892 INFO             PET0 !!! THE ESMF_LOG IS SET TO OUTPUT ALL LOG MESSAGES !!!
20240912 042413.892 INFO             PET0 !!!     THIS MAY CAUSE SLOWDOWN IN PERFORMANCE     !!!
20240912 042413.892 INFO             PET0 !!! FOR PRODUCTION RUNS, USE:                      !!!
20240912 042413.892 INFO             PET0 !!!                   ESMF_LOGKIND_Multi_On_Error  !!!
20240912 042413.892 INFO             PET0 !!!!!!!!!!!!!!!!!!!!!!!!!!!!!!!!!!!!!!!!!!!!!!!!!!!!!!
20240912 042413.892 INFO             PET0 Running with ESMF Version   : v8.7.0b14
20240912 042413.892 INFO             PET0 ESMF library build date/time: "Sep 12 2024" "03:49:11"
20240912 042413.892 INFO             PET0 ESMF library build location : /tmp/intel_2023.1.0_mpi_g_develop/esmf
20240912 042413.893 INFO             PET0 ESMF_COMM                   : mpi
20240912 042413.893 INFO             PET0 ESMF_MOAB                   : enabled
20240912 042413.893 INFO             PET0 ESMF_LAPACK                 : enabled
20240912 042413.893 INFO             PET0 ESMF_NETCDF                 : enabled
20240912 042413.893 INFO             PET0 ESMF_PNETCDF                : disabled
20240912 042413.893 INFO             PET0 ESMF_PIO                    : enabled
20240912 042413.893 INFO             PET0 ESMF_YAMLCPP                : enabled
20240912 042413.897 INFO             PET0 =============================================
20240912 042413.897 INFO             PET0 ESMX (Earth System Model eXecutable) STARTING
20240912 042413.897 INFO             PET0 =============================================
20240912 042413.904 INFO             PET0 ESMX_Driver: InitializeGeneric intro.
20240912 042413.904 INFO             PET0   ESMX_Driver: InitializeP0 intro.
20240912 042413.904 INFO             PET0   ESMX_Driver: InitializeP0 extro.
20240912 042413.904 INFO             PET0   ESMX_Driver: InitializeIPDv02p1 intro.
20240912 042413.905 INFO             PET0     >>>ESMX_Driver: entered Initialize (phase=<none>) without valid internal Clock.
20240912 042413.908 INFO             PET0     ESMX_Driver: IInitAdvertise intro.
20240912 042413.908 INFO             PET0     ESMX_Driver: IInitAdvertise extro.
20240912 042413.908 INFO             PET0     ESMX_Driver: IInitAdvertiseFinish intro.
20240912 042413.908 INFO             PET0     ESMX_Driver: IInitAdvertiseFinish extro.
20240912 042413.909 INFO             PET0     ESMX_Driver: IInitModifyCplLists intro.
20240912 042413.909 INFO             PET0     ESMX_Driver: IInitModifyCplLists extro.
20240912 042413.909 INFO             PET0     <<<ESMX_Driver: leaving Initialize (phase=<none>) with current time: 2012 10 24  8  0  0   0
20240912 042413.909 INFO             PET0   ESMX_Driver: InitializeIPDv02p1 extro.
20240912 042413.909 INFO             PET0   ESMX_Driver: InitializeIPDv02p3 intro.
20240912 042413.909 INFO             PET0     >>>ESMX_Driver: entered Initialize (phase=<none>) with current time: 2012 10 24  8  0  0   0
20240912 042413.909 INFO             PET0     ESMX_Driver: IInitCheck intro.
20240912 042413.910 INFO             PET0     ESMX_Driver: IInitCheck extro.
20240912 042413.910 INFO             PET0     ESMX_Driver: IInitRealize intro.
20240912 042413.910 INFO             PET0     ESMX_Driver: IInitRealize extro.
20240912 042413.910 INFO             PET0     <<<ESMX_Driver: leaving Initialize (phase=<none>) with current time: 2012 10 24  8  0  0   0
20240912 042413.910 INFO             PET0   ESMX_Driver: InitializeIPDv02p3 extro.
20240912 042413.910 INFO             PET0   ESMX_Driver: InitializeIPDv02p5 intro.
20240912 042413.910 INFO             PET0     >>>ESMX_Driver: entered Initialize (phase=<none>) with current time: 2012 10 24  8  0  0   0
20240912 042413.910 INFO             PET0     ESMX_Driver: InitializeIPDv02p5Data intro.
20240912 042413.911 INFO             PET0       ESMX_Driver: InternalInitializeComplete intro.
20240912 042413.911 INFO             PET0       ESMX_Driver: InternalInitializeComplete extro.
20240912 042413.918 INFO             PET0       ESMX_Driver: loopDataDependentInitialize intro.
20240912 042413.918 INFO             PET0       ESMX_Driver: loopDataDependentInitialize extro.
20240912 042413.918 INFO             PET0     ESMX_Driver: InitializeIPDv02p5Data extro.
20240912 042413.918 INFO             PET0     <<<ESMX_Driver: leaving Initialize (phase=<none>) with current time: 2012 10 24  8  0  0   0
20240912 042413.918 INFO             PET0   ESMX_Driver: InitializeIPDv02p5 extro.
20240912 042413.918 INFO             PET0 ESMX_Driver: InitializeGeneric extro.
20240912 042413.918 INFO             PET0 ESMX_Driver: Run intro.
20240912 042413.918 INFO             PET0   >>>ESMX_Driver: entered Run (phase=RunPhase1) with current time: 2012 10 24  8  0  0   0
20240912 042413.918 INFO             PET0   <<<ESMX_Driver: leaving Run (phase=RunPhase1) with current time: 2012 10 24  8  0  0   0
20240912 042413.918 INFO             PET0 ESMX_Driver: Run extro.
20240912 042413.918 INFO             PET0 ESMX_Driver: Finalize intro.
20240912 042413.918 INFO             PET0 ESMX_Driver: Finalize extro.
20240912 042413.919 INFO             PET0 =============================================
20240912 042413.919 INFO             PET0 ESMX (Earth System Model eXecutable) FINISHED
20240912 042413.919 INFO             PET0 =============================================
20240912 042413.919 INFO             PET0  Finalizing ESMF
20240912 042413.893 INFO             PET1 !!!!!!!!!!!!!!!!!!!!!!!!!!!!!!!!!!!!!!!!!!!!!!!!!!!!!!
20240912 042413.893 INFO             PET1 !!! THE ESMF_LOG IS SET TO OUTPUT ALL LOG MESSAGES !!!
20240912 042413.893 INFO             PET1 !!!     THIS MAY CAUSE SLOWDOWN IN PERFORMANCE     !!!
20240912 042413.893 INFO             PET1 !!! FOR PRODUCTION RUNS, USE:                      !!!
20240912 042413.893 INFO             PET1 !!!                   ESMF_LOGKIND_Multi_On_Error  !!!
20240912 042413.893 INFO             PET1 !!!!!!!!!!!!!!!!!!!!!!!!!!!!!!!!!!!!!!!!!!!!!!!!!!!!!!
20240912 042413.893 INFO             PET1 Running with ESMF Version   : v8.7.0b14
20240912 042413.893 INFO             PET1 ESMF library build date/time: "Sep 12 2024" "03:49:11"
20240912 042413.893 INFO             PET1 ESMF library build location : /tmp/intel_2023.1.0_mpi_g_develop/esmf
20240912 042413.893 INFO             PET1 ESMF_COMM                   : mpi
20240912 042413.893 INFO             PET1 ESMF_MOAB                   : enabled
20240912 042413.893 INFO             PET1 ESMF_LAPACK                 : enabled
20240912 042413.893 INFO             PET1 ESMF_NETCDF                 : enabled
20240912 042413.893 INFO             PET1 ESMF_PNETCDF                : disabled
20240912 042413.893 INFO             PET1 ESMF_PIO                    : enabled
20240912 042413.893 INFO             PET1 ESMF_YAMLCPP                : enabled
20240912 042413.897 INFO             PET1 =============================================
20240912 042413.898 INFO             PET1 ESMX (Earth System Model eXecutable) STARTING
20240912 042413.898 INFO             PET1 =============================================
20240912 042413.907 INFO             PET1 ESMX_Driver: InitializeGeneric intro.
20240912 042413.907 INFO             PET1   ESMX_Driver: InitializeP0 intro.
20240912 042413.907 INFO             PET1   ESMX_Driver: InitializeP0 extro.
20240912 042413.907 INFO             PET1   ESMX_Driver: InitializeIPDv02p1 intro.
20240912 042413.907 INFO             PET1     >>>ESMX_Driver: entered Initialize (phase=<none>) without valid internal Clock.
20240912 042413.913 INFO             PET1     ESMX_Driver: IInitAdvertise intro.
20240912 042413.913 INFO             PET1     ESMX_Driver: IInitAdvertise extro.
20240912 042413.914 INFO             PET1     ESMX_Driver: IInitAdvertiseFinish intro.
20240912 042413.914 INFO             PET1     ESMX_Driver: IInitAdvertiseFinish extro.
20240912 042413.914 INFO             PET1     ESMX_Driver: IInitModifyCplLists intro.
20240912 042413.914 INFO             PET1     ESMX_Driver: IInitModifyCplLists extro.
20240912 042413.915 INFO             PET1     <<<ESMX_Driver: leaving Initialize (phase=<none>) with current time: 2012 10 24  8  0  0   0
20240912 042413.915 INFO             PET1   ESMX_Driver: InitializeIPDv02p1 extro.
20240912 042413.915 INFO             PET1   ESMX_Driver: InitializeIPDv02p3 intro.
20240912 042413.915 INFO             PET1     >>>ESMX_Driver: entered Initialize (phase=<none>) with current time: 2012 10 24  8  0  0   0
20240912 042413.915 INFO             PET1     ESMX_Driver: IInitCheck intro.
20240912 042413.915 INFO             PET1     ESMX_Driver: IInitCheck extro.
20240912 042413.916 INFO             PET1     ESMX_Driver: IInitRealize intro.
20240912 042413.916 INFO             PET1     ESMX_Driver: IInitRealize extro.
20240912 042413.916 INFO             PET1     <<<ESMX_Driver: leaving Initialize (phase=<none>) with current time: 2012 10 24  8  0  0   0
20240912 042413.916 INFO             PET1   ESMX_Driver: InitializeIPDv02p3 extro.
20240912 042413.917 INFO             PET1   ESMX_Driver: InitializeIPDv02p5 intro.
20240912 042413.917 INFO             PET1     >>>ESMX_Driver: entered Initialize (phase=<none>) with current time: 2012 10 24  8  0  0   0
20240912 042413.917 INFO             PET1     ESMX_Driver: InitializeIPDv02p5Data intro.
20240912 042413.917 INFO             PET1       ESMX_Driver: InternalInitializeComplete intro.
20240912 042413.917 INFO             PET1       ESMX_Driver: InternalInitializeComplete extro.
20240912 042413.918 INFO             PET1       ESMX_Driver: loopDataDependentInitialize intro.
20240912 042413.918 INFO             PET1       ESMX_Driver: loopDataDependentInitialize extro.
20240912 042413.918 INFO             PET1     ESMX_Driver: InitializeIPDv02p5Data extro.
20240912 042413.918 INFO             PET1     <<<ESMX_Driver: leaving Initialize (phase=<none>) with current time: 2012 10 24  8  0  0   0
20240912 042413.918 INFO             PET1   ESMX_Driver: InitializeIPDv02p5 extro.
20240912 042413.918 INFO             PET1 ESMX_Driver: InitializeGeneric extro.
20240912 042413.918 INFO             PET1 ESMX_Driver: Run intro.
20240912 042413.918 INFO             PET1   >>>ESMX_Driver: entered Run (phase=RunPhase1) with current time: 2012 10 24  8  0  0   0
20240912 042413.919 INFO             PET1   <<<ESMX_Driver: leaving Run (phase=RunPhase1) with current time: 2012 10 24  8  0  0   0
20240912 042413.919 INFO             PET1 ESMX_Driver: Run extro.
20240912 042413.919 INFO             PET1 ESMX_Driver: Finalize intro.
20240912 042413.919 INFO             PET1 ESMX_Driver: Finalize extro.
20240912 042413.919 INFO             PET1 =============================================
20240912 042413.919 INFO             PET1 ESMX (Earth System Model eXecutable) FINISHED
20240912 042413.919 INFO             PET1 =============================================
20240912 042413.919 INFO             PET1  Finalizing ESMF
20240912 042413.893 INFO             PET2 !!!!!!!!!!!!!!!!!!!!!!!!!!!!!!!!!!!!!!!!!!!!!!!!!!!!!!
20240912 042413.893 INFO             PET2 !!! THE ESMF_LOG IS SET TO OUTPUT ALL LOG MESSAGES !!!
20240912 042413.893 INFO             PET2 !!!     THIS MAY CAUSE SLOWDOWN IN PERFORMANCE     !!!
20240912 042413.893 INFO             PET2 !!! FOR PRODUCTION RUNS, USE:                      !!!
20240912 042413.893 INFO             PET2 !!!                   ESMF_LOGKIND_Multi_On_Error  !!!
20240912 042413.893 INFO             PET2 !!!!!!!!!!!!!!!!!!!!!!!!!!!!!!!!!!!!!!!!!!!!!!!!!!!!!!
20240912 042413.893 INFO             PET2 Running with ESMF Version   : v8.7.0b14
20240912 042413.893 INFO             PET2 ESMF library build date/time: "Sep 12 2024" "03:49:11"
20240912 042413.893 INFO             PET2 ESMF library build location : /tmp/intel_2023.1.0_mpi_g_develop/esmf
20240912 042413.893 INFO             PET2 ESMF_COMM                   : mpi
20240912 042413.893 INFO             PET2 ESMF_MOAB                   : enabled
20240912 042413.893 INFO             PET2 ESMF_LAPACK                 : enabled
20240912 042413.893 INFO             PET2 ESMF_NETCDF                 : enabled
20240912 042413.893 INFO             PET2 ESMF_PNETCDF                : disabled
20240912 042413.893 INFO             PET2 ESMF_PIO                    : enabled
20240912 042413.893 INFO             PET2 ESMF_YAMLCPP                : enabled
20240912 042413.897 INFO             PET2 =============================================
20240912 042413.897 INFO             PET2 ESMX (Earth System Model eXecutable) STARTING
20240912 042413.897 INFO             PET2 =============================================
20240912 042413.907 INFO             PET2 ESMX_Driver: InitializeGeneric intro.
20240912 042413.907 INFO             PET2   ESMX_Driver: InitializeP0 intro.
20240912 042413.907 INFO             PET2   ESMX_Driver: InitializeP0 extro.
20240912 042413.907 INFO             PET2   ESMX_Driver: InitializeIPDv02p1 intro.
20240912 042413.907 INFO             PET2     >>>ESMX_Driver: entered Initialize (phase=<none>) without valid internal Clock.
20240912 042413.913 INFO             PET2     ESMX_Driver: IInitAdvertise intro.
20240912 042413.913 INFO             PET2     ESMX_Driver: IInitAdvertise extro.
20240912 042413.914 INFO             PET2     ESMX_Driver: IInitAdvertiseFinish intro.
20240912 042413.914 INFO             PET2     ESMX_Driver: IInitAdvertiseFinish extro.
20240912 042413.914 INFO             PET2     ESMX_Driver: IInitModifyCplLists intro.
20240912 042413.914 INFO             PET2     ESMX_Driver: IInitModifyCplLists extro.
20240912 042413.915 INFO             PET2     <<<ESMX_Driver: leaving Initialize (phase=<none>) with current time: 2012 10 24  8  0  0   0
20240912 042413.915 INFO             PET2   ESMX_Driver: InitializeIPDv02p1 extro.
20240912 042413.915 INFO             PET2   ESMX_Driver: InitializeIPDv02p3 intro.
20240912 042413.915 INFO             PET2     >>>ESMX_Driver: entered Initialize (phase=<none>) with current time: 2012 10 24  8  0  0   0
20240912 042413.915 INFO             PET2     ESMX_Driver: IInitCheck intro.
20240912 042413.915 INFO             PET2     ESMX_Driver: IInitCheck extro.
20240912 042413.916 INFO             PET2     ESMX_Driver: IInitRealize intro.
20240912 042413.916 INFO             PET2     ESMX_Driver: IInitRealize extro.
20240912 042413.916 INFO             PET2     <<<ESMX_Driver: leaving Initialize (phase=<none>) with current time: 2012 10 24  8  0  0   0
20240912 042413.916 INFO             PET2   ESMX_Driver: InitializeIPDv02p3 extro.
20240912 042413.917 INFO             PET2   ESMX_Driver: InitializeIPDv02p5 intro.
20240912 042413.917 INFO             PET2     >>>ESMX_Driver: entered Initialize (phase=<none>) with current time: 2012 10 24  8  0  0   0
20240912 042413.917 INFO             PET2     ESMX_Driver: InitializeIPDv02p5Data intro.
20240912 042413.917 INFO             PET2       ESMX_Driver: InternalInitializeComplete intro.
20240912 042413.917 INFO             PET2       ESMX_Driver: InternalInitializeComplete extro.
20240912 042413.918 INFO             PET2       ESMX_Driver: loopDataDependentInitialize intro.
20240912 042413.918 INFO             PET2       ESMX_Driver: loopDataDependentInitialize extro.
20240912 042413.918 INFO             PET2     ESMX_Driver: InitializeIPDv02p5Data extro.
20240912 042413.918 INFO             PET2     <<<ESMX_Driver: leaving Initialize (phase=<none>) with current time: 2012 10 24  8  0  0   0
20240912 042413.918 INFO             PET2   ESMX_Driver: InitializeIPDv02p5 extro.
20240912 042413.918 INFO             PET2 ESMX_Driver: InitializeGeneric extro.
20240912 042413.918 INFO             PET2 ESMX_Driver: Run intro.
20240912 042413.918 INFO             PET2   >>>ESMX_Driver: entered Run (phase=RunPhase1) with current time: 2012 10 24  8  0  0   0
20240912 042413.919 INFO             PET2   <<<ESMX_Driver: leaving Run (phase=RunPhase1) with current time: 2012 10 24  8  0  0   0
20240912 042413.919 INFO             PET2 ESMX_Driver: Run extro.
20240912 042413.919 INFO             PET2 ESMX_Driver: Finalize intro.
20240912 042413.919 INFO             PET2 ESMX_Driver: Finalize extro.
20240912 042413.919 INFO             PET2 =============================================
20240912 042413.919 INFO             PET2 ESMX (Earth System Model eXecutable) FINISHED
20240912 042413.919 INFO             PET2 =============================================
20240912 042413.919 INFO             PET2  Finalizing ESMF
20240912 042413.892 INFO             PET3 !!!!!!!!!!!!!!!!!!!!!!!!!!!!!!!!!!!!!!!!!!!!!!!!!!!!!!
20240912 042413.893 INFO             PET3 !!! THE ESMF_LOG IS SET TO OUTPUT ALL LOG MESSAGES !!!
20240912 042413.893 INFO             PET3 !!!     THIS MAY CAUSE SLOWDOWN IN PERFORMANCE     !!!
20240912 042413.893 INFO             PET3 !!! FOR PRODUCTION RUNS, USE:                      !!!
20240912 042413.893 INFO             PET3 !!!                   ESMF_LOGKIND_Multi_On_Error  !!!
20240912 042413.893 INFO             PET3 !!!!!!!!!!!!!!!!!!!!!!!!!!!!!!!!!!!!!!!!!!!!!!!!!!!!!!
20240912 042413.893 INFO             PET3 Running with ESMF Version   : v8.7.0b14
20240912 042413.893 INFO             PET3 ESMF library build date/time: "Sep 12 2024" "03:49:11"
20240912 042413.893 INFO             PET3 ESMF library build location : /tmp/intel_2023.1.0_mpi_g_develop/esmf
20240912 042413.893 INFO             PET3 ESMF_COMM                   : mpi
20240912 042413.893 INFO             PET3 ESMF_MOAB                   : enabled
20240912 042413.893 INFO             PET3 ESMF_LAPACK                 : enabled
20240912 042413.893 INFO             PET3 ESMF_NETCDF                 : enabled
20240912 042413.893 INFO             PET3 ESMF_PNETCDF                : disabled
20240912 042413.893 INFO             PET3 ESMF_PIO                    : enabled
20240912 042413.893 INFO             PET3 ESMF_YAMLCPP                : enabled
20240912 042413.896 INFO             PET3 =============================================
20240912 042413.896 INFO             PET3 ESMX (Earth System Model eXecutable) STARTING
20240912 042413.896 INFO             PET3 =============================================
20240912 042413.904 INFO             PET3 ESMX_Driver: InitializeGeneric intro.
20240912 042413.904 INFO             PET3   ESMX_Driver: InitializeP0 intro.
20240912 042413.904 INFO             PET3   ESMX_Driver: InitializeP0 extro.
20240912 042413.904 INFO             PET3   ESMX_Driver: InitializeIPDv02p1 intro.
20240912 042413.904 INFO             PET3     >>>ESMX_Driver: entered Initialize (phase=<none>) without valid internal Clock.
20240912 042413.908 INFO             PET3     ESMX_Driver: IInitAdvertise intro.
20240912 042413.908 INFO             PET3     ESMX_Driver: IInitAdvertise extro.
20240912 042413.908 INFO             PET3     ESMX_Driver: IInitAdvertiseFinish intro.
20240912 042413.908 INFO             PET3     ESMX_Driver: IInitAdvertiseFinish extro.
20240912 042413.909 INFO             PET3     ESMX_Driver: IInitModifyCplLists intro.
20240912 042413.909 INFO             PET3     ESMX_Driver: IInitModifyCplLists extro.
20240912 042413.909 INFO             PET3     <<<ESMX_Driver: leaving Initialize (phase=<none>) with current time: 2012 10 24  8  0  0   0
20240912 042413.909 INFO             PET3   ESMX_Driver: InitializeIPDv02p1 extro.
20240912 042413.909 INFO             PET3   ESMX_Driver: InitializeIPDv02p3 intro.
20240912 042413.909 INFO             PET3     >>>ESMX_Driver: entered Initialize (phase=<none>) with current time: 2012 10 24  8  0  0   0
20240912 042413.909 INFO             PET3     ESMX_Driver: IInitCheck intro.
20240912 042413.909 INFO             PET3     ESMX_Driver: IInitCheck extro.
20240912 042413.910 INFO             PET3     ESMX_Driver: IInitRealize intro.
20240912 042413.910 INFO             PET3     ESMX_Driver: IInitRealize extro.
20240912 042413.910 INFO             PET3     <<<ESMX_Driver: leaving Initialize (phase=<none>) with current time: 2012 10 24  8  0  0   0
20240912 042413.910 INFO             PET3   ESMX_Driver: InitializeIPDv02p3 extro.
20240912 042413.910 INFO             PET3   ESMX_Driver: InitializeIPDv02p5 intro.
20240912 042413.910 INFO             PET3     >>>ESMX_Driver: entered Initialize (phase=<none>) with current time: 2012 10 24  8  0  0   0
20240912 042413.910 INFO             PET3     ESMX_Driver: InitializeIPDv02p5Data intro.
20240912 042413.911 INFO             PET3       ESMX_Driver: InternalInitializeComplete intro.
20240912 042413.911 INFO             PET3       ESMX_Driver: InternalInitializeComplete extro.
20240912 042413.918 INFO             PET3       ESMX_Driver: loopDataDependentInitialize intro.
20240912 042413.918 INFO             PET3       ESMX_Driver: loopDataDependentInitialize extro.
20240912 042413.918 INFO             PET3     ESMX_Driver: InitializeIPDv02p5Data extro.
20240912 042413.918 INFO             PET3     <<<ESMX_Driver: leaving Initialize (phase=<none>) with current time: 2012 10 24  8  0  0   0
20240912 042413.918 INFO             PET3   ESMX_Driver: InitializeIPDv02p5 extro.
20240912 042413.918 INFO             PET3 ESMX_Driver: InitializeGeneric extro.
20240912 042413.918 INFO             PET3 ESMX_Driver: Run intro.
20240912 042413.918 INFO             PET3   >>>ESMX_Driver: entered Run (phase=RunPhase1) with current time: 2012 10 24  8  0  0   0
20240912 042413.918 INFO             PET3   <<<ESMX_Driver: leaving Run (phase=RunPhase1) with current time: 2012 10 24  8  0  0   0
20240912 042413.918 INFO             PET3 ESMX_Driver: Run extro.
20240912 042413.918 INFO             PET3 ESMX_Driver: Finalize intro.
20240912 042413.918 INFO             PET3 ESMX_Driver: Finalize extro.
20240912 042413.919 INFO             PET3 =============================================
20240912 042413.919 INFO             PET3 ESMX (Earth System Model eXecutable) FINISHED
20240912 042413.919 INFO             PET3 =============================================
20240912 042413.919 INFO             PET3  Finalizing ESMF
