2024-10-03 23:29:39
20241004 001116.581 INFO             PET0 !!!!!!!!!!!!!!!!!!!!!!!!!!!!!!!!!!!!!!!!!!!!!!!!!!!!!!
20241004 001116.581 INFO             PET0 !!! THE ESMF_LOG IS SET TO OUTPUT ALL LOG MESSAGES !!!
20241004 001116.581 INFO             PET0 !!!     THIS MAY CAUSE SLOWDOWN IN PERFORMANCE     !!!
20241004 001116.581 INFO             PET0 !!! FOR PRODUCTION RUNS, USE:                      !!!
20241004 001116.581 INFO             PET0 !!!                   ESMF_LOGKIND_Multi_On_Error  !!!
20241004 001116.581 INFO             PET0 !!!!!!!!!!!!!!!!!!!!!!!!!!!!!!!!!!!!!!!!!!!!!!!!!!!!!!
20241004 001116.581 INFO             PET0 Running with ESMF Version   : v8.7.0
20241004 001116.581 INFO             PET0 ESMF library build date/time: "Oct  3 2024" "23:28:23"
20241004 001116.581 INFO             PET0 ESMF library build location : /tmp/intel_2023.1.0-classic_mpi_O_v8.7.0/esmf
20241004 001116.581 INFO             PET0 ESMF_COMM                   : mpi
20241004 001116.581 INFO             PET0 ESMF_MOAB                   : enabled
20241004 001116.581 INFO             PET0 ESMF_LAPACK                 : enabled
20241004 001116.581 INFO             PET0 ESMF_NETCDF                 : enabled
20241004 001116.581 INFO             PET0 ESMF_PNETCDF                : disabled
20241004 001116.581 INFO             PET0 ESMF_PIO                    : enabled
20241004 001116.581 INFO             PET0 ESMF_YAMLCPP                : enabled
20241004 001116.581 INFO             PET0  NUMBER_OF_PROCESSORS           1
20241004 001116.581 INFO             PET0  PASS  Example ESMF_TimeEx, ESMF_TimeEx.F90, line 141
20241004 001116.581 INFO             PET0  Finalizing ESMF
