2024-09-14 04:00:22
20240914 043010.108 INFO             PET0 !!!!!!!!!!!!!!!!!!!!!!!!!!!!!!!!!!!!!!!!!!!!!!!!!!!!!!
20240914 043010.108 INFO             PET0 !!! THE ESMF_LOG IS SET TO OUTPUT ALL LOG MESSAGES !!!
20240914 043010.108 INFO             PET0 !!!     THIS MAY CAUSE SLOWDOWN IN PERFORMANCE     !!!
20240914 043010.108 INFO             PET0 !!! FOR PRODUCTION RUNS, USE:                      !!!
20240914 043010.108 INFO             PET0 !!!                   ESMF_LOGKIND_Multi_On_Error  !!!
20240914 043010.108 INFO             PET0 !!!!!!!!!!!!!!!!!!!!!!!!!!!!!!!!!!!!!!!!!!!!!!!!!!!!!!
20240914 043010.108 INFO             PET0 Running with ESMF Version   : v8.7.0b14
20240914 043010.108 INFO             PET0 ESMF library build date/time: "Sep 14 2024" "03:59:30"
20240914 043010.108 INFO             PET0 ESMF library build location : /tmp/intel_2023.1.0_mpiuni_g_develop/esmf
20240914 043010.108 INFO             PET0 ESMF_COMM                   : mpiuni
20240914 043010.108 INFO             PET0 ESMF_MOAB                   : enabled
20240914 043010.108 INFO             PET0 ESMF_LAPACK                 : enabled
20240914 043010.108 INFO             PET0 ESMF_NETCDF                 : enabled
20240914 043010.108 INFO             PET0 ESMF_PNETCDF                : disabled
20240914 043010.108 INFO             PET0 ESMF_PIO                    : enabled
20240914 043010.108 INFO             PET0 ESMF_YAMLCPP                : enabled
20240914 043010.186 DEBUG            PET0 about to destroy Grid: 0x5f6c90
20240914 043010.204 DEBUG            PET0 about to destroy Grid: 0x5f7d20
20240914 043010.247 INFO             PET0  NUMBER_OF_PROCESSORS           1
20240914 043010.247 INFO             PET0  PASS  Example ESMF_NUOPCAtmModelEx, ESMF_NUOPCAtmModelEx.F90, line 806
20240914 043010.247 INFO             PET0  Finalizing ESMF
