2024-10-02 22:32:49
20241002 232156.411 INFO             PET0 !!!!!!!!!!!!!!!!!!!!!!!!!!!!!!!!!!!!!!!!!!!!!!!!!!!!!!
20241002 232156.411 INFO             PET0 !!! THE ESMF_LOG IS SET TO OUTPUT ALL LOG MESSAGES !!!
20241002 232156.411 INFO             PET0 !!!     THIS MAY CAUSE SLOWDOWN IN PERFORMANCE     !!!
20241002 232156.411 INFO             PET0 !!! FOR PRODUCTION RUNS, USE:                      !!!
20241002 232156.411 INFO             PET0 !!!                   ESMF_LOGKIND_Multi_On_Error  !!!
20241002 232156.411 INFO             PET0 !!!!!!!!!!!!!!!!!!!!!!!!!!!!!!!!!!!!!!!!!!!!!!!!!!!!!!
20241002 232156.411 INFO             PET0 Running with ESMF Version   : v8.7.0b14-6-gd29442cb2f
20241002 232156.411 INFO             PET0 ESMF library build date/time: "Oct  2 2024" "22:30:06"
20241002 232156.411 INFO             PET0 ESMF library build location : /discover/nobackup/projects/gmao/SIteam/ESMF_Testing/intel_2021.6.0_intelmpi_O_release_8.7.0/esmf
20241002 232156.411 INFO             PET0 ESMF_COMM                   : intelmpi
20241002 232156.411 INFO             PET0 ESMF_MOAB                   : enabled
20241002 232156.411 INFO             PET0 ESMF_LAPACK                 : enabled
20241002 232156.411 INFO             PET0 ESMF_NETCDF                 : disabled
20241002 232156.411 INFO             PET0 ESMF_PNETCDF                : disabled
20241002 232156.411 INFO             PET0 ESMF_PIO                    : disabled
20241002 232156.411 INFO             PET0 ESMF_YAMLCPP                : enabled
20241002 232156.455 DEBUG            PET0 about to destroy Grid: 0x23edbf0
20241002 232156.458 DEBUG            PET0 about to destroy Grid: 0x23ef160
20241002 232156.470 INFO             PET0  NUMBER_OF_PROCESSORS           4
20241002 232156.470 INFO             PET0  PASS  Example ESMF_NUOPCAtmModelEx, ESMF_NUOPCAtmModelEx.F90, line 806
20241002 232156.470 INFO             PET0  Finalizing ESMF
20241002 232156.410 INFO             PET1 !!!!!!!!!!!!!!!!!!!!!!!!!!!!!!!!!!!!!!!!!!!!!!!!!!!!!!
20241002 232156.410 INFO             PET1 !!! THE ESMF_LOG IS SET TO OUTPUT ALL LOG MESSAGES !!!
20241002 232156.410 INFO             PET1 !!!     THIS MAY CAUSE SLOWDOWN IN PERFORMANCE     !!!
20241002 232156.410 INFO             PET1 !!! FOR PRODUCTION RUNS, USE:                      !!!
20241002 232156.410 INFO             PET1 !!!                   ESMF_LOGKIND_Multi_On_Error  !!!
20241002 232156.410 INFO             PET1 !!!!!!!!!!!!!!!!!!!!!!!!!!!!!!!!!!!!!!!!!!!!!!!!!!!!!!
20241002 232156.410 INFO             PET1 Running with ESMF Version   : v8.7.0b14-6-gd29442cb2f
20241002 232156.410 INFO             PET1 ESMF library build date/time: "Oct  2 2024" "22:30:06"
20241002 232156.410 INFO             PET1 ESMF library build location : /discover/nobackup/projects/gmao/SIteam/ESMF_Testing/intel_2021.6.0_intelmpi_O_release_8.7.0/esmf
20241002 232156.410 INFO             PET1 ESMF_COMM                   : intelmpi
20241002 232156.411 INFO             PET1 ESMF_MOAB                   : enabled
20241002 232156.411 INFO             PET1 ESMF_LAPACK                 : enabled
20241002 232156.411 INFO             PET1 ESMF_NETCDF                 : disabled
20241002 232156.411 INFO             PET1 ESMF_PNETCDF                : disabled
20241002 232156.411 INFO             PET1 ESMF_PIO                    : disabled
20241002 232156.411 INFO             PET1 ESMF_YAMLCPP                : enabled
20241002 232156.455 DEBUG            PET1 about to destroy Grid: 0x2070a80
20241002 232156.458 DEBUG            PET1 about to destroy Grid: 0x2071f90
20241002 232156.470 INFO             PET1  NUMBER_OF_PROCESSORS           4
20241002 232156.471 INFO             PET1  PASS  Example ESMF_NUOPCAtmModelEx, ESMF_NUOPCAtmModelEx.F90, line 806
20241002 232156.471 INFO             PET1  Finalizing ESMF
20241002 232156.411 INFO             PET2 !!!!!!!!!!!!!!!!!!!!!!!!!!!!!!!!!!!!!!!!!!!!!!!!!!!!!!
20241002 232156.411 INFO             PET2 !!! THE ESMF_LOG IS SET TO OUTPUT ALL LOG MESSAGES !!!
20241002 232156.411 INFO             PET2 !!!     THIS MAY CAUSE SLOWDOWN IN PERFORMANCE     !!!
20241002 232156.411 INFO             PET2 !!! FOR PRODUCTION RUNS, USE:                      !!!
20241002 232156.411 INFO             PET2 !!!                   ESMF_LOGKIND_Multi_On_Error  !!!
20241002 232156.411 INFO             PET2 !!!!!!!!!!!!!!!!!!!!!!!!!!!!!!!!!!!!!!!!!!!!!!!!!!!!!!
20241002 232156.411 INFO             PET2 Running with ESMF Version   : v8.7.0b14-6-gd29442cb2f
20241002 232156.411 INFO             PET2 ESMF library build date/time: "Oct  2 2024" "22:30:06"
20241002 232156.411 INFO             PET2 ESMF library build location : /discover/nobackup/projects/gmao/SIteam/ESMF_Testing/intel_2021.6.0_intelmpi_O_release_8.7.0/esmf
20241002 232156.411 INFO             PET2 ESMF_COMM                   : intelmpi
20241002 232156.411 INFO             PET2 ESMF_MOAB                   : enabled
20241002 232156.411 INFO             PET2 ESMF_LAPACK                 : enabled
20241002 232156.411 INFO             PET2 ESMF_NETCDF                 : disabled
20241002 232156.411 INFO             PET2 ESMF_PNETCDF                : disabled
20241002 232156.411 INFO             PET2 ESMF_PIO                    : disabled
20241002 232156.411 INFO             PET2 ESMF_YAMLCPP                : enabled
20241002 232156.455 DEBUG            PET2 about to destroy Grid: 0x175ad80
20241002 232156.458 DEBUG            PET2 about to destroy Grid: 0x175c290
20241002 232156.470 INFO             PET2  NUMBER_OF_PROCESSORS           4
20241002 232156.470 INFO             PET2  PASS  Example ESMF_NUOPCAtmModelEx, ESMF_NUOPCAtmModelEx.F90, line 806
20241002 232156.470 INFO             PET2  Finalizing ESMF
20241002 232156.410 INFO             PET3 !!!!!!!!!!!!!!!!!!!!!!!!!!!!!!!!!!!!!!!!!!!!!!!!!!!!!!
20241002 232156.410 INFO             PET3 !!! THE ESMF_LOG IS SET TO OUTPUT ALL LOG MESSAGES !!!
20241002 232156.410 INFO             PET3 !!!     THIS MAY CAUSE SLOWDOWN IN PERFORMANCE     !!!
20241002 232156.410 INFO             PET3 !!! FOR PRODUCTION RUNS, USE:                      !!!
20241002 232156.410 INFO             PET3 !!!                   ESMF_LOGKIND_Multi_On_Error  !!!
20241002 232156.410 INFO             PET3 !!!!!!!!!!!!!!!!!!!!!!!!!!!!!!!!!!!!!!!!!!!!!!!!!!!!!!
20241002 232156.410 INFO             PET3 Running with ESMF Version   : v8.7.0b14-6-gd29442cb2f
20241002 232156.410 INFO             PET3 ESMF library build date/time: "Oct  2 2024" "22:30:06"
20241002 232156.410 INFO             PET3 ESMF library build location : /discover/nobackup/projects/gmao/SIteam/ESMF_Testing/intel_2021.6.0_intelmpi_O_release_8.7.0/esmf
20241002 232156.410 INFO             PET3 ESMF_COMM                   : intelmpi
20241002 232156.411 INFO             PET3 ESMF_MOAB                   : enabled
20241002 232156.411 INFO             PET3 ESMF_LAPACK                 : enabled
20241002 232156.411 INFO             PET3 ESMF_NETCDF                 : disabled
20241002 232156.411 INFO             PET3 ESMF_PNETCDF                : disabled
20241002 232156.411 INFO             PET3 ESMF_PIO                    : disabled
20241002 232156.411 INFO             PET3 ESMF_YAMLCPP                : enabled
20241002 232156.455 DEBUG            PET3 about to destroy Grid: 0xb31dd0
20241002 232156.458 DEBUG            PET3 about to destroy Grid: 0xb332e0
20241002 232156.470 INFO             PET3  NUMBER_OF_PROCESSORS           4
20241002 232156.470 INFO             PET3  PASS  Example ESMF_NUOPCAtmModelEx, ESMF_NUOPCAtmModelEx.F90, line 806
20241002 232156.470 INFO             PET3  Finalizing ESMF
