2024-09-21 03:57:58
20240921 042658.285 INFO             PET0 !!!!!!!!!!!!!!!!!!!!!!!!!!!!!!!!!!!!!!!!!!!!!!!!!!!!!!
20240921 042658.285 INFO             PET0 !!! THE ESMF_LOG IS SET TO OUTPUT ALL LOG MESSAGES !!!
20240921 042658.285 INFO             PET0 !!!     THIS MAY CAUSE SLOWDOWN IN PERFORMANCE     !!!
20240921 042658.285 INFO             PET0 !!! FOR PRODUCTION RUNS, USE:                      !!!
20240921 042658.285 INFO             PET0 !!!                   ESMF_LOGKIND_Multi_On_Error  !!!
20240921 042658.285 INFO             PET0 !!!!!!!!!!!!!!!!!!!!!!!!!!!!!!!!!!!!!!!!!!!!!!!!!!!!!!
20240921 042658.285 INFO             PET0 Running with ESMF Version   : v8.7.0b14-1-g2597b0a993
20240921 042658.285 INFO             PET0 ESMF library build date/time: "Sep 21 2024" "03:57:04"
20240921 042658.285 INFO             PET0 ESMF library build location : /tmp/intel_2023.1.0_mpiuni_g_release_8.7.0/esmf
20240921 042658.285 INFO             PET0 ESMF_COMM                   : mpiuni
20240921 042658.285 INFO             PET0 ESMF_MOAB                   : enabled
20240921 042658.285 INFO             PET0 ESMF_LAPACK                 : enabled
20240921 042658.285 INFO             PET0 ESMF_NETCDF                 : enabled
20240921 042658.285 INFO             PET0 ESMF_PNETCDF                : disabled
20240921 042658.285 INFO             PET0 ESMF_PIO                    : enabled
20240921 042658.285 INFO             PET0 ESMF_YAMLCPP                : enabled
20240921 042658.364 DEBUG            PET0 about to destroy Grid: 0x5f6ca0
20240921 042658.382 DEBUG            PET0 about to destroy Grid: 0x5f7d30
20240921 042658.426 INFO             PET0  NUMBER_OF_PROCESSORS           1
20240921 042658.426 INFO             PET0  PASS  Example ESMF_NUOPCAtmModelEx, ESMF_NUOPCAtmModelEx.F90, line 806
20240921 042658.426 INFO             PET0  Finalizing ESMF
