2024-09-25 08:35:27
--------------------------------------------------------------------------
It looks like MPI_INIT failed for some reason; your parallel process is
likely to abort.  There are many reasons that a parallel process can
fail during MPI_INIT; some of which are due to configuration or environment
problems.  This failure appears to be an internal failure; here's some
additional information (which may only be relevant to an Open MPI
developer):

  PML add procs failed
  --> Returned "Not found" (-13) instead of "Success" (0)
--------------------------------------------------------------------------
--------------------------------------------------------------------------
It looks like MPI_INIT failed for some reason; your parallel process is
likely to abort.  There are many reasons that a parallel process can
fail during MPI_INIT; some of which are due to configuration or environment
problems.  This failure appears to be an internal failure; here's some
additional information (which may only be relevant to an Open MPI
developer):

  ompi_mpi_init: ompi_mpi_instance_init failed
  --> Returned "Not found" (-13) instead of "Success" (0)
--------------------------------------------------------------------------
[cgdm-green:00000] *** An error occurred in MPI_Init_thread
[cgdm-green:00000] *** reported by process [552402945,3]
[cgdm-green:00000] *** on a NULL communicator
[cgdm-green:00000] *** Unknown error
[cgdm-green:00000] *** MPI_ERRORS_ARE_FATAL (processes in this communicator will now abort,
[cgdm-green:00000] ***    and MPI will try to terminate your MPI job as well)
--------------------------------------------------------------------------
It looks like MPI_INIT failed for some reason; your parallel process is
likely to abort.  There are many reasons that a parallel process can
fail during MPI_INIT; some of which are due to configuration or environment
problems.  This failure appears to be an internal failure; here's some
additional information (which may only be relevant to an Open MPI
developer):

  PML add procs failed
  --> Returned "Not found" (-13) instead of "Success" (0)
--------------------------------------------------------------------------
--------------------------------------------------------------------------
It looks like MPI_INIT failed for some reason; your parallel process is
likely to abort.  There are many reasons that a parallel process can
fail during MPI_INIT; some of which are due to configuration or environment
problems.  This failure appears to be an internal failure; here's some
additional information (which may only be relevant to an Open MPI
developer):

  ompi_mpi_init: ompi_mpi_instance_init failed
  --> Returned "Not found" (-13) instead of "Success" (0)
--------------------------------------------------------------------------
[cgdm-green:00000] *** An error occurred in MPI_Init_thread
[cgdm-green:00000] *** reported by process [552402945,1]
[cgdm-green:00000] *** on a NULL communicator
[cgdm-green:00000] *** Unknown error
[cgdm-green:00000] *** MPI_ERRORS_ARE_FATAL (processes in this communicator will now abort,
[cgdm-green:00000] ***    and MPI will try to terminate your MPI job as well)
--------------------------------------------------------------------------
It looks like MPI_INIT failed for some reason; your parallel process is
likely to abort.  There are many reasons that a parallel process can
fail during MPI_INIT; some of which are due to configuration or environment
problems.  This failure appears to be an internal failure; here's some
additional information (which may only be relevant to an Open MPI
developer):

  PML add procs failed
  --> Returned "Not found" (-13) instead of "Success" (0)
--------------------------------------------------------------------------
--------------------------------------------------------------------------
It looks like MPI_INIT failed for some reason; your parallel process is
likely to abort.  There are many reasons that a parallel process can
fail during MPI_INIT; some of which are due to configuration or environment
problems.  This failure appears to be an internal failure; here's some
additional information (which may only be relevant to an Open MPI
 NUOPC_DriverPrint for PET:           0
   Model, Mediator, and Driver components, in the order
   that they were added to the Driver:
           1 :  ATM
           2 :  OCN
           3 :  MED
   Connector components, in the order
   that they were added to the Driver:
           1 :  MED-TO-OCN
           2 :  MED-TO-ATM
           3 :  OCN-TO-MED
           4 :  ATM-TO-MED
NUOPC_RunSequenceArrayPrint: element     1 out of      5
runSeq::
 runElementPrint:     -2     0     0 F T
 runElementPrint:      3     1     1 F T
 runElementPrint:     -3     0     0 F T
 runElementPrint:      3     2     1 F T
 runElementPrint:     -1    -1     0 F F
::
NUOPC_RunSequenceArrayPrint: element     2 out of      5
runSeq::
 runElementPrint:      3    -1     1 F T
 runElementPrint:      3     2     1 F T
 runElementPrint:      3     1     1 F T
 runElementPrint:      1    -1     1 F T
 runElementPrint:      2    -1     1 F T
 runElementPrint:      2     3     1 F T
 runElementPrint:      1     3     1 F T
developer):

  ompi_mpi_init: ompi_mpi_instance_init failed
  --> Returned "Not found" (-13) instead of "Success" (0)
--------------------------------------------------------------------------
[cgdm-green:00000] *** An error occurred in MPI_Init_thread
[cgdm-green:00000] *** reported by process [552402945,2]
[cgdm-green:00000] *** on a NULL communicator
[cgdm-green:00000] *** Unknown error
[cgdm-green:00000] *** MPI_ERRORS_ARE_FATAL (processes in this communicator will now abort,
[cgdm-green:00000] ***    and MPI will try to terminate your MPI job as well)
 runElementPrint: