2024-08-26 20:24:33
20240827 063632.246 INFO             PET0 !!!!!!!!!!!!!!!!!!!!!!!!!!!!!!!!!!!!!!!!!!!!!!!!!!!!!!
20240827 063632.250 INFO             PET0 !!! THE ESMF_LOG IS SET TO OUTPUT ALL LOG MESSAGES !!!
20240827 063632.250 INFO             PET0 !!!     THIS MAY CAUSE SLOWDOWN IN PERFORMANCE     !!!
20240827 063632.250 INFO             PET0 !!! FOR PRODUCTION RUNS, USE:                      !!!
20240827 063632.250 INFO             PET0 !!!                   ESMF_LOGKIND_Multi_On_Error  !!!
20240827 063632.250 INFO             PET0 !!!!!!!!!!!!!!!!!!!!!!!!!!!!!!!!!!!!!!!!!!!!!!!!!!!!!!
20240827 063632.250 INFO             PET0 Running with ESMF Version   : v8.7.0b11-5-gfda68a9ac3
20240827 063632.250 INFO             PET0 ESMF library build date/time: "Aug 26 2024" "20:06:03"
20240827 063632.250 INFO             PET0 ESMF library build location : /Users/sacks/projects/scratch/esmf-testing/gfortranclang_12.2.0_14.0.0_openmpi_g_develop/esmf
20240827 063632.250 INFO             PET0 ESMF_COMM                   : openmpi
20240827 063632.250 INFO             PET0 ESMF_MOAB                   : enabled
20240827 063632.250 INFO             PET0 ESMF_LAPACK                 : enabled
20240827 063632.250 INFO             PET0 ESMF_NETCDF                 : enabled
20240827 063632.250 INFO             PET0 ESMF_PNETCDF                : disabled
20240827 063632.250 INFO             PET0 ESMF_PIO                    : enabled
20240827 063632.250 INFO             PET0 ESMF_YAMLCPP                : enabled
20240827 063632.266 INFO             PET0 =============================================
20240827 063632.266 INFO             PET0 ESMX (Earth System Model eXecutable) STARTING
20240827 063632.266 INFO             PET0 =============================================
20240827 063632.341 INFO             PET0 ESMX_Driver: InitializeGeneric intro.
20240827 063632.341 INFO             PET0   ESMX_Driver: InitializeP0 intro.
20240827 063632.341 INFO             PET0   ESMX_Driver: InitializeP0 extro.
20240827 063632.342 INFO             PET0   ESMX_Driver: InitializeIPDv02p1 intro.
20240827 063632.342 INFO             PET0     >>>ESMX_Driver: entered Initialize (phase=<none>) without valid internal Clock.
20240827 063632.346 INFO             PET0     ESMX_Driver: IInitAdvertise intro.
20240827 063632.346 INFO             PET0     ESMX_Driver: IInitAdvertise extro.
20240827 063632.347 INFO             PET0     ESMX_Driver: IInitAdvertiseFinish intro.
20240827 063632.347 INFO             PET0     ESMX_Driver: IInitAdvertiseFinish extro.
20240827 063632.347 INFO             PET0     ESMX_Driver: IInitModifyCplLists intro.
20240827 063632.347 INFO             PET0     ESMX_Driver: IInitModifyCplLists extro.
20240827 063632.347 INFO             PET0     <<<ESMX_Driver: leaving Initialize (phase=<none>) with current time: 2012 10 24  8  0  0   0
20240827 063632.347 INFO             PET0   ESMX_Driver: InitializeIPDv02p1 extro.
20240827 063632.348 INFO             PET0   ESMX_Driver: InitializeIPDv02p3 intro.
20240827 063632.348 INFO             PET0     >>>ESMX_Driver: entered Initialize (phase=<none>) with current time: 2012 10 24  8  0  0   0
20240827 063632.348 INFO             PET0     ESMX_Driver: IInitCheck intro.
20240827 063632.349 INFO             PET0     ESMX_Driver: IInitCheck extro.
20240827 063632.349 INFO             PET0     ESMX_Driver: IInitRealize intro.
20240827 063632.349 INFO             PET0     ESMX_Driver: IInitRealize extro.
20240827 063632.349 INFO             PET0     <<<ESMX_Driver: leaving Initialize (phase=<none>) with current time: 2012 10 24  8  0  0   0
20240827 063632.349 INFO             PET0   ESMX_Driver: InitializeIPDv02p3 extro.
20240827 063632.349 INFO             PET0   ESMX_Driver: InitializeIPDv02p5 intro.
20240827 063632.349 INFO             PET0     >>>ESMX_Driver: entered Initialize (phase=<none>) with current time: 2012 10 24  8  0  0   0
20240827 063632.349 INFO             PET0     ESMX_Driver: InitializeIPDv02p5Data intro.
20240827 063632.350 INFO             PET0       ESMX_Driver: InternalInitializeComplete intro.
20240827 063632.350 INFO             PET0       ESMX_Driver: InternalInitializeComplete extro.
20240827 063632.350 INFO             PET0       ESMX_Driver: loopDataDependentInitialize intro.
20240827 063632.350 INFO             PET0       ESMX_Driver: loopDataDependentInitialize extro.
20240827 063632.350 INFO             PET0     ESMX_Driver: InitializeIPDv02p5Data extro.
20240827 063632.350 INFO             PET0     <<<ESMX_Driver: leaving Initialize (phase=<none>) with current time: 2012 10 24  8  0  0   0
20240827 063632.350 INFO             PET0   ESMX_Driver: InitializeIPDv02p5 extro.
20240827 063632.350 INFO             PET0 ESMX_Driver: InitializeGeneric extro.
20240827 063632.350 INFO             PET0 ESMX_Driver: Run intro.
20240827 063632.350 INFO             PET0   >>>ESMX_Driver: entered Run (phase=RunPhase1) with current time: 2012 10 24  8  0  0   0
20240827 063632.351 INFO             PET0   <<<ESMX_Driver: leaving Run (phase=RunPhase1) with current time: 2012 10 24  8  0  0   0
20240827 063632.351 INFO             PET0 ESMX_Driver: Run extro.
20240827 063632.351 INFO             PET0 ESMX_Driver: Finalize intro.
20240827 063632.351 INFO             PET0 ESMX_Driver: Finalize extro.
20240827 063632.351 INFO             PET0 =============================================
20240827 063632.351 INFO             PET0 ESMX (Earth System Model eXecutable) FINISHED
20240827 063632.351 INFO             PET0 =============================================
20240827 063632.351 INFO             PET0  Finalizing ESMF
20240827 063632.247 INFO             PET1 !!!!!!!!!!!!!!!!!!!!!!!!!!!!!!!!!!!!!!!!!!!!!!!!!!!!!!
20240827 063632.259 INFO             PET1 !!! THE ESMF_LOG IS SET TO OUTPUT ALL LOG MESSAGES !!!
20240827 063632.259 INFO             PET1 !!!     THIS MAY CAUSE SLOWDOWN IN PERFORMANCE     !!!
20240827 063632.259 INFO             PET1 !!! FOR PRODUCTION RUNS, USE:                      !!!
20240827 063632.259 INFO             PET1 !!!                   ESMF_LOGKIND_Multi_On_Error  !!!
20240827 063632.259 INFO             PET1 !!!!!!!!!!!!!!!!!!!!!!!!!!!!!!!!!!!!!!!!!!!!!!!!!!!!!!
20240827 063632.259 INFO             PET1 Running with ESMF Version   : v8.7.0b11-5-gfda68a9ac3
20240827 063632.259 INFO             PET1 ESMF library build date/time: "Aug 26 2024" "20:06:03"
20240827 063632.259 INFO             PET1 ESMF library build location : /Users/sacks/projects/scratch/esmf-testing/gfortranclang_12.2.0_14.0.0_openmpi_g_develop/esmf
20240827 063632.259 INFO             PET1 ESMF_COMM                   : openmpi
20240827 063632.259 INFO             PET1 ESMF_MOAB                   : enabled
20240827 063632.259 INFO             PET1 ESMF_LAPACK                 : enabled
20240827 063632.259 INFO             PET1 ESMF_NETCDF                 : enabled
20240827 063632.259 INFO             PET1 ESMF_PNETCDF                : disabled
20240827 063632.259 INFO             PET1 ESMF_PIO                    : enabled
20240827 063632.259 INFO             PET1 ESMF_YAMLCPP                : enabled
20240827 063632.262 INFO             PET1 =============================================
20240827 063632.262 INFO             PET1 ESMX (Earth System Model eXecutable) STARTING
20240827 063632.262 INFO             PET1 =============================================
20240827 063632.342 INFO             PET1 ESMX_Driver: InitializeGeneric intro.
20240827 063632.342 INFO             PET1   ESMX_Driver: InitializeP0 intro.
20240827 063632.342 INFO             PET1   ESMX_Driver: InitializeP0 extro.
20240827 063632.342 INFO             PET1   ESMX_Driver: InitializeIPDv02p1 intro.
20240827 063632.342 INFO             PET1     >>>ESMX_Driver: entered Initialize (phase=<none>) without valid internal Clock.
20240827 063632.346 INFO             PET1     ESMX_Driver: IInitAdvertise intro.
20240827 063632.346 INFO             PET1     ESMX_Driver: IInitAdvertise extro.
20240827 063632.346 INFO             PET1     ESMX_Driver: IInitAdvertiseFinish intro.
20240827 063632.347 INFO             PET1     ESMX_Driver: IInitAdvertiseFinish extro.
20240827 063632.347 INFO             PET1     ESMX_Driver: IInitModifyCplLists intro.
20240827 063632.347 INFO             PET1     ESMX_Driver: IInitModifyCplLists extro.
20240827 063632.347 INFO             PET1     <<<ESMX_Driver: leaving Initialize (phase=<none>) with current time: 2012 10 24  8  0  0   0
20240827 063632.347 INFO             PET1   ESMX_Driver: InitializeIPDv02p1 extro.
20240827 063632.347 INFO             PET1   ESMX_Driver: InitializeIPDv02p3 intro.
20240827 063632.348 INFO             PET1     >>>ESMX_Driver: entered Initialize (phase=<none>) with current time: 2012 10 24  8  0  0   0
20240827 063632.348 INFO             PET1     ESMX_Driver: IInitCheck intro.
20240827 063632.348 INFO             PET1     ESMX_Driver: IInitCheck extro.
20240827 063632.349 INFO             PET1     ESMX_Driver: IInitRealize intro.
20240827 063632.349 INFO             PET1     ESMX_Driver: IInitRealize extro.
20240827 063632.349 INFO             PET1     <<<ESMX_Driver: leaving Initialize (phase=<none>) with current time: 2012 10 24  8  0  0   0
20240827 063632.349 INFO             PET1   ESMX_Driver: InitializeIPDv02p3 extro.
20240827 063632.349 INFO             PET1   ESMX_Driver: InitializeIPDv02p5 intro.
20240827 063632.349 INFO             PET1     >>>ESMX_Driver: entered Initialize (phase=<none>) with current time: 2012 10 24  8  0  0   0
20240827 063632.349 INFO             PET1     ESMX_Driver: InitializeIPDv02p5Data intro.
20240827 063632.349 INFO             PET1       ESMX_Driver: InternalInitializeComplete intro.
20240827 063632.349 INFO             PET1       ESMX_Driver: InternalInitializeComplete extro.
20240827 063632.350 INFO             PET1       ESMX_Driver: loopDataDependentInitialize intro.
20240827 063632.350 INFO             PET1       ESMX_Driver: loopDataDependentInitialize extro.
20240827 063632.350 INFO             PET1     ESMX_Driver: InitializeIPDv02p5Data extro.
20240827 063632.350 INFO             PET1     <<<ESMX_Driver: leaving Initialize (phase=<none>) with current time: 2012 10 24  8  0  0   0
20240827 063632.350 INFO             PET1   ESMX_Driver: InitializeIPDv02p5 extro.
20240827 063632.350 INFO             PET1 ESMX_Driver: InitializeGeneric extro.
20240827 063632.350 INFO             PET1 ESMX_Driver: Run intro.
20240827 063632.350 INFO             PET1   >>>ESMX_Driver: entered Run (phase=RunPhase1) with current time: 2012 10 24  8  0  0   0
20240827 063632.350 INFO             PET1   <<<ESMX_Driver: leaving Run (phase=RunPhase1) with current time: 2012 10 24  8  0  0   0
20240827 063632.350 INFO             PET1 ESMX_Driver: Run extro.
20240827 063632.351 INFO             PET1 ESMX_Driver: Finalize intro.
20240827 063632.351 INFO             PET1 ESMX_Driver: Finalize extro.
20240827 063632.351 INFO             PET1 =============================================
20240827 063632.351 INFO             PET1 ESMX (Earth System Model eXecutable) FINISHED
20240827 063632.351 INFO             PET1 =============================================
20240827 063632.351 INFO             PET1  Finalizing ESMF
20240827 063632.247 INFO             PET2 !!!!!!!!!!!!!!!!!!!!!!!!!!!!!!!!!!!!!!!!!!!!!!!!!!!!!!
20240827 063632.253 INFO             PET2 !!! THE ESMF_LOG IS SET TO OUTPUT ALL LOG MESSAGES !!!
20240827 063632.253 INFO             PET2 !!!     THIS MAY CAUSE SLOWDOWN IN PERFORMANCE     !!!
20240827 063632.253 INFO             PET2 !!! FOR PRODUCTION RUNS, USE:                      !!!
20240827 063632.253 INFO             PET2 !!!                   ESMF_LOGKIND_Multi_On_Error  !!!
20240827 063632.253 INFO             PET2 !!!!!!!!!!!!!!!!!!!!!!!!!!!!!!!!!!!!!!!!!!!!!!!!!!!!!!
20240827 063632.253 INFO             PET2 Running with ESMF Version   : v8.7.0b11-5-gfda68a9ac3
20240827 063632.253 INFO             PET2 ESMF library build date/time: "Aug 26 2024" "20:06:03"
20240827 063632.253 INFO             PET2 ESMF library build location : /Users/sacks/projects/scratch/esmf-testing/gfortranclang_12.2.0_14.0.0_openmpi_g_develop/esmf
20240827 063632.253 INFO             PET2 ESMF_COMM                   : openmpi
20240827 063632.253 INFO             PET2 ESMF_MOAB                   : enabled
20240827 063632.253 INFO             PET2 ESMF_LAPACK                 : enabled
20240827 063632.253 INFO             PET2 ESMF_NETCDF                 : enabled
20240827 063632.253 INFO             PET2 ESMF_PNETCDF                : disabled
20240827 063632.253 INFO             PET2 ESMF_PIO                    : enabled
20240827 063632.253 INFO             PET2 ESMF_YAMLCPP                : enabled
20240827 063632.264 INFO             PET2 =============================================
20240827 063632.264 INFO             PET2 ESMX (Earth System Model eXecutable) STARTING
20240827 063632.264 INFO             PET2 =============================================
20240827 063632.342 INFO             PET2 ESMX_Driver: InitializeGeneric intro.
20240827 063632.342 INFO             PET2   ESMX_Driver: InitializeP0 intro.
20240827 063632.342 INFO             PET2   ESMX_Driver: InitializeP0 extro.
20240827 063632.342 INFO             PET2   ESMX_Driver: InitializeIPDv02p1 intro.
20240827 063632.342 INFO             PET2     >>>ESMX_Driver: entered Initialize (phase=<none>) without valid internal Clock.
20240827 063632.345 INFO             PET2     ESMX_Driver: IInitAdvertise intro.
20240827 063632.345 INFO             PET2     ESMX_Driver: IInitAdvertise extro.
20240827 063632.346 INFO             PET2     ESMX_Driver: IInitAdvertiseFinish intro.
20240827 063632.346 INFO             PET2     ESMX_Driver: IInitAdvertiseFinish extro.
20240827 063632.346 INFO             PET2     ESMX_Driver: IInitModifyCplLists intro.
20240827 063632.346 INFO             PET2     ESMX_Driver: IInitModifyCplLists extro.
20240827 063632.346 INFO             PET2     <<<ESMX_Driver: leaving Initialize (phase=<none>) with current time: 2012 10 24  8  0  0   0
20240827 063632.346 INFO             PET2   ESMX_Driver: InitializeIPDv02p1 extro.
20240827 063632.346 INFO             PET2   ESMX_Driver: InitializeIPDv02p3 intro.
20240827 063632.346 INFO             PET2     >>>ESMX_Driver: entered Initialize (phase=<none>) with current time: 2012 10 24  8  0  0   0
20240827 063632.347 INFO             PET2     ESMX_Driver: IInitCheck intro.
20240827 063632.347 INFO             PET2     ESMX_Driver: IInitCheck extro.
20240827 063632.347 INFO             PET2     ESMX_Driver: IInitRealize intro.
20240827 063632.347 INFO             PET2     ESMX_Driver: IInitRealize extro.
20240827 063632.347 INFO             PET2     <<<ESMX_Driver: leaving Initialize (phase=<none>) with current time: 2012 10 24  8  0  0   0
20240827 063632.347 INFO             PET2   ESMX_Driver: InitializeIPDv02p3 extro.
20240827 063632.347 INFO             PET2   ESMX_Driver: InitializeIPDv02p5 intro.
20240827 063632.347 INFO             PET2     >>>ESMX_Driver: entered Initialize (phase=<none>) with current time: 2012 10 24  8  0  0   0
20240827 063632.348 INFO             PET2     ESMX_Driver: InitializeIPDv02p5Data intro.
20240827 063632.348 INFO             PET2       ESMX_Driver: InternalInitializeComplete intro.
20240827 063632.348 INFO             PET2       ESMX_Driver: InternalInitializeComplete extro.
20240827 063632.350 INFO             PET2       ESMX_Driver: loopDataDependentInitialize intro.
20240827 063632.350 INFO             PET2       ESMX_Driver: loopDataDependentInitialize extro.
20240827 063632.350 INFO             PET2     ESMX_Driver: InitializeIPDv02p5Data extro.
20240827 063632.350 INFO             PET2     <<<ESMX_Driver: leaving Initialize (phase=<none>) with current time: 2012 10 24  8  0  0   0
20240827 063632.350 INFO             PET2   ESMX_Driver: InitializeIPDv02p5 extro.
20240827 063632.350 INFO             PET2 ESMX_Driver: InitializeGeneric extro.
20240827 063632.350 INFO             PET2 ESMX_Driver: Run intro.
20240827 063632.350 INFO             PET2   >>>ESMX_Driver: entered Run (phase=RunPhase1) with current time: 2012 10 24  8  0  0   0
20240827 063632.351 INFO             PET2   <<<ESMX_Driver: leaving Run (phase=RunPhase1) with current time: 2012 10 24  8  0  0   0
20240827 063632.351 INFO             PET2 ESMX_Driver: Run extro.
20240827 063632.351 INFO             PET2 ESMX_Driver: Finalize intro.
20240827 063632.351 INFO             PET2 ESMX_Driver: Finalize extro.
20240827 063632.351 INFO             PET2 =============================================
20240827 063632.351 INFO             PET2 ESMX (Earth System Model eXecutable) FINISHED
20240827 063632.351 INFO             PET2 =============================================
20240827 063632.351 INFO             PET2  Finalizing ESMF
20240827 063632.246 INFO             PET3 !!!!!!!!!!!!!!!!!!!!!!!!!!!!!!!!!!!!!!!!!!!!!!!!!!!!!!
20240827 063632.249 INFO             PET3 !!! THE ESMF_LOG IS SET TO OUTPUT ALL LOG MESSAGES !!!
20240827 063632.249 INFO             PET3 !!!     THIS MAY CAUSE SLOWDOWN IN PERFORMANCE     !!!
20240827 063632.249 INFO             PET3 !!! FOR PRODUCTION RUNS, USE:                      !!!
20240827 063632.249 INFO             PET3 !!!                   ESMF_LOGKIND_Multi_On_Error  !!!
20240827 063632.249 INFO             PET3 !!!!!!!!!!!!!!!!!!!!!!!!!!!!!!!!!!!!!!!!!!!!!!!!!!!!!!
20240827 063632.249 INFO             PET3 Running with ESMF Version   : v8.7.0b11-5-gfda68a9ac3
20240827 063632.249 INFO             PET3 ESMF library build date/time: "Aug 26 2024" "20:06:03"
20240827 063632.249 INFO             PET3 ESMF library build location : /Users/sacks/projects/scratch/esmf-testing/gfortranclang_12.2.0_14.0.0_openmpi_g_develop/esmf
20240827 063632.249 INFO             PET3 ESMF_COMM                   : openmpi
20240827 063632.249 INFO             PET3 ESMF_MOAB                   : enabled
20240827 063632.249 INFO             PET3 ESMF_LAPACK                 : enabled
20240827 063632.249 INFO             PET3 ESMF_NETCDF                 : enabled
20240827 063632.249 INFO             PET3 ESMF_PNETCDF                : disabled
20240827 063632.249 INFO             PET3 ESMF_PIO                    : enabled
20240827 063632.249 INFO             PET3 ESMF_YAMLCPP                : enabled
20240827 063632.265 INFO             PET3 =============================================
20240827 063632.265 INFO             PET3 ESMX (Earth System Model eXecutable) STARTING
20240827 063632.265 INFO             PET3 =============================================
20240827 063632.341 INFO             PET3 ESMX_Driver: InitializeGeneric intro.
20240827 063632.341 INFO             PET3   ESMX_Driver: InitializeP0 intro.
20240827 063632.341 INFO             PET3   ESMX_Driver: InitializeP0 extro.
20240827 063632.341 INFO             PET3   ESMX_Driver: InitializeIPDv02p1 intro.
20240827 063632.341 INFO             PET3     >>>ESMX_Driver: entered Initialize (phase=<none>) without valid internal Clock.
20240827 063632.345 INFO             PET3     ESMX_Driver: IInitAdvertise intro.
20240827 063632.345 INFO             PET3     ESMX_Driver: IInitAdvertise extro.
20240827 063632.346 INFO             PET3     ESMX_Driver: IInitAdvertiseFinish intro.
20240827 063632.346 INFO             PET3     ESMX_Driver: IInitAdvertiseFinish extro.
20240827 063632.346 INFO             PET3     ESMX_Driver: IInitModifyCplLists intro.
20240827 063632.346 INFO             PET3     ESMX_Driver: IInitModifyCplLists extro.
20240827 063632.346 INFO             PET3     <<<ESMX_Driver: leaving Initialize (phase=<none>) with current time: 2012 10 24  8  0  0   0
20240827 063632.346 INFO             PET3   ESMX_Driver: InitializeIPDv02p1 extro.
20240827 063632.346 INFO             PET3   ESMX_Driver: InitializeIPDv02p3 intro.
20240827 063632.346 INFO             PET3     >>>ESMX_Driver: entered Initialize (phase=<none>) with current time: 2012 10 24  8  0  0   0
20240827 063632.347 INFO             PET3     ESMX_Driver: IInitCheck intro.
20240827 063632.347 INFO             PET3     ESMX_Driver: IInitCheck extro.
20240827 063632.347 INFO             PET3     ESMX_Driver: IInitRealize intro.
20240827 063632.347 INFO             PET3     ESMX_Driver: IInitRealize extro.
20240827 063632.347 INFO             PET3     <<<ESMX_Driver: leaving Initialize (phase=<none>) with current time: 2012 10 24  8  0  0   0
20240827 063632.347 INFO             PET3   ESMX_Driver: InitializeIPDv02p3 extro.
20240827 063632.347 INFO             PET3   ESMX_Driver: InitializeIPDv02p5 intro.
20240827 063632.347 INFO             PET3     >>>ESMX_Driver: entered Initialize (phase=<none>) with current time: 2012 10 24  8  0  0   0
20240827 063632.348 INFO             PET3     ESMX_Driver: InitializeIPDv02p5Data intro.
20240827 063632.348 INFO             PET3       ESMX_Driver: InternalInitializeComplete intro.
20240827 063632.348 INFO             PET3       ESMX_Driver: InternalInitializeComplete extro.
20240827 063632.350 INFO             PET3       ESMX_Driver: loopDataDependentInitialize intro.
20240827 063632.350 INFO             PET3       ESMX_Driver: loopDataDependentInitialize extro.
20240827 063632.350 INFO             PET3     ESMX_Driver: InitializeIPDv02p5Data extro.
20240827 063632.350 INFO             PET3     <<<ESMX_Driver: leaving Initialize (phase=<none>) with current time: 2012 10 24  8  0  0   0
20240827 063632.350 INFO             PET3   ESMX_Driver: InitializeIPDv02p5 extro.
20240827 063632.350 INFO             PET3 ESMX_Driver: InitializeGeneric extro.
20240827 063632.350 INFO             PET3 ESMX_Driver: Run intro.
20240827 063632.350 INFO             PET3   >>>ESMX_Driver: entered Run (phase=RunPhase1) with current time: 2012 10 24  8  0  0   0
20240827 063632.350 INFO             PET3   <<<ESMX_Driver: leaving Run (phase=RunPhase1) with current time: 2012 10 24  8  0  0   0
20240827 063632.350 INFO             PET3 ESMX_Driver: Run extro.
20240827 063632.351 INFO             PET3 ESMX_Driver: Finalize intro.
20240827 063632.351 INFO             PET3 ESMX_Driver: Finalize extro.
20240827 063632.351 INFO             PET3 =============================================
20240827 063632.351 INFO             PET3 ESMX (Earth System Model eXecutable) FINISHED
20240827 063632.351 INFO             PET3 =============================================
20240827 063632.351 INFO             PET3  Finalizing ESMF
