2024-10-02 07:57:45
20241002 091756.194 INFO             PET0 !!!!!!!!!!!!!!!!!!!!!!!!!!!!!!!!!!!!!!!!!!!!!!!!!!!!!!
20241002 091756.210 INFO             PET0 !!! THE ESMF_LOG IS SET TO OUTPUT ALL LOG MESSAGES !!!
20241002 091756.210 INFO             PET0 !!!     THIS MAY CAUSE SLOWDOWN IN PERFORMANCE     !!!
20241002 091756.210 INFO             PET0 !!! FOR PRODUCTION RUNS, USE:                      !!!
20241002 091756.210 INFO             PET0 !!!                   ESMF_LOGKIND_Multi_On_Error  !!!
20241002 091756.210 INFO             PET0 !!!!!!!!!!!!!!!!!!!!!!!!!!!!!!!!!!!!!!!!!!!!!!!!!!!!!!
20241002 091756.210 INFO             PET0 Running with ESMF Version   : v8.7.0b14-7-ge84ae5b02e
20241002 091756.210 INFO             PET0 ESMF library build date/time: "Oct  2 2024" "07:55:16"
20241002 091756.210 INFO             PET0 ESMF library build location : /Users/sacks/projects/scratch/esmf-testing/gfortranclang_12.2.0_14.0.0_openmpi_g_develop/esmf
20241002 091756.210 INFO             PET0 ESMF_COMM                   : openmpi
20241002 091756.210 INFO             PET0 ESMF_MOAB                   : enabled
20241002 091756.210 INFO             PET0 ESMF_LAPACK                 : enabled
20241002 091756.210 INFO             PET0 ESMF_NETCDF                 : enabled
20241002 091756.210 INFO             PET0 ESMF_PNETCDF                : disabled
20241002 091756.210 INFO             PET0 ESMF_PIO                    : enabled
20241002 091756.210 INFO             PET0 ESMF_YAMLCPP                : enabled
20241002 091756.211 INFO             PET0 =============================================
20241002 091756.211 INFO             PET0 ESMX (Earth System Model eXecutable) STARTING
20241002 091756.211 INFO             PET0 =============================================
20241002 091756.215 INFO             PET0 ESMX_Driver: InitializeGeneric intro.
20241002 091756.215 INFO             PET0   ESMX_Driver: InitializeP0 intro.
20241002 091756.215 INFO             PET0   ESMX_Driver: InitializeP0 extro.
20241002 091756.216 INFO             PET0   ESMX_Driver: InitializeIPDv02p1 intro.
20241002 091756.216 INFO             PET0     >>>ESMX_Driver: entered Initialize (phase=<none>) without valid internal Clock.
20241002 091756.218 INFO             PET0     ESMX_Driver - Creating model component MDL without petList.
20241002 091756.374 DEBUG            PET0     Generic SetVM() is executing for: MDL
20241002 091756.374 DEBUG            PET0     Generic SetVM() found no NUOPC Hint for: MDL
20241002 091756.374 DEBUG            PET0     Generic SetVM() therefore is NOT calling ESMF_GridCompSetVMMaxPEs() for: MDL
20241002 091756.392 INFO             PET0     ESMX_Driver: IInitAdvertise intro.
20241002 091756.392 INFO             PET0     ESMX_Driver: IInitAdvertise extro.
20241002 091756.393 INFO             PET0     Message from inside C component Advertise() method
20241002 091756.394 INFO             PET0     ESMX_Driver: IInitAdvertiseFinish intro.
20241002 091756.394 INFO             PET0     ESMX_Driver: IInitAdvertiseFinish extro.
20241002 091756.395 INFO             PET0     ESMX_Driver: IInitModifyCplLists intro.
20241002 091756.395 INFO             PET0     ESMX_Driver: IInitModifyCplLists extro.
20241002 091756.395 INFO             PET0     <<<ESMX_Driver: leaving Initialize (phase=<none>) with current time: 2012 10 24 18  0  0   0
20241002 091756.395 INFO             PET0   ESMX_Driver: InitializeIPDv02p1 extro.
20241002 091756.395 INFO             PET0   ESMX_Driver: InitializeIPDv02p3 intro.
20241002 091756.395 INFO             PET0     >>>ESMX_Driver: entered Initialize (phase=<none>) with current time: 2012 10 24 18  0  0   0
20241002 091756.396 INFO             PET0     ESMX_Driver: IInitCheck intro.
20241002 091756.396 INFO             PET0     ESMX_Driver: IInitCheck extro.
20241002 091756.396 INFO             PET0     ESMX_Driver: IInitRealize intro.
20241002 091756.396 INFO             PET0     ESMX_Driver: IInitRealize extro.
20241002 091756.397 INFO             PET0     <<<ESMX_Driver: leaving Initialize (phase=<none>) with current time: 2012 10 24 18  0  0   0
20241002 091756.397 INFO             PET0   ESMX_Driver: InitializeIPDv02p3 extro.
20241002 091756.397 INFO             PET0   ESMX_Driver: InitializeIPDv02p5 intro.
20241002 091756.397 INFO             PET0     >>>ESMX_Driver: entered Initialize (phase=<none>) with current time: 2012 10 24 18  0  0   0
20241002 091756.397 INFO             PET0     ESMX_Driver: InitializeIPDv02p5Data intro.
20241002 091756.398 INFO             PET0       ESMX_Driver: InternalInitializeComplete intro.
20241002 091756.398 INFO             PET0       ESMX_Driver: InternalInitializeComplete extro.
20241002 091756.400 INFO             PET0       ESMX_Driver: loopDataDependentInitialize intro.
20241002 091756.400 INFO             PET0       ESMX_Driver: loopDataDependentInitialize extro.
20241002 091756.400 INFO             PET0     ESMX_Driver: InitializeIPDv02p5Data extro.
20241002 091756.400 INFO             PET0     <<<ESMX_Driver: leaving Initialize (phase=<none>) with current time: 2012 10 24 18  0  0   0
20241002 091756.400 INFO             PET0   ESMX_Driver: InitializeIPDv02p5 extro.
20241002 091756.400 INFO             PET0 ESMX_Driver: InitializeGeneric extro.
20241002 091756.400 INFO             PET0 ESMX_Driver: Run intro.
20241002 091756.400 INFO             PET0   >>>ESMX_Driver: entered Run (phase=RunPhase1) with current time: 2012 10 24 18  0  0   0
20241002 091756.401 INFO             PET0   Message from inside C component Advance() method
20241002 091756.401 INFO             PET0   <<<ESMX_Driver: leaving Run (phase=RunPhase1) with current time: 2012 10 24 19  0  0   0
20241002 091756.401 INFO             PET0 ESMX_Driver: Run extro.
20241002 091756.401 INFO             PET0 ESMX_Driver: Finalize intro.
20241002 091756.401 INFO             PET0   Calling Finalize phase 1 for modelComp: MDL
20241002 091756.401 INFO             PET0   Delete modelComp: MDL
20241002 091756.402 INFO             PET0 ESMX_Driver: Finalize extro.
20241002 091756.402 INFO             PET0 =============================================
20241002 091756.402 INFO             PET0 ESMX (Earth System Model eXecutable) FINISHED
20241002 091756.402 INFO             PET0 =============================================
20241002 091756.402 INFO             PET0  Finalizing ESMF
20241002 091756.194 INFO             PET1 !!!!!!!!!!!!!!!!!!!!!!!!!!!!!!!!!!!!!!!!!!!!!!!!!!!!!!
20241002 091756.203 INFO             PET1 !!! THE ESMF_LOG IS SET TO OUTPUT ALL LOG MESSAGES !!!
20241002 091756.203 INFO             PET1 !!!     THIS MAY CAUSE SLOWDOWN IN PERFORMANCE     !!!
20241002 091756.203 INFO             PET1 !!! FOR PRODUCTION RUNS, USE:                      !!!
20241002 091756.203 INFO             PET1 !!!                   ESMF_LOGKIND_Multi_On_Error  !!!
20241002 091756.203 INFO             PET1 !!!!!!!!!!!!!!!!!!!!!!!!!!!!!!!!!!!!!!!!!!!!!!!!!!!!!!
20241002 091756.203 INFO             PET1 Running with ESMF Version   : v8.7.0b14-7-ge84ae5b02e
20241002 091756.203 INFO             PET1 ESMF library build date/time: "Oct  2 2024" "07:55:16"
20241002 091756.203 INFO             PET1 ESMF library build location : /Users/sacks/projects/scratch/esmf-testing/gfortranclang_12.2.0_14.0.0_openmpi_g_develop/esmf
20241002 091756.203 INFO             PET1 ESMF_COMM                   : openmpi
20241002 091756.203 INFO             PET1 ESMF_MOAB                   : enabled
20241002 091756.203 INFO             PET1 ESMF_LAPACK                 : enabled
20241002 091756.203 INFO             PET1 ESMF_NETCDF                 : enabled
20241002 091756.203 INFO             PET1 ESMF_PNETCDF                : disabled
20241002 091756.203 INFO             PET1 ESMF_PIO                    : enabled
20241002 091756.203 INFO             PET1 ESMF_YAMLCPP                : enabled
20241002 091756.211 INFO             PET1 =============================================
20241002 091756.211 INFO             PET1 ESMX (Earth System Model eXecutable) STARTING
20241002 091756.211 INFO             PET1 =============================================
20241002 091756.215 INFO             PET1 ESMX_Driver: InitializeGeneric intro.
20241002 091756.215 INFO             PET1   ESMX_Driver: InitializeP0 intro.
20241002 091756.215 INFO             PET1   ESMX_Driver: InitializeP0 extro.
20241002 091756.216 INFO             PET1   ESMX_Driver: InitializeIPDv02p1 intro.
20241002 091756.216 INFO             PET1     >>>ESMX_Driver: entered Initialize (phase=<none>) without valid internal Clock.
20241002 091756.218 INFO             PET1     ESMX_Driver - Creating model component MDL without petList.
20241002 091756.375 DEBUG            PET1     Generic SetVM() is executing for: MDL
20241002 091756.375 DEBUG            PET1     Generic SetVM() found no NUOPC Hint for: MDL
20241002 091756.375 DEBUG            PET1     Generic SetVM() therefore is NOT calling ESMF_GridCompSetVMMaxPEs() for: MDL
20241002 091756.392 INFO             PET1     ESMX_Driver: IInitAdvertise intro.
20241002 091756.393 INFO             PET1     ESMX_Driver: IInitAdvertise extro.
20241002 091756.393 INFO             PET1     Message from inside C component Advertise() method
20241002 091756.394 INFO             PET1     ESMX_Driver: IInitAdvertiseFinish intro.
20241002 091756.394 INFO             PET1     ESMX_Driver: IInitAdvertiseFinish extro.
20241002 091756.395 INFO             PET1     ESMX_Driver: IInitModifyCplLists intro.
20241002 091756.395 INFO             PET1     ESMX_Driver: IInitModifyCplLists extro.
20241002 091756.395 INFO             PET1     <<<ESMX_Driver: leaving Initialize (phase=<none>) with current time: 2012 10 24 18  0  0   0
20241002 091756.395 INFO             PET1   ESMX_Driver: InitializeIPDv02p1 extro.
20241002 091756.395 INFO             PET1   ESMX_Driver: InitializeIPDv02p3 intro.
20241002 091756.395 INFO             PET1     >>>ESMX_Driver: entered Initialize (phase=<none>) with current time: 2012 10 24 18  0  0   0
20241002 091756.396 INFO             PET1     ESMX_Driver: IInitCheck intro.
20241002 091756.396 INFO             PET1     ESMX_Driver: IInitCheck extro.
20241002 091756.396 INFO             PET1     ESMX_Driver: IInitRealize intro.
20241002 091756.396 INFO             PET1     ESMX_Driver: IInitRealize extro.
20241002 091756.397 INFO             PET1     <<<ESMX_Driver: leaving Initialize (phase=<none>) with current time: 2012 10 24 18  0  0   0
20241002 091756.397 INFO             PET1   ESMX_Driver: InitializeIPDv02p3 extro.
20241002 091756.397 INFO             PET1   ESMX_Driver: InitializeIPDv02p5 intro.
20241002 091756.397 INFO             PET1     >>>ESMX_Driver: entered Initialize (phase=<none>) with current time: 2012 10 24 18  0  0   0
20241002 091756.398 INFO             PET1     ESMX_Driver: InitializeIPDv02p5Data intro.
20241002 091756.398 INFO             PET1       ESMX_Driver: InternalInitializeComplete intro.
20241002 091756.398 INFO             PET1       ESMX_Driver: InternalInitializeComplete extro.
20241002 091756.400 INFO             PET1       ESMX_Driver: loopDataDependentInitialize intro.
20241002 091756.400 INFO             PET1       ESMX_Driver: loopDataDependentInitialize extro.
20241002 091756.400 INFO             PET1     ESMX_Driver: InitializeIPDv02p5Data extro.
20241002 091756.400 INFO             PET1     <<<ESMX_Driver: leaving Initialize (phase=<none>) with current time: 2012 10 24 18  0  0   0
20241002 091756.400 INFO             PET1   ESMX_Driver: InitializeIPDv02p5 extro.
20241002 091756.400 INFO             PET1 ESMX_Driver: InitializeGeneric extro.
20241002 091756.400 INFO             PET1 ESMX_Driver: Run intro.
20241002 091756.400 INFO             PET1   >>>ESMX_Driver: entered Run (phase=RunPhase1) with current time: 2012 10 24 18  0  0   0
20241002 091756.401 INFO             PET1   Message from inside C component Advance() method
20241002 091756.401 INFO             PET1   <<<ESMX_Driver: leaving Run (phase=RunPhase1) with current time: 2012 10 24 19  0  0   0
20241002 091756.401 INFO             PET1 ESMX_Driver: Run extro.
20241002 091756.401 INFO             PET1 ESMX_Driver: Finalize intro.
20241002 091756.401 INFO             PET1   Calling Finalize phase 1 for modelComp: MDL
20241002 091756.401 INFO             PET1   Delete modelComp: MDL
20241002 091756.402 INFO             PET1 ESMX_Driver: Finalize extro.
20241002 091756.402 INFO             PET1 =============================================
20241002 091756.402 INFO             PET1 ESMX (Earth System Model eXecutable) FINISHED
20241002 091756.402 INFO             PET1 =============================================
20241002 091756.402 INFO             PET1  Finalizing ESMF
20241002 091756.194 INFO             PET2 !!!!!!!!!!!!!!!!!!!!!!!!!!!!!!!!!!!!!!!!!!!!!!!!!!!!!!
20241002 091756.207 INFO             PET2 !!! THE ESMF_LOG IS SET TO OUTPUT ALL LOG MESSAGES !!!
20241002 091756.207 INFO             PET2 !!!     THIS MAY CAUSE SLOWDOWN IN PERFORMANCE     !!!
20241002 091756.207 INFO             PET2 !!! FOR PRODUCTION RUNS, USE:                      !!!
20241002 091756.207 INFO             PET2 !!!                   ESMF_LOGKIND_Multi_On_Error  !!!
20241002 091756.207 INFO             PET2 !!!!!!!!!!!!!!!!!!!!!!!!!!!!!!!!!!!!!!!!!!!!!!!!!!!!!!
20241002 091756.207 INFO             PET2 Running with ESMF Version   : v8.7.0b14-7-ge84ae5b02e
20241002 091756.207 INFO             PET2 ESMF library build date/time: "Oct  2 2024" "07:55:16"
20241002 091756.207 INFO             PET2 ESMF library build location : /Users/sacks/projects/scratch/esmf-testing/gfortranclang_12.2.0_14.0.0_openmpi_g_develop/esmf
20241002 091756.207 INFO             PET2 ESMF_COMM                   : openmpi
20241002 091756.207 INFO             PET2 ESMF_MOAB                   : enabled
20241002 091756.207 INFO             PET2 ESMF_LAPACK                 : enabled
20241002 091756.207 INFO             PET2 ESMF_NETCDF                 : enabled
20241002 091756.207 INFO             PET2 ESMF_PNETCDF                : disabled
20241002 091756.207 INFO             PET2 ESMF_PIO                    : enabled
20241002 091756.207 INFO             PET2 ESMF_YAMLCPP                : enabled
20241002 091756.211 INFO             PET2 =============================================
20241002 091756.211 INFO             PET2 ESMX (Earth System Model eXecutable) STARTING
20241002 091756.211 INFO             PET2 =============================================
20241002 091756.215 INFO             PET2 ESMX_Driver: InitializeGeneric intro.
20241002 091756.215 INFO             PET2   ESMX_Driver: InitializeP0 intro.
20241002 091756.215 INFO             PET2   ESMX_Driver: InitializeP0 extro.
20241002 091756.216 INFO             PET2   ESMX_Driver: InitializeIPDv02p1 intro.
20241002 091756.216 INFO             PET2     >>>ESMX_Driver: entered Initialize (phase=<none>) without valid internal Clock.
20241002 091756.218 INFO             PET2     ESMX_Driver - Creating model component MDL without petList.
20241002 091756.373 DEBUG            PET2     Generic SetVM() is executing for: MDL
20241002 091756.373 DEBUG            PET2     Generic SetVM() found no NUOPC Hint for: MDL
20241002 091756.373 DEBUG            PET2     Generic SetVM() therefore is NOT calling ESMF_GridCompSetVMMaxPEs() for: MDL
20241002 091756.392 INFO             PET2     ESMX_Driver: IInitAdvertise intro.
20241002 091756.393 INFO             PET2     ESMX_Driver: IInitAdvertise extro.
20241002 091756.393 INFO             PET2     Message from inside C component Advertise() method
20241002 091756.394 INFO             PET2     ESMX_Driver: IInitAdvertiseFinish intro.
20241002 091756.394 INFO             PET2     ESMX_Driver: IInitAdvertiseFinish extro.
20241002 091756.395 INFO             PET2     ESMX_Driver: IInitModifyCplLists intro.
20241002 091756.395 INFO             PET2     ESMX_Driver: IInitModifyCplLists extro.
20241002 091756.395 INFO             PET2     <<<ESMX_Driver: leaving Initialize (phase=<none>) with current time: 2012 10 24 18  0  0   0
20241002 091756.395 INFO             PET2   ESMX_Driver: InitializeIPDv02p1 extro.
20241002 091756.395 INFO             PET2   ESMX_Driver: InitializeIPDv02p3 intro.
20241002 091756.395 INFO             PET2     >>>ESMX_Driver: entered Initialize (phase=<none>) with current time: 2012 10 24 18  0  0   0
20241002 091756.396 INFO             PET2     ESMX_Driver: IInitCheck intro.
20241002 091756.396 INFO             PET2     ESMX_Driver: IInitCheck extro.
20241002 091756.396 INFO             PET2     ESMX_Driver: IInitRealize intro.
20241002 091756.396 INFO             PET2     ESMX_Driver: IInitRealize extro.
20241002 091756.397 INFO             PET2     <<<ESMX_Driver: leaving Initialize (phase=<none>) with current time: 2012 10 24 18  0  0   0
20241002 091756.397 INFO             PET2   ESMX_Driver: InitializeIPDv02p3 extro.
20241002 091756.397 INFO             PET2   ESMX_Driver: InitializeIPDv02p5 intro.
20241002 091756.397 INFO             PET2     >>>ESMX_Driver: entered Initialize (phase=<none>) with current time: 2012 10 24 18  0  0   0
20241002 091756.398 INFO             PET2     ESMX_Driver: InitializeIPDv02p5Data intro.
20241002 091756.398 INFO             PET2       ESMX_Driver: InternalInitializeComplete intro.
20241002 091756.398 INFO             PET2       ESMX_Driver: InternalInitializeComplete extro.
20241002 091756.400 INFO             PET2       ESMX_Driver: loopDataDependentInitialize intro.
20241002 091756.400 INFO             PET2       ESMX_Driver: loopDataDependentInitialize extro.
20241002 091756.400 INFO             PET2     ESMX_Driver: InitializeIPDv02p5Data extro.
20241002 091756.400 INFO             PET2     <<<ESMX_Driver: leaving Initialize (phase=<none>) with current time: 2012 10 24 18  0  0   0
20241002 091756.400 INFO             PET2   ESMX_Driver: InitializeIPDv02p5 extro.
20241002 091756.400 INFO             PET2 ESMX_Driver: InitializeGeneric extro.
20241002 091756.400 INFO             PET2 ESMX_Driver: Run intro.
20241002 091756.400 INFO             PET2   >>>ESMX_Driver: entered Run (phase=RunPhase1) with current time: 2012 10 24 18  0  0   0
20241002 091756.401 INFO             PET2   Message from inside C component Advance() method
20241002 091756.401 INFO             PET2   <<<ESMX_Driver: leaving Run (phase=RunPhase1) with current time: 2012 10 24 19  0  0   0
20241002 091756.401 INFO             PET2 ESMX_Driver: Run extro.
20241002 091756.401 INFO             PET2 ESMX_Driver: Finalize intro.
20241002 091756.401 INFO             PET2   Calling Finalize phase 1 for modelComp: MDL
20241002 091756.401 INFO             PET2   Delete modelComp: MDL
20241002 091756.402 INFO             PET2 ESMX_Driver: Finalize extro.
20241002 091756.402 INFO             PET2 =============================================
20241002 091756.402 INFO             PET2 ESMX (Earth System Model eXecutable) FINISHED
20241002 091756.402 INFO             PET2 =============================================
20241002 091756.402 INFO             PET2  Finalizing ESMF
20241002 091756.194 INFO             PET3 !!!!!!!!!!!!!!!!!!!!!!!!!!!!!!!!!!!!!!!!!!!!!!!!!!!!!!
20241002 091756.198 INFO             PET3 !!! THE ESMF_LOG IS SET TO OUTPUT ALL LOG MESSAGES !!!
20241002 091756.198 INFO             PET3 !!!     THIS MAY CAUSE SLOWDOWN IN PERFORMANCE     !!!
20241002 091756.198 INFO             PET3 !!! FOR PRODUCTION RUNS, USE:                      !!!
20241002 091756.198 INFO             PET3 !!!                   ESMF_LOGKIND_Multi_On_Error  !!!
20241002 091756.198 INFO             PET3 !!!!!!!!!!!!!!!!!!!!!!!!!!!!!!!!!!!!!!!!!!!!!!!!!!!!!!
20241002 091756.198 INFO             PET3 Running with ESMF Version   : v8.7.0b14-7-ge84ae5b02e
20241002 091756.198 INFO             PET3 ESMF library build date/time: "Oct  2 2024" "07:55:16"
20241002 091756.198 INFO             PET3 ESMF library build location : /Users/sacks/projects/scratch/esmf-testing/gfortranclang_12.2.0_14.0.0_openmpi_g_develop/esmf
20241002 091756.198 INFO             PET3 ESMF_COMM                   : openmpi
20241002 091756.203 INFO             PET3 ESMF_MOAB                   : enabled
20241002 091756.203 INFO             PET3 ESMF_LAPACK                 : enabled
20241002 091756.203 INFO             PET3 ESMF_NETCDF                 : enabled
20241002 091756.203 INFO             PET3 ESMF_PNETCDF                : disabled
20241002 091756.203 INFO             PET3 ESMF_PIO                    : enabled
20241002 091756.203 INFO             PET3 ESMF_YAMLCPP                : enabled
20241002 091756.211 INFO             PET3 =============================================
20241002 091756.211 INFO             PET3 ESMX (Earth System Model eXecutable) STARTING
20241002 091756.211 INFO             PET3 =============================================
20241002 091756.215 INFO             PET3 ESMX_Driver: InitializeGeneric intro.
20241002 091756.215 INFO             PET3   ESMX_Driver: InitializeP0 intro.
20241002 091756.215 INFO             PET3   ESMX_Driver: InitializeP0 extro.
20241002 091756.216 INFO             PET3   ESMX_Driver: InitializeIPDv02p1 intro.
20241002 091756.216 INFO             PET3     >>>ESMX_Driver: entered Initialize (phase=<none>) without valid internal Clock.
20241002 091756.218 INFO             PET3     ESMX_Driver - Creating model component MDL without petList.
20241002 091756.375 DEBUG            PET3     Generic SetVM() is executing for: MDL
20241002 091756.375 DEBUG            PET3     Generic SetVM() found no NUOPC Hint for: MDL
20241002 091756.375 DEBUG            PET3     Generic SetVM() therefore is NOT calling ESMF_GridCompSetVMMaxPEs() for: MDL
20241002 091756.392 INFO             PET3     ESMX_Driver: IInitAdvertise intro.
20241002 091756.393 INFO             PET3     ESMX_Driver: IInitAdvertise extro.
20241002 091756.393 INFO             PET3     Message from inside C component Advertise() method
20241002 091756.394 INFO             PET3     ESMX_Driver: IInitAdvertiseFinish intro.
20241002 091756.394 INFO             PET3     ESMX_Driver: IInitAdvertiseFinish extro.
20241002 091756.395 INFO             PET3     ESMX_Driver: IInitModifyCplLists intro.
20241002 091756.395 INFO             PET3     ESMX_Driver: IInitModifyCplLists extro.
20241002 091756.395 INFO             PET3     <<<ESMX_Driver: leaving Initialize (phase=<none>) with current time: 2012 10 24 18  0  0   0
20241002 091756.395 INFO             PET3   ESMX_Driver: InitializeIPDv02p1 extro.
20241002 091756.395 INFO             PET3   ESMX_Driver: InitializeIPDv02p3 intro.
20241002 091756.395 INFO             PET3     >>>ESMX_Driver: entered Initialize (phase=<none>) with current time: 2012 10 24 18  0  0   0
20241002 091756.396 INFO             PET3     ESMX_Driver: IInitCheck intro.
20241002 091756.396 INFO             PET3     ESMX_Driver: IInitCheck extro.
20241002 091756.396 INFO             PET3     ESMX_Driver: IInitRealize intro.
20241002 091756.396 INFO             PET3     ESMX_Driver: IInitRealize extro.
20241002 091756.397 INFO             PET3     <<<ESMX_Driver: leaving Initialize (phase=<none>) with current time: 2012 10 24 18  0  0   0
20241002 091756.397 INFO             PET3   ESMX_Driver: InitializeIPDv02p3 extro.
20241002 091756.397 INFO             PET3   ESMX_Driver: InitializeIPDv02p5 intro.
20241002 091756.397 INFO             PET3     >>>ESMX_Driver: entered Initialize (phase=<none>) with current time: 2012 10 24 18  0  0   0
20241002 091756.398 INFO             PET3     ESMX_Driver: InitializeIPDv02p5Data intro.
20241002 091756.398 INFO             PET3       ESMX_Driver: InternalInitializeComplete intro.
20241002 091756.398 INFO             PET3       ESMX_Driver: InternalInitializeComplete extro.
20241002 091756.400 INFO             PET3       ESMX_Driver: loopDataDependentInitialize intro.
20241002 091756.400 INFO             PET3       ESMX_Driver: loopDataDependentInitialize extro.
20241002 091756.400 INFO             PET3     ESMX_Driver: InitializeIPDv02p5Data extro.
20241002 091756.400 INFO             PET3     <<<ESMX_Driver: leaving Initialize (phase=<none>) with current time: 2012 10 24 18  0  0   0
20241002 091756.400 INFO             PET3   ESMX_Driver: InitializeIPDv02p5 extro.
20241002 091756.400 INFO             PET3 ESMX_Driver: InitializeGeneric extro.
20241002 091756.400 INFO             PET3 ESMX_Driver: Run intro.
20241002 091756.400 INFO             PET3   >>>ESMX_Driver: entered Run (phase=RunPhase1) with current time: 2012 10 24 18  0  0   0
20241002 091756.401 INFO             PET3   Message from inside C component Advance() method
20241002 091756.401 INFO             PET3   <<<ESMX_Driver: leaving Run (phase=RunPhase1) with current time: 2012 10 24 19  0  0   0
20241002 091756.401 INFO             PET3 ESMX_Driver: Run extro.
20241002 091756.401 INFO             PET3 ESMX_Driver: Finalize intro.
20241002 091756.401 INFO             PET3   Calling Finalize phase 1 for modelComp: MDL
20241002 091756.401 INFO             PET3   Delete modelComp: MDL
20241002 091756.402 INFO             PET3 ESMX_Driver: Finalize extro.
20241002 091756.402 INFO             PET3 =============================================
20241002 091756.402 INFO             PET3 ESMX (Earth System Model eXecutable) FINISHED
20241002 091756.402 INFO             PET3 =============================================
20241002 091756.402 INFO             PET3  Finalizing ESMF
