Processing /glade/derecho/scratch/sacks/esmf-testing/intel_2023.2.1_mpiuni_O_develop/esmf/src/addon/esmpy
  Installing build dependencies: started
  Installing build dependencies: finished with status 'done'
  Getting requirements to build wheel: started
  Getting requirements to build wheel: finished with status 'done'
  Preparing metadata (pyproject.toml): started
  Preparing metadata (pyproject.toml): finished with status 'done'
Requirement already satisfied: numpy in /glade/derecho/scratch/sacks/esmf-testing/conda_environments/esmf-test-scripts-environment-python3.11/lib/python3.11/site-packages (from esmpy==8.7.0b13) (1.24.3)
Collecting setuptools-git-versioning (from esmpy==8.7.0b13)
  Obtaining dependency information for setuptools-git-versioning from https://files.pythonhosted.org/packages/2d/15/37202ca349df8056d67c29a7b4bf27daae22dcb5ce7d7e21f4db1f2b6f34/setuptools_git_versioning-2.0.0-py3-none-any.whl.metadata
  Using cached setuptools_git_versioning-2.0.0-py3-none-any.whl.metadata (5.8 kB)
Requirement already satisfied: packaging in /glade/derecho/scratch/sacks/esmf-testing/conda_environments/esmf-test-scripts-environment-python3.11/lib/python3.11/site-packages (from setuptools-git-versioning->esmpy==8.7.0b13) (24.0)
Requirement already satisfied: setuptools in /glade/derecho/scratch/sacks/esmf-testing/intel_2023.2.1_mpiuni_O_develop/esmpy_venv/lib/python3.11/site-packages (from setuptools-git-versioning->esmpy==8.7.0b13) (65.5.0)
Using cached setuptools_git_versioning-2.0.0-py3-none-any.whl (10 kB)
Building wheels for collected packages: esmpy
  Building wheel for esmpy (pyproject.toml): started
  Building wheel for esmpy (pyproject.toml): finished with status 'done'
  Created wheel for esmpy: filename=esmpy-8.7.0b13-py3-none-any.whl size=123275 sha256=fb0ca136a08a597f89517c3f801274d2e7c8b263aed9e9ccbe3ebd20759fabe0
  Stored in directory: /glade/derecho/scratch/sacks/tmp/pip-ephem-wheel-cache-iyk4mhq_/wheels/29/5c/f8/4ba6ef38ccb98e916094fe14975367df0a5d2c2393d40da998
Successfully built esmpy
Installing collected packages: setuptools-git-versioning, esmpy
Successfully installed esmpy-8.7.0b13 setuptools-git-versioning-2.0.0

[notice] A new release of pip is available: 23.2.1 -> 24.2
[notice] To update, run: pip install --upgrade pip
