2024-09-09 04:09:26
20240909 044705.529 INFO             PET0 !!!!!!!!!!!!!!!!!!!!!!!!!!!!!!!!!!!!!!!!!!!!!!!!!!!!!!
20240909 044705.529 INFO             PET0 !!! THE ESMF_LOG IS SET TO OUTPUT ALL LOG MESSAGES !!!
20240909 044705.529 INFO             PET0 !!!     THIS MAY CAUSE SLOWDOWN IN PERFORMANCE     !!!
20240909 044705.529 INFO             PET0 !!! FOR PRODUCTION RUNS, USE:                      !!!
20240909 044705.529 INFO             PET0 !!!                   ESMF_LOGKIND_Multi_On_Error  !!!
20240909 044705.529 INFO             PET0 !!!!!!!!!!!!!!!!!!!!!!!!!!!!!!!!!!!!!!!!!!!!!!!!!!!!!!
20240909 044705.529 INFO             PET0 Running with ESMF Version   : v8.7.0b13-3-gedb848d90b
20240909 044705.529 INFO             PET0 ESMF library build date/time: "Sep  9 2024" "04:06:50"
20240909 044705.529 INFO             PET0 ESMF library build location : /glade/derecho/scratch/sacks/esmf-testing/cce_15.0.1_mpiuni_g_develop/esmf
20240909 044705.529 INFO             PET0 ESMF_COMM                   : mpiuni
20240909 044705.530 INFO             PET0 ESMF_MOAB                   : enabled
20240909 044705.530 INFO             PET0 ESMF_LAPACK                 : enabled
20240909 044705.530 INFO             PET0 ESMF_NETCDF                 : enabled
20240909 044705.530 INFO             PET0 ESMF_PNETCDF                : disabled
20240909 044705.530 INFO             PET0 ESMF_PIO                    : enabled
20240909 044705.530 INFO             PET0 ESMF_YAMLCPP                : enabled
20240909 044705.531 ERROR            PET0 ESMCI_Info.C:1289 Info::set(<json>) Cannot set value  - Error/Return Code 540 (ESMC_RC_CANNOT_SET) - Key '/myIntegerKey' already in map and force=false.
20240909 044705.531 ERROR            PET0 ESMCI_Info.C:1292 Info::set(<json>) Cannot set value  - Internal subroutine call returned Error
20240909 044705.531 ERROR            PET0 ESMCI_Info.C:1334 Info::set(<json>) Cannot set value  - Internal subroutine call returned Error
20240909 044705.531 ERROR            PET0 ESMCI_Info.C:1337 Info::set(<json>) Cannot set value  - Internal subroutine call returned Error
20240909 044705.531 ERROR            PET0 ESMCI_Info.C:1385 Info::set(<scalar>) Cannot set value  - Internal subroutine call returned Error
20240909 044705.531 ERROR            PET0 ESMC_InfoCDefGeneric.C:387 ESMC_InfoSetI4() Cannot set value  - Internal subroutine call returned Error
20240909 044705.531 ERROR            PET0 ESMF_Info.F90:2871 ESMF_InfoSetI4() Cannot set value  - Internal subroutine call returned Error
20240909 044705.532 INFO             PET0  NUMBER_OF_PROCESSORS 1
20240909 044705.532 INFO             PET0  PASS  Example ESMF_InfoTutorialEx, ESMF_InfoTutorialEx.F90, line 335
20240909 044705.532 INFO             PET0  Finalizing ESMF
