2024-08-23 03:53:04
20240823 042658.428 INFO             PET0 !!!!!!!!!!!!!!!!!!!!!!!!!!!!!!!!!!!!!!!!!!!!!!!!!!!!!!
20240823 042658.428 INFO             PET0 !!! THE ESMF_LOG IS SET TO OUTPUT ALL LOG MESSAGES !!!
20240823 042658.428 INFO             PET0 !!!     THIS MAY CAUSE SLOWDOWN IN PERFORMANCE     !!!
20240823 042658.428 INFO             PET0 !!! FOR PRODUCTION RUNS, USE:                      !!!
20240823 042658.428 INFO             PET0 !!!                   ESMF_LOGKIND_Multi_On_Error  !!!
20240823 042658.428 INFO             PET0 !!!!!!!!!!!!!!!!!!!!!!!!!!!!!!!!!!!!!!!!!!!!!!!!!!!!!!
20240823 042658.428 INFO             PET0 Running with ESMF Version   : v8.7.0b11-5-gfda68a9ac3
20240823 042658.428 INFO             PET0 ESMF library build date/time: "Aug 23 2024" "03:51:06"
20240823 042658.428 INFO             PET0 ESMF library build location : /glade/derecho/scratch/sacks/esmf-testing/cce_15.0.1_mpiuni_g_develop/esmf
20240823 042658.428 INFO             PET0 ESMF_COMM                   : mpiuni
20240823 042658.429 INFO             PET0 ESMF_MOAB                   : enabled
20240823 042658.429 INFO             PET0 ESMF_LAPACK                 : enabled
20240823 042658.429 INFO             PET0 ESMF_NETCDF                 : enabled
20240823 042658.429 INFO             PET0 ESMF_PNETCDF                : disabled
20240823 042658.429 INFO             PET0 ESMF_PIO                    : enabled
20240823 042658.429 INFO             PET0 ESMF_YAMLCPP                : enabled
20240823 042658.495 DEBUG            PET0 about to destroy Grid: 0x7aa690
20240823 042658.508 DEBUG            PET0 about to destroy Grid: 0x7ad570
20240823 042658.542 INFO             PET0  NUMBER_OF_PROCESSORS 1
20240823 042658.542 INFO             PET0  PASS  Example ESMF_NUOPCAtmModelEx, ESMF_NUOPCAtmModelEx.F90, line 806
20240823 042658.542 INFO             PET0  Finalizing ESMF
