2024-08-08 04:11:21
20240808 044941.152 INFO             PET0 !!!!!!!!!!!!!!!!!!!!!!!!!!!!!!!!!!!!!!!!!!!!!!!!!!!!!!
20240808 044941.152 INFO             PET0 !!! THE ESMF_LOG IS SET TO OUTPUT ALL LOG MESSAGES !!!
20240808 044941.152 INFO             PET0 !!!     THIS MAY CAUSE SLOWDOWN IN PERFORMANCE     !!!
20240808 044941.152 INFO             PET0 !!! FOR PRODUCTION RUNS, USE:                      !!!
20240808 044941.152 INFO             PET0 !!!                   ESMF_LOGKIND_Multi_On_Error  !!!
20240808 044941.152 INFO             PET0 !!!!!!!!!!!!!!!!!!!!!!!!!!!!!!!!!!!!!!!!!!!!!!!!!!!!!!
20240808 044941.152 INFO             PET0 Running with ESMF Version   : v8.7.0b11
20240808 044941.152 INFO             PET0 ESMF library build date/time: "Aug  8 2024" "04:08:57"
20240808 044941.152 INFO             PET0 ESMF library build location : /glade/derecho/scratch/sacks/esmf-testing/cce_15.0.1_mpiuni_g_develop/esmf
20240808 044941.152 INFO             PET0 ESMF_COMM                   : mpiuni
20240808 044941.152 INFO             PET0 ESMF_MOAB                   : enabled
20240808 044941.152 INFO             PET0 ESMF_LAPACK                 : enabled
20240808 044941.152 INFO             PET0 ESMF_NETCDF                 : enabled
20240808 044941.152 INFO             PET0 ESMF_PNETCDF                : disabled
20240808 044941.152 INFO             PET0 ESMF_PIO                    : enabled
20240808 044941.152 INFO             PET0 ESMF_YAMLCPP                : enabled
20240808 044941.163 INFO             PET0  NUMBER_OF_PROCESSORS 1
20240808 044941.163 INFO             PET0  PASS  Example ESMF_GCompEx, ESMF_GCompEx.F90, line 465
20240808 044941.163 INFO             PET0  Finalizing ESMF
