2024-08-22 03:28:31
20240822 035620.150 INFO             PET0 !!!!!!!!!!!!!!!!!!!!!!!!!!!!!!!!!!!!!!!!!!!!!!!!!!!!!!
20240822 035620.150 INFO             PET0 !!! THE ESMF_LOG IS SET TO OUTPUT ALL LOG MESSAGES !!!
20240822 035620.150 INFO             PET0 !!!     THIS MAY CAUSE SLOWDOWN IN PERFORMANCE     !!!
20240822 035620.150 INFO             PET0 !!! FOR PRODUCTION RUNS, USE:                      !!!
20240822 035620.150 INFO             PET0 !!!                   ESMF_LOGKIND_Multi_On_Error  !!!
20240822 035620.150 INFO             PET0 !!!!!!!!!!!!!!!!!!!!!!!!!!!!!!!!!!!!!!!!!!!!!!!!!!!!!!
20240822 035620.150 INFO             PET0 Running with ESMF Version   : v8.7.0b11-5-gfda68a9ac3
20240822 035620.150 INFO             PET0 ESMF library build date/time: "Aug 22 2024" "03:26:48"
20240822 035620.150 INFO             PET0 ESMF library build location : /glade/derecho/scratch/sacks/esmf-testing/cce_15.0.1_mpiuni_g_develop/esmf
20240822 035620.150 INFO             PET0 ESMF_COMM                   : mpiuni
20240822 035620.151 INFO             PET0 ESMF_MOAB                   : enabled
20240822 035620.151 INFO             PET0 ESMF_LAPACK                 : enabled
20240822 035620.151 INFO             PET0 ESMF_NETCDF                 : enabled
20240822 035620.151 INFO             PET0 ESMF_PNETCDF                : disabled
20240822 035620.151 INFO             PET0 ESMF_PIO                    : enabled
20240822 035620.151 INFO             PET0 ESMF_YAMLCPP                : enabled
20240822 035620.151 INFO             PET0  NUMBER_OF_PROCESSORS 1
20240822 035620.151 INFO             PET0  PASS  Example ESMF_VMSendVMRecvEx, ESMF_VMSendVMRecvEx.F90, line 120
20240822 035620.151 INFO             PET0  Finalizing ESMF
