2024-08-21 02:32:20
20240821 030032.646 INFO             PET0 !!!!!!!!!!!!!!!!!!!!!!!!!!!!!!!!!!!!!!!!!!!!!!!!!!!!!!
20240821 030032.646 INFO             PET0 !!! THE ESMF_LOG IS SET TO OUTPUT ALL LOG MESSAGES !!!
20240821 030032.646 INFO             PET0 !!!     THIS MAY CAUSE SLOWDOWN IN PERFORMANCE     !!!
20240821 030032.646 INFO             PET0 !!! FOR PRODUCTION RUNS, USE:                      !!!
20240821 030032.646 INFO             PET0 !!!                   ESMF_LOGKIND_Multi_On_Error  !!!
20240821 030032.646 INFO             PET0 !!!!!!!!!!!!!!!!!!!!!!!!!!!!!!!!!!!!!!!!!!!!!!!!!!!!!!
20240821 030032.646 INFO             PET0 Running with ESMF Version   : v8.7.0b11-5-gfda68a9ac3
20240821 030032.646 INFO             PET0 ESMF library build date/time: "Aug 21 2024" "02:30:27"
20240821 030032.646 INFO             PET0 ESMF library build location : /glade/derecho/scratch/sacks/esmf-testing/intel_2023.2.1-classic_mpiuni_O_develop/esmf
20240821 030032.646 INFO             PET0 ESMF_COMM                   : mpiuni
20240821 030032.646 INFO             PET0 ESMF_MOAB                   : enabled
20240821 030032.646 INFO             PET0 ESMF_LAPACK                 : enabled
20240821 030032.646 INFO             PET0 ESMF_NETCDF                 : enabled
20240821 030032.646 INFO             PET0 ESMF_PNETCDF                : disabled
20240821 030032.646 INFO             PET0 ESMF_PIO                    : enabled
20240821 030032.646 INFO             PET0 ESMF_YAMLCPP                : enabled
20240821 030032.647 INFO             PET0  NUMBER_OF_PROCESSORS           1
20240821 030032.647 INFO             PET0  PASS  Example ESMF_WebServicesEx, ESMF_WebServicesEx.F90, line 227
20240821 030032.647 INFO             PET0  Finalizing ESMF
