2024-08-31 02:48:48
20240831 032232.810 INFO             PET0 !!!!!!!!!!!!!!!!!!!!!!!!!!!!!!!!!!!!!!!!!!!!!!!!!!!!!!
20240831 032232.810 INFO             PET0 !!! THE ESMF_LOG IS SET TO OUTPUT ALL LOG MESSAGES !!!
20240831 032232.810 INFO             PET0 !!!     THIS MAY CAUSE SLOWDOWN IN PERFORMANCE     !!!
20240831 032232.810 INFO             PET0 !!! FOR PRODUCTION RUNS, USE:                      !!!
20240831 032232.810 INFO             PET0 !!!                   ESMF_LOGKIND_Multi_On_Error  !!!
20240831 032232.810 INFO             PET0 !!!!!!!!!!!!!!!!!!!!!!!!!!!!!!!!!!!!!!!!!!!!!!!!!!!!!!
20240831 032232.810 INFO             PET0 Running with ESMF Version   : v8.7.0b12-2-gbfe22b56ac
20240831 032232.810 INFO             PET0 ESMF library build date/time: "Aug 31 2024" "02:46:26"
20240831 032232.810 INFO             PET0 ESMF library build location : /glade/derecho/scratch/sacks/esmf-testing/intel_2023.2.1-classic_mpiuni_O_develop/esmf
20240831 032232.810 INFO             PET0 ESMF_COMM                   : mpiuni
20240831 032232.811 INFO             PET0 ESMF_MOAB                   : enabled
20240831 032232.811 INFO             PET0 ESMF_LAPACK                 : enabled
20240831 032232.811 INFO             PET0 ESMF_NETCDF                 : enabled
20240831 032232.811 INFO             PET0 ESMF_PNETCDF                : disabled
20240831 032232.811 INFO             PET0 ESMF_PIO                    : enabled
20240831 032232.811 INFO             PET0 ESMF_YAMLCPP                : enabled
20240831 032232.811 INFO             PET0  NUMBER_OF_PROCESSORS           1
20240831 032232.811 INFO             PET0  PASS  Example ESMF_VMGetMPICommunicatorEx, ESMF_VMGetMPICommunicatorEx.F90, line 94
20240831 032232.812 INFO             PET0  Finalizing ESMF
