2024-08-16 02:33:20
20240816 030503.742 INFO             PET0 !!!!!!!!!!!!!!!!!!!!!!!!!!!!!!!!!!!!!!!!!!!!!!!!!!!!!!
20240816 030503.742 INFO             PET0 !!! THE ESMF_LOG IS SET TO OUTPUT ALL LOG MESSAGES !!!
20240816 030503.742 INFO             PET0 !!!     THIS MAY CAUSE SLOWDOWN IN PERFORMANCE     !!!
20240816 030503.742 INFO             PET0 !!! FOR PRODUCTION RUNS, USE:                      !!!
20240816 030503.742 INFO             PET0 !!!                   ESMF_LOGKIND_Multi_On_Error  !!!
20240816 030503.742 INFO             PET0 !!!!!!!!!!!!!!!!!!!!!!!!!!!!!!!!!!!!!!!!!!!!!!!!!!!!!!
20240816 030503.742 INFO             PET0 Running with ESMF Version   : v8.7.0b11-1-g59af04814d
20240816 030503.742 INFO             PET0 ESMF library build date/time: "Aug 16 2024" "02:31:09"
20240816 030503.742 INFO             PET0 ESMF library build location : /glade/derecho/scratch/sacks/esmf-testing/intel_2023.2.1-classic_mpiuni_O_develop/esmf
20240816 030503.742 INFO             PET0 ESMF_COMM                   : mpiuni
20240816 030503.743 INFO             PET0 ESMF_MOAB                   : enabled
20240816 030503.743 INFO             PET0 ESMF_LAPACK                 : enabled
20240816 030503.743 INFO             PET0 ESMF_NETCDF                 : enabled
20240816 030503.743 INFO             PET0 ESMF_PNETCDF                : disabled
20240816 030503.743 INFO             PET0 ESMF_PIO                    : enabled
20240816 030503.743 INFO             PET0 ESMF_YAMLCPP                : enabled
20240816 030503.744 INFO             PET0  NUMBER_OF_PROCESSORS           1
20240816 030503.744 INFO             PET0  PASS  Example ESMF_VMUserMpiCommEx, ESMF_VMUserMpiCommEx.F90, line 113
20240816 030503.744 INFO             PET0  Finalizing ESMF with endflag==ESMF_END_KEEPMPI
