2024-08-08 02:54:58
20240808 033313.843 INFO             PET0 !!!!!!!!!!!!!!!!!!!!!!!!!!!!!!!!!!!!!!!!!!!!!!!!!!!!!!
20240808 033313.843 INFO             PET0 !!! THE ESMF_LOG IS SET TO OUTPUT ALL LOG MESSAGES !!!
20240808 033313.843 INFO             PET0 !!!     THIS MAY CAUSE SLOWDOWN IN PERFORMANCE     !!!
20240808 033313.843 INFO             PET0 !!! FOR PRODUCTION RUNS, USE:                      !!!
20240808 033313.843 INFO             PET0 !!!                   ESMF_LOGKIND_Multi_On_Error  !!!
20240808 033313.843 INFO             PET0 !!!!!!!!!!!!!!!!!!!!!!!!!!!!!!!!!!!!!!!!!!!!!!!!!!!!!!
20240808 033313.843 INFO             PET0 Running with ESMF Version   : v8.7.0b11
20240808 033313.843 INFO             PET0 ESMF library build date/time: "Aug  8 2024" "02:52:33"
20240808 033313.843 INFO             PET0 ESMF library build location : /glade/derecho/scratch/sacks/esmf-testing/intel_2023.2.1-classic_mpiuni_O_develop/esmf
20240808 033313.843 INFO             PET0 ESMF_COMM                   : mpiuni
20240808 033313.844 INFO             PET0 ESMF_MOAB                   : enabled
20240808 033313.844 INFO             PET0 ESMF_LAPACK                 : enabled
20240808 033313.844 INFO             PET0 ESMF_NETCDF                 : enabled
20240808 033313.844 INFO             PET0 ESMF_PNETCDF                : disabled
20240808 033313.844 INFO             PET0 ESMF_PIO                    : enabled
20240808 033313.844 INFO             PET0 ESMF_YAMLCPP                : enabled
20240808 033313.863 DEBUG            PET0 about to destroy Grid: 0x86e070
20240808 033313.865 DEBUG            PET0 about to destroy Grid: 0x86ef40
20240808 033313.872 INFO             PET0  NUMBER_OF_PROCESSORS           1
20240808 033313.872 INFO             PET0  PASS  Example ESMF_NUOPCAtmModelEx, ESMF_NUOPCAtmModelEx.F90, line 806
20240808 033313.872 INFO             PET0  Finalizing ESMF
