2024-08-30 05:57:19
slurmstepd: error: couldn't chdir to `/tmp/intel_2023.1.0-oneAPI_mpi_g_develop/nuopc-app-prototypes/CustomFieldDictionaryProto': No such file or directory: going to /tmp instead
forrtl: severe (174): SIGSEGV, segmentation fault occurred
Image              PC                Routine            Line        Source             
libpthread-2.31.s  0000150CC99F2910  Unknown               Unknown  Unknown
mainApp            000000000044D337  Unknown               Unknown  Unknown
mainApp            000000000044E320  Unknown               Unknown  Unknown
mainApp            000000000044D4C5  Unknown               Unknown  Unknown
libesmf.so         0000150CCFD1498C  f_esmf_compcollec         516  ESMF_Comp_C.F90
libesmf.so         0000150CCF8B8F72  finalize                 3515  ESMCI_VM.C
libesmf.so         0000150CCF882B67  c_esmc_vmfinalize        1241  ESMCI_VM_F.C
libesmf.so         0000150CD094011B  c_esmc_vmfinalize           0  ESMF_VM.F90
libesmf.so         0000150CD0937CE2  esmf_vmfinalize          9477  ESMF_VM.F90
libesmf.so         0000150CD044E61A  esmf_finalize            1721  ESMF_Init.F90
mainApp            0000000000417E23  mainapp                   149  mainApp.F90
mainApp            00000000004170BD  Unknown               Unknown  Unknown
libc-2.31.so       0000150CC981A24D  __libc_start_main     Unknown  Unknown
mainApp            0000000000416FEA  Unknown               Unknown  Unknown
forrtl: severe (174): SIGSEGV, segmentation fault occurred
Image              PC                Routine            Line        Source             
libpthread-2.31.s  000014E7183F2910  Unknown               Unknown  Unknown
mainApp            000000000044D337  Unknown               Unknown  Unknown
mainApp            000000000044E320  Unknown               Unknown  Unknown
mainApp            000000000044D4C5  Unknown               Unknown  Unknown
libesmf.so         000014E71E80798C  f_esmf_compcollec         516  ESMF_Comp_C.F90
libesmf.so         000014E71E3ABF72  finalize                 3515  ESMCI_VM.C
libesmf.so         000014E71E375B67  c_esmc_vmfinalize        1241  ESMCI_VM_F.C
libesmf.so         000014E71F43311B  c_esmc_vmfinalize           0  ESMF_VM.F90
libesmf.so         000014E71F42ACE2  esmf_vmfinalize          9477  ESMF_VM.F90
libesmf.so         000014E71EF4161A  esmf_finalize            1721  ESMF_Init.F90
mainApp            0000000000417E23  mainapp                   149  mainApp.F90
mainApp            00000000004170BD  Unknown               Unknown  Unknown
libc-2.31.so       000014E71821A24D  __libc_start_main     Unknown  Unknown
mainApp            0000000000416FEA  Unknown               Unknown  Unknown
forrtl: severe (174): SIGSEGV, segmentation fault occurred
Image              PC                Routine            Line        Source             
libpthread-2.31.s  000014CEF39F2910  Unknown               Unknown  Unknown
mainApp            000000000044D353  Unknown               Unknown  Unknown
mainApp            000000000044E320  Unknown               Unknown  Unknown
mainApp            000000000044D4C5  Unknown               Unknown  Unknown
libesmf.so         000014CEF9D9998C  f_esmf_compcollec         516  ESMF_Comp_C.F90
libesmf.so         000014CEF993DF72  finalize                 3515  ESMCI_VM.C
libesmf.so         000014CEF9907B67  c_esmc_vmfinalize        1241  ESMCI_VM_F.C
libesmf.so         000014CEFA9C511B  c_esmc_vmfinalize           0  ESMF_VM.F90
libesmf.so         000014CEFA9BCCE2  esmf_vmfinalize          9477  ESMF_VM.F90
libesmf.so         000014CEFA4D361A  esmf_finalize            1721  ESMF_Init.F90
mainApp            0000000000417E23  mainapp                   149  mainApp.F90
mainApp            00000000004170BD  Unknown               Unknown  Unknown
libc-2.31.so       000014CEF381A24D  __libc_start_main     Unknown  Unknown
mainApp            0000000000416FEA  Unknown               Unknown  Unknown
forrtl: severe (174): SIGSEGV, segmentation fault occurred
Image              PC                Routine            Line        Source             
libpthread-2.31.s  000014612DDF2910  Unknown               Unknown  Unknown
mainApp            000000000044D349  Unknown               Unknown  Unknown
mainApp            000000000044E320  Unknown               Unknown  Unknown
mainApp            000000000044D4C5  Unknown               Unknown  Unknown
libesmf.so         000014613410598C  f_esmf_compcollec         516  ESMF_Comp_C.F90
libesmf.so         0000146133CA9F72  finalize                 3515  ESMCI_VM.C
libesmf.so         0000146133C73B67  c_esmc_vmfinalize        1241  ESMCI_VM_F.C
libesmf.so         0000146134D3111B  c_esmc_vmfinalize           0  ESMF_VM.F90
libesmf.so         0000146134D28CE2  esmf_vmfinalize          9477  ESMF_VM.F90
libesmf.so         000014613483F61A  esmf_finalize            1721  ESMF_Init.F90
mainApp            0000000000417E23  mainapp                   149  mainApp.F90
mainApp            00000000004170BD  Unknown               Unknown  Unknown
libc-2.31.so       000014612DC1A24D  __libc_start_main     Unknown  Unknown
mainApp            0000000000416FEA  Unknown               Unknown  Unknown
srun: error: nid007128: tasks 0-3: Exited with exit code 174
srun: Terminating StepId=29965112.378
