2024-09-07 08:35:29
slurmstepd: error: couldn't chdir to `/tmp/intel_2023.1.0-oneAPI_mpi_g_develop/nuopc-app-prototypes/DriverInDriverDataDepProto': No such file or directory: going to /tmp instead
forrtl: severe (174): SIGSEGV, segmentation fault occurred
Image              PC                Routine            Line        Source             
libpthread-2.31.s  00001511C05F2910  Unknown               Unknown  Unknown
mainApp            0000000000450222  Unknown               Unknown  Unknown
mainApp            0000000000451220  Unknown               Unknown  Unknown
mainApp            00000000004503C5  Unknown               Unknown  Unknown
libesmf.so         00001511C68E5B7C  f_esmf_compcollec         516  ESMF_Comp_C.F90
libesmf.so         00001511C648A162  finalize                 3515  ESMCI_VM.C
libesmf.so         00001511C6453D57  c_esmc_vmfinalize        1241  ESMCI_VM_F.C
libesmf.so         00001511C751130B  c_esmc_vmfinalize           0  ESMF_VM.F90
libesmf.so         00001511C7508ED2  esmf_vmfinalize          9477  ESMF_VM.F90
libesmf.so         00001511C701F80A  esmf_finalize            1721  ESMF_Init.F90
mainApp            0000000000417EDE  mainapp                   102  mainApp.F90
mainApp            00000000004174BD  Unknown               Unknown  Unknown
libc-2.31.so       00001511C041A24D  __libc_start_main     Unknown  Unknown
mainApp            00000000004173EA  Unknown               Unknown  Unknown
forrtl: severe (174): SIGSEGV, segmentation fault occurred
Image              PC                Routine            Line        Source             
libpthread-2.31.s  000014E8715F2910  Unknown               Unknown  Unknown
mainApp            0000000000450222  Unknown               Unknown  Unknown
mainApp            0000000000451220  Unknown               Unknown  Unknown
mainApp            00000000004503C5  Unknown               Unknown  Unknown
libesmf.so         000014E877AC5B7C  f_esmf_compcollec         516  ESMF_Comp_C.F90
libesmf.so         000014E87766A162  finalize                 3515  ESMCI_VM.C
libesmf.so         000014E877633D57  c_esmc_vmfinalize        1241  ESMCI_VM_F.C
libesmf.so         000014E8786F130B  c_esmc_vmfinalize           0  ESMF_VM.F90
libesmf.so         000014E8786E8ED2  esmf_vmfinalize          9477  ESMF_VM.F90
libesmf.so         000014E8781FF80A  esmf_finalize            1721  ESMF_Init.F90
mainApp            0000000000417EDE  mainapp                   102  mainApp.F90
mainApp            00000000004174BD  Unknown               Unknown  Unknown
libc-2.31.so       000014E87141A24D  __libc_start_main     Unknown  Unknown
mainApp            00000000004173EA  Unknown               Unknown  Unknown
forrtl: severe (174): SIGSEGV, segmentation fault occurred
Image              PC                Routine            Line        Source             
libpthread-2.31.s  0000145FFA7F2910  Unknown               Unknown  Unknown
mainApp            0000000000450253  Unknown               Unknown  Unknown
mainApp            0000000000451220  Unknown               Unknown  Unknown
mainApp            00000000004503C5  Unknown               Unknown  Unknown
libesmf.so         0000146000BE2B7C  f_esmf_compcollec         516  ESMF_Comp_C.F90
libesmf.so         0000146000787162  finalize                 3515  ESMCI_VM.C
libesmf.so         0000146000750D57  c_esmc_vmfinalize        1241  ESMCI_VM_F.C
libesmf.so         000014600180E30B  c_esmc_vmfinalize           0  ESMF_VM.F90
libesmf.so         0000146001805ED2  esmf_vmfinalize          9477  ESMF_VM.F90
libesmf.so         000014600131C80A  esmf_finalize            1721  ESMF_Init.F90
mainApp            0000000000417EDE  mainapp                   102  mainApp.F90
mainApp            00000000004174BD  Unknown               Unknown  Unknown
libc-2.31.so       0000145FFA61A24D  __libc_start_main     Unknown  Unknown
mainApp            00000000004173EA  Unknown               Unknown  Unknown
forrtl: severe (174): SIGSEGV, segmentation fault occurred
Image              PC                Routine            Line        Source             
libpthread-2.31.s  0000149EA7DF2910  Unknown               Unknown  Unknown
mainApp            0000000000450220  Unknown               Unknown  Unknown
mainApp            0000000000451220  Unknown               Unknown  Unknown
mainApp            00000000004503C5  Unknown               Unknown  Unknown
libesmf.so         0000149EAE259B7C  f_esmf_compcollec         516  ESMF_Comp_C.F90
libesmf.so         0000149EADDFE162  finalize                 3515  ESMCI_VM.C
libesmf.so         0000149EADDC7D57  c_esmc_vmfinalize        1241  ESMCI_VM_F.C
libesmf.so         0000149EAEE8530B  c_esmc_vmfinalize           0  ESMF_VM.F90
libesmf.so         0000149EAEE7CED2  esmf_vmfinalize          9477  ESMF_VM.F90
libesmf.so         0000149EAE99380A  esmf_finalize            1721  ESMF_Init.F90
mainApp            0000000000417EDE  mainapp                   102  mainApp.F90
mainApp            00000000004174BD  Unknown               Unknown  Unknown
libc-2.31.so       0000149EA7C1A24D  __libc_start_main     Unknown  Unknown
mainApp            00000000004173EA  Unknown               Unknown  Unknown
srun: error: nid007082: tasks 0-3: Exited with exit code 174
srun: Terminating StepId=30235314.379
