2024-09-08 03:46:34

mainApp:14619 terminated with signal 11 at PC=44d433 SP=7ffe22708d40.  Backtrace:

mainApp:14621 terminated with signal 11 at PC=44d413 SP=7ffd7020b500.  Backtrace:

mainApp:14618 terminated with signal 11 at PC=44d409 SP=7ffdc2187f90.  Backtrace:
/tmp/intel_2023.1.0-oneAPI_mpi_g_develop/nuopc-app-prototypes/NamespaceProto/./mainApp[0x44d433]
/tmp/intel_2023.1.0-oneAPI_mpi_g_develop/nuopc-app-prototypes/NamespaceProto/./mainApp[0x44e3e0]
/tmp/intel_2023.1.0-oneAPI_mpi_g_develop/nuopc-app-prototypes/NamespaceProto/./mainApp[0x44d585]

mainApp:14620 terminated with signal 11 at PC=44d433 SP=7fff20a91640.  Backtrace:
/tmp/intel_2023.1.0-oneAPI_mpi_g_develop/nuopc-app-prototypes/NamespaceProto/./mainApp[0x44d413]
/tmp/intel_2023.1.0-oneAPI_mpi_g_develop/nuopc-app-prototypes/NamespaceProto/./mainApp[0x44e3e0]
/tmp/intel_2023.1.0-oneAPI_mpi_g_develop/nuopc-app-prototypes/NamespaceProto/./mainApp[0x44d585]
/tmp/intel_2023.1.0-oneAPI_mpi_g_develop/nuopc-app-prototypes/NamespaceProto/./mainApp[0x44d409]
/tmp/intel_2023.1.0-oneAPI_mpi_g_develop/nuopc-app-prototypes/NamespaceProto/./mainApp[0x44d433]
/tmp/intel_2023.1.0-oneAPI_mpi_g_develop/nuopc-app-prototypes/NamespaceProto/./mainApp[0x44e3e0]
/tmp/intel_2023.1.0-oneAPI_mpi_g_develop/nuopc-app-prototypes/NamespaceProto/./mainApp[0x44e3e0]
/tmp/intel_2023.1.0-oneAPI_mpi_g_develop/nuopc-app-prototypes/NamespaceProto/./mainApp[0x44d585]
/tmp/intel_2023.1.0-oneAPI_mpi_g_develop/nuopc-app-prototypes/NamespaceProto/./mainApp[0x44d585]
/tmp/intel_2023.1.0-oneAPI_mpi_g_develop/esmf/DEFAULTINSTALLDIR/lib/libg/Unicos.intel.64.mpi.default/libesmf.so(f_esmf_compcollectgarbage2_+0x4bc)[0x7f7d4283ebfc]
/tmp/intel_2023.1.0-oneAPI_mpi_g_develop/esmf/DEFAULTINSTALLDIR/lib/libg/Unicos.intel.64.mpi.default/libesmf.so(f_esmf_compcollectgarbage2_+0x4bc)[0x7f66e1633bfc]
/tmp/intel_2023.1.0-oneAPI_mpi_g_develop/esmf/DEFAULTINSTALLDIR/lib/libg/Unicos.intel.64.mpi.default/libesmf.so(f_esmf_compcollectgarbage2_+0x4bc)[0x7fc6310c7bfc]
/tmp/intel_2023.1.0-oneAPI_mpi_g_develop/esmf/DEFAULTINSTALLDIR/lib/libg/Unicos.intel.64.mpi.default/libesmf.so(f_esmf_compcollectgarbage2_+0x4bc)[0x7f6eff14cbfc]
/tmp/intel_2023.1.0-oneAPI_mpi_g_develop/esmf/DEFAULTINSTALLDIR/lib/libg/Unicos.intel.64.mpi.default/libesmf.so(_ZN5ESMCI2VM8finalizeEP12ESMC_LogicalPi+0x5d2)[0x7f7d423e31e2]
/tmp/intel_2023.1.0-oneAPI_mpi_g_develop/esmf/DEFAULTINSTALLDIR/lib/libg/Unicos.intel.64.mpi.default/libesmf.so(_ZN5ESMCI2VM8finalizeEP12ESMC_LogicalPi+0x5d2)[0x7f66e11d81e2]
/tmp/intel_2023.1.0-oneAPI_mpi_g_develop/esmf/DEFAULTINSTALLDIR/lib/libg/Unicos.intel.64.mpi.default/libesmf.so(_ZN5ESMCI2VM8finalizeEP12ESMC_LogicalPi+0x5d2)[0x7f6efecf11e2]
/tmp/intel_2023.1.0-oneAPI_mpi_g_develop/esmf/DEFAULTINSTALLDIR/lib/libg/Unicos.intel.64.mpi.default/libesmf.so(_ZN5ESMCI2VM8finalizeEP12ESMC_LogicalPi+0x5d2)[0x7fc630c6c1e2]
/tmp/intel_2023.1.0-oneAPI_mpi_g_develop/esmf/DEFAULTINSTALLDIR/lib/libg/Unicos.intel.64.mpi.default/libesmf.so(c_esmc_vmfinalize_+0x57)[0x7f7d423acdd7]
/tmp/intel_2023.1.0-oneAPI_mpi_g_develop/esmf/DEFAULTINSTALLDIR/lib/libg/Unicos.intel.64.mpi.default/libesmf.so(c_esmc_vmfinalize_+0x57)[0x7f66e11a1dd7]
/tmp/intel_2023.1.0-oneAPI_mpi_g_develop/esmf/DEFAULTINSTALLDIR/lib/libg/Unicos.intel.64.mpi.default/libesmf.so(c_esmc_vmfinalize_+0x57)[0x7fc630c35dd7]
/tmp/intel_2023.1.0-oneAPI_mpi_g_develop/esmf/DEFAULTINSTALLDIR/lib/libg/Unicos.intel.64.mpi.default/libesmf.so(c_esmc_vmfinalize_+0x57)[0x7f6efecbadd7]
/tmp/intel_2023.1.0-oneAPI_mpi_g_develop/esmf/DEFAULTINSTALLDIR/lib/libg/Unicos.intel.64.mpi.default/libesmf.so(+0x2a9138b)[0x7f7d4346a38b]
/tmp/intel_2023.1.0-oneAPI_mpi_g_develop/esmf/DEFAULTINSTALLDIR/lib/libg/Unicos.intel.64.mpi.default/libesmf.so(+0x2a9138b)[0x7f66e225f38b]
/tmp/intel_2023.1.0-oneAPI_mpi_g_develop/esmf/DEFAULTINSTALLDIR/lib/libg/Unicos.intel.64.mpi.default/libesmf.so(+0x2a9138b)[0x7fc631cf338b]
/tmp/intel_2023.1.0-oneAPI_mpi_g_develop/esmf/DEFAULTINSTALLDIR/lib/libg/Unicos.intel.64.mpi.default/libesmf.so(+0x2a9138b)[0x7f6effd7838b]
/tmp/intel_2023.1.0-oneAPI_mpi_g_develop/esmf/DEFAULTINSTALLDIR/lib/libg/Unicos.intel.64.mpi.default/libesmf.so(esmf_vmmod_mp_esmf_vmfinalize_+0x72)[0x7f7d43461f52]
/tmp/intel_2023.1.0-oneAPI_mpi_g_develop/esmf/DEFAULTINSTALLDIR/lib/libg/Unicos.intel.64.mpi.default/libesmf.so(esmf_vmmod_mp_esmf_vmfinalize_+0x72)[0x7f66e2256f52]
/tmp/intel_2023.1.0-oneAPI_mpi_g_develop/esmf/DEFAULTINSTALLDIR/lib/libg/Unicos.intel.64.mpi.default/libesmf.so(esmf_vmmod_mp_esmf_vmfinalize_+0x72)[0x7f6effd6ff52]
/tmp/intel_2023.1.0-oneAPI_mpi_g_develop/esmf/DEFAULTINSTALLDIR/lib/libg/Unicos.intel.64.mpi.default/libesmf.so(esmf_vmmod_mp_esmf_vmfinalize_+0x72)[0x7fc631ceaf52]
/tmp/intel_2023.1.0-oneAPI_mpi_g_develop/esmf/DEFAULTINSTALLDIR/lib/libg/Unicos.intel.64.mpi.default/libesmf.so(esmf_initmod_mp_esmf_finalize_+0x103a)[0x7f7d42f7888a]
/tmp/intel_2023.1.0-oneAPI_mpi_g_develop/nuopc-app-prototypes/NamespaceProto/./mainApp[0x41715e]
/tmp/intel_2023.1.0-oneAPI_mpi_g_develop/nuopc-app-prototypes/NamespaceProto/./mainApp[0x41673d]
/lib64/libc.so.6(__libc_start_main+0xef)[0x7f7d3c63e24d]
/tmp/intel_2023.1.0-oneAPI_mpi_g_develop/nuopc-app-prototypes/NamespaceProto/./mainApp[0x41666a]
/tmp/intel_2023.1.0-oneAPI_mpi_g_develop/esmf/DEFAULTINSTALLDIR/lib/libg/Unicos.intel.64.mpi.default/libesmf.so(esmf_initmod_mp_esmf_finalize_+0x103a)[0x7f66e1d6d88a]
/tmp/intel_2023.1.0-oneAPI_mpi_g_develop/nuopc-app-prototypes/NamespaceProto/./mainApp[0x41715e]
/tmp/intel_2023.1.0-oneAPI_mpi_g_develop/nuopc-app-prototypes/NamespaceProto/./mainApp[0x41673d]
/lib64/libc.so.6(__libc_start_main+0xef)[0x7f66db43e24d]
/tmp/intel_2023.1.0-oneAPI_mpi_g_develop/nuopc-app-prototypes/NamespaceProto/./mainApp[0x41666a]
/tmp/intel_2023.1.0-oneAPI_mpi_g_develop/esmf/DEFAULTINSTALLDIR/lib/libg/Unicos.intel.64.mpi.default/libesmf.so(esmf_initmod_mp_esmf_finalize_+0x103a)[0x7f6eff88688a]
/tmp/intel_2023.1.0-oneAPI_mpi_g_develop/nuopc-app-prototypes/NamespaceProto/./mainApp[0x41715e]
/tmp/intel_2023.1.0-oneAPI_mpi_g_develop/nuopc-app-prototypes/NamespaceProto/./mainApp[0x41673d]
/tmp/intel_2023.1.0-oneAPI_mpi_g_develop/esmf/DEFAULTINSTALLDIR/lib/libg/Unicos.intel.64.mpi.default/libesmf.so(esmf_initmod_mp_esmf_finalize_+0x103a)[0x7fc63180188a]
/lib64/libc.so.6(__libc_start_main+0xef)[0x7f6ef8e3e24d]
/tmp/intel_2023.1.0-oneAPI_mpi_g_develop/nuopc-app-prototypes/NamespaceProto/./mainApp[0x41666a]
/tmp/intel_2023.1.0-oneAPI_mpi_g_develop/nuopc-app-prototypes/NamespaceProto/./mainApp[0x41715e]
/tmp/intel_2023.1.0-oneAPI_mpi_g_develop/nuopc-app-prototypes/NamespaceProto/./mainApp[0x41673d]
/lib64/libc.so.6(__libc_start_main+0xef)[0x7fc62ae3e24d]
/tmp/intel_2023.1.0-oneAPI_mpi_g_develop/nuopc-app-prototypes/NamespaceProto/./mainApp[0x41666a]
srun: error: c5n1873: tasks 0-3: Exited with exit code 1
srun: Terminating StepId=135145897.386
