2024-09-08 03:46:34

mainApp:15399 terminated with signal 11 at PC=44bc80 SP=7ffddbdf0e70.  Backtrace:

mainApp:15401 terminated with signal 11 at PC=44bc20 SP=7ffd72b56a90.  Backtrace:
/tmp/intel_2023.1.0-oneAPI_mpi_g_develop/nuopc-app-prototypes/SingleModelOpenMPUnawareProto/./mainApp[0x44bc80]
/tmp/intel_2023.1.0-oneAPI_mpi_g_develop/nuopc-app-prototypes/SingleModelOpenMPUnawareProto/./mainApp[0x44cc20]
/tmp/intel_2023.1.0-oneAPI_mpi_g_develop/nuopc-app-prototypes/SingleModelOpenMPUnawareProto/./mainApp[0x44bdc5]
/tmp/intel_2023.1.0-oneAPI_mpi_g_develop/nuopc-app-prototypes/SingleModelOpenMPUnawareProto/./mainApp[0x44bc20]
/tmp/intel_2023.1.0-oneAPI_mpi_g_develop/nuopc-app-prototypes/SingleModelOpenMPUnawareProto/./mainApp[0x44cc20]
/tmp/intel_2023.1.0-oneAPI_mpi_g_develop/nuopc-app-prototypes/SingleModelOpenMPUnawareProto/./mainApp[0x44bdc5]

mainApp:15400 terminated with signal 11 at PC=44bc80 SP=7ffdc1aa8b30.  Backtrace:

mainApp:15398 terminated with signal 11 at PC=44bc73 SP=7ffc4d0ee550.  Backtrace:
/tmp/intel_2023.1.0-oneAPI_mpi_g_develop/nuopc-app-prototypes/SingleModelOpenMPUnawareProto/./mainApp[0x44bc73]
/tmp/intel_2023.1.0-oneAPI_mpi_g_develop/nuopc-app-prototypes/SingleModelOpenMPUnawareProto/./mainApp[0x44cc20]
/tmp/intel_2023.1.0-oneAPI_mpi_g_develop/nuopc-app-prototypes/SingleModelOpenMPUnawareProto/./mainApp[0x44bc80]
/tmp/intel_2023.1.0-oneAPI_mpi_g_develop/nuopc-app-prototypes/SingleModelOpenMPUnawareProto/./mainApp[0x44bdc5]
/tmp/intel_2023.1.0-oneAPI_mpi_g_develop/nuopc-app-prototypes/SingleModelOpenMPUnawareProto/./mainApp[0x44cc20]
/tmp/intel_2023.1.0-oneAPI_mpi_g_develop/nuopc-app-prototypes/SingleModelOpenMPUnawareProto/./mainApp[0x44bdc5]
/tmp/intel_2023.1.0-oneAPI_mpi_g_develop/esmf/DEFAULTINSTALLDIR/lib/libg/Unicos.intel.64.mpi.default/libesmf.so(f_esmf_compcollectgarbage2_+0x4bc)[0x7f683c238bfc]
/tmp/intel_2023.1.0-oneAPI_mpi_g_develop/esmf/DEFAULTINSTALLDIR/lib/libg/Unicos.intel.64.mpi.default/libesmf.so(f_esmf_compcollectgarbage2_+0x4bc)[0x7f3e43e4bbfc]
/tmp/intel_2023.1.0-oneAPI_mpi_g_develop/esmf/DEFAULTINSTALLDIR/lib/libg/Unicos.intel.64.mpi.default/libesmf.so(f_esmf_compcollectgarbage2_+0x4bc)[0x7f356fbf1bfc]
/tmp/intel_2023.1.0-oneAPI_mpi_g_develop/esmf/DEFAULTINSTALLDIR/lib/libg/Unicos.intel.64.mpi.default/libesmf.so(f_esmf_compcollectgarbage2_+0x4bc)[0x7fef6fcafbfc]
/tmp/intel_2023.1.0-oneAPI_mpi_g_develop/esmf/DEFAULTINSTALLDIR/lib/libg/Unicos.intel.64.mpi.default/libesmf.so(_ZN5ESMCI2VM8finalizeEP12ESMC_LogicalPi+0x5d2)[0x7f683bddd1e2]
/tmp/intel_2023.1.0-oneAPI_mpi_g_develop/esmf/DEFAULTINSTALLDIR/lib/libg/Unicos.intel.64.mpi.default/libesmf.so(_ZN5ESMCI2VM8finalizeEP12ESMC_LogicalPi+0x5d2)[0x7f3e439f01e2]
/tmp/intel_2023.1.0-oneAPI_mpi_g_develop/esmf/DEFAULTINSTALLDIR/lib/libg/Unicos.intel.64.mpi.default/libesmf.so(_ZN5ESMCI2VM8finalizeEP12ESMC_LogicalPi+0x5d2)[0x7f356f7961e2]
/tmp/intel_2023.1.0-oneAPI_mpi_g_develop/esmf/DEFAULTINSTALLDIR/lib/libg/Unicos.intel.64.mpi.default/libesmf.so(_ZN5ESMCI2VM8finalizeEP12ESMC_LogicalPi+0x5d2)[0x7fef6f8541e2]
/tmp/intel_2023.1.0-oneAPI_mpi_g_develop/esmf/DEFAULTINSTALLDIR/lib/libg/Unicos.intel.64.mpi.default/libesmf.so(c_esmc_vmfinalize_+0x57)[0x7f683bda6dd7]
/tmp/intel_2023.1.0-oneAPI_mpi_g_develop/esmf/DEFAULTINSTALLDIR/lib/libg/Unicos.intel.64.mpi.default/libesmf.so(c_esmc_vmfinalize_+0x57)[0x7f3e439b9dd7]
/tmp/intel_2023.1.0-oneAPI_mpi_g_develop/esmf/DEFAULTINSTALLDIR/lib/libg/Unicos.intel.64.mpi.default/libesmf.so(c_esmc_vmfinalize_+0x57)[0x7f356f75fdd7]
/tmp/intel_2023.1.0-oneAPI_mpi_g_develop/esmf/DEFAULTINSTALLDIR/lib/libg/Unicos.intel.64.mpi.default/libesmf.so(+0x2a9138b)[0x7f683ce6438b]
/tmp/intel_2023.1.0-oneAPI_mpi_g_develop/esmf/DEFAULTINSTALLDIR/lib/libg/Unicos.intel.64.mpi.default/libesmf.so(c_esmc_vmfinalize_+0x57)[0x7fef6f81ddd7]
/tmp/intel_2023.1.0-oneAPI_mpi_g_develop/esmf/DEFAULTINSTALLDIR/lib/libg/Unicos.intel.64.mpi.default/libesmf.so(+0x2a9138b)[0x7f3e44a7738b]
/tmp/intel_2023.1.0-oneAPI_mpi_g_develop/esmf/DEFAULTINSTALLDIR/lib/libg/Unicos.intel.64.mpi.default/libesmf.so(+0x2a9138b)[0x7f357081d38b]
/tmp/intel_2023.1.0-oneAPI_mpi_g_develop/esmf/DEFAULTINSTALLDIR/lib/libg/Unicos.intel.64.mpi.default/libesmf.so(esmf_vmmod_mp_esmf_vmfinalize_+0x72)[0x7f683ce5bf52]
/tmp/intel_2023.1.0-oneAPI_mpi_g_develop/esmf/DEFAULTINSTALLDIR/lib/libg/Unicos.intel.64.mpi.default/libesmf.so(+0x2a9138b)[0x7fef708db38b]
/tmp/intel_2023.1.0-oneAPI_mpi_g_develop/esmf/DEFAULTINSTALLDIR/lib/libg/Unicos.intel.64.mpi.default/libesmf.so(esmf_vmmod_mp_esmf_vmfinalize_+0x72)[0x7f3e44a6ef52]
/tmp/intel_2023.1.0-oneAPI_mpi_g_develop/esmf/DEFAULTINSTALLDIR/lib/libg/Unicos.intel.64.mpi.default/libesmf.so(esmf_vmmod_mp_esmf_vmfinalize_+0x72)[0x7f3570814f52]
/tmp/intel_2023.1.0-oneAPI_mpi_g_develop/esmf/DEFAULTINSTALLDIR/lib/libg/Unicos.intel.64.mpi.default/libesmf.so(esmf_initmod_mp_esmf_finalize_+0x103a)[0x7f683c97288a]
/tmp/intel_2023.1.0-oneAPI_mpi_g_develop/nuopc-app-prototypes/SingleModelOpenMPUnawareProto/./mainApp[0x417713]
/tmp/intel_2023.1.0-oneAPI_mpi_g_develop/nuopc-app-prototypes/SingleModelOpenMPUnawareProto/./mainApp[0x416c3d]
/tmp/intel_2023.1.0-oneAPI_mpi_g_develop/esmf/DEFAULTINSTALLDIR/lib/libg/Unicos.intel.64.mpi.default/libesmf.so(esmf_vmmod_mp_esmf_vmfinalize_+0x72)[0x7fef708d2f52]
/lib64/libc.so.6(__libc_start_main+0xef)[0x7f6835c3e24d]
/tmp/intel_2023.1.0-oneAPI_mpi_g_develop/nuopc-app-prototypes/SingleModelOpenMPUnawareProto/./mainApp[0x416b6a]
/tmp/intel_2023.1.0-oneAPI_mpi_g_develop/esmf/DEFAULTINSTALLDIR/lib/libg/Unicos.intel.64.mpi.default/libesmf.so(esmf_initmod_mp_esmf_finalize_+0x103a)[0x7f3e4458588a]
/tmp/intel_2023.1.0-oneAPI_mpi_g_develop/nuopc-app-prototypes/SingleModelOpenMPUnawareProto/./mainApp[0x417713]
/tmp/intel_2023.1.0-oneAPI_mpi_g_develop/nuopc-app-prototypes/SingleModelOpenMPUnawareProto/./mainApp[0x416c3d]
/lib64/libc.so.6(__libc_start_main+0xef)[0x7f3e3d83e24d]
/tmp/intel_2023.1.0-oneAPI_mpi_g_develop/nuopc-app-prototypes/SingleModelOpenMPUnawareProto/./mainApp[0x416b6a]
/tmp/intel_2023.1.0-oneAPI_mpi_g_develop/esmf/DEFAULTINSTALLDIR/lib/libg/Unicos.intel.64.mpi.default/libesmf.so(esmf_initmod_mp_esmf_finalize_+0x103a)[0x7fef703e988a]
/tmp/intel_2023.1.0-oneAPI_mpi_g_develop/esmf/DEFAULTINSTALLDIR/lib/libg/Unicos.intel.64.mpi.default/libesmf.so(esmf_initmod_mp_esmf_finalize_+0x103a)[0x7f357032b88a]
/tmp/intel_2023.1.0-oneAPI_mpi_g_develop/nuopc-app-prototypes/SingleModelOpenMPUnawareProto/./mainApp[0x417713]
/tmp/intel_2023.1.0-oneAPI_mpi_g_develop/nuopc-app-prototypes/SingleModelOpenMPUnawareProto/./mainApp[0x416c3d]
/lib64/libc.so.6(__libc_start_main+0xef)[0x7fef6963e24d]
/tmp/intel_2023.1.0-oneAPI_mpi_g_develop/nuopc-app-prototypes/SingleModelOpenMPUnawareProto/./mainApp[0x416b6a]
/tmp/intel_2023.1.0-oneAPI_mpi_g_develop/nuopc-app-prototypes/SingleModelOpenMPUnawareProto/./mainApp[0x417713]
/tmp/intel_2023.1.0-oneAPI_mpi_g_develop/nuopc-app-prototypes/SingleModelOpenMPUnawareProto/./mainApp[0x416c3d]
/lib64/libc.so.6(__libc_start_main+0xef)[0x7f356963e24d]
/tmp/intel_2023.1.0-oneAPI_mpi_g_develop/nuopc-app-prototypes/SingleModelOpenMPUnawareProto/./mainApp[0x416b6a]
srun: error: c5n1873: tasks 0-3: Exited with exit code 1
srun: Terminating StepId=135145897.392
