2024-08-30 05:57:19
slurmstepd: error: couldn't chdir to `/tmp/intel_2023.1.0-oneAPI_mpi_g_develop/nuopc-app-prototypes/SingleModelOpenMPProto': No such file or directory: going to /tmp instead
forrtl: severe (174): SIGSEGV, segmentation fault occurred
Image              PC                Routine            Line        Source             
libpthread-2.31.s  0000148D4FBF2910  Unknown               Unknown  Unknown
mainApp            000000000044DB31  Unknown               Unknown  Unknown
mainApp            000000000044EAF0  Unknown               Unknown  Unknown
mainApp            000000000044DC95  Unknown               Unknown  Unknown
libesmf.so         0000148D563B098C  f_esmf_compcollec         516  ESMF_Comp_C.F90
libesmf.so         0000148D55F54F72  finalize                 3515  ESMCI_VM.C
libesmf.so         0000148D55F1EB67  c_esmc_vmfinalize        1241  ESMCI_VM_F.C
libesmf.so         0000148D56FDC11B  c_esmc_vmfinalize           0  ESMF_VM.F90
libesmf.so         0000148D56FD3CE2  esmf_vmfinalize          9477  ESMF_VM.F90
libesmf.so         0000148D56AEA61A  esmf_finalize            1721  ESMF_Init.F90
mainApp            0000000000418313  mainapp                   118  mainApp.F90
mainApp            000000000041783D  Unknown               Unknown  Unknown
libc-2.31.so       0000148D4FA1A24D  __libc_start_main     Unknown  Unknown
mainApp            000000000041776A  Unknown               Unknown  Unknown
forrtl: severe (174): SIGSEGV, segmentation fault occurred
Image              PC                Routine            Line        Source             
libpthread-2.31.s  000015012D9F2910  Unknown               Unknown  Unknown
mainApp            000000000044DB31  Unknown               Unknown  Unknown
mainApp            000000000044EAF0  Unknown               Unknown  Unknown
mainApp            000000000044DC95  Unknown               Unknown  Unknown
libesmf.so         000015013419098C  f_esmf_compcollec         516  ESMF_Comp_C.F90
libesmf.so         0000150133D34F72  finalize                 3515  ESMCI_VM.C
libesmf.so         0000150133CFEB67  c_esmc_vmfinalize        1241  ESMCI_VM_F.C
libesmf.so         0000150134DBC11B  c_esmc_vmfinalize           0  ESMF_VM.F90
libesmf.so         0000150134DB3CE2  esmf_vmfinalize          9477  ESMF_VM.F90
libesmf.so         00001501348CA61A  esmf_finalize            1721  ESMF_Init.F90
mainApp            0000000000418313  mainapp                   118  mainApp.F90
mainApp            000000000041783D  Unknown               Unknown  Unknown
libc-2.31.so       000015012D81A24D  __libc_start_main     Unknown  Unknown
mainApp            000000000041776A  Unknown               Unknown  Unknown
srun: error: nid007128: tasks 0,2: Exited with exit code 174
srun: Terminating StepId=29965112.391
slurmstepd: error: *** STEP 29965112.391 ON nid007128 CANCELLED AT 2024-08-30T14:02:03 ***
forrtl: error (78): process killed (SIGTERM)
Image              PC                Routine            Line        Source             
libpthread-2.31.s  00001504B0BF2910  Unknown               Unknown  Unknown
libc-2.31.so       00001504B0AE1AF7  __sched_yield         Unknown  Unknown
libmpi_intel.so.1  00001504B2F01ADE  Unknown               Unknown  Unknown
libmpi_intel.so.1  00001504B3C9DA16  Unknown               Unknown  Unknown
libmpi_intel.so.1  00001504B3CB0169  Unknown               Unknown  Unknown
libmpi_intel.so.1  00001504B3BBFC82  Unknown               Unknown  Unknown
libmpi_intel.so.1  00001504B2291011  Unknown               Unknown  Unknown
libmpi_intel.so.1  00001504B2291138  Unknown               Unknown  Unknown
libmpi_intel.so.1  00001504B3E9E4CB  Unknown               Unknown  Unknown
libmpi_intel.so.1  00001504B2291200  Unknown               Unknown  Unknown
libmpi_intel.so.1  00001504B3E949D2  Unknown               Unknown  Unknown
libmpi_intel.so.1  00001504B3CE0E15  Unknown               Unknown  Unknown
libmpi_intel.so.1  00001504B4027EDF  Unknown               Unknown  Unknown
libmpi_intel.so.1  00001504B27335BC  MPI_Finalize          Unknown  Unknown
libesmf.so         00001504B6EA5C8C  finalize                  839  ESMCI_VMKernel.C
libesmf.so         00001504B6ED40EE  finalize                 3592  ESMCI_VM.C
libesmf.so         00001504B6E9DB67  c_esmc_vmfinalize        1241  ESMCI_VM_F.C
libesmf.so         00001504B7F5B11B  c_esmc_vmfinalize           0  ESMF_VM.F90
libesmf.so         00001504B7F52CE2  esmf_vmfinalize          9477  ESMF_VM.F90
libesmf.so         00001504B7A6961A  esmf_finalize            1721  ESMF_Init.F90
mainApp            0000000000418313  mainapp                   118  mainApp.F90
mainApp            000000000041783D  Unknown               Unknown  Unknown
libc-2.31.so       00001504B0A1A24D  __libc_start_main     Unknown  Unknown
mainApp            000000000041776A  Unknown               Unknown  Unknown
forrtl: error (78): process killed (SIGTERM)
Image              PC                Routine            Line        Source             
libpthread-2.31.s  000014EB0EFF2910  Unknown               Unknown  Unknown
libc-2.31.so       000014EB0EEE1AF7  __sched_yield         Unknown  Unknown
libmpi_intel.so.1  000014EB11301ADE  Unknown               Unknown  Unknown
libmpi_intel.so.1  000014EB1209DA16  Unknown               Unknown  Unknown
libmpi_intel.so.1  000014EB120B0169  Unknown               Unknown  Unknown
libmpi_intel.so.1  000014EB11FBFC82  Unknown               Unknown  Unknown
libmpi_intel.so.1  000014EB10691011  Unknown               Unknown  Unknown
libmpi_intel.so.1  000014EB10691138  Unknown               Unknown  Unknown
libmpi_intel.so.1  000014EB1229E4CB  Unknown               Unknown  Unknown
libmpi_intel.so.1  000014EB10691200  Unknown               Unknown  Unknown
libmpi_intel.so.1  000014EB122949D2  Unknown               Unknown  Unknown
libmpi_intel.so.1  000014EB120E0E15  Unknown               Unknown  Unknown
libmpi_intel.so.1  000014EB12427EDF  Unknown               Unknown  Unknown
libmpi_intel.so.1  000014EB10B335BC  MPI_Finalize          Unknown  Unknown
libesmf.so         000014EB1516AC8C  finalize                  839  ESMCI_VMKernel.C
libesmf.so         000014EB151990EE  finalize                 3592  ESMCI_VM.C
libesmf.so         000014EB15162B67  c_esmc_vmfinalize        1241  ESMCI_VM_F.C
libesmf.so         000014EB1622011B  c_esmc_vmfinalize           0  ESMF_VM.F90
libesmf.so         000014EB16217CE2  esmf_vmfinalize          9477  ESMF_VM.F90
libesmf.so         000014EB15D2E61A  esmf_finalize            1721  ESMF_Init.F90
mainApp            0000000000418313  mainapp                   118  mainApp.F90
mainApp            000000000041783D  Unknown               Unknown  Unknown
libc-2.31.so       000014EB0EE1A24D  __libc_start_main     Unknown  Unknown
mainApp            000000000041776A  Unknown               Unknown  Unknown
srun: error: nid007128: tasks 1,3: Exited with exit code 1
