2024-10-06 03:44:34
20241006 040325.018 INFO             PET0 !!!!!!!!!!!!!!!!!!!!!!!!!!!!!!!!!!!!!!!!!!!!!!!!!!!!!!
20241006 040325.018 INFO             PET0 !!! THE ESMF_LOG IS SET TO OUTPUT ALL LOG MESSAGES !!!
20241006 040325.018 INFO             PET0 !!!     THIS MAY CAUSE SLOWDOWN IN PERFORMANCE     !!!
20241006 040325.018 INFO             PET0 !!! FOR PRODUCTION RUNS, USE:                      !!!
20241006 040325.018 INFO             PET0 !!!                   ESMF_LOGKIND_Multi_On_Error  !!!
20241006 040325.018 INFO             PET0 !!!!!!!!!!!!!!!!!!!!!!!!!!!!!!!!!!!!!!!!!!!!!!!!!!!!!!
20241006 040325.018 INFO             PET0 Running with ESMF Version   : v8.7.0
20241006 040325.018 INFO             PET0 ESMF library build date/time: "Oct  6 2024" "03:43:29"
20241006 040325.018 INFO             PET0 ESMF library build location : /tmp/gfortran_12.2.0_mpiuni_O_v8.7.0/esmf
20241006 040325.018 INFO             PET0 ESMF_COMM                   : mpiuni
20241006 040325.018 INFO             PET0 ESMF_MOAB                   : enabled
20241006 040325.018 INFO             PET0 ESMF_LAPACK                 : enabled
20241006 040325.018 INFO             PET0 ESMF_NETCDF                 : enabled
20241006 040325.018 INFO             PET0 ESMF_PNETCDF                : disabled
20241006 040325.018 INFO             PET0 ESMF_PIO                    : enabled
20241006 040325.018 INFO             PET0 ESMF_YAMLCPP                : enabled
20241006 040325.019 INFO             PET0  NUMBER_OF_PROCESSORS           1
20241006 040325.019 INFO             PET0  PASS  Example ESMF_TimeIntervalEx, ESMF_TimeIntervalEx.F90, line 176
20241006 040325.019 INFO             PET0  Finalizing ESMF
