2024-09-30 07:51:33
20240930 085757.522 INFO             PET0 !!!!!!!!!!!!!!!!!!!!!!!!!!!!!!!!!!!!!!!!!!!!!!!!!!!!!!
20240930 085757.522 INFO             PET0 !!! THE ESMF_LOG IS SET TO OUTPUT ALL LOG MESSAGES !!!
20240930 085757.522 INFO             PET0 !!!     THIS MAY CAUSE SLOWDOWN IN PERFORMANCE     !!!
20240930 085757.522 INFO             PET0 !!! FOR PRODUCTION RUNS, USE:                      !!!
20240930 085757.522 INFO             PET0 !!!                   ESMF_LOGKIND_Multi_On_Error  !!!
20240930 085757.522 INFO             PET0 !!!!!!!!!!!!!!!!!!!!!!!!!!!!!!!!!!!!!!!!!!!!!!!!!!!!!!
20240930 085757.522 INFO             PET0 Running with ESMF Version   : v8.7.0b14-1-g2597b0a993
20240930 085757.522 INFO             PET0 ESMF library build date/time: "Sep 30 2024" "07:45:37"
20240930 085757.522 INFO             PET0 ESMF library build location : /scratch2/NCEPDEV/stmp1/Gerhard.Theurich/ESMF-Nightly-Testing/intel_2023.2.0-oneAPI_intelmpi_g_release_8.7.0/esmf
20240930 085757.522 INFO             PET0 ESMF_COMM                   : intelmpi
20240930 085757.522 INFO             PET0 ESMF_MOAB                   : enabled
20240930 085757.522 INFO             PET0 ESMF_LAPACK                 : enabled
20240930 085757.522 INFO             PET0 ESMF_NETCDF                 : enabled
20240930 085757.522 INFO             PET0 ESMF_PNETCDF                : disabled
20240930 085757.522 INFO             PET0 ESMF_PIO                    : enabled
20240930 085757.522 INFO             PET0 ESMF_YAMLCPP                : enabled
20240930 085757.592 DEBUG            PET0 about to destroy Grid: 0x1c0ea10
20240930 085757.600 DEBUG            PET0 about to destroy Grid: 0x1c0f840
20240930 085757.623 INFO             PET0  NUMBER_OF_PROCESSORS           4
20240930 085757.623 INFO             PET0  PASS  Example ESMF_NUOPCAtmModelEx, ESMF_NUOPCAtmModelEx.F90, line 806
20240930 085757.623 INFO             PET0  Finalizing ESMF
20240930 085757.521 INFO             PET1 !!!!!!!!!!!!!!!!!!!!!!!!!!!!!!!!!!!!!!!!!!!!!!!!!!!!!!
20240930 085757.522 INFO             PET1 !!! THE ESMF_LOG IS SET TO OUTPUT ALL LOG MESSAGES !!!
20240930 085757.522 INFO             PET1 !!!     THIS MAY CAUSE SLOWDOWN IN PERFORMANCE     !!!
20240930 085757.522 INFO             PET1 !!! FOR PRODUCTION RUNS, USE:                      !!!
20240930 085757.522 INFO             PET1 !!!                   ESMF_LOGKIND_Multi_On_Error  !!!
20240930 085757.522 INFO             PET1 !!!!!!!!!!!!!!!!!!!!!!!!!!!!!!!!!!!!!!!!!!!!!!!!!!!!!!
20240930 085757.522 INFO             PET1 Running with ESMF Version   : v8.7.0b14-1-g2597b0a993
20240930 085757.522 INFO             PET1 ESMF library build date/time: "Sep 30 2024" "07:45:37"
20240930 085757.522 INFO             PET1 ESMF library build location : /scratch2/NCEPDEV/stmp1/Gerhard.Theurich/ESMF-Nightly-Testing/intel_2023.2.0-oneAPI_intelmpi_g_release_8.7.0/esmf
20240930 085757.522 INFO             PET1 ESMF_COMM                   : intelmpi
20240930 085757.523 INFO             PET1 ESMF_MOAB                   : enabled
20240930 085757.523 INFO             PET1 ESMF_LAPACK                 : enabled
20240930 085757.523 INFO             PET1 ESMF_NETCDF                 : enabled
20240930 085757.523 INFO             PET1 ESMF_PNETCDF                : disabled
20240930 085757.523 INFO             PET1 ESMF_PIO                    : enabled
20240930 085757.523 INFO             PET1 ESMF_YAMLCPP                : enabled
20240930 085757.592 DEBUG            PET1 about to destroy Grid: 0x2b42280
20240930 085757.600 DEBUG            PET1 about to destroy Grid: 0x2b42b20
20240930 085757.623 INFO             PET1  NUMBER_OF_PROCESSORS           4
20240930 085757.623 INFO             PET1  PASS  Example ESMF_NUOPCAtmModelEx, ESMF_NUOPCAtmModelEx.F90, line 806
20240930 085757.623 INFO             PET1  Finalizing ESMF
20240930 085757.521 INFO             PET2 !!!!!!!!!!!!!!!!!!!!!!!!!!!!!!!!!!!!!!!!!!!!!!!!!!!!!!
20240930 085757.521 INFO             PET2 !!! THE ESMF_LOG IS SET TO OUTPUT ALL LOG MESSAGES !!!
20240930 085757.521 INFO             PET2 !!!     THIS MAY CAUSE SLOWDOWN IN PERFORMANCE     !!!
20240930 085757.521 INFO             PET2 !!! FOR PRODUCTION RUNS, USE:                      !!!
20240930 085757.521 INFO             PET2 !!!                   ESMF_LOGKIND_Multi_On_Error  !!!
20240930 085757.521 INFO             PET2 !!!!!!!!!!!!!!!!!!!!!!!!!!!!!!!!!!!!!!!!!!!!!!!!!!!!!!
20240930 085757.521 INFO             PET2 Running with ESMF Version   : v8.7.0b14-1-g2597b0a993
20240930 085757.521 INFO             PET2 ESMF library build date/time: "Sep 30 2024" "07:45:37"
20240930 085757.521 INFO             PET2 ESMF library build location : /scratch2/NCEPDEV/stmp1/Gerhard.Theurich/ESMF-Nightly-Testing/intel_2023.2.0-oneAPI_intelmpi_g_release_8.7.0/esmf
20240930 085757.521 INFO             PET2 ESMF_COMM                   : intelmpi
20240930 085757.522 INFO             PET2 ESMF_MOAB                   : enabled
20240930 085757.522 INFO             PET2 ESMF_LAPACK                 : enabled
20240930 085757.522 INFO             PET2 ESMF_NETCDF                 : enabled
20240930 085757.522 INFO             PET2 ESMF_PNETCDF                : disabled
20240930 085757.522 INFO             PET2 ESMF_PIO                    : enabled
20240930 085757.522 INFO             PET2 ESMF_YAMLCPP                : enabled
20240930 085757.592 DEBUG            PET2 about to destroy Grid: 0x25c55e0
20240930 085757.600 DEBUG            PET2 about to destroy Grid: 0x25c5e80
20240930 085757.623 INFO             PET2  NUMBER_OF_PROCESSORS           4
20240930 085757.623 INFO             PET2  PASS  Example ESMF_NUOPCAtmModelEx, ESMF_NUOPCAtmModelEx.F90, line 806
20240930 085757.623 INFO             PET2  Finalizing ESMF
20240930 085757.521 INFO             PET3 !!!!!!!!!!!!!!!!!!!!!!!!!!!!!!!!!!!!!!!!!!!!!!!!!!!!!!
20240930 085757.521 INFO             PET3 !!! THE ESMF_LOG IS SET TO OUTPUT ALL LOG MESSAGES !!!
20240930 085757.521 INFO             PET3 !!!     THIS MAY CAUSE SLOWDOWN IN PERFORMANCE     !!!
20240930 085757.521 INFO             PET3 !!! FOR PRODUCTION RUNS, USE:                      !!!
20240930 085757.521 INFO             PET3 !!!                   ESMF_LOGKIND_Multi_On_Error  !!!
20240930 085757.521 INFO             PET3 !!!!!!!!!!!!!!!!!!!!!!!!!!!!!!!!!!!!!!!!!!!!!!!!!!!!!!
20240930 085757.521 INFO             PET3 Running with ESMF Version   : v8.7.0b14-1-g2597b0a993
20240930 085757.521 INFO             PET3 ESMF library build date/time: "Sep 30 2024" "07:45:37"
20240930 085757.521 INFO             PET3 ESMF library build location : /scratch2/NCEPDEV/stmp1/Gerhard.Theurich/ESMF-Nightly-Testing/intel_2023.2.0-oneAPI_intelmpi_g_release_8.7.0/esmf
20240930 085757.521 INFO             PET3 ESMF_COMM                   : intelmpi
20240930 085757.523 INFO             PET3 ESMF_MOAB                   : enabled
20240930 085757.523 INFO             PET3 ESMF_LAPACK                 : enabled
20240930 085757.523 INFO             PET3 ESMF_NETCDF                 : enabled
20240930 085757.523 INFO             PET3 ESMF_PNETCDF                : disabled
20240930 085757.523 INFO             PET3 ESMF_PIO                    : enabled
20240930 085757.523 INFO             PET3 ESMF_YAMLCPP                : enabled
20240930 085757.592 DEBUG            PET3 about to destroy Grid: 0xf7b710
20240930 085757.600 DEBUG            PET3 about to destroy Grid: 0xf7bfb0
20240930 085757.623 INFO             PET3  NUMBER_OF_PROCESSORS           4
20240930 085757.623 INFO             PET3  PASS  Example ESMF_NUOPCAtmModelEx, ESMF_NUOPCAtmModelEx.F90, line 806
20240930 085757.623 INFO             PET3  Finalizing ESMF
