2024-08-09 01:55:10
20240809 023414.033 INFO             PET0 !!!!!!!!!!!!!!!!!!!!!!!!!!!!!!!!!!!!!!!!!!!!!!!!!!!!!!
20240809 023414.033 INFO             PET0 !!! THE ESMF_LOG IS SET TO OUTPUT ALL LOG MESSAGES !!!
20240809 023414.033 INFO             PET0 !!!     THIS MAY CAUSE SLOWDOWN IN PERFORMANCE     !!!
20240809 023414.033 INFO             PET0 !!! FOR PRODUCTION RUNS, USE:                      !!!
20240809 023414.033 INFO             PET0 !!!                   ESMF_LOGKIND_Multi_On_Error  !!!
20240809 023414.033 INFO             PET0 !!!!!!!!!!!!!!!!!!!!!!!!!!!!!!!!!!!!!!!!!!!!!!!!!!!!!!
20240809 023414.033 INFO             PET0 Running with ESMF Version   : v8.7.0b11
20240809 023414.033 INFO             PET0 ESMF library build date/time: "Aug  9 2024" "01:52:33"
20240809 023414.033 INFO             PET0 ESMF library build location : /glade/derecho/scratch/sacks/esmf-testing/gfortran_12.2.0_pio2.6.2_mpi_O_develop/esmf
20240809 023414.033 INFO             PET0 ESMF_COMM                   : mpi
20240809 023414.034 INFO             PET0 ESMF_MOAB                   : enabled
20240809 023414.034 INFO             PET0 ESMF_LAPACK                 : enabled
20240809 023414.034 INFO             PET0 ESMF_NETCDF                 : enabled
20240809 023414.034 INFO             PET0 ESMF_PNETCDF                : disabled
20240809 023414.034 INFO             PET0 ESMF_PIO                    : enabled
20240809 023414.034 INFO             PET0 ESMF_YAMLCPP                : enabled
20240809 023414.035 INFO             PET0 =============================================
20240809 023414.035 INFO             PET0 ESMX (Earth System Model eXecutable) STARTING
20240809 023414.035 INFO             PET0 =============================================
20240809 023414.038 INFO             PET0 =============================================
20240809 023414.038 INFO             PET0 ESMX (Earth System Model eXecutable) FINISHED
20240809 023414.038 INFO             PET0 =============================================
20240809 023414.038 INFO             PET0  Finalizing ESMF
20240809 023414.032 INFO             PET1 !!!!!!!!!!!!!!!!!!!!!!!!!!!!!!!!!!!!!!!!!!!!!!!!!!!!!!
20240809 023414.032 INFO             PET1 !!! THE ESMF_LOG IS SET TO OUTPUT ALL LOG MESSAGES !!!
20240809 023414.032 INFO             PET1 !!!     THIS MAY CAUSE SLOWDOWN IN PERFORMANCE     !!!
20240809 023414.032 INFO             PET1 !!! FOR PRODUCTION RUNS, USE:                      !!!
20240809 023414.032 INFO             PET1 !!!                   ESMF_LOGKIND_Multi_On_Error  !!!
20240809 023414.032 INFO             PET1 !!!!!!!!!!!!!!!!!!!!!!!!!!!!!!!!!!!!!!!!!!!!!!!!!!!!!!
20240809 023414.032 INFO             PET1 Running with ESMF Version   : v8.7.0b11
20240809 023414.032 INFO             PET1 ESMF library build date/time: "Aug  9 2024" "01:52:33"
20240809 023414.032 INFO             PET1 ESMF library build location : /glade/derecho/scratch/sacks/esmf-testing/gfortran_12.2.0_pio2.6.2_mpi_O_develop/esmf
20240809 023414.032 INFO             PET1 ESMF_COMM                   : mpi
20240809 023414.033 INFO             PET1 ESMF_MOAB                   : enabled
20240809 023414.033 INFO             PET1 ESMF_LAPACK                 : enabled
20240809 023414.033 INFO             PET1 ESMF_NETCDF                 : enabled
20240809 023414.033 INFO             PET1 ESMF_PNETCDF                : disabled
20240809 023414.033 INFO             PET1 ESMF_PIO                    : enabled
20240809 023414.033 INFO             PET1 ESMF_YAMLCPP                : enabled
20240809 023414.035 INFO             PET1 =============================================
20240809 023414.035 INFO             PET1 ESMX (Earth System Model eXecutable) STARTING
20240809 023414.035 INFO             PET1 =============================================
20240809 023414.038 INFO             PET1 =============================================
20240809 023414.038 INFO             PET1 ESMX (Earth System Model eXecutable) FINISHED
20240809 023414.038 INFO             PET1 =============================================
20240809 023414.038 INFO             PET1  Finalizing ESMF
20240809 023414.032 INFO             PET2 !!!!!!!!!!!!!!!!!!!!!!!!!!!!!!!!!!!!!!!!!!!!!!!!!!!!!!
20240809 023414.032 INFO             PET2 !!! THE ESMF_LOG IS SET TO OUTPUT ALL LOG MESSAGES !!!
20240809 023414.032 INFO             PET2 !!!     THIS MAY CAUSE SLOWDOWN IN PERFORMANCE     !!!
20240809 023414.032 INFO             PET2 !!! FOR PRODUCTION RUNS, USE:                      !!!
20240809 023414.032 INFO             PET2 !!!                   ESMF_LOGKIND_Multi_On_Error  !!!
20240809 023414.032 INFO             PET2 !!!!!!!!!!!!!!!!!!!!!!!!!!!!!!!!!!!!!!!!!!!!!!!!!!!!!!
20240809 023414.032 INFO             PET2 Running with ESMF Version   : v8.7.0b11
20240809 023414.032 INFO             PET2 ESMF library build date/time: "Aug  9 2024" "01:52:33"
20240809 023414.032 INFO             PET2 ESMF library build location : /glade/derecho/scratch/sacks/esmf-testing/gfortran_12.2.0_pio2.6.2_mpi_O_develop/esmf
20240809 023414.032 INFO             PET2 ESMF_COMM                   : mpi
20240809 023414.034 INFO             PET2 ESMF_MOAB                   : enabled
20240809 023414.034 INFO             PET2 ESMF_LAPACK                 : enabled
20240809 023414.034 INFO             PET2 ESMF_NETCDF                 : enabled
20240809 023414.034 INFO             PET2 ESMF_PNETCDF                : disabled
20240809 023414.034 INFO             PET2 ESMF_PIO                    : enabled
20240809 023414.034 INFO             PET2 ESMF_YAMLCPP                : enabled
20240809 023414.035 INFO             PET2 =============================================
20240809 023414.035 INFO             PET2 ESMX (Earth System Model eXecutable) STARTING
20240809 023414.035 INFO             PET2 =============================================
20240809 023414.038 INFO             PET2 =============================================
20240809 023414.038 INFO             PET2 ESMX (Earth System Model eXecutable) FINISHED
20240809 023414.038 INFO             PET2 =============================================
20240809 023414.038 INFO             PET2  Finalizing ESMF
20240809 023414.032 INFO             PET3 !!!!!!!!!!!!!!!!!!!!!!!!!!!!!!!!!!!!!!!!!!!!!!!!!!!!!!
20240809 023414.032 INFO             PET3 !!! THE ESMF_LOG IS SET TO OUTPUT ALL LOG MESSAGES !!!
20240809 023414.032 INFO             PET3 !!!     THIS MAY CAUSE SLOWDOWN IN PERFORMANCE     !!!
20240809 023414.032 INFO             PET3 !!! FOR PRODUCTION RUNS, USE:                      !!!
20240809 023414.032 INFO             PET3 !!!                   ESMF_LOGKIND_Multi_On_Error  !!!
20240809 023414.032 INFO             PET3 !!!!!!!!!!!!!!!!!!!!!!!!!!!!!!!!!!!!!!!!!!!!!!!!!!!!!!
20240809 023414.032 INFO             PET3 Running with ESMF Version   : v8.7.0b11
20240809 023414.032 INFO             PET3 ESMF library build date/time: "Aug  9 2024" "01:52:33"
20240809 023414.032 INFO             PET3 ESMF library build location : /glade/derecho/scratch/sacks/esmf-testing/gfortran_12.2.0_pio2.6.2_mpi_O_develop/esmf
20240809 023414.032 INFO             PET3 ESMF_COMM                   : mpi
20240809 023414.033 INFO             PET3 ESMF_MOAB                   : enabled
20240809 023414.033 INFO             PET3 ESMF_LAPACK                 : enabled
20240809 023414.033 INFO             PET3 ESMF_NETCDF                 : enabled
20240809 023414.033 INFO             PET3 ESMF_PNETCDF                : disabled
20240809 023414.033 INFO             PET3 ESMF_PIO                    : enabled
20240809 023414.033 INFO             PET3 ESMF_YAMLCPP                : enabled
20240809 023414.035 INFO             PET3 =============================================
20240809 023414.035 INFO             PET3 ESMX (Earth System Model eXecutable) STARTING
20240809 023414.035 INFO             PET3 =============================================
20240809 023414.038 INFO             PET3 =============================================
20240809 023414.038 INFO             PET3 ESMX (Earth System Model eXecutable) FINISHED
20240809 023414.038 INFO             PET3 =============================================
20240809 023414.038 INFO             PET3  Finalizing ESMF
