2024-10-08 08:03:52
20241008 083402.523 INFO             PET0 !!!!!!!!!!!!!!!!!!!!!!!!!!!!!!!!!!!!!!!!!!!!!!!!!!!!!!
20241008 083402.525 INFO             PET0 !!! THE ESMF_LOG IS SET TO OUTPUT ALL LOG MESSAGES !!!
20241008 083402.525 INFO             PET0 !!!     THIS MAY CAUSE SLOWDOWN IN PERFORMANCE     !!!
20241008 083402.525 INFO             PET0 !!! FOR PRODUCTION RUNS, USE:                      !!!
20241008 083402.525 INFO             PET0 !!!                   ESMF_LOGKIND_Multi_On_Error  !!!
20241008 083402.525 INFO             PET0 !!!!!!!!!!!!!!!!!!!!!!!!!!!!!!!!!!!!!!!!!!!!!!!!!!!!!!
20241008 083402.525 INFO             PET0 Running with ESMF Version   : v8.7.0
20241008 083402.525 INFO             PET0 ESMF library build date/time: "Oct  8 2024" "08:01:27"
20241008 083402.525 INFO             PET0 ESMF library build location : /project/esmf/sacks/esmf-testing/gfortran_11.2.0_mpiuni_g_v8.7.0/esmf
20241008 083402.525 INFO             PET0 ESMF_COMM                   : mpiuni
20241008 083402.525 INFO             PET0 ESMF_MOAB                   : enabled
20241008 083402.525 INFO             PET0 ESMF_LAPACK                 : enabled
20241008 083402.525 INFO             PET0 ESMF_NETCDF                 : enabled
20241008 083402.525 INFO             PET0 ESMF_PNETCDF                : disabled
20241008 083402.525 INFO             PET0 ESMF_PIO                    : enabled
20241008 083402.525 INFO             PET0 ESMF_YAMLCPP                : enabled
20241008 083402.525 INFO             PET0 ESMF Tracing Enabled
20241008 083402.525 INFO             PET0 ESMF Profiling Enabled
20241008 083402.525 INFO             PET0 ESMF Trace/Profile clock: REALTIME
20241008 083402.534 INFO             PET0  NUMBER_OF_PROCESSORS           1
20241008 083402.534 INFO             PET0  PASS  Example ESMF_TraceEx, ESMF_TraceEx.F90, line 178
20241008 083402.534 INFO             PET0  Finalizing ESMF
20241008 083402.534 INFO             PET0 **************** Region Timings *******************
20241008 083402.534 INFO             PET0 Region              Count  Total (s)   Self (s)    Mean (s)    Min (s)     Max (s)
20241008 083402.534 INFO             PET0   [ESMF]            1      0.0079      0.0079      0.0079      0.0079      0.0079
20241008 083402.534 INFO             PET0     [test] Run 1    5      0.0000      0.0000      0.0000      0.0000      0.0000
20241008 083402.534 INFO             PET0     [test] Init 1   1      0.0000      0.0000      0.0000      0.0000      0.0000
20241008 083402.534 INFO             PET0     [test] Final 1  1      0.0000      0.0000      0.0000      0.0000      0.0000
