2024-10-04 02:20:04
20241004 030436.397 INFO             PET0 !!!!!!!!!!!!!!!!!!!!!!!!!!!!!!!!!!!!!!!!!!!!!!!!!!!!!!
20241004 030436.397 INFO             PET0 !!! THE ESMF_LOG IS SET TO OUTPUT ALL LOG MESSAGES !!!
20241004 030436.397 INFO             PET0 !!!     THIS MAY CAUSE SLOWDOWN IN PERFORMANCE     !!!
20241004 030436.397 INFO             PET0 !!! FOR PRODUCTION RUNS, USE:                      !!!
20241004 030436.397 INFO             PET0 !!!                   ESMF_LOGKIND_Multi_On_Error  !!!
20241004 030436.397 INFO             PET0 !!!!!!!!!!!!!!!!!!!!!!!!!!!!!!!!!!!!!!!!!!!!!!!!!!!!!!
20241004 030436.397 INFO             PET0 Running with ESMF Version   : v8.7.0
20241004 030436.397 INFO             PET0 ESMF library build date/time: "Oct  4 2024" "02:15:56"
20241004 030436.397 INFO             PET0 ESMF library build location : /glade/derecho/scratch/sacks/esmf-testing/gfortran_12.2.0_pio2.5.10_mpi_O_v8.7.0/esmf
20241004 030436.397 INFO             PET0 ESMF_COMM                   : mpi
20241004 030436.401 INFO             PET0 ESMF_MOAB                   : enabled
20241004 030436.401 INFO             PET0 ESMF_LAPACK                 : enabled
20241004 030436.401 INFO             PET0 ESMF_NETCDF                 : enabled
20241004 030436.401 INFO             PET0 ESMF_PNETCDF                : disabled
20241004 030436.401 INFO             PET0 ESMF_PIO                    : enabled
20241004 030436.401 INFO             PET0 ESMF_YAMLCPP                : enabled
20241004 030436.401 INFO             PET0 Log Write 2
20241004 030436.401 ERROR            PET0 Invalid object  - Convergence failure
20241004 030436.401 ERROR            PET0 ESMCI_Time.C:866 ESMCI::Time::syncToRealTime() Wrong argument specified  - ; calkindflag is NOCALENDAR. Only GREGORIAN and JULIAN are supported when syncing to real time.
20241004 030436.401 ERROR            PET0 ESMF_Time.F90:1485 ESMF_TimeSyncToRealTime() Wrong argument specified  - Internal subroutine call returned Error
20241004 030436.401 ERROR            PET0 Wrong argument specified  - getting wall clock time
20241004 030436.427 INFO             PET0  NUMBER_OF_PROCESSORS           4
20241004 030436.427 INFO             PET0  PASS  Example ESMF_LogErrEx, ESMF_LogErrEx.F90, line 186
20241004 030436.427 INFO             PET0  Finalizing ESMF
20241004 030436.396 INFO             PET1 !!!!!!!!!!!!!!!!!!!!!!!!!!!!!!!!!!!!!!!!!!!!!!!!!!!!!!
20241004 030436.396 INFO             PET1 !!! THE ESMF_LOG IS SET TO OUTPUT ALL LOG MESSAGES !!!
20241004 030436.396 INFO             PET1 !!!     THIS MAY CAUSE SLOWDOWN IN PERFORMANCE     !!!
20241004 030436.396 INFO             PET1 !!! FOR PRODUCTION RUNS, USE:                      !!!
20241004 030436.396 INFO             PET1 !!!                   ESMF_LOGKIND_Multi_On_Error  !!!
20241004 030436.396 INFO             PET1 !!!!!!!!!!!!!!!!!!!!!!!!!!!!!!!!!!!!!!!!!!!!!!!!!!!!!!
20241004 030436.396 INFO             PET1 Running with ESMF Version   : v8.7.0
20241004 030436.396 INFO             PET1 ESMF library build date/time: "Oct  4 2024" "02:15:56"
20241004 030436.396 INFO             PET1 ESMF library build location : /glade/derecho/scratch/sacks/esmf-testing/gfortran_12.2.0_pio2.5.10_mpi_O_v8.7.0/esmf
20241004 030436.396 INFO             PET1 ESMF_COMM                   : mpi
20241004 030436.397 INFO             PET1 ESMF_MOAB                   : enabled
20241004 030436.397 INFO             PET1 ESMF_LAPACK                 : enabled
20241004 030436.397 INFO             PET1 ESMF_NETCDF                 : enabled
20241004 030436.397 INFO             PET1 ESMF_PNETCDF                : disabled
20241004 030436.397 INFO             PET1 ESMF_PIO                    : enabled
20241004 030436.397 INFO             PET1 ESMF_YAMLCPP                : enabled
20241004 030436.401 INFO             PET1 Log Write 2
20241004 030436.401 ERROR            PET1 Invalid object  - Convergence failure
20241004 030436.401 ERROR            PET1 ESMCI_Time.C:866 ESMCI::Time::syncToRealTime() Wrong argument specified  - ; calkindflag is NOCALENDAR. Only GREGORIAN and JULIAN are supported when syncing to real time.
20241004 030436.401 ERROR            PET1 ESMF_Time.F90:1485 ESMF_TimeSyncToRealTime() Wrong argument specified  - Internal subroutine call returned Error
20241004 030436.401 ERROR            PET1 Wrong argument specified  - getting wall clock time
20241004 030436.416 INFO             PET1  NUMBER_OF_PROCESSORS           4
20241004 030436.416 INFO             PET1  PASS  Example ESMF_LogErrEx, ESMF_LogErrEx.F90, line 186
20241004 030436.416 INFO             PET1  Finalizing ESMF
20241004 030436.400 INFO             PET2 !!!!!!!!!!!!!!!!!!!!!!!!!!!!!!!!!!!!!!!!!!!!!!!!!!!!!!
20241004 030436.400 INFO             PET2 !!! THE ESMF_LOG IS SET TO OUTPUT ALL LOG MESSAGES !!!
20241004 030436.400 INFO             PET2 !!!     THIS MAY CAUSE SLOWDOWN IN PERFORMANCE     !!!
20241004 030436.400 INFO             PET2 !!! FOR PRODUCTION RUNS, USE:                      !!!
20241004 030436.400 INFO             PET2 !!!                   ESMF_LOGKIND_Multi_On_Error  !!!
20241004 030436.400 INFO             PET2 !!!!!!!!!!!!!!!!!!!!!!!!!!!!!!!!!!!!!!!!!!!!!!!!!!!!!!
20241004 030436.400 INFO             PET2 Running with ESMF Version   : v8.7.0
20241004 030436.400 INFO             PET2 ESMF library build date/time: "Oct  4 2024" "02:15:56"
20241004 030436.400 INFO             PET2 ESMF library build location : /glade/derecho/scratch/sacks/esmf-testing/gfortran_12.2.0_pio2.5.10_mpi_O_v8.7.0/esmf
20241004 030436.400 INFO             PET2 ESMF_COMM                   : mpi
20241004 030436.401 INFO             PET2 ESMF_MOAB                   : enabled
20241004 030436.401 INFO             PET2 ESMF_LAPACK                 : enabled
20241004 030436.401 INFO             PET2 ESMF_NETCDF                 : enabled
20241004 030436.401 INFO             PET2 ESMF_PNETCDF                : disabled
20241004 030436.401 INFO             PET2 ESMF_PIO                    : enabled
20241004 030436.401 INFO             PET2 ESMF_YAMLCPP                : enabled
20241004 030436.401 INFO             PET2 Log Write 2
20241004 030436.401 ERROR            PET2 Invalid object  - Convergence failure
20241004 030436.401 ERROR            PET2 ESMCI_Time.C:866 ESMCI::Time::syncToRealTime() Wrong argument specified  - ; calkindflag is NOCALENDAR. Only GREGORIAN and JULIAN are supported when syncing to real time.
20241004 030436.401 ERROR            PET2 ESMF_Time.F90:1485 ESMF_TimeSyncToRealTime() Wrong argument specified  - Internal subroutine call returned Error
20241004 030436.401 ERROR            PET2 Wrong argument specified  - getting wall clock time
20241004 030436.414 INFO             PET2  NUMBER_OF_PROCESSORS           4
20241004 030436.414 INFO             PET2  PASS  Example ESMF_LogErrEx, ESMF_LogErrEx.F90, line 186
20241004 030436.414 INFO             PET2  Finalizing ESMF
20241004 030436.397 INFO             PET3 !!!!!!!!!!!!!!!!!!!!!!!!!!!!!!!!!!!!!!!!!!!!!!!!!!!!!!
20241004 030436.397 INFO             PET3 !!! THE ESMF_LOG IS SET TO OUTPUT ALL LOG MESSAGES !!!
20241004 030436.397 INFO             PET3 !!!     THIS MAY CAUSE SLOWDOWN IN PERFORMANCE     !!!
20241004 030436.397 INFO             PET3 !!! FOR PRODUCTION RUNS, USE:                      !!!
20241004 030436.397 INFO             PET3 !!!                   ESMF_LOGKIND_Multi_On_Error  !!!
20241004 030436.397 INFO             PET3 !!!!!!!!!!!!!!!!!!!!!!!!!!!!!!!!!!!!!!!!!!!!!!!!!!!!!!
20241004 030436.397 INFO             PET3 Running with ESMF Version   : v8.7.0
20241004 030436.397 INFO             PET3 ESMF library build date/time: "Oct  4 2024" "02:15:56"
20241004 030436.397 INFO             PET3 ESMF library build location : /glade/derecho/scratch/sacks/esmf-testing/gfortran_12.2.0_pio2.5.10_mpi_O_v8.7.0/esmf
20241004 030436.397 INFO             PET3 ESMF_COMM                   : mpi
20241004 030436.397 INFO             PET3 ESMF_MOAB                   : enabled
20241004 030436.397 INFO             PET3 ESMF_LAPACK                 : enabled
20241004 030436.397 INFO             PET3 ESMF_NETCDF                 : enabled
20241004 030436.397 INFO             PET3 ESMF_PNETCDF                : disabled
20241004 030436.397 INFO             PET3 ESMF_PIO                    : enabled
20241004 030436.397 INFO             PET3 ESMF_YAMLCPP                : enabled
20241004 030436.401 INFO             PET3 Log Write 2
20241004 030436.401 ERROR            PET3 Invalid object  - Convergence failure
20241004 030436.401 ERROR            PET3 ESMCI_Time.C:866 ESMCI::Time::syncToRealTime() Wrong argument specified  - ; calkindflag is NOCALENDAR. Only GREGORIAN and JULIAN are supported when syncing to real time.
20241004 030436.401 ERROR            PET3 ESMF_Time.F90:1485 ESMF_TimeSyncToRealTime() Wrong argument specified  - Internal subroutine call returned Error
20241004 030436.401 ERROR            PET3 Wrong argument specified  - getting wall clock time
20241004 030436.408 INFO             PET3  NUMBER_OF_PROCESSORS           4
20241004 030436.408 INFO             PET3  PASS  Example ESMF_LogErrEx, ESMF_LogErrEx.F90, line 186
20241004 030436.408 INFO             PET3  Finalizing ESMF
