2024-08-19 01:35:12
20240819 020524.684 INFO             PET0 !!!!!!!!!!!!!!!!!!!!!!!!!!!!!!!!!!!!!!!!!!!!!!!!!!!!!!
20240819 020524.684 INFO             PET0 !!! THE ESMF_LOG IS SET TO OUTPUT ALL LOG MESSAGES !!!
20240819 020524.684 INFO             PET0 !!!     THIS MAY CAUSE SLOWDOWN IN PERFORMANCE     !!!
20240819 020524.684 INFO             PET0 !!! FOR PRODUCTION RUNS, USE:                      !!!
20240819 020524.684 INFO             PET0 !!!                   ESMF_LOGKIND_Multi_On_Error  !!!
20240819 020524.684 INFO             PET0 !!!!!!!!!!!!!!!!!!!!!!!!!!!!!!!!!!!!!!!!!!!!!!!!!!!!!!
20240819 020524.684 INFO             PET0 Running with ESMF Version   : v8.7.0b11-4-gf6c03c51d1
20240819 020524.685 INFO             PET0 ESMF library build date/time: "Aug 19 2024" "01:34:06"
20240819 020524.685 INFO             PET0 ESMF library build location : /discover/nobackup/projects/sbu/mpotts/esmf-test/gfortran_10.1.0_intelmpi_g_develop/esmf
20240819 020524.685 INFO             PET0 ESMF_COMM                   : intelmpi
20240819 020524.685 INFO             PET0 ESMF_MOAB                   : enabled
20240819 020524.685 INFO             PET0 ESMF_LAPACK                 : enabled
20240819 020524.685 INFO             PET0 ESMF_NETCDF                 : disabled
20240819 020524.685 INFO             PET0 ESMF_PNETCDF                : disabled
20240819 020524.685 INFO             PET0 ESMF_PIO                    : disabled
20240819 020524.685 INFO             PET0 ESMF_YAMLCPP                : enabled
20240819 020524.692 INFO             PET0  NUMBER_OF_PROCESSORS           4
20240819 020524.692 INFO             PET0  PASS  Example ESMF_FieldSMMEx, ESMF_FieldSMMEx.F90, line 419
20240819 020524.692 INFO             PET0  Finalizing ESMF
20240819 020524.684 INFO             PET1 !!!!!!!!!!!!!!!!!!!!!!!!!!!!!!!!!!!!!!!!!!!!!!!!!!!!!!
20240819 020524.684 INFO             PET1 !!! THE ESMF_LOG IS SET TO OUTPUT ALL LOG MESSAGES !!!
20240819 020524.684 INFO             PET1 !!!     THIS MAY CAUSE SLOWDOWN IN PERFORMANCE     !!!
20240819 020524.684 INFO             PET1 !!! FOR PRODUCTION RUNS, USE:                      !!!
20240819 020524.684 INFO             PET1 !!!                   ESMF_LOGKIND_Multi_On_Error  !!!
20240819 020524.684 INFO             PET1 !!!!!!!!!!!!!!!!!!!!!!!!!!!!!!!!!!!!!!!!!!!!!!!!!!!!!!
20240819 020524.684 INFO             PET1 Running with ESMF Version   : v8.7.0b11-4-gf6c03c51d1
20240819 020524.684 INFO             PET1 ESMF library build date/time: "Aug 19 2024" "01:34:06"
20240819 020524.684 INFO             PET1 ESMF library build location : /discover/nobackup/projects/sbu/mpotts/esmf-test/gfortran_10.1.0_intelmpi_g_develop/esmf
20240819 020524.684 INFO             PET1 ESMF_COMM                   : intelmpi
20240819 020524.684 INFO             PET1 ESMF_MOAB                   : enabled
20240819 020524.684 INFO             PET1 ESMF_LAPACK                 : enabled
20240819 020524.684 INFO             PET1 ESMF_NETCDF                 : disabled
20240819 020524.684 INFO             PET1 ESMF_PNETCDF                : disabled
20240819 020524.684 INFO             PET1 ESMF_PIO                    : disabled
20240819 020524.684 INFO             PET1 ESMF_YAMLCPP                : enabled
20240819 020524.692 INFO             PET1  NUMBER_OF_PROCESSORS           4
20240819 020524.692 INFO             PET1  PASS  Example ESMF_FieldSMMEx, ESMF_FieldSMMEx.F90, line 419
20240819 020524.692 INFO             PET1  Finalizing ESMF
20240819 020524.686 INFO             PET2 !!!!!!!!!!!!!!!!!!!!!!!!!!!!!!!!!!!!!!!!!!!!!!!!!!!!!!
20240819 020524.686 INFO             PET2 !!! THE ESMF_LOG IS SET TO OUTPUT ALL LOG MESSAGES !!!
20240819 020524.686 INFO             PET2 !!!     THIS MAY CAUSE SLOWDOWN IN PERFORMANCE     !!!
20240819 020524.686 INFO             PET2 !!! FOR PRODUCTION RUNS, USE:                      !!!
20240819 020524.686 INFO             PET2 !!!                   ESMF_LOGKIND_Multi_On_Error  !!!
20240819 020524.686 INFO             PET2 !!!!!!!!!!!!!!!!!!!!!!!!!!!!!!!!!!!!!!!!!!!!!!!!!!!!!!
20240819 020524.686 INFO             PET2 Running with ESMF Version   : v8.7.0b11-4-gf6c03c51d1
20240819 020524.686 INFO             PET2 ESMF library build date/time: "Aug 19 2024" "01:34:06"
20240819 020524.686 INFO             PET2 ESMF library build location : /discover/nobackup/projects/sbu/mpotts/esmf-test/gfortran_10.1.0_intelmpi_g_develop/esmf
20240819 020524.686 INFO             PET2 ESMF_COMM                   : intelmpi
20240819 020524.686 INFO             PET2 ESMF_MOAB                   : enabled
20240819 020524.686 INFO             PET2 ESMF_LAPACK                 : enabled
20240819 020524.686 INFO             PET2 ESMF_NETCDF                 : disabled
20240819 020524.686 INFO             PET2 ESMF_PNETCDF                : disabled
20240819 020524.686 INFO             PET2 ESMF_PIO                    : disabled
20240819 020524.686 INFO             PET2 ESMF_YAMLCPP                : enabled
20240819 020524.692 INFO             PET2  NUMBER_OF_PROCESSORS           4
20240819 020524.692 INFO             PET2  PASS  Example ESMF_FieldSMMEx, ESMF_FieldSMMEx.F90, line 419
20240819 020524.692 INFO             PET2  Finalizing ESMF
20240819 020524.685 INFO             PET3 !!!!!!!!!!!!!!!!!!!!!!!!!!!!!!!!!!!!!!!!!!!!!!!!!!!!!!
20240819 020524.685 INFO             PET3 !!! THE ESMF_LOG IS SET TO OUTPUT ALL LOG MESSAGES !!!
20240819 020524.685 INFO             PET3 !!!     THIS MAY CAUSE SLOWDOWN IN PERFORMANCE     !!!
20240819 020524.685 INFO             PET3 !!! FOR PRODUCTION RUNS, USE:                      !!!
20240819 020524.685 INFO             PET3 !!!                   ESMF_LOGKIND_Multi_On_Error  !!!
20240819 020524.685 INFO             PET3 !!!!!!!!!!!!!!!!!!!!!!!!!!!!!!!!!!!!!!!!!!!!!!!!!!!!!!
20240819 020524.685 INFO             PET3 Running with ESMF Version   : v8.7.0b11-4-gf6c03c51d1
20240819 020524.685 INFO             PET3 ESMF library build date/time: "Aug 19 2024" "01:34:06"
20240819 020524.685 INFO             PET3 ESMF library build location : /discover/nobackup/projects/sbu/mpotts/esmf-test/gfortran_10.1.0_intelmpi_g_develop/esmf
20240819 020524.685 INFO             PET3 ESMF_COMM                   : intelmpi
20240819 020524.685 INFO             PET3 ESMF_MOAB                   : enabled
20240819 020524.685 INFO             PET3 ESMF_LAPACK                 : enabled
20240819 020524.685 INFO             PET3 ESMF_NETCDF                 : disabled
20240819 020524.685 INFO             PET3 ESMF_PNETCDF                : disabled
20240819 020524.685 INFO             PET3 ESMF_PIO                    : disabled
20240819 020524.685 INFO             PET3 ESMF_YAMLCPP                : enabled
20240819 020524.692 INFO             PET3  NUMBER_OF_PROCESSORS           4
20240819 020524.692 INFO             PET3  PASS  Example ESMF_FieldSMMEx, ESMF_FieldSMMEx.F90, line 419
20240819 020524.692 INFO             PET3  Finalizing ESMF
