2024-08-26 03:17:01
20240826 040213.643 INFO             PET0 !!!!!!!!!!!!!!!!!!!!!!!!!!!!!!!!!!!!!!!!!!!!!!!!!!!!!!
20240826 040213.643 INFO             PET0 !!! THE ESMF_LOG IS SET TO OUTPUT ALL LOG MESSAGES !!!
20240826 040213.643 INFO             PET0 !!!     THIS MAY CAUSE SLOWDOWN IN PERFORMANCE     !!!
20240826 040213.643 INFO             PET0 !!! FOR PRODUCTION RUNS, USE:                      !!!
20240826 040213.643 INFO             PET0 !!!                   ESMF_LOGKIND_Multi_On_Error  !!!
20240826 040213.643 INFO             PET0 !!!!!!!!!!!!!!!!!!!!!!!!!!!!!!!!!!!!!!!!!!!!!!!!!!!!!!
20240826 040213.643 INFO             PET0 Running with ESMF Version   : v8.7.0b11-5-gfda68a9ac3
20240826 040213.643 INFO             PET0 ESMF library build date/time: "Aug 26 2024" "03:15:48"
20240826 040213.643 INFO             PET0 ESMF library build location : /discover/nobackup/projects/sbu/mpotts/esmf-test/gfortran_10.1.0_intelmpi_g_develop/esmf
20240826 040213.643 INFO             PET0 ESMF_COMM                   : intelmpi
20240826 040213.644 INFO             PET0 ESMF_MOAB                   : enabled
20240826 040213.644 INFO             PET0 ESMF_LAPACK                 : enabled
20240826 040213.644 INFO             PET0 ESMF_NETCDF                 : disabled
20240826 040213.644 INFO             PET0 ESMF_PNETCDF                : disabled
20240826 040213.644 INFO             PET0 ESMF_PIO                    : disabled
20240826 040213.644 INFO             PET0 ESMF_YAMLCPP                : enabled
20240826 040213.724 DEBUG            PET0 about to destroy Grid: 0x14b0be0
20240826 040213.734 DEBUG            PET0 about to destroy Grid: 0x14b1cc0
20240826 040213.760 INFO             PET0  NUMBER_OF_PROCESSORS           4
20240826 040213.760 INFO             PET0  PASS  Example ESMF_NUOPCAtmModelEx, ESMF_NUOPCAtmModelEx.F90, line 806
20240826 040213.760 INFO             PET0  Finalizing ESMF
20240826 040213.644 INFO             PET1 !!!!!!!!!!!!!!!!!!!!!!!!!!!!!!!!!!!!!!!!!!!!!!!!!!!!!!
20240826 040213.644 INFO             PET1 !!! THE ESMF_LOG IS SET TO OUTPUT ALL LOG MESSAGES !!!
20240826 040213.644 INFO             PET1 !!!     THIS MAY CAUSE SLOWDOWN IN PERFORMANCE     !!!
20240826 040213.644 INFO             PET1 !!! FOR PRODUCTION RUNS, USE:                      !!!
20240826 040213.644 INFO             PET1 !!!                   ESMF_LOGKIND_Multi_On_Error  !!!
20240826 040213.644 INFO             PET1 !!!!!!!!!!!!!!!!!!!!!!!!!!!!!!!!!!!!!!!!!!!!!!!!!!!!!!
20240826 040213.644 INFO             PET1 Running with ESMF Version   : v8.7.0b11-5-gfda68a9ac3
20240826 040213.644 INFO             PET1 ESMF library build date/time: "Aug 26 2024" "03:15:48"
20240826 040213.644 INFO             PET1 ESMF library build location : /discover/nobackup/projects/sbu/mpotts/esmf-test/gfortran_10.1.0_intelmpi_g_develop/esmf
20240826 040213.644 INFO             PET1 ESMF_COMM                   : intelmpi
20240826 040213.644 INFO             PET1 ESMF_MOAB                   : enabled
20240826 040213.644 INFO             PET1 ESMF_LAPACK                 : enabled
20240826 040213.644 INFO             PET1 ESMF_NETCDF                 : disabled
20240826 040213.644 INFO             PET1 ESMF_PNETCDF                : disabled
20240826 040213.644 INFO             PET1 ESMF_PIO                    : disabled
20240826 040213.644 INFO             PET1 ESMF_YAMLCPP                : enabled
20240826 040213.724 DEBUG            PET1 about to destroy Grid: 0x151b770
20240826 040213.734 DEBUG            PET1 about to destroy Grid: 0x151c450
20240826 040213.760 INFO             PET1  NUMBER_OF_PROCESSORS           4
20240826 040213.760 INFO             PET1  PASS  Example ESMF_NUOPCAtmModelEx, ESMF_NUOPCAtmModelEx.F90, line 806
20240826 040213.760 INFO             PET1  Finalizing ESMF
20240826 040213.643 INFO             PET2 !!!!!!!!!!!!!!!!!!!!!!!!!!!!!!!!!!!!!!!!!!!!!!!!!!!!!!
20240826 040213.643 INFO             PET2 !!! THE ESMF_LOG IS SET TO OUTPUT ALL LOG MESSAGES !!!
20240826 040213.643 INFO             PET2 !!!     THIS MAY CAUSE SLOWDOWN IN PERFORMANCE     !!!
20240826 040213.643 INFO             PET2 !!! FOR PRODUCTION RUNS, USE:                      !!!
20240826 040213.643 INFO             PET2 !!!                   ESMF_LOGKIND_Multi_On_Error  !!!
20240826 040213.643 INFO             PET2 !!!!!!!!!!!!!!!!!!!!!!!!!!!!!!!!!!!!!!!!!!!!!!!!!!!!!!
20240826 040213.643 INFO             PET2 Running with ESMF Version   : v8.7.0b11-5-gfda68a9ac3
20240826 040213.643 INFO             PET2 ESMF library build date/time: "Aug 26 2024" "03:15:48"
20240826 040213.643 INFO             PET2 ESMF library build location : /discover/nobackup/projects/sbu/mpotts/esmf-test/gfortran_10.1.0_intelmpi_g_develop/esmf
20240826 040213.643 INFO             PET2 ESMF_COMM                   : intelmpi
20240826 040213.643 INFO             PET2 ESMF_MOAB                   : enabled
20240826 040213.643 INFO             PET2 ESMF_LAPACK                 : enabled
20240826 040213.643 INFO             PET2 ESMF_NETCDF                 : disabled
20240826 040213.643 INFO             PET2 ESMF_PNETCDF                : disabled
20240826 040213.643 INFO             PET2 ESMF_PIO                    : disabled
20240826 040213.643 INFO             PET2 ESMF_YAMLCPP                : enabled
20240826 040213.724 DEBUG            PET2 about to destroy Grid: 0x235cc00
20240826 040213.734 DEBUG            PET2 about to destroy Grid: 0x235dad0
20240826 040213.761 INFO             PET2  NUMBER_OF_PROCESSORS           4
20240826 040213.761 INFO             PET2  PASS  Example ESMF_NUOPCAtmModelEx, ESMF_NUOPCAtmModelEx.F90, line 806
20240826 040213.761 INFO             PET2  Finalizing ESMF
20240826 040213.643 INFO             PET3 !!!!!!!!!!!!!!!!!!!!!!!!!!!!!!!!!!!!!!!!!!!!!!!!!!!!!!
20240826 040213.643 INFO             PET3 !!! THE ESMF_LOG IS SET TO OUTPUT ALL LOG MESSAGES !!!
20240826 040213.643 INFO             PET3 !!!     THIS MAY CAUSE SLOWDOWN IN PERFORMANCE     !!!
20240826 040213.643 INFO             PET3 !!! FOR PRODUCTION RUNS, USE:                      !!!
20240826 040213.643 INFO             PET3 !!!                   ESMF_LOGKIND_Multi_On_Error  !!!
20240826 040213.643 INFO             PET3 !!!!!!!!!!!!!!!!!!!!!!!!!!!!!!!!!!!!!!!!!!!!!!!!!!!!!!
20240826 040213.643 INFO             PET3 Running with ESMF Version   : v8.7.0b11-5-gfda68a9ac3
20240826 040213.643 INFO             PET3 ESMF library build date/time: "Aug 26 2024" "03:15:48"
20240826 040213.643 INFO             PET3 ESMF library build location : /discover/nobackup/projects/sbu/mpotts/esmf-test/gfortran_10.1.0_intelmpi_g_develop/esmf
20240826 040213.643 INFO             PET3 ESMF_COMM                   : intelmpi
20240826 040213.643 INFO             PET3 ESMF_MOAB                   : enabled
20240826 040213.643 INFO             PET3 ESMF_LAPACK                 : enabled
20240826 040213.643 INFO             PET3 ESMF_NETCDF                 : disabled
20240826 040213.643 INFO             PET3 ESMF_PNETCDF                : disabled
20240826 040213.643 INFO             PET3 ESMF_PIO                    : disabled
20240826 040213.643 INFO             PET3 ESMF_YAMLCPP                : enabled
20240826 040213.724 DEBUG            PET3 about to destroy Grid: 0x2027e90
20240826 040213.734 DEBUG            PET3 about to destroy Grid: 0x2028a70
20240826 040213.760 INFO             PET3  NUMBER_OF_PROCESSORS           4
20240826 040213.760 INFO             PET3  PASS  Example ESMF_NUOPCAtmModelEx, ESMF_NUOPCAtmModelEx.F90, line 806
20240826 040213.760 INFO             PET3  Finalizing ESMF
