2024-09-15 07:42:23
20240915 085629.022 INFO             PET0 !!!!!!!!!!!!!!!!!!!!!!!!!!!!!!!!!!!!!!!!!!!!!!!!!!!!!!
20240915 085629.022 INFO             PET0 !!! THE ESMF_LOG IS SET TO OUTPUT ALL LOG MESSAGES !!!
20240915 085629.022 INFO             PET0 !!!     THIS MAY CAUSE SLOWDOWN IN PERFORMANCE     !!!
20240915 085629.022 INFO             PET0 !!! FOR PRODUCTION RUNS, USE:                      !!!
20240915 085629.022 INFO             PET0 !!!                   ESMF_LOGKIND_Multi_On_Error  !!!
20240915 085629.022 INFO             PET0 !!!!!!!!!!!!!!!!!!!!!!!!!!!!!!!!!!!!!!!!!!!!!!!!!!!!!!
20240915 085629.022 INFO             PET0 Running with ESMF Version   : v8.7.0b14
20240915 085629.022 INFO             PET0 ESMF library build date/time: "Sep 15 2024" "07:37:35"
20240915 085629.022 INFO             PET0 ESMF library build location : /scratch2/NCEPDEV/stmp1/Gerhard.Theurich/ESMF-Nightly-Testing/nvhpc_24.1_openmpi_g_develop/esmf
20240915 085629.022 INFO             PET0 ESMF_COMM                   : openmpi
20240915 085629.022 INFO             PET0 ESMF_MOAB                   : enabled
20240915 085629.022 INFO             PET0 ESMF_LAPACK                 : enabled
20240915 085629.022 INFO             PET0 ESMF_NETCDF                 : disabled
20240915 085629.022 INFO             PET0 ESMF_PNETCDF                : disabled
20240915 085629.022 INFO             PET0 ESMF_PIO                    : disabled
20240915 085629.022 INFO             PET0 ESMF_YAMLCPP                : enabled
20240915 085629.027 INFO             PET0 =============================================
20240915 085629.027 INFO             PET0 ESMX (Earth System Model eXecutable) STARTING
20240915 085629.027 INFO             PET0 =============================================
20240915 085629.038 INFO             PET0 ESMX_Driver: InitializeGeneric intro.
20240915 085629.039 INFO             PET0   ESMX_Driver: InitializeP0 intro.
20240915 085629.039 INFO             PET0   ESMX_Driver: InitializeP0 extro.
20240915 085629.039 INFO             PET0   ESMX_Driver: InitializeIPDv02p1 intro.
20240915 085629.039 INFO             PET0     >>>ESMX_Driver: entered Initialize (phase=<none>) without valid internal Clock.
20240915 085629.045 INFO             PET0     ESMX_Driver - Creating model component ABC without petList.
20240915 085629.045 DEBUG            PET0     Generic SetVM() is executing for: ABC
20240915 085629.045 DEBUG            PET0     Generic SetVM() found no NUOPC Hint for: ABC
20240915 085629.045 DEBUG            PET0     Generic SetVM() therefore is NOT calling ESMF_GridCompSetVMMaxPEs() for: ABC
20240915 085629.050 INFO             PET0     ABC: InitializeP0 intro.
20240915 085629.050 INFO             PET0       >>>ABC: entered Initialize (phase=<none>) without valid internal Clock.
20240915 085629.052 INFO             PET0       <<<ABC: leaving Initialize (phase=<none>) without valid internal Clock.
20240915 085629.052 INFO             PET0     ABC: InitializeP0 extro.
20240915 085629.055 INFO             PET0     ESMX_Driver: IInitAdvertise intro.
20240915 085629.055 INFO             PET0     ESMX_Driver: IInitAdvertise extro.
20240915 085629.056 INFO             PET0     ABC: InitializeIPDvXp01 intro.
20240915 085629.056 INFO             PET0       >>>ABC: entered Initialize (phase=IPDvXp01) without valid internal Clock.
20240915 085629.056 INFO             PET0       <<<ABC: leaving Initialize (phase=IPDvXp01) without valid internal Clock.
20240915 085629.056 INFO             PET0     ABC: InitializeIPDvXp01 extro.
20240915 085629.057 INFO             PET0     ESMX_Driver: IInitAdvertiseFinish intro.
20240915 085629.057 INFO             PET0     ESMX_Driver: IInitAdvertiseFinish extro.
20240915 085629.058 INFO             PET0     ESMX_Driver: IInitModifyCplLists intro.
20240915 085629.058 INFO             PET0     ESMX_Driver: IInitModifyCplLists extro.
20240915 085629.058 INFO             PET0     <<<ESMX_Driver: leaving Initialize (phase=<none>) with current time: 2012 10 24  8  0  0   0
20240915 085629.058 INFO             PET0   ESMX_Driver: InitializeIPDv02p1 extro.
20240915 085629.058 INFO             PET0   ESMX_Driver: InitializeIPDv02p3 intro.
20240915 085629.058 INFO             PET0     >>>ESMX_Driver: entered Initialize (phase=<none>) with current time: 2012 10 24  8  0  0   0
20240915 085629.058 INFO             PET0     ESMX_Driver: IInitCheck intro.
20240915 085629.058 INFO             PET0     ESMX_Driver: IInitCheck extro.
20240915 085629.058 INFO             PET0     ABC: InitializeIPDvXp04 intro.
20240915 085629.059 INFO             PET0       >>>ABC: entered Initialize (phase=IPDvXp04) without valid internal Clock.
20240915 085629.060 INFO             PET0       <<<ABC: leaving Initialize (phase=IPDvXp04) without valid internal Clock.
20240915 085629.060 INFO             PET0     ABC: InitializeIPDvXp04 extro.
20240915 085629.061 INFO             PET0     ESMX_Driver: IInitRealize intro.
20240915 085629.061 INFO             PET0     ESMX_Driver: IInitRealize extro.
20240915 085629.061 INFO             PET0     ABC: InitializeIPDvXp07 intro.
20240915 085629.061 INFO             PET0       >>>ABC: entered Initialize (phase=IPDvXp07) without valid internal Clock.
20240915 085629.062 INFO             PET0       <<<ABC: leaving Initialize (phase=IPDvXp07) with current time: 2012 10 24  8  0  0   0
20240915 085629.062 INFO             PET0     ABC: InitializeIPDvXp07 extro.
20240915 085629.062 INFO             PET0     <<<ESMX_Driver: leaving Initialize (phase=<none>) with current time: 2012 10 24  8  0  0   0
20240915 085629.062 INFO             PET0   ESMX_Driver: InitializeIPDv02p3 extro.
20240915 085629.062 INFO             PET0   ESMX_Driver: InitializeIPDv02p5 intro.
20240915 085629.062 INFO             PET0     >>>ESMX_Driver: entered Initialize (phase=<none>) with current time: 2012 10 24  8  0  0   0
20240915 085629.062 INFO             PET0     ESMX_Driver: InitializeIPDv02p5Data intro.
20240915 085629.062 INFO             PET0       ESMX_Driver: InternalInitializeComplete intro.
20240915 085629.062 INFO             PET0       ESMX_Driver: InternalInitializeComplete extro.
20240915 085629.062 INFO             PET0       ABC: InitializeIPDvXp08 intro.
20240915 085629.062 INFO             PET0         >>>ABC: entered Initialize (phase=IPDv05p8) with current time: 2012 10 24  8  0  0   0
20240915 085629.063 INFO             PET0         <<<ABC: leaving Initialize (phase=IPDv05p8) with current time: 2012 10 24  8  0  0   0
20240915 085629.063 INFO             PET0       ABC: InitializeIPDvXp08 extro.
20240915 085629.064 INFO             PET0       ESMX_Driver: loopDataDependentInitialize intro.
20240915 085629.064 INFO             PET0       ESMX_Driver: loopDataDependentInitialize extro.
20240915 085629.064 INFO             PET0     ESMX_Driver: InitializeIPDv02p5Data extro.
20240915 085629.064 INFO             PET0     <<<ESMX_Driver: leaving Initialize (phase=<none>) with current time: 2012 10 24  8  0  0   0
20240915 085629.064 INFO             PET0   ESMX_Driver: InitializeIPDv02p5 extro.
20240915 085629.064 INFO             PET0 ESMX_Driver: InitializeGeneric extro.
20240915 085629.064 INFO             PET0 ESMX_Driver: Run intro.
20240915 085629.064 INFO             PET0   >>>ESMX_Driver: entered Run (phase=RunPhase1) with current time: 2012 10 24  8  0  0   0
20240915 085629.065 INFO             PET0   ABC: Run intro.
20240915 085629.065 INFO             PET0     >>>ABC: entered Run (phase=RunPhase1) with current time: 2012 10 24  8  0  0   0
20240915 085629.065 INFO             PET0     <<<ABC: leaving Run (phase=RunPhase1) with current time: 2012 10 24 20  0  0   0
20240915 085629.065 INFO             PET0   ABC: Run extro.
20240915 085629.065 INFO             PET0   <<<ESMX_Driver: leaving Run (phase=RunPhase1) with current time: 2012 10 24 20  0  0   0
20240915 085629.065 INFO             PET0 ESMX_Driver: Run extro.
20240915 085629.065 INFO             PET0 ESMX_Driver: Finalize intro.
20240915 085629.065 INFO             PET0   Calling Finalize phase 1 for modelComp: ABC
20240915 085629.065 INFO             PET0   ABC: Finalize intro.
20240915 085629.065 INFO             PET0     >>>ABC: entered Finalize (phase=FinalizePhase1) with current time: 2012 10 24 20  0  0   0
20240915 085629.066 INFO             PET0     <<<ABC: leaving Finalize (phase=FinalizePhase1) with current time: 2012 10 24 20  0  0   0
20240915 085629.066 INFO             PET0   ABC: Finalize extro.
20240915 085629.066 INFO             PET0   Delete modelComp: ABC
20240915 085629.066 INFO             PET0 ESMX_Driver: Finalize extro.
20240915 085629.066 INFO             PET0 =============================================
20240915 085629.066 INFO             PET0 ESMX (Earth System Model eXecutable) FINISHED
20240915 085629.066 INFO             PET0 =============================================
20240915 085629.066 INFO             PET0  Finalizing ESMF
20240915 085629.022 INFO             PET1 !!!!!!!!!!!!!!!!!!!!!!!!!!!!!!!!!!!!!!!!!!!!!!!!!!!!!!
20240915 085629.022 INFO             PET1 !!! THE ESMF_LOG IS SET TO OUTPUT ALL LOG MESSAGES !!!
20240915 085629.022 INFO             PET1 !!!     THIS MAY CAUSE SLOWDOWN IN PERFORMANCE     !!!
20240915 085629.022 INFO             PET1 !!! FOR PRODUCTION RUNS, USE:                      !!!
20240915 085629.022 INFO             PET1 !!!                   ESMF_LOGKIND_Multi_On_Error  !!!
20240915 085629.022 INFO             PET1 !!!!!!!!!!!!!!!!!!!!!!!!!!!!!!!!!!!!!!!!!!!!!!!!!!!!!!
20240915 085629.022 INFO             PET1 Running with ESMF Version   : v8.7.0b14
20240915 085629.022 INFO             PET1 ESMF library build date/time: "Sep 15 2024" "07:37:35"
20240915 085629.022 INFO             PET1 ESMF library build location : /scratch2/NCEPDEV/stmp1/Gerhard.Theurich/ESMF-Nightly-Testing/nvhpc_24.1_openmpi_g_develop/esmf
20240915 085629.022 INFO             PET1 ESMF_COMM                   : openmpi
20240915 085629.023 INFO             PET1 ESMF_MOAB                   : enabled
20240915 085629.023 INFO             PET1 ESMF_LAPACK                 : enabled
20240915 085629.023 INFO             PET1 ESMF_NETCDF                 : disabled
20240915 085629.023 INFO             PET1 ESMF_PNETCDF                : disabled
20240915 085629.023 INFO             PET1 ESMF_PIO                    : disabled
20240915 085629.023 INFO             PET1 ESMF_YAMLCPP                : enabled
20240915 085629.027 INFO             PET1 =============================================
20240915 085629.027 INFO             PET1 ESMX (Earth System Model eXecutable) STARTING
20240915 085629.027 INFO             PET1 =============================================
20240915 085629.038 INFO             PET1 ESMX_Driver: InitializeGeneric intro.
20240915 085629.039 INFO             PET1   ESMX_Driver: InitializeP0 intro.
20240915 085629.039 INFO             PET1   ESMX_Driver: InitializeP0 extro.
20240915 085629.039 INFO             PET1   ESMX_Driver: InitializeIPDv02p1 intro.
20240915 085629.039 INFO             PET1     >>>ESMX_Driver: entered Initialize (phase=<none>) without valid internal Clock.
20240915 085629.045 INFO             PET1     ESMX_Driver - Creating model component ABC without petList.
20240915 085629.045 DEBUG            PET1     Generic SetVM() is executing for: ABC
20240915 085629.045 DEBUG            PET1     Generic SetVM() found no NUOPC Hint for: ABC
20240915 085629.045 DEBUG            PET1     Generic SetVM() therefore is NOT calling ESMF_GridCompSetVMMaxPEs() for: ABC
20240915 085629.050 INFO             PET1     ABC: InitializeP0 intro.
20240915 085629.050 INFO             PET1       >>>ABC: entered Initialize (phase=<none>) without valid internal Clock.
20240915 085629.052 INFO             PET1       <<<ABC: leaving Initialize (phase=<none>) without valid internal Clock.
20240915 085629.052 INFO             PET1     ABC: InitializeP0 extro.
20240915 085629.055 INFO             PET1     ESMX_Driver: IInitAdvertise intro.
20240915 085629.056 INFO             PET1     ESMX_Driver: IInitAdvertise extro.
20240915 085629.056 INFO             PET1     ABC: InitializeIPDvXp01 intro.
20240915 085629.056 INFO             PET1       >>>ABC: entered Initialize (phase=IPDvXp01) without valid internal Clock.
20240915 085629.057 INFO             PET1       <<<ABC: leaving Initialize (phase=IPDvXp01) without valid internal Clock.
20240915 085629.057 INFO             PET1     ABC: InitializeIPDvXp01 extro.
20240915 085629.058 INFO             PET1     ESMX_Driver: IInitAdvertiseFinish intro.
20240915 085629.058 INFO             PET1     ESMX_Driver: IInitAdvertiseFinish extro.
20240915 085629.058 INFO             PET1     ESMX_Driver: IInitModifyCplLists intro.
20240915 085629.058 INFO             PET1     ESMX_Driver: IInitModifyCplLists extro.
20240915 085629.058 INFO             PET1     <<<ESMX_Driver: leaving Initialize (phase=<none>) with current time: 2012 10 24  8  0  0   0
20240915 085629.058 INFO             PET1   ESMX_Driver: InitializeIPDv02p1 extro.
20240915 085629.058 INFO             PET1   ESMX_Driver: InitializeIPDv02p3 intro.
20240915 085629.058 INFO             PET1     >>>ESMX_Driver: entered Initialize (phase=<none>) with current time: 2012 10 24  8  0  0   0
20240915 085629.058 INFO             PET1     ESMX_Driver: IInitCheck intro.
20240915 085629.059 INFO             PET1     ESMX_Driver: IInitCheck extro.
20240915 085629.059 INFO             PET1     ABC: InitializeIPDvXp04 intro.
20240915 085629.059 INFO             PET1       >>>ABC: entered Initialize (phase=IPDvXp04) without valid internal Clock.
20240915 085629.060 INFO             PET1       <<<ABC: leaving Initialize (phase=IPDvXp04) without valid internal Clock.
20240915 085629.060 INFO             PET1     ABC: InitializeIPDvXp04 extro.
20240915 085629.061 INFO             PET1     ESMX_Driver: IInitRealize intro.
20240915 085629.061 INFO             PET1     ESMX_Driver: IInitRealize extro.
20240915 085629.061 INFO             PET1     ABC: InitializeIPDvXp07 intro.
20240915 085629.062 INFO             PET1       >>>ABC: entered Initialize (phase=IPDvXp07) without valid internal Clock.
20240915 085629.062 INFO             PET1       <<<ABC: leaving Initialize (phase=IPDvXp07) with current time: 2012 10 24  8  0  0   0
20240915 085629.062 INFO             PET1     ABC: InitializeIPDvXp07 extro.
20240915 085629.062 INFO             PET1     <<<ESMX_Driver: leaving Initialize (phase=<none>) with current time: 2012 10 24  8  0  0   0
20240915 085629.062 INFO             PET1   ESMX_Driver: InitializeIPDv02p3 extro.
20240915 085629.062 INFO             PET1   ESMX_Driver: InitializeIPDv02p5 intro.
20240915 085629.062 INFO             PET1     >>>ESMX_Driver: entered Initialize (phase=<none>) with current time: 2012 10 24  8  0  0   0
20240915 085629.062 INFO             PET1     ESMX_Driver: InitializeIPDv02p5Data intro.
20240915 085629.062 INFO             PET1       ESMX_Driver: InternalInitializeComplete intro.
20240915 085629.062 INFO             PET1       ESMX_Driver: InternalInitializeComplete extro.
20240915 085629.062 INFO             PET1       ABC: InitializeIPDvXp08 intro.
20240915 085629.063 INFO             PET1         >>>ABC: entered Initialize (phase=IPDv05p8) with current time: 2012 10 24  8  0  0   0
20240915 085629.063 INFO             PET1         <<<ABC: leaving Initialize (phase=IPDv05p8) with current time: 2012 10 24  8  0  0   0
20240915 085629.063 INFO             PET1       ABC: InitializeIPDvXp08 extro.
20240915 085629.064 INFO             PET1       ESMX_Driver: loopDataDependentInitialize intro.
20240915 085629.064 INFO             PET1       ESMX_Driver: loopDataDependentInitialize extro.
20240915 085629.064 INFO             PET1     ESMX_Driver: InitializeIPDv02p5Data extro.
20240915 085629.064 INFO             PET1     <<<ESMX_Driver: leaving Initialize (phase=<none>) with current time: 2012 10 24  8  0  0   0
20240915 085629.064 INFO             PET1   ESMX_Driver: InitializeIPDv02p5 extro.
20240915 085629.064 INFO             PET1 ESMX_Driver: InitializeGeneric extro.
20240915 085629.064 INFO             PET1 ESMX_Driver: Run intro.
20240915 085629.064 INFO             PET1   >>>ESMX_Driver: entered Run (phase=RunPhase1) with current time: 2012 10 24  8  0  0   0
20240915 085629.065 INFO             PET1   ABC: Run intro.
20240915 085629.065 INFO             PET1     >>>ABC: entered Run (phase=RunPhase1) with current time: 2012 10 24  8  0  0   0
20240915 085629.065 INFO             PET1     <<<ABC: leaving Run (phase=RunPhase1) with current time: 2012 10 24 20  0  0   0
20240915 085629.065 INFO             PET1   ABC: Run extro.
20240915 085629.065 INFO             PET1   <<<ESMX_Driver: leaving Run (phase=RunPhase1) with current time: 2012 10 24 20  0  0   0
20240915 085629.065 INFO             PET1 ESMX_Driver: Run extro.
20240915 085629.065 INFO             PET1 ESMX_Driver: Finalize intro.
20240915 085629.065 INFO             PET1   Calling Finalize phase 1 for modelComp: ABC
20240915 085629.065 INFO             PET1   ABC: Finalize intro.
20240915 085629.065 INFO             PET1     >>>ABC: entered Finalize (phase=FinalizePhase1) with current time: 2012 10 24 20  0  0   0
20240915 085629.065 INFO             PET1     <<<ABC: leaving Finalize (phase=FinalizePhase1) with current time: 2012 10 24 20  0  0   0
20240915 085629.065 INFO             PET1   ABC: Finalize extro.
20240915 085629.066 INFO             PET1   Delete modelComp: ABC
20240915 085629.066 INFO             PET1 ESMX_Driver: Finalize extro.
20240915 085629.066 INFO             PET1 =============================================
20240915 085629.066 INFO             PET1 ESMX (Earth System Model eXecutable) FINISHED
20240915 085629.066 INFO             PET1 =============================================
20240915 085629.066 INFO             PET1  Finalizing ESMF
20240915 085629.022 INFO             PET2 !!!!!!!!!!!!!!!!!!!!!!!!!!!!!!!!!!!!!!!!!!!!!!!!!!!!!!
20240915 085629.022 INFO             PET2 !!! THE ESMF_LOG IS SET TO OUTPUT ALL LOG MESSAGES !!!
20240915 085629.022 INFO             PET2 !!!     THIS MAY CAUSE SLOWDOWN IN PERFORMANCE     !!!
20240915 085629.022 INFO             PET2 !!! FOR PRODUCTION RUNS, USE:                      !!!
20240915 085629.022 INFO             PET2 !!!                   ESMF_LOGKIND_Multi_On_Error  !!!
20240915 085629.022 INFO             PET2 !!!!!!!!!!!!!!!!!!!!!!!!!!!!!!!!!!!!!!!!!!!!!!!!!!!!!!
20240915 085629.022 INFO             PET2 Running with ESMF Version   : v8.7.0b14
20240915 085629.022 INFO             PET2 ESMF library build date/time: "Sep 15 2024" "07:37:35"
20240915 085629.022 INFO             PET2 ESMF library build location : /scratch2/NCEPDEV/stmp1/Gerhard.Theurich/ESMF-Nightly-Testing/nvhpc_24.1_openmpi_g_develop/esmf
20240915 085629.022 INFO             PET2 ESMF_COMM                   : openmpi
20240915 085629.023 INFO             PET2 ESMF_MOAB                   : enabled
20240915 085629.023 INFO             PET2 ESMF_LAPACK                 : enabled
20240915 085629.023 INFO             PET2 ESMF_NETCDF                 : disabled
20240915 085629.023 INFO             PET2 ESMF_PNETCDF                : disabled
20240915 085629.023 INFO             PET2 ESMF_PIO                    : disabled
20240915 085629.023 INFO             PET2 ESMF_YAMLCPP                : enabled
20240915 085629.027 INFO             PET2 =============================================
20240915 085629.027 INFO             PET2 ESMX (Earth System Model eXecutable) STARTING
20240915 085629.027 INFO             PET2 =============================================
20240915 085629.038 INFO             PET2 ESMX_Driver: InitializeGeneric intro.
20240915 085629.038 INFO             PET2   ESMX_Driver: InitializeP0 intro.
20240915 085629.039 INFO             PET2   ESMX_Driver: InitializeP0 extro.
20240915 085629.039 INFO             PET2   ESMX_Driver: InitializeIPDv02p1 intro.
20240915 085629.039 INFO             PET2     >>>ESMX_Driver: entered Initialize (phase=<none>) without valid internal Clock.
20240915 085629.045 INFO             PET2     ESMX_Driver - Creating model component ABC without petList.
20240915 085629.045 DEBUG            PET2     Generic SetVM() is executing for: ABC
20240915 085629.045 DEBUG            PET2     Generic SetVM() found no NUOPC Hint for: ABC
20240915 085629.045 DEBUG            PET2     Generic SetVM() therefore is NOT calling ESMF_GridCompSetVMMaxPEs() for: ABC
20240915 085629.050 INFO             PET2     ABC: InitializeP0 intro.
20240915 085629.050 INFO             PET2       >>>ABC: entered Initialize (phase=<none>) without valid internal Clock.
20240915 085629.051 INFO             PET2       <<<ABC: leaving Initialize (phase=<none>) without valid internal Clock.
20240915 085629.052 INFO             PET2     ABC: InitializeP0 extro.
20240915 085629.055 INFO             PET2     ESMX_Driver: IInitAdvertise intro.
20240915 085629.055 INFO             PET2     ESMX_Driver: IInitAdvertise extro.
20240915 085629.056 INFO             PET2     ABC: InitializeIPDvXp01 intro.
20240915 085629.056 INFO             PET2       >>>ABC: entered Initialize (phase=IPDvXp01) without valid internal Clock.
20240915 085629.056 INFO             PET2       <<<ABC: leaving Initialize (phase=IPDvXp01) without valid internal Clock.
20240915 085629.057 INFO             PET2     ABC: InitializeIPDvXp01 extro.
20240915 085629.057 INFO             PET2     ESMX_Driver: IInitAdvertiseFinish intro.
20240915 085629.058 INFO             PET2     ESMX_Driver: IInitAdvertiseFinish extro.
20240915 085629.058 INFO             PET2     ESMX_Driver: IInitModifyCplLists intro.
20240915 085629.058 INFO             PET2     ESMX_Driver: IInitModifyCplLists extro.
20240915 085629.058 INFO             PET2     <<<ESMX_Driver: leaving Initialize (phase=<none>) with current time: 2012 10 24  8  0  0   0
20240915 085629.058 INFO             PET2   ESMX_Driver: InitializeIPDv02p1 extro.
20240915 085629.058 INFO             PET2   ESMX_Driver: InitializeIPDv02p3 intro.
20240915 085629.058 INFO             PET2     >>>ESMX_Driver: entered Initialize (phase=<none>) with current time: 2012 10 24  8  0  0   0
20240915 085629.058 INFO             PET2     ESMX_Driver: IInitCheck intro.
20240915 085629.058 INFO             PET2     ESMX_Driver: IInitCheck extro.
20240915 085629.059 INFO             PET2     ABC: InitializeIPDvXp04 intro.
20240915 085629.059 INFO             PET2       >>>ABC: entered Initialize (phase=IPDvXp04) without valid internal Clock.
20240915 085629.060 INFO             PET2       <<<ABC: leaving Initialize (phase=IPDvXp04) without valid internal Clock.
20240915 085629.060 INFO             PET2     ABC: InitializeIPDvXp04 extro.
20240915 085629.061 INFO             PET2     ESMX_Driver: IInitRealize intro.
20240915 085629.061 INFO             PET2     ESMX_Driver: IInitRealize extro.
20240915 085629.061 INFO             PET2     ABC: InitializeIPDvXp07 intro.
20240915 085629.062 INFO             PET2       >>>ABC: entered Initialize (phase=IPDvXp07) without valid internal Clock.
20240915 085629.062 INFO             PET2       <<<ABC: leaving Initialize (phase=IPDvXp07) with current time: 2012 10 24  8  0  0   0
20240915 085629.062 INFO             PET2     ABC: InitializeIPDvXp07 extro.
20240915 085629.062 INFO             PET2     <<<ESMX_Driver: leaving Initialize (phase=<none>) with current time: 2012 10 24  8  0  0   0
20240915 085629.062 INFO             PET2   ESMX_Driver: InitializeIPDv02p3 extro.
20240915 085629.062 INFO             PET2   ESMX_Driver: InitializeIPDv02p5 intro.
20240915 085629.062 INFO             PET2     >>>ESMX_Driver: entered Initialize (phase=<none>) with current time: 2012 10 24  8  0  0   0
20240915 085629.062 INFO             PET2     ESMX_Driver: InitializeIPDv02p5Data intro.
20240915 085629.062 INFO             PET2       ESMX_Driver: InternalInitializeComplete intro.
20240915 085629.062 INFO             PET2       ESMX_Driver: InternalInitializeComplete extro.
20240915 085629.062 INFO             PET2       ABC: InitializeIPDvXp08 intro.
20240915 085629.063 INFO             PET2         >>>ABC: entered Initialize (phase=IPDv05p8) with current time: 2012 10 24  8  0  0   0
20240915 085629.063 INFO             PET2         <<<ABC: leaving Initialize (phase=IPDv05p8) with current time: 2012 10 24  8  0  0   0
20240915 085629.063 INFO             PET2       ABC: InitializeIPDvXp08 extro.
20240915 085629.064 INFO             PET2       ESMX_Driver: loopDataDependentInitialize intro.
20240915 085629.064 INFO             PET2       ESMX_Driver: loopDataDependentInitialize extro.
20240915 085629.064 INFO             PET2     ESMX_Driver: InitializeIPDv02p5Data extro.
20240915 085629.064 INFO             PET2     <<<ESMX_Driver: leaving Initialize (phase=<none>) with current time: 2012 10 24  8  0  0   0
20240915 085629.064 INFO             PET2   ESMX_Driver: InitializeIPDv02p5 extro.
20240915 085629.064 INFO             PET2 ESMX_Driver: InitializeGeneric extro.
20240915 085629.064 INFO             PET2 ESMX_Driver: Run intro.
20240915 085629.064 INFO             PET2   >>>ESMX_Driver: entered Run (phase=RunPhase1) with current time: 2012 10 24  8  0  0   0
20240915 085629.065 INFO             PET2   ABC: Run intro.
20240915 085629.065 INFO             PET2     >>>ABC: entered Run (phase=RunPhase1) with current time: 2012 10 24  8  0  0   0
20240915 085629.065 INFO             PET2     <<<ABC: leaving Run (phase=RunPhase1) with current time: 2012 10 24 20  0  0   0
20240915 085629.065 INFO             PET2   ABC: Run extro.
20240915 085629.065 INFO             PET2   <<<ESMX_Driver: leaving Run (phase=RunPhase1) with current time: 2012 10 24 20  0  0   0
20240915 085629.065 INFO             PET2 ESMX_Driver: Run extro.
20240915 085629.065 INFO             PET2 ESMX_Driver: Finalize intro.
20240915 085629.065 INFO             PET2   Calling Finalize phase 1 for modelComp: ABC
20240915 085629.065 INFO             PET2   ABC: Finalize intro.
20240915 085629.065 INFO             PET2     >>>ABC: entered Finalize (phase=FinalizePhase1) with current time: 2012 10 24 20  0  0   0
20240915 085629.065 INFO             PET2     <<<ABC: leaving Finalize (phase=FinalizePhase1) with current time: 2012 10 24 20  0  0   0
20240915 085629.065 INFO             PET2   ABC: Finalize extro.
20240915 085629.065 INFO             PET2   Delete modelComp: ABC
20240915 085629.066 INFO             PET2 ESMX_Driver: Finalize extro.
20240915 085629.066 INFO             PET2 =============================================
20240915 085629.066 INFO             PET2 ESMX (Earth System Model eXecutable) FINISHED
20240915 085629.066 INFO             PET2 =============================================
20240915 085629.066 INFO             PET2  Finalizing ESMF
20240915 085629.021 INFO             PET3 !!!!!!!!!!!!!!!!!!!!!!!!!!!!!!!!!!!!!!!!!!!!!!!!!!!!!!
20240915 085629.022 INFO             PET3 !!! THE ESMF_LOG IS SET TO OUTPUT ALL LOG MESSAGES !!!
20240915 085629.022 INFO             PET3 !!!     THIS MAY CAUSE SLOWDOWN IN PERFORMANCE     !!!
20240915 085629.022 INFO             PET3 !!! FOR PRODUCTION RUNS, USE:                      !!!
20240915 085629.022 INFO             PET3 !!!                   ESMF_LOGKIND_Multi_On_Error  !!!
20240915 085629.022 INFO             PET3 !!!!!!!!!!!!!!!!!!!!!!!!!!!!!!!!!!!!!!!!!!!!!!!!!!!!!!
20240915 085629.022 INFO             PET3 Running with ESMF Version   : v8.7.0b14
20240915 085629.022 INFO             PET3 ESMF library build date/time: "Sep 15 2024" "07:37:35"
20240915 085629.022 INFO             PET3 ESMF library build location : /scratch2/NCEPDEV/stmp1/Gerhard.Theurich/ESMF-Nightly-Testing/nvhpc_24.1_openmpi_g_develop/esmf
20240915 085629.022 INFO             PET3 ESMF_COMM                   : openmpi
20240915 085629.022 INFO             PET3 ESMF_MOAB                   : enabled
20240915 085629.022 INFO             PET3 ESMF_LAPACK                 : enabled
20240915 085629.022 INFO             PET3 ESMF_NETCDF                 : disabled
20240915 085629.022 INFO             PET3 ESMF_PNETCDF                : disabled
20240915 085629.022 INFO             PET3 ESMF_PIO                    : disabled
20240915 085629.022 INFO             PET3 ESMF_YAMLCPP                : enabled
20240915 085629.030 INFO             PET3 =============================================
20240915 085629.031 INFO             PET3 ESMX (Earth System Model eXecutable) STARTING
20240915 085629.031 INFO             PET3 =============================================
20240915 085629.040 INFO             PET3 ESMX_Driver: InitializeGeneric intro.
20240915 085629.040 INFO             PET3   ESMX_Driver: InitializeP0 intro.
20240915 085629.040 INFO             PET3   ESMX_Driver: InitializeP0 extro.
20240915 085629.040 INFO             PET3   ESMX_Driver: InitializeIPDv02p1 intro.
20240915 085629.041 INFO             PET3     >>>ESMX_Driver: entered Initialize (phase=<none>) without valid internal Clock.
20240915 085629.045 INFO             PET3     ESMX_Driver - Creating model component ABC without petList.
20240915 085629.045 DEBUG            PET3     Generic SetVM() is executing for: ABC
20240915 085629.045 DEBUG            PET3     Generic SetVM() found no NUOPC Hint for: ABC
20240915 085629.045 DEBUG            PET3     Generic SetVM() therefore is NOT calling ESMF_GridCompSetVMMaxPEs() for: ABC
20240915 085629.050 INFO             PET3     ABC: InitializeP0 intro.
20240915 085629.050 INFO             PET3       >>>ABC: entered Initialize (phase=<none>) without valid internal Clock.
20240915 085629.052 INFO             PET3       <<<ABC: leaving Initialize (phase=<none>) without valid internal Clock.
20240915 085629.052 INFO             PET3     ABC: InitializeP0 extro.
20240915 085629.055 INFO             PET3     ESMX_Driver: IInitAdvertise intro.
20240915 085629.056 INFO             PET3     ESMX_Driver: IInitAdvertise extro.
20240915 085629.056 INFO             PET3     ABC: InitializeIPDvXp01 intro.
20240915 085629.056 INFO             PET3       >>>ABC: entered Initialize (phase=IPDvXp01) without valid internal Clock.
20240915 085629.057 INFO             PET3       <<<ABC: leaving Initialize (phase=IPDvXp01) without valid internal Clock.
20240915 085629.057 INFO             PET3     ABC: InitializeIPDvXp01 extro.
20240915 085629.058 INFO             PET3     ESMX_Driver: IInitAdvertiseFinish intro.
20240915 085629.058 INFO             PET3     ESMX_Driver: IInitAdvertiseFinish extro.
20240915 085629.058 INFO             PET3     ESMX_Driver: IInitModifyCplLists intro.
20240915 085629.058 INFO             PET3     ESMX_Driver: IInitModifyCplLists extro.
20240915 085629.058 INFO             PET3     <<<ESMX_Driver: leaving Initialize (phase=<none>) with current time: 2012 10 24  8  0  0   0
20240915 085629.058 INFO             PET3   ESMX_Driver: InitializeIPDv02p1 extro.
20240915 085629.058 INFO             PET3   ESMX_Driver: InitializeIPDv02p3 intro.
20240915 085629.058 INFO             PET3     >>>ESMX_Driver: entered Initialize (phase=<none>) with current time: 2012 10 24  8  0  0   0
20240915 085629.058 INFO             PET3     ESMX_Driver: IInitCheck intro.
20240915 085629.059 INFO             PET3     ESMX_Driver: IInitCheck extro.
20240915 085629.059 INFO             PET3     ABC: InitializeIPDvXp04 intro.
20240915 085629.059 INFO             PET3       >>>ABC: entered Initialize (phase=IPDvXp04) without valid internal Clock.
20240915 085629.060 INFO             PET3       <<<ABC: leaving Initialize (phase=IPDvXp04) without valid internal Clock.
20240915 085629.060 INFO             PET3     ABC: InitializeIPDvXp04 extro.
20240915 085629.061 INFO             PET3     ESMX_Driver: IInitRealize intro.
20240915 085629.061 INFO             PET3     ESMX_Driver: IInitRealize extro.
20240915 085629.061 INFO             PET3     ABC: InitializeIPDvXp07 intro.
20240915 085629.062 INFO             PET3       >>>ABC: entered Initialize (phase=IPDvXp07) without valid internal Clock.
20240915 085629.062 INFO             PET3       <<<ABC: leaving Initialize (phase=IPDvXp07) with current time: 2012 10 24  8  0  0   0
20240915 085629.062 INFO             PET3     ABC: InitializeIPDvXp07 extro.
20240915 085629.062 INFO             PET3     <<<ESMX_Driver: leaving Initialize (phase=<none>) with current time: 2012 10 24  8  0  0   0
20240915 085629.062 INFO             PET3   ESMX_Driver: InitializeIPDv02p3 extro.
20240915 085629.062 INFO             PET3   ESMX_Driver: InitializeIPDv02p5 intro.
20240915 085629.062 INFO             PET3     >>>ESMX_Driver: entered Initialize (phase=<none>) with current time: 2012 10 24  8  0  0   0
20240915 085629.062 INFO             PET3     ESMX_Driver: InitializeIPDv02p5Data intro.
20240915 085629.062 INFO             PET3       ESMX_Driver: InternalInitializeComplete intro.
20240915 085629.062 INFO             PET3       ESMX_Driver: InternalInitializeComplete extro.
20240915 085629.062 INFO             PET3       ABC: InitializeIPDvXp08 intro.
20240915 085629.063 INFO             PET3         >>>ABC: entered Initialize (phase=IPDv05p8) with current time: 2012 10 24  8  0  0   0
20240915 085629.063 INFO             PET3         <<<ABC: leaving Initialize (phase=IPDv05p8) with current time: 2012 10 24  8  0  0   0
20240915 085629.063 INFO             PET3       ABC: InitializeIPDvXp08 extro.
20240915 085629.064 INFO             PET3       ESMX_Driver: loopDataDependentInitialize intro.
20240915 085629.064 INFO             PET3       ESMX_Driver: loopDataDependentInitialize extro.
20240915 085629.064 INFO             PET3     ESMX_Driver: InitializeIPDv02p5Data extro.
20240915 085629.064 INFO             PET3     <<<ESMX_Driver: leaving Initialize (phase=<none>) with current time: 2012 10 24  8  0  0   0
20240915 085629.064 INFO             PET3   ESMX_Driver: InitializeIPDv02p5 extro.
20240915 085629.064 INFO             PET3 ESMX_Driver: InitializeGeneric extro.
20240915 085629.064 INFO             PET3 ESMX_Driver: Run intro.
20240915 085629.064 INFO             PET3   >>>ESMX_Driver: entered Run (phase=RunPhase1) with current time: 2012 10 24  8  0  0   0
20240915 085629.065 INFO             PET3   ABC: Run intro.
20240915 085629.065 INFO             PET3     >>>ABC: entered Run (phase=RunPhase1) with current time: 2012 10 24  8  0  0   0
20240915 085629.065 INFO             PET3     <<<ABC: leaving Run (phase=RunPhase1) with current time: 2012 10 24 20  0  0   0
20240915 085629.065 INFO             PET3   ABC: Run extro.
20240915 085629.065 INFO             PET3   <<<ESMX_Driver: leaving Run (phase=RunPhase1) with current time: 2012 10 24 20  0  0   0
20240915 085629.065 INFO             PET3 ESMX_Driver: Run extro.
20240915 085629.065 INFO             PET3 ESMX_Driver: Finalize intro.
20240915 085629.065 INFO             PET3   Calling Finalize phase 1 for modelComp: ABC
20240915 085629.065 INFO             PET3   ABC: Finalize intro.
20240915 085629.065 INFO             PET3     >>>ABC: entered Finalize (phase=FinalizePhase1) with current time: 2012 10 24 20  0  0   0
20240915 085629.065 INFO             PET3     <<<ABC: leaving Finalize (phase=FinalizePhase1) with current time: 2012 10 24 20  0  0   0
20240915 085629.065 INFO             PET3   ABC: Finalize extro.
20240915 085629.065 INFO             PET3   Delete modelComp: ABC
20240915 085629.066 INFO             PET3 ESMX_Driver: Finalize extro.
20240915 085629.066 INFO             PET3 =============================================
20240915 085629.066 INFO             PET3 ESMX (Earth System Model eXecutable) FINISHED
20240915 085629.066 INFO             PET3 =============================================
20240915 085629.066 INFO             PET3  Finalizing ESMF
