2024-10-06 21:33:02
20241007 010734.607 INFO             PET0 !!!!!!!!!!!!!!!!!!!!!!!!!!!!!!!!!!!!!!!!!!!!!!!!!!!!!!
20241007 010734.607 INFO             PET0 !!! THE ESMF_LOG IS SET TO OUTPUT ALL LOG MESSAGES !!!
20241007 010734.607 INFO             PET0 !!!     THIS MAY CAUSE SLOWDOWN IN PERFORMANCE     !!!
20241007 010734.607 INFO             PET0 !!! FOR PRODUCTION RUNS, USE:                      !!!
20241007 010734.607 INFO             PET0 !!!                   ESMF_LOGKIND_Multi_On_Error  !!!
20241007 010734.607 INFO             PET0 !!!!!!!!!!!!!!!!!!!!!!!!!!!!!!!!!!!!!!!!!!!!!!!!!!!!!!
20241007 010734.607 INFO             PET0 Running with ESMF Version   : v8.7.0
20241007 010734.607 INFO             PET0 ESMF library build date/time: "Oct  6 2024" "21:32:04"
20241007 010734.607 INFO             PET0 ESMF library build location : /tmp/gfortran_11.2.0_mpi_O_v8.7.0/esmf
20241007 010734.607 INFO             PET0 ESMF_COMM                   : mpi
20241007 010734.607 INFO             PET0 ESMF_MOAB                   : enabled
20241007 010734.607 INFO             PET0 ESMF_LAPACK                 : enabled
20241007 010734.607 INFO             PET0 ESMF_NETCDF                 : enabled
20241007 010734.607 INFO             PET0 ESMF_PNETCDF                : disabled
20241007 010734.607 INFO             PET0 ESMF_PIO                    : enabled
20241007 010734.607 INFO             PET0 ESMF_YAMLCPP                : enabled
20241007 010734.642 DEBUG            PET0 about to destroy Grid: 0x54c480
20241007 010734.645 DEBUG            PET0 about to destroy Grid: 0x54e350
20241007 010734.656 INFO             PET0  NUMBER_OF_PROCESSORS           4
20241007 010734.656 INFO             PET0  PASS  Example ESMF_NUOPCAtmModelEx, ESMF_NUOPCAtmModelEx.F90, line 806
20241007 010734.656 INFO             PET0  Finalizing ESMF
20241007 010734.607 INFO             PET1 !!!!!!!!!!!!!!!!!!!!!!!!!!!!!!!!!!!!!!!!!!!!!!!!!!!!!!
20241007 010734.607 INFO             PET1 !!! THE ESMF_LOG IS SET TO OUTPUT ALL LOG MESSAGES !!!
20241007 010734.607 INFO             PET1 !!!     THIS MAY CAUSE SLOWDOWN IN PERFORMANCE     !!!
20241007 010734.607 INFO             PET1 !!! FOR PRODUCTION RUNS, USE:                      !!!
20241007 010734.607 INFO             PET1 !!!                   ESMF_LOGKIND_Multi_On_Error  !!!
20241007 010734.607 INFO             PET1 !!!!!!!!!!!!!!!!!!!!!!!!!!!!!!!!!!!!!!!!!!!!!!!!!!!!!!
20241007 010734.607 INFO             PET1 Running with ESMF Version   : v8.7.0
20241007 010734.607 INFO             PET1 ESMF library build date/time: "Oct  6 2024" "21:32:04"
20241007 010734.607 INFO             PET1 ESMF library build location : /tmp/gfortran_11.2.0_mpi_O_v8.7.0/esmf
20241007 010734.607 INFO             PET1 ESMF_COMM                   : mpi
20241007 010734.607 INFO             PET1 ESMF_MOAB                   : enabled
20241007 010734.607 INFO             PET1 ESMF_LAPACK                 : enabled
20241007 010734.607 INFO             PET1 ESMF_NETCDF                 : enabled
20241007 010734.607 INFO             PET1 ESMF_PNETCDF                : disabled
20241007 010734.607 INFO             PET1 ESMF_PIO                    : enabled
20241007 010734.607 INFO             PET1 ESMF_YAMLCPP                : enabled
20241007 010734.642 DEBUG            PET1 about to destroy Grid: 0x549e20
20241007 010734.645 DEBUG            PET1 about to destroy Grid: 0x54b3d0
20241007 010734.656 INFO             PET1  NUMBER_OF_PROCESSORS           4
20241007 010734.656 INFO             PET1  PASS  Example ESMF_NUOPCAtmModelEx, ESMF_NUOPCAtmModelEx.F90, line 806
20241007 010734.656 INFO             PET1  Finalizing ESMF
20241007 010734.607 INFO             PET2 !!!!!!!!!!!!!!!!!!!!!!!!!!!!!!!!!!!!!!!!!!!!!!!!!!!!!!
20241007 010734.607 INFO             PET2 !!! THE ESMF_LOG IS SET TO OUTPUT ALL LOG MESSAGES !!!
20241007 010734.607 INFO             PET2 !!!     THIS MAY CAUSE SLOWDOWN IN PERFORMANCE     !!!
20241007 010734.607 INFO             PET2 !!! FOR PRODUCTION RUNS, USE:                      !!!
20241007 010734.607 INFO             PET2 !!!                   ESMF_LOGKIND_Multi_On_Error  !!!
20241007 010734.607 INFO             PET2 !!!!!!!!!!!!!!!!!!!!!!!!!!!!!!!!!!!!!!!!!!!!!!!!!!!!!!
20241007 010734.607 INFO             PET2 Running with ESMF Version   : v8.7.0
20241007 010734.607 INFO             PET2 ESMF library build date/time: "Oct  6 2024" "21:32:04"
20241007 010734.607 INFO             PET2 ESMF library build location : /tmp/gfortran_11.2.0_mpi_O_v8.7.0/esmf
20241007 010734.607 INFO             PET2 ESMF_COMM                   : mpi
20241007 010734.607 INFO             PET2 ESMF_MOAB                   : enabled
20241007 010734.607 INFO             PET2 ESMF_LAPACK                 : enabled
20241007 010734.607 INFO             PET2 ESMF_NETCDF                 : enabled
20241007 010734.607 INFO             PET2 ESMF_PNETCDF                : disabled
20241007 010734.607 INFO             PET2 ESMF_PIO                    : enabled
20241007 010734.607 INFO             PET2 ESMF_YAMLCPP                : enabled
20241007 010734.642 DEBUG            PET2 about to destroy Grid: 0x549380
20241007 010734.645 DEBUG            PET2 about to destroy Grid: 0x54ab80
20241007 010734.656 INFO             PET2  NUMBER_OF_PROCESSORS           4
20241007 010734.656 INFO             PET2  PASS  Example ESMF_NUOPCAtmModelEx, ESMF_NUOPCAtmModelEx.F90, line 806
20241007 010734.656 INFO             PET2  Finalizing ESMF
20241007 010734.607 INFO             PET3 !!!!!!!!!!!!!!!!!!!!!!!!!!!!!!!!!!!!!!!!!!!!!!!!!!!!!!
20241007 010734.607 INFO             PET3 !!! THE ESMF_LOG IS SET TO OUTPUT ALL LOG MESSAGES !!!
20241007 010734.607 INFO             PET3 !!!     THIS MAY CAUSE SLOWDOWN IN PERFORMANCE     !!!
20241007 010734.607 INFO             PET3 !!! FOR PRODUCTION RUNS, USE:                      !!!
20241007 010734.607 INFO             PET3 !!!                   ESMF_LOGKIND_Multi_On_Error  !!!
20241007 010734.607 INFO             PET3 !!!!!!!!!!!!!!!!!!!!!!!!!!!!!!!!!!!!!!!!!!!!!!!!!!!!!!
20241007 010734.607 INFO             PET3 Running with ESMF Version   : v8.7.0
20241007 010734.607 INFO             PET3 ESMF library build date/time: "Oct  6 2024" "21:32:04"
20241007 010734.607 INFO             PET3 ESMF library build location : /tmp/gfortran_11.2.0_mpi_O_v8.7.0/esmf
20241007 010734.607 INFO             PET3 ESMF_COMM                   : mpi
20241007 010734.607 INFO             PET3 ESMF_MOAB                   : enabled
20241007 010734.607 INFO             PET3 ESMF_LAPACK                 : enabled
20241007 010734.607 INFO             PET3 ESMF_NETCDF                 : enabled
20241007 010734.607 INFO             PET3 ESMF_PNETCDF                : disabled
20241007 010734.607 INFO             PET3 ESMF_PIO                    : enabled
20241007 010734.607 INFO             PET3 ESMF_YAMLCPP                : enabled
20241007 010734.642 DEBUG            PET3 about to destroy Grid: 0x549320
20241007 010734.645 DEBUG            PET3 about to destroy Grid: 0x54a870
20241007 010734.656 INFO             PET3  NUMBER_OF_PROCESSORS           4
20241007 010734.656 INFO             PET3  PASS  Example ESMF_NUOPCAtmModelEx, ESMF_NUOPCAtmModelEx.F90, line 806
20241007 010734.656 INFO             PET3  Finalizing ESMF
