2024-08-29 03:34:15
20240829 043459.964 INFO             PET0 !!!!!!!!!!!!!!!!!!!!!!!!!!!!!!!!!!!!!!!!!!!!!!!!!!!!!!
20240829 043459.964 INFO             PET0 !!! THE ESMF_LOG IS SET TO OUTPUT ALL LOG MESSAGES !!!
20240829 043459.964 INFO             PET0 !!!     THIS MAY CAUSE SLOWDOWN IN PERFORMANCE     !!!
20240829 043459.964 INFO             PET0 !!! FOR PRODUCTION RUNS, USE:                      !!!
20240829 043459.964 INFO             PET0 !!!                   ESMF_LOGKIND_Multi_On_Error  !!!
20240829 043459.964 INFO             PET0 !!!!!!!!!!!!!!!!!!!!!!!!!!!!!!!!!!!!!!!!!!!!!!!!!!!!!!
20240829 043459.964 INFO             PET0 Running with ESMF Version   : v8.7.0b11-6-g82f8052f9c
20240829 043459.964 INFO             PET0 ESMF library build date/time: "Aug 29 2024" "03:30:28"
20240829 043459.964 INFO             PET0 ESMF library build location : /glade/derecho/scratch/sacks/esmf-testing/intel_2023.2.1-classic_mpi_g_develop/esmf
20240829 043459.964 INFO             PET0 ESMF_COMM                   : mpi
20240829 043459.970 INFO             PET0 ESMF_MOAB                   : enabled
20240829 043459.970 INFO             PET0 ESMF_LAPACK                 : enabled
20240829 043459.970 INFO             PET0 ESMF_NETCDF                 : enabled
20240829 043459.970 INFO             PET0 ESMF_PNETCDF                : disabled
20240829 043459.970 INFO             PET0 ESMF_PIO                    : enabled
20240829 043459.970 INFO             PET0 ESMF_YAMLCPP                : enabled
20240829 043459.971 INFO             PET0 =============================================
20240829 043459.971 INFO             PET0 ESMX (Earth System Model eXecutable) STARTING
20240829 043459.971 INFO             PET0 =============================================
20240829 043459.976 INFO             PET0 =============================================
20240829 043459.976 INFO             PET0 ESMX (Earth System Model eXecutable) FINISHED
20240829 043459.976 INFO             PET0 =============================================
20240829 043459.976 INFO             PET0  Finalizing ESMF
20240829 043459.961 INFO             PET1 !!!!!!!!!!!!!!!!!!!!!!!!!!!!!!!!!!!!!!!!!!!!!!!!!!!!!!
20240829 043459.961 INFO             PET1 !!! THE ESMF_LOG IS SET TO OUTPUT ALL LOG MESSAGES !!!
20240829 043459.961 INFO             PET1 !!!     THIS MAY CAUSE SLOWDOWN IN PERFORMANCE     !!!
20240829 043459.961 INFO             PET1 !!! FOR PRODUCTION RUNS, USE:                      !!!
20240829 043459.961 INFO             PET1 !!!                   ESMF_LOGKIND_Multi_On_Error  !!!
20240829 043459.961 INFO             PET1 !!!!!!!!!!!!!!!!!!!!!!!!!!!!!!!!!!!!!!!!!!!!!!!!!!!!!!
20240829 043459.961 INFO             PET1 Running with ESMF Version   : v8.7.0b11-6-g82f8052f9c
20240829 043459.961 INFO             PET1 ESMF library build date/time: "Aug 29 2024" "03:30:28"
20240829 043459.961 INFO             PET1 ESMF library build location : /glade/derecho/scratch/sacks/esmf-testing/intel_2023.2.1-classic_mpi_g_develop/esmf
20240829 043459.961 INFO             PET1 ESMF_COMM                   : mpi
20240829 043459.962 INFO             PET1 ESMF_MOAB                   : enabled
20240829 043459.962 INFO             PET1 ESMF_LAPACK                 : enabled
20240829 043459.962 INFO             PET1 ESMF_NETCDF                 : enabled
20240829 043459.962 INFO             PET1 ESMF_PNETCDF                : disabled
20240829 043459.962 INFO             PET1 ESMF_PIO                    : enabled
20240829 043459.962 INFO             PET1 ESMF_YAMLCPP                : enabled
20240829 043459.971 INFO             PET1 =============================================
20240829 043459.971 INFO             PET1 ESMX (Earth System Model eXecutable) STARTING
20240829 043459.971 INFO             PET1 =============================================
20240829 043459.976 INFO             PET1 =============================================
20240829 043459.976 INFO             PET1 ESMX (Earth System Model eXecutable) FINISHED
20240829 043459.976 INFO             PET1 =============================================
20240829 043459.976 INFO             PET1  Finalizing ESMF
20240829 043459.964 INFO             PET2 !!!!!!!!!!!!!!!!!!!!!!!!!!!!!!!!!!!!!!!!!!!!!!!!!!!!!!
20240829 043459.964 INFO             PET2 !!! THE ESMF_LOG IS SET TO OUTPUT ALL LOG MESSAGES !!!
20240829 043459.964 INFO             PET2 !!!     THIS MAY CAUSE SLOWDOWN IN PERFORMANCE     !!!
20240829 043459.964 INFO             PET2 !!! FOR PRODUCTION RUNS, USE:                      !!!
20240829 043459.964 INFO             PET2 !!!                   ESMF_LOGKIND_Multi_On_Error  !!!
20240829 043459.964 INFO             PET2 !!!!!!!!!!!!!!!!!!!!!!!!!!!!!!!!!!!!!!!!!!!!!!!!!!!!!!
20240829 043459.964 INFO             PET2 Running with ESMF Version   : v8.7.0b11-6-g82f8052f9c
20240829 043459.964 INFO             PET2 ESMF library build date/time: "Aug 29 2024" "03:30:28"
20240829 043459.964 INFO             PET2 ESMF library build location : /glade/derecho/scratch/sacks/esmf-testing/intel_2023.2.1-classic_mpi_g_develop/esmf
20240829 043459.964 INFO             PET2 ESMF_COMM                   : mpi
20240829 043459.966 INFO             PET2 ESMF_MOAB                   : enabled
20240829 043459.966 INFO             PET2 ESMF_LAPACK                 : enabled
20240829 043459.966 INFO             PET2 ESMF_NETCDF                 : enabled
20240829 043459.966 INFO             PET2 ESMF_PNETCDF                : disabled
20240829 043459.966 INFO             PET2 ESMF_PIO                    : enabled
20240829 043459.966 INFO             PET2 ESMF_YAMLCPP                : enabled
20240829 043459.971 INFO             PET2 =============================================
20240829 043459.971 INFO             PET2 ESMX (Earth System Model eXecutable) STARTING
20240829 043459.971 INFO             PET2 =============================================
20240829 043459.976 INFO             PET2 =============================================
20240829 043459.976 INFO             PET2 ESMX (Earth System Model eXecutable) FINISHED
20240829 043459.976 INFO             PET2 =============================================
20240829 043459.976 INFO             PET2  Finalizing ESMF
20240829 043459.962 INFO             PET3 !!!!!!!!!!!!!!!!!!!!!!!!!!!!!!!!!!!!!!!!!!!!!!!!!!!!!!
20240829 043459.962 INFO             PET3 !!! THE ESMF_LOG IS SET TO OUTPUT ALL LOG MESSAGES !!!
20240829 043459.962 INFO             PET3 !!!     THIS MAY CAUSE SLOWDOWN IN PERFORMANCE     !!!
20240829 043459.962 INFO             PET3 !!! FOR PRODUCTION RUNS, USE:                      !!!
20240829 043459.962 INFO             PET3 !!!                   ESMF_LOGKIND_Multi_On_Error  !!!
20240829 043459.962 INFO             PET3 !!!!!!!!!!!!!!!!!!!!!!!!!!!!!!!!!!!!!!!!!!!!!!!!!!!!!!
20240829 043459.962 INFO             PET3 Running with ESMF Version   : v8.7.0b11-6-g82f8052f9c
20240829 043459.962 INFO             PET3 ESMF library build date/time: "Aug 29 2024" "03:30:28"
20240829 043459.962 INFO             PET3 ESMF library build location : /glade/derecho/scratch/sacks/esmf-testing/intel_2023.2.1-classic_mpi_g_develop/esmf
20240829 043459.962 INFO             PET3 ESMF_COMM                   : mpi
20240829 043459.963 INFO             PET3 ESMF_MOAB                   : enabled
20240829 043459.963 INFO             PET3 ESMF_LAPACK                 : enabled
20240829 043459.963 INFO             PET3 ESMF_NETCDF                 : enabled
20240829 043459.963 INFO             PET3 ESMF_PNETCDF                : disabled
20240829 043459.963 INFO             PET3 ESMF_PIO                    : enabled
20240829 043459.963 INFO             PET3 ESMF_YAMLCPP                : enabled
20240829 043459.971 INFO             PET3 =============================================
20240829 043459.971 INFO             PET3 ESMX (Earth System Model eXecutable) STARTING
20240829 043459.971 INFO             PET3 =============================================
20240829 043459.976 INFO             PET3 =============================================
20240829 043459.976 INFO             PET3 ESMX (Earth System Model eXecutable) FINISHED
20240829 043459.976 INFO             PET3 =============================================
20240829 043459.976 INFO             PET3  Finalizing ESMF
