2024-10-08 04:34:19
20241008 051817.608 INFO             PET0 !!!!!!!!!!!!!!!!!!!!!!!!!!!!!!!!!!!!!!!!!!!!!!!!!!!!!!
20241008 051817.608 INFO             PET0 !!! THE ESMF_LOG IS SET TO OUTPUT ALL LOG MESSAGES !!!
20241008 051817.608 INFO             PET0 !!!     THIS MAY CAUSE SLOWDOWN IN PERFORMANCE     !!!
20241008 051817.608 INFO             PET0 !!! FOR PRODUCTION RUNS, USE:                      !!!
20241008 051817.608 INFO             PET0 !!!                   ESMF_LOGKIND_Multi_On_Error  !!!
20241008 051817.608 INFO             PET0 !!!!!!!!!!!!!!!!!!!!!!!!!!!!!!!!!!!!!!!!!!!!!!!!!!!!!!
20241008 051817.608 INFO             PET0 Running with ESMF Version   : v8.7.0
20241008 051817.608 INFO             PET0 ESMF library build date/time: "Oct  8 2024" "04:30:51"
20241008 051817.608 INFO             PET0 ESMF library build location : /glade/derecho/scratch/sacks/esmf-testing/nvhpc_23.7_mpiuni_O_v8.7.0/esmf
20241008 051817.608 INFO             PET0 ESMF_COMM                   : mpiuni
20241008 051817.608 INFO             PET0 ESMF_MOAB                   : enabled
20241008 051817.608 INFO             PET0 ESMF_LAPACK                 : enabled
20241008 051817.608 INFO             PET0 ESMF_NETCDF                 : enabled
20241008 051817.608 INFO             PET0 ESMF_PNETCDF                : disabled
20241008 051817.608 INFO             PET0 ESMF_PIO                    : enabled
20241008 051817.608 INFO             PET0 ESMF_YAMLCPP                : enabled
20241008 051817.609 INFO             PET0  NUMBER_OF_PROCESSORS            1
20241008 051817.609 INFO             PET0  PASS  Example ESMF_VMUserMpiEx, ESMF_VMUserMpiEx.F90, line 96
20241008 051817.609 INFO             PET0  Finalizing ESMF with endflag==ESMF_END_KEEPMPI
