2024-09-17 04:04:11
20240917 042525.984 INFO             PET0 !!!!!!!!!!!!!!!!!!!!!!!!!!!!!!!!!!!!!!!!!!!!!!!!!!!!!!
20240917 042525.984 INFO             PET0 !!! THE ESMF_LOG IS SET TO OUTPUT ALL LOG MESSAGES !!!
20240917 042525.984 INFO             PET0 !!!     THIS MAY CAUSE SLOWDOWN IN PERFORMANCE     !!!
20240917 042525.984 INFO             PET0 !!! FOR PRODUCTION RUNS, USE:                      !!!
20240917 042525.984 INFO             PET0 !!!                   ESMF_LOGKIND_Multi_On_Error  !!!
20240917 042525.984 INFO             PET0 !!!!!!!!!!!!!!!!!!!!!!!!!!!!!!!!!!!!!!!!!!!!!!!!!!!!!!
20240917 042525.984 INFO             PET0 Running with ESMF Version   : v8.7.0b14-1-g2597b0a993
20240917 042525.984 INFO             PET0 ESMF library build date/time: "Sep 17 2024" "04:02:59"
20240917 042525.984 INFO             PET0 ESMF library build location : /tmp/intel_2023.1.0-classic_mpiuni_O_release_8.7.0/esmf
20240917 042525.984 INFO             PET0 ESMF_COMM                   : mpiuni
20240917 042525.984 INFO             PET0 ESMF_MOAB                   : enabled
20240917 042525.984 INFO             PET0 ESMF_LAPACK                 : enabled
20240917 042525.984 INFO             PET0 ESMF_NETCDF                 : enabled
20240917 042525.984 INFO             PET0 ESMF_PNETCDF                : disabled
20240917 042525.984 INFO             PET0 ESMF_PIO                    : enabled
20240917 042525.984 INFO             PET0 ESMF_YAMLCPP                : enabled
20240917 042525.986 INFO             PET0  NUMBER_OF_PROCESSORS           1
20240917 042525.986 INFO             PET0  PASS  Example ESMF_FieldArbGridEx, ESMF_FieldArbGridEx.F90, line 243
20240917 042525.986 INFO             PET0  Finalizing ESMF
