2024-09-17 09:52:39
--- ESMCI::Array::print start ---
 Base name    = Array002
 Status: Base = Ready,  object = Ready
 Proxy        = no
 Root Info (Attributes):
--- ESMCI::Array::print start ---
 Base name    = Array002
 Status: Base = Ready,  object = Ready
 Proxy        = no
 Root Info (Attributes):
--- ESMCI::Array::print start ---
 Base name    = Array002
 Status: Base = Ready,  object = Ready
 Proxy        = no
 Root Info (Attributes):
--- ESMCI::Array::print start ---
 Base name    = Array002{}{}
 Status: Base = Ready,  object = ReadyArray typekind/rank: Real*8 / 2 
~ lower class' values ~
DistGrid dimCount = 2
deCount = 4
localDeCount = 1
~ local data in LocalArray for DE 2 ~
LocalArrayPrint: Array at address 0x20cabf0:
            rank = 2, typekind = 6, Array typekind/rank: Real*8 / 2 
~ lower class' values ~
DistGrid dimCount = 2
deCount = 4
localDeCount = 1
~ local data in LocalArray for DE 3 ~
LocalArrayPrint: Array at address 0x18f2bf0:

 Proxy        = no
 Root Info (Attributes):
base_addr = 0x20ca5c0
            dim[0] = 14  dim[1] = 14  
  Real, *8, Dim 2, Data values:
            rank = 2, typekind = 6, base_addr = 0x18f25c0
            dim[0] = 14  dim[1] = 14  
  Real, *8, Dim 2, Data values:
(-1,-1) =  36.71
( 0,-1) =  36.71
( 1,-1) =  36.71
( 2,-1) =  36.71
(-1,-1) =  36.71
( 0,-1) =  36.71
( 3,-1) =  36.71
( 4,-1) =  36.71
( 5,-1) =  36.71
( 6,-1) =  36.71
( 7,-1) =  36.71
( 8,-1) =  36.71
( 1,-1) =  36.71
( 2,-1) =  36.71
( 3,-1) =  36.71
( 4,-1) =  36.71
  skipping to end ...
( 3,12) =  36.71
( 4,12) =  36.71
( 5,12) =  36.71
( 6,12) =  36.71
( 5,-1) =  36.71
( 6,-1) =  36.71
( 7,-1) =  36.71
( 7,12) =  36.71
( 8,12) =  36.71
( 9,12) =  36.71
(10,12) =  36.71
(11,12) =  36.71
( 8,-1) =  36.71
  skipping to end ...
( 3,12) =  36.71
(12,12) =  36.71
--- ESMCI::Array::print end ---
( 4,12) =  36.71
( 5,12) =  36.71
( 6,12) =  36.71
( 7,12) =  36.71
( 8,12) =  36.71
( 9,12) =  36.71
(10,12) =  36.71
{}(11,12) =  36.71
(12,12) =  36.71
--- ESMCI::Array::print end ---
Array typekind/rank: Real*8 / 2 
~ lower class' values ~
DistGrid dimCount = 2
deCount = 4
localDeCount = 1
~ local data in LocalArray for DE 0 ~
LocalArrayPrint: Array at address 0xb3e040:
            rank = 2, typekind = 6,  localSum=   3671.0000000000027     
base_addr = 0xb3d5c0
            dim[0] = 14  dim[1] = 14  
  Real, *8, Dim 2, Data values:
 localSum=   3671.0000000000027     
(-1,-1) =  36.71
( 0,-1) =  36.71
( 1,-1) =  36.71
( 2,-1) =  36.71
{}( 3,-1) =  36.71
( 4,-1) =  36.71
( 5,-1) =  36.71
( 6,-1) =  36.71
( 7,-1) =  36.71
Array typekind/rank: Real*8 / 2 
~ lower class' values ~
DistGrid dimCount = 2
deCount = 4
localDeCount = 1
~ local data in LocalArray for DE 1 ~
( 8,-1) =  36.71
  skipping to end ...
( 3,12) =  36.71
  PASS  Example ESMF_ArrayFarrayHaloEx, ESMF_ArrayFarrayHaloEx.F90, line 177
( 4,12) =  36.71
( 5,12) =  36.71
( 6,12) =  36.71
LocalArrayPrint: Array at address 0x1fe7bf0:
            rank = 2, typekind = 6, base_addr = 0x1fe75c0
            dim[0] = 14  dim[1] = 14  
( 7,12) =  36.71
( 8,12) =  36.71
( 9,12) =  36.71
  Real, *8, Dim 2, Data values:
(10,12) =  36.71
(11,12) =  36.71
(12,12) =  36.71
  PASS  Example ESMF_ArrayFarrayHaloEx, ESMF_ArrayFarrayHaloEx.F90, line 177
--- ESMCI::Array::print end ---
(-1,-1) =  36.71
( 0,-1) =  36.71
( 1,-1) =  36.71
( 2,-1) =  36.71
( 3,-1) =  36.71
( 4,-1) =  36.71
( 5,-1) =  36.71
( 6,-1) =  36.71
( 7,-1) =  36.71
( 8,-1) =  36.71
  skipping to end ...
( 3,12) =  36.71
( 4,12) =  36.71
( 5,12) =  36.71
( 6,12) =  36.71
( 7,12) =  36.71
( 8,12) =  36.71
 localSum=   3671.0000000000027     
( 9,12) =  36.71
(10,12) =  36.71
(11,12) =  36.71
(12,12) =  36.71
--- ESMCI::Array::print end ---
  PASS  Example ESMF_ArrayFarrayHaloEx, ESMF_ArrayFarrayHaloEx.F90, line 177
 localSum=   3671.0000000000027     
  PASS  Example ESMF_ArrayFarrayHaloEx, ESMF_ArrayFarrayHaloEx.F90, line 177
 PASS: ESMF_ArrayFarrayHaloEx.F90
 PASS: ESMF_ArrayFarrayHaloEx.F90
 PASS: ESMF_ArrayFarrayHaloEx.F90
 PASS: ESMF_ArrayFarrayHaloEx.F90
