2024-09-02 01:17:35
20240902 014719.384 INFO             PET0 !!!!!!!!!!!!!!!!!!!!!!!!!!!!!!!!!!!!!!!!!!!!!!!!!!!!!!
20240902 014719.386 INFO             PET0 !!! THE ESMF_LOG IS SET TO OUTPUT ALL LOG MESSAGES !!!
20240902 014719.386 INFO             PET0 !!!     THIS MAY CAUSE SLOWDOWN IN PERFORMANCE     !!!
20240902 014719.386 INFO             PET0 !!! FOR PRODUCTION RUNS, USE:                      !!!
20240902 014719.386 INFO             PET0 !!!                   ESMF_LOGKIND_Multi_On_Error  !!!
20240902 014719.386 INFO             PET0 !!!!!!!!!!!!!!!!!!!!!!!!!!!!!!!!!!!!!!!!!!!!!!!!!!!!!!
20240902 014719.386 INFO             PET0 Running with ESMF Version   : v8.7.0b12-2-gbfe22b56ac
20240902 014719.386 INFO             PET0 ESMF library build date/time: "Sep  2 2024" "01:15:42"
20240902 014719.386 INFO             PET0 ESMF library build location : /project/esmf/sacks/esmf-testing/gfortran_11.2.0_openmpi_O_develop/esmf
20240902 014719.386 INFO             PET0 ESMF_COMM                   : openmpi
20240902 014719.386 INFO             PET0 ESMF_MOAB                   : enabled
20240902 014719.386 INFO             PET0 ESMF_LAPACK                 : enabled
20240902 014719.386 INFO             PET0 ESMF_NETCDF                 : enabled
20240902 014719.386 INFO             PET0 ESMF_PNETCDF                : disabled
20240902 014719.386 INFO             PET0 ESMF_PIO                    : enabled
20240902 014719.386 INFO             PET0 ESMF_YAMLCPP                : enabled
20240902 014719.463 DEBUG            PET0 about to destroy Grid: 0x7f7a36010800
20240902 014719.469 DEBUG            PET0 about to destroy Grid: 0x7f7a36011c00
20240902 014719.490 INFO             PET0  NUMBER_OF_PROCESSORS           4
20240902 014719.490 INFO             PET0  PASS  Example ESMF_NUOPCAtmModelEx, ESMF_NUOPCAtmModelEx.F90, line 806
20240902 014719.490 INFO             PET0  Finalizing ESMF
20240902 014719.384 INFO             PET1 !!!!!!!!!!!!!!!!!!!!!!!!!!!!!!!!!!!!!!!!!!!!!!!!!!!!!!
20240902 014719.385 INFO             PET1 !!! THE ESMF_LOG IS SET TO OUTPUT ALL LOG MESSAGES !!!
20240902 014719.385 INFO             PET1 !!!     THIS MAY CAUSE SLOWDOWN IN PERFORMANCE     !!!
20240902 014719.385 INFO             PET1 !!! FOR PRODUCTION RUNS, USE:                      !!!
20240902 014719.385 INFO             PET1 !!!                   ESMF_LOGKIND_Multi_On_Error  !!!
20240902 014719.385 INFO             PET1 !!!!!!!!!!!!!!!!!!!!!!!!!!!!!!!!!!!!!!!!!!!!!!!!!!!!!!
20240902 014719.385 INFO             PET1 Running with ESMF Version   : v8.7.0b12-2-gbfe22b56ac
20240902 014719.385 INFO             PET1 ESMF library build date/time: "Sep  2 2024" "01:15:42"
20240902 014719.385 INFO             PET1 ESMF library build location : /project/esmf/sacks/esmf-testing/gfortran_11.2.0_openmpi_O_develop/esmf
20240902 014719.385 INFO             PET1 ESMF_COMM                   : openmpi
20240902 014719.385 INFO             PET1 ESMF_MOAB                   : enabled
20240902 014719.385 INFO             PET1 ESMF_LAPACK                 : enabled
20240902 014719.385 INFO             PET1 ESMF_NETCDF                 : enabled
20240902 014719.385 INFO             PET1 ESMF_PNETCDF                : disabled
20240902 014719.385 INFO             PET1 ESMF_PIO                    : enabled
20240902 014719.385 INFO             PET1 ESMF_YAMLCPP                : enabled
20240902 014719.463 DEBUG            PET1 about to destroy Grid: 0x7fb5bc045800
20240902 014719.469 DEBUG            PET1 about to destroy Grid: 0x7fb5bc046400
20240902 014719.490 INFO             PET1  NUMBER_OF_PROCESSORS           4
20240902 014719.490 INFO             PET1  PASS  Example ESMF_NUOPCAtmModelEx, ESMF_NUOPCAtmModelEx.F90, line 806
20240902 014719.490 INFO             PET1  Finalizing ESMF
20240902 014719.384 INFO             PET2 !!!!!!!!!!!!!!!!!!!!!!!!!!!!!!!!!!!!!!!!!!!!!!!!!!!!!!
20240902 014719.385 INFO             PET2 !!! THE ESMF_LOG IS SET TO OUTPUT ALL LOG MESSAGES !!!
20240902 014719.385 INFO             PET2 !!!     THIS MAY CAUSE SLOWDOWN IN PERFORMANCE     !!!
20240902 014719.385 INFO             PET2 !!! FOR PRODUCTION RUNS, USE:                      !!!
20240902 014719.385 INFO             PET2 !!!                   ESMF_LOGKIND_Multi_On_Error  !!!
20240902 014719.385 INFO             PET2 !!!!!!!!!!!!!!!!!!!!!!!!!!!!!!!!!!!!!!!!!!!!!!!!!!!!!!
20240902 014719.385 INFO             PET2 Running with ESMF Version   : v8.7.0b12-2-gbfe22b56ac
20240902 014719.385 INFO             PET2 ESMF library build date/time: "Sep  2 2024" "01:15:42"
20240902 014719.385 INFO             PET2 ESMF library build location : /project/esmf/sacks/esmf-testing/gfortran_11.2.0_openmpi_O_develop/esmf
20240902 014719.385 INFO             PET2 ESMF_COMM                   : openmpi
20240902 014719.385 INFO             PET2 ESMF_MOAB                   : enabled
20240902 014719.385 INFO             PET2 ESMF_LAPACK                 : enabled
20240902 014719.385 INFO             PET2 ESMF_NETCDF                 : enabled
20240902 014719.385 INFO             PET2 ESMF_PNETCDF                : disabled
20240902 014719.385 INFO             PET2 ESMF_PIO                    : enabled
20240902 014719.385 INFO             PET2 ESMF_YAMLCPP                : enabled
20240902 014719.463 DEBUG            PET2 about to destroy Grid: 0x7fecb1816e00
20240902 014719.469 DEBUG            PET2 about to destroy Grid: 0x7fecb181b200
20240902 014719.490 INFO             PET2  NUMBER_OF_PROCESSORS           4
20240902 014719.490 INFO             PET2  PASS  Example ESMF_NUOPCAtmModelEx, ESMF_NUOPCAtmModelEx.F90, line 806
20240902 014719.490 INFO             PET2  Finalizing ESMF
20240902 014719.384 INFO             PET3 !!!!!!!!!!!!!!!!!!!!!!!!!!!!!!!!!!!!!!!!!!!!!!!!!!!!!!
20240902 014719.385 INFO             PET3 !!! THE ESMF_LOG IS SET TO OUTPUT ALL LOG MESSAGES !!!
20240902 014719.385 INFO             PET3 !!!     THIS MAY CAUSE SLOWDOWN IN PERFORMANCE     !!!
20240902 014719.385 INFO             PET3 !!! FOR PRODUCTION RUNS, USE:                      !!!
20240902 014719.385 INFO             PET3 !!!                   ESMF_LOGKIND_Multi_On_Error  !!!
20240902 014719.385 INFO             PET3 !!!!!!!!!!!!!!!!!!!!!!!!!!!!!!!!!!!!!!!!!!!!!!!!!!!!!!
20240902 014719.385 INFO             PET3 Running with ESMF Version   : v8.7.0b12-2-gbfe22b56ac
20240902 014719.385 INFO             PET3 ESMF library build date/time: "Sep  2 2024" "01:15:42"
20240902 014719.385 INFO             PET3 ESMF library build location : /project/esmf/sacks/esmf-testing/gfortran_11.2.0_openmpi_O_develop/esmf
20240902 014719.385 INFO             PET3 ESMF_COMM                   : openmpi
20240902 014719.385 INFO             PET3 ESMF_MOAB                   : enabled
20240902 014719.385 INFO             PET3 ESMF_LAPACK                 : enabled
20240902 014719.385 INFO             PET3 ESMF_NETCDF                 : enabled
20240902 014719.385 INFO             PET3 ESMF_PNETCDF                : disabled
20240902 014719.385 INFO             PET3 ESMF_PIO                    : enabled
20240902 014719.385 INFO             PET3 ESMF_YAMLCPP                : enabled
20240902 014719.463 DEBUG            PET3 about to destroy Grid: 0x7fe67481b600
20240902 014719.469 DEBUG            PET3 about to destroy Grid: 0x7fe674821600
20240902 014719.490 INFO             PET3  NUMBER_OF_PROCESSORS           4
20240902 014719.490 INFO             PET3  PASS  Example ESMF_NUOPCAtmModelEx, ESMF_NUOPCAtmModelEx.F90, line 806
20240902 014719.490 INFO             PET3  Finalizing ESMF
