2024-09-11 01:17:56
20240911 014621.001 INFO             PET0 !!!!!!!!!!!!!!!!!!!!!!!!!!!!!!!!!!!!!!!!!!!!!!!!!!!!!!
20240911 014621.002 INFO             PET0 !!! THE ESMF_LOG IS SET TO OUTPUT ALL LOG MESSAGES !!!
20240911 014621.002 INFO             PET0 !!!     THIS MAY CAUSE SLOWDOWN IN PERFORMANCE     !!!
20240911 014621.002 INFO             PET0 !!! FOR PRODUCTION RUNS, USE:                      !!!
20240911 014621.002 INFO             PET0 !!!                   ESMF_LOGKIND_Multi_On_Error  !!!
20240911 014621.002 INFO             PET0 !!!!!!!!!!!!!!!!!!!!!!!!!!!!!!!!!!!!!!!!!!!!!!!!!!!!!!
20240911 014621.002 INFO             PET0 Running with ESMF Version   : v8.7.0b13-15-g49bd433481
20240911 014621.002 INFO             PET0 ESMF library build date/time: "Sep 11 2024" "01:16:02"
20240911 014621.002 INFO             PET0 ESMF library build location : /project/esmf/sacks/esmf-testing/gfortran_11.2.0_openmpi_O_develop/esmf
20240911 014621.002 INFO             PET0 ESMF_COMM                   : openmpi
20240911 014621.002 INFO             PET0 ESMF_MOAB                   : enabled
20240911 014621.002 INFO             PET0 ESMF_LAPACK                 : enabled
20240911 014621.002 INFO             PET0 ESMF_NETCDF                 : enabled
20240911 014621.002 INFO             PET0 ESMF_PNETCDF                : disabled
20240911 014621.002 INFO             PET0 ESMF_PIO                    : enabled
20240911 014621.002 INFO             PET0 ESMF_YAMLCPP                : enabled
20240911 014621.004 INFO             PET0  NUMBER_OF_PROCESSORS           1
20240911 014621.004 INFO             PET0  PASS  Example ESMF_XGridSparseMatEx, ESMF_XGridSparseMatEx.F90, line 642
20240911 014621.004 INFO             PET0  Finalizing ESMF
