2024-08-26 01:17:47
 localPET=           0  localDE=           0 : array(           1 ,           1 )=   0.0000000000000000     
 localPET=           0  localDE=           0 : array(           1 ,           2 )=   0.0000000000000000     
 localPET=           1  localDE=           0 : array(           1 ,           1 )=   0.0000000000000000     
 localPET=           1  localDE=           0 : array(           1 ,           2 )=   4.2439915834127416E-314
 localPET=           2  localDE=           0 : array(           1 ,           1 )=   0.0000000000000000     
 localPET=           2  localDE=           0 : array(           1 ,           2 )=   0.0000000000000000     
 localPET=           2  localDE=           0 : array(           2 ,           1 )=   4.2439916283727153E-314
 localPET=           0  localDE=           0 : array(           2 ,           1 )=   4.2439915982347109E-314
 localPET=           0  localDE=           0 : array(           2 ,           2 )=   0.0000000000000000     
 localPET=           1  localDE=           0 : array(           2 ,           1 )=   8.4879832073388661E-314
 localPET=           2  localDE=           0 : array(           2 ,           2 )=   0.0000000000000000     
 localPET=           2  localDE=           0 : array(           3 ,           1 )=   0.0000000000000000     
 localPET=           2  localDE=           0 : array(           3 ,           2 )=   0.0000000000000000     
 localPET=           3  localDE=           0 : array(           1 ,           1 )=   0.0000000000000000     
 localPET=           3  localDE=           0 : array(           1 ,           2 )=   4.2439915834127416E-314
 localPET=           3  localDE=           0 : array(           2 ,           1 )=   8.4879833308552776E-314
 localPET=           0  localDE=           0 : array(           3 ,           1 )=   0.0000000000000000     
 localPET=           0  localDE=           0 : array(           3 ,           2 )=   0.0000000000000000     
 localPET=           0  localDE=           1 : array(           1 ,           1 )=   0.0000000000000000     
 localPET=           0  localDE=           1 : array(           2 ,           1 )=   8.4879832374768705E-314
 localPET=           0  localDE=           1 : array(           3 ,           1 )=   4.2439915834127416E-314
 localPET=           1  localDE=           0 : array(           2 ,           2 )=   0.0000000000000000     
 localPET=           1  localDE=           1 : array(           1 ,           1 )=   0.0000000000000000     
 localPET=           1  localDE=           1 : array(           2 ,           1 )=   5.2150176329844002E-310
 localPET=           3  localDE=           0 : array(           2 ,           2 )=   0.0000000000000000     
 localPet:            2 DE            2  [           1           3 ]
 localPet:            3 DE            3  [           1           2 ]
 localPet:            1 DE            1  [           1           2 ]
 localPet:            1 DE            5  [           1           2 ]
 localPet:            0 DE            0  [           1           3 ]
 localPet:            0 DE            4  [           1           3 ]
  PASS  Example ESMF_ArrayEx, ESMF_ArrayEx.F90, line 1901
 PASS: ESMF_ArrayEx.F90
  PASS  Example ESMF_ArrayEx, ESMF_ArrayEx.F90, line 1901
 PASS: ESMF_ArrayEx.F90
  PASS  Example ESMF_ArrayEx, ESMF_ArrayEx.F90, line 1901
 PASS: ESMF_ArrayEx.F90
  PASS  Example ESMF_ArrayEx, ESMF_ArrayEx.F90, line 1901
 PASS: ESMF_ArrayEx.F90
