2024-08-12 01:29:22
20240812 025708.712 INFO             PET0 !!!!!!!!!!!!!!!!!!!!!!!!!!!!!!!!!!!!!!!!!!!!!!!!!!!!!!
20240812 025708.712 INFO             PET0 !!! THE ESMF_LOG IS SET TO OUTPUT ALL LOG MESSAGES !!!
20240812 025708.712 INFO             PET0 !!!     THIS MAY CAUSE SLOWDOWN IN PERFORMANCE     !!!
20240812 025708.712 INFO             PET0 !!! FOR PRODUCTION RUNS, USE:                      !!!
20240812 025708.712 INFO             PET0 !!!                   ESMF_LOGKIND_Multi_On_Error  !!!
20240812 025708.712 INFO             PET0 !!!!!!!!!!!!!!!!!!!!!!!!!!!!!!!!!!!!!!!!!!!!!!!!!!!!!!
20240812 025708.712 INFO             PET0 Running with ESMF Version   : v8.7.0b11
20240812 025708.712 INFO             PET0 ESMF library build date/time: "Aug 12 2024" "01:27:50"
20240812 025708.712 INFO             PET0 ESMF library build location : /discover/nobackup/projects/sbu/mpotts/esmf-test/intel_19.1.3_intelmpi_O_develop/esmf
20240812 025708.712 INFO             PET0 ESMF_COMM                   : intelmpi
20240812 025708.713 INFO             PET0 ESMF_MOAB                   : enabled
20240812 025708.713 INFO             PET0 ESMF_LAPACK                 : enabled
20240812 025708.713 INFO             PET0 ESMF_NETCDF                 : enabled
20240812 025708.713 INFO             PET0 ESMF_PNETCDF                : disabled
20240812 025708.713 INFO             PET0 ESMF_PIO                    : enabled
20240812 025708.713 INFO             PET0 ESMF_YAMLCPP                : enabled
20240812 025708.713 INFO             PET0  NUMBER_OF_PROCESSORS           1
20240812 025708.713 INFO             PET0  PASS  Example ESMF_TimeEx, ESMF_TimeEx.F90, line 141
20240812 025708.713 INFO             PET0  Finalizing ESMF
