2024-09-02 02:01:56
20240902 024932.383 INFO             PET0 !!!!!!!!!!!!!!!!!!!!!!!!!!!!!!!!!!!!!!!!!!!!!!!!!!!!!!
20240902 024932.383 INFO             PET0 !!! THE ESMF_LOG IS SET TO OUTPUT ALL LOG MESSAGES !!!
20240902 024932.383 INFO             PET0 !!!     THIS MAY CAUSE SLOWDOWN IN PERFORMANCE     !!!
20240902 024932.383 INFO             PET0 !!! FOR PRODUCTION RUNS, USE:                      !!!
20240902 024932.383 INFO             PET0 !!!                   ESMF_LOGKIND_Multi_On_Error  !!!
20240902 024932.383 INFO             PET0 !!!!!!!!!!!!!!!!!!!!!!!!!!!!!!!!!!!!!!!!!!!!!!!!!!!!!!
20240902 024932.383 INFO             PET0 Running with ESMF Version   : v8.7.0b12-2-gbfe22b56ac
20240902 024932.383 INFO             PET0 ESMF library build date/time: "Sep  2 2024" "02:00:19"
20240902 024932.383 INFO             PET0 ESMF library build location : /discover/nobackup/projects/sbu/mpotts/esmf-test/intel_19.1.3_intelmpi_O_develop/esmf
20240902 024932.383 INFO             PET0 ESMF_COMM                   : intelmpi
20240902 024932.383 INFO             PET0 ESMF_MOAB                   : enabled
20240902 024932.383 INFO             PET0 ESMF_LAPACK                 : enabled
20240902 024932.383 INFO             PET0 ESMF_NETCDF                 : enabled
20240902 024932.383 INFO             PET0 ESMF_PNETCDF                : disabled
20240902 024932.383 INFO             PET0 ESMF_PIO                    : enabled
20240902 024932.383 INFO             PET0 ESMF_YAMLCPP                : enabled
20240902 024932.415 DEBUG            PET0 about to destroy Grid: 0x1d9ef80
20240902 024932.418 DEBUG            PET0 about to destroy Grid: 0x1da1540
20240902 024932.426 INFO             PET0  NUMBER_OF_PROCESSORS           4
20240902 024932.426 INFO             PET0  PASS  Example ESMF_NUOPCAtmModelEx, ESMF_NUOPCAtmModelEx.F90, line 806
20240902 024932.426 INFO             PET0  Finalizing ESMF
20240902 024932.383 INFO             PET1 !!!!!!!!!!!!!!!!!!!!!!!!!!!!!!!!!!!!!!!!!!!!!!!!!!!!!!
20240902 024932.383 INFO             PET1 !!! THE ESMF_LOG IS SET TO OUTPUT ALL LOG MESSAGES !!!
20240902 024932.383 INFO             PET1 !!!     THIS MAY CAUSE SLOWDOWN IN PERFORMANCE     !!!
20240902 024932.383 INFO             PET1 !!! FOR PRODUCTION RUNS, USE:                      !!!
20240902 024932.383 INFO             PET1 !!!                   ESMF_LOGKIND_Multi_On_Error  !!!
20240902 024932.383 INFO             PET1 !!!!!!!!!!!!!!!!!!!!!!!!!!!!!!!!!!!!!!!!!!!!!!!!!!!!!!
20240902 024932.383 INFO             PET1 Running with ESMF Version   : v8.7.0b12-2-gbfe22b56ac
20240902 024932.383 INFO             PET1 ESMF library build date/time: "Sep  2 2024" "02:00:19"
20240902 024932.383 INFO             PET1 ESMF library build location : /discover/nobackup/projects/sbu/mpotts/esmf-test/intel_19.1.3_intelmpi_O_develop/esmf
20240902 024932.383 INFO             PET1 ESMF_COMM                   : intelmpi
20240902 024932.383 INFO             PET1 ESMF_MOAB                   : enabled
20240902 024932.383 INFO             PET1 ESMF_LAPACK                 : enabled
20240902 024932.383 INFO             PET1 ESMF_NETCDF                 : enabled
20240902 024932.383 INFO             PET1 ESMF_PNETCDF                : disabled
20240902 024932.383 INFO             PET1 ESMF_PIO                    : enabled
20240902 024932.383 INFO             PET1 ESMF_YAMLCPP                : enabled
20240902 024932.415 DEBUG            PET1 about to destroy Grid: 0x11d4200
20240902 024932.418 DEBUG            PET1 about to destroy Grid: 0x11d4ee0
20240902 024932.426 INFO             PET1  NUMBER_OF_PROCESSORS           4
20240902 024932.426 INFO             PET1  PASS  Example ESMF_NUOPCAtmModelEx, ESMF_NUOPCAtmModelEx.F90, line 806
20240902 024932.426 INFO             PET1  Finalizing ESMF
20240902 024932.383 INFO             PET2 !!!!!!!!!!!!!!!!!!!!!!!!!!!!!!!!!!!!!!!!!!!!!!!!!!!!!!
20240902 024932.383 INFO             PET2 !!! THE ESMF_LOG IS SET TO OUTPUT ALL LOG MESSAGES !!!
20240902 024932.383 INFO             PET2 !!!     THIS MAY CAUSE SLOWDOWN IN PERFORMANCE     !!!
20240902 024932.383 INFO             PET2 !!! FOR PRODUCTION RUNS, USE:                      !!!
20240902 024932.383 INFO             PET2 !!!                   ESMF_LOGKIND_Multi_On_Error  !!!
20240902 024932.383 INFO             PET2 !!!!!!!!!!!!!!!!!!!!!!!!!!!!!!!!!!!!!!!!!!!!!!!!!!!!!!
20240902 024932.383 INFO             PET2 Running with ESMF Version   : v8.7.0b12-2-gbfe22b56ac
20240902 024932.383 INFO             PET2 ESMF library build date/time: "Sep  2 2024" "02:00:19"
20240902 024932.383 INFO             PET2 ESMF library build location : /discover/nobackup/projects/sbu/mpotts/esmf-test/intel_19.1.3_intelmpi_O_develop/esmf
20240902 024932.383 INFO             PET2 ESMF_COMM                   : intelmpi
20240902 024932.383 INFO             PET2 ESMF_MOAB                   : enabled
20240902 024932.383 INFO             PET2 ESMF_LAPACK                 : enabled
20240902 024932.383 INFO             PET2 ESMF_NETCDF                 : enabled
20240902 024932.383 INFO             PET2 ESMF_PNETCDF                : disabled
20240902 024932.383 INFO             PET2 ESMF_PIO                    : enabled
20240902 024932.383 INFO             PET2 ESMF_YAMLCPP                : enabled
20240902 024932.415 DEBUG            PET2 about to destroy Grid: 0x2604310
20240902 024932.418 DEBUG            PET2 about to destroy Grid: 0x2604ff0
20240902 024932.426 INFO             PET2  NUMBER_OF_PROCESSORS           4
20240902 024932.426 INFO             PET2  PASS  Example ESMF_NUOPCAtmModelEx, ESMF_NUOPCAtmModelEx.F90, line 806
20240902 024932.426 INFO             PET2  Finalizing ESMF
20240902 024932.384 INFO             PET3 !!!!!!!!!!!!!!!!!!!!!!!!!!!!!!!!!!!!!!!!!!!!!!!!!!!!!!
20240902 024932.384 INFO             PET3 !!! THE ESMF_LOG IS SET TO OUTPUT ALL LOG MESSAGES !!!
20240902 024932.384 INFO             PET3 !!!     THIS MAY CAUSE SLOWDOWN IN PERFORMANCE     !!!
20240902 024932.384 INFO             PET3 !!! FOR PRODUCTION RUNS, USE:                      !!!
20240902 024932.384 INFO             PET3 !!!                   ESMF_LOGKIND_Multi_On_Error  !!!
20240902 024932.384 INFO             PET3 !!!!!!!!!!!!!!!!!!!!!!!!!!!!!!!!!!!!!!!!!!!!!!!!!!!!!!
20240902 024932.384 INFO             PET3 Running with ESMF Version   : v8.7.0b12-2-gbfe22b56ac
20240902 024932.384 INFO             PET3 ESMF library build date/time: "Sep  2 2024" "02:00:19"
20240902 024932.384 INFO             PET3 ESMF library build location : /discover/nobackup/projects/sbu/mpotts/esmf-test/intel_19.1.3_intelmpi_O_develop/esmf
20240902 024932.384 INFO             PET3 ESMF_COMM                   : intelmpi
20240902 024932.384 INFO             PET3 ESMF_MOAB                   : enabled
20240902 024932.384 INFO             PET3 ESMF_LAPACK                 : enabled
20240902 024932.384 INFO             PET3 ESMF_NETCDF                 : enabled
20240902 024932.384 INFO             PET3 ESMF_PNETCDF                : disabled
20240902 024932.384 INFO             PET3 ESMF_PIO                    : enabled
20240902 024932.384 INFO             PET3 ESMF_YAMLCPP                : enabled
20240902 024932.415 DEBUG            PET3 about to destroy Grid: 0x12cb3f0
20240902 024932.418 DEBUG            PET3 about to destroy Grid: 0x12cc0d0
20240902 024932.426 INFO             PET3  NUMBER_OF_PROCESSORS           4
20240902 024932.426 INFO             PET3  PASS  Example ESMF_NUOPCAtmModelEx, ESMF_NUOPCAtmModelEx.F90, line 806
20240902 024932.426 INFO             PET3  Finalizing ESMF
