2024-08-13 03:07:18
20240813 050038.365 INFO             PET0 !!!!!!!!!!!!!!!!!!!!!!!!!!!!!!!!!!!!!!!!!!!!!!!!!!!!!!
20240813 050038.365 INFO             PET0 !!! THE ESMF_LOG IS SET TO OUTPUT ALL LOG MESSAGES !!!
20240813 050038.365 INFO             PET0 !!!     THIS MAY CAUSE SLOWDOWN IN PERFORMANCE     !!!
20240813 050038.365 INFO             PET0 !!! FOR PRODUCTION RUNS, USE:                      !!!
20240813 050038.365 INFO             PET0 !!!                   ESMF_LOGKIND_Multi_On_Error  !!!
20240813 050038.365 INFO             PET0 !!!!!!!!!!!!!!!!!!!!!!!!!!!!!!!!!!!!!!!!!!!!!!!!!!!!!!
20240813 050038.365 INFO             PET0 Running with ESMF Version   : v8.7.0b11
20240813 050038.365 INFO             PET0 ESMF library build date/time: "Aug 13 2024" "03:05:49"
20240813 050038.365 INFO             PET0 ESMF library build location : /discover/nobackup/projects/sbu/mpotts/esmf-test/intel_19.1.3_intelmpi_g_develop/esmf
20240813 050038.365 INFO             PET0 ESMF_COMM                   : intelmpi
20240813 050038.365 INFO             PET0 ESMF_MOAB                   : enabled
20240813 050038.365 INFO             PET0 ESMF_LAPACK                 : enabled
20240813 050038.365 INFO             PET0 ESMF_NETCDF                 : enabled
20240813 050038.365 INFO             PET0 ESMF_PNETCDF                : disabled
20240813 050038.365 INFO             PET0 ESMF_PIO                    : enabled
20240813 050038.365 INFO             PET0 ESMF_YAMLCPP                : enabled
20240813 050038.376 INFO             PET0  NUMBER_OF_PROCESSORS           1
20240813 050038.376 INFO             PET0  PASS  Example ESMF_XGridSparseMatEx, ESMF_XGridSparseMatEx.F90, line 642
20240813 050038.376 INFO             PET0  Finalizing ESMF
