2024-10-01 07:39:39
20241001 083747.969 INFO             PET0 !!!!!!!!!!!!!!!!!!!!!!!!!!!!!!!!!!!!!!!!!!!!!!!!!!!!!!
20241001 083747.969 INFO             PET0 !!! THE ESMF_LOG IS SET TO OUTPUT ALL LOG MESSAGES !!!
20241001 083747.969 INFO             PET0 !!!     THIS MAY CAUSE SLOWDOWN IN PERFORMANCE     !!!
20241001 083747.969 INFO             PET0 !!! FOR PRODUCTION RUNS, USE:                      !!!
20241001 083747.969 INFO             PET0 !!!                   ESMF_LOGKIND_Multi_On_Error  !!!
20241001 083747.969 INFO             PET0 !!!!!!!!!!!!!!!!!!!!!!!!!!!!!!!!!!!!!!!!!!!!!!!!!!!!!!
20241001 083747.969 INFO             PET0 Running with ESMF Version   : v8.7.0b14-1-g2597b0a993
20241001 083747.969 INFO             PET0 ESMF library build date/time: "Oct  1 2024" "07:35:43"
20241001 083747.969 INFO             PET0 ESMF library build location : /scratch2/NCEPDEV/stmp1/Gerhard.Theurich/ESMF-Nightly-Testing/intel_2023.2.0_mpiuni_g_release_8.7.0/esmf
20241001 083747.969 INFO             PET0 ESMF_COMM                   : mpiuni
20241001 083747.970 INFO             PET0 ESMF_MOAB                   : enabled
20241001 083747.970 INFO             PET0 ESMF_LAPACK                 : enabled
20241001 083747.970 INFO             PET0 ESMF_NETCDF                 : enabled
20241001 083747.970 INFO             PET0 ESMF_PNETCDF                : disabled
20241001 083747.970 INFO             PET0 ESMF_PIO                    : enabled
20241001 083747.970 INFO             PET0 ESMF_YAMLCPP                : enabled
20241001 083747.976 INFO             PET0  NUMBER_OF_PROCESSORS           1
20241001 083747.976 INFO             PET0  PASS  Example ESMF_GCompEx, ESMF_GCompEx.F90, line 465
20241001 083747.976 INFO             PET0  Finalizing ESMF
