2024-09-26 09:33:45
20240926 111452.744 INFO             PET0 !!!!!!!!!!!!!!!!!!!!!!!!!!!!!!!!!!!!!!!!!!!!!!!!!!!!!!
20240926 111452.745 INFO             PET0 !!! THE ESMF_LOG IS SET TO OUTPUT ALL LOG MESSAGES !!!
20240926 111452.745 INFO             PET0 !!!     THIS MAY CAUSE SLOWDOWN IN PERFORMANCE     !!!
20240926 111452.745 INFO             PET0 !!! FOR PRODUCTION RUNS, USE:                      !!!
20240926 111452.745 INFO             PET0 !!!                   ESMF_LOGKIND_Multi_On_Error  !!!
20240926 111452.745 INFO             PET0 !!!!!!!!!!!!!!!!!!!!!!!!!!!!!!!!!!!!!!!!!!!!!!!!!!!!!!
20240926 111452.745 INFO             PET0 Running with ESMF Version   : v8.7.0b14-1-g2597b0a993
20240926 111452.745 INFO             PET0 ESMF library build date/time: "Sep 26 2024" "09:30:41"
20240926 111452.745 INFO             PET0 ESMF library build location : /scratch2/NCEPDEV/stmp1/Gerhard.Theurich/ESMF-Nightly-Testing/intel_2023.2.0_mpiuni_g_release_8.7.0/esmf
20240926 111452.745 INFO             PET0 ESMF_COMM                   : mpiuni
20240926 111452.746 INFO             PET0 ESMF_MOAB                   : enabled
20240926 111452.746 INFO             PET0 ESMF_LAPACK                 : enabled
20240926 111452.746 INFO             PET0 ESMF_NETCDF                 : enabled
20240926 111452.746 INFO             PET0 ESMF_PNETCDF                : disabled
20240926 111452.746 INFO             PET0 ESMF_PIO                    : enabled
20240926 111452.746 INFO             PET0 ESMF_YAMLCPP                : enabled
20240926 111452.782 INFO             PET0  NUMBER_OF_PROCESSORS           1
20240926 111452.783 INFO             PET0  PASS  Example ESMF_LocStreamEx, ESMF_LocStreamEx.F90, line 784
20240926 111452.783 INFO             PET0  Finalizing ESMF
