2024-10-03 03:00:26
20241003 032804.786 INFO             PET0 !!!!!!!!!!!!!!!!!!!!!!!!!!!!!!!!!!!!!!!!!!!!!!!!!!!!!!
20241003 032804.786 INFO             PET0 !!! THE ESMF_LOG IS SET TO OUTPUT ALL LOG MESSAGES !!!
20241003 032804.786 INFO             PET0 !!!     THIS MAY CAUSE SLOWDOWN IN PERFORMANCE     !!!
20241003 032804.786 INFO             PET0 !!! FOR PRODUCTION RUNS, USE:                      !!!
20241003 032804.786 INFO             PET0 !!!                   ESMF_LOGKIND_Multi_On_Error  !!!
20241003 032804.786 INFO             PET0 !!!!!!!!!!!!!!!!!!!!!!!!!!!!!!!!!!!!!!!!!!!!!!!!!!!!!!
20241003 032804.786 INFO             PET0 Running with ESMF Version   : v8.7.0b14-6-gd29442cb2f
20241003 032804.786 INFO             PET0 ESMF library build date/time: "Oct  3 2024" "02:58:23"
20241003 032804.786 INFO             PET0 ESMF library build location : /glade/derecho/scratch/sacks/esmf-testing/intel_2023.2.1-classic_mpiuni_g_release_8.7.0/esmf
20241003 032804.786 INFO             PET0 ESMF_COMM                   : mpiuni
20241003 032804.787 INFO             PET0 ESMF_MOAB                   : enabled
20241003 032804.787 INFO             PET0 ESMF_LAPACK                 : enabled
20241003 032804.787 INFO             PET0 ESMF_NETCDF                 : enabled
20241003 032804.787 INFO             PET0 ESMF_PNETCDF                : disabled
20241003 032804.787 INFO             PET0 ESMF_PIO                    : enabled
20241003 032804.787 INFO             PET0 ESMF_YAMLCPP                : enabled
20241003 032804.787 INFO             PET0 ESMF Tracing Enabled
20241003 032804.787 INFO             PET0 ESMF Profiling Enabled
20241003 032804.787 INFO             PET0 ESMF Trace/Profile clock: REALTIME
20241003 032804.790 INFO             PET0  NUMBER_OF_PROCESSORS           1
20241003 032804.790 INFO             PET0  PASS  Example ESMF_TraceEx, ESMF_TraceEx.F90, line 178
20241003 032804.790 INFO             PET0  Finalizing ESMF
20241003 032804.790 INFO             PET0 **************** Region Timings *******************
20241003 032804.790 INFO             PET0 Region              Count  Total (s)   Self (s)    Mean (s)    Min (s)     Max (s)
20241003 032804.790 INFO             PET0   [ESMF]            1      0.0013      0.0012      0.0013      0.0013      0.0013
20241003 032804.790 INFO             PET0     [test] Run 1    5      0.0000      0.0000      0.0000      0.0000      0.0000
20241003 032804.790 INFO             PET0     [test] Init 1   1      0.0000      0.0000      0.0000      0.0000      0.0000
20241003 032804.790 INFO             PET0     [test] Final 1  1      0.0000      0.0000      0.0000      0.0000      0.0000
