2024-09-25 02:57:34
20240925 033617.562 INFO             PET0 !!!!!!!!!!!!!!!!!!!!!!!!!!!!!!!!!!!!!!!!!!!!!!!!!!!!!!
20240925 033617.562 INFO             PET0 !!! THE ESMF_LOG IS SET TO OUTPUT ALL LOG MESSAGES !!!
20240925 033617.562 INFO             PET0 !!!     THIS MAY CAUSE SLOWDOWN IN PERFORMANCE     !!!
20240925 033617.562 INFO             PET0 !!! FOR PRODUCTION RUNS, USE:                      !!!
20240925 033617.562 INFO             PET0 !!!                   ESMF_LOGKIND_Multi_On_Error  !!!
20240925 033617.562 INFO             PET0 !!!!!!!!!!!!!!!!!!!!!!!!!!!!!!!!!!!!!!!!!!!!!!!!!!!!!!
20240925 033617.562 INFO             PET0 Running with ESMF Version   : v8.7.0b14-1-g2597b0a993
20240925 033617.562 INFO             PET0 ESMF library build date/time: "Sep 25 2024" "02:54:45"
20240925 033617.562 INFO             PET0 ESMF library build location : /glade/derecho/scratch/sacks/esmf-testing/intel_2023.2.1-classic_mpiuni_g_release_8.7.0/esmf
20240925 033617.562 INFO             PET0 ESMF_COMM                   : mpiuni
20240925 033617.770 INFO             PET0 ESMF_MOAB                   : enabled
20240925 033617.770 INFO             PET0 ESMF_LAPACK                 : enabled
20240925 033617.770 INFO             PET0 ESMF_NETCDF                 : enabled
20240925 033617.770 INFO             PET0 ESMF_PNETCDF                : disabled
20240925 033617.770 INFO             PET0 ESMF_PIO                    : enabled
20240925 033617.770 INFO             PET0 ESMF_YAMLCPP                : enabled
20240925 033617.771 INFO             PET0  NUMBER_OF_PROCESSORS           1
20240925 033617.771 INFO             PET0  PASS  Example ESMF_StateReconcileEx, ESMF_StateReconcileEx.F90, line 294
20240925 033617.771 INFO             PET0  Finalizing ESMF
