2024-09-25 02:57:34
20240925 033448.708 INFO             PET0 !!!!!!!!!!!!!!!!!!!!!!!!!!!!!!!!!!!!!!!!!!!!!!!!!!!!!!
20240925 033448.708 INFO             PET0 !!! THE ESMF_LOG IS SET TO OUTPUT ALL LOG MESSAGES !!!
20240925 033448.708 INFO             PET0 !!!     THIS MAY CAUSE SLOWDOWN IN PERFORMANCE     !!!
20240925 033448.708 INFO             PET0 !!! FOR PRODUCTION RUNS, USE:                      !!!
20240925 033448.708 INFO             PET0 !!!                   ESMF_LOGKIND_Multi_On_Error  !!!
20240925 033448.708 INFO             PET0 !!!!!!!!!!!!!!!!!!!!!!!!!!!!!!!!!!!!!!!!!!!!!!!!!!!!!!
20240925 033448.708 INFO             PET0 Running with ESMF Version   : v8.7.0b14-1-g2597b0a993
20240925 033448.708 INFO             PET0 ESMF library build date/time: "Sep 25 2024" "02:54:45"
20240925 033448.708 INFO             PET0 ESMF library build location : /glade/derecho/scratch/sacks/esmf-testing/intel_2023.2.1-classic_mpiuni_g_release_8.7.0/esmf
20240925 033448.708 INFO             PET0 ESMF_COMM                   : mpiuni
20240925 033448.709 INFO             PET0 ESMF_MOAB                   : enabled
20240925 033448.709 INFO             PET0 ESMF_LAPACK                 : enabled
20240925 033448.709 INFO             PET0 ESMF_NETCDF                 : enabled
20240925 033448.709 INFO             PET0 ESMF_PNETCDF                : disabled
20240925 033448.709 INFO             PET0 ESMF_PIO                    : enabled
20240925 033448.709 INFO             PET0 ESMF_YAMLCPP                : enabled
20240925 033448.709 INFO             PET0 ESMF Tracing Enabled
20240925 033448.709 INFO             PET0 ESMF Profiling Enabled
20240925 033448.709 INFO             PET0 ESMF Trace/Profile clock: REALTIME
20240925 033448.712 INFO             PET0  NUMBER_OF_PROCESSORS           1
20240925 033448.712 INFO             PET0  PASS  Example ESMF_TraceUserEx, ESMF_TraceUserEx.F90, line 125
20240925 033448.712 INFO             PET0  Finalizing ESMF
20240925 033448.712 INFO             PET0 **************** Region Timings *******************
20240925 033448.712 INFO             PET0 Region                Count  Total (s)   Self (s)    Mean (s)    Min (s)     Max (s)
20240925 033448.712 INFO             PET0   [ESMF]              1      0.0011      0.0007      0.0011      0.0011      0.0011
20240925 033448.712 INFO             PET0     outer_region      1      0.0004      0.0000      0.0004      0.0004      0.0004
20240925 033448.712 INFO             PET0       inner_region_1  10     0.0003      0.0003      0.0000      0.0000      0.0000
20240925 033448.712 INFO             PET0       inner_region_2  10     0.0001      0.0001      0.0000      0.0000      0.0000
