2024-09-19 05:51:05
20240919 061440.944 INFO             PET0 !!!!!!!!!!!!!!!!!!!!!!!!!!!!!!!!!!!!!!!!!!!!!!!!!!!!!!
20240919 061440.945 INFO             PET0 !!! THE ESMF_LOG IS SET TO OUTPUT ALL LOG MESSAGES !!!
20240919 061440.945 INFO             PET0 !!!     THIS MAY CAUSE SLOWDOWN IN PERFORMANCE     !!!
20240919 061440.945 INFO             PET0 !!! FOR PRODUCTION RUNS, USE:                      !!!
20240919 061440.945 INFO             PET0 !!!                   ESMF_LOGKIND_Multi_On_Error  !!!
20240919 061440.945 INFO             PET0 !!!!!!!!!!!!!!!!!!!!!!!!!!!!!!!!!!!!!!!!!!!!!!!!!!!!!!
20240919 061440.945 INFO             PET0 Running with ESMF Version   : v8.7.0b14-2-gcef85deffb
20240919 061440.945 INFO             PET0 ESMF library build date/time: "Sep 19 2024" "05:49:10"
20240919 061440.945 INFO             PET0 ESMF library build location : /project/esmf/sacks/esmf-testing/gfortran_11.2.0_mpiuni_O_develop/esmf
20240919 061440.945 INFO             PET0 ESMF_COMM                   : mpiuni
20240919 061440.945 INFO             PET0 ESMF_MOAB                   : enabled
20240919 061440.945 INFO             PET0 ESMF_LAPACK                 : enabled
20240919 061440.945 INFO             PET0 ESMF_NETCDF                 : enabled
20240919 061440.945 INFO             PET0 ESMF_PNETCDF                : disabled
20240919 061440.945 INFO             PET0 ESMF_PIO                    : enabled
20240919 061440.945 INFO             PET0 ESMF_YAMLCPP                : enabled
20240919 061440.947 INFO             PET0  NUMBER_OF_PROCESSORS           1
20240919 061440.947 INFO             PET0  PASS  Example ESMF_FieldArbGridEx, ESMF_FieldArbGridEx.F90, line 243
20240919 061440.947 INFO             PET0  Finalizing ESMF
