2024-09-25 05:49:50
20240925 061216.952 INFO             PET0 !!!!!!!!!!!!!!!!!!!!!!!!!!!!!!!!!!!!!!!!!!!!!!!!!!!!!!
20240925 061216.954 INFO             PET0 !!! THE ESMF_LOG IS SET TO OUTPUT ALL LOG MESSAGES !!!
20240925 061216.954 INFO             PET0 !!!     THIS MAY CAUSE SLOWDOWN IN PERFORMANCE     !!!
20240925 061216.954 INFO             PET0 !!! FOR PRODUCTION RUNS, USE:                      !!!
20240925 061216.954 INFO             PET0 !!!                   ESMF_LOGKIND_Multi_On_Error  !!!
20240925 061216.954 INFO             PET0 !!!!!!!!!!!!!!!!!!!!!!!!!!!!!!!!!!!!!!!!!!!!!!!!!!!!!!
20240925 061216.954 INFO             PET0 Running with ESMF Version   : v8.7.0b14-7-ge84ae5b02e
20240925 061216.954 INFO             PET0 ESMF library build date/time: "Sep 25 2024" "05:47:57"
20240925 061216.954 INFO             PET0 ESMF library build location : /project/esmf/sacks/esmf-testing/gfortran_11.2.0_mpiuni_O_develop/esmf
20240925 061216.954 INFO             PET0 ESMF_COMM                   : mpiuni
20240925 061216.954 INFO             PET0 ESMF_MOAB                   : enabled
20240925 061216.954 INFO             PET0 ESMF_LAPACK                 : enabled
20240925 061216.954 INFO             PET0 ESMF_NETCDF                 : enabled
20240925 061216.954 INFO             PET0 ESMF_PNETCDF                : disabled
20240925 061216.954 INFO             PET0 ESMF_PIO                    : enabled
20240925 061216.954 INFO             PET0 ESMF_YAMLCPP                : enabled
20240925 061216.968 INFO             PET0  NUMBER_OF_PROCESSORS           1
20240925 061216.968 INFO             PET0  PASS  Example ESMF_ConfigOverviewEx, ESMF_ConfigOverviewEx.F90, line 638
20240925 061216.968 INFO             PET0  Finalizing ESMF
