2024-09-20 05:51:51
20240920 061444.111 INFO             PET0 !!!!!!!!!!!!!!!!!!!!!!!!!!!!!!!!!!!!!!!!!!!!!!!!!!!!!!
20240920 061444.113 INFO             PET0 !!! THE ESMF_LOG IS SET TO OUTPUT ALL LOG MESSAGES !!!
20240920 061444.113 INFO             PET0 !!!     THIS MAY CAUSE SLOWDOWN IN PERFORMANCE     !!!
20240920 061444.113 INFO             PET0 !!! FOR PRODUCTION RUNS, USE:                      !!!
20240920 061444.113 INFO             PET0 !!!                   ESMF_LOGKIND_Multi_On_Error  !!!
20240920 061444.113 INFO             PET0 !!!!!!!!!!!!!!!!!!!!!!!!!!!!!!!!!!!!!!!!!!!!!!!!!!!!!!
20240920 061444.113 INFO             PET0 Running with ESMF Version   : v8.7.0b14-4-g46dfc47cbb
20240920 061444.113 INFO             PET0 ESMF library build date/time: "Sep 20 2024" "05:50:01"
20240920 061444.113 INFO             PET0 ESMF library build location : /project/esmf/sacks/esmf-testing/gfortran_11.2.0_mpiuni_O_develop/esmf
20240920 061444.113 INFO             PET0 ESMF_COMM                   : mpiuni
20240920 061444.113 INFO             PET0 ESMF_MOAB                   : enabled
20240920 061444.113 INFO             PET0 ESMF_LAPACK                 : enabled
20240920 061444.113 INFO             PET0 ESMF_NETCDF                 : enabled
20240920 061444.113 INFO             PET0 ESMF_PNETCDF                : disabled
20240920 061444.113 INFO             PET0 ESMF_PIO                    : enabled
20240920 061444.113 INFO             PET0 ESMF_YAMLCPP                : enabled
20240920 061444.708 INFO             PET0  NUMBER_OF_PROCESSORS           1
20240920 061444.708 INFO             PET0  PASS  Example ESMF_GridUsageEx, ESMF_GridUsageEx.F90, line 3470
20240920 061444.708 INFO             PET0  Finalizing ESMF
