2024-10-08 07:21:03
20241008 074410.118 INFO             PET0 !!!!!!!!!!!!!!!!!!!!!!!!!!!!!!!!!!!!!!!!!!!!!!!!!!!!!!
20241008 074410.119 INFO             PET0 !!! THE ESMF_LOG IS SET TO OUTPUT ALL LOG MESSAGES !!!
20241008 074410.119 INFO             PET0 !!!     THIS MAY CAUSE SLOWDOWN IN PERFORMANCE     !!!
20241008 074410.119 INFO             PET0 !!! FOR PRODUCTION RUNS, USE:                      !!!
20241008 074410.119 INFO             PET0 !!!                   ESMF_LOGKIND_Multi_On_Error  !!!
20241008 074410.119 INFO             PET0 !!!!!!!!!!!!!!!!!!!!!!!!!!!!!!!!!!!!!!!!!!!!!!!!!!!!!!
20241008 074410.119 INFO             PET0 Running with ESMF Version   : v8.7.0b14-13-g0d4b825343
20241008 074410.119 INFO             PET0 ESMF library build date/time: "Oct  8 2024" "07:19:08"
20241008 074410.119 INFO             PET0 ESMF library build location : /project/esmf/sacks/esmf-testing/gfortran_11.2.0_mpiuni_O_develop/esmf
20241008 074410.119 INFO             PET0 ESMF_COMM                   : mpiuni
20241008 074410.119 INFO             PET0 ESMF_MOAB                   : enabled
20241008 074410.119 INFO             PET0 ESMF_LAPACK                 : enabled
20241008 074410.119 INFO             PET0 ESMF_NETCDF                 : enabled
20241008 074410.119 INFO             PET0 ESMF_PNETCDF                : disabled
20241008 074410.119 INFO             PET0 ESMF_PIO                    : enabled
20241008 074410.119 INFO             PET0 ESMF_YAMLCPP                : enabled
20241008 074410.120 INFO             PET0  NUMBER_OF_PROCESSORS           1
20241008 074410.120 INFO             PET0  PASS  Example ESMF_TimeEx, ESMF_TimeEx.F90, line 141
20241008 074410.120 INFO             PET0  Finalizing ESMF
