2024-09-07 04:04:29
20240907 045830.675 INFO             PET0 !!!!!!!!!!!!!!!!!!!!!!!!!!!!!!!!!!!!!!!!!!!!!!!!!!!!!!
20240907 045830.675 INFO             PET0 !!! THE ESMF_LOG IS SET TO OUTPUT ALL LOG MESSAGES !!!
20240907 045830.675 INFO             PET0 !!!     THIS MAY CAUSE SLOWDOWN IN PERFORMANCE     !!!
20240907 045830.675 INFO             PET0 !!! FOR PRODUCTION RUNS, USE:                      !!!
20240907 045830.675 INFO             PET0 !!!                   ESMF_LOGKIND_Multi_On_Error  !!!
20240907 045830.675 INFO             PET0 !!!!!!!!!!!!!!!!!!!!!!!!!!!!!!!!!!!!!!!!!!!!!!!!!!!!!!
20240907 045830.675 INFO             PET0 Running with ESMF Version   : v8.7.0b13-3-gedb848d90b
20240907 045830.675 INFO             PET0 ESMF library build date/time: "Sep  7 2024" "04:00:36"
20240907 045830.675 INFO             PET0 ESMF library build location : /glade/derecho/scratch/sacks/esmf-testing/nvhpc_23.7_mpi_O_develop/esmf
20240907 045830.675 INFO             PET0 ESMF_COMM                   : mpi
20240907 045830.681 INFO             PET0 ESMF_MOAB                   : enabled
20240907 045830.681 INFO             PET0 ESMF_LAPACK                 : enabled
20240907 045830.681 INFO             PET0 ESMF_NETCDF                 : enabled
20240907 045830.681 INFO             PET0 ESMF_PNETCDF                : disabled
20240907 045830.681 INFO             PET0 ESMF_PIO                    : enabled
20240907 045830.681 INFO             PET0 ESMF_YAMLCPP                : enabled
20240907 045830.686 INFO             PET0  NUMBER_OF_PROCESSORS            4
20240907 045830.686 INFO             PET0  PASS  Example ESMF_CplEx, ESMF_CplEx.F90, line 457
20240907 045830.686 INFO             PET0  Finalizing ESMF
20240907 045830.675 INFO             PET1 !!!!!!!!!!!!!!!!!!!!!!!!!!!!!!!!!!!!!!!!!!!!!!!!!!!!!!
20240907 045830.675 INFO             PET1 !!! THE ESMF_LOG IS SET TO OUTPUT ALL LOG MESSAGES !!!
20240907 045830.675 INFO             PET1 !!!     THIS MAY CAUSE SLOWDOWN IN PERFORMANCE     !!!
20240907 045830.675 INFO             PET1 !!! FOR PRODUCTION RUNS, USE:                      !!!
20240907 045830.675 INFO             PET1 !!!                   ESMF_LOGKIND_Multi_On_Error  !!!
20240907 045830.675 INFO             PET1 !!!!!!!!!!!!!!!!!!!!!!!!!!!!!!!!!!!!!!!!!!!!!!!!!!!!!!
20240907 045830.675 INFO             PET1 Running with ESMF Version   : v8.7.0b13-3-gedb848d90b
20240907 045830.675 INFO             PET1 ESMF library build date/time: "Sep  7 2024" "04:00:36"
20240907 045830.675 INFO             PET1 ESMF library build location : /glade/derecho/scratch/sacks/esmf-testing/nvhpc_23.7_mpi_O_develop/esmf
20240907 045830.675 INFO             PET1 ESMF_COMM                   : mpi
20240907 045830.677 INFO             PET1 ESMF_MOAB                   : enabled
20240907 045830.677 INFO             PET1 ESMF_LAPACK                 : enabled
20240907 045830.677 INFO             PET1 ESMF_NETCDF                 : enabled
20240907 045830.677 INFO             PET1 ESMF_PNETCDF                : disabled
20240907 045830.677 INFO             PET1 ESMF_PIO                    : enabled
20240907 045830.677 INFO             PET1 ESMF_YAMLCPP                : enabled
20240907 045830.686 INFO             PET1  NUMBER_OF_PROCESSORS            4
20240907 045830.686 INFO             PET1  PASS  Example ESMF_CplEx, ESMF_CplEx.F90, line 457
20240907 045830.686 INFO             PET1  Finalizing ESMF
20240907 045830.674 INFO             PET2 !!!!!!!!!!!!!!!!!!!!!!!!!!!!!!!!!!!!!!!!!!!!!!!!!!!!!!
20240907 045830.674 INFO             PET2 !!! THE ESMF_LOG IS SET TO OUTPUT ALL LOG MESSAGES !!!
20240907 045830.674 INFO             PET2 !!!     THIS MAY CAUSE SLOWDOWN IN PERFORMANCE     !!!
20240907 045830.674 INFO             PET2 !!! FOR PRODUCTION RUNS, USE:                      !!!
20240907 045830.674 INFO             PET2 !!!                   ESMF_LOGKIND_Multi_On_Error  !!!
20240907 045830.674 INFO             PET2 !!!!!!!!!!!!!!!!!!!!!!!!!!!!!!!!!!!!!!!!!!!!!!!!!!!!!!
20240907 045830.674 INFO             PET2 Running with ESMF Version   : v8.7.0b13-3-gedb848d90b
20240907 045830.674 INFO             PET2 ESMF library build date/time: "Sep  7 2024" "04:00:36"
20240907 045830.674 INFO             PET2 ESMF library build location : /glade/derecho/scratch/sacks/esmf-testing/nvhpc_23.7_mpi_O_develop/esmf
20240907 045830.674 INFO             PET2 ESMF_COMM                   : mpi
20240907 045830.674 INFO             PET2 ESMF_MOAB                   : enabled
20240907 045830.674 INFO             PET2 ESMF_LAPACK                 : enabled
20240907 045830.674 INFO             PET2 ESMF_NETCDF                 : enabled
20240907 045830.674 INFO             PET2 ESMF_PNETCDF                : disabled
20240907 045830.674 INFO             PET2 ESMF_PIO                    : enabled
20240907 045830.674 INFO             PET2 ESMF_YAMLCPP                : enabled
20240907 045830.686 INFO             PET2  NUMBER_OF_PROCESSORS            4
20240907 045830.686 INFO             PET2  PASS  Example ESMF_CplEx, ESMF_CplEx.F90, line 457
20240907 045830.686 INFO             PET2  Finalizing ESMF
20240907 045830.673 INFO             PET3 !!!!!!!!!!!!!!!!!!!!!!!!!!!!!!!!!!!!!!!!!!!!!!!!!!!!!!
20240907 045830.673 INFO             PET3 !!! THE ESMF_LOG IS SET TO OUTPUT ALL LOG MESSAGES !!!
20240907 045830.673 INFO             PET3 !!!     THIS MAY CAUSE SLOWDOWN IN PERFORMANCE     !!!
20240907 045830.673 INFO             PET3 !!! FOR PRODUCTION RUNS, USE:                      !!!
20240907 045830.673 INFO             PET3 !!!                   ESMF_LOGKIND_Multi_On_Error  !!!
20240907 045830.673 INFO             PET3 !!!!!!!!!!!!!!!!!!!!!!!!!!!!!!!!!!!!!!!!!!!!!!!!!!!!!!
20240907 045830.673 INFO             PET3 Running with ESMF Version   : v8.7.0b13-3-gedb848d90b
20240907 045830.673 INFO             PET3 ESMF library build date/time: "Sep  7 2024" "04:00:36"
20240907 045830.673 INFO             PET3 ESMF library build location : /glade/derecho/scratch/sacks/esmf-testing/nvhpc_23.7_mpi_O_develop/esmf
20240907 045830.673 INFO             PET3 ESMF_COMM                   : mpi
20240907 045830.674 INFO             PET3 ESMF_MOAB                   : enabled
20240907 045830.674 INFO             PET3 ESMF_LAPACK                 : enabled
20240907 045830.674 INFO             PET3 ESMF_NETCDF                 : enabled
20240907 045830.674 INFO             PET3 ESMF_PNETCDF                : disabled
20240907 045830.674 INFO             PET3 ESMF_PIO                    : enabled
20240907 045830.674 INFO             PET3 ESMF_YAMLCPP                : enabled
20240907 045830.686 INFO             PET3  NUMBER_OF_PROCESSORS            4
20240907 045830.686 INFO             PET3  PASS  Example ESMF_CplEx, ESMF_CplEx.F90, line 457
20240907 045830.686 INFO             PET3  Finalizing ESMF
