2024-09-09 04:06:31
    12.45000000000000         12.45000000000000         12.45000000000000      
    12.45000000000000         12.45000000000000         12.45000000000000      
    12.45000000000000         12.45000000000000         12.45000000000000      
    12.45000000000000         12.45000000000000         12.45000000000000      
    12.45000000000000         12.45000000000000         12.45000000000000      
    12.45000000000000         12.45000000000000         12.45000000000000      
    12.45000000000000         12.45000000000000         12.45000000000000      
    12.45000000000000         12.45000000000000         12.45000000000000      
    12.45000000000000         12.45000000000000         12.45000000000000      
    12.45000000000000         12.45000000000000         12.45000000000000      
    12.45000000000000         12.45000000000000         12.45000000000000      
    12.45000000000000         12.45000000000000         12.45000000000000      
    12.45000000000000         12.45000000000000         12.45000000000000      
    12.45000000000000         12.45000000000000         12.45000000000000      
    12.45000000000000         12.45000000000000         12.45000000000000      
    12.45000000000000         12.45000000000000         12.45000000000000      
    12.45000000000000         12.45000000000000         12.45000000000000      
    12.45000000000000         12.45000000000000         12.45000000000000      
    12.45000000000000         12.45000000000000         12.45000000000000      
    12.45000000000000         12.45000000000000         12.45000000000000      
    12.45000000000000         12.45000000000000         12.45000000000000      
    12.45000000000000         12.45000000000000         12.45000000000000      
    12.45000000000000         12.45000000000000         12.45000000000000      
    12.45000000000000         12.45000000000000         12.45000000000000      
    12.45000000000000         12.45000000000000         12.45000000000000      
    12.45000000000000         12.45000000000000    12.45000000000000         12.45000000000000         12.45000000000000      
    12.45000000000000         12.45000000000000         12.45000000000000      
    12.45000000000000         12.45000000000000         12.45000000000000      
    12.45000000000000         12.45000000000000         12.45000000000000      
    12.45000000000000         12.45000000000000         12.45000000000000      
    12.45000000000000         12.45000000000000         12.45000000000000      
    12.45000000000000         12.45000000000000         12.45000000000000      
    12.45000000000000         12.45000000000000         12.45000000000000      
    12.45000000000000         12.45000000000000         12.45000000000000      
    12.45000000000000         12.45000000000000         12.45000000000000      
    12.45000000000000         12.45000000000000         12.45000000000000      
    12.45000000000000         12.45000000000000         12.45000000000000      
    12.45000000000000         12.45000000000000         12.45000000000000      
    12.45000000000000         12.45000000000000         12.45000000000000      
    12.45000000000000         12.45000000000000         12.45000000000000      
    12.45000000000000         12.45000000000000         12.45000000000000      
    12.45000000000000         12.45000000000000         12.45000000000000      
    12.45000000000000         12.45000000000000         12.45000000000000      
    12.45000000000000         12.45000000000000         12.45000000000000      
    12.45000000000000         12.45000000000000         12.45000000000000      
    12.45000000000000         12.45000000000000         12.45000000000000      
    12.45000000000000         12.45000000000000         12.45000000000000      
    12.45000000000000         12.45000000000000         12.45000000000000      
    12.45000000000000         12.45000000000000         12.45000000000000      
    12.45000000000000         12.45000000000000         12.45000000000000      
    12.45000000000000         12.45000000000000    12.45000000000000         12.45000000000000         12.45000000000000      
    12.45000000000000         12.45000000000000         12.45000000000000      
    12.45000000000000         12.45000000000000         12.45000000000000      
    12.45000000000000         12.45000000000000         12.45000000000000      
    12.45000000000000         12.45000000000000         12.45000000000000      
    12.45000000000000         12.45000000000000         12.45000000000000      
    12.45000000000000         12.45000000000000         12.45000000000000      
    12.45000000000000         12.45000000000000         12.45000000000000      
    12.45000000000000         12.45000000000000         12.45000000000000      
    12.45000000000000         12.45000000000000         12.45000000000000      
    12.45000000000000         12.45000000000000         12.45000000000000      
    12.45000000000000         12.45000000000000         12.45000000000000      
    12.45000000000000         12.45000000000000         12.45000000000000      
    12.45000000000000         12.45000000000000         12.45000000000000      
    12.45000000000000         12.45000000000000         12.45000000000000      
    12.45000000000000         12.45000000000000         12.45000000000000      
    12.45000000000000         12.45000000000000         12.45000000000000      
    12.45000000000000         12.45000000000000         12.45000000000000      
    12.45000000000000         12.45000000000000         12.45000000000000      
    12.45000000000000         12.45000000000000         12.45000000000000      
    12.45000000000000         12.45000000000000         12.45000000000000      
    12.45000000000000         12.45000000000000         12.45000000000000      
    12.45000000000000         12.45000000000000         12.45000000000000      
    12.45000000000000         12.45000000000000         12.45000000000000      
    12.45000000000000         12.45000000000000         12.45000000000000      
    12.45000000000000         12.45000000000000         12.45000000000000      
    12.45000000000000         12.45000000000000         12.45000000000000      
    12.45000000000000         12.45000000000000         12.45000000000000      
    12.45000000000000         12.45000000000000         12.45000000000000      
    12.45000000000000         12.45000000000000         12.45000000000000      
    12.45000000000000         12.45000000000000         12.45000000000000      
    12.45000000000000         12.45000000000000         12.45000000000000      
    12.45000000000000         12.45000000000000         12.45000000000000      
    12.45000000000000     
    12.45000000000000         12.45000000000000         12.45000000000000      
    12.45000000000000         12.45000000000000         12.45000000000000      
    12.45000000000000         12.45000000000000         12.45000000000000      
    12.45000000000000         12.45000000000000         12.45000000000000      
    12.45000000000000         12.45000000000000         12.45000000000000      
    12.45000000000000         12.45000000000000         12.45000000000000      
    12.45000000000000         12.45000000000000         12.45000000000000      
    12.45000000000000         12.45000000000000         12.45000000000000      
    12.45000000000000         12.45000000000000         12.45000000000000      
    12.45000000000000         12.45000000000000         12.45000000000000      
    12.45000000000000         12.45000000000000         12.45000000000000      
    12.45000000000000         12.45000000000000         12.45000000000000      
    12.45000000000000         12.45000000000000         12.45000000000000      
    12.45000000000000         12.45000000000000         12.45000000000000      
    12.45000000000000         12.45000000000000         12.45000000000000      
    12.45000000000000         12.45000000000000         12.45000000000000      
    12.45000000000000         12.45000000000000         12.45000000000000      
    12.45000000000000         12.45000000000000         12.45000000         12.45000000000000      
    12.45000000000000         12.45000000000000         12.45000000000000      
    12.45000000000000         12.45000000000000         12.45000000000000      
    12.45000000000000         12.45000000000000         12.45000000000000      
    12.45000000000000         12.45000000000000         12.45000000000000      
    12.45000000000000         12.45000000000000         12.45000000000000      
    12.45000000000000         12.45000000000000         12.45000000000000      
    12.45000000000000         12.45000000000000         12.45000000000000      
    12.45000000000000     
    12.45000000000000         12.45000000000000         12.45000000000000      
    12.45000000000000         12.45000000000000         12.45000000000000      
    12.45000000000000         12.45000000000000         12.45000000000000      
    12.45000000000000         12.45000000000000         12.45000000000000      
    12.45000000000000         12.45000000000000         12.45000000000000      
    12.45000000000000         12.45000000000000         12.45000000000000      
    12.45000000000000         12.45000000000000         12.45000000000000      
    12.45000000000000         12.45000000000000         12.45000000000000      
    12.45000000000000         12.45000000000000         12.45000000000000      
    12.45000000000000         12.45000000000000         12.45000000000000      
    12.45000000000000         12.45000000000000         12.45000000000000      
    12.45000000000000         12.45000000000000         12.45000000000000      
    12.45000000000000         12.45000000000000         12.45000000000000      
    12.45000000000000         12.45000000000000         12.45000000000000      
    12.45000000000000         12.45000000000000         12.45000000000000      
    12.45000000000000         12.45000000000000         12.45000000000000      
    12.45000000000000         12.45000000000000         12.45000000000000      
    12.45000000000000         12.45000000000000         12.45000000    12.45000000000000         12.45000000000000         12.45000000000000      
    12.45000000000000         12.45000000000000         12.45000000000000      
    12.45000000000000         12.45000000000000         12.45000000000000      
    12.45000000000000         12.45000000000000         12.45000000000000      
    12.45000000000000         12.45000000000000         12.45000000000000      
    12.45000000000000         12.45000000000000         12.45000000000000      
    12.45000000000000         12.45000000000000         12.45000000000000      
    12.45000000000000         12.45000000000000         12.45000000000000      
    12.45000000000000         12.45000000000000         12.45000000000000      
    12.45000000000000         12.45000000000000         12.45000000000000      
    12.45000000000000         12.45000000000000         12.45000000000000      
    12.45000000000000         12.45000000000000         12.45000000000000      
    12.45000000000000         12.45000000000000         12.45000000000000      
    12.45000000000000         12.45000000000000         12.45000000000000      
    12.45000000000000         12.45000000000000         12.45000000000000      
    12.45000000000000         12.45000000000000         12.45000000000000      
    12.45000000000000         12.45000000000000         12.45000000000000      
    12.45000000000000         12.45000000000000         12.45000000000000      
    12.45000000000000         12.45000000000000         12.45000000000000      
    12.45000000000000         12.45000000000000         12.45000000000000      
    12.45000000000000         12.45000000000000         12.45000000000000      
    12.45000000000000         12.45000000000000         12.45000000000000      
    12.45000000000000         12.45000000000000         12.45000000000000      
    12.45000000000000         12.45000000000000         12.45000000000000      
    12.45000000000000         12.45000000000000         12.45000000000000      
    12.45000000000000         12.45000000000000         12.45000000000000      
    12.45000000000000         12.45000000000000         12.45000000000000      
    12.45000000000000         12.45000000000000         12.45000000000000      
    12.45000000000000         12.45000000000000         12.45000000000000      
    12.45000000000000         12.45000000000000         12.45000000000000      
    12.45000000000000         12.45000000000000         12.45000000000000      
    12.45000000000000         12.45000000000000         12.45000000000000      
    12.45000000000000         12.45000000000000         12.45000000000000      
    12.45000000000000     
    12.45000000000000         12.45000000000000         12.45000000000000      
    12.45000000000000         12.45000000000000         12.45000000000000      
    12.45000000000000         12.45000000000000         12.45000000000000      
    12.45000000000000         12.45000000000000         12.45000000000000      
    12.45000000000000         12.45000000000000         12.45000000000000      
    12.45000000000000         12.45000000000000         12.45000000000000      
    12.45000000000000         12.45000000000000         12.45000000000000      
    12.45000000000000         12.45000000000000         12.45000000000000      
    12.45000000000000         12.45000000000000         12.45000000000000      
    12.45000000000000         12.45000000000000         12.45000000000000      
    12.45000000000000         12.45000000000000         12.45000000000000      
    12.45000000000000         12.45000000000000         12.45000000000000      
    12.45000000000000         12.45000000000000         12.45000000000000      
    12.45000000000000         12.45000000000000         12.45000000000000      
    12.45000000000000         12.45000000000000         12.45000000000000      
    12.45000000000000         12.45000000000000         12.45000000000000      
    12.45000000000000         12.45000000000000         12.45000000000000      
    12.45000000000000         12.45000000000000         12.45000000000000      
    12.45000000000000         12.45000000000000         12.45000000000000      
    12.45000000000000         12.45000000000000         12.45000000000000      
    12.45000000000000         12.45000000000000         12.45000000000000      
    12.45000000000000         12.45000000000000         12.45000000000000      
    12.45000000000000         12.45000000000000         12.45000000000000      
    12.45000000000000         12.45000000000000         12.45000000000000      
    12.45000000000000         12.45000000000000         12.45000000000000      
    12.45000000000000         12.45000000000000         12.45000000000000      
    12.45000000000000         12.45000000000000         12.45000000000000      
    12.45000000000000         12.45000000000000         12.45000000000000      
    12.45000000000000         12.45000000000000         12.45000000000000      
    12.45000000000000         12.45000000000000         12.45000000000000      
    12.45000000000000         12.45000000000000         12.45000000000000      
    12.45000000000000         12.45000000000000         12.45000000000000      
    12.45000000000000         12.45000000000000         12.45000000000000      
    12.45000000000000     
    23.67000000000000         23.67000000000000         23.67000000000000      
    23.67000000000000         23.67000000000000         23.67000000000000      
    23.67000000000000         23.67000000000000         23.67000000000000      
    23.67000000000000         23.67000000000000         23.67000000000000      
    23.67000000000000         23.67000000000000         23.67000000000000      
    23.67000000000000         23.67000000000000         23.67000000000000      
    23.67000000000000         23.67000000000000         23.67000000000000      
    23.67000000000000         23.67000000000000         23.67000000000000      
    23.67000000000000         23.67000000000000         23.67000000000000      
    23.67000000000000         23.67000000000000         23.67000000000000      
    23.000000      
    12.45000000000000         12.45000000000000         12.45000000000000      
    12.45000000000000         12.45000000000000         12.45000000000000      
    12.45000000000000         12.45000000000000         12.45000000000000      
    12.45000000000000         12.45000000000000         12.45000000000000      
    12.45000000000000         12.45000000000000         12.45000000000000      
    12.45000000000000         12.45000000000000         12.45000000000000      
    12.45000000000000         12.45000000000000         12.45000000000000      
    12.45000000000000         12.45000000000000         12.45000000000000      
    12.45000000000000         12.45000000000000         12.45000000000000      
    12.45000000000000         12.45000000000000         12.45000000000000      
    12.45000000000000         12.45000000000000         12.45000000000000      
    12.45000000000000         12.45000000000000         12.45000000000000      
    12.45000000000000         12.45000000000000         12.45000000000000      
    12.45000000000000         12.45000000000000         12.45000000000000      
    12.45000000000000         12.45000000000000         12.45000000000000      
    12.45000000000000     
    23.67000000000000         23.67000000000000         23.67000000000000      
    23.67000000000000         23.67000000000000         23.67000000000000      
    23.67000000000000         23.67000000000000         23.67000000000000      
    23.67000000000000         23.67000000000000         23.67000000000000      
    23.67000000000000         23.67000000000000         23.67000000000000      
    23.67000000000000         23.67000000000000         23.67000000000000      
    23.67000000000000         23.67000000000000         23.67000000000000      
    23.67000000000000         23.67000000000000         23.67000000000000      
    23.67000000000000         23.67000000000000         23.67000000000000      
    23.67000000000000         23.67000000000000         23.67000000000000      
    23.         12.45000000000000      
    12.45000000000000         12.45000000000000         12.45000000000000      
    12.45000000000000         12.45000000000000         12.45000000000000      
    12.45000000000000         12.45000000000000         12.45000000000000      
    12.45000000000000         12.45000000000000         12.45000000000000      
    12.45000000000000         12.45000000000000         12.45000000000000      
    12.45000000000000         12.45000000000000         12.45000000000000      
    12.45000000000000         12.45000000000000         12.45000000000000      
    12.45000000000000     
    12.45000000000000         12.45000000000000         12.45000000000000      
    12.45000000000000         12.45000000000000         12.45000000000000      
    12.45000000000000         12.45000000000000         12.45000000000000      
    12.45000000000000         12.45000000000000         12.45000000000000      
    12.45000000000000         12.45000000000000         12.45000000000000      
    12.45000000000000         12.45000000000000         12.45000000000000      
    12.45000000000000         12.45000000000000         12.45000000000000      
    12.45000000000000         12.45000000000000         12.45000000000000      
    12.45000000000000         12.45000000000000         12.45000000000000      
    12.45000000000000         12.45000000000000         12.45000000000000      
    12.45000000000000         12.45000000000000         12.45000000000000      
    12.45000000000000         12.45000000000000         12.45000000000000      
    12.45000000000000         12.45000000000000         12.45000000000000      
    12.45000000000000         12.45000000000000         12.45000000000000      
    12.45000000000000         12.45000000000000         12.45000000000000      
    12.45000000000000         12.45000000000000         12.45000000000000      
    12.45000000000000         12.45000000000000         12.45000000000000      
    12.45000000000000         12.45000000000000         12.45000000000000      
    12.45000000000000         12.45000000000000         12.45000000000000      
    12.45000000000000         12.45000000000000         12.45000000000000      
    12.45000000000000         12.45000000000000         12.45000000000000      
    12.45000000000000         12.45000000000000         12.45000000000000      
    12.45000000000000         12.45000000000000         12.45000000000000      
    12.45000000000000         12.45000000000000         12.45000000000000      
    12.45000000000000         12.45000000000000         12.45000000000000      
    12.45000000000000         12.45000000000000         12.45000000000000      
    12.45000000000000         12.45000000000000         12.45000000000000      
    12.45000000000000         12.45000000000000         12.45000000000000      
    12.45000000000000         12.45000000000000         12.45000000000000      
    12.45000000000000         12.45000000000000         12.45000000000000      
    12.45000000000000         12.45000000000000         12.45000000000000      
    12.45000000000000         12.45000000000000         12.45000000000000      
    12.45000000000000         12.45000000000000         12.45000000000000      
    12.45000000000000     
    23.67000000000000         23.67000000000000         23.67000000000000      
    23.67000000000000         23.67000000000000         23.67000000000000      
    23.67000000000000         23.67000000000000         23.67000000000000      
    23.67000000000000         23.67000000000000         23.67000000000000      
    23.67000000000000         23.67000000000000         23.67000000000000      
    23.67000000000000         23.67000000000000         23.67000000000000      
    23.67000000000000         23.67000000000000         23.67000000000000      
    23.67000000000000         23.67000000000000         23.67000000000000      
    23.67000000000000         23.67000000000000         23.67000000000000      
    23.67000000000000         23.67000000000000         23.67000000000000      
    23.67000000000000         23.67000000000000         23.67000000000000      
    23.67000000000000         23.67000000000000         23.67000000000000      
    23.67000000000000         23.67000000000000         23.67000000000000      
    23.67000000000000         23.67000000000000         23.67000000000000      
    23.67000000000000         23.67000000000000         23.67000000000000      
    23.67000000000000         23.67000000000000         23.67000000000000      
    23.67000000000000         23.67000000000000         23.67000000000000      
    23.67000000000000         23.67000000000000         23.67000000000000      
    23.67000000000000         23.67000000000000         23.67000000000000      
    23.67000000000000         23.67000000000000         23.67000000000000      
    23.67000000000000         23.67000000000000         23.67000000000000      
    23.67000000000000         23.67000000000000         23.67000000000000      
    23.67000000000000         23.67000000000000         23.67000000000000      
    23.67000000000000         23.67000000000000         23.67000000000000      
    23.67000000000000         23.67000000000000         23.67000000000000      
    23.67000000000000         23.67000000000000         23.67000000000000      
    23.67000000000000         23.67000000000000         23.67000000000000      
    23.67000000000000         23.67000000000000         23.67000000000000      
    23.67000000000000         23.67000000000000         23.67000000000000      
    23.67000000000000         23.67000000000000         23.67000000000000      
    23.67000000000000         23.67000000000000         23.67000000000000      
    23.67000000000000         23.67000000000000         23.67000000000000      
    23.67000000000000         23.67000000000000         23.67000000000000      
    23.67000000000000     
    23.67000000000000         23.67000000000000         23.67000000000000      
    23.67000000000000         23.67000000000000         23.67000000000000      
    23.67000000000000      67000000000000         23.67000000000000         23.67000000000000      
    23.67000000000000         23.67000000000000         23.67000000000000      
    23.67000000000000         23.67000000000000         23.67000000000000      
    23.67000000000000         23.67000000000000         23.67000000000000      
    23.67000000000000         23.67000000000000         23.67000000000000      
    23.67000000000000         23.67000000000000         23.67000000000000      
    23.67000000000000         23.67000000000000         23.67000000000000      
    23.67000000000000         23.67000000000000         23.67000000000000      
    23.67000000000000         23.67000000000000         23.67000000000000      
    23.67000000000000         23.67000000000000         23.67000000000000      
    23.67000000000000         23.67000000000000         23.67000000000000      
    23.67000000000000         23.67000000000000         23.67000000000000      
    23.67000000000000         23.67000000000000         23.67000000000000      
    23.67000000000000         23.67000000000000         23.67000000000000      
    23.67000000000000         23.67000000000000         23.67000000000000      
    23.67000000000000         23.67000000000000         23.67000000000000      
    23.67000000000000         23.67000000000000         23.67000000000000      
    23.67000000000000         23.67000000000000         23.67000000000000      
    23.67000000000000         23.67000000000000         23.67000000000000      
    23.67000000000000         23.67000000000000         23.67000000000000      
    23.67000000000000         23.67000000000000         23.67000000000000      
    23.67000000000000         23.67000000000000         23.67000000000000      
    23.67000000000000         23.67000000000000         23.67000000000000      
    23.67000000000000     
    23.67000000000000         23.67000000000000         23.67000000000000      
    23.67000000000000         23.67000000000000         23.67000000000000      
    23.67000000000000      000000      
    12.45000000000000         12.45000000000000         12.45000000000000      
    12.45000000000000         12.45000000000000         12.45000000000000      
    12.45000000000000         12.45000000000000         12.45000000000000      
    12.45000000000000         12.45000000000000         12.45000000000000      
    12.45000000000000         12.45000000000000         12.45000000000000      
    12.45000000000000         12.45000000000000         12.45000000000000      
    12.45000000000000         12.45000000000000         12.45000000000000      
    12.45000000000000         12.45000000000000         12.45000000000000      
    12.45000000000000         12.45000000000000         12.45000000000000      
    12.45000000000000         12.45000000000000         12.45000000000000      
    12.45000000000000         12.45000000000000         12.45000000000000      
    12.45000000000000         12.45000000000000         12.45000000000000      
    12.45000000000000         12.45000000000000         12.45000000000000      
    12.45000000000000         12.45000000000000         12.45000000000000      
    12.45000000000000         12.45000000000000         12.45000000000000      
    12.45000000000000     
    23.67000000000000         23.67000000000000         23.67000000000000      
    23.67000000000000         23.67000000000000         23.67000000000000      
    23.67000000000000         23.67000000000000         23.67000000000000      
    23.67000000000000         23.67000000000000         23.67000000000000      
    23.67000000000000         23.67000000000000         23.67000000000000      
    23.67000000000000         23.67000000000000         23.67000000000000      
    23.67000000000000         23.67000000000000         23.67000000000000      
    23.67000000000000         23.67000000000000         23.67000000000000      
    23.67000000000000         23.67000000000000         23.67000000000000      
    23.67000000000000         23.67000000000000         23.67000000000000      
    23.67000000000000         23.67000000000000         23.67000000000000      
    23.67000000000000         23.67000000000000         23.67000000000000      
    23.67000000000000         23.67000000000000         23.67000000000000      
    23.67000000000000         23.67000000000000         23.67000000000000      
    23.67000000000000         23.67000000000000         23.67000000000000      
    23.67000000000000         23.67000000000000         23.67000000000000      
    23.67000000000000         23.67000000000000         23.67000000000000      
    23.67000000000000         23.67000000000000         23.67000000000000      
    23.67000000000000         23.67000000000000         23.67000000000000      
    23.67000000000000         23.67000000000000         23.67000000000000      
    23.67000000000000         23.67000000000000         23.67000000000000      
    23.67000000000000         23.67000000000000         23.67000000000000      
    23.67000000000000         23.67000000000000         23.67000000000000      
    23.67000000000000         23.67000000000000         23.67000000000000      
    23.67000000000000         23.67000000000000         23.67000000000000      
    23.67000000000000         23.67000000000000         23.67000000000000      
    23.67000000000000         23.67000000000000         23.67000000000000      
    23.67000000000000         23.67000000000000         23.67000000000000      
    23.67000000000000         23.67000000000000         23.67000000000000      
    23.67000000000000         23.67000000000000         23.67000000000000      
    23.67000000000000         23.67000000000000         23.67000000000000      
    23.67000000000000         23.67000000000000         23.67000000000000      
    23.67000000000000         23.67000000000000         23.67000000000000      
    23.67000000000000     
    23.67000000000000         23.67000000000000         23.67000000000000      
    23.67000000000000         23.67000000000000         23.67000000000000      
    23.67000000000000         23.67000000000000         23.67000000000000      
    23.67000000000000         23.67000000000000         23.67000000000000      
    23.67000000000000         23.67000000000000         23.67000000000000      
    23.67000000000000         23.67000000000000         23.67000000000000      
    23.67000000000000         23.67000000000000         23.67000000000000      
    23.67000000000000         23.67000000000000         23.67000000000000      
    23.67000000000000         23.67000000000000         23.67000000000000      
    23.67000000000000         23.67000000000000         23.67000000000000      
    23.67000000000000         23.67000000000000         23.67000000000000      
    23.67000000000000         23.67000000000000         23.67000000000000      
    23.67000000000000         23.67000000000000         23.67000000000000      
    23.67000000000000         23.67000000000000         23.67000000000000      
    23.67000000000000         23.67000000000000         23.67000000000000      
    23.67000000000000         23.67000000000000         23.67000000000000      
    23.67000000000000         23.67000000000000         23.67000000000000      
    23.67000000000000         23.67000000000000         23.67000000000000      
    23.67000000000000         23.67000000000000         23.67000000000000      
    23.67000000000000         23.67000000000000         23.67000000000000      
    23.67000000000000         23.67000000000000         23.67000000000000      
    23.67000000000000         23.67000000000000         23.67000000000000      
    23.67000000000000         23.67000000000000         23.67000000000000      
    23.67000000000000         23.67000000000000         23.67000000000000      
    23.67000000000000         23.67000000000000         23.67000000000000      
    23.67000000000000         23.67000000000000         23.67000000000000      
    23.67000000000000         23.67000000000000         23.67000000000000      
    23.67000000000000         23.67000000000000         23.67000000000000    23.67000000000000         23.67000000000000      
    23.67000000000000         23.67000000000000         23.67000000000000      
    23.67000000000000         23.67000000000000         23.67000000000000      
    23.67000000000000         23.67000000000000         23.67000000000000      
    23.67000000000000         23.67000000000000         23.67000000000000      
    23.67000000000000         23.67000000000000         23.67000000000000      
    23.67000000000000         23.67000000000000         23.67000000000000      
    23.67000000000000         23.67000000000000         23.67000000000000      
    23.67000000000000         23.67000000000000         23.67000000000000      
    23.67000000000000         23.67000000000000         23.67000000000000      
    23.67000000000000         23.67000000000000         23.67000000000000      
    23.67000000000000         23.67000000000000         23.67000000000000      
    23.67000000000000         23.67000000000000         23.67000000000000      
    23.67000000000000         23.67000000000000         23.67000000000000      
    23.67000000000000         23.67000000000000         23.67000000000000      
    23.67000000000000         23.67000000000000         23.67000000000000      
    23.67000000000000         23.67000000000000         23.67000000000000      
    23.67000000000000         23.67000000000000         23.67000000000000      
    23.67000000000000         23.67000000000000         23.67000000000000      
    23.67000000000000         23.67000000000000         23.67000000000000      
    23.67000000000000         23.67000000000000         23.67000000000000      
    23.67000000000000         23.67000000000000         23.67000000000000      
    23.67000000000000         23.67000000000000         23.67000000000000      
    23.67000000000000         23.67000000000000         23.67000000000000      
    23.67000000000000         23.67000000000000         23.67000000000000      
    23.67000000000000         23.67000000000000         23.67000000000000 67000000000000         23.67000000000000         23.67000000000000      
    23.67000000000000         23.67000000000000         23.67000000000000      
    23.67000000000000         23.67000000000000         23.67000000000000      
    23.67000000000000         23.67000000000000         23.67000000000000      
    23.67000000000000         23.67000000000000         23.67000000000000      
    23.67000000000000         23.67000000000000         23.67000000000000      
    23.67000000000000         23.67000000000000         23.67000000000000      
    23.67000000000000         23.67000000000000         23.67000000000000      
    23.67000000000000         23.67000000000000         23.67000000000000      
    23.67000000000000         23.67000000000000         23.67000000000000      
    23.67000000000000         23.67000000000000         23.67000000000000      
    23.67000000000000         23.67000000000000         23.67000000000000      
    23.67000000000000         23.67000000000000         23.67000000000000      
    23.67000000000000         23.67000000000000         23.67000000000000      
    23.67000000000000         23.67000000000000         23.67000000000000      
    23.67000000000000         23.67000000000000         23.67000000000000      
    23.67000000000000         23.67000000000000         23.67000000000000      
    23.67000000000000         23.67000000000000         23.67000000000000      
    23.67000000000000         23.67000000000000         23.67000000000000      
    23.67000000000000         23.67000000000000         23.67000000000000      
    23.67000000000000         23.67000000000000         23.67000000000000      
    23.67000000000000         23.67000000000000         23.67000000000000      
    23.67000000000000         23.67000000000000         23.67000000000000      
    23.67000000000000     
    23.67000000000000         23.67000000000000         23.67000000000000      
    23.67000000000000         23.67000000000000         23.67000000000000      
    23.67000000000000         23.67000000000000         23.67000000000000      
    23.67000000000000         23.67000000000000         23.67000000000000      
    23.67000000000000         23.67000000000000         23.67000000000000      
    23.67000000000000         23.67000000000000         23.67000000000000      
    23.67000000000000         23.67000000000000         23.67000000000000      
    23.67000000000000         23.67000000000000         23.67000000000000      
    23.67000000000000         23.67000000000000         23.67000000000000      
    23.67000000000000         23.67000000000000         23.67000000000000      
    23.67000000000000         23.67000000000000         23.67000000000000      
    23.67000000000000         23.67000000000000         23.67000000000000      
    23.67000000000000         23.67000000000000         23.67000000000000      
    23.67000000000000         23.67000000000000         23.67000000000000      
    23.67000000000000         23.67000000000000         23.67000000000000      
    23.67000000000000         23.67000000000000         23.67000000000000      
    23.67000000000000         23.67000000000000         23.67000000000000      
    23.67000000000000         23.67000000000000         23.67000000000000      
    23.67000000000000         23.67000000000000         23.67000000000000      
    23.67000000000000         23.67000000000000         23.67000000000000      
    23.67000000000000         23.67000000000000         23.67000000000000      
    23.67000000000000         23.67000000000000         23.67000000000000      
    23.67000000000000         23.67000000000000         23.67000000000000      
    23.67000000000000         23.67000000000000         23.67000000000000      
    23.67000000000000         23.67000000000000         23.67000000000000      
    23.67000000000000         23.67000000000000         23.67000000000000      
    23.67000000000000         23.67000000000000         23.67000000000000      
    23.67000000000000         23.67000000000000         23.67000000000000      
    23.67000000000000         23.67000000000000         23.67000000000000      
    23.67000000000000         23.67000000000000         23.67000000000000      
    23.67000000000000         23.67000000000000         23.67000000000000      
    23.67000000000000         23.67000000000000         23.67000000000000      
    23.67000000000000         23.67000000000000         23.67000000000000      
    23.67000000000000     
    56.81000000000000         56.81000000000000         56.81000000000000      
    56.81000000000000         56.81000000000000         56.81000000000000      
    56.81000000000000         56.81000000000000         56.81000000000000      
    56.81000000000000         56.81000000000000         56.81000000000000      
    56.81000000000000         56.81000000000000         56.81000000000000      
    56.81000000000000         56.81000000000000         56.81000000000000      
    56.81000000000000         56.81000000000000         56.81000000000000      
    56.81000000000000         56.81000000000000         56.81000000000000      
    56.81000000000000         56.81000000000000         56.81000000000000      
    56.81000000000000         56.81000000000000         56.81000000000000      
    56.81000000000000         56.81000000000000         56.81000000000000      
    56.81000000000000         56.81000000000000         56.81000000000000      
    56.81000000000000         56.81000000000000         56.81000000000000      
    56.81000000000000         56.81000000000000         56.81000000000000      
    56.81000000000000         56.81000000000000         56.81000000000000      
    56.81000000000000         56.81000000000000         56.81000000000000      
    56.81000000000000         56.81000000000000         56.81000000000000      
    56.81000000000000         56.81000000000000         56.81000000000000      
    56.81000000000000         56.81000000000000         56.81000000000000      
    56.81000000000000         56.81000000000000         56.81000000000000      
    56.8100000     
    23.67000000000000         23.67000000000000         23.67000000000000      
    23.67000000000000         23.67000000000000         23.67000000000000      
    23.67000000000000         23.67000000000000         23.67000000000000      
    23.67000000000000         23.67000000000000         23.67000000000000      
    23.67000000000000         23.67000000000000         23.67000000000000      
    23.67000000000000     
    56.81000000000000         56.81000000000000         56.81000000000000      
    56.81000000000000         56.81000000000000         56.81000000000000      
    56.81000000000000         56.81000000000000         56.81000000000000      
    56.81000000000000         56.81000000000000         56.81000000000000      
    56.81000000000000         56.81000000000000         56.81000000000000      
    56.81000000000000         56.81000000000000         56.81000000000000      
    56.81000000000000         56.81000000000000         56.81000000000000      
    56.81000000000000         56.81000000000000         56.81000000000000      
    56.81000000000000         56.81000000000000         56.81000000000000      
    56.81000000000000         56.81000000000000         56.81000000000000      
    56.81000000000000         56.81000000000000         56.81000000000000      
    56.81000000000000         56.81000000000000         56.81000000000000      
    56.81000000000000         56.81000000000000         56.81000000000000      
    56.81000000000000         56.81000000000000         56.81000000000000      
    56.81000000000000         56.81000000000000         56.81000000000000      
    56.81000000000000         56.81000000000000         56.81000000000000      
    56.81000000000000         56.81000000000000         56.81000000000000      
    56.81000000000000         56.81000000000000         56.81000000000000      
    56.81000000000000         56.81000000000000         56.81000000000000      
    56.81000000000000         56.81000000000000         56.81000000000000      
    56.8100000   23.67000000000000         23.67000000000000      
    23.67000000000000         23.67000000000000         23.67000000000000      
    23.67000000000000         23.67000000000000         23.67000000000000      
    23.67000000000000         23.67000000000000         23.67000000000000      
    23.67000000000000         23.67000000000000         23.67000000000000      
    23.67000000000000         23.67000000000000         23.67000000000000      
    23.67000000000000         23.67000000000000         23.67000000000000      
    23.67000000000000         23.67000000000000         23.67000000000000      
    23.67000000000000         23.67000000000000         23.67000000000000      
    23.67000000000000         23.67000000000000         23.67000000000000      
    23.67000000000000         23.67000000000000         23.67000000000000      
    23.67000000000000         23.67000000000000         23.67000000000000      
    23.67000000000000         23.67000000000000         23.67000000000000      
    23.67000000000000         23.67000000000000         23.67000000000000      
    23.67000000000000         23.67000000000000         23.67000000000000      
    23.67000000000000         23.67000000000000         23.67000000000000      
    23.67000000000000         23.67000000000000         23.67000000000000      
    23.67000000000000         23.67000000000000         23.67000000000000      
    23.67000000000000         23.67000000000000         23.67000000000000      
    23.67000000000000         23.67000000000000         23.67000000000000      
    23.67000000000000         23.67000000000000         23.67000000000000      
    23.67000000000000         23.67000000000000         23.67000000000000      
    23.67000000000000         23.67000000000000         23.67000000000000      
    23.67000000000000         23.67000000000000         23.67000000000000      
    23.67000000000000         23.67000000000000         23.67000000000000      
    23.67000000000000         23.67000000000000         23.67000000000000      
    23.67000000000000         23.67000000000000         23.67000000000000      
    23.67000000000000         23.67000000000000         23.67000000000000      
    23.67000000000000         23.67000000000000         23.67000000000000      
    23.67000000000000         23.67000000000000         23.67000000000000      
    23.67000000000000         23.67000000000000         23.67000000000000      
    23.67000000000000     
    56.81000000000000         56.81000000000000         56.81000000000000      
    56.81000000000000         56.81000000000000         56.81000000000000      
    56.81000000000000         56.81000000000000         56.81000000000000      
    56.81000000000000         56.81000000000000         56.81000000000000      
    56.81000000000000         56.81000000000000         56.81000000000000      
    56.81000000000000         56.81000000000000         56.81000000000000      
    56.81000000000000         56.81000000000000         56.81000000000000      
    56.81000000000000         56.81000000000000         56.81000000000000      
    56.81000000000000         56.81000000000000         56.81000000000000      
    56.81000000000000         56.81000000000000         56.81000000000000      
    56.81000000000000         56.81000000000000         56.81000000000000      
    56.81000000000000         56.81000000000000         56.81000000000000      
    56.81000000000000         56.81000000000000         56.81000000000000      
    56.81000000000000         56.81000000000000         56.81000000000000      
    56.81000000000000         56.81000000000000         56.81000000000000      
    56.81000000000000         56.81000000000000         56.81000000000000      
    56.81000000000000         56.81000000000000         56.81000000000000      
    56.81000000000000         56.81000000000000         56.81000000000000      
    56.81000000000000         56.81000000000000         56.81000000000000      
    56.81000000000000         56.81000000000000         56.81000000000000      
    56.81000000000000         56.81000000000000         56.81000000000000      
    56.81000000000000         56.81000000000000         56.81000000000000      
    56.81000000000000         56.81000000000000         56.81000000000000      
    56.81000000000000         56.81000000000000         56.81000000000000      
    56.81000000000000         56.81000000000000         56.81000000000000      
    56.81000000000000         56.81000000000000         56.81000000000000      
    56.81000000000000         56.81000000000000         56.81000000000000      
    56.81000000000000         56.81000000000000         56.81000000000000      
    56.81000000000000         56.81000000000000         56.81000000000000      
    56.81000000000000         56.81000000000000         56.81000000000000      
    56.81000000000000         56.81000000000000         56.81000000000000      
    56.81000000000000         56.81000000000000         56.81000000000000      
    56.81000000000000         56.81000000000000         56.81000000000000      
    56.81000000000000     
    56.81000000000000         56.81000000000000         56.81000000000000      
    56.81000000000000         56.81000000000000         56.81000000000000      
    56.81000000000000         56.81000000000000         56.81000000000000      
    56.81000000000000         56.81000000000000         56.81000000000000      
    56.81000000000000         56.81000000000000         56.81000000000000      
    56.81000000000000         56.81000000000000         56.81000000000000      
    56.81000000000000         56.81000000000000         56.81000000000000      
    56.81000000000000         56.81000000000000         56.81000000000000      
    56.81000000000000         56.81000000000000         56.81000000000000      
    56.81000000000000         56.81000000000000         56.81000000000000      
    56.81000000000000         56.81000000000000         56.81000000000000      
    56.81000000000000         56.81000000000000         56.81000000000000      
    56.81000000000000         56.80000000         56.81000000000000         56.81000000000000      
    56.81000000000000         56.81000000000000         56.81000000000000      
    56.81000000000000         56.81000000000000         56.81000000000000      
    56.81000000000000         56.81000000000000         56.81000000000000      
    56.81000000000000         56.81000000000000         56.81000000000000      
    56.81000000000000         56.81000000000000         56.81000000000000      
    56.81000000000000         56.81000000000000         56.81000000000000      
    56.81000000000000         56.81000000000000         56.81000000000000      
    56.81000000000000         56.81000000000000         56.81000000000000      
    56.81000000000000         56.81000000000000         56.81000000000000      
    56.81000000000000         56.81000000000000         56.81000000000000      
    56.81000000000000         56.81000000000000         56.81000000000000      
    56.81000000000000         56.81000000000000         56.81000000000000      
    56.81000000000000     
    56.81000000000000         56.81000000000000         56.81000000000000      
    56.81000000000000         56.81000000000000         56.81000000000000      
    56.81000000000000         56.81000000000000         56.81000000000000      
    56.81000000000000         56.81000000000000         56.81000000000000      
    56.81000000000000         56.81000000000000         56.81000000000000      
    56.81000000000000         56.81000000000000         56.81000000000000      
    56.81000000000000         56.81000000000000         56.81000000000000      
    56.81000000000000         56.81000000000000         56.81000000000000      
    56.81000000000000         56.81000000000000         56.81000000000000      
    56.81000000000000         56.81000000000000         56.81000000000000      
    56.81000000000000         56.81000000000000         56.81000000000000      
    56.81000000000000         56.81000000000000         56.81000000000000      
    56.81000000000000         56.8     
    23.67000000000000         23.67000000000000         23.67000000000000      
    23.67000000000000         23.67000000000000         23.67000000000000      
    23.67000000000000         23.67000000000000         23.67000000000000      
    23.67000000000000         23.67000000000000         23.67000000000000      
    23.67000000000000         23.67000000000000         23.67000000000000      
    23.67000000000000     
    56.81000000000000         56.81000000000000         56.81000000000000      
    56.81000000000000         56.81000000000000         56.81000000000000      
    56.81000000000000         56.81000000000000         56.81000000000000      
    56.81000000000000         56.81000000000000         56.81000000000000      
    56.81000000000000         56.81000000000000         56.81000000000000      
    56.81000000000000         56.81000000000000         56.81000000000000      
    56.81000000000000         56.81000000000000         56.81000000000000      
    56.81000000000000         56.81000000000000         56.81000000000000      
    56.81000000000000         56.81000000000000         56.81000000000000      
    56.81000000000000         56.81000000000000         56.81000000000000      
    56.81000000000000         56.81000000000000         56.81000000000000      
    56.81000000000000         56.81000000000000         56.81000000000000      
    56.81000000000000         56.81000000000000         56.81000000000000      
    56.81000000000000         56.81000000000000         56.81000000000000      
    56.81000000000000         56.81000000000000         56.81000000000000      
    56.81000000000000         56.81000000000000         56.81000000000000      
    56.81000000000000         56.81000000000000         56.81000000000000      
    56.81000000000000         56.81000000000000         56.81000000000000      
    56.81000000000000         56.81000000000000         56.81000000000000      
    56.81000000000000         56.81000000000000         56.81000000000000      
    56.81000000000000         56.81000000000000         56.81000000000000      
    56.81000000000000         56.81000000000000         56.81000000000000      
    56.81000000000000         56.81000000000000         56.81000000000000      
    56.81000000000000         56.81000000000000         56.81000000000000      
    56.81000000000000         56.81000000000000         56.81000000000000      
    56.81000000000000         56.81000000000000         56.81000000000000      
    56.81000000000000         56.81000000000000         56.81000000000000      
    56.81000000000000         56.81000000000000         56.81000000000000      
    56.81000000000000         56.81000000000000         56.81000000000000      
    56.81000000000000         56.81000000000000         56.81000000000000      
    56.81000000000000         56.81000000000000         56.81000000000000      
    56.81000000000000         56.81000000000000         56.81000000000000      
    56.81000000000000         56.81000000000000         56.81000000000000      
    56.81000000000000     
    56.81000000000000         56.81000000000000         56.81000000000000      
    56.81000000000000         56.81000000000000         56.81000000000000      
    56.81000000000000         56.81000000000000         56.81000000000000      
    56.81000000000000         56.81000000000000         56.81000000000000      
    56.81000000000000         56.81000000000000         56.81000000000000      
    56.81000000000000         56.81000000000000         56.81000000000000      
    56.81000000000000         56.81000000000000         56.81000000000000      
    56.81000000000000         56.81000000000000         56.81000000000000      
    56.81000000000000         56.81000000000000         56.81000000000000      
    56.81000000000000         56.81000000000000         56.81000000000000      
    56.81000000000000         56.81000000000000         56.81000000000000      
    56.81000000000000         56.81000000000000         56.81000000000000      
    56.81000000000000         56.81000000000000         56.81000000000000      
    56.81000000000000         56.81000000000000         56.81000000000000      
    56.81000000000000         56.81000000000000         56.81000000000000      
    56.81000000000000         56.81000000000000         56.81000000000000      
    56.81000000000000         56.81000000000000         56.81000000000000      
    56.81000000000000         56.81000000000000         56.81000000000000      
    56.81000000000000         56.81000000000000         56.81000000000000      
    56.81000000000000         56.81000000000000         56.81000000000000      
    56.81000000000000         56.81000000000000         56.81000000000000      
    56.81000000000000         56.81000000000000         56.81000000000000      
    56.81000000000000         56.81000000000000         56.81000000000000      
    56.81000000000000         56.81000000000000         56.81000000000000      
    56.81000000000000         56.81000000000000         56.81000000000000      
    56.81000000000000         56.81000000000000         56.81000000000000      
    56.81000000000000         56.81000000000000         56.81000000000000      
    56.81000000000000         56.81000000000000         56.81000000000000      
    56.81000000000000         56.81000000000000         56.81000000000000      
    56.81000000000000         56.81000000000000         56.81000000000000      
    56.81000000000000         56.81000000000000         56.81000000000000      
    56.81000000000000         56.81000000000000         56.81000000000000      
    56.81000000000000         56.81000000000000         56.81000000000000      
    56.81000000000000     
  PASS  Example ESMF_ArrayFarrayEx, ESMF_ArrayFarrayEx.F90, line 288
 PASS: ESMF_ArrayFarrayEx.F90
1000000000000         56.81000000000000      
    56.81000000000000         56.81000000000000         56.81000000000000      
    56.81000000000000         56.81000000000000         56.81000000000000      
    56.81000000000000         56.81000000000000         56.81000000000000      
    56.81000000000000         56.81000000000000         56.81000000000000      
    56.81000000000000         56.81000000000000         56.81000000000000      
    56.81000000000000         56.81000000000000         56.81000000000000      
    56.81000000000000         56.81000000000000         56.81000000000000      
    56.81000000000000         56.81000000000000         56.81000000000000      
    56.81000000000000         56.81000000000000         56.81000000000000      
    56.81000000000000         56.81000000000000         56.81000000000000      
    56.81000000000000         56.81000000000000         56.81000000000000      
    56.81000000000000         56.81000000000000         56.81000000000000      
    56.81000000000000         56.81000000000000         56.81000000000000      
    56.81000000000000         56.81000000000000         56.81000000000000      
    56.81000000000000         56.81000000000000         56.81000000000000      
    56.81000000000000         56.81000000000000         56.81000000000000      
    56.81000000000000         56.81000000000000         56.81000000000000      
    56.81000000000000         56.81000000000000         56.81000000000000      
    56.81000000000000         56.81000000000000         56.81000000000000      
    56.81000000000000         56.81000000000000         56.81000000000000      
    56.81000000000000     
  PASS  Example ESMF_ArrayFarrayEx, ESMF_ArrayFarrayEx.F90, line 288
 PASS: ESMF_ArrayFarrayEx.F90
0000000         56.81000000000000         56.81000000000000      
    56.81000000000000         56.81000000000000         56.81000000000000      
    56.81000000000000         56.81000000000000         56.81000000000000      
    56.81000000000000         56.81000000000000         56.81000000000000      
    56.81000000000000         56.81000000000000         56.81000000000000      
    56.81000000000000         56.81000000000000         56.81000000000000      
    56.81000000000000         56.81000000000000         56.81000000000000      
    56.81000000000000         56.81000000000000         56.81000000000000      
    56.81000000000000         56.81000000000000         56.81000000000000      
    56.81000000000000         56.81000000000000         56.81000000000000      
    56.81000000000000         56.81000000000000         56.81000000000000      
    56.81000000000000         56.81000000000000         56.81000000000000      
    56.81000000000000         56.81000000000000         56.81000000000000      
    56.81000000000000     
    56.81000000000000         56.81000000000000         56.81000000000000      
    56.81000000000000         56.81000000000000         56.81000000000000      
    56.81000000000000         56.81000000000000         56.81000000000000      
    56.81000000000000         56.81000000000000         56.81000000000000      
    56.81000000000000         56.81000000000000         56.81000000000000      
    56.81000000000000         56.81000000000000         56.81000000000000      
    56.81000000000000         56.81000000000000         56.81000000000000      
    56.81000000000000         56.81000000000000         56.81000000000000      
    56.81000000000000         56.81000000000000         56.81000000000000      
    56.81000000000000         56.81000000000000         56.81000000000000      
    56.81000000000000         56.81000000000000         56.81000000000000      
    56.81000000000000         56.81000000000000         56.81000000000000      
    56.81000000000000         56.81000000000000         56.81000000000000      
    56.81000000000000         56.81000000000000         56.81000000000000      
    56.81000000000000         56.81000000000000         56.81000000000000      
    56.81000000000000         56.81000000000000         56.81000000000000      
    56.81000000000000         56.81000000000000         56.81000000000000      
    56.81000000000000         56.81000000000000         56.81000000000000      
    56.81000000000000         56.81000000000000         56.81000000000000      
    56.81000000000000         56.81000000000000         56.81000000000000      
    56.81000000000000         56.81000000000000         56.81000000000000      
    56.81000000000000         56.81000000000000         56.81000000000000      
    56.81000000000000         56.81000000000000         56.81000000000000      
    56.81000000000000         56.81000000000000         56.81000000000000      
    56.81000000000000         56.81000000000000         56.81000000000000      
    56.81000000000000         56.81000000000000         56.81000000000000      
    56.81000000000000         56.81000000000000         56.81000000000000      
    56.81000000000000         56.81000000000000         56.81000000000000      
    56.81000000000000         56.81000000000000         56.81000000000000      
    56.81000000000000         56.81000000000000         56.81000000000000      
    56.81000000000000         56.81000000000000         56.81000000000000      
    56.81000000000000         56.81000000000000         56.81000000000000      
    56.81000000000000         56.81000000000000         56.81000000000000      
    56.81000000000000     
  PASS  Example ESMF_ArrayFarrayEx, ESMF_ArrayFarrayEx.F90, line 288
 PASS: ESMF_ArrayFarrayEx.F90
1000000000000         56.81000000000000      
    56.81000000000000         56.81000000000000         56.81000000000000      
    56.81000000000000         56.81000000000000         56.81000000000000      
    56.81000000000000         56.81000000000000         56.81000000000000      
    56.81000000000000         56.81000000000000         56.81000000000000      
    56.81000000000000         56.81000000000000         56.81000000000000      
    56.81000000000000         56.81000000000000         56.81000000000000      
    56.81000000000000         56.81000000000000         56.81000000000000      
    56.81000000000000         56.81000000000000         56.81000000000000      
    56.81000000000000         56.81000000000000         56.81000000000000      
    56.81000000000000         56.81000000000000         56.81000000000000      
    56.81000000000000         56.81000000000000         56.81000000000000      
    56.81000000000000         56.81000000000000         56.81000000000000      
    56.81000000000000         56.81000000000000         56.81000000000000      
    56.81000000000000         56.81000000000000         56.81000000000000      
    56.81000000000000         56.81000000000000         56.81000000000000      
    56.81000000000000         56.81000000000000         56.81000000000000      
    56.81000000000000         56.81000000000000         56.81000000000000      
    56.81000000000000         56.81000000000000         56.81000000000000      
    56.81000000000000         56.81000000000000         56.81000000000000      
    56.81000000000000         56.81000000000000         56.81000000000000      
    56.81000000000000     
  PASS  Example ESMF_ArrayFarrayEx, ESMF_ArrayFarrayEx.F90, line 288
 PASS: ESMF_ArrayFarrayEx.F90
