2024-09-04 04:10:23
20240904 050307.656 INFO             PET0 !!!!!!!!!!!!!!!!!!!!!!!!!!!!!!!!!!!!!!!!!!!!!!!!!!!!!!
20240904 050307.656 INFO             PET0 !!! THE ESMF_LOG IS SET TO OUTPUT ALL LOG MESSAGES !!!
20240904 050307.656 INFO             PET0 !!!     THIS MAY CAUSE SLOWDOWN IN PERFORMANCE     !!!
20240904 050307.656 INFO             PET0 !!! FOR PRODUCTION RUNS, USE:                      !!!
20240904 050307.656 INFO             PET0 !!!                   ESMF_LOGKIND_Multi_On_Error  !!!
20240904 050307.656 INFO             PET0 !!!!!!!!!!!!!!!!!!!!!!!!!!!!!!!!!!!!!!!!!!!!!!!!!!!!!!
20240904 050307.656 INFO             PET0 Running with ESMF Version   : v8.7.0b13
20240904 050307.656 INFO             PET0 ESMF library build date/time: "Sep  4 2024" "04:06:43"
20240904 050307.656 INFO             PET0 ESMF library build location : /glade/derecho/scratch/sacks/esmf-testing/nvhpc_23.7_mpi_O_develop/esmf
20240904 050307.656 INFO             PET0 ESMF_COMM                   : mpi
20240904 050307.656 INFO             PET0 ESMF_MOAB                   : enabled
20240904 050307.656 INFO             PET0 ESMF_LAPACK                 : enabled
20240904 050307.656 INFO             PET0 ESMF_NETCDF                 : enabled
20240904 050307.656 INFO             PET0 ESMF_PNETCDF                : disabled
20240904 050307.656 INFO             PET0 ESMF_PIO                    : enabled
20240904 050307.656 INFO             PET0 ESMF_YAMLCPP                : enabled
20240904 050307.687 DEBUG            PET0 about to destroy Grid: 0x762ce0
20240904 050307.690 DEBUG            PET0 about to destroy Grid: 0x766f80
20240904 050307.699 INFO             PET0  NUMBER_OF_PROCESSORS            4
20240904 050307.699 INFO             PET0  PASS  Example ESMF_NUOPCAtmModelEx, ESMF_NUOPCAtmModelEx.F90, line 806
20240904 050307.699 INFO             PET0  Finalizing ESMF
20240904 050307.655 INFO             PET1 !!!!!!!!!!!!!!!!!!!!!!!!!!!!!!!!!!!!!!!!!!!!!!!!!!!!!!
20240904 050307.655 INFO             PET1 !!! THE ESMF_LOG IS SET TO OUTPUT ALL LOG MESSAGES !!!
20240904 050307.655 INFO             PET1 !!!     THIS MAY CAUSE SLOWDOWN IN PERFORMANCE     !!!
20240904 050307.655 INFO             PET1 !!! FOR PRODUCTION RUNS, USE:                      !!!
20240904 050307.655 INFO             PET1 !!!                   ESMF_LOGKIND_Multi_On_Error  !!!
20240904 050307.655 INFO             PET1 !!!!!!!!!!!!!!!!!!!!!!!!!!!!!!!!!!!!!!!!!!!!!!!!!!!!!!
20240904 050307.655 INFO             PET1 Running with ESMF Version   : v8.7.0b13
20240904 050307.655 INFO             PET1 ESMF library build date/time: "Sep  4 2024" "04:06:43"
20240904 050307.655 INFO             PET1 ESMF library build location : /glade/derecho/scratch/sacks/esmf-testing/nvhpc_23.7_mpi_O_develop/esmf
20240904 050307.655 INFO             PET1 ESMF_COMM                   : mpi
20240904 050307.657 INFO             PET1 ESMF_MOAB                   : enabled
20240904 050307.657 INFO             PET1 ESMF_LAPACK                 : enabled
20240904 050307.657 INFO             PET1 ESMF_NETCDF                 : enabled
20240904 050307.657 INFO             PET1 ESMF_PNETCDF                : disabled
20240904 050307.657 INFO             PET1 ESMF_PIO                    : enabled
20240904 050307.657 INFO             PET1 ESMF_YAMLCPP                : enabled
20240904 050307.687 DEBUG            PET1 about to destroy Grid: 0x761250
20240904 050307.690 DEBUG            PET1 about to destroy Grid: 0x762c80
20240904 050307.699 INFO             PET1  NUMBER_OF_PROCESSORS            4
20240904 050307.699 INFO             PET1  PASS  Example ESMF_NUOPCAtmModelEx, ESMF_NUOPCAtmModelEx.F90, line 806
20240904 050307.699 INFO             PET1  Finalizing ESMF
20240904 050307.655 INFO             PET2 !!!!!!!!!!!!!!!!!!!!!!!!!!!!!!!!!!!!!!!!!!!!!!!!!!!!!!
20240904 050307.655 INFO             PET2 !!! THE ESMF_LOG IS SET TO OUTPUT ALL LOG MESSAGES !!!
20240904 050307.655 INFO             PET2 !!!     THIS MAY CAUSE SLOWDOWN IN PERFORMANCE     !!!
20240904 050307.655 INFO             PET2 !!! FOR PRODUCTION RUNS, USE:                      !!!
20240904 050307.655 INFO             PET2 !!!                   ESMF_LOGKIND_Multi_On_Error  !!!
20240904 050307.655 INFO             PET2 !!!!!!!!!!!!!!!!!!!!!!!!!!!!!!!!!!!!!!!!!!!!!!!!!!!!!!
20240904 050307.655 INFO             PET2 Running with ESMF Version   : v8.7.0b13
20240904 050307.655 INFO             PET2 ESMF library build date/time: "Sep  4 2024" "04:06:43"
20240904 050307.655 INFO             PET2 ESMF library build location : /glade/derecho/scratch/sacks/esmf-testing/nvhpc_23.7_mpi_O_develop/esmf
20240904 050307.655 INFO             PET2 ESMF_COMM                   : mpi
20240904 050307.656 INFO             PET2 ESMF_MOAB                   : enabled
20240904 050307.656 INFO             PET2 ESMF_LAPACK                 : enabled
20240904 050307.656 INFO             PET2 ESMF_NETCDF                 : enabled
20240904 050307.656 INFO             PET2 ESMF_PNETCDF                : disabled
20240904 050307.656 INFO             PET2 ESMF_PIO                    : enabled
20240904 050307.656 INFO             PET2 ESMF_YAMLCPP                : enabled
20240904 050307.687 DEBUG            PET2 about to destroy Grid: 0x761330
20240904 050307.690 DEBUG            PET2 about to destroy Grid: 0x762d60
20240904 050307.699 INFO             PET2  NUMBER_OF_PROCESSORS            4
20240904 050307.699 INFO             PET2  PASS  Example ESMF_NUOPCAtmModelEx, ESMF_NUOPCAtmModelEx.F90, line 806
20240904 050307.699 INFO             PET2  Finalizing ESMF
20240904 050307.655 INFO             PET3 !!!!!!!!!!!!!!!!!!!!!!!!!!!!!!!!!!!!!!!!!!!!!!!!!!!!!!
20240904 050307.655 INFO             PET3 !!! THE ESMF_LOG IS SET TO OUTPUT ALL LOG MESSAGES !!!
20240904 050307.655 INFO             PET3 !!!     THIS MAY CAUSE SLOWDOWN IN PERFORMANCE     !!!
20240904 050307.655 INFO             PET3 !!! FOR PRODUCTION RUNS, USE:                      !!!
20240904 050307.655 INFO             PET3 !!!                   ESMF_LOGKIND_Multi_On_Error  !!!
20240904 050307.655 INFO             PET3 !!!!!!!!!!!!!!!!!!!!!!!!!!!!!!!!!!!!!!!!!!!!!!!!!!!!!!
20240904 050307.655 INFO             PET3 Running with ESMF Version   : v8.7.0b13
20240904 050307.655 INFO             PET3 ESMF library build date/time: "Sep  4 2024" "04:06:43"
20240904 050307.655 INFO             PET3 ESMF library build location : /glade/derecho/scratch/sacks/esmf-testing/nvhpc_23.7_mpi_O_develop/esmf
20240904 050307.655 INFO             PET3 ESMF_COMM                   : mpi
20240904 050307.655 INFO             PET3 ESMF_MOAB                   : enabled
20240904 050307.655 INFO             PET3 ESMF_LAPACK                 : enabled
20240904 050307.655 INFO             PET3 ESMF_NETCDF                 : enabled
20240904 050307.655 INFO             PET3 ESMF_PNETCDF                : disabled
20240904 050307.655 INFO             PET3 ESMF_PIO                    : enabled
20240904 050307.655 INFO             PET3 ESMF_YAMLCPP                : enabled
20240904 050307.687 DEBUG            PET3 about to destroy Grid: 0x760f50
20240904 050307.690 DEBUG            PET3 about to destroy Grid: 0x762980
20240904 050307.699 INFO             PET3  NUMBER_OF_PROCESSORS            4
20240904 050307.699 INFO             PET3  PASS  Example ESMF_NUOPCAtmModelEx, ESMF_NUOPCAtmModelEx.F90, line 806
20240904 050307.699 INFO             PET3  Finalizing ESMF
