2024-09-07 00:26:46
--- ESMCI::ArrayBundle::print start ---
ArrayBundle: MyArrayBundle
arrayCount = 3
Container::print() multipmap:item=0 key=AonFly value=0x1b4aea0
Container::print() multipmap:item=1 key=Array002 value=0x1b46da0
Container::print() multipmap:item=2 key=Array003 value=0x1b47be0
Container::print()      list:item=0 key=Array002 value=0x1b46da0
Container::print()      list:item=1 key=Array003 value=--- ESMCI::ArrayBundle::print start ---
ArrayBundle: MyArrayBundle
arrayCount = 3
Container::print() multipmap:item=0 key=AonFly value=0x11d7be0
Container::print() multipmap:item=1 key=Array002 value=0x11d4900
Container::print() multipmap:item=2 key=Array003 value=0x11d5410
Container::print()      list:item=0 key=Array002 value=0x11d4900
Container::print()      list:item=1 key=Array003 value=0x11d5410
Container::print()      list:item=2 key=AonFly value=0x11d7be0
--- ESMCI::ArrayBundle::print end ---
0x1b47be0
Container::print()      list:item=2 key=AonFly value=0x1b4aea0
--- ESMCI::ArrayBundle::print end ---
--- ESMCI::ArrayBundle::print start ---
ArrayBundle: MyArrayBundle
arrayCount = 3
--- ESMCI::Array::print start ---
 Base name    = AonFly--- ESMCI::Array::print start ---
 Base name    = AonFly

 Status: Base = Container::print() multipmap:item= Status: Base = Ready,  object = Ready
 Proxy        = no
 Root Info (Attributes):
Ready,  object = Ready
 Proxy        = no
 Root Info (Attributes):
0 key=AonFly value=0x1c8dca0
Container::print() multipmap:item=1 key=Array002 value=0x1c8a900
Container::print() multipmap:item=2 key=Array003 value=0x1c8b450
Container::print()      list:item=0 key=Array002 value=0x1c8a900
Container::print()      list:item=1 key=Array003 value=0x1c8b450
Container::print()      list:item=2 key=AonFly value={}{}0x1c8dca0
--- ESMCI::ArrayBundle::print end ---
Array typekind/rank: Real*4 / 2 
~ lower class' values ~
DistGrid dimCount = 2
deCount = 6
localDeCount = 1
~ local data in LocalArray for DE 3 ~
LocalArrayPrint: Array at address 0x11d78b0:
Array typekind/rank: Real*4 / 2 
~ lower class' values ~
DistGrid dimCount = 2
            rank = 2, typekind = 5, base_addr = 0x11d4530
            dim[0] = 2  dim[1] = 2  
  Real, *4, Dim 2, Data values:
--- ESMCI::ArrayBundle::print start ---
ArrayBundle: MyArrayBundle
arrayCount = 3
deCount = 6
localDeCount = 2
~ local data in LocalArray for DE 1 ~
LocalArrayPrint: Array at address 0x1b4a840:
            rank = 2, typekind = 5, base_addr = 0x1b46680
            dim[0] = 2  dim[1] = 2  --- ESMCI::Array::print start ---
 Base name    = AonFly
( 1, 1) =  2.89019e-38
( 2, 1) =  0
( 1, 2) =  0
( 2, 2) =  0
--- ESMCI::Array::print end ---
--- ESMCI::Array::print start ---
 Base name    = Array002
Container::print() multipmap:item=0 key=AonFly
  Real, *4, Dim 2, Data values:
( 1, 1) =  6.63111e-38
 Status: Base = Ready,  object = Ready
 Proxy        = no
 Root Info (Attributes):
 Status: Base = Ready,  object = Ready
 Proxy        = no
 Root Info (Attributes):
{}Array typekind/rank: Real*8 / 2 
~ lower class' values ~
DistGrid dimCount = 2
deCount = 6
localDeCount = 1
~ local data in LocalArray for DE 3 ~
 value=0xe27e60
Container::print() multipmap:item=1 key=Array002 value=0xe23ca0
Container::print() multipmap:item=2 key=Array003 value=( 2, 1) =  0
( 1, 2) =  2.8026e-45
( 2, 2) =  1.4013e-45
~ local data in LocalArray for DE 5 ~
LocalArrayPrint: Array at address 0x1b4ab70:
            rank = 2, typekind = 5, LocalArrayPrint: Array at address 0x11d45d0:
            rank = 2, typekind = 6, base_addr = 0x11a9f10
            dim[0] = 2  dim[1] = 2  
  Real, *8, Dim 2, Data values:
0xe24b60
Container::print()      list:item=0 key=Array002 value=0xe23ca0
Container::print()      list:item=1 key=Array003base_addr = 0x1b4a780
            dim[0] = 2  dim[1] = 1  
  Real, *4, Dim 2, Data values:
( 1, 1) =  6.63617e-38
( 1, 1) =  9.15107e-317
( 2, 1) =  4.24399e-314
( 1, 2) =  0
( 2, 2) =  0
--- ESMCI::Array::print end ---
--- ESMCI::Array::print start ---
 Base name    = Array003
 value=0xe24b60
Container::print()      list:item=2 key=AonFly value=0xe27e60
--- ESMCI::ArrayBundle::print end ---
( 2, 1) =  0
--- ESMCI::Array::print end ---
--- ESMCI::Array::print start ---
 Base name    = Array002
 Status: Base = Ready,  object = Ready
 Proxy        = no
 Root Info (Attributes):
{}Array typekind/rank: Real*8 / 2 
~ lower class' values ~ Status: Base = Ready,  object = Ready
 Proxy        = no
{}Array typekind/rank: Real*4 / 2 

DistGrid dimCount = 2
deCount = 6
localDeCount = 1
~ local data in LocalArray for DE 3 ~
LocalArrayPrint: Array at address 0x11d50e0:
            rank = 2, typekind = 6, base_addr = 0x11a9f70
            dim[0] = 2  dim[1] = 2  
 Root Info (Attributes):
{}Array typekind/rank: Real*8 / 2 
~ lower class' values ~
DistGrid dimCount = 2
deCount = 6
localDeCount = 2
~ local data in LocalArray for DE 1 ~
~ lower class' values ~
DistGrid dimCount = 2
deCount = 6
localDeCount = 1
~ local data in LocalArray for DE 2 ~
LocalArrayPrint: Array at address 0x1c8d970:
            rank = 2, typekind = 5, base_addr = 0x1c8a530
            dim[0] = 3    Real, *8, Dim 2, Data values:
( 1, 1) =  9.15104e-317
( 2, 1) =  4.24399e-314
( 1, 2) =  0
( 2, 2) =  0
--- ESMCI::Array::print end ---
--- ESMCI::Array::print start ---
 Base name    = AonFly
LocalArrayPrint: Array at address 0x1b46720:
            rank = 2, typekind = 6, base_addr = 0x1b1cd60
            dim[0] = 2  dim[1] = 2  
  Real, *8, Dim 2, Data values:
dim[1] = 2  
  Real, *4, Dim 2, Data values:
 Status: Base = Ready,  object = Ready
 Proxy        = no
 Root Info (Attributes):
( 1, 1) =  1.40444e-316
( 2, 1) =  4.24399e-314
( 1, 2) =  0
( 1, 1) =  7.3738e-38
( 2, 1) =  0
( 3, 1) =  0
( 2, 2) =  0
~ local data in LocalArray for DE 5 ~
LocalArrayPrint: Array at address 0x1b46a50:
            rank = 2, typekind = 6, base_addr = 0x1b46d80
( 1, 2) =  0
( 2, 2) =  0
( 3, 2) =  0
--- ESMCI::Array::print end ---
            dim[0] = 2  dim[1] = 1  
  Real, *8, Dim 2, Data values:
--- ESMCI::Array::print start ---
 Base name    = Array002
 Status: Base = Ready, ( 1, 1) =  0
( 2, 1) =  0
--- ESMCI::Array::print end ---
--- ESMCI::Array::print start ---
 object = Ready
 Proxy        = no
 Root Info (Attributes):
 Base name    = Array003
 Status: Base = Ready,  object = Ready
 Proxy        = {}Array typekind/rank: Real*8 / 2 
~ lower class' values ~
DistGrid dimCount = 2
deCount = 6
localDeCount = 1
  PASS  Example ESMF_ArrayBundleEx, ESMF_ArrayBundleEx.F90, line 267
{}Array typekind/rank: Real*4 / 2 
~ lower class' values ~
DistGrid dimCount = 2
no
 Root Info (Attributes):
{}Array typekind/rank: Real*8 / 2 
~ lower class' values ~
DistGrid dimCount = 2
deCount = 6
localDeCount = 2
~ local data in LocalArray for DE 1 ~
LocalArrayPrint: Array at address 0x1b47580:
~ local data in LocalArray for DE 2 ~
LocalArrayPrint: Array at address 0x1c8a5d0:
            rank = 2, typekind = 6, base_addr = 0x1c60d00
            dim[0] = 3  dim[1] = 2  
  Real, *8, Dim 2, Data values:
deCount = 6
localDeCount = 2
~ local data in LocalArray for DE 0 ~
LocalArrayPrint: Array at address 0xe27800:
            rank = 2, typekind = 5, base_addr = 0xe23580
            rank = 2, typekind = 6, base_addr = 0x1b1c020
            dim[0] = 2  dim[1] = 2  
  Real, *8, Dim 2, Data values:
            dim[0] = 3  dim[1] = 2  
  Real, *4, Dim 2, Data values:
( 1, 1) =  1.40445e-316
( 2, 1) =  4.24399e-314
( 1, 1) =  1.47019e-316
( 2, 1) =  4.24399e-314
( 3, 1) =  4.24399e-314
( 1, 2) =  4.24399e-314
( 1, 2) =  0
( 2, 2) =  0
~ local data in LocalArray for DE 5 ~
LocalArrayPrint: Array at address 0x1b478b0:
( 2, 2) =  2.122e-314
( 3, 2) =  2.122e-314
--- ESMCI::Array::print end ---( 1, 1) =  2.07848e-38
( 2, 1) =  0
( 3, 1) =  4.2039e-45
            rank = 2, typekind = 6, base_addr = 0x1b46640
            dim[0] = 2  dim[1] = 1  
  Real, *8, Dim 2, Data values:

--- ESMCI::Array::print start ---
 Base name    = Array003
 Status: Base = Ready,  object = ( 1, 2) =  1.4013e-45
( 2, 2) =  0
( 3, 2) =  0
~ local data in LocalArray for DE 4 ~
( 1, 1) =  1.41302e-316
( 2, 1) =  2.122e-314
--- ESMCI::Array::print end ---
Ready
 Proxy        = no
 Root Info (Attributes):
{}Array typekind/rank: Real*8 / 2 
~ lower class' values ~
LocalArrayPrint: Array at address 0xe27b30:
            rank = 2, typekind = 5, base_addr = 0xe27740
            dim[0] = 3  dim[1] = 1  
  Real, *4, Dim 2, Data values:
DistGrid dimCount = 2
deCount = 6
localDeCount = 1
~ local data in LocalArray for DE 2 ~
LocalArrayPrint: Array at address 0x1c8b0e0:
( 1, 1) =  2.07976e-38
( 2, 1) =  0
( 3, 1) =  0
            rank = 2, typekind = 6, base_addr = 0x1c8b410
            dim[0] = 3  --- ESMCI::Array::print end ---
--- ESMCI::Array::print start ---
 Base name    = Array002dim[1] = 2  
  Real, *8, Dim 2, Data values:
( 1, 1) =  0

 Status: Base = Ready,  object = Ready
 Proxy        = ( 2, 1) =  0
( 3, 1) =  0
( 1, 2) =  0
no
 Root Info (Attributes):
( 2, 2) =  0
( 3, 2) =  0
--- ESMCI::Array::print end ---
{}Array typekind/rank: Real*8 / 2 
~ lower class' values ~
DistGrid dimCount = 2
deCount = 6
localDeCount = 2
~ local data in LocalArray for DE 0 ~
LocalArrayPrint: Array at address 0xe23620:
            rank = 2, typekind = 6, base_addr = 0xdf9cc0
            dim[0] = 3  dim[1] = 2  
  PASS  Example ESMF_ArrayBundleEx, ESMF_ArrayBundleEx.F90, line 267
  Real, *8, Dim 2, Data values:
( 1, 1) =  7.24048e-317
( 2, 1) =  4.24399e-314
( 3, 1) =  4.24399e-314
( 1, 2) =  4.24399e-314
( 2, 2) =  2.122e-314
( 3, 2) =  2.122e-314
~ local data in LocalArray for DE 4 ~
LocalArrayPrint: Array at address 0xe23950:
            rank = 2, typekind = 6, base_addr = 0xe23c80
            dim[0] = 3  dim[1] = 1  
  Real, *8, Dim 2, Data values:
( 1, 1) =  0
( 2, 1) =  0
( 3, 1) =  0
--- ESMCI::Array::print end ---
--- ESMCI::Array::print start ---
  PASS  Example ESMF_ArrayBundleEx, ESMF_ArrayBundleEx.F90, line 267
 Base name    = Array003
 Status: Base = Ready,  object = Ready
 Proxy        = no
 Root Info (Attributes):
{}Array typekind/rank: Real*8 / 2 
~ lower class' values ~
DistGrid dimCount = 2
deCount = 6
localDeCount = 2
~ local data in LocalArray for DE 0 ~
LocalArrayPrint: Array at address 0xe244c0:
            rank = 2, typekind = 6, base_addr = 0xe247f0
            dim[0] = 3  dim[1] = 2  
  Real, *8, Dim 2, Data values:
( 1, 1) =  0
( 2, 1) =  0
( 3, 1) =  0
( 1, 2) =  0
( 2, 2) =  0
( 3, 2) =  0
~ local data in LocalArray for DE 4 ~
LocalArrayPrint: Array at address 0xe24830:
            rank = 2, typekind = 6, base_addr = 0xdf9c70
            dim[0] = 3  dim[1] = 1  
  Real, *8, Dim 2, Data values:
( 1, 1) =  7.32442e-317
( 2, 1) =  2.122e-314
( 3, 1) =  0
--- ESMCI::Array::print end ---
  PASS  Example ESMF_ArrayBundleEx, ESMF_ArrayBundleEx.F90, line 267
 PASS: ESMF_ArrayBundleEx.F90
 PASS: ESMF_ArrayBundleEx.F90
 PASS: ESMF_ArrayBundleEx.F90
 PASS: ESMF_ArrayBundleEx.F90
