2024-10-04 02:20:39
20241004 030836.375 INFO             PET0 !!!!!!!!!!!!!!!!!!!!!!!!!!!!!!!!!!!!!!!!!!!!!!!!!!!!!!
20241004 030836.375 INFO             PET0 !!! THE ESMF_LOG IS SET TO OUTPUT ALL LOG MESSAGES !!!
20241004 030836.375 INFO             PET0 !!!     THIS MAY CAUSE SLOWDOWN IN PERFORMANCE     !!!
20241004 030836.375 INFO             PET0 !!! FOR PRODUCTION RUNS, USE:                      !!!
20241004 030836.375 INFO             PET0 !!!                   ESMF_LOGKIND_Multi_On_Error  !!!
20241004 030836.375 INFO             PET0 !!!!!!!!!!!!!!!!!!!!!!!!!!!!!!!!!!!!!!!!!!!!!!!!!!!!!!
20241004 030836.375 INFO             PET0 Running with ESMF Version   : v8.7.0
20241004 030836.375 INFO             PET0 ESMF library build date/time: "Oct  4 2024" "02:16:24"
20241004 030836.375 INFO             PET0 ESMF library build location : /glade/derecho/scratch/sacks/esmf-testing/gfortran_12.2.0_pio2.6.2_mpi_O_v8.7.0/esmf
20241004 030836.375 INFO             PET0 ESMF_COMM                   : mpi
20241004 030836.376 INFO             PET0 ESMF_MOAB                   : enabled
20241004 030836.376 INFO             PET0 ESMF_LAPACK                 : enabled
20241004 030836.376 INFO             PET0 ESMF_NETCDF                 : enabled
20241004 030836.376 INFO             PET0 ESMF_PNETCDF                : disabled
20241004 030836.376 INFO             PET0 ESMF_PIO                    : enabled
20241004 030836.376 INFO             PET0 ESMF_YAMLCPP                : enabled
20241004 030836.376 INFO             PET0  NUMBER_OF_PROCESSORS           4
20241004 030836.376 INFO             PET0  PASS  Example ESMF_VMUserMpiCommMultiEx, ESMF_VMUserMpiCommMultiEx.F90, line 126
20241004 030836.376 INFO             PET0  Finalizing ESMF with endflag==ESMF_END_KEEPMPI
20241004 030836.160 INFO             PET0 !!!!!!!!!!!!!!!!!!!!!!!!!!!!!!!!!!!!!!!!!!!!!!!!!!!!!!
20241004 030836.160 INFO             PET0 !!! THE ESMF_LOG IS SET TO OUTPUT ALL LOG MESSAGES !!!
20241004 030836.160 INFO             PET0 !!!     THIS MAY CAUSE SLOWDOWN IN PERFORMANCE     !!!
20241004 030836.160 INFO             PET0 !!! FOR PRODUCTION RUNS, USE:                      !!!
20241004 030836.160 INFO             PET0 !!!                   ESMF_LOGKIND_Multi_On_Error  !!!
20241004 030836.160 INFO             PET0 !!!!!!!!!!!!!!!!!!!!!!!!!!!!!!!!!!!!!!!!!!!!!!!!!!!!!!
20241004 030836.160 INFO             PET0 Running with ESMF Version   : v8.7.0
20241004 030836.160 INFO             PET0 ESMF library build date/time: "Oct  4 2024" "02:16:24"
20241004 030836.160 INFO             PET0 ESMF library build location : /glade/derecho/scratch/sacks/esmf-testing/gfortran_12.2.0_pio2.6.2_mpi_O_v8.7.0/esmf
20241004 030836.160 INFO             PET0 ESMF_COMM                   : mpi
20241004 030836.161 INFO             PET0 ESMF_MOAB                   : enabled
20241004 030836.161 INFO             PET0 ESMF_LAPACK                 : enabled
20241004 030836.161 INFO             PET0 ESMF_NETCDF                 : enabled
20241004 030836.161 INFO             PET0 ESMF_PNETCDF                : disabled
20241004 030836.161 INFO             PET0 ESMF_PIO                    : enabled
20241004 030836.161 INFO             PET0 ESMF_YAMLCPP                : enabled
20241004 030836.162 INFO             PET0  NUMBER_OF_PROCESSORS           4
20241004 030836.162 INFO             PET0  PASS  Example ESMF_VMUserMpiCommMultiEx, ESMF_VMUserMpiCommMultiEx.F90, line 154
20241004 030836.162 INFO             PET0  Finalizing ESMF with endflag==ESMF_END_KEEPMPI
20241004 030836.240 INFO             PET1 !!!!!!!!!!!!!!!!!!!!!!!!!!!!!!!!!!!!!!!!!!!!!!!!!!!!!!
20241004 030836.240 INFO             PET1 !!! THE ESMF_LOG IS SET TO OUTPUT ALL LOG MESSAGES !!!
20241004 030836.240 INFO             PET1 !!!     THIS MAY CAUSE SLOWDOWN IN PERFORMANCE     !!!
20241004 030836.240 INFO             PET1 !!! FOR PRODUCTION RUNS, USE:                      !!!
20241004 030836.240 INFO             PET1 !!!                   ESMF_LOGKIND_Multi_On_Error  !!!
20241004 030836.240 INFO             PET1 !!!!!!!!!!!!!!!!!!!!!!!!!!!!!!!!!!!!!!!!!!!!!!!!!!!!!!
20241004 030836.240 INFO             PET1 Running with ESMF Version   : v8.7.0
20241004 030836.240 INFO             PET1 ESMF library build date/time: "Oct  4 2024" "02:16:24"
20241004 030836.240 INFO             PET1 ESMF library build location : /glade/derecho/scratch/sacks/esmf-testing/gfortran_12.2.0_pio2.6.2_mpi_O_v8.7.0/esmf
20241004 030836.240 INFO             PET1 ESMF_COMM                   : mpi
20241004 030836.359 INFO             PET1 ESMF_MOAB                   : enabled
20241004 030836.359 INFO             PET1 ESMF_LAPACK                 : enabled
20241004 030836.359 INFO             PET1 ESMF_NETCDF                 : enabled
20241004 030836.359 INFO             PET1 ESMF_PNETCDF                : disabled
20241004 030836.359 INFO             PET1 ESMF_PIO                    : enabled
20241004 030836.359 INFO             PET1 ESMF_YAMLCPP                : enabled
20241004 030836.376 INFO             PET1  NUMBER_OF_PROCESSORS           4
20241004 030836.376 INFO             PET1  PASS  Example ESMF_VMUserMpiCommMultiEx, ESMF_VMUserMpiCommMultiEx.F90, line 126
20241004 030836.376 INFO             PET1  Finalizing ESMF with endflag==ESMF_END_KEEPMPI
20241004 030836.161 INFO             PET1 !!!!!!!!!!!!!!!!!!!!!!!!!!!!!!!!!!!!!!!!!!!!!!!!!!!!!!
20241004 030836.161 INFO             PET1 !!! THE ESMF_LOG IS SET TO OUTPUT ALL LOG MESSAGES !!!
20241004 030836.161 INFO             PET1 !!!     THIS MAY CAUSE SLOWDOWN IN PERFORMANCE     !!!
20241004 030836.161 INFO             PET1 !!! FOR PRODUCTION RUNS, USE:                      !!!
20241004 030836.161 INFO             PET1 !!!                   ESMF_LOGKIND_Multi_On_Error  !!!
20241004 030836.161 INFO             PET1 !!!!!!!!!!!!!!!!!!!!!!!!!!!!!!!!!!!!!!!!!!!!!!!!!!!!!!
20241004 030836.161 INFO             PET1 Running with ESMF Version   : v8.7.0
20241004 030836.161 INFO             PET1 ESMF library build date/time: "Oct  4 2024" "02:16:24"
20241004 030836.161 INFO             PET1 ESMF library build location : /glade/derecho/scratch/sacks/esmf-testing/gfortran_12.2.0_pio2.6.2_mpi_O_v8.7.0/esmf
20241004 030836.161 INFO             PET1 ESMF_COMM                   : mpi
20241004 030836.162 INFO             PET1 ESMF_MOAB                   : enabled
20241004 030836.162 INFO             PET1 ESMF_LAPACK                 : enabled
20241004 030836.162 INFO             PET1 ESMF_NETCDF                 : enabled
20241004 030836.162 INFO             PET1 ESMF_PNETCDF                : disabled
20241004 030836.162 INFO             PET1 ESMF_PIO                    : enabled
20241004 030836.162 INFO             PET1 ESMF_YAMLCPP                : enabled
20241004 030836.162 INFO             PET1  NUMBER_OF_PROCESSORS           4
20241004 030836.162 INFO             PET1  PASS  Example ESMF_VMUserMpiCommMultiEx, ESMF_VMUserMpiCommMultiEx.F90, line 154
20241004 030836.162 INFO             PET1  Finalizing ESMF with endflag==ESMF_END_KEEPMPI
