2024-09-22 07:35:48
20240922 083031.003 INFO             PET0 !!!!!!!!!!!!!!!!!!!!!!!!!!!!!!!!!!!!!!!!!!!!!!!!!!!!!!
20240922 083031.003 INFO             PET0 !!! THE ESMF_LOG IS SET TO OUTPUT ALL LOG MESSAGES !!!
20240922 083031.003 INFO             PET0 !!!     THIS MAY CAUSE SLOWDOWN IN PERFORMANCE     !!!
20240922 083031.003 INFO             PET0 !!! FOR PRODUCTION RUNS, USE:                      !!!
20240922 083031.003 INFO             PET0 !!!                   ESMF_LOGKIND_Multi_On_Error  !!!
20240922 083031.003 INFO             PET0 !!!!!!!!!!!!!!!!!!!!!!!!!!!!!!!!!!!!!!!!!!!!!!!!!!!!!!
20240922 083031.003 INFO             PET0 Running with ESMF Version   : v8.7.0b14-1-g2597b0a993
20240922 083031.003 INFO             PET0 ESMF library build date/time: "Sep 22 2024" "07:32:38"
20240922 083031.003 INFO             PET0 ESMF library build location : /scratch2/NCEPDEV/stmp1/Gerhard.Theurich/ESMF-Nightly-Testing/intel_2023.2.0_intelmpi_g_release_8.7.0/esmf
20240922 083031.003 INFO             PET0 ESMF_COMM                   : intelmpi
20240922 083031.004 INFO             PET0 ESMF_MOAB                   : enabled
20240922 083031.004 INFO             PET0 ESMF_LAPACK                 : enabled
20240922 083031.004 INFO             PET0 ESMF_NETCDF                 : enabled
20240922 083031.004 INFO             PET0 ESMF_PNETCDF                : disabled
20240922 083031.004 INFO             PET0 ESMF_PIO                    : enabled
20240922 083031.004 INFO             PET0 ESMF_YAMLCPP                : enabled
20240922 083031.004 INFO             PET0 ESMF Tracing Enabled
20240922 083031.004 INFO             PET0 ESMF Profiling Enabled
20240922 083031.004 INFO             PET0 ESMF Trace/Profile clock: REALTIME
20240922 083031.008 INFO             PET0  NUMBER_OF_PROCESSORS           4
20240922 083031.008 INFO             PET0  PASS  Example ESMF_TraceUserEx, ESMF_TraceUserEx.F90, line 125
20240922 083031.008 INFO             PET0  Finalizing ESMF
20240922 083031.008 INFO             PET0 **************** Region Timings *******************
20240922 083031.008 INFO             PET0 Region                Count  Total (s)   Self (s)    Mean (s)    Min (s)     Max (s)
20240922 083031.008 INFO             PET0   [ESMF]              1      0.0007      0.0003      0.0007      0.0007      0.0007
20240922 083031.008 INFO             PET0     outer_region      1      0.0004      0.0000      0.0004      0.0004      0.0004
20240922 083031.008 INFO             PET0       inner_region_1  10     0.0003      0.0003      0.0000      0.0000      0.0001
20240922 083031.008 INFO             PET0       inner_region_2  10     0.0001      0.0001      0.0000      0.0000      0.0000
20240922 083031.003 INFO             PET1 !!!!!!!!!!!!!!!!!!!!!!!!!!!!!!!!!!!!!!!!!!!!!!!!!!!!!!
20240922 083031.003 INFO             PET1 !!! THE ESMF_LOG IS SET TO OUTPUT ALL LOG MESSAGES !!!
20240922 083031.003 INFO             PET1 !!!     THIS MAY CAUSE SLOWDOWN IN PERFORMANCE     !!!
20240922 083031.003 INFO             PET1 !!! FOR PRODUCTION RUNS, USE:                      !!!
20240922 083031.003 INFO             PET1 !!!                   ESMF_LOGKIND_Multi_On_Error  !!!
20240922 083031.003 INFO             PET1 !!!!!!!!!!!!!!!!!!!!!!!!!!!!!!!!!!!!!!!!!!!!!!!!!!!!!!
20240922 083031.003 INFO             PET1 Running with ESMF Version   : v8.7.0b14-1-g2597b0a993
20240922 083031.003 INFO             PET1 ESMF library build date/time: "Sep 22 2024" "07:32:38"
20240922 083031.003 INFO             PET1 ESMF library build location : /scratch2/NCEPDEV/stmp1/Gerhard.Theurich/ESMF-Nightly-Testing/intel_2023.2.0_intelmpi_g_release_8.7.0/esmf
20240922 083031.003 INFO             PET1 ESMF_COMM                   : intelmpi
20240922 083031.004 INFO             PET1 ESMF_MOAB                   : enabled
20240922 083031.004 INFO             PET1 ESMF_LAPACK                 : enabled
20240922 083031.004 INFO             PET1 ESMF_NETCDF                 : enabled
20240922 083031.004 INFO             PET1 ESMF_PNETCDF                : disabled
20240922 083031.004 INFO             PET1 ESMF_PIO                    : enabled
20240922 083031.004 INFO             PET1 ESMF_YAMLCPP                : enabled
20240922 083031.004 INFO             PET1 ESMF Tracing Enabled
20240922 083031.004 INFO             PET1 ESMF Profiling Enabled
20240922 083031.004 INFO             PET1 ESMF Trace/Profile clock: REALTIME
20240922 083031.008 INFO             PET1  NUMBER_OF_PROCESSORS           4
20240922 083031.008 INFO             PET1  PASS  Example ESMF_TraceUserEx, ESMF_TraceUserEx.F90, line 125
20240922 083031.008 INFO             PET1  Finalizing ESMF
20240922 083031.008 INFO             PET1 **************** Region Timings *******************
20240922 083031.008 INFO             PET1 Region                Count  Total (s)   Self (s)    Mean (s)    Min (s)     Max (s)
20240922 083031.008 INFO             PET1   [ESMF]              1      0.0027      0.0023      0.0027      0.0027      0.0027
20240922 083031.008 INFO             PET1     outer_region      1      0.0004      0.0000      0.0004      0.0004      0.0004
20240922 083031.008 INFO             PET1       inner_region_1  10     0.0003      0.0003      0.0000      0.0000      0.0000
20240922 083031.008 INFO             PET1       inner_region_2  10     0.0001      0.0001      0.0000      0.0000      0.0000
20240922 083031.003 INFO             PET2 !!!!!!!!!!!!!!!!!!!!!!!!!!!!!!!!!!!!!!!!!!!!!!!!!!!!!!
20240922 083031.003 INFO             PET2 !!! THE ESMF_LOG IS SET TO OUTPUT ALL LOG MESSAGES !!!
20240922 083031.003 INFO             PET2 !!!     THIS MAY CAUSE SLOWDOWN IN PERFORMANCE     !!!
20240922 083031.003 INFO             PET2 !!! FOR PRODUCTION RUNS, USE:                      !!!
20240922 083031.003 INFO             PET2 !!!                   ESMF_LOGKIND_Multi_On_Error  !!!
20240922 083031.003 INFO             PET2 !!!!!!!!!!!!!!!!!!!!!!!!!!!!!!!!!!!!!!!!!!!!!!!!!!!!!!
20240922 083031.003 INFO             PET2 Running with ESMF Version   : v8.7.0b14-1-g2597b0a993
20240922 083031.003 INFO             PET2 ESMF library build date/time: "Sep 22 2024" "07:32:38"
20240922 083031.003 INFO             PET2 ESMF library build location : /scratch2/NCEPDEV/stmp1/Gerhard.Theurich/ESMF-Nightly-Testing/intel_2023.2.0_intelmpi_g_release_8.7.0/esmf
20240922 083031.003 INFO             PET2 ESMF_COMM                   : intelmpi
20240922 083031.004 INFO             PET2 ESMF_MOAB                   : enabled
20240922 083031.004 INFO             PET2 ESMF_LAPACK                 : enabled
20240922 083031.004 INFO             PET2 ESMF_NETCDF                 : enabled
20240922 083031.004 INFO             PET2 ESMF_PNETCDF                : disabled
20240922 083031.004 INFO             PET2 ESMF_PIO                    : enabled
20240922 083031.004 INFO             PET2 ESMF_YAMLCPP                : enabled
20240922 083031.004 INFO             PET2 ESMF Tracing Enabled
20240922 083031.004 INFO             PET2 ESMF Profiling Enabled
20240922 083031.004 INFO             PET2 ESMF Trace/Profile clock: REALTIME
20240922 083031.008 INFO             PET2  NUMBER_OF_PROCESSORS           4
20240922 083031.008 INFO             PET2  PASS  Example ESMF_TraceUserEx, ESMF_TraceUserEx.F90, line 125
20240922 083031.008 INFO             PET2  Finalizing ESMF
20240922 083031.008 INFO             PET2 **************** Region Timings *******************
20240922 083031.008 INFO             PET2 Region                Count  Total (s)   Self (s)    Mean (s)    Min (s)     Max (s)
20240922 083031.008 INFO             PET2   [ESMF]              1      0.0020      0.0016      0.0020      0.0020      0.0020
20240922 083031.008 INFO             PET2     outer_region      1      0.0004      0.0000      0.0004      0.0004      0.0004
20240922 083031.008 INFO             PET2       inner_region_1  10     0.0003      0.0003      0.0000      0.0000      0.0000
20240922 083031.008 INFO             PET2       inner_region_2  10     0.0001      0.0001      0.0000      0.0000      0.0000
20240922 083031.003 INFO             PET3 !!!!!!!!!!!!!!!!!!!!!!!!!!!!!!!!!!!!!!!!!!!!!!!!!!!!!!
20240922 083031.003 INFO             PET3 !!! THE ESMF_LOG IS SET TO OUTPUT ALL LOG MESSAGES !!!
20240922 083031.003 INFO             PET3 !!!     THIS MAY CAUSE SLOWDOWN IN PERFORMANCE     !!!
20240922 083031.003 INFO             PET3 !!! FOR PRODUCTION RUNS, USE:                      !!!
20240922 083031.003 INFO             PET3 !!!                   ESMF_LOGKIND_Multi_On_Error  !!!
20240922 083031.003 INFO             PET3 !!!!!!!!!!!!!!!!!!!!!!!!!!!!!!!!!!!!!!!!!!!!!!!!!!!!!!
20240922 083031.003 INFO             PET3 Running with ESMF Version   : v8.7.0b14-1-g2597b0a993
20240922 083031.003 INFO             PET3 ESMF library build date/time: "Sep 22 2024" "07:32:38"
20240922 083031.003 INFO             PET3 ESMF library build location : /scratch2/NCEPDEV/stmp1/Gerhard.Theurich/ESMF-Nightly-Testing/intel_2023.2.0_intelmpi_g_release_8.7.0/esmf
20240922 083031.003 INFO             PET3 ESMF_COMM                   : intelmpi
20240922 083031.004 INFO             PET3 ESMF_MOAB                   : enabled
20240922 083031.004 INFO             PET3 ESMF_LAPACK                 : enabled
20240922 083031.004 INFO             PET3 ESMF_NETCDF                 : enabled
20240922 083031.004 INFO             PET3 ESMF_PNETCDF                : disabled
20240922 083031.004 INFO             PET3 ESMF_PIO                    : enabled
20240922 083031.004 INFO             PET3 ESMF_YAMLCPP                : enabled
20240922 083031.004 INFO             PET3 ESMF Tracing Enabled
20240922 083031.004 INFO             PET3 ESMF Profiling Enabled
20240922 083031.004 INFO             PET3 ESMF Trace/Profile clock: REALTIME
20240922 083031.008 INFO             PET3  NUMBER_OF_PROCESSORS           4
20240922 083031.008 INFO             PET3  PASS  Example ESMF_TraceUserEx, ESMF_TraceUserEx.F90, line 125
20240922 083031.008 INFO             PET3  Finalizing ESMF
20240922 083031.008 INFO             PET3 **************** Region Timings *******************
20240922 083031.008 INFO             PET3 Region                Count  Total (s)   Self (s)    Mean (s)    Min (s)     Max (s)
20240922 083031.008 INFO             PET3   [ESMF]              1      0.0019      0.0015      0.0019      0.0019      0.0019
20240922 083031.008 INFO             PET3     outer_region      1      0.0004      0.0000      0.0004      0.0004      0.0004
20240922 083031.008 INFO             PET3       inner_region_1  10     0.0003      0.0003      0.0000      0.0000      0.0000
20240922 083031.008 INFO             PET3       inner_region_2  10     0.0001      0.0001      0.0000      0.0000      0.0000
