2024-10-05 03:38:25
20241005 042822.195 INFO             PET0 !!!!!!!!!!!!!!!!!!!!!!!!!!!!!!!!!!!!!!!!!!!!!!!!!!!!!!
20241005 042822.195 INFO             PET0 !!! THE ESMF_LOG IS SET TO OUTPUT ALL LOG MESSAGES !!!
20241005 042822.195 INFO             PET0 !!!     THIS MAY CAUSE SLOWDOWN IN PERFORMANCE     !!!
20241005 042822.195 INFO             PET0 !!! FOR PRODUCTION RUNS, USE:                      !!!
20241005 042822.195 INFO             PET0 !!!                   ESMF_LOGKIND_Multi_On_Error  !!!
20241005 042822.195 INFO             PET0 !!!!!!!!!!!!!!!!!!!!!!!!!!!!!!!!!!!!!!!!!!!!!!!!!!!!!!
20241005 042822.195 INFO             PET0 Running with ESMF Version   : v8.7.0
20241005 042822.195 INFO             PET0 ESMF library build date/time: "Oct  5 2024" "03:34:22"
20241005 042822.195 INFO             PET0 ESMF library build location : /glade/derecho/scratch/sacks/esmf-testing/intel_2023.2.1-classic_mpi_g_v8.7.0/esmf
20241005 042822.195 INFO             PET0 ESMF_COMM                   : mpi
20241005 042822.219 INFO             PET0 ESMF_MOAB                   : enabled
20241005 042822.219 INFO             PET0 ESMF_LAPACK                 : enabled
20241005 042822.219 INFO             PET0 ESMF_NETCDF                 : enabled
20241005 042822.219 INFO             PET0 ESMF_PNETCDF                : disabled
20241005 042822.219 INFO             PET0 ESMF_PIO                    : enabled
20241005 042822.219 INFO             PET0 ESMF_YAMLCPP                : enabled
20241005 042822.224 INFO             PET0 ESMF_FieldRedistStoreNF(): Just entered routine.
20241005 042822.254 INFO             PET0 ESMF_FieldRedistStoreNF(): Leaving routine.
20241005 042822.271 INFO             PET0  NUMBER_OF_PROCESSORS           4
20241005 042822.271 INFO             PET0  PASS  Example ESMF_RHandleFromFileEx, ESMF_RHandleFromFileEx.F90, line 192
20241005 042822.271 INFO             PET0  Finalizing ESMF
20241005 042822.195 INFO             PET1 !!!!!!!!!!!!!!!!!!!!!!!!!!!!!!!!!!!!!!!!!!!!!!!!!!!!!!
20241005 042822.195 INFO             PET1 !!! THE ESMF_LOG IS SET TO OUTPUT ALL LOG MESSAGES !!!
20241005 042822.195 INFO             PET1 !!!     THIS MAY CAUSE SLOWDOWN IN PERFORMANCE     !!!
20241005 042822.195 INFO             PET1 !!! FOR PRODUCTION RUNS, USE:                      !!!
20241005 042822.195 INFO             PET1 !!!                   ESMF_LOGKIND_Multi_On_Error  !!!
20241005 042822.195 INFO             PET1 !!!!!!!!!!!!!!!!!!!!!!!!!!!!!!!!!!!!!!!!!!!!!!!!!!!!!!
20241005 042822.195 INFO             PET1 Running with ESMF Version   : v8.7.0
20241005 042822.195 INFO             PET1 ESMF library build date/time: "Oct  5 2024" "03:34:22"
20241005 042822.195 INFO             PET1 ESMF library build location : /glade/derecho/scratch/sacks/esmf-testing/intel_2023.2.1-classic_mpi_g_v8.7.0/esmf
20241005 042822.195 INFO             PET1 ESMF_COMM                   : mpi
20241005 042822.197 INFO             PET1 ESMF_MOAB                   : enabled
20241005 042822.197 INFO             PET1 ESMF_LAPACK                 : enabled
20241005 042822.197 INFO             PET1 ESMF_NETCDF                 : enabled
20241005 042822.197 INFO             PET1 ESMF_PNETCDF                : disabled
20241005 042822.197 INFO             PET1 ESMF_PIO                    : enabled
20241005 042822.197 INFO             PET1 ESMF_YAMLCPP                : enabled
20241005 042822.224 INFO             PET1 ESMF_FieldRedistStoreNF(): Just entered routine.
20241005 042822.254 INFO             PET1 ESMF_FieldRedistStoreNF(): Leaving routine.
20241005 042822.271 INFO             PET1  NUMBER_OF_PROCESSORS           4
20241005 042822.271 INFO             PET1  PASS  Example ESMF_RHandleFromFileEx, ESMF_RHandleFromFileEx.F90, line 192
20241005 042822.271 INFO             PET1  Finalizing ESMF
20241005 042822.194 INFO             PET2 !!!!!!!!!!!!!!!!!!!!!!!!!!!!!!!!!!!!!!!!!!!!!!!!!!!!!!
20241005 042822.195 INFO             PET2 !!! THE ESMF_LOG IS SET TO OUTPUT ALL LOG MESSAGES !!!
20241005 042822.195 INFO             PET2 !!!     THIS MAY CAUSE SLOWDOWN IN PERFORMANCE     !!!
20241005 042822.195 INFO             PET2 !!! FOR PRODUCTION RUNS, USE:                      !!!
20241005 042822.195 INFO             PET2 !!!                   ESMF_LOGKIND_Multi_On_Error  !!!
20241005 042822.195 INFO             PET2 !!!!!!!!!!!!!!!!!!!!!!!!!!!!!!!!!!!!!!!!!!!!!!!!!!!!!!
20241005 042822.195 INFO             PET2 Running with ESMF Version   : v8.7.0
20241005 042822.195 INFO             PET2 ESMF library build date/time: "Oct  5 2024" "03:34:22"
20241005 042822.195 INFO             PET2 ESMF library build location : /glade/derecho/scratch/sacks/esmf-testing/intel_2023.2.1-classic_mpi_g_v8.7.0/esmf
20241005 042822.195 INFO             PET2 ESMF_COMM                   : mpi
20241005 042822.198 INFO             PET2 ESMF_MOAB                   : enabled
20241005 042822.198 INFO             PET2 ESMF_LAPACK                 : enabled
20241005 042822.198 INFO             PET2 ESMF_NETCDF                 : enabled
20241005 042822.198 INFO             PET2 ESMF_PNETCDF                : disabled
20241005 042822.198 INFO             PET2 ESMF_PIO                    : enabled
20241005 042822.198 INFO             PET2 ESMF_YAMLCPP                : enabled
20241005 042822.224 INFO             PET2 ESMF_FieldRedistStoreNF(): Just entered routine.
20241005 042822.254 INFO             PET2 ESMF_FieldRedistStoreNF(): Leaving routine.
20241005 042822.271 INFO             PET2  NUMBER_OF_PROCESSORS           4
20241005 042822.271 INFO             PET2  PASS  Example ESMF_RHandleFromFileEx, ESMF_RHandleFromFileEx.F90, line 192
20241005 042822.271 INFO             PET2  Finalizing ESMF
20241005 042822.198 INFO             PET3 !!!!!!!!!!!!!!!!!!!!!!!!!!!!!!!!!!!!!!!!!!!!!!!!!!!!!!
20241005 042822.198 INFO             PET3 !!! THE ESMF_LOG IS SET TO OUTPUT ALL LOG MESSAGES !!!
20241005 042822.198 INFO             PET3 !!!     THIS MAY CAUSE SLOWDOWN IN PERFORMANCE     !!!
20241005 042822.198 INFO             PET3 !!! FOR PRODUCTION RUNS, USE:                      !!!
20241005 042822.198 INFO             PET3 !!!                   ESMF_LOGKIND_Multi_On_Error  !!!
20241005 042822.198 INFO             PET3 !!!!!!!!!!!!!!!!!!!!!!!!!!!!!!!!!!!!!!!!!!!!!!!!!!!!!!
20241005 042822.198 INFO             PET3 Running with ESMF Version   : v8.7.0
20241005 042822.198 INFO             PET3 ESMF library build date/time: "Oct  5 2024" "03:34:22"
20241005 042822.198 INFO             PET3 ESMF library build location : /glade/derecho/scratch/sacks/esmf-testing/intel_2023.2.1-classic_mpi_g_v8.7.0/esmf
20241005 042822.198 INFO             PET3 ESMF_COMM                   : mpi
20241005 042822.203 INFO             PET3 ESMF_MOAB                   : enabled
20241005 042822.203 INFO             PET3 ESMF_LAPACK                 : enabled
20241005 042822.203 INFO             PET3 ESMF_NETCDF                 : enabled
20241005 042822.203 INFO             PET3 ESMF_PNETCDF                : disabled
20241005 042822.204 INFO             PET3 ESMF_PIO                    : enabled
20241005 042822.204 INFO             PET3 ESMF_YAMLCPP                : enabled
20241005 042822.224 INFO             PET3 ESMF_FieldRedistStoreNF(): Just entered routine.
20241005 042822.254 INFO             PET3 ESMF_FieldRedistStoreNF(): Leaving routine.
20241005 042822.271 INFO             PET3  NUMBER_OF_PROCESSORS           4
20241005 042822.271 INFO             PET3  PASS  Example ESMF_RHandleFromFileEx, ESMF_RHandleFromFileEx.F90, line 192
20241005 042822.271 INFO             PET3  Finalizing ESMF
