2024-10-07 03:28:57
20241007 041605.993 INFO             PET0 !!!!!!!!!!!!!!!!!!!!!!!!!!!!!!!!!!!!!!!!!!!!!!!!!!!!!!
20241007 041605.993 INFO             PET0 !!! THE ESMF_LOG IS SET TO OUTPUT ALL LOG MESSAGES !!!
20241007 041605.993 INFO             PET0 !!!     THIS MAY CAUSE SLOWDOWN IN PERFORMANCE     !!!
20241007 041605.993 INFO             PET0 !!! FOR PRODUCTION RUNS, USE:                      !!!
20241007 041605.993 INFO             PET0 !!!                   ESMF_LOGKIND_Multi_On_Error  !!!
20241007 041605.993 INFO             PET0 !!!!!!!!!!!!!!!!!!!!!!!!!!!!!!!!!!!!!!!!!!!!!!!!!!!!!!
20241007 041605.993 INFO             PET0 Running with ESMF Version   : v8.7.0
20241007 041605.993 INFO             PET0 ESMF library build date/time: "Oct  7 2024" "03:25:35"
20241007 041605.993 INFO             PET0 ESMF library build location : /glade/derecho/scratch/sacks/esmf-testing/intel_2023.2.1-classic_mpi_g_v8.7.0/esmf
20241007 041605.993 INFO             PET0 ESMF_COMM                   : mpi
20241007 041605.997 INFO             PET0 ESMF_MOAB                   : enabled
20241007 041605.997 INFO             PET0 ESMF_LAPACK                 : enabled
20241007 041605.997 INFO             PET0 ESMF_NETCDF                 : enabled
20241007 041605.997 INFO             PET0 ESMF_PNETCDF                : disabled
20241007 041605.997 INFO             PET0 ESMF_PIO                    : enabled
20241007 041605.998 INFO             PET0 ESMF_YAMLCPP                : enabled
20241007 041605.998 INFO             PET0 ESMF Tracing Enabled
20241007 041605.998 INFO             PET0 ESMF Profiling Enabled
20241007 041605.998 INFO             PET0 ESMF Trace/Profile clock: REALTIME
20241007 041606.012 INFO             PET0  NUMBER_OF_PROCESSORS           4
20241007 041606.012 INFO             PET0  PASS  Example ESMF_TraceEx, ESMF_TraceEx.F90, line 178
20241007 041606.012 INFO             PET0  Finalizing ESMF
20241007 041606.012 INFO             PET0 **************** Region Timings *******************
20241007 041606.012 INFO             PET0 Region              Count  Total (s)   Self (s)    Mean (s)    Min (s)     Max (s)
20241007 041606.012 INFO             PET0   [ESMF]            1      0.0011      0.0011      0.0011      0.0011      0.0011
20241007 041606.012 INFO             PET0     [test] Run 1    5      0.0000      0.0000      0.0000      0.0000      0.0000
20241007 041606.012 INFO             PET0     [test] Init 1   1      0.0000      0.0000      0.0000      0.0000      0.0000
20241007 041606.012 INFO             PET0     [test] Final 1  1      0.0000      0.0000      0.0000      0.0000      0.0000
20241007 041605.982 INFO             PET1 !!!!!!!!!!!!!!!!!!!!!!!!!!!!!!!!!!!!!!!!!!!!!!!!!!!!!!
20241007 041605.982 INFO             PET1 !!! THE ESMF_LOG IS SET TO OUTPUT ALL LOG MESSAGES !!!
20241007 041605.982 INFO             PET1 !!!     THIS MAY CAUSE SLOWDOWN IN PERFORMANCE     !!!
20241007 041605.982 INFO             PET1 !!! FOR PRODUCTION RUNS, USE:                      !!!
20241007 041605.982 INFO             PET1 !!!                   ESMF_LOGKIND_Multi_On_Error  !!!
20241007 041605.982 INFO             PET1 !!!!!!!!!!!!!!!!!!!!!!!!!!!!!!!!!!!!!!!!!!!!!!!!!!!!!!
20241007 041605.982 INFO             PET1 Running with ESMF Version   : v8.7.0
20241007 041605.982 INFO             PET1 ESMF library build date/time: "Oct  7 2024" "03:25:35"
20241007 041605.982 INFO             PET1 ESMF library build location : /glade/derecho/scratch/sacks/esmf-testing/intel_2023.2.1-classic_mpi_g_v8.7.0/esmf
20241007 041605.982 INFO             PET1 ESMF_COMM                   : mpi
20241007 041605.983 INFO             PET1 ESMF_MOAB                   : enabled
20241007 041605.983 INFO             PET1 ESMF_LAPACK                 : enabled
20241007 041605.983 INFO             PET1 ESMF_NETCDF                 : enabled
20241007 041605.983 INFO             PET1 ESMF_PNETCDF                : disabled
20241007 041605.983 INFO             PET1 ESMF_PIO                    : enabled
20241007 041605.983 INFO             PET1 ESMF_YAMLCPP                : enabled
20241007 041605.983 INFO             PET1 ESMF Tracing Enabled
20241007 041605.983 INFO             PET1 ESMF Profiling Enabled
20241007 041605.983 INFO             PET1 ESMF Trace/Profile clock: REALTIME
20241007 041606.012 INFO             PET1  NUMBER_OF_PROCESSORS           4
20241007 041606.012 INFO             PET1  PASS  Example ESMF_TraceEx, ESMF_TraceEx.F90, line 178
20241007 041606.012 INFO             PET1  Finalizing ESMF
20241007 041606.012 INFO             PET1 **************** Region Timings *******************
20241007 041606.012 INFO             PET1 Region              Count  Total (s)   Self (s)    Mean (s)    Min (s)     Max (s)
20241007 041606.012 INFO             PET1   [ESMF]            1      0.0134      0.0133      0.0134      0.0134      0.0134
20241007 041606.012 INFO             PET1     [test] Init 1   1      0.0001      0.0001      0.0001      0.0001      0.0001
20241007 041606.012 INFO             PET1     [test] Run 1    5      0.0000      0.0000      0.0000      0.0000      0.0000
20241007 041606.012 INFO             PET1     [test] Final 1  1      0.0000      0.0000      0.0000      0.0000      0.0000
20241007 041605.995 INFO             PET2 !!!!!!!!!!!!!!!!!!!!!!!!!!!!!!!!!!!!!!!!!!!!!!!!!!!!!!
20241007 041605.995 INFO             PET2 !!! THE ESMF_LOG IS SET TO OUTPUT ALL LOG MESSAGES !!!
20241007 041605.995 INFO             PET2 !!!     THIS MAY CAUSE SLOWDOWN IN PERFORMANCE     !!!
20241007 041605.995 INFO             PET2 !!! FOR PRODUCTION RUNS, USE:                      !!!
20241007 041605.995 INFO             PET2 !!!                   ESMF_LOGKIND_Multi_On_Error  !!!
20241007 041605.995 INFO             PET2 !!!!!!!!!!!!!!!!!!!!!!!!!!!!!!!!!!!!!!!!!!!!!!!!!!!!!!
20241007 041605.995 INFO             PET2 Running with ESMF Version   : v8.7.0
20241007 041605.995 INFO             PET2 ESMF library build date/time: "Oct  7 2024" "03:25:35"
20241007 041605.995 INFO             PET2 ESMF library build location : /glade/derecho/scratch/sacks/esmf-testing/intel_2023.2.1-classic_mpi_g_v8.7.0/esmf
20241007 041605.995 INFO             PET2 ESMF_COMM                   : mpi
20241007 041605.995 INFO             PET2 ESMF_MOAB                   : enabled
20241007 041605.995 INFO             PET2 ESMF_LAPACK                 : enabled
20241007 041605.995 INFO             PET2 ESMF_NETCDF                 : enabled
20241007 041605.995 INFO             PET2 ESMF_PNETCDF                : disabled
20241007 041605.995 INFO             PET2 ESMF_PIO                    : enabled
20241007 041605.995 INFO             PET2 ESMF_YAMLCPP                : enabled
20241007 041605.995 INFO             PET2 ESMF Tracing Enabled
20241007 041605.995 INFO             PET2 ESMF Profiling Enabled
20241007 041605.995 INFO             PET2 ESMF Trace/Profile clock: REALTIME
20241007 041606.012 INFO             PET2  NUMBER_OF_PROCESSORS           4
20241007 041606.012 INFO             PET2  PASS  Example ESMF_TraceEx, ESMF_TraceEx.F90, line 178
20241007 041606.012 INFO             PET2  Finalizing ESMF
20241007 041606.012 INFO             PET2 **************** Region Timings *******************
20241007 041606.012 INFO             PET2 Region              Count  Total (s)   Self (s)    Mean (s)    Min (s)     Max (s)
20241007 041606.012 INFO             PET2   [ESMF]            1      0.0084      0.0083      0.0084      0.0084      0.0084
20241007 041606.012 INFO             PET2     [test] Init 1   1      0.0001      0.0001      0.0001      0.0001      0.0001
20241007 041606.012 INFO             PET2     [test] Run 1    5      0.0000      0.0000      0.0000      0.0000      0.0000
20241007 041606.012 INFO             PET2     [test] Final 1  1      0.0000      0.0000      0.0000      0.0000      0.0000
20241007 041605.992 INFO             PET3 !!!!!!!!!!!!!!!!!!!!!!!!!!!!!!!!!!!!!!!!!!!!!!!!!!!!!!
20241007 041605.992 INFO             PET3 !!! THE ESMF_LOG IS SET TO OUTPUT ALL LOG MESSAGES !!!
20241007 041605.992 INFO             PET3 !!!     THIS MAY CAUSE SLOWDOWN IN PERFORMANCE     !!!
20241007 041605.992 INFO             PET3 !!! FOR PRODUCTION RUNS, USE:                      !!!
20241007 041605.992 INFO             PET3 !!!                   ESMF_LOGKIND_Multi_On_Error  !!!
20241007 041605.992 INFO             PET3 !!!!!!!!!!!!!!!!!!!!!!!!!!!!!!!!!!!!!!!!!!!!!!!!!!!!!!
20241007 041605.992 INFO             PET3 Running with ESMF Version   : v8.7.0
20241007 041605.992 INFO             PET3 ESMF library build date/time: "Oct  7 2024" "03:25:35"
20241007 041605.992 INFO             PET3 ESMF library build location : /glade/derecho/scratch/sacks/esmf-testing/intel_2023.2.1-classic_mpi_g_v8.7.0/esmf
20241007 041605.992 INFO             PET3 ESMF_COMM                   : mpi
20241007 041605.996 INFO             PET3 ESMF_MOAB                   : enabled
20241007 041605.996 INFO             PET3 ESMF_LAPACK                 : enabled
20241007 041605.996 INFO             PET3 ESMF_NETCDF                 : enabled
20241007 041605.996 INFO             PET3 ESMF_PNETCDF                : disabled
20241007 041605.996 INFO             PET3 ESMF_PIO                    : enabled
20241007 041605.996 INFO             PET3 ESMF_YAMLCPP                : enabled
20241007 041605.996 INFO             PET3 ESMF Tracing Enabled
20241007 041605.996 INFO             PET3 ESMF Profiling Enabled
20241007 041605.996 INFO             PET3 ESMF Trace/Profile clock: REALTIME
20241007 041606.012 INFO             PET3  NUMBER_OF_PROCESSORS           4
20241007 041606.012 INFO             PET3  PASS  Example ESMF_TraceEx, ESMF_TraceEx.F90, line 178
20241007 041606.012 INFO             PET3  Finalizing ESMF
20241007 041606.012 INFO             PET3 **************** Region Timings *******************
20241007 041606.012 INFO             PET3 Region              Count  Total (s)   Self (s)    Mean (s)    Min (s)     Max (s)
20241007 041606.012 INFO             PET3   [ESMF]            1      0.0116      0.0115      0.0116      0.0116      0.0116
20241007 041606.012 INFO             PET3     [test] Init 1   1      0.0001      0.0001      0.0001      0.0001      0.0001
20241007 041606.012 INFO             PET3     [test] Run 1    5      0.0000      0.0000      0.0000      0.0000      0.0000
20241007 041606.012 INFO             PET3     [test] Final 1  1      0.0000      0.0000      0.0000      0.0000      0.0000
