2024-09-13 01:54:31
20240913 021146.012 INFO             PET0 !!!!!!!!!!!!!!!!!!!!!!!!!!!!!!!!!!!!!!!!!!!!!!!!!!!!!!
20240913 021146.012 INFO             PET0 !!! THE ESMF_LOG IS SET TO OUTPUT ALL LOG MESSAGES !!!
20240913 021146.012 INFO             PET0 !!!     THIS MAY CAUSE SLOWDOWN IN PERFORMANCE     !!!
20240913 021146.012 INFO             PET0 !!! FOR PRODUCTION RUNS, USE:                      !!!
20240913 021146.012 INFO             PET0 !!!                   ESMF_LOGKIND_Multi_On_Error  !!!
20240913 021146.012 INFO             PET0 !!!!!!!!!!!!!!!!!!!!!!!!!!!!!!!!!!!!!!!!!!!!!!!!!!!!!!
20240913 021146.012 INFO             PET0 Running with ESMF Version   : v8.7.0b14
20240913 021146.012 INFO             PET0 ESMF library build date/time: "Sep 13 2024" "01:53:20"
20240913 021146.012 INFO             PET0 ESMF library build location : /home/gerhard/ESMF-Nightly-Testing/gfortran_11.2.0_mpich_O_develop/esmf
20240913 021146.012 INFO             PET0 ESMF_COMM                   : mpich
20240913 021146.012 INFO             PET0 ESMF_MOAB                   : enabled
20240913 021146.012 INFO             PET0 ESMF_LAPACK                 : enabled
20240913 021146.012 INFO             PET0 ESMF_NETCDF                 : enabled
20240913 021146.012 INFO             PET0 ESMF_PNETCDF                : disabled
20240913 021146.012 INFO             PET0 ESMF_PIO                    : enabled
20240913 021146.012 INFO             PET0 ESMF_YAMLCPP                : enabled
20240913 021146.014 INFO             PET0  NUMBER_OF_PROCESSORS           1
20240913 021146.014 INFO             PET0  PASS  Example ESMF_XGridSparseMatEx, ESMF_XGridSparseMatEx.F90, line 642
20240913 021146.014 INFO             PET0  Finalizing ESMF
