2024-08-16 01:46:31
20240816 020248.681 INFO             PET0 !!!!!!!!!!!!!!!!!!!!!!!!!!!!!!!!!!!!!!!!!!!!!!!!!!!!!!
20240816 020248.681 INFO             PET0 !!! THE ESMF_LOG IS SET TO OUTPUT ALL LOG MESSAGES !!!
20240816 020248.681 INFO             PET0 !!!     THIS MAY CAUSE SLOWDOWN IN PERFORMANCE     !!!
20240816 020248.681 INFO             PET0 !!! FOR PRODUCTION RUNS, USE:                      !!!
20240816 020248.681 INFO             PET0 !!!                   ESMF_LOGKIND_Multi_On_Error  !!!
20240816 020248.681 INFO             PET0 !!!!!!!!!!!!!!!!!!!!!!!!!!!!!!!!!!!!!!!!!!!!!!!!!!!!!!
20240816 020248.681 INFO             PET0 Running with ESMF Version   : v8.7.0b11-1-g59af04814d
20240816 020248.681 INFO             PET0 ESMF library build date/time: "Aug 16 2024" "01:45:26"
20240816 020248.681 INFO             PET0 ESMF library build location : /home/gerhard/ESMF-Nightly-Testing/gfortran_11.2.0_mpich_O_develop/esmf
20240816 020248.681 INFO             PET0 ESMF_COMM                   : mpich
20240816 020248.681 INFO             PET0 ESMF_MOAB                   : enabled
20240816 020248.681 INFO             PET0 ESMF_LAPACK                 : enabled
20240816 020248.681 INFO             PET0 ESMF_NETCDF                 : enabled
20240816 020248.681 INFO             PET0 ESMF_PNETCDF                : disabled
20240816 020248.681 INFO             PET0 ESMF_PIO                    : enabled
20240816 020248.681 INFO             PET0 ESMF_YAMLCPP                : enabled
20240816 020248.681 INFO             PET0  NUMBER_OF_PROCESSORS           4
20240816 020248.681 INFO             PET0  PASS  Example ESMF_VMUserMpiCommMultiEx, ESMF_VMUserMpiCommMultiEx.F90, line 126
20240816 020248.681 INFO             PET0  Finalizing ESMF with endflag==ESMF_END_KEEPMPI
20240816 020248.681 INFO             PET0 !!!!!!!!!!!!!!!!!!!!!!!!!!!!!!!!!!!!!!!!!!!!!!!!!!!!!!
20240816 020248.681 INFO             PET0 !!! THE ESMF_LOG IS SET TO OUTPUT ALL LOG MESSAGES !!!
20240816 020248.681 INFO             PET0 !!!     THIS MAY CAUSE SLOWDOWN IN PERFORMANCE     !!!
20240816 020248.681 INFO             PET0 !!! FOR PRODUCTION RUNS, USE:                      !!!
20240816 020248.681 INFO             PET0 !!!                   ESMF_LOGKIND_Multi_On_Error  !!!
20240816 020248.681 INFO             PET0 !!!!!!!!!!!!!!!!!!!!!!!!!!!!!!!!!!!!!!!!!!!!!!!!!!!!!!
20240816 020248.681 INFO             PET0 Running with ESMF Version   : v8.7.0b11-1-g59af04814d
20240816 020248.681 INFO             PET0 ESMF library build date/time: "Aug 16 2024" "01:45:26"
20240816 020248.681 INFO             PET0 ESMF library build location : /home/gerhard/ESMF-Nightly-Testing/gfortran_11.2.0_mpich_O_develop/esmf
20240816 020248.681 INFO             PET0 ESMF_COMM                   : mpich
20240816 020248.681 INFO             PET0 ESMF_MOAB                   : enabled
20240816 020248.681 INFO             PET0 ESMF_LAPACK                 : enabled
20240816 020248.681 INFO             PET0 ESMF_NETCDF                 : enabled
20240816 020248.681 INFO             PET0 ESMF_PNETCDF                : disabled
20240816 020248.681 INFO             PET0 ESMF_PIO                    : enabled
20240816 020248.681 INFO             PET0 ESMF_YAMLCPP                : enabled
20240816 020248.681 INFO             PET0  NUMBER_OF_PROCESSORS           4
20240816 020248.681 INFO             PET0  PASS  Example ESMF_VMUserMpiCommMultiEx, ESMF_VMUserMpiCommMultiEx.F90, line 154
20240816 020248.681 INFO             PET0  Finalizing ESMF with endflag==ESMF_END_KEEPMPI
20240816 020248.681 INFO             PET1 !!!!!!!!!!!!!!!!!!!!!!!!!!!!!!!!!!!!!!!!!!!!!!!!!!!!!!
20240816 020248.681 INFO             PET1 !!! THE ESMF_LOG IS SET TO OUTPUT ALL LOG MESSAGES !!!
20240816 020248.681 INFO             PET1 !!!     THIS MAY CAUSE SLOWDOWN IN PERFORMANCE     !!!
20240816 020248.681 INFO             PET1 !!! FOR PRODUCTION RUNS, USE:                      !!!
20240816 020248.681 INFO             PET1 !!!                   ESMF_LOGKIND_Multi_On_Error  !!!
20240816 020248.681 INFO             PET1 !!!!!!!!!!!!!!!!!!!!!!!!!!!!!!!!!!!!!!!!!!!!!!!!!!!!!!
20240816 020248.681 INFO             PET1 Running with ESMF Version   : v8.7.0b11-1-g59af04814d
20240816 020248.681 INFO             PET1 ESMF library build date/time: "Aug 16 2024" "01:45:26"
20240816 020248.681 INFO             PET1 ESMF library build location : /home/gerhard/ESMF-Nightly-Testing/gfortran_11.2.0_mpich_O_develop/esmf
20240816 020248.681 INFO             PET1 ESMF_COMM                   : mpich
20240816 020248.681 INFO             PET1 ESMF_MOAB                   : enabled
20240816 020248.681 INFO             PET1 ESMF_LAPACK                 : enabled
20240816 020248.681 INFO             PET1 ESMF_NETCDF                 : enabled
20240816 020248.681 INFO             PET1 ESMF_PNETCDF                : disabled
20240816 020248.681 INFO             PET1 ESMF_PIO                    : enabled
20240816 020248.681 INFO             PET1 ESMF_YAMLCPP                : enabled
20240816 020248.681 INFO             PET1  NUMBER_OF_PROCESSORS           4
20240816 020248.681 INFO             PET1  PASS  Example ESMF_VMUserMpiCommMultiEx, ESMF_VMUserMpiCommMultiEx.F90, line 126
20240816 020248.681 INFO             PET1  Finalizing ESMF with endflag==ESMF_END_KEEPMPI
20240816 020248.681 INFO             PET1 !!!!!!!!!!!!!!!!!!!!!!!!!!!!!!!!!!!!!!!!!!!!!!!!!!!!!!
20240816 020248.681 INFO             PET1 !!! THE ESMF_LOG IS SET TO OUTPUT ALL LOG MESSAGES !!!
20240816 020248.681 INFO             PET1 !!!     THIS MAY CAUSE SLOWDOWN IN PERFORMANCE     !!!
20240816 020248.681 INFO             PET1 !!! FOR PRODUCTION RUNS, USE:                      !!!
20240816 020248.681 INFO             PET1 !!!                   ESMF_LOGKIND_Multi_On_Error  !!!
20240816 020248.681 INFO             PET1 !!!!!!!!!!!!!!!!!!!!!!!!!!!!!!!!!!!!!!!!!!!!!!!!!!!!!!
20240816 020248.681 INFO             PET1 Running with ESMF Version   : v8.7.0b11-1-g59af04814d
20240816 020248.681 INFO             PET1 ESMF library build date/time: "Aug 16 2024" "01:45:26"
20240816 020248.681 INFO             PET1 ESMF library build location : /home/gerhard/ESMF-Nightly-Testing/gfortran_11.2.0_mpich_O_develop/esmf
20240816 020248.681 INFO             PET1 ESMF_COMM                   : mpich
20240816 020248.681 INFO             PET1 ESMF_MOAB                   : enabled
20240816 020248.681 INFO             PET1 ESMF_LAPACK                 : enabled
20240816 020248.681 INFO             PET1 ESMF_NETCDF                 : enabled
20240816 020248.681 INFO             PET1 ESMF_PNETCDF                : disabled
20240816 020248.681 INFO             PET1 ESMF_PIO                    : enabled
20240816 020248.681 INFO             PET1 ESMF_YAMLCPP                : enabled
20240816 020248.681 INFO             PET1  NUMBER_OF_PROCESSORS           4
20240816 020248.681 INFO             PET1  PASS  Example ESMF_VMUserMpiCommMultiEx, ESMF_VMUserMpiCommMultiEx.F90, line 154
20240816 020248.681 INFO             PET1  Finalizing ESMF with endflag==ESMF_END_KEEPMPI
