2024-09-17 09:10:44
20240917 093338.159 INFO             PET0 !!!!!!!!!!!!!!!!!!!!!!!!!!!!!!!!!!!!!!!!!!!!!!!!!!!!!!
20240917 093338.159 INFO             PET0 !!! THE ESMF_LOG IS SET TO OUTPUT ALL LOG MESSAGES !!!
20240917 093338.159 INFO             PET0 !!!     THIS MAY CAUSE SLOWDOWN IN PERFORMANCE     !!!
20240917 093338.159 INFO             PET0 !!! FOR PRODUCTION RUNS, USE:                      !!!
20240917 093338.159 INFO             PET0 !!!                   ESMF_LOGKIND_Multi_On_Error  !!!
20240917 093338.159 INFO             PET0 !!!!!!!!!!!!!!!!!!!!!!!!!!!!!!!!!!!!!!!!!!!!!!!!!!!!!!
20240917 093338.159 INFO             PET0 Running with ESMF Version   : v8.7.0b14-1-gaa7060ab1c
20240917 093338.159 INFO             PET0 ESMF library build date/time: "Sep 17 2024" "09:09:19"
20240917 093338.159 INFO             PET0 ESMF library build location : /home/gerhard/ESMF-Nightly-Testing/gfortran_11.2.0_mpich_O_develop/esmf
20240917 093338.159 INFO             PET0 ESMF_COMM                   : mpich
20240917 093338.159 INFO             PET0 ESMF_MOAB                   : enabled
20240917 093338.159 INFO             PET0 ESMF_LAPACK                 : enabled
20240917 093338.159 INFO             PET0 ESMF_NETCDF                 : enabled
20240917 093338.159 INFO             PET0 ESMF_PNETCDF                : disabled
20240917 093338.160 INFO             PET0 ESMF_PIO                    : enabled
20240917 093338.160 INFO             PET0 ESMF_YAMLCPP                : enabled
20240917 093338.194 DEBUG            PET0 about to destroy Grid: 0x26b2330
20240917 093338.198 DEBUG            PET0 about to destroy Grid: 0x26b3f20
20240917 093338.217 INFO             PET0  NUMBER_OF_PROCESSORS           4
20240917 093338.217 INFO             PET0  PASS  Example ESMF_NUOPCAtmModelEx, ESMF_NUOPCAtmModelEx.F90, line 806
20240917 093338.217 INFO             PET0  Finalizing ESMF
20240917 093338.159 INFO             PET1 !!!!!!!!!!!!!!!!!!!!!!!!!!!!!!!!!!!!!!!!!!!!!!!!!!!!!!
20240917 093338.159 INFO             PET1 !!! THE ESMF_LOG IS SET TO OUTPUT ALL LOG MESSAGES !!!
20240917 093338.159 INFO             PET1 !!!     THIS MAY CAUSE SLOWDOWN IN PERFORMANCE     !!!
20240917 093338.159 INFO             PET1 !!! FOR PRODUCTION RUNS, USE:                      !!!
20240917 093338.159 INFO             PET1 !!!                   ESMF_LOGKIND_Multi_On_Error  !!!
20240917 093338.159 INFO             PET1 !!!!!!!!!!!!!!!!!!!!!!!!!!!!!!!!!!!!!!!!!!!!!!!!!!!!!!
20240917 093338.159 INFO             PET1 Running with ESMF Version   : v8.7.0b14-1-gaa7060ab1c
20240917 093338.159 INFO             PET1 ESMF library build date/time: "Sep 17 2024" "09:09:19"
20240917 093338.159 INFO             PET1 ESMF library build location : /home/gerhard/ESMF-Nightly-Testing/gfortran_11.2.0_mpich_O_develop/esmf
20240917 093338.159 INFO             PET1 ESMF_COMM                   : mpich
20240917 093338.160 INFO             PET1 ESMF_MOAB                   : enabled
20240917 093338.160 INFO             PET1 ESMF_LAPACK                 : enabled
20240917 093338.160 INFO             PET1 ESMF_NETCDF                 : enabled
20240917 093338.160 INFO             PET1 ESMF_PNETCDF                : disabled
20240917 093338.160 INFO             PET1 ESMF_PIO                    : enabled
20240917 093338.160 INFO             PET1 ESMF_YAMLCPP                : enabled
20240917 093338.194 DEBUG            PET1 about to destroy Grid: 0x1a477a0
20240917 093338.198 DEBUG            PET1 about to destroy Grid: 0x1a49440
20240917 093338.216 INFO             PET1  NUMBER_OF_PROCESSORS           4
20240917 093338.216 INFO             PET1  PASS  Example ESMF_NUOPCAtmModelEx, ESMF_NUOPCAtmModelEx.F90, line 806
20240917 093338.216 INFO             PET1  Finalizing ESMF
20240917 093338.159 INFO             PET2 !!!!!!!!!!!!!!!!!!!!!!!!!!!!!!!!!!!!!!!!!!!!!!!!!!!!!!
20240917 093338.159 INFO             PET2 !!! THE ESMF_LOG IS SET TO OUTPUT ALL LOG MESSAGES !!!
20240917 093338.159 INFO             PET2 !!!     THIS MAY CAUSE SLOWDOWN IN PERFORMANCE     !!!
20240917 093338.159 INFO             PET2 !!! FOR PRODUCTION RUNS, USE:                      !!!
20240917 093338.159 INFO             PET2 !!!                   ESMF_LOGKIND_Multi_On_Error  !!!
20240917 093338.159 INFO             PET2 !!!!!!!!!!!!!!!!!!!!!!!!!!!!!!!!!!!!!!!!!!!!!!!!!!!!!!
20240917 093338.159 INFO             PET2 Running with ESMF Version   : v8.7.0b14-1-gaa7060ab1c
20240917 093338.159 INFO             PET2 ESMF library build date/time: "Sep 17 2024" "09:09:19"
20240917 093338.159 INFO             PET2 ESMF library build location : /home/gerhard/ESMF-Nightly-Testing/gfortran_11.2.0_mpich_O_develop/esmf
20240917 093338.159 INFO             PET2 ESMF_COMM                   : mpich
20240917 093338.159 INFO             PET2 ESMF_MOAB                   : enabled
20240917 093338.159 INFO             PET2 ESMF_LAPACK                 : enabled
20240917 093338.159 INFO             PET2 ESMF_NETCDF                 : enabled
20240917 093338.159 INFO             PET2 ESMF_PNETCDF                : disabled
20240917 093338.160 INFO             PET2 ESMF_PIO                    : enabled
20240917 093338.160 INFO             PET2 ESMF_YAMLCPP                : enabled
20240917 093338.194 DEBUG            PET2 about to destroy Grid: 0x1bb0e40
20240917 093338.198 DEBUG            PET2 about to destroy Grid: 0x1bb2ae0
20240917 093338.217 INFO             PET2  NUMBER_OF_PROCESSORS           4
20240917 093338.217 INFO             PET2  PASS  Example ESMF_NUOPCAtmModelEx, ESMF_NUOPCAtmModelEx.F90, line 806
20240917 093338.217 INFO             PET2  Finalizing ESMF
20240917 093338.159 INFO             PET3 !!!!!!!!!!!!!!!!!!!!!!!!!!!!!!!!!!!!!!!!!!!!!!!!!!!!!!
20240917 093338.159 INFO             PET3 !!! THE ESMF_LOG IS SET TO OUTPUT ALL LOG MESSAGES !!!
20240917 093338.159 INFO             PET3 !!!     THIS MAY CAUSE SLOWDOWN IN PERFORMANCE     !!!
20240917 093338.159 INFO             PET3 !!! FOR PRODUCTION RUNS, USE:                      !!!
20240917 093338.159 INFO             PET3 !!!                   ESMF_LOGKIND_Multi_On_Error  !!!
20240917 093338.159 INFO             PET3 !!!!!!!!!!!!!!!!!!!!!!!!!!!!!!!!!!!!!!!!!!!!!!!!!!!!!!
20240917 093338.159 INFO             PET3 Running with ESMF Version   : v8.7.0b14-1-gaa7060ab1c
20240917 093338.159 INFO             PET3 ESMF library build date/time: "Sep 17 2024" "09:09:19"
20240917 093338.159 INFO             PET3 ESMF library build location : /home/gerhard/ESMF-Nightly-Testing/gfortran_11.2.0_mpich_O_develop/esmf
20240917 093338.159 INFO             PET3 ESMF_COMM                   : mpich
20240917 093338.159 INFO             PET3 ESMF_MOAB                   : enabled
20240917 093338.159 INFO             PET3 ESMF_LAPACK                 : enabled
20240917 093338.159 INFO             PET3 ESMF_NETCDF                 : enabled
20240917 093338.159 INFO             PET3 ESMF_PNETCDF                : disabled
20240917 093338.160 INFO             PET3 ESMF_PIO                    : enabled
20240917 093338.160 INFO             PET3 ESMF_YAMLCPP                : enabled
20240917 093338.194 DEBUG            PET3 about to destroy Grid: 0x1b8ee40
20240917 093338.198 DEBUG            PET3 about to destroy Grid: 0x1b90ae0
20240917 093338.217 INFO             PET3  NUMBER_OF_PROCESSORS           4
20240917 093338.217 INFO             PET3  PASS  Example ESMF_NUOPCAtmModelEx, ESMF_NUOPCAtmModelEx.F90, line 806
20240917 093338.217 INFO             PET3  Finalizing ESMF
