2024-10-05 03:49:49
20241005 041810.580 INFO             PET0 !!!!!!!!!!!!!!!!!!!!!!!!!!!!!!!!!!!!!!!!!!!!!!!!!!!!!!
20241005 041810.580 INFO             PET0 !!! THE ESMF_LOG IS SET TO OUTPUT ALL LOG MESSAGES !!!
20241005 041810.580 INFO             PET0 !!!     THIS MAY CAUSE SLOWDOWN IN PERFORMANCE     !!!
20241005 041810.580 INFO             PET0 !!! FOR PRODUCTION RUNS, USE:                      !!!
20241005 041810.580 INFO             PET0 !!!                   ESMF_LOGKIND_Multi_On_Error  !!!
20241005 041810.580 INFO             PET0 !!!!!!!!!!!!!!!!!!!!!!!!!!!!!!!!!!!!!!!!!!!!!!!!!!!!!!
20241005 041810.580 INFO             PET0 Running with ESMF Version   : v8.7.0
20241005 041810.580 INFO             PET0 ESMF library build date/time: "Oct  5 2024" "03:48:38"
20241005 041810.580 INFO             PET0 ESMF library build location : /tmp/gfortran_12.2.0_mpiuni_g_v8.7.0/esmf
20241005 041810.580 INFO             PET0 ESMF_COMM                   : mpiuni
20241005 041810.580 INFO             PET0 ESMF_MOAB                   : enabled
20241005 041810.580 INFO             PET0 ESMF_LAPACK                 : enabled
20241005 041810.580 INFO             PET0 ESMF_NETCDF                 : enabled
20241005 041810.580 INFO             PET0 ESMF_PNETCDF                : disabled
20241005 041810.580 INFO             PET0 ESMF_PIO                    : enabled
20241005 041810.580 INFO             PET0 ESMF_YAMLCPP                : enabled
20241005 041810.653 DEBUG            PET0 about to destroy Grid: 0x4f3090
20241005 041810.672 DEBUG            PET0 about to destroy Grid: 0x4f4df0
20241005 041810.716 INFO             PET0  NUMBER_OF_PROCESSORS           1
20241005 041810.716 INFO             PET0  PASS  Example ESMF_NUOPCAtmModelEx, ESMF_NUOPCAtmModelEx.F90, line 806
20241005 041810.716 INFO             PET0  Finalizing ESMF
