2024-10-08 02:36:27
20241008 032432.324 INFO             PET0 !!!!!!!!!!!!!!!!!!!!!!!!!!!!!!!!!!!!!!!!!!!!!!!!!!!!!!
20241008 032432.324 INFO             PET0 !!! THE ESMF_LOG IS SET TO OUTPUT ALL LOG MESSAGES !!!
20241008 032432.324 INFO             PET0 !!!     THIS MAY CAUSE SLOWDOWN IN PERFORMANCE     !!!
20241008 032432.324 INFO             PET0 !!! FOR PRODUCTION RUNS, USE:                      !!!
20241008 032432.324 INFO             PET0 !!!                   ESMF_LOGKIND_Multi_On_Error  !!!
20241008 032432.324 INFO             PET0 !!!!!!!!!!!!!!!!!!!!!!!!!!!!!!!!!!!!!!!!!!!!!!!!!!!!!!
20241008 032432.324 INFO             PET0 Running with ESMF Version   : v8.7.0
20241008 032432.324 INFO             PET0 ESMF library build date/time: "Oct  8 2024" "02:33:43"
20241008 032432.324 INFO             PET0 ESMF library build location : /work/noaa/da/mpotts/sandbox/gfortran_12.2.0_mpiuni_g_v8.7.0/esmf
20241008 032432.324 INFO             PET0 ESMF_COMM                   : mpiuni
20241008 032432.325 INFO             PET0 ESMF_MOAB                   : enabled
20241008 032432.325 INFO             PET0 ESMF_LAPACK                 : enabled
20241008 032432.325 INFO             PET0 ESMF_NETCDF                 : disabled
20241008 032432.325 INFO             PET0 ESMF_PNETCDF                : disabled
20241008 032432.325 INFO             PET0 ESMF_PIO                    : disabled
20241008 032432.325 INFO             PET0 ESMF_YAMLCPP                : enabled
20241008 032432.325 INFO             PET0  NUMBER_OF_PROCESSORS           1
20241008 032432.325 INFO             PET0  PASS  Example ESMF_VMUserMpiCommMultiEx, ESMF_VMUserMpiCommMultiEx.F90, line 126
20241008 032432.325 INFO             PET0  Finalizing ESMF with endflag==ESMF_END_KEEPMPI
