2024-10-05 02:37:20
20241005 032533.269 INFO             PET0 !!!!!!!!!!!!!!!!!!!!!!!!!!!!!!!!!!!!!!!!!!!!!!!!!!!!!!
20241005 032533.269 INFO             PET0 !!! THE ESMF_LOG IS SET TO OUTPUT ALL LOG MESSAGES !!!
20241005 032533.269 INFO             PET0 !!!     THIS MAY CAUSE SLOWDOWN IN PERFORMANCE     !!!
20241005 032533.269 INFO             PET0 !!! FOR PRODUCTION RUNS, USE:                      !!!
20241005 032533.269 INFO             PET0 !!!                   ESMF_LOGKIND_Multi_On_Error  !!!
20241005 032533.269 INFO             PET0 !!!!!!!!!!!!!!!!!!!!!!!!!!!!!!!!!!!!!!!!!!!!!!!!!!!!!!
20241005 032533.269 INFO             PET0 Running with ESMF Version   : v8.7.0
20241005 032533.269 INFO             PET0 ESMF library build date/time: "Oct  5 2024" "02:34:49"
20241005 032533.269 INFO             PET0 ESMF library build location : /work/noaa/da/mpotts/sandbox/gfortran_12.2.0_mpiuni_g_v8.7.0/esmf
20241005 032533.269 INFO             PET0 ESMF_COMM                   : mpiuni
20241005 032533.271 INFO             PET0 ESMF_MOAB                   : enabled
20241005 032533.271 INFO             PET0 ESMF_LAPACK                 : enabled
20241005 032533.271 INFO             PET0 ESMF_NETCDF                 : disabled
20241005 032533.271 INFO             PET0 ESMF_PNETCDF                : disabled
20241005 032533.271 INFO             PET0 ESMF_PIO                    : disabled
20241005 032533.271 INFO             PET0 ESMF_YAMLCPP                : enabled
20241005 032533.271 INFO             PET0  NUMBER_OF_PROCESSORS           1
20241005 032533.271 INFO             PET0  PASS  Example ESMF_VMUserMpiEx, ESMF_VMUserMpiEx.F90, line 96
20241005 032533.271 INFO             PET0  Finalizing ESMF with endflag==ESMF_END_KEEPMPI
