2024-08-07 09:50:23
20240807 125236.178 INFO             PET0 !!!!!!!!!!!!!!!!!!!!!!!!!!!!!!!!!!!!!!!!!!!!!!!!!!!!!!
20240807 125236.178 INFO             PET0 !!! THE ESMF_LOG IS SET TO OUTPUT ALL LOG MESSAGES !!!
20240807 125236.178 INFO             PET0 !!!     THIS MAY CAUSE SLOWDOWN IN PERFORMANCE     !!!
20240807 125236.178 INFO             PET0 !!! FOR PRODUCTION RUNS, USE:                      !!!
20240807 125236.178 INFO             PET0 !!!                   ESMF_LOGKIND_Multi_On_Error  !!!
20240807 125236.178 INFO             PET0 !!!!!!!!!!!!!!!!!!!!!!!!!!!!!!!!!!!!!!!!!!!!!!!!!!!!!!
20240807 125236.178 INFO             PET0 Running with ESMF Version   : v8.7.0b11
20240807 125236.178 INFO             PET0 ESMF library build date/time: "Aug  7 2024" "09:46:16"
20240807 125236.178 INFO             PET0 ESMF library build location : /discover/nobackup/projects/sbu/mpotts/esmf-test/pgi_20.4_mpiuni_g_develop/esmf
20240807 125236.178 INFO             PET0 ESMF_COMM                   : mpiuni
20240807 125236.178 INFO             PET0 ESMF_MOAB                   : enabled
20240807 125236.178 INFO             PET0 ESMF_LAPACK                 : enabled
20240807 125236.178 INFO             PET0 ESMF_NETCDF                 : disabled
20240807 125236.178 INFO             PET0 ESMF_PNETCDF                : disabled
20240807 125236.178 INFO             PET0 ESMF_PIO                    : disabled
20240807 125236.178 INFO             PET0 ESMF_YAMLCPP                : enabled
20240807 125236.178 INFO             PET0  NUMBER_OF_PROCESSORS            1
20240807 125236.178 INFO             PET0  PASS  Example ESMF_VMUserMpiEx, ESMF_VMUserMpiEx.F90, line 96
20240807 125236.178 INFO             PET0  Finalizing ESMF with endflag==ESMF_END_KEEPMPI
