2024-10-06 02:04:32
20241006 030306.615 INFO             PET0 !!!!!!!!!!!!!!!!!!!!!!!!!!!!!!!!!!!!!!!!!!!!!!!!!!!!!!
20241006 030306.615 INFO             PET0 !!! THE ESMF_LOG IS SET TO OUTPUT ALL LOG MESSAGES !!!
20241006 030306.615 INFO             PET0 !!!     THIS MAY CAUSE SLOWDOWN IN PERFORMANCE     !!!
20241006 030306.615 INFO             PET0 !!! FOR PRODUCTION RUNS, USE:                      !!!
20241006 030306.615 INFO             PET0 !!!                   ESMF_LOGKIND_Multi_On_Error  !!!
20241006 030306.615 INFO             PET0 !!!!!!!!!!!!!!!!!!!!!!!!!!!!!!!!!!!!!!!!!!!!!!!!!!!!!!
20241006 030306.615 INFO             PET0 Running with ESMF Version   : v8.7.0
20241006 030306.615 INFO             PET0 ESMF library build date/time: "Oct  6 2024" "02:01:33"
20241006 030306.615 INFO             PET0 ESMF library build location : /glade/derecho/scratch/sacks/esmf-testing/intel_2023.2.1_mpi_g_v8.7.0/esmf
20241006 030306.615 INFO             PET0 ESMF_COMM                   : mpi
20241006 030306.617 INFO             PET0 ESMF_MOAB                   : enabled
20241006 030306.617 INFO             PET0 ESMF_LAPACK                 : enabled
20241006 030306.617 INFO             PET0 ESMF_NETCDF                 : enabled
20241006 030306.617 INFO             PET0 ESMF_PNETCDF                : disabled
20241006 030306.617 INFO             PET0 ESMF_PIO                    : enabled
20241006 030306.617 INFO             PET0 ESMF_YAMLCPP                : enabled
20241006 030306.624 INFO             PET0 =============================================
20241006 030306.624 INFO             PET0 ESMX (Earth System Model eXecutable) STARTING
20241006 030306.624 INFO             PET0 =============================================
20241006 030306.635 INFO             PET0 =============================================
20241006 030306.635 INFO             PET0 ESMX (Earth System Model eXecutable) FINISHED
20241006 030306.635 INFO             PET0 =============================================
20241006 030306.635 INFO             PET0  Finalizing ESMF
20241006 030306.618 INFO             PET1 !!!!!!!!!!!!!!!!!!!!!!!!!!!!!!!!!!!!!!!!!!!!!!!!!!!!!!
20241006 030306.618 INFO             PET1 !!! THE ESMF_LOG IS SET TO OUTPUT ALL LOG MESSAGES !!!
20241006 030306.618 INFO             PET1 !!!     THIS MAY CAUSE SLOWDOWN IN PERFORMANCE     !!!
20241006 030306.618 INFO             PET1 !!! FOR PRODUCTION RUNS, USE:                      !!!
20241006 030306.618 INFO             PET1 !!!                   ESMF_LOGKIND_Multi_On_Error  !!!
20241006 030306.618 INFO             PET1 !!!!!!!!!!!!!!!!!!!!!!!!!!!!!!!!!!!!!!!!!!!!!!!!!!!!!!
20241006 030306.618 INFO             PET1 Running with ESMF Version   : v8.7.0
20241006 030306.618 INFO             PET1 ESMF library build date/time: "Oct  6 2024" "02:01:33"
20241006 030306.618 INFO             PET1 ESMF library build location : /glade/derecho/scratch/sacks/esmf-testing/intel_2023.2.1_mpi_g_v8.7.0/esmf
20241006 030306.618 INFO             PET1 ESMF_COMM                   : mpi
20241006 030306.622 INFO             PET1 ESMF_MOAB                   : enabled
20241006 030306.622 INFO             PET1 ESMF_LAPACK                 : enabled
20241006 030306.622 INFO             PET1 ESMF_NETCDF                 : enabled
20241006 030306.622 INFO             PET1 ESMF_PNETCDF                : disabled
20241006 030306.622 INFO             PET1 ESMF_PIO                    : enabled
20241006 030306.622 INFO             PET1 ESMF_YAMLCPP                : enabled
20241006 030306.624 INFO             PET1 =============================================
20241006 030306.624 INFO             PET1 ESMX (Earth System Model eXecutable) STARTING
20241006 030306.624 INFO             PET1 =============================================
20241006 030306.635 INFO             PET1 =============================================
20241006 030306.635 INFO             PET1 ESMX (Earth System Model eXecutable) FINISHED
20241006 030306.635 INFO             PET1 =============================================
20241006 030306.635 INFO             PET1  Finalizing ESMF
20241006 030306.615 INFO             PET2 !!!!!!!!!!!!!!!!!!!!!!!!!!!!!!!!!!!!!!!!!!!!!!!!!!!!!!
20241006 030306.615 INFO             PET2 !!! THE ESMF_LOG IS SET TO OUTPUT ALL LOG MESSAGES !!!
20241006 030306.615 INFO             PET2 !!!     THIS MAY CAUSE SLOWDOWN IN PERFORMANCE     !!!
20241006 030306.615 INFO             PET2 !!! FOR PRODUCTION RUNS, USE:                      !!!
20241006 030306.615 INFO             PET2 !!!                   ESMF_LOGKIND_Multi_On_Error  !!!
20241006 030306.615 INFO             PET2 !!!!!!!!!!!!!!!!!!!!!!!!!!!!!!!!!!!!!!!!!!!!!!!!!!!!!!
20241006 030306.615 INFO             PET2 Running with ESMF Version   : v8.7.0
20241006 030306.615 INFO             PET2 ESMF library build date/time: "Oct  6 2024" "02:01:33"
20241006 030306.615 INFO             PET2 ESMF library build location : /glade/derecho/scratch/sacks/esmf-testing/intel_2023.2.1_mpi_g_v8.7.0/esmf
20241006 030306.615 INFO             PET2 ESMF_COMM                   : mpi
20241006 030306.622 INFO             PET2 ESMF_MOAB                   : enabled
20241006 030306.622 INFO             PET2 ESMF_LAPACK                 : enabled
20241006 030306.622 INFO             PET2 ESMF_NETCDF                 : enabled
20241006 030306.622 INFO             PET2 ESMF_PNETCDF                : disabled
20241006 030306.622 INFO             PET2 ESMF_PIO                    : enabled
20241006 030306.622 INFO             PET2 ESMF_YAMLCPP                : enabled
20241006 030306.624 INFO             PET2 =============================================
20241006 030306.624 INFO             PET2 ESMX (Earth System Model eXecutable) STARTING
20241006 030306.624 INFO             PET2 =============================================
20241006 030306.635 INFO             PET2 =============================================
20241006 030306.635 INFO             PET2 ESMX (Earth System Model eXecutable) FINISHED
20241006 030306.635 INFO             PET2 =============================================
20241006 030306.635 INFO             PET2  Finalizing ESMF
20241006 030306.615 INFO             PET3 !!!!!!!!!!!!!!!!!!!!!!!!!!!!!!!!!!!!!!!!!!!!!!!!!!!!!!
20241006 030306.615 INFO             PET3 !!! THE ESMF_LOG IS SET TO OUTPUT ALL LOG MESSAGES !!!
20241006 030306.615 INFO             PET3 !!!     THIS MAY CAUSE SLOWDOWN IN PERFORMANCE     !!!
20241006 030306.615 INFO             PET3 !!! FOR PRODUCTION RUNS, USE:                      !!!
20241006 030306.615 INFO             PET3 !!!                   ESMF_LOGKIND_Multi_On_Error  !!!
20241006 030306.615 INFO             PET3 !!!!!!!!!!!!!!!!!!!!!!!!!!!!!!!!!!!!!!!!!!!!!!!!!!!!!!
20241006 030306.615 INFO             PET3 Running with ESMF Version   : v8.7.0
20241006 030306.615 INFO             PET3 ESMF library build date/time: "Oct  6 2024" "02:01:33"
20241006 030306.615 INFO             PET3 ESMF library build location : /glade/derecho/scratch/sacks/esmf-testing/intel_2023.2.1_mpi_g_v8.7.0/esmf
20241006 030306.615 INFO             PET3 ESMF_COMM                   : mpi
20241006 030306.619 INFO             PET3 ESMF_MOAB                   : enabled
20241006 030306.619 INFO             PET3 ESMF_LAPACK                 : enabled
20241006 030306.619 INFO             PET3 ESMF_NETCDF                 : enabled
20241006 030306.619 INFO             PET3 ESMF_PNETCDF                : disabled
20241006 030306.619 INFO             PET3 ESMF_PIO                    : enabled
20241006 030306.619 INFO             PET3 ESMF_YAMLCPP                : enabled
20241006 030306.624 INFO             PET3 =============================================
20241006 030306.624 INFO             PET3 ESMX (Earth System Model eXecutable) STARTING
20241006 030306.624 INFO             PET3 =============================================
20241006 030306.635 INFO             PET3 =============================================
20241006 030306.635 INFO             PET3 ESMX (Earth System Model eXecutable) FINISHED
20241006 030306.635 INFO             PET3 =============================================
20241006 030306.635 INFO             PET3  Finalizing ESMF
