2024-08-10 07:34:35
20240810 081105.061 INFO             PET0 !!!!!!!!!!!!!!!!!!!!!!!!!!!!!!!!!!!!!!!!!!!!!!!!!!!!!!
20240810 081105.061 INFO             PET0 !!! THE ESMF_LOG IS SET TO OUTPUT ALL LOG MESSAGES !!!
20240810 081105.061 INFO             PET0 !!!     THIS MAY CAUSE SLOWDOWN IN PERFORMANCE     !!!
20240810 081105.061 INFO             PET0 !!! FOR PRODUCTION RUNS, USE:                      !!!
20240810 081105.061 INFO             PET0 !!!                   ESMF_LOGKIND_Multi_On_Error  !!!
20240810 081105.061 INFO             PET0 !!!!!!!!!!!!!!!!!!!!!!!!!!!!!!!!!!!!!!!!!!!!!!!!!!!!!!
20240810 081105.061 INFO             PET0 Running with ESMF Version   : v8.7.0b11
20240810 081105.061 INFO             PET0 ESMF library build date/time: "Aug 10 2024" "07:31:56"
20240810 081105.061 INFO             PET0 ESMF library build location : /scratch2/NCEPDEV/stmp1/Gerhard.Theurich/ESMF-Nightly-Testing/intel_2023.2.0-oneAPI_intelmpi_g_develop/esmf
20240810 081105.061 INFO             PET0 ESMF_COMM                   : intelmpi
20240810 081105.062 INFO             PET0 ESMF_MOAB                   : enabled
20240810 081105.062 INFO             PET0 ESMF_LAPACK                 : enabled
20240810 081105.062 INFO             PET0 ESMF_NETCDF                 : enabled
20240810 081105.062 INFO             PET0 ESMF_PNETCDF                : disabled
20240810 081105.062 INFO             PET0 ESMF_PIO                    : enabled
20240810 081105.062 INFO             PET0 ESMF_YAMLCPP                : enabled
20240810 081105.062 INFO             PET0 ESMF Tracing Enabled
20240810 081105.062 INFO             PET0 ESMF Profiling Enabled
20240810 081105.062 INFO             PET0 ESMF Trace/Profile clock: REALTIME
20240810 081105.264 INFO             PET0  NUMBER_OF_PROCESSORS           4
20240810 081105.264 INFO             PET0  PASS  Example ESMF_TraceEx, ESMF_TraceEx.F90, line 178
20240810 081105.264 INFO             PET0  Finalizing ESMF
20240810 081105.264 INFO             PET0 **************** Region Timings *******************
20240810 081105.264 INFO             PET0 Region              Count  Total (s)   Self (s)    Mean (s)    Min (s)     Max (s)
20240810 081105.264 INFO             PET0   [ESMF]            1      0.1993      0.1992      0.1993      0.1993      0.1993
20240810 081105.264 INFO             PET0     [test] Init 1   1      0.0000      0.0000      0.0000      0.0000      0.0000
20240810 081105.264 INFO             PET0     [test] Run 1    5      0.0000      0.0000      0.0000      0.0000      0.0000
20240810 081105.264 INFO             PET0     [test] Final 1  1      0.0000      0.0000      0.0000      0.0000      0.0000
20240810 081105.061 INFO             PET1 !!!!!!!!!!!!!!!!!!!!!!!!!!!!!!!!!!!!!!!!!!!!!!!!!!!!!!
20240810 081105.062 INFO             PET1 !!! THE ESMF_LOG IS SET TO OUTPUT ALL LOG MESSAGES !!!
20240810 081105.062 INFO             PET1 !!!     THIS MAY CAUSE SLOWDOWN IN PERFORMANCE     !!!
20240810 081105.062 INFO             PET1 !!! FOR PRODUCTION RUNS, USE:                      !!!
20240810 081105.062 INFO             PET1 !!!                   ESMF_LOGKIND_Multi_On_Error  !!!
20240810 081105.062 INFO             PET1 !!!!!!!!!!!!!!!!!!!!!!!!!!!!!!!!!!!!!!!!!!!!!!!!!!!!!!
20240810 081105.062 INFO             PET1 Running with ESMF Version   : v8.7.0b11
20240810 081105.062 INFO             PET1 ESMF library build date/time: "Aug 10 2024" "07:31:56"
20240810 081105.062 INFO             PET1 ESMF library build location : /scratch2/NCEPDEV/stmp1/Gerhard.Theurich/ESMF-Nightly-Testing/intel_2023.2.0-oneAPI_intelmpi_g_develop/esmf
20240810 081105.062 INFO             PET1 ESMF_COMM                   : intelmpi
20240810 081105.062 INFO             PET1 ESMF_MOAB                   : enabled
20240810 081105.062 INFO             PET1 ESMF_LAPACK                 : enabled
20240810 081105.062 INFO             PET1 ESMF_NETCDF                 : enabled
20240810 081105.062 INFO             PET1 ESMF_PNETCDF                : disabled
20240810 081105.062 INFO             PET1 ESMF_PIO                    : enabled
20240810 081105.062 INFO             PET1 ESMF_YAMLCPP                : enabled
20240810 081105.062 INFO             PET1 ESMF Tracing Enabled
20240810 081105.063 INFO             PET1 ESMF Profiling Enabled
20240810 081105.063 INFO             PET1 ESMF Trace/Profile clock: REALTIME
20240810 081105.264 INFO             PET1  NUMBER_OF_PROCESSORS           4
20240810 081105.264 INFO             PET1  PASS  Example ESMF_TraceEx, ESMF_TraceEx.F90, line 178
20240810 081105.264 INFO             PET1  Finalizing ESMF
20240810 081105.264 INFO             PET1 **************** Region Timings *******************
20240810 081105.264 INFO             PET1 Region              Count  Total (s)   Self (s)    Mean (s)    Min (s)     Max (s)
20240810 081105.264 INFO             PET1   [ESMF]            1      0.2001      0.1999      0.2001      0.2001      0.2001
20240810 081105.264 INFO             PET1     [test] Init 1   1      0.0002      0.0002      0.0002      0.0002      0.0002
20240810 081105.264 INFO             PET1     [test] Run 1    5      0.0001      0.0001      0.0000      0.0000      0.0000
20240810 081105.264 INFO             PET1     [test] Final 1  1      0.0000      0.0000      0.0000      0.0000      0.0000
20240810 081105.061 INFO             PET2 !!!!!!!!!!!!!!!!!!!!!!!!!!!!!!!!!!!!!!!!!!!!!!!!!!!!!!
20240810 081105.061 INFO             PET2 !!! THE ESMF_LOG IS SET TO OUTPUT ALL LOG MESSAGES !!!
20240810 081105.061 INFO             PET2 !!!     THIS MAY CAUSE SLOWDOWN IN PERFORMANCE     !!!
20240810 081105.061 INFO             PET2 !!! FOR PRODUCTION RUNS, USE:                      !!!
20240810 081105.061 INFO             PET2 !!!                   ESMF_LOGKIND_Multi_On_Error  !!!
20240810 081105.061 INFO             PET2 !!!!!!!!!!!!!!!!!!!!!!!!!!!!!!!!!!!!!!!!!!!!!!!!!!!!!!
20240810 081105.061 INFO             PET2 Running with ESMF Version   : v8.7.0b11
20240810 081105.061 INFO             PET2 ESMF library build date/time: "Aug 10 2024" "07:31:56"
20240810 081105.061 INFO             PET2 ESMF library build location : /scratch2/NCEPDEV/stmp1/Gerhard.Theurich/ESMF-Nightly-Testing/intel_2023.2.0-oneAPI_intelmpi_g_develop/esmf
20240810 081105.061 INFO             PET2 ESMF_COMM                   : intelmpi
20240810 081105.062 INFO             PET2 ESMF_MOAB                   : enabled
20240810 081105.062 INFO             PET2 ESMF_LAPACK                 : enabled
20240810 081105.062 INFO             PET2 ESMF_NETCDF                 : enabled
20240810 081105.062 INFO             PET2 ESMF_PNETCDF                : disabled
20240810 081105.062 INFO             PET2 ESMF_PIO                    : enabled
20240810 081105.062 INFO             PET2 ESMF_YAMLCPP                : enabled
20240810 081105.062 INFO             PET2 ESMF Tracing Enabled
20240810 081105.062 INFO             PET2 ESMF Profiling Enabled
20240810 081105.062 INFO             PET2 ESMF Trace/Profile clock: REALTIME
20240810 081105.264 INFO             PET2  NUMBER_OF_PROCESSORS           4
20240810 081105.264 INFO             PET2  PASS  Example ESMF_TraceEx, ESMF_TraceEx.F90, line 178
20240810 081105.264 INFO             PET2  Finalizing ESMF
20240810 081105.264 INFO             PET2 **************** Region Timings *******************
20240810 081105.264 INFO             PET2 Region              Count  Total (s)   Self (s)    Mean (s)    Min (s)     Max (s)
20240810 081105.264 INFO             PET2   [ESMF]            1      0.1999      0.1997      0.1999      0.1999      0.1999
20240810 081105.264 INFO             PET2     [test] Init 1   1      0.0001      0.0001      0.0001      0.0001      0.0001
20240810 081105.264 INFO             PET2     [test] Run 1    5      0.0000      0.0000      0.0000      0.0000      0.0000
20240810 081105.264 INFO             PET2     [test] Final 1  1      0.0000      0.0000      0.0000      0.0000      0.0000
20240810 081105.061 INFO             PET3 !!!!!!!!!!!!!!!!!!!!!!!!!!!!!!!!!!!!!!!!!!!!!!!!!!!!!!
20240810 081105.061 INFO             PET3 !!! THE ESMF_LOG IS SET TO OUTPUT ALL LOG MESSAGES !!!
20240810 081105.061 INFO             PET3 !!!     THIS MAY CAUSE SLOWDOWN IN PERFORMANCE     !!!
20240810 081105.061 INFO             PET3 !!! FOR PRODUCTION RUNS, USE:                      !!!
20240810 081105.061 INFO             PET3 !!!                   ESMF_LOGKIND_Multi_On_Error  !!!
20240810 081105.061 INFO             PET3 !!!!!!!!!!!!!!!!!!!!!!!!!!!!!!!!!!!!!!!!!!!!!!!!!!!!!!
20240810 081105.061 INFO             PET3 Running with ESMF Version   : v8.7.0b11
20240810 081105.061 INFO             PET3 ESMF library build date/time: "Aug 10 2024" "07:31:56"
20240810 081105.061 INFO             PET3 ESMF library build location : /scratch2/NCEPDEV/stmp1/Gerhard.Theurich/ESMF-Nightly-Testing/intel_2023.2.0-oneAPI_intelmpi_g_develop/esmf
20240810 081105.061 INFO             PET3 ESMF_COMM                   : intelmpi
20240810 081105.062 INFO             PET3 ESMF_MOAB                   : enabled
20240810 081105.062 INFO             PET3 ESMF_LAPACK                 : enabled
20240810 081105.062 INFO             PET3 ESMF_NETCDF                 : enabled
20240810 081105.062 INFO             PET3 ESMF_PNETCDF                : disabled
20240810 081105.062 INFO             PET3 ESMF_PIO                    : enabled
20240810 081105.062 INFO             PET3 ESMF_YAMLCPP                : enabled
20240810 081105.062 INFO             PET3 ESMF Tracing Enabled
20240810 081105.062 INFO             PET3 ESMF Profiling Enabled
20240810 081105.062 INFO             PET3 ESMF Trace/Profile clock: REALTIME
20240810 081105.264 INFO             PET3  NUMBER_OF_PROCESSORS           4
20240810 081105.264 INFO             PET3  PASS  Example ESMF_TraceEx, ESMF_TraceEx.F90, line 178
20240810 081105.264 INFO             PET3  Finalizing ESMF
20240810 081105.264 INFO             PET3 **************** Region Timings *******************
20240810 081105.264 INFO             PET3 Region              Count  Total (s)   Self (s)    Mean (s)    Min (s)     Max (s)
20240810 081105.264 INFO             PET3   [ESMF]            1      0.2007      0.2005      0.2007      0.2007      0.2007
20240810 081105.264 INFO             PET3     [test] Init 1   1      0.0002      0.0002      0.0002      0.0002      0.0002
20240810 081105.264 INFO             PET3     [test] Run 1    5      0.0000      0.0000      0.0000      0.0000      0.0000
20240810 081105.264 INFO             PET3     [test] Final 1  1      0.0000      0.0000      0.0000      0.0000      0.0000
