2024-08-23 07:31:42
20240823 081516.145 INFO             PET0 !!!!!!!!!!!!!!!!!!!!!!!!!!!!!!!!!!!!!!!!!!!!!!!!!!!!!!
20240823 081516.145 INFO             PET0 !!! THE ESMF_LOG IS SET TO OUTPUT ALL LOG MESSAGES !!!
20240823 081516.145 INFO             PET0 !!!     THIS MAY CAUSE SLOWDOWN IN PERFORMANCE     !!!
20240823 081516.145 INFO             PET0 !!! FOR PRODUCTION RUNS, USE:                      !!!
20240823 081516.145 INFO             PET0 !!!                   ESMF_LOGKIND_Multi_On_Error  !!!
20240823 081516.145 INFO             PET0 !!!!!!!!!!!!!!!!!!!!!!!!!!!!!!!!!!!!!!!!!!!!!!!!!!!!!!
20240823 081516.145 INFO             PET0 Running with ESMF Version   : v8.7.0b11-5-gfda68a9ac3
20240823 081516.145 INFO             PET0 ESMF library build date/time: "Aug 23 2024" "07:28:50"
20240823 081516.145 INFO             PET0 ESMF library build location : /scratch2/NCEPDEV/stmp1/Gerhard.Theurich/ESMF-Nightly-Testing/intel_2023.2.0-oneAPI_intelmpi_g_develop/esmf
20240823 081516.145 INFO             PET0 ESMF_COMM                   : intelmpi
20240823 081516.146 INFO             PET0 ESMF_MOAB                   : enabled
20240823 081516.146 INFO             PET0 ESMF_LAPACK                 : enabled
20240823 081516.146 INFO             PET0 ESMF_NETCDF                 : enabled
20240823 081516.146 INFO             PET0 ESMF_PNETCDF                : disabled
20240823 081516.146 INFO             PET0 ESMF_PIO                    : enabled
20240823 081516.146 INFO             PET0 ESMF_YAMLCPP                : enabled
20240823 081516.148 INFO             PET0 ESMF_FieldRedistStoreNF(): Just entered routine.
20240823 081516.150 INFO             PET0 ESMF_FieldRedistStoreNF(): Leaving routine.
20240823 081516.154 INFO             PET0 ESMF_FieldRedistStoreNF(): Just entered routine.
20240823 081516.155 INFO             PET0 ESMF_FieldRedistStoreNF(): Leaving routine.
20240823 081516.155 INFO             PET0 ESMF_FieldRedistStoreNF(): Just entered routine.
20240823 081516.156 INFO             PET0 ESMF_FieldRedistStoreNF(): Leaving routine.
20240823 081516.156 INFO             PET0  NUMBER_OF_PROCESSORS           4
20240823 081516.156 INFO             PET0  PASS  Example ESMF_FieldRedistEx, ESMF_FieldRedistEx.F90, line 521
20240823 081516.156 INFO             PET0  Finalizing ESMF
20240823 081516.145 INFO             PET1 !!!!!!!!!!!!!!!!!!!!!!!!!!!!!!!!!!!!!!!!!!!!!!!!!!!!!!
20240823 081516.145 INFO             PET1 !!! THE ESMF_LOG IS SET TO OUTPUT ALL LOG MESSAGES !!!
20240823 081516.145 INFO             PET1 !!!     THIS MAY CAUSE SLOWDOWN IN PERFORMANCE     !!!
20240823 081516.145 INFO             PET1 !!! FOR PRODUCTION RUNS, USE:                      !!!
20240823 081516.145 INFO             PET1 !!!                   ESMF_LOGKIND_Multi_On_Error  !!!
20240823 081516.145 INFO             PET1 !!!!!!!!!!!!!!!!!!!!!!!!!!!!!!!!!!!!!!!!!!!!!!!!!!!!!!
20240823 081516.145 INFO             PET1 Running with ESMF Version   : v8.7.0b11-5-gfda68a9ac3
20240823 081516.145 INFO             PET1 ESMF library build date/time: "Aug 23 2024" "07:28:50"
20240823 081516.145 INFO             PET1 ESMF library build location : /scratch2/NCEPDEV/stmp1/Gerhard.Theurich/ESMF-Nightly-Testing/intel_2023.2.0-oneAPI_intelmpi_g_develop/esmf
20240823 081516.145 INFO             PET1 ESMF_COMM                   : intelmpi
20240823 081516.146 INFO             PET1 ESMF_MOAB                   : enabled
20240823 081516.146 INFO             PET1 ESMF_LAPACK                 : enabled
20240823 081516.146 INFO             PET1 ESMF_NETCDF                 : enabled
20240823 081516.146 INFO             PET1 ESMF_PNETCDF                : disabled
20240823 081516.146 INFO             PET1 ESMF_PIO                    : enabled
20240823 081516.146 INFO             PET1 ESMF_YAMLCPP                : enabled
20240823 081516.148 INFO             PET1 ESMF_FieldRedistStoreNF(): Just entered routine.
20240823 081516.150 INFO             PET1 ESMF_FieldRedistStoreNF(): Leaving routine.
20240823 081516.154 INFO             PET1 ESMF_FieldRedistStoreNF(): Just entered routine.
20240823 081516.155 INFO             PET1 ESMF_FieldRedistStoreNF(): Leaving routine.
20240823 081516.155 INFO             PET1 ESMF_FieldRedistStoreNF(): Just entered routine.
20240823 081516.156 INFO             PET1 ESMF_FieldRedistStoreNF(): Leaving routine.
20240823 081516.156 INFO             PET1  NUMBER_OF_PROCESSORS           4
20240823 081516.156 INFO             PET1  PASS  Example ESMF_FieldRedistEx, ESMF_FieldRedistEx.F90, line 521
20240823 081516.156 INFO             PET1  Finalizing ESMF
20240823 081516.145 INFO             PET2 !!!!!!!!!!!!!!!!!!!!!!!!!!!!!!!!!!!!!!!!!!!!!!!!!!!!!!
20240823 081516.145 INFO             PET2 !!! THE ESMF_LOG IS SET TO OUTPUT ALL LOG MESSAGES !!!
20240823 081516.145 INFO             PET2 !!!     THIS MAY CAUSE SLOWDOWN IN PERFORMANCE     !!!
20240823 081516.145 INFO             PET2 !!! FOR PRODUCTION RUNS, USE:                      !!!
20240823 081516.145 INFO             PET2 !!!                   ESMF_LOGKIND_Multi_On_Error  !!!
20240823 081516.145 INFO             PET2 !!!!!!!!!!!!!!!!!!!!!!!!!!!!!!!!!!!!!!!!!!!!!!!!!!!!!!
20240823 081516.145 INFO             PET2 Running with ESMF Version   : v8.7.0b11-5-gfda68a9ac3
20240823 081516.145 INFO             PET2 ESMF library build date/time: "Aug 23 2024" "07:28:50"
20240823 081516.145 INFO             PET2 ESMF library build location : /scratch2/NCEPDEV/stmp1/Gerhard.Theurich/ESMF-Nightly-Testing/intel_2023.2.0-oneAPI_intelmpi_g_develop/esmf
20240823 081516.145 INFO             PET2 ESMF_COMM                   : intelmpi
20240823 081516.146 INFO             PET2 ESMF_MOAB                   : enabled
20240823 081516.146 INFO             PET2 ESMF_LAPACK                 : enabled
20240823 081516.146 INFO             PET2 ESMF_NETCDF                 : enabled
20240823 081516.146 INFO             PET2 ESMF_PNETCDF                : disabled
20240823 081516.146 INFO             PET2 ESMF_PIO                    : enabled
20240823 081516.146 INFO             PET2 ESMF_YAMLCPP                : enabled
20240823 081516.148 INFO             PET2 ESMF_FieldRedistStoreNF(): Just entered routine.
20240823 081516.150 INFO             PET2 ESMF_FieldRedistStoreNF(): Leaving routine.
20240823 081516.154 INFO             PET2 ESMF_FieldRedistStoreNF(): Just entered routine.
20240823 081516.155 INFO             PET2 ESMF_FieldRedistStoreNF(): Leaving routine.
20240823 081516.155 INFO             PET2 ESMF_FieldRedistStoreNF(): Just entered routine.
20240823 081516.156 INFO             PET2 ESMF_FieldRedistStoreNF(): Leaving routine.
20240823 081516.156 INFO             PET2  NUMBER_OF_PROCESSORS           4
20240823 081516.156 INFO             PET2  PASS  Example ESMF_FieldRedistEx, ESMF_FieldRedistEx.F90, line 521
20240823 081516.156 INFO             PET2  Finalizing ESMF
20240823 081516.145 INFO             PET3 !!!!!!!!!!!!!!!!!!!!!!!!!!!!!!!!!!!!!!!!!!!!!!!!!!!!!!
20240823 081516.145 INFO             PET3 !!! THE ESMF_LOG IS SET TO OUTPUT ALL LOG MESSAGES !!!
20240823 081516.145 INFO             PET3 !!!     THIS MAY CAUSE SLOWDOWN IN PERFORMANCE     !!!
20240823 081516.145 INFO             PET3 !!! FOR PRODUCTION RUNS, USE:                      !!!
20240823 081516.145 INFO             PET3 !!!                   ESMF_LOGKIND_Multi_On_Error  !!!
20240823 081516.145 INFO             PET3 !!!!!!!!!!!!!!!!!!!!!!!!!!!!!!!!!!!!!!!!!!!!!!!!!!!!!!
20240823 081516.145 INFO             PET3 Running with ESMF Version   : v8.7.0b11-5-gfda68a9ac3
20240823 081516.145 INFO             PET3 ESMF library build date/time: "Aug 23 2024" "07:28:50"
20240823 081516.145 INFO             PET3 ESMF library build location : /scratch2/NCEPDEV/stmp1/Gerhard.Theurich/ESMF-Nightly-Testing/intel_2023.2.0-oneAPI_intelmpi_g_develop/esmf
20240823 081516.145 INFO             PET3 ESMF_COMM                   : intelmpi
20240823 081516.145 INFO             PET3 ESMF_MOAB                   : enabled
20240823 081516.145 INFO             PET3 ESMF_LAPACK                 : enabled
20240823 081516.145 INFO             PET3 ESMF_NETCDF                 : enabled
20240823 081516.145 INFO             PET3 ESMF_PNETCDF                : disabled
20240823 081516.145 INFO             PET3 ESMF_PIO                    : enabled
20240823 081516.145 INFO             PET3 ESMF_YAMLCPP                : enabled
20240823 081516.148 INFO             PET3 ESMF_FieldRedistStoreNF(): Just entered routine.
20240823 081516.150 INFO             PET3 ESMF_FieldRedistStoreNF(): Leaving routine.
20240823 081516.154 INFO             PET3 ESMF_FieldRedistStoreNF(): Just entered routine.
20240823 081516.155 INFO             PET3 ESMF_FieldRedistStoreNF(): Leaving routine.
20240823 081516.155 INFO             PET3 ESMF_FieldRedistStoreNF(): Just entered routine.
20240823 081516.156 INFO             PET3 ESMF_FieldRedistStoreNF(): Leaving routine.
20240823 081516.156 INFO             PET3  NUMBER_OF_PROCESSORS           4
20240823 081516.156 INFO             PET3  PASS  Example ESMF_FieldRedistEx, ESMF_FieldRedistEx.F90, line 521
20240823 081516.156 INFO             PET3  Finalizing ESMF
