2024-08-10 07:34:35
20240810 081127.553 INFO             PET0 !!!!!!!!!!!!!!!!!!!!!!!!!!!!!!!!!!!!!!!!!!!!!!!!!!!!!!
20240810 081127.553 INFO             PET0 !!! THE ESMF_LOG IS SET TO OUTPUT ALL LOG MESSAGES !!!
20240810 081127.553 INFO             PET0 !!!     THIS MAY CAUSE SLOWDOWN IN PERFORMANCE     !!!
20240810 081127.553 INFO             PET0 !!! FOR PRODUCTION RUNS, USE:                      !!!
20240810 081127.553 INFO             PET0 !!!                   ESMF_LOGKIND_Multi_On_Error  !!!
20240810 081127.553 INFO             PET0 !!!!!!!!!!!!!!!!!!!!!!!!!!!!!!!!!!!!!!!!!!!!!!!!!!!!!!
20240810 081127.553 INFO             PET0 Running with ESMF Version   : v8.7.0b11
20240810 081127.553 INFO             PET0 ESMF library build date/time: "Aug 10 2024" "07:31:56"
20240810 081127.553 INFO             PET0 ESMF library build location : /scratch2/NCEPDEV/stmp1/Gerhard.Theurich/ESMF-Nightly-Testing/intel_2023.2.0-oneAPI_intelmpi_g_develop/esmf
20240810 081127.553 INFO             PET0 ESMF_COMM                   : intelmpi
20240810 081127.554 INFO             PET0 ESMF_MOAB                   : enabled
20240810 081127.554 INFO             PET0 ESMF_LAPACK                 : enabled
20240810 081127.554 INFO             PET0 ESMF_NETCDF                 : enabled
20240810 081127.554 INFO             PET0 ESMF_PNETCDF                : disabled
20240810 081127.554 INFO             PET0 ESMF_PIO                    : enabled
20240810 081127.554 INFO             PET0 ESMF_YAMLCPP                : enabled
20240810 081127.555 INFO             PET0  NUMBER_OF_PROCESSORS           1
20240810 081127.555 INFO             PET0  PASS  Example ESMF_ClockEx, ESMF_ClockEx.F90, line 220
20240810 081127.555 INFO             PET0  Finalizing ESMF
