2024-09-30 04:09:40
20240930 044129.593 INFO             PET0 !!!!!!!!!!!!!!!!!!!!!!!!!!!!!!!!!!!!!!!!!!!!!!!!!!!!!!
20240930 044129.594 INFO             PET0 !!! THE ESMF_LOG IS SET TO OUTPUT ALL LOG MESSAGES !!!
20240930 044129.594 INFO             PET0 !!!     THIS MAY CAUSE SLOWDOWN IN PERFORMANCE     !!!
20240930 044129.594 INFO             PET0 !!! FOR PRODUCTION RUNS, USE:                      !!!
20240930 044129.594 INFO             PET0 !!!                   ESMF_LOGKIND_Multi_On_Error  !!!
20240930 044129.594 INFO             PET0 !!!!!!!!!!!!!!!!!!!!!!!!!!!!!!!!!!!!!!!!!!!!!!!!!!!!!!
20240930 044129.594 INFO             PET0 Running with ESMF Version   : v8.7.0b14-7-ge84ae5b02e
20240930 044129.594 INFO             PET0 ESMF library build date/time: "Sep 30 2024" "04:07:13"
20240930 044129.594 INFO             PET0 ESMF library build location : /project/esmf/sacks/esmf-testing/gfortran_11.2.0_openmpi_g_develop/esmf
20240930 044129.594 INFO             PET0 ESMF_COMM                   : openmpi
20240930 044129.594 INFO             PET0 ESMF_MOAB                   : enabled
20240930 044129.594 INFO             PET0 ESMF_LAPACK                 : enabled
20240930 044129.594 INFO             PET0 ESMF_NETCDF                 : enabled
20240930 044129.594 INFO             PET0 ESMF_PNETCDF                : disabled
20240930 044129.594 INFO             PET0 ESMF_PIO                    : enabled
20240930 044129.594 INFO             PET0 ESMF_YAMLCPP                : enabled
20240930 044129.595 INFO             PET0  NUMBER_OF_PROCESSORS           1
20240930 044129.595 INFO             PET0  PASS  Example ESMF_ClockEx, ESMF_ClockEx.F90, line 220
20240930 044129.595 INFO             PET0  Finalizing ESMF
