2024-09-25 04:09:57
20240925 044212.958 INFO             PET0 !!!!!!!!!!!!!!!!!!!!!!!!!!!!!!!!!!!!!!!!!!!!!!!!!!!!!!
20240925 044212.959 INFO             PET0 !!! THE ESMF_LOG IS SET TO OUTPUT ALL LOG MESSAGES !!!
20240925 044212.959 INFO             PET0 !!!     THIS MAY CAUSE SLOWDOWN IN PERFORMANCE     !!!
20240925 044212.959 INFO             PET0 !!! FOR PRODUCTION RUNS, USE:                      !!!
20240925 044212.959 INFO             PET0 !!!                   ESMF_LOGKIND_Multi_On_Error  !!!
20240925 044212.959 INFO             PET0 !!!!!!!!!!!!!!!!!!!!!!!!!!!!!!!!!!!!!!!!!!!!!!!!!!!!!!
20240925 044212.959 INFO             PET0 Running with ESMF Version   : v8.7.0b14-7-ge84ae5b02e
20240925 044212.959 INFO             PET0 ESMF library build date/time: "Sep 25 2024" "04:07:32"
20240925 044212.959 INFO             PET0 ESMF library build location : /project/esmf/sacks/esmf-testing/gfortran_11.2.0_openmpi_g_develop/esmf
20240925 044212.959 INFO             PET0 ESMF_COMM                   : openmpi
20240925 044212.960 INFO             PET0 ESMF_MOAB                   : enabled
20240925 044212.960 INFO             PET0 ESMF_LAPACK                 : enabled
20240925 044212.960 INFO             PET0 ESMF_NETCDF                 : enabled
20240925 044212.960 INFO             PET0 ESMF_PNETCDF                : disabled
20240925 044212.960 INFO             PET0 ESMF_PIO                    : enabled
20240925 044212.960 INFO             PET0 ESMF_YAMLCPP                : enabled
20240925 044212.966 INFO             PET0 ESMF_FieldRedistStoreNF(): Just entered routine.
20240925 044213.310 INFO             PET0 ESMF_FieldRedistStoreNF(): Leaving routine.
20240925 044213.361 INFO             PET0  NUMBER_OF_PROCESSORS           4
20240925 044213.362 INFO             PET0  PASS  Example ESMF_RHandleFromFileEx, ESMF_RHandleFromFileEx.F90, line 192
20240925 044213.362 INFO             PET0  Finalizing ESMF
20240925 044212.958 INFO             PET1 !!!!!!!!!!!!!!!!!!!!!!!!!!!!!!!!!!!!!!!!!!!!!!!!!!!!!!
20240925 044212.960 INFO             PET1 !!! THE ESMF_LOG IS SET TO OUTPUT ALL LOG MESSAGES !!!
20240925 044212.960 INFO             PET1 !!!     THIS MAY CAUSE SLOWDOWN IN PERFORMANCE     !!!
20240925 044212.960 INFO             PET1 !!! FOR PRODUCTION RUNS, USE:                      !!!
20240925 044212.960 INFO             PET1 !!!                   ESMF_LOGKIND_Multi_On_Error  !!!
20240925 044212.960 INFO             PET1 !!!!!!!!!!!!!!!!!!!!!!!!!!!!!!!!!!!!!!!!!!!!!!!!!!!!!!
20240925 044212.960 INFO             PET1 Running with ESMF Version   : v8.7.0b14-7-ge84ae5b02e
20240925 044212.960 INFO             PET1 ESMF library build date/time: "Sep 25 2024" "04:07:32"
20240925 044212.960 INFO             PET1 ESMF library build location : /project/esmf/sacks/esmf-testing/gfortran_11.2.0_openmpi_g_develop/esmf
20240925 044212.960 INFO             PET1 ESMF_COMM                   : openmpi
20240925 044212.961 INFO             PET1 ESMF_MOAB                   : enabled
20240925 044212.961 INFO             PET1 ESMF_LAPACK                 : enabled
20240925 044212.961 INFO             PET1 ESMF_NETCDF                 : enabled
20240925 044212.961 INFO             PET1 ESMF_PNETCDF                : disabled
20240925 044212.961 INFO             PET1 ESMF_PIO                    : enabled
20240925 044212.961 INFO             PET1 ESMF_YAMLCPP                : enabled
20240925 044212.965 INFO             PET1 ESMF_FieldRedistStoreNF(): Just entered routine.
20240925 044213.310 INFO             PET1 ESMF_FieldRedistStoreNF(): Leaving routine.
20240925 044213.361 INFO             PET1  NUMBER_OF_PROCESSORS           4
20240925 044213.362 INFO             PET1  PASS  Example ESMF_RHandleFromFileEx, ESMF_RHandleFromFileEx.F90, line 192
20240925 044213.362 INFO             PET1  Finalizing ESMF
20240925 044212.958 INFO             PET2 !!!!!!!!!!!!!!!!!!!!!!!!!!!!!!!!!!!!!!!!!!!!!!!!!!!!!!
20240925 044212.959 INFO             PET2 !!! THE ESMF_LOG IS SET TO OUTPUT ALL LOG MESSAGES !!!
20240925 044212.959 INFO             PET2 !!!     THIS MAY CAUSE SLOWDOWN IN PERFORMANCE     !!!
20240925 044212.959 INFO             PET2 !!! FOR PRODUCTION RUNS, USE:                      !!!
20240925 044212.959 INFO             PET2 !!!                   ESMF_LOGKIND_Multi_On_Error  !!!
20240925 044212.959 INFO             PET2 !!!!!!!!!!!!!!!!!!!!!!!!!!!!!!!!!!!!!!!!!!!!!!!!!!!!!!
20240925 044212.959 INFO             PET2 Running with ESMF Version   : v8.7.0b14-7-ge84ae5b02e
20240925 044212.959 INFO             PET2 ESMF library build date/time: "Sep 25 2024" "04:07:32"
20240925 044212.959 INFO             PET2 ESMF library build location : /project/esmf/sacks/esmf-testing/gfortran_11.2.0_openmpi_g_develop/esmf
20240925 044212.959 INFO             PET2 ESMF_COMM                   : openmpi
20240925 044212.959 INFO             PET2 ESMF_MOAB                   : enabled
20240925 044212.959 INFO             PET2 ESMF_LAPACK                 : enabled
20240925 044212.960 INFO             PET2 ESMF_NETCDF                 : enabled
20240925 044212.960 INFO             PET2 ESMF_PNETCDF                : disabled
20240925 044212.960 INFO             PET2 ESMF_PIO                    : enabled
20240925 044212.960 INFO             PET2 ESMF_YAMLCPP                : enabled
20240925 044212.965 INFO             PET2 ESMF_FieldRedistStoreNF(): Just entered routine.
20240925 044213.310 INFO             PET2 ESMF_FieldRedistStoreNF(): Leaving routine.
20240925 044213.361 INFO             PET2  NUMBER_OF_PROCESSORS           4
20240925 044213.361 INFO             PET2  PASS  Example ESMF_RHandleFromFileEx, ESMF_RHandleFromFileEx.F90, line 192
20240925 044213.361 INFO             PET2  Finalizing ESMF
20240925 044212.958 INFO             PET3 !!!!!!!!!!!!!!!!!!!!!!!!!!!!!!!!!!!!!!!!!!!!!!!!!!!!!!
20240925 044212.961 INFO             PET3 !!! THE ESMF_LOG IS SET TO OUTPUT ALL LOG MESSAGES !!!
20240925 044212.961 INFO             PET3 !!!     THIS MAY CAUSE SLOWDOWN IN PERFORMANCE     !!!
20240925 044212.961 INFO             PET3 !!! FOR PRODUCTION RUNS, USE:                      !!!
20240925 044212.961 INFO             PET3 !!!                   ESMF_LOGKIND_Multi_On_Error  !!!
20240925 044212.961 INFO             PET3 !!!!!!!!!!!!!!!!!!!!!!!!!!!!!!!!!!!!!!!!!!!!!!!!!!!!!!
20240925 044212.961 INFO             PET3 Running with ESMF Version   : v8.7.0b14-7-ge84ae5b02e
20240925 044212.961 INFO             PET3 ESMF library build date/time: "Sep 25 2024" "04:07:32"
20240925 044212.961 INFO             PET3 ESMF library build location : /project/esmf/sacks/esmf-testing/gfortran_11.2.0_openmpi_g_develop/esmf
20240925 044212.961 INFO             PET3 ESMF_COMM                   : openmpi
20240925 044212.961 INFO             PET3 ESMF_MOAB                   : enabled
20240925 044212.961 INFO             PET3 ESMF_LAPACK                 : enabled
20240925 044212.961 INFO             PET3 ESMF_NETCDF                 : enabled
20240925 044212.961 INFO             PET3 ESMF_PNETCDF                : disabled
20240925 044212.961 INFO             PET3 ESMF_PIO                    : enabled
20240925 044212.961 INFO             PET3 ESMF_YAMLCPP                : enabled
20240925 044212.966 INFO             PET3 ESMF_FieldRedistStoreNF(): Just entered routine.
20240925 044213.310 INFO             PET3 ESMF_FieldRedistStoreNF(): Leaving routine.
20240925 044213.361 INFO             PET3  NUMBER_OF_PROCESSORS           4
20240925 044213.362 INFO             PET3  PASS  Example ESMF_RHandleFromFileEx, ESMF_RHandleFromFileEx.F90, line 192
20240925 044213.362 INFO             PET3  Finalizing ESMF
