2024-08-17 02:10:57
20240817 024219.196 INFO             PET0 !!!!!!!!!!!!!!!!!!!!!!!!!!!!!!!!!!!!!!!!!!!!!!!!!!!!!!
20240817 024219.197 INFO             PET0 !!! THE ESMF_LOG IS SET TO OUTPUT ALL LOG MESSAGES !!!
20240817 024219.197 INFO             PET0 !!!     THIS MAY CAUSE SLOWDOWN IN PERFORMANCE     !!!
20240817 024219.197 INFO             PET0 !!! FOR PRODUCTION RUNS, USE:                      !!!
20240817 024219.197 INFO             PET0 !!!                   ESMF_LOGKIND_Multi_On_Error  !!!
20240817 024219.197 INFO             PET0 !!!!!!!!!!!!!!!!!!!!!!!!!!!!!!!!!!!!!!!!!!!!!!!!!!!!!!
20240817 024219.197 INFO             PET0 Running with ESMF Version   : v8.7.0b11-4-gf6c03c51d1
20240817 024219.197 INFO             PET0 ESMF library build date/time: "Aug 17 2024" "02:08:32"
20240817 024219.197 INFO             PET0 ESMF library build location : /project/esmf/sacks/esmf-testing/gfortran_11.2.0_openmpi_g_develop/esmf
20240817 024219.197 INFO             PET0 ESMF_COMM                   : openmpi
20240817 024219.197 INFO             PET0 ESMF_MOAB                   : enabled
20240817 024219.197 INFO             PET0 ESMF_LAPACK                 : enabled
20240817 024219.197 INFO             PET0 ESMF_NETCDF                 : enabled
20240817 024219.197 INFO             PET0 ESMF_PNETCDF                : disabled
20240817 024219.197 INFO             PET0 ESMF_PIO                    : enabled
20240817 024219.197 INFO             PET0 ESMF_YAMLCPP                : enabled
20240817 024219.199 INFO             PET0  NUMBER_OF_PROCESSORS           1
20240817 024219.199 INFO             PET0  PASS  Example ESMF_AlarmEx, ESMF_AlarmEx.F90, line 244
20240817 024219.199 INFO             PET0  Finalizing ESMF
