2024-10-08 07:34:59
20241008 082434.901 INFO             PET0 !!!!!!!!!!!!!!!!!!!!!!!!!!!!!!!!!!!!!!!!!!!!!!!!!!!!!!
20241008 082434.901 INFO             PET0 !!! THE ESMF_LOG IS SET TO OUTPUT ALL LOG MESSAGES !!!
20241008 082434.901 INFO             PET0 !!!     THIS MAY CAUSE SLOWDOWN IN PERFORMANCE     !!!
20241008 082434.901 INFO             PET0 !!! FOR PRODUCTION RUNS, USE:                      !!!
20241008 082434.901 INFO             PET0 !!!                   ESMF_LOGKIND_Multi_On_Error  !!!
20241008 082434.901 INFO             PET0 !!!!!!!!!!!!!!!!!!!!!!!!!!!!!!!!!!!!!!!!!!!!!!!!!!!!!!
20241008 082434.901 INFO             PET0 Running with ESMF Version   : v8.7.0
20241008 082434.901 INFO             PET0 ESMF library build date/time: "Oct  8 2024" "07:28:44"
20241008 082434.901 INFO             PET0 ESMF library build location : /scratch2/NCEPDEV/stmp1/Gerhard.Theurich/ESMF-Nightly-Testing/gfortran_13.2.0_openmpi_g_v8.7.0/esmf
20241008 082434.901 INFO             PET0 ESMF_COMM                   : openmpi
20241008 082434.901 INFO             PET0 ESMF_MOAB                   : enabled
20241008 082434.901 INFO             PET0 ESMF_LAPACK                 : enabled
20241008 082434.901 INFO             PET0 ESMF_NETCDF                 : disabled
20241008 082434.901 INFO             PET0 ESMF_PNETCDF                : disabled
20241008 082434.901 INFO             PET0 ESMF_PIO                    : disabled
20241008 082434.901 INFO             PET0 ESMF_YAMLCPP                : enabled
20241008 082434.904 INFO             PET0 =============================================
20241008 082434.904 INFO             PET0 ESMX (Earth System Model eXecutable) STARTING
20241008 082434.904 INFO             PET0 =============================================
20241008 082434.914 INFO             PET0 =============================================
20241008 082434.914 INFO             PET0 ESMX (Earth System Model eXecutable) FINISHED
20241008 082434.914 INFO             PET0 =============================================
20241008 082434.914 INFO             PET0  Finalizing ESMF
20241008 082434.900 INFO             PET1 !!!!!!!!!!!!!!!!!!!!!!!!!!!!!!!!!!!!!!!!!!!!!!!!!!!!!!
20241008 082434.901 INFO             PET1 !!! THE ESMF_LOG IS SET TO OUTPUT ALL LOG MESSAGES !!!
20241008 082434.901 INFO             PET1 !!!     THIS MAY CAUSE SLOWDOWN IN PERFORMANCE     !!!
20241008 082434.901 INFO             PET1 !!! FOR PRODUCTION RUNS, USE:                      !!!
20241008 082434.901 INFO             PET1 !!!                   ESMF_LOGKIND_Multi_On_Error  !!!
20241008 082434.901 INFO             PET1 !!!!!!!!!!!!!!!!!!!!!!!!!!!!!!!!!!!!!!!!!!!!!!!!!!!!!!
20241008 082434.901 INFO             PET1 Running with ESMF Version   : v8.7.0
20241008 082434.901 INFO             PET1 ESMF library build date/time: "Oct  8 2024" "07:28:44"
20241008 082434.901 INFO             PET1 ESMF library build location : /scratch2/NCEPDEV/stmp1/Gerhard.Theurich/ESMF-Nightly-Testing/gfortran_13.2.0_openmpi_g_v8.7.0/esmf
20241008 082434.901 INFO             PET1 ESMF_COMM                   : openmpi
20241008 082434.901 INFO             PET1 ESMF_MOAB                   : enabled
20241008 082434.901 INFO             PET1 ESMF_LAPACK                 : enabled
20241008 082434.901 INFO             PET1 ESMF_NETCDF                 : disabled
20241008 082434.901 INFO             PET1 ESMF_PNETCDF                : disabled
20241008 082434.901 INFO             PET1 ESMF_PIO                    : disabled
20241008 082434.901 INFO             PET1 ESMF_YAMLCPP                : enabled
20241008 082434.904 INFO             PET1 =============================================
20241008 082434.904 INFO             PET1 ESMX (Earth System Model eXecutable) STARTING
20241008 082434.904 INFO             PET1 =============================================
20241008 082434.914 INFO             PET1 =============================================
20241008 082434.914 INFO             PET1 ESMX (Earth System Model eXecutable) FINISHED
20241008 082434.914 INFO             PET1 =============================================
20241008 082434.914 INFO             PET1  Finalizing ESMF
20241008 082434.901 INFO             PET2 !!!!!!!!!!!!!!!!!!!!!!!!!!!!!!!!!!!!!!!!!!!!!!!!!!!!!!
20241008 082434.901 INFO             PET2 !!! THE ESMF_LOG IS SET TO OUTPUT ALL LOG MESSAGES !!!
20241008 082434.901 INFO             PET2 !!!     THIS MAY CAUSE SLOWDOWN IN PERFORMANCE     !!!
20241008 082434.901 INFO             PET2 !!! FOR PRODUCTION RUNS, USE:                      !!!
20241008 082434.901 INFO             PET2 !!!                   ESMF_LOGKIND_Multi_On_Error  !!!
20241008 082434.901 INFO             PET2 !!!!!!!!!!!!!!!!!!!!!!!!!!!!!!!!!!!!!!!!!!!!!!!!!!!!!!
20241008 082434.901 INFO             PET2 Running with ESMF Version   : v8.7.0
20241008 082434.901 INFO             PET2 ESMF library build date/time: "Oct  8 2024" "07:28:44"
20241008 082434.901 INFO             PET2 ESMF library build location : /scratch2/NCEPDEV/stmp1/Gerhard.Theurich/ESMF-Nightly-Testing/gfortran_13.2.0_openmpi_g_v8.7.0/esmf
20241008 082434.901 INFO             PET2 ESMF_COMM                   : openmpi
20241008 082434.902 INFO             PET2 ESMF_MOAB                   : enabled
20241008 082434.902 INFO             PET2 ESMF_LAPACK                 : enabled
20241008 082434.902 INFO             PET2 ESMF_NETCDF                 : disabled
20241008 082434.902 INFO             PET2 ESMF_PNETCDF                : disabled
20241008 082434.902 INFO             PET2 ESMF_PIO                    : disabled
20241008 082434.902 INFO             PET2 ESMF_YAMLCPP                : enabled
20241008 082434.904 INFO             PET2 =============================================
20241008 082434.904 INFO             PET2 ESMX (Earth System Model eXecutable) STARTING
20241008 082434.904 INFO             PET2 =============================================
20241008 082434.914 INFO             PET2 =============================================
20241008 082434.914 INFO             PET2 ESMX (Earth System Model eXecutable) FINISHED
20241008 082434.914 INFO             PET2 =============================================
20241008 082434.914 INFO             PET2  Finalizing ESMF
20241008 082434.900 INFO             PET3 !!!!!!!!!!!!!!!!!!!!!!!!!!!!!!!!!!!!!!!!!!!!!!!!!!!!!!
20241008 082434.901 INFO             PET3 !!! THE ESMF_LOG IS SET TO OUTPUT ALL LOG MESSAGES !!!
20241008 082434.901 INFO             PET3 !!!     THIS MAY CAUSE SLOWDOWN IN PERFORMANCE     !!!
20241008 082434.901 INFO             PET3 !!! FOR PRODUCTION RUNS, USE:                      !!!
20241008 082434.901 INFO             PET3 !!!                   ESMF_LOGKIND_Multi_On_Error  !!!
20241008 082434.901 INFO             PET3 !!!!!!!!!!!!!!!!!!!!!!!!!!!!!!!!!!!!!!!!!!!!!!!!!!!!!!
20241008 082434.901 INFO             PET3 Running with ESMF Version   : v8.7.0
20241008 082434.901 INFO             PET3 ESMF library build date/time: "Oct  8 2024" "07:28:44"
20241008 082434.901 INFO             PET3 ESMF library build location : /scratch2/NCEPDEV/stmp1/Gerhard.Theurich/ESMF-Nightly-Testing/gfortran_13.2.0_openmpi_g_v8.7.0/esmf
20241008 082434.901 INFO             PET3 ESMF_COMM                   : openmpi
20241008 082434.901 INFO             PET3 ESMF_MOAB                   : enabled
20241008 082434.901 INFO             PET3 ESMF_LAPACK                 : enabled
20241008 082434.901 INFO             PET3 ESMF_NETCDF                 : disabled
20241008 082434.901 INFO             PET3 ESMF_PNETCDF                : disabled
20241008 082434.901 INFO             PET3 ESMF_PIO                    : disabled
20241008 082434.901 INFO             PET3 ESMF_YAMLCPP                : enabled
20241008 082434.904 INFO             PET3 =============================================
20241008 082434.904 INFO             PET3 ESMX (Earth System Model eXecutable) STARTING
20241008 082434.904 INFO             PET3 =============================================
20241008 082434.914 INFO             PET3 =============================================
20241008 082434.914 INFO             PET3 ESMX (Earth System Model eXecutable) FINISHED
20241008 082434.914 INFO             PET3 =============================================
20241008 082434.914 INFO             PET3  Finalizing ESMF
