2024-09-19 20:12:41
--- ESMCI::Array::print start ---
 Base name    = Array002
 Status: Base = Ready,  object = Ready
 Proxy        = no
--- ESMCI::Array::print start ---
 Base name    = Array002
 Status: Base = Ready,  object = Ready
 Proxy        = no
 Root Info (Attributes):
--- ESMCI::Array::print start ---
 Base name    = Array002
 Status: Base = Ready,  object = Ready
 Proxy        = no
--- ESMCI::Array::print start ---
 Base name    = Array002
 Status: Base = Ready,  object = Ready
 Proxy        = no
 Root Info (Attributes):
 Root Info (Attributes):
{} Root Info (Attributes):
{}Array typekind/rank: Real*8 / 2 
Array typekind/rank: Real*8 / 2 
~ lower class' values ~
~ lower class' values ~
{}DistGrid dimCount = 2
DistGrid dimCount = 2
deCount = 4
Array typekind/rank: Real*8 / 2 
~ lower class' values ~
{}deCount = 4
localDeCount = 1
Array typekind/rank: Real*8 / 2 
DistGrid dimCount = 2
localDeCount = 1
deCount = 4
~ local data in LocalArray for DE 0 ~
LocalArrayPrint: Array at address 0x13300a600:
~ local data in LocalArray for DE 2 ~
LocalArrayPrint: Array at address 0x137e092f0:
            rank = 2, typekind = 6, base_addr = 0x141810400
~ lower class' values ~
DistGrid dimCount = 2
localDeCount = 1
~ local data in LocalArray for DE 1 ~
LocalArrayPrint: Array at address 0x149e101a0:
            rank = 2, typekind = 6, base_addr = 0x13381bc00
            dim[0] = 14  dim[1] = 14  
            rank = 2, typekind = 6, base_addr = 0x14a03f800
deCount = 4
            dim[0] = 14  dim[1] = 14  
  Real, *8, Dim 2, Data values:
(-1,-1) =  36.71
  Real, *8, Dim 2, Data values:
localDeCount = 1
~ local data in LocalArray for DE 3 ~
            dim[0] = 14  dim[1] = 14  
(-1,-1) =  36.71
( 0,-1) =  36.71
LocalArrayPrint: Array at address 0x13ef07770:
  Real, *8, Dim 2, Data values:
( 0,-1) =  36.71
( 1,-1) =  36.71
( 1,-1) =  36.71
( 2,-1) =  36.71
            rank = 2, typekind = 6, base_addr = 0x13f83fc00
(-1,-1) =  36.71
( 3,-1) =  36.71
( 4,-1) =  36.71
( 2,-1) =  36.71
( 3,-1) =  36.71
            dim[0] = 14  dim[1] = 14  
  Real, *8, Dim 2, Data values:
( 0,-1) =  36.71
( 1,-1) =  36.71
( 5,-1) =  36.71
( 4,-1) =  36.71
( 2,-1) =  36.71
(-1,-1) =  36.71
( 6,-1) =  36.71
( 5,-1) =  36.71
( 3,-1) =  36.71
( 6,-1) =  36.71
( 7,-1) =  36.71
( 7,-1) =  36.71
( 8,-1) =  36.71
  skipping to end ...
( 0,-1) =  36.71
( 1,-1) =  36.71
( 4,-1) =  36.71
( 5,-1) =  36.71
( 2,-1) =  36.71
( 3,12) =  36.71
( 8,-1) =  36.71
( 6,-1) =  36.71
( 3,-1) =  36.71
( 4,12) =  36.71
  skipping to end ...
( 7,-1) =  36.71
( 8,-1) =  36.71
( 4,-1) =  36.71
( 5,-1) =  36.71
( 3,12) =  36.71
( 4,12) =  36.71
( 5,12) =  36.71
( 5,12) =  36.71
( 6,12) =  36.71
( 7,12) =  36.71
  skipping to end ...
( 3,12) =  36.71
( 6,-1) =  36.71
( 8,12) =  36.71
( 9,12) =  36.71
( 6,12) =  36.71
( 7,12) =  36.71
( 7,-1) =  36.71
( 8,12) =  36.71
(10,12) =  36.71
( 4,12) =  36.71
(11,12) =  36.71
( 8,-1) =  36.71
  skipping to end ...
( 5,12) =  36.71
( 9,12) =  36.71
(12,12) =  36.71
--- ESMCI::Array::print end ---
( 3,12) =  36.71
( 6,12) =  36.71
(10,12) =  36.71
( 4,12) =  36.71
( 7,12) =  36.71
(11,12) =  36.71
( 5,12) =  36.71
( 8,12) =  36.71
 localSum=   3671.0000000000027     
(12,12) =  36.71
( 6,12) =  36.71
( 9,12) =  36.71
--- ESMCI::Array::print end ---
( 7,12) =  36.71
(10,12) =  36.71
  PASS  Example ESMF_ArrayFarrayHaloEx, ESMF_ArrayFarrayHaloEx.F90, line 177
( 8,12) =  36.71
(11,12) =  36.71
(12,12) =  36.71
 localSum=   3671.0000000000027     
( 9,12) =  36.71
--- ESMCI::Array::print end ---
(10,12) =  36.71
(11,12) =  36.71
(12,12) =  36.71
 localSum=   3671.0000000000027     
--- ESMCI::Array::print end ---
  PASS  Example ESMF_ArrayFarrayHaloEx, ESMF_ArrayFarrayHaloEx.F90, line 177
  PASS  Example ESMF_ArrayFarrayHaloEx, ESMF_ArrayFarrayHaloEx.F90, line 177
 localSum=   3671.0000000000027     
  PASS  Example ESMF_ArrayFarrayHaloEx, ESMF_ArrayFarrayHaloEx.F90, line 177
 PASS: ESMF_ArrayFarrayHaloEx.F90
 PASS: ESMF_ArrayFarrayHaloEx.F90
 PASS: ESMF_ArrayFarrayHaloEx.F90
 PASS: ESMF_ArrayFarrayHaloEx.F90
