2024-09-30 20:10:39
--- ESMCI::Array::print start ---
 Base name    = Array002
--- ESMCI::Array::print start ---
 Base name    = Array002
 Status: Base = Ready,  object = Ready
--- ESMCI::Array::print start ---
 Base name    = Array002
 Status: Base = Ready,  object = Ready
--- ESMCI::Array::print start ---
 Base name    = Array002
 Status: Base = Ready,  object = Ready
 Proxy        = no
 Status: Base = Ready,  object = Ready
 Proxy        = no
 Root Info (Attributes):
 Proxy        = no
 Root Info (Attributes):
 Root Info (Attributes):
 Proxy        = no
 Root Info (Attributes):
{}Array typekind/rank: Real*8 / 2 
{}{}Array typekind/rank: Real*8 / 2 
Array typekind/rank: Real*8 / 2 
~ lower class' values ~
~ lower class' values ~
DistGrid dimCount = 2
{}Array typekind/rank: Real*8 / 2 
~ lower class' values ~
DistGrid dimCount = 2
DistGrid dimCount = 2
deCount = 4
~ lower class' values ~
deCount = 4
localDeCount = 1
deCount = 4
localDeCount = 1
localDeCount = 1
~ local data in LocalArray for DE 1 ~
DistGrid dimCount = 2
deCount = 4
~ local data in LocalArray for DE 0 ~
~ local data in LocalArray for DE 3 ~
localDeCount = 1
LocalArrayPrint: Array at address 0x126117fa0:
LocalArrayPrint: Array at address 0x13b004d70:
LocalArrayPrint: Array at address 0x13481e210:
~ local data in LocalArray for DE 2 ~
LocalArrayPrint: Array at address 0x1226084f0:
            rank = 2, typekind = 6, base_addr = 0x600001a2f960
            dim[0] = 2  dim[1] = 2  
            rank = 2, typekind = 6, base_addr = 0x600003318b40
            dim[0] = 2  dim[1] = 2  
            rank = 2, typekind = 6, base_addr = 0x6000002e4940
            dim[0] = 2  dim[1] = 2  
  Real, *8, Dim 2, Data values:
            rank = 2, typekind = 6, base_addr = 0x600000771280
            dim[0] = 2  dim[1] = 2  
  Real, *8, Dim 2, Data values:
( 1, 1) =  100
  Real, *8, Dim 2, Data values:
( 1, 1) =  103
( 1, 1) =  101
  Real, *8, Dim 2, Data values:
( 1, 1) =  102
( 2, 1) =  101
( 1, 2) =  101
( 2, 1) =  103
( 1, 2) =  103
( 2, 1) =  100
( 1, 2) =  100
( 2, 2) =  101
--- ESMCI::Array::print end ---
( 2, 1) =  102
( 1, 2) =  102
( 2, 2) =  100
--- ESMCI::Array::print end ---
( 2, 2) =  103
--- ESMCI::Array::print end ---
--- ESMCI::Array::print start ---
( 2, 2) =  102
--- ESMCI::Array::print start ---
 Base name    = Array003
--- ESMCI::Array::print end ---
 Base name    = Array003
--- ESMCI::Array::print start ---
 Base name    = Array003
 Status: Base = Ready,  object = Ready
 Status: Base = Ready,  object = Ready
--- ESMCI::Array::print start ---
 Status: Base = Ready,  object = Ready
 Proxy        = no
 Proxy        = no
 Base name    = Array003
 Proxy        = no
 Root Info (Attributes):
 Root Info (Attributes):
 Status: Base = Ready,  object = Ready
 Root Info (Attributes):
{}{} Proxy        = no
{}Array typekind/rank: Real*8 / 2 
Array typekind/rank: Real*8 / 2 
 Root Info (Attributes):
Array typekind/rank: Real*8 / 2 
~ lower class' values ~
~ lower class' values ~
~ lower class' values ~
DistGrid dimCount = 2
{}DistGrid dimCount = 2
DistGrid dimCount = 2
deCount = 4
Array typekind/rank: Real*8 / 2 
deCount = 4
localDeCount = 1
~ lower class' values ~
deCount = 4
localDeCount = 1
~ local data in LocalArray for DE 1 ~
DistGrid dimCount = 2
localDeCount = 1
~ local data in LocalArray for DE 3 ~
~ local data in LocalArray for DE 0 ~
deCount = 4
LocalArrayPrint: Array at address 0x1261182d0:
LocalArrayPrint: Array at address 0x13481e540:
LocalArrayPrint: Array at address 0x13b0050a0:
localDeCount = 1
            rank = 2, typekind = 6, base_addr = 0x600001a2faa0
~ local data in LocalArray for DE 2 ~
            dim[0] = 2  dim[1] = 2  
            rank = 2, typekind = 6, base_addr = 0x6000002e4a80
            dim[0] = 2  dim[1] = 2  
            rank = 2, typekind = 6, base_addr = 0x600003318c80
            dim[0] = 2  dim[1] = 2  
LocalArrayPrint: Array at address 0x122608820:
  Real, *8, Dim 2, Data values:
  Real, *8, Dim 2, Data values:
  Real, *8, Dim 2, Data values:
( 1, 1) =  200
            rank = 2, typekind = 6, base_addr = 0x6000007713c0
( 1, 1) =  201
( 1, 1) =  203
            dim[0] = 2  dim[1] = 2  
( 2, 1) =  201
( 2, 1) =  203
( 2, 1) =  200
( 1, 2) =  203
( 1, 2) =  201
  Real, *8, Dim 2, Data values:
( 1, 2) =  200
( 2, 2) =  201
( 1, 1) =  202
( 2, 2) =  200
( 2, 2) =  203
--- ESMCI::Array::print end ---
( 2, 1) =  202
--- ESMCI::Array::print end ---
--- ESMCI::Array::print end ---
--- ESMCI::Array::print start ---
( 1, 2) =  202
--- ESMCI::Array::print start ---
--- ESMCI::Array::print start ---
 Base name    = Array004
( 2, 2) =  202
--- ESMCI::Array::print end ---
 Base name    = Array004
 Base name    = Array004
 Status: Base = Ready,  object = Ready
 Status: Base = Ready,  object = Ready
 Status: Base = Ready,  object = Ready
 Proxy        = no
--- ESMCI::Array::print start ---
 Base name    = Array004
 Proxy        = no
 Proxy        = no
 Root Info (Attributes):
 Root Info (Attributes):
 Status: Base = Ready,  object = Ready
 Proxy        = no
 Root Info (Attributes):
{}Array typekind/rank: Real*8 / 2 
{}Array typekind/rank: Real*8 / 2 
 Root Info (Attributes):
{}~ lower class' values ~
Array typekind/rank: Real*8 / 2 
~ lower class' values ~
DistGrid dimCount = 2
{}DistGrid dimCount = 2
deCount = 4
~ lower class' values ~
DistGrid dimCount = 2
deCount = 4
localDeCount = 1
Array typekind/rank: Real*8 / 2 
~ lower class' values ~
deCount = 4
localDeCount = 1
DistGrid dimCount = 2
~ local data in LocalArray for DE 1 ~
~ local data in LocalArray for DE 0 ~
localDeCount = 1
LocalArrayPrint: Array at address 0x126118600:
deCount = 4
LocalArrayPrint: Array at address 0x13481e870:
~ local data in LocalArray for DE 3 ~
localDeCount = 1
            rank = 2, typekind = 6, base_addr = 0x600003430100
            rank = 2, typekind = 6, base_addr = 0x600001d01200
LocalArrayPrint: Array at address 0x13b0053d0:
~ local data in LocalArray for DE 2 ~
            dim[0] = 4  dim[1] = 4  
            rank = 2, typekind = 6, base_addr = 0x600002ce8100
            dim[0] = 4  dim[1] = 4  
  Real, *8, Dim 2, Data values:
( 0, 0) =  301
LocalArrayPrint: Array at address 0x122608b50:
            dim[0] = 4  dim[1] = 4  
  Real, *8, Dim 2, Data values:
  Real, *8, Dim 2, Data values:
( 0, 0) =  300
            rank = 2, typekind = 6, base_addr = 0x600002970780
( 1, 0) =  301
( 0, 0) =  300
( 1, 0) =  300
            dim[0] = 4  dim[1] = 4  
  Real, *8, Dim 2, Data values:
( 2, 0) =  301
( 3, 0) =  301
( 1, 0) =  301
( 2, 0) =  300
( 2, 0) =  301
( 0, 1) =  300
( 0, 0) =  302
( 3, 0) =  300
( 3, 0) =  303
( 1, 0) =  300
( 1, 1) =  301
( 0, 1) =  302
( 0, 1) =  300
( 2, 0) =  300
( 2, 1) =  301
( 1, 1) =  303
( 1, 1) =  300
( 3, 0) =  301
( 2, 1) =  303
( 2, 1) =  300
( 3, 1) =  301
( 0, 1) =  302
( 3, 1) =  303
( 3, 1) =  301
( 1, 1) =  302
( 0, 2) =  300
( 0, 2) =  300
( 0, 2) =  302
( 2, 1) =  302
( 3, 1) =  303
( 1, 2) =  301
( 2, 2) =  301
( 1, 2) =  300
( 2, 2) =  300
( 1, 2) =  303
( 2, 2) =  303
( 0, 2) =  302
( 1, 2) =  302
( 3, 2) =  301
( 0, 3) =  300
( 1, 3) =  302
( 3, 2) =  303
( 0, 3) =  303
( 1, 3) =  303
( 3, 2) =  301
( 0, 3) =  302
( 1, 3) =  303
( 2, 2) =  302
( 3, 2) =  303
( 2, 3) =  302
( 3, 3) =  303
( 2, 3) =  303
( 3, 3) =  303
( 2, 3) =  303
( 3, 3) =  301
( 0, 3) =  302
( 1, 3) =  302
--- ESMCI::Array::print end ---
( 2, 3) =  302
--- ESMCI::Array::print end ---
--- ESMCI::Array::print end ---
--- ESMCI::Array::print start ---
 Base name    = Array005
( 3, 3) =  302
--- ESMCI::Array::print start ---
--- ESMCI::Array::print start ---
--- ESMCI::Array::print end ---
 Base name    = Array005
 Base name    = Array005
--- ESMCI::Array::print start ---
 Status: Base = Ready,  object = Ready
 Status: Base = Ready,  object = Ready
 Proxy        = no
 Base name    = Array005
 Status: Base = Ready,  object = Ready
 Proxy        = no
 Status: Base = Ready,  object = Ready
 Proxy        = no
 Root Info (Attributes):
{} Root Info (Attributes):
{}Array typekind/rank: Real*8 / 2 
 Proxy        = no
 Root Info (Attributes):
Array typekind/rank: Real*8 / 2 
 Root Info (Attributes):
{}~ lower class' values ~
~ lower class' values ~
{}Array typekind/rank: Real*8 / 2 
DistGrid dimCount = 2
deCount = 4
DistGrid dimCount = 2
deCount = 4
Array typekind/rank: Real*8 / 2 
~ lower class' values ~
~ lower class' values ~
DistGrid dimCount = 2
deCount = 4
localDeCount = 1
~ local data in LocalArray for DE 0 ~
DistGrid dimCount = 2
deCount = 4
localDeCount = 1
~ local data in LocalArray for DE 3 ~
localDeCount = 1
~ local data in LocalArray for DE 1 ~
localDeCount = 1
LocalArrayPrint: Array at address 0x13b005700:
LocalArrayPrint: Array at address 0x13481eba0:
            rank = 2, typekind = 6, base_addr = 0x600001d01500
LocalArrayPrint: Array at address 0x126118930:
~ local data in LocalArray for DE 2 ~
            rank = 2, typekind = 6, base_addr = 0x600002ce8200
            rank = 2, typekind = 6, base_addr = 0x600003430200
            dim[0] = 4  dim[1] = 4  
            dim[0] = 4  dim[1] = 4  
  Real, *8, Dim 2, Data values:
LocalArrayPrint: Array at address 0x122608e80:
            rank = 2, typekind = 6, base_addr = 0x600002970b80
            dim[0] = 4  dim[1] = 4  
  Real, *8, Dim 2, Data values:
  Real, *8, Dim 2, Data values:
( 0, 0) =  400
( 0, 0) =  400
            dim[0] = 4  dim[1] = 4  
( 0, 0) =  401
( 1, 0) =  400
  Real, *8, Dim 2, Data values:
( 1, 0) =  401
( 1, 0) =  401
( 2, 0) =  400
( 0, 0) =  402
( 1, 0) =  400
( 2, 0) =  401
( 3, 0) =  403
( 2, 0) =  401
( 3, 0) =  401
( 3, 0) =  400
( 0, 1) =  402
( 0, 1) =  400
( 0, 1) =  400
( 2, 0) =  400
( 1, 1) =  400
( 2, 1) =  400
( 3, 0) =  401
( 0, 1) =  402
( 1, 1) =  402
( 1, 1) =  403
( 2, 1) =  403
( 1, 1) =  401
( 3, 1) =  401
( 2, 1) =  402
( 3, 1) =  403
( 0, 2) =  400
( 2, 1) =  401
( 1, 2) =  400
( 3, 1) =  401
( 0, 2) =  402
( 3, 1) =  403
( 0, 2) =  402
( 0, 2) =  400
( 2, 2) =  400
( 1, 2) =  403
( 3, 2) =  401
( 0, 3) =  400
( 1, 2) =  402
( 2, 2) =  402
( 1, 3) =  402
( 2, 2) =  403
( 1, 2) =  401
( 3, 2) =  403
( 3, 2) =  403
( 2, 3) =  402
( 2, 2) =  401
( 3, 2) =  401
( 0, 3) =  403
( 1, 3) =  403
( 3, 3) =  403
( 0, 3) =  402
( 0, 3) =  402
( 1, 3) =  403
--- ESMCI::Array::print end ---
--- ESMCI::Array::print start ---
( 1, 3) =  402
( 2, 3) =  402
( 2, 3) =  403
( 2, 3) =  403
( 3, 3) =  402
( 3, 3) =  403
 Base name    = Array006
--- ESMCI::Array::print end ---
--- ESMCI::Array::print start ---
( 3, 3) =  401
--- ESMCI::Array::print end ---
--- ESMCI::Array::print end ---
--- ESMCI::Array::print start ---
 Status: Base = Ready,  object = Ready
 Proxy        = no
 Base name    = Array006
 Status: Base = Ready,  object = Ready
 Root Info (Attributes):
{}--- ESMCI::Array::print start ---
 Base name    = Array006
 Base name    = Array006
 Status: Base = Ready,  object = Ready
 Proxy        = no
Array typekind/rank: Real*8 / 2 
~ lower class' values ~
 Proxy        = no
 Root Info (Attributes):
 Status: Base = Ready,  object = Ready
 Root Info (Attributes):
 Proxy        = no
DistGrid dimCount = 2
{}deCount = 4
Array typekind/rank: Real*8 / 2 
 Root Info (Attributes):
{}~ lower class' values ~
DistGrid dimCount = 2
localDeCount = 1
~ local data in LocalArray for DE 0 ~
{}Array typekind/rank: Real*8 / 2 
Array typekind/rank: Real*8 / 2 
~ lower class' values ~
LocalArrayPrint: Array at address 0x13481f150:
deCount = 4
~ lower class' values ~
DistGrid dimCount = 2
            rank = 2, typekind = 6, base_addr = 0x600001704ba0
localDeCount = 1
DistGrid dimCount = 2
deCount = 4
            dim[0] = 4  dim[1] = 3  
~ local data in LocalArray for DE 2 ~
  Real, *8, Dim 2, Data values:
LocalArrayPrint: Array at address 0x1226091b0:
deCount = 4
localDeCount = 1
            rank = 2, typekind = 6, base_addr = 0x600002370540
localDeCount = 1
~ local data in LocalArray for DE 3 ~
( 0, 0) =  500
~ local data in LocalArray for DE 1 ~
LocalArrayPrint: Array at address 0x13b005a30:
            dim[0] = 4  dim[1] = 3  
( 1, 0) =  500
LocalArrayPrint: Array at address 0x126118c60:
            rank = 2, typekind = 6, base_addr = 0x600003e2c480
            rank = 2, typekind = 6, base_addr = 0x6000026e82a0
            dim[0] = 4  dim[1] = 3  
( 2, 0) =  500
( 3, 0) =  500
  Real, *8, Dim 2, Data values:
( 0, 0) =  502
            dim[0] = 4  dim[1] = 3  
  Real, *8, Dim 2, Data values:
( 0, 1) =  500
  Real, *8, Dim 2, Data values:
( 0, 0) =  500
( 1, 1) =  500
( 1, 0) =  500
( 0, 0) =  501
( 1, 0) =  501
( 2, 0) =  501
( 2, 1) =  500
( 2, 0) =  500
( 3, 1) =  501
( 0, 2) =  500
( 1, 0) =  501
( 2, 0) =  501
( 3, 0) =  501
( 3, 0) =  503
( 0, 1) =  502
( 3, 0) =  501
( 1, 1) =  502
( 0, 1) =  502
( 0, 1) =  500
( 2, 1) =  502
( 1, 1) =  503
( 1, 2) =  500
( 1, 1) =  501
( 3, 1) =  503
( 2, 1) =  503
( 2, 2) =  500
( 2, 1) =  501
( 0, 2) =  502
( 3, 1) =  503
( 3, 2) =  501
( 3, 1) =  501
( 1, 2) =  502
( 0, 2) =  502
--- ESMCI::Array::print end ---
( 0, 2) =  500
( 2, 2) =  502
( 1, 2) =  503
( 1, 2) =  501
( 2, 2) =  503
( 3, 2) =  503
( 2, 2) =  501
--- ESMCI::Array::print end ---
( 3, 2) =  503
  PASS  Example ESMF_ArrayBundleHaloEx, ESMF_ArrayBundleHaloEx.F90, line 172
--- ESMCI::Array::print end ---
( 3, 2) =  501
--- ESMCI::Array::print end ---
  PASS  Example ESMF_ArrayBundleHaloEx, ESMF_ArrayBundleHaloEx.F90, line 172
  PASS  Example ESMF_ArrayBundleHaloEx, ESMF_ArrayBundleHaloEx.F90, line 172
  PASS  Example ESMF_ArrayBundleHaloEx, ESMF_ArrayBundleHaloEx.F90, line 172
 PASS: ESMF_ArrayBundleHaloEx.F90
 PASS: ESMF_ArrayBundleHaloEx.F90
 PASS: ESMF_ArrayBundleHaloEx.F90
 PASS: ESMF_ArrayBundleHaloEx.F90
