2024-09-30 20:10:39
--- ESMCI::ArrayBundle::print start ---
ArrayBundle: MyArrayBundle
--- ESMCI::ArrayBundle::print start ---
ArrayBundle: MyArrayBundle
arrayCount = 3
--- ESMCI::ArrayBundle::print start ---
ArrayBundle: MyArrayBundle
arrayCount = 3
--- ESMCI::ArrayBundle::print start ---
ArrayBundle: MyArrayBundle
arrayCount = 3
arrayCount = 3
Container::print() multipmap:item=0 key=AonFly value=0x129815a00
Container::print() multipmap:item=0 key=AonFly value=0x12980fa00
Container::print() multipmap:item=1 key=Array002 value=0x129809a00
Container::print() multipmap:item=0 key=AonFly value=0x147014400
Container::print() multipmap:item=0 key=AonFly value=0x131013400
Container::print() multipmap:item=1 key=Array002 value=0x147012c00
Container::print() multipmap:item=2 key=Array003 value=0x147013200
Container::print()      list:item=0 key=Array002 value=0x147012c00
Container::print()      list:item=1 key=Array003 value=0x147013200
Container::print() multipmap:item=1 key=Array002 value=0x131011c00
Container::print() multipmap:item=2 key=Array003 value=0x131012200
Container::print()      list:item=0 key=Array002 value=0x131011c00
Container::print()      list:item=1 key=Array003 value=0x131012200
Container::print() multipmap:item=2 key=Array003 value=0x12980a000
Container::print()      list:item=0 key=Array002 value=0x129809a00
Container::print()      list:item=1 key=Array003 value=0x12980a000
Container::print() multipmap:item=1 key=Array002 value=0x12980e200
Container::print() multipmap:item=2 key=Array003 value=0x12980e800
Container::print()      list:item=0 key=Array002 value=0x12980e200
Container::print()      list:item=1 key=Array003 value=0x12980e800
Container::print()      list:item=2 key=AonFly value=0x147014400
--- ESMCI::ArrayBundle::print end ---
Container::print()      list:item=2 key=AonFly value=0x131013400
Container::print()      list:item=2 key=AonFly value=0x129815a00
--- ESMCI::ArrayBundle::print end ---
--- ESMCI::ArrayBundle::print end ---
Container::print()      list:item=2 key=AonFly value=0x12980fa00
--- ESMCI::ArrayBundle::print end ---
--- ESMCI::Array::print start ---
--- ESMCI::Array::print start ---
 Base name    = AonFly
 Base name    = AonFly
 Status: Base = Ready,  object = Ready
--- ESMCI::Array::print start ---
 Base name    = AonFly
--- ESMCI::Array::print start ---
 Base name    = AonFly
 Proxy        = no
 Status: Base = Ready,  object = Ready
 Status: Base = Ready,  object = Ready
 Root Info (Attributes):
 Status: Base = Ready,  object = Ready
 Proxy        = no
 Proxy        = no
 Proxy        = no
 Root Info (Attributes):
 Root Info (Attributes):
 Root Info (Attributes):
{}Array typekind/rank: Real*4 / 2 
~ lower class' values ~
DistGrid dimCount = 2
{}Array typekind/rank: Real*4 / 2 
deCount = 6
{}{}~ lower class' values ~
DistGrid dimCount = 2
localDeCount = 1
~ local data in LocalArray for DE 3 ~
Array typekind/rank: Real*4 / 2 
Array typekind/rank: Real*4 / 2 
LocalArrayPrint: Array at address 0x1462083d0:
deCount = 6
localDeCount = 2
~ lower class' values ~
~ lower class' values ~
            rank = 2, typekind = 5, base_addr = 0x600002cc1680
DistGrid dimCount = 2
deCount = 6
~ local data in LocalArray for DE 1 ~
LocalArrayPrint: Array at address 0x126c07c90:
DistGrid dimCount = 2
            dim[0] = 2  dim[1] = 2  
  Real, *4, Dim 2, Data values:
localDeCount = 1
            rank = 2, typekind = 5, base_addr = 0x6000009a4810
deCount = 6
( 1, 1) =  0
~ local data in LocalArray for DE 2 ~
localDeCount = 2
            dim[0] = 2  dim[1] = 2  
( 2, 1) =  0
~ local data in LocalArray for DE 0 ~
LocalArrayPrint: Array at address 0x108d08d40:
            rank = 2, typekind = 5, base_addr = 0x600001c62cc0
( 1, 2) =  0
( 2, 2) =  0
  Real, *4, Dim 2, Data values:
( 1, 1) =  0
LocalArrayPrint: Array at address 0x12a010a30:
            dim[0] = 3  dim[1] = 2  
            rank = 2, typekind = 5, base_addr = 0x600000765120
            dim[0] = 3  dim[1] = 2  
( 2, 1) =  0
--- ESMCI::Array::print end ---
--- ESMCI::Array::print start ---
  Real, *4, Dim 2, Data values:
( 1, 2) =  0
  Real, *4, Dim 2, Data values:
 Base name    = Array002
 Status: Base = Ready,  object = Ready
( 2, 2) =  0
~ local data in LocalArray for DE 5 ~
( 1, 1) =  0
( 1, 1) =  0
( 2, 1) =  0
LocalArrayPrint: Array at address 0x126c07fc0:
 Proxy        = no
( 2, 1) =  0
( 3, 1) =  0
            rank = 2, typekind = 5, base_addr = 0x6000009a4820
 Root Info (Attributes):
( 3, 1) =  0
( 1, 2) =  0
            dim[0] = 2  dim[1] = 1  
{}( 1, 2) =  0
( 2, 2) =  0
  Real, *4, Dim 2, Data values:
Array typekind/rank: Real*8 / 2 
( 2, 2) =  0
( 3, 2) =  0
~ lower class' values ~
( 1, 1) =  0
( 3, 2) =  0
( 2, 1) =  0
--- ESMCI::Array::print end ---
DistGrid dimCount = 2
~ local data in LocalArray for DE 4 ~
--- ESMCI::Array::print end ---
deCount = 6
--- ESMCI::Array::print start ---
LocalArrayPrint: Array at address 0x12a010d60:
--- ESMCI::Array::print start ---
localDeCount = 1
 Base name    = Array002
            rank = 2, typekind = 5, base_addr = 0x60000056a360
~ local data in LocalArray for DE 3 ~
LocalArrayPrint: Array at address 0x146207320:
 Base name    = Array002
 Status: Base = Ready,  object = Ready
 Status: Base = Ready,  object = Ready
            dim[0] = 3  dim[1] = 1  
 Proxy        = no
  Real, *4, Dim 2, Data values:
 Proxy        = no
            rank = 2, typekind = 6, base_addr = 0x600002ec13c0
( 1, 1) =  0
( 2, 1) =  0
 Root Info (Attributes):
 Root Info (Attributes):
            dim[0] = 2  dim[1] = 2  
  Real, *8, Dim 2, Data values:
{}{}( 3, 1) =  0
( 1, 1) =  0
Array typekind/rank: Real*8 / 2 
Array typekind/rank: Real*8 / 2 
--- ESMCI::Array::print end ---
( 2, 1) =  0
~ lower class' values ~
~ lower class' values ~
--- ESMCI::Array::print start ---
( 1, 2) =  0
DistGrid dimCount = 2
deCount = 6
DistGrid dimCount = 2
deCount = 6
 Base name    = Array002
 Status: Base = Ready,  object = Ready
( 2, 2) =  0
--- ESMCI::Array::print end ---
localDeCount = 1
localDeCount = 2
~ local data in LocalArray for DE 1 ~
--- ESMCI::Array::print start ---
 Base name    = Array003
 Proxy        = no
 Root Info (Attributes):
~ local data in LocalArray for DE 2 ~
LocalArrayPrint: Array at address 0x108d07cc0:
LocalArrayPrint: Array at address 0x126c05f50:
 Status: Base = Ready,  object = Ready
            rank = 2, typekind = 6, base_addr = 0x600001263cf0
{}Array typekind/rank: Real*8 / 2 
            rank = 2, typekind = 6, base_addr = 0x600000ba4240
 Proxy        = no
            dim[0] = 3  dim[1] = 2  
            dim[0] = 2  dim[1] = 2  
 Root Info (Attributes):
  Real, *8, Dim 2, Data values:
~ lower class' values ~
  Real, *8, Dim 2, Data values:
{}DistGrid dimCount = 2
( 1, 1) =  0
( 1, 1) =  0
Array typekind/rank: Real*8 / 2 
deCount = 6
( 2, 1) =  0
( 2, 1) =  0
~ lower class' values ~
( 3, 1) =  0
localDeCount = 2
DistGrid dimCount = 2
( 1, 2) =  0
~ local data in LocalArray for DE 0 ~
( 1, 2) =  0
deCount = 6
( 2, 2) =  0
( 2, 2) =  0
LocalArrayPrint: Array at address 0x12a00ecf0:
localDeCount = 1
~ local data in LocalArray for DE 5 ~
( 3, 2) =  0
            rank = 2, typekind = 6, base_addr = 0x6000009515f0
~ local data in LocalArray for DE 3 ~
LocalArrayPrint: Array at address 0x126c06280:
            rank = 2, typekind = 6, base_addr = 0x6000009a4300
--- ESMCI::Array::print end ---
--- ESMCI::Array::print start ---
LocalArrayPrint: Array at address 0x146207680:
            dim[0] = 3  dim[1] = 2  
  Real, *8, Dim 2, Data values:
            dim[0] = 2  dim[1] = 1  
            rank = 2, typekind = 6, base_addr = 0x600002ec1460
( 1, 1) =  0
 Base name    = Array003
  Real, *8, Dim 2, Data values:
            dim[0] = 2  dim[1] = 2  
( 2, 1) =  0
 Status: Base = Ready,  object = Ready
( 1, 1) =  0
  Real, *8, Dim 2, Data values:
( 3, 1) =  0
 Proxy        = no
( 2, 1) =  0
( 1, 1) =  0
( 1, 2) =  0
 Root Info (Attributes):
--- ESMCI::Array::print end ---
( 2, 1) =  0
( 2, 2) =  0
{}--- ESMCI::Array::print start ---
( 1, 2) =  0
( 3, 2) =  0
Array typekind/rank: Real*8 / 2 
 Base name    = Array003
 Status: Base = Ready,  object = Ready
( 2, 2) =  0
--- ESMCI::Array::print end ---
~ local data in LocalArray for DE 4 ~
LocalArrayPrint: Array at address 0x12a00f020:
~ lower class' values ~
DistGrid dimCount = 2
 Proxy        = no
 Root Info (Attributes):
            rank = 2, typekind = 6, base_addr = 0x600000764f60
deCount = 6
            dim[0] = 3  dim[1] = 1  
localDeCount = 1
  PASS  Example ESMF_ArrayBundleEx, ESMF_ArrayBundleEx.F90, line 267
{}  Real, *8, Dim 2, Data values:
~ local data in LocalArray for DE 2 ~
Array typekind/rank: Real*8 / 2 
~ lower class' values ~
( 1, 1) =  0
LocalArrayPrint: Array at address 0x108d07ff0:
            rank = 2, typekind = 6, base_addr = 0x600001263d50
( 2, 1) =  0
DistGrid dimCount = 2
( 3, 1) =  0
            dim[0] = 3  dim[1] = 2  
  Real, *8, Dim 2, Data values:
deCount = 6
--- ESMCI::Array::print end ---
localDeCount = 2
--- ESMCI::Array::print start ---
( 1, 1) =  0
~ local data in LocalArray for DE 1 ~
 Base name    = Array003
( 2, 1) =  0
LocalArrayPrint: Array at address 0x126c065b0:
( 3, 1) =  0
( 1, 2) =  0
( 2, 2) =  0
( 3, 2) =  0
--- ESMCI::Array::print end ---
 Status: Base = Ready,  object = Ready
 Proxy        = no
 Root Info (Attributes):
{}            rank = 2, typekind = 6, base_addr = 0x600000ba42a0
            dim[0] = 2  dim[1] = 2  
  Real, *8, Dim 2, Data values:
( 1, 1) =  0
( 2, 1) =  0
Array typekind/rank: Real*8 / 2 
( 1, 2) =  0
( 2, 2) =  0
~ local data in LocalArray for DE 5 ~
LocalArrayPrint: Array at address 0x126c068e0:
            rank = 2, typekind = 6, base_addr = 0x6000009a4440
~ lower class' values ~
DistGrid dimCount = 2
deCount = 6
localDeCount = 2
  PASS  Example ESMF_ArrayBundleEx, ESMF_ArrayBundleEx.F90, line 267
~ local data in LocalArray for DE 0 ~
LocalArrayPrint: Array at address 0x12a00f350:
            rank = 2, typekind = 6, base_addr = 0x6000009516e0
            dim[0] = 3  dim[1] = 2  
            dim[0] = 2  dim[1] = 1  
  Real, *8, Dim 2, Data values:
( 1, 1) =  0
( 2, 1) =  0
--- ESMCI::Array::print end ---
  Real, *8, Dim 2, Data values:
( 1, 1) =  0
( 2, 1) =  0
  PASS  Example ESMF_ArrayBundleEx, ESMF_ArrayBundleEx.F90, line 267
( 3, 1) =  0
( 1, 2) =  0
( 2, 2) =  0
( 3, 2) =  0
~ local data in LocalArray for DE 4 ~
LocalArrayPrint: Array at address 0x12a00f680:
            rank = 2, typekind = 6, base_addr = 0x600000764fc0
            dim[0] = 3  dim[1] = 1  
  Real, *8, Dim 2, Data values:
( 1, 1) =  0
( 2, 1) =  0
( 3, 1) =  0
--- ESMCI::Array::print end ---
  PASS  Example ESMF_ArrayBundleEx, ESMF_ArrayBundleEx.F90, line 267
 PASS: ESMF_ArrayBundleEx.F90
 PASS: ESMF_ArrayBundleEx.F90
 PASS: ESMF_ArrayBundleEx.F90
 PASS: ESMF_ArrayBundleEx.F90
