2024-10-07 01:27:43
slurmstepd: error: couldn't chdir to `/tmp/intel_2023.1.0-oneAPI_mpi_g_v8.7.0/nuopc-app-prototypes/CustomFieldDictionaryProto': No such file or directory: going to /tmp instead
forrtl: severe (174): SIGSEGV, segmentation fault occurred
Image              PC                Routine            Line        Source             
libpthread-2.31.s  000014E964FF2910  Unknown               Unknown  Unknown
mainApp            000000000044D380  Unknown               Unknown  Unknown
mainApp            000000000044E320  Unknown               Unknown  Unknown
mainApp            000000000044D4C5  Unknown               Unknown  Unknown
libesmf.so         000014E96B3F7B5C  f_esmf_compcollec         516  ESMF_Comp_C.F90
libesmf.so         000014E96AF9C142  finalize                 3515  ESMCI_VM.C
libesmf.so         000014E96AF65D37  c_esmc_vmfinalize        1241  ESMCI_VM_F.C
libesmf.so         000014E96C02324B  c_esmc_vmfinalize           0  ESMF_VM.F90
libesmf.so         000014E96C01AE12  esmf_vmfinalize          9477  ESMF_VM.F90
libesmf.so         000014E96BB3174A  esmf_finalize            1721  ESMF_Init.F90
mainApp            0000000000417E23  mainapp                   149  mainApp.F90
mainApp            00000000004170BD  Unknown               Unknown  Unknown
libc-2.31.so       000014E964E1A24D  __libc_start_main     Unknown  Unknown
mainApp            0000000000416FEA  Unknown               Unknown  Unknown
forrtl: severe (174): SIGSEGV, segmentation fault occurred
Image              PC                Routine            Line        Source             
libpthread-2.31.s  0000154E021F2910  Unknown               Unknown  Unknown
mainApp            000000000044D373  Unknown               Unknown  Unknown
mainApp            000000000044E320  Unknown               Unknown  Unknown
mainApp            000000000044D4C5  Unknown               Unknown  Unknown
libesmf.so         0000154E085C9B5C  f_esmf_compcollec         516  ESMF_Comp_C.F90
libesmf.so         0000154E0816E142  finalize                 3515  ESMCI_VM.C
libesmf.so         0000154E08137D37  c_esmc_vmfinalize        1241  ESMCI_VM_F.C
libesmf.so         0000154E091F524B  c_esmc_vmfinalize           0  ESMF_VM.F90
libesmf.so         0000154E091ECE12  esmf_vmfinalize          9477  ESMF_VM.F90
libesmf.so         0000154E08D0374A  esmf_finalize            1721  ESMF_Init.F90
mainApp            0000000000417E23  mainapp                   149  mainApp.F90
mainApp            00000000004170BD  Unknown               Unknown  Unknown
libc-2.31.so       0000154E0201A24D  __libc_start_main     Unknown  Unknown
mainApp            0000000000416FEA  Unknown               Unknown  Unknown
forrtl: severe (174): SIGSEGV, segmentation fault occurred
Image              PC                Routine            Line        Source             
libpthread-2.31.s  00001496FF7F2910  Unknown               Unknown  Unknown
mainApp            000000000044D337  Unknown               Unknown  Unknown
mainApp            000000000044E320  Unknown               Unknown  Unknown
mainApp            000000000044D4C5  Unknown               Unknown  Unknown
libesmf.so         0000149705B60B5C  f_esmf_compcollec         516  ESMF_Comp_C.F90
libesmf.so         0000149705705142  finalize                 3515  ESMCI_VM.C
libesmf.so         00001497056CED37  c_esmc_vmfinalize        1241  ESMCI_VM_F.C
libesmf.so         000014970678C24B  c_esmc_vmfinalize           0  ESMF_VM.F90
libesmf.so         0000149706783E12  esmf_vmfinalize          9477  ESMF_VM.F90
libesmf.so         000014970629A74A  esmf_finalize            1721  ESMF_Init.F90
mainApp            0000000000417E23  mainapp                   149  mainApp.F90
mainApp            00000000004170BD  Unknown               Unknown  Unknown
libc-2.31.so       00001496FF61A24D  __libc_start_main     Unknown  Unknown
mainApp            0000000000416FEA  Unknown               Unknown  Unknown
forrtl: severe (174): SIGSEGV, segmentation fault occurred
Image              PC                Routine            Line        Source             
libpthread-2.31.s  000014DF85DF2910  Unknown               Unknown  Unknown
mainApp            000000000044D337  Unknown               Unknown  Unknown
mainApp            000000000044E320  Unknown               Unknown  Unknown
mainApp            000000000044D4C5  Unknown               Unknown  Unknown
libesmf.so         000014DF8C103B5C  f_esmf_compcollec         516  ESMF_Comp_C.F90
libesmf.so         000014DF8BCA8142  finalize                 3515  ESMCI_VM.C
libesmf.so         000014DF8BC71D37  c_esmc_vmfinalize        1241  ESMCI_VM_F.C
libesmf.so         000014DF8CD2F24B  c_esmc_vmfinalize           0  ESMF_VM.F90
libesmf.so         000014DF8CD26E12  esmf_vmfinalize          9477  ESMF_VM.F90
libesmf.so         000014DF8C83D74A  esmf_finalize            1721  ESMF_Init.F90
mainApp            0000000000417E23  mainapp                   149  mainApp.F90
mainApp            00000000004170BD  Unknown               Unknown  Unknown
libc-2.31.so       000014DF85C1A24D  __libc_start_main     Unknown  Unknown
mainApp            0000000000416FEA  Unknown               Unknown  Unknown
srun: error: nid006351: tasks 0-3: Exited with exit code 174
srun: Terminating StepId=31503304.379
