2024-10-04 00:50:35
slurmstepd: error: couldn't chdir to `/tmp/intel_2023.1.0-oneAPI_mpi_g_v8.7.0/nuopc-app-prototypes/DriverInDriverProto': No such file or directory: going to /tmp instead
forrtl: severe (174): SIGSEGV, segmentation fault occurred
Image              PC                Routine            Line        Source             
libpthread-2.31.s  0000152C7E7F2910  Unknown               Unknown  Unknown
mainApp            000000000044ED33  Unknown               Unknown  Unknown
mainApp            000000000044FD00  Unknown               Unknown  Unknown
mainApp            000000000044EEA5  Unknown               Unknown  Unknown
libesmf.so         0000152C84B92B5C  f_esmf_compcollec         516  ESMF_Comp_C.F90
libesmf.so         0000152C84737142  finalize                 3515  ESMCI_VM.C
libesmf.so         0000152C84700D37  c_esmc_vmfinalize        1241  ESMCI_VM_F.C
libesmf.so         0000152C857BE24B  c_esmc_vmfinalize           0  ESMF_VM.F90
libesmf.so         0000152C857B5E12  esmf_vmfinalize          9477  ESMF_VM.F90
libesmf.so         0000152C852CC74A  esmf_finalize            1721  ESMF_Init.F90
mainApp            0000000000417BDE  mainapp                   102  mainApp.F90
mainApp            00000000004171BD  Unknown               Unknown  Unknown
libc-2.31.so       0000152C7E61A24D  __libc_start_main     Unknown  Unknown
mainApp            00000000004170EA  Unknown               Unknown  Unknown
forrtl: severe (174): SIGSEGV, segmentation fault occurred
Image              PC                Routine            Line        Source             
libpthread-2.31.s  000014F2129F2910  Unknown               Unknown  Unknown
mainApp            000000000044ED33  Unknown               Unknown  Unknown
mainApp            000000000044FD00  Unknown               Unknown  Unknown
mainApp            000000000044EEA5  Unknown               Unknown  Unknown
libesmf.so         000014F218ED0B5C  f_esmf_compcollec         516  ESMF_Comp_C.F90
libesmf.so         000014F218A75142  finalize                 3515  ESMCI_VM.C
libesmf.so         000014F218A3ED37  c_esmc_vmfinalize        1241  ESMCI_VM_F.C
libesmf.so         000014F219AFC24B  c_esmc_vmfinalize           0  ESMF_VM.F90
libesmf.so         000014F219AF3E12  esmf_vmfinalize          9477  ESMF_VM.F90
libesmf.so         000014F21960A74A  esmf_finalize            1721  ESMF_Init.F90
mainApp            0000000000417BDE  mainapp                   102  mainApp.F90
mainApp            00000000004171BD  Unknown               Unknown  Unknown
libc-2.31.so       000014F21281A24D  __libc_start_main     Unknown  Unknown
mainApp            00000000004170EA  Unknown               Unknown  Unknown
forrtl: severe (174): SIGSEGV, segmentation fault occurred
Image              PC                Routine            Line        Source             
libpthread-2.31.s  0000153A355F2910  Unknown               Unknown  Unknown
mainApp            000000000044ED41  Unknown               Unknown  Unknown
mainApp            000000000044FD00  Unknown               Unknown  Unknown
mainApp            000000000044EEA5  Unknown               Unknown  Unknown
libesmf.so         0000153A3BA18B5C  f_esmf_compcollec         516  ESMF_Comp_C.F90
libesmf.so         0000153A3B5BD142  finalize                 3515  ESMCI_VM.C
libesmf.so         0000153A3B586D37  c_esmc_vmfinalize        1241  ESMCI_VM_F.C
libesmf.so         0000153A3C64424B  c_esmc_vmfinalize           0  ESMF_VM.F90
libesmf.so         0000153A3C63BE12  esmf_vmfinalize          9477  ESMF_VM.F90
libesmf.so         0000153A3C15274A  esmf_finalize            1721  ESMF_Init.F90
mainApp            0000000000417BDE  mainapp                   102  mainApp.F90
mainApp            00000000004171BD  Unknown               Unknown  Unknown
libc-2.31.so       0000153A3541A24D  __libc_start_main     Unknown  Unknown
mainApp            00000000004170EA  Unknown               Unknown  Unknown
forrtl: severe (174): SIGSEGV, segmentation fault occurred
Image              PC                Routine            Line        Source             
libpthread-2.31.s  0000147ABCBF2910  Unknown               Unknown  Unknown
mainApp            000000000044ED60  Unknown               Unknown  Unknown
mainApp            000000000044FD00  Unknown               Unknown  Unknown
mainApp            000000000044EEA5  Unknown               Unknown  Unknown
libesmf.so         0000147AC306FB5C  f_esmf_compcollec         516  ESMF_Comp_C.F90
libesmf.so         0000147AC2C14142  finalize                 3515  ESMCI_VM.C
libesmf.so         0000147AC2BDDD37  c_esmc_vmfinalize        1241  ESMCI_VM_F.C
libesmf.so         0000147AC3C9B24B  c_esmc_vmfinalize           0  ESMF_VM.F90
libesmf.so         0000147AC3C92E12  esmf_vmfinalize          9477  ESMF_VM.F90
libesmf.so         0000147AC37A974A  esmf_finalize            1721  ESMF_Init.F90
mainApp            0000000000417BDE  mainapp                   102  mainApp.F90
mainApp            00000000004171BD  Unknown               Unknown  Unknown
libc-2.31.so       0000147ABCA1A24D  __libc_start_main     Unknown  Unknown
mainApp            00000000004170EA  Unknown               Unknown  Unknown
srun: error: nid006781: tasks 0-3: Exited with exit code 174
srun: Terminating StepId=31362986.381
