2024-10-04 00:50:35
slurmstepd: error: couldn't chdir to `/tmp/intel_2023.1.0-oneAPI_mpi_g_v8.7.0/nuopc-app-prototypes/NamespaceProto': No such file or directory: going to /tmp instead
forrtl: severe (174): SIGSEGV, segmentation fault occurred
Image              PC                Routine            Line        Source             
libpthread-2.31.s  00001487859F2910  Unknown               Unknown  Unknown
mainApp            000000000044EFE3  Unknown               Unknown  Unknown
mainApp            000000000044FF90  Unknown               Unknown  Unknown
mainApp            000000000044F135  Unknown               Unknown  Unknown
libesmf.so         000014878BE21B5C  f_esmf_compcollec         516  ESMF_Comp_C.F90
libesmf.so         000014878B9C6142  finalize                 3515  ESMCI_VM.C
libesmf.so         000014878B98FD37  c_esmc_vmfinalize        1241  ESMCI_VM_F.C
libesmf.so         000014878CA4D24B  c_esmc_vmfinalize           0  ESMF_VM.F90
libesmf.so         000014878CA44E12  esmf_vmfinalize          9477  ESMF_VM.F90
libesmf.so         000014878C55B74A  esmf_finalize            1721  ESMF_Init.F90
mainApp            0000000000417BDE  mainapp                   102  mainApp.F90
mainApp            00000000004171BD  Unknown               Unknown  Unknown
libc-2.31.so       000014878581A24D  __libc_start_main     Unknown  Unknown
mainApp            00000000004170EA  Unknown               Unknown  Unknown
forrtl: severe (174): SIGSEGV, segmentation fault occurred
Image              PC                Routine            Line        Source             
libpthread-2.31.s  00001516495F2910  Unknown               Unknown  Unknown
mainApp            000000000044EFA7  Unknown               Unknown  Unknown
mainApp            000000000044FF90  Unknown               Unknown  Unknown
mainApp            000000000044F135  Unknown               Unknown  Unknown
libesmf.so         000015164F8ECB5C  f_esmf_compcollec         516  ESMF_Comp_C.F90
libesmf.so         000015164F491142  finalize                 3515  ESMCI_VM.C
libesmf.so         000015164F45AD37  c_esmc_vmfinalize        1241  ESMCI_VM_F.C
libesmf.so         000015165051824B  c_esmc_vmfinalize           0  ESMF_VM.F90
libesmf.so         000015165050FE12  esmf_vmfinalize          9477  ESMF_VM.F90
libesmf.so         000015165002674A  esmf_finalize            1721  ESMF_Init.F90
mainApp            0000000000417BDE  mainapp                   102  mainApp.F90
mainApp            00000000004171BD  Unknown               Unknown  Unknown
libc-2.31.so       000015164941A24D  __libc_start_main     Unknown  Unknown
mainApp            00000000004170EA  Unknown               Unknown  Unknown
forrtl: severe (174): SIGSEGV, segmentation fault occurred
Image              PC                Routine            Line        Source             
libpthread-2.31.s  000014C2AA9F2910  Unknown               Unknown  Unknown
mainApp            000000000044EFE3  Unknown               Unknown  Unknown
mainApp            000000000044FF90  Unknown               Unknown  Unknown
mainApp            000000000044F135  Unknown               Unknown  Unknown
libesmf.so         000014C2B0DF7B5C  f_esmf_compcollec         516  ESMF_Comp_C.F90
libesmf.so         000014C2B099C142  finalize                 3515  ESMCI_VM.C
libesmf.so         000014C2B0965D37  c_esmc_vmfinalize        1241  ESMCI_VM_F.C
libesmf.so         000014C2B1A2324B  c_esmc_vmfinalize           0  ESMF_VM.F90
libesmf.so         000014C2B1A1AE12  esmf_vmfinalize          9477  ESMF_VM.F90
libesmf.so         000014C2B153174A  esmf_finalize            1721  ESMF_Init.F90
mainApp            0000000000417BDE  mainapp                   102  mainApp.F90
mainApp            00000000004171BD  Unknown               Unknown  Unknown
libc-2.31.so       000014C2AA81A24D  __libc_start_main     Unknown  Unknown
mainApp            00000000004170EA  Unknown               Unknown  Unknown
srun: error: nid006781: tasks 0,2-3: Exited with exit code 174
srun: Terminating StepId=31362986.387
srun: error: nid006781: task 1: Bus error
