2024-10-04 00:50:35
slurmstepd: error: couldn't chdir to `/tmp/intel_2023.1.0-oneAPI_mpi_g_v8.7.0/nuopc-app-prototypes/NestingMultipleProto': No such file or directory: going to /tmp instead
forrtl: severe (174): SIGSEGV, segmentation fault occurred
Image              PC                Routine            Line        Source             
libpthread-2.31.s  000014D7BCFF2910  Unknown               Unknown  Unknown
mainApp            0000000000456C93  Unknown               Unknown  Unknown
mainApp            0000000000457C60  Unknown               Unknown  Unknown
mainApp            0000000000456E05  Unknown               Unknown  Unknown
libesmf.so         000014D7C330EB5C  f_esmf_compcollec         516  ESMF_Comp_C.F90
libesmf.so         000014D7C2EB3142  finalize                 3515  ESMCI_VM.C
libesmf.so         000014D7C2E7CD37  c_esmc_vmfinalize        1241  ESMCI_VM_F.C
libesmf.so         000014D7C3F3A24B  c_esmc_vmfinalize           0  ESMF_VM.F90
libesmf.so         000014D7C3F31E12  esmf_vmfinalize          9477  ESMF_VM.F90
libesmf.so         000014D7C3A4874A  esmf_finalize            1721  ESMF_Init.F90
mainApp            000000000041860E  mainapp                   112  mainApp.F90
mainApp            0000000000417B3D  Unknown               Unknown  Unknown
libc-2.31.so       000014D7BCE1A24D  __libc_start_main     Unknown  Unknown
mainApp            0000000000417A6A  Unknown               Unknown  Unknown
forrtl: severe (174): SIGSEGV, segmentation fault occurred
Image              PC                Routine            Line        Source             
libpthread-2.31.s  000014BEE89F2910  Unknown               Unknown  Unknown
mainApp            0000000000456C77  Unknown               Unknown  Unknown
mainApp            0000000000457C60  Unknown               Unknown  Unknown
mainApp            0000000000456E05  Unknown               Unknown  Unknown
libesmf.so         000014BEEEE43B5C  f_esmf_compcollec         516  ESMF_Comp_C.F90
libesmf.so         000014BEEE9E8142  finalize                 3515  ESMCI_VM.C
libesmf.so         000014BEEE9B1D37  c_esmc_vmfinalize        1241  ESMCI_VM_F.C
libesmf.so         000014BEEFA6F24B  c_esmc_vmfinalize           0  ESMF_VM.F90
libesmf.so         000014BEEFA66E12  esmf_vmfinalize          9477  ESMF_VM.F90
libesmf.so         000014BEEF57D74A  esmf_finalize            1721  ESMF_Init.F90
mainApp            000000000041860E  mainapp                   112  mainApp.F90
mainApp            0000000000417B3D  Unknown               Unknown  Unknown
libc-2.31.so       000014BEE881A24D  __libc_start_main     Unknown  Unknown
mainApp            0000000000417A6A  Unknown               Unknown  Unknown
forrtl: severe (174): SIGSEGV, segmentation fault occurred
Image              PC                Routine            Line        Source             
libpthread-2.31.s  0000147ED91F2910  Unknown               Unknown  Unknown
mainApp            0000000000456CB3  Unknown               Unknown  Unknown
mainApp            0000000000457C60  Unknown               Unknown  Unknown
mainApp            0000000000456E05  Unknown               Unknown  Unknown
libesmf.so         0000147EDF693B5C  f_esmf_compcollec         516  ESMF_Comp_C.F90
libesmf.so         0000147EDF238142  finalize                 3515  ESMCI_VM.C
libesmf.so         0000147EDF201D37  c_esmc_vmfinalize        1241  ESMCI_VM_F.C
libesmf.so         0000147EE02BF24B  c_esmc_vmfinalize           0  ESMF_VM.F90
libesmf.so         0000147EE02B6E12  esmf_vmfinalize          9477  ESMF_VM.F90
libesmf.so         0000147EDFDCD74A  esmf_finalize            1721  ESMF_Init.F90
mainApp            000000000041860E  mainapp                   112  mainApp.F90
mainApp            0000000000417B3D  Unknown               Unknown  Unknown
libc-2.31.so       0000147ED901A24D  __libc_start_main     Unknown  Unknown
mainApp            0000000000417A6A  Unknown               Unknown  Unknown
forrtl: severe (174): SIGSEGV, segmentation fault occurred
Image              PC                Routine            Line        Source             
libpthread-2.31.s  00001472D9BF2910  Unknown               Unknown  Unknown
mainApp            0000000000456CB3  Unknown               Unknown  Unknown
mainApp            0000000000457C60  Unknown               Unknown  Unknown
mainApp            0000000000456E05  Unknown               Unknown  Unknown
libesmf.so         00001472DFFC1B5C  f_esmf_compcollec         516  ESMF_Comp_C.F90
libesmf.so         00001472DFB66142  finalize                 3515  ESMCI_VM.C
libesmf.so         00001472DFB2FD37  c_esmc_vmfinalize        1241  ESMCI_VM_F.C
libesmf.so         00001472E0BED24B  c_esmc_vmfinalize           0  ESMF_VM.F90
libesmf.so         00001472E0BE4E12  esmf_vmfinalize          9477  ESMF_VM.F90
libesmf.so         00001472E06FB74A  esmf_finalize            1721  ESMF_Init.F90
mainApp            000000000041860E  mainapp                   112  mainApp.F90
mainApp            0000000000417B3D  Unknown               Unknown  Unknown
libc-2.31.so       00001472D9A1A24D  __libc_start_main     Unknown  Unknown
mainApp            0000000000417A6A  Unknown               Unknown  Unknown
srun: error: nid006781: tasks 0-3: Exited with exit code 174
srun: Terminating StepId=31362986.388
