2024-10-04 00:50:35
slurmstepd: error: couldn't chdir to `/tmp/intel_2023.1.0-oneAPI_mpi_g_v8.7.0/nuopc-app-prototypes/SingleModelProto': No such file or directory: going to /tmp instead
forrtl: severe (174): SIGSEGV, segmentation fault occurred
Image              PC                Routine            Line        Source             
libpthread-2.31.s  000014DF371F2910  Unknown               Unknown  Unknown
mainApp            000000000044BC80  Unknown               Unknown  Unknown
mainApp            000000000044CC20  Unknown               Unknown  Unknown
mainApp            000000000044BDC5  Unknown               Unknown  Unknown
libesmf.so         000014DF3D63CB5C  f_esmf_compcollec         516  ESMF_Comp_C.F90
libesmf.so         000014DF3D1E1142  finalize                 3515  ESMCI_VM.C
libesmf.so         000014DF3D1AAD37  c_esmc_vmfinalize        1241  ESMCI_VM_F.C
libesmf.so         000014DF3E26824B  c_esmc_vmfinalize           0  ESMF_VM.F90
libesmf.so         000014DF3E25FE12  esmf_vmfinalize          9477  ESMF_VM.F90
libesmf.so         000014DF3DD7674A  esmf_finalize            1721  ESMF_Init.F90
mainApp            000000000041791E  mainapp                   102  mainApp.F90
mainApp            0000000000416EFD  Unknown               Unknown  Unknown
libc-2.31.so       000014DF3701A24D  __libc_start_main     Unknown  Unknown
mainApp            0000000000416E2A  Unknown               Unknown  Unknown
forrtl: severe (174): SIGSEGV, segmentation fault occurred
Image              PC                Routine            Line        Source             
libpthread-2.31.s  0000148711BF2910  Unknown               Unknown  Unknown
mainApp            000000000044BC22  Unknown               Unknown  Unknown
mainApp            000000000044CC20  Unknown               Unknown  Unknown
mainApp            000000000044BDC5  Unknown               Unknown  Unknown
libesmf.so         0000148717FF5B5C  f_esmf_compcollec         516  ESMF_Comp_C.F90
libesmf.so         0000148717B9A142  finalize                 3515  ESMCI_VM.C
libesmf.so         0000148717B63D37  c_esmc_vmfinalize        1241  ESMCI_VM_F.C
libesmf.so         0000148718C2124B  c_esmc_vmfinalize           0  ESMF_VM.F90
libesmf.so         0000148718C18E12  esmf_vmfinalize          9477  ESMF_VM.F90
libesmf.so         000014871872F74A  esmf_finalize            1721  ESMF_Init.F90
mainApp            000000000041791E  mainapp                   102  mainApp.F90
mainApp            0000000000416EFD  Unknown               Unknown  Unknown
libc-2.31.so       0000148711A1A24D  __libc_start_main     Unknown  Unknown
mainApp            0000000000416E2A  Unknown               Unknown  Unknown
forrtl: severe (174): SIGSEGV, segmentation fault occurred
Image              PC                Routine            Line        Source             
libpthread-2.31.s  00001490785F2910  Unknown               Unknown  Unknown
mainApp            000000000044BC73  Unknown               Unknown  Unknown
mainApp            000000000044CC20  Unknown               Unknown  Unknown
mainApp            000000000044BDC5  Unknown               Unknown  Unknown
libesmf.so         000014907EA66B5C  f_esmf_compcollec         516  ESMF_Comp_C.F90
libesmf.so         000014907E60B142  finalize                 3515  ESMCI_VM.C
libesmf.so         000014907E5D4D37  c_esmc_vmfinalize        1241  ESMCI_VM_F.C
libesmf.so         000014907F69224B  c_esmc_vmfinalize           0  ESMF_VM.F90
libesmf.so         000014907F689E12  esmf_vmfinalize          9477  ESMF_VM.F90
libesmf.so         000014907F1A074A  esmf_finalize            1721  ESMF_Init.F90
mainApp            000000000041791E  mainapp                   102  mainApp.F90
mainApp            0000000000416EFD  Unknown               Unknown  Unknown
libc-2.31.so       000014907841A24D  __libc_start_main     Unknown  Unknown
mainApp            0000000000416E2A  Unknown               Unknown  Unknown
forrtl: severe (174): SIGSEGV, segmentation fault occurred
Image              PC                Routine            Line        Source             
libpthread-2.31.s  000014B09B3F2910  Unknown               Unknown  Unknown
mainApp            000000000044BC73  Unknown               Unknown  Unknown
mainApp            000000000044CC20  Unknown               Unknown  Unknown
mainApp            000000000044BDC5  Unknown               Unknown  Unknown
libesmf.so         000014B0A1815B5C  f_esmf_compcollec         516  ESMF_Comp_C.F90
libesmf.so         000014B0A13BA142  finalize                 3515  ESMCI_VM.C
libesmf.so         000014B0A1383D37  c_esmc_vmfinalize        1241  ESMCI_VM_F.C
libesmf.so         000014B0A244124B  c_esmc_vmfinalize           0  ESMF_VM.F90
libesmf.so         000014B0A2438E12  esmf_vmfinalize          9477  ESMF_VM.F90
libesmf.so         000014B0A1F4F74A  esmf_finalize            1721  ESMF_Init.F90
mainApp            000000000041791E  mainapp                   102  mainApp.F90
mainApp            0000000000416EFD  Unknown               Unknown  Unknown
libc-2.31.so       000014B09B21A24D  __libc_start_main     Unknown  Unknown
mainApp            0000000000416E2A  Unknown               Unknown  Unknown
srun: error: nid006781: tasks 0-3: Exited with exit code 174
srun: Terminating StepId=31362986.391
