2024-09-12 07:22:36
20240912 074720.943 INFO             PET0 !!!!!!!!!!!!!!!!!!!!!!!!!!!!!!!!!!!!!!!!!!!!!!!!!!!!!!
20240912 074720.943 INFO             PET0 !!! THE ESMF_LOG IS SET TO OUTPUT ALL LOG MESSAGES !!!
20240912 074720.943 INFO             PET0 !!!     THIS MAY CAUSE SLOWDOWN IN PERFORMANCE     !!!
20240912 074720.943 INFO             PET0 !!! FOR PRODUCTION RUNS, USE:                      !!!
20240912 074720.943 INFO             PET0 !!!                   ESMF_LOGKIND_Multi_On_Error  !!!
20240912 074720.943 INFO             PET0 !!!!!!!!!!!!!!!!!!!!!!!!!!!!!!!!!!!!!!!!!!!!!!!!!!!!!!
20240912 074720.943 INFO             PET0 Running with ESMF Version   : v8.7.0b14
20240912 074720.943 INFO             PET0 ESMF library build date/time: "Sep 12 2024" "07:20:17"
20240912 074720.943 INFO             PET0 ESMF library build location : /scratch2/NCEPDEV/stmp1/Gerhard.Theurich/ESMF-Nightly-Testing/gfortran_13.2.0_mpiuni_g_develop/esmf
20240912 074720.943 INFO             PET0 ESMF_COMM                   : mpiuni
20240912 074720.944 INFO             PET0 ESMF_MOAB                   : enabled
20240912 074720.944 INFO             PET0 ESMF_LAPACK                 : enabled
20240912 074720.944 INFO             PET0 ESMF_NETCDF                 : disabled
20240912 074720.944 INFO             PET0 ESMF_PNETCDF                : disabled
20240912 074720.944 INFO             PET0 ESMF_PIO                    : disabled
20240912 074720.944 INFO             PET0 ESMF_YAMLCPP                : enabled
20240912 074720.944 INFO             PET0  NUMBER_OF_PROCESSORS           1
20240912 074720.944 INFO             PET0  PASS  Example ESMF_VMDefaultBasicsEx, ESMF_VMDefaultBasicsEx.F90, line 107
20240912 074720.944 INFO             PET0  Finalizing ESMF
