2024-08-19 07:29:03
20240819 080053.863 INFO             PET0 !!!!!!!!!!!!!!!!!!!!!!!!!!!!!!!!!!!!!!!!!!!!!!!!!!!!!!
20240819 080053.864 INFO             PET0 !!! THE ESMF_LOG IS SET TO OUTPUT ALL LOG MESSAGES !!!
20240819 080053.864 INFO             PET0 !!!     THIS MAY CAUSE SLOWDOWN IN PERFORMANCE     !!!
20240819 080053.864 INFO             PET0 !!! FOR PRODUCTION RUNS, USE:                      !!!
20240819 080053.864 INFO             PET0 !!!                   ESMF_LOGKIND_Multi_On_Error  !!!
20240819 080053.864 INFO             PET0 !!!!!!!!!!!!!!!!!!!!!!!!!!!!!!!!!!!!!!!!!!!!!!!!!!!!!!
20240819 080053.864 INFO             PET0 Running with ESMF Version   : v8.7.0b11-4-gf6c03c51d1
20240819 080053.864 INFO             PET0 ESMF library build date/time: "Aug 19 2024" "07:25:59"
20240819 080053.864 INFO             PET0 ESMF library build location : /scratch2/NCEPDEV/stmp1/Gerhard.Theurich/ESMF-Nightly-Testing/gfortran_13.2.0_mpiuni_g_develop/esmf
20240819 080053.864 INFO             PET0 ESMF_COMM                   : mpiuni
20240819 080053.865 INFO             PET0 ESMF_MOAB                   : enabled
20240819 080053.865 INFO             PET0 ESMF_LAPACK                 : enabled
20240819 080053.865 INFO             PET0 ESMF_NETCDF                 : disabled
20240819 080053.865 INFO             PET0 ESMF_PNETCDF                : disabled
20240819 080053.865 INFO             PET0 ESMF_PIO                    : disabled
20240819 080053.865 INFO             PET0 ESMF_YAMLCPP                : enabled
20240819 080053.921 DEBUG            PET0 about to destroy Grid: 0x198dc10
20240819 080053.933 DEBUG            PET0 about to destroy Grid: 0x198fa40
20240819 080053.962 INFO             PET0  NUMBER_OF_PROCESSORS           1
20240819 080053.962 INFO             PET0  PASS  Example ESMF_NUOPCAtmModelEx, ESMF_NUOPCAtmModelEx.F90, line 806
20240819 080053.962 INFO             PET0  Finalizing ESMF
