2024-09-29 02:12:43
20240929 032449.349 INFO             PET0 !!!!!!!!!!!!!!!!!!!!!!!!!!!!!!!!!!!!!!!!!!!!!!!!!!!!!!
20240929 032449.349 INFO             PET0 !!! THE ESMF_LOG IS SET TO OUTPUT ALL LOG MESSAGES !!!
20240929 032449.349 INFO             PET0 !!!     THIS MAY CAUSE SLOWDOWN IN PERFORMANCE     !!!
20240929 032449.349 INFO             PET0 !!! FOR PRODUCTION RUNS, USE:                      !!!
20240929 032449.349 INFO             PET0 !!!                   ESMF_LOGKIND_Multi_On_Error  !!!
20240929 032449.349 INFO             PET0 !!!!!!!!!!!!!!!!!!!!!!!!!!!!!!!!!!!!!!!!!!!!!!!!!!!!!!
20240929 032449.349 INFO             PET0 Running with ESMF Version   : v8.7.0b14-1-g2597b0a993
20240929 032449.349 INFO             PET0 ESMF library build date/time: "Sep 29 2024" "02:08:52"
20240929 032449.349 INFO             PET0 ESMF library build location : /glade/derecho/scratch/sacks/esmf-testing/intel_2023.2.1_mpi_O_release_8.7.0/esmf
20240929 032449.349 INFO             PET0 ESMF_COMM                   : mpi
20240929 032449.350 INFO             PET0 ESMF_MOAB                   : enabled
20240929 032449.350 INFO             PET0 ESMF_LAPACK                 : enabled
20240929 032449.350 INFO             PET0 ESMF_NETCDF                 : enabled
20240929 032449.350 INFO             PET0 ESMF_PNETCDF                : disabled
20240929 032449.350 INFO             PET0 ESMF_PIO                    : enabled
20240929 032449.350 INFO             PET0 ESMF_YAMLCPP                : enabled
20240929 032449.351 INFO             PET0 =============================================
20240929 032449.351 INFO             PET0 ESMX (Earth System Model eXecutable) STARTING
20240929 032449.351 INFO             PET0 =============================================
20240929 032449.353 INFO             PET0 ESMX_Driver: InitializeGeneric intro.
20240929 032449.353 INFO             PET0   ESMX_Driver: InitializeP0 intro.
20240929 032449.353 INFO             PET0   ESMX_Driver: InitializeP0 extro.
20240929 032449.353 INFO             PET0   ESMX_Driver: InitializeIPDv02p1 intro.
20240929 032449.353 INFO             PET0     >>>ESMX_Driver: entered Initialize (phase=<none>) without valid internal Clock.
20240929 032449.354 INFO             PET0     ESMX_Driver - Creating model component MDL without petList.
20240929 032449.363 DEBUG            PET0     Generic SetVM() is executing for: MDL
20240929 032449.363 DEBUG            PET0     Generic SetVM() found no NUOPC Hint for: MDL
20240929 032449.363 DEBUG            PET0     Generic SetVM() therefore is NOT calling ESMF_GridCompSetVMMaxPEs() for: MDL
20240929 032449.365 INFO             PET0     ESMX_Driver: IInitAdvertise intro.
20240929 032449.365 INFO             PET0     ESMX_Driver: IInitAdvertise extro.
20240929 032449.365 INFO             PET0     Message from inside C component Advertise() method
20240929 032449.570 INFO             PET0     include("/glade/derecho/scratch/sacks/esmf-testing/intel_2023.2.1_mpi_O_release_8.7.0/nuopc-app-prototypes/ESMX_SingleModelInJuliaProto/SiMoCoJulia/simocojulia_model.jl")
20240929 032449.742 INFO             PET0     path to C library: /glade/derecho/scratch/sacks/esmf-testing/intel_2023.2.1_mpi_O_release_8.7.0/nuopc-app-prototypes/ESMX_SingleModelInJuliaProto/build/SiMoCoJulia/libSiMoCoJulia.so
20240929 032449.743 INFO             PET0     ESMX_Driver: IInitAdvertiseFinish intro.
20240929 032449.743 INFO             PET0     ESMX_Driver: IInitAdvertiseFinish extro.
20240929 032449.743 INFO             PET0     ESMX_Driver: IInitModifyCplLists intro.
20240929 032449.743 INFO             PET0     ESMX_Driver: IInitModifyCplLists extro.
20240929 032449.743 INFO             PET0     <<<ESMX_Driver: leaving Initialize (phase=<none>) with current time: 2012 10 24 18  0  0   0
20240929 032449.743 INFO             PET0   ESMX_Driver: InitializeIPDv02p1 extro.
20240929 032449.743 INFO             PET0   ESMX_Driver: InitializeIPDv02p3 intro.
20240929 032449.743 INFO             PET0     >>>ESMX_Driver: entered Initialize (phase=<none>) with current time: 2012 10 24 18  0  0   0
20240929 032449.743 INFO             PET0     ESMX_Driver: IInitCheck intro.
20240929 032449.743 INFO             PET0     ESMX_Driver: IInitCheck extro.
20240929 032449.743 INFO             PET0     ESMX_Driver: IInitRealize intro.
20240929 032449.743 INFO             PET0     ESMX_Driver: IInitRealize extro.
20240929 032449.744 INFO             PET0     <<<ESMX_Driver: leaving Initialize (phase=<none>) with current time: 2012 10 24 18  0  0   0
20240929 032449.744 INFO             PET0   ESMX_Driver: InitializeIPDv02p3 extro.
20240929 032449.744 INFO             PET0   ESMX_Driver: InitializeIPDv02p5 intro.
20240929 032449.744 INFO             PET0     >>>ESMX_Driver: entered Initialize (phase=<none>) with current time: 2012 10 24 18  0  0   0
20240929 032449.744 INFO             PET0     ESMX_Driver: InitializeIPDv02p5Data intro.
20240929 032449.744 INFO             PET0       ESMX_Driver: InternalInitializeComplete intro.
20240929 032449.744 INFO             PET0       ESMX_Driver: InternalInitializeComplete extro.
20240929 032449.744 INFO             PET0       ESMX_Driver: loopDataDependentInitialize intro.
20240929 032449.744 INFO             PET0       ESMX_Driver: loopDataDependentInitialize extro.
20240929 032449.744 INFO             PET0     ESMX_Driver: InitializeIPDv02p5Data extro.
20240929 032449.744 INFO             PET0     <<<ESMX_Driver: leaving Initialize (phase=<none>) with current time: 2012 10 24 18  0  0   0
20240929 032449.744 INFO             PET0   ESMX_Driver: InitializeIPDv02p5 extro.
20240929 032449.744 INFO             PET0 ESMX_Driver: InitializeGeneric extro.
20240929 032449.744 INFO             PET0 ESMX_Driver: Run intro.
20240929 032449.744 INFO             PET0   >>>ESMX_Driver: entered Run (phase=RunPhase1) with current time: 2012 10 24 18  0  0   0
20240929 032449.744 INFO             PET0   Message from inside C component Advance() method
20240929 032449.773 INFO             PET0   model_state times_called: 1
20240929 032449.773 INFO             PET0   Message from inside C component Advance() method
20240929 032449.773 INFO             PET0   model_state times_called: 2
20240929 032449.773 INFO             PET0   Message from inside C component Advance() method
20240929 032449.773 INFO             PET0   model_state times_called: 3
20240929 032449.773 INFO             PET0   Message from inside C component Advance() method
20240929 032449.773 INFO             PET0   model_state times_called: 4
20240929 032449.773 INFO             PET0   <<<ESMX_Driver: leaving Run (phase=RunPhase1) with current time: 2012 10 24 19  0  0   0
20240929 032449.773 INFO             PET0 ESMX_Driver: Run extro.
20240929 032449.774 INFO             PET0 ESMX_Driver: Finalize intro.
20240929 032449.774 INFO             PET0   Calling Finalize phase 1 for modelComp: MDL
20240929 032449.774 INFO             PET0   Message from inside C component Finalize() method
20240929 032449.774 INFO             PET0   Delete modelComp: MDL
20240929 032449.774 INFO             PET0 ESMX_Driver: Finalize extro.
20240929 032449.774 INFO             PET0 =============================================
20240929 032449.774 INFO             PET0 ESMX (Earth System Model eXecutable) FINISHED
20240929 032449.774 INFO             PET0 =============================================
20240929 032449.774 INFO             PET0  Finalizing ESMF
20240929 032449.348 INFO             PET1 !!!!!!!!!!!!!!!!!!!!!!!!!!!!!!!!!!!!!!!!!!!!!!!!!!!!!!
20240929 032449.348 INFO             PET1 !!! THE ESMF_LOG IS SET TO OUTPUT ALL LOG MESSAGES !!!
20240929 032449.348 INFO             PET1 !!!     THIS MAY CAUSE SLOWDOWN IN PERFORMANCE     !!!
20240929 032449.348 INFO             PET1 !!! FOR PRODUCTION RUNS, USE:                      !!!
20240929 032449.348 INFO             PET1 !!!                   ESMF_LOGKIND_Multi_On_Error  !!!
20240929 032449.348 INFO             PET1 !!!!!!!!!!!!!!!!!!!!!!!!!!!!!!!!!!!!!!!!!!!!!!!!!!!!!!
20240929 032449.348 INFO             PET1 Running with ESMF Version   : v8.7.0b14-1-g2597b0a993
20240929 032449.348 INFO             PET1 ESMF library build date/time: "Sep 29 2024" "02:08:52"
20240929 032449.348 INFO             PET1 ESMF library build location : /glade/derecho/scratch/sacks/esmf-testing/intel_2023.2.1_mpi_O_release_8.7.0/esmf
20240929 032449.348 INFO             PET1 ESMF_COMM                   : mpi
20240929 032449.349 INFO             PET1 ESMF_MOAB                   : enabled
20240929 032449.349 INFO             PET1 ESMF_LAPACK                 : enabled
20240929 032449.349 INFO             PET1 ESMF_NETCDF                 : enabled
20240929 032449.349 INFO             PET1 ESMF_PNETCDF                : disabled
20240929 032449.349 INFO             PET1 ESMF_PIO                    : enabled
20240929 032449.349 INFO             PET1 ESMF_YAMLCPP                : enabled
20240929 032449.351 INFO             PET1 =============================================
20240929 032449.351 INFO             PET1 ESMX (Earth System Model eXecutable) STARTING
20240929 032449.351 INFO             PET1 =============================================
20240929 032449.353 INFO             PET1 ESMX_Driver: InitializeGeneric intro.
20240929 032449.353 INFO             PET1   ESMX_Driver: InitializeP0 intro.
20240929 032449.353 INFO             PET1   ESMX_Driver: InitializeP0 extro.
20240929 032449.353 INFO             PET1   ESMX_Driver: InitializeIPDv02p1 intro.
20240929 032449.353 INFO             PET1     >>>ESMX_Driver: entered Initialize (phase=<none>) without valid internal Clock.
20240929 032449.354 INFO             PET1     ESMX_Driver - Creating model component MDL without petList.
20240929 032449.355 DEBUG            PET1     Generic SetVM() is executing for: MDL
20240929 032449.355 DEBUG            PET1     Generic SetVM() found no NUOPC Hint for: MDL
20240929 032449.355 DEBUG            PET1     Generic SetVM() therefore is NOT calling ESMF_GridCompSetVMMaxPEs() for: MDL
20240929 032449.365 INFO             PET1     ESMX_Driver: IInitAdvertise intro.
20240929 032449.365 INFO             PET1     ESMX_Driver: IInitAdvertise extro.
20240929 032449.365 INFO             PET1     Message from inside C component Advertise() method
20240929 032449.571 INFO             PET1     include("/glade/derecho/scratch/sacks/esmf-testing/intel_2023.2.1_mpi_O_release_8.7.0/nuopc-app-prototypes/ESMX_SingleModelInJuliaProto/SiMoCoJulia/simocojulia_model.jl")
20240929 032449.742 INFO             PET1     path to C library: /glade/derecho/scratch/sacks/esmf-testing/intel_2023.2.1_mpi_O_release_8.7.0/nuopc-app-prototypes/ESMX_SingleModelInJuliaProto/build/SiMoCoJulia/libSiMoCoJulia.so
20240929 032449.743 INFO             PET1     ESMX_Driver: IInitAdvertiseFinish intro.
20240929 032449.743 INFO             PET1     ESMX_Driver: IInitAdvertiseFinish extro.
20240929 032449.743 INFO             PET1     ESMX_Driver: IInitModifyCplLists intro.
20240929 032449.743 INFO             PET1     ESMX_Driver: IInitModifyCplLists extro.
20240929 032449.743 INFO             PET1     <<<ESMX_Driver: leaving Initialize (phase=<none>) with current time: 2012 10 24 18  0  0   0
20240929 032449.743 INFO             PET1   ESMX_Driver: InitializeIPDv02p1 extro.
20240929 032449.743 INFO             PET1   ESMX_Driver: InitializeIPDv02p3 intro.
20240929 032449.743 INFO             PET1     >>>ESMX_Driver: entered Initialize (phase=<none>) with current time: 2012 10 24 18  0  0   0
20240929 032449.743 INFO             PET1     ESMX_Driver: IInitCheck intro.
20240929 032449.743 INFO             PET1     ESMX_Driver: IInitCheck extro.
20240929 032449.743 INFO             PET1     ESMX_Driver: IInitRealize intro.
20240929 032449.743 INFO             PET1     ESMX_Driver: IInitRealize extro.
20240929 032449.744 INFO             PET1     <<<ESMX_Driver: leaving Initialize (phase=<none>) with current time: 2012 10 24 18  0  0   0
20240929 032449.744 INFO             PET1   ESMX_Driver: InitializeIPDv02p3 extro.
20240929 032449.744 INFO             PET1   ESMX_Driver: InitializeIPDv02p5 intro.
20240929 032449.744 INFO             PET1     >>>ESMX_Driver: entered Initialize (phase=<none>) with current time: 2012 10 24 18  0  0   0
20240929 032449.744 INFO             PET1     ESMX_Driver: InitializeIPDv02p5Data intro.
20240929 032449.744 INFO             PET1       ESMX_Driver: InternalInitializeComplete intro.
20240929 032449.744 INFO             PET1       ESMX_Driver: InternalInitializeComplete extro.
20240929 032449.744 INFO             PET1       ESMX_Driver: loopDataDependentInitialize intro.
20240929 032449.744 INFO             PET1       ESMX_Driver: loopDataDependentInitialize extro.
20240929 032449.744 INFO             PET1     ESMX_Driver: InitializeIPDv02p5Data extro.
20240929 032449.744 INFO             PET1     <<<ESMX_Driver: leaving Initialize (phase=<none>) with current time: 2012 10 24 18  0  0   0
20240929 032449.744 INFO             PET1   ESMX_Driver: InitializeIPDv02p5 extro.
20240929 032449.744 INFO             PET1 ESMX_Driver: InitializeGeneric extro.
20240929 032449.744 INFO             PET1 ESMX_Driver: Run intro.
20240929 032449.744 INFO             PET1   >>>ESMX_Driver: entered Run (phase=RunPhase1) with current time: 2012 10 24 18  0  0   0
20240929 032449.744 INFO             PET1   Message from inside C component Advance() method
20240929 032449.773 INFO             PET1   model_state times_called: 1
20240929 032449.773 INFO             PET1   Message from inside C component Advance() method
20240929 032449.773 INFO             PET1   model_state times_called: 2
20240929 032449.773 INFO             PET1   Message from inside C component Advance() method
20240929 032449.773 INFO             PET1   model_state times_called: 3
20240929 032449.773 INFO             PET1   Message from inside C component Advance() method
20240929 032449.773 INFO             PET1   model_state times_called: 4
20240929 032449.773 INFO             PET1   <<<ESMX_Driver: leaving Run (phase=RunPhase1) with current time: 2012 10 24 19  0  0   0
20240929 032449.773 INFO             PET1 ESMX_Driver: Run extro.
20240929 032449.774 INFO             PET1 ESMX_Driver: Finalize intro.
20240929 032449.774 INFO             PET1   Calling Finalize phase 1 for modelComp: MDL
20240929 032449.774 INFO             PET1   Message from inside C component Finalize() method
20240929 032449.774 INFO             PET1   Delete modelComp: MDL
20240929 032449.774 INFO             PET1 ESMX_Driver: Finalize extro.
20240929 032449.774 INFO             PET1 =============================================
20240929 032449.774 INFO             PET1 ESMX (Earth System Model eXecutable) FINISHED
20240929 032449.774 INFO             PET1 =============================================
20240929 032449.774 INFO             PET1  Finalizing ESMF
20240929 032449.349 INFO             PET2 !!!!!!!!!!!!!!!!!!!!!!!!!!!!!!!!!!!!!!!!!!!!!!!!!!!!!!
20240929 032449.349 INFO             PET2 !!! THE ESMF_LOG IS SET TO OUTPUT ALL LOG MESSAGES !!!
20240929 032449.349 INFO             PET2 !!!     THIS MAY CAUSE SLOWDOWN IN PERFORMANCE     !!!
20240929 032449.349 INFO             PET2 !!! FOR PRODUCTION RUNS, USE:                      !!!
20240929 032449.349 INFO             PET2 !!!                   ESMF_LOGKIND_Multi_On_Error  !!!
20240929 032449.349 INFO             PET2 !!!!!!!!!!!!!!!!!!!!!!!!!!!!!!!!!!!!!!!!!!!!!!!!!!!!!!
20240929 032449.349 INFO             PET2 Running with ESMF Version   : v8.7.0b14-1-g2597b0a993
20240929 032449.349 INFO             PET2 ESMF library build date/time: "Sep 29 2024" "02:08:52"
20240929 032449.349 INFO             PET2 ESMF library build location : /glade/derecho/scratch/sacks/esmf-testing/intel_2023.2.1_mpi_O_release_8.7.0/esmf
20240929 032449.349 INFO             PET2 ESMF_COMM                   : mpi
20240929 032449.350 INFO             PET2 ESMF_MOAB                   : enabled
20240929 032449.350 INFO             PET2 ESMF_LAPACK                 : enabled
20240929 032449.350 INFO             PET2 ESMF_NETCDF                 : enabled
20240929 032449.350 INFO             PET2 ESMF_PNETCDF                : disabled
20240929 032449.350 INFO             PET2 ESMF_PIO                    : enabled
20240929 032449.350 INFO             PET2 ESMF_YAMLCPP                : enabled
20240929 032449.351 INFO             PET2 =============================================
20240929 032449.351 INFO             PET2 ESMX (Earth System Model eXecutable) STARTING
20240929 032449.351 INFO             PET2 =============================================
20240929 032449.353 INFO             PET2 ESMX_Driver: InitializeGeneric intro.
20240929 032449.353 INFO             PET2   ESMX_Driver: InitializeP0 intro.
20240929 032449.353 INFO             PET2   ESMX_Driver: InitializeP0 extro.
20240929 032449.353 INFO             PET2   ESMX_Driver: InitializeIPDv02p1 intro.
20240929 032449.353 INFO             PET2     >>>ESMX_Driver: entered Initialize (phase=<none>) without valid internal Clock.
20240929 032449.354 INFO             PET2     ESMX_Driver - Creating model component MDL without petList.
20240929 032449.362 DEBUG            PET2     Generic SetVM() is executing for: MDL
20240929 032449.362 DEBUG            PET2     Generic SetVM() found no NUOPC Hint for: MDL
20240929 032449.362 DEBUG            PET2     Generic SetVM() therefore is NOT calling ESMF_GridCompSetVMMaxPEs() for: MDL
20240929 032449.365 INFO             PET2     ESMX_Driver: IInitAdvertise intro.
20240929 032449.365 INFO             PET2     ESMX_Driver: IInitAdvertise extro.
20240929 032449.365 INFO             PET2     Message from inside C component Advertise() method
20240929 032449.571 INFO             PET2     include("/glade/derecho/scratch/sacks/esmf-testing/intel_2023.2.1_mpi_O_release_8.7.0/nuopc-app-prototypes/ESMX_SingleModelInJuliaProto/SiMoCoJulia/simocojulia_model.jl")
20240929 032449.742 INFO             PET2     path to C library: /glade/derecho/scratch/sacks/esmf-testing/intel_2023.2.1_mpi_O_release_8.7.0/nuopc-app-prototypes/ESMX_SingleModelInJuliaProto/build/SiMoCoJulia/libSiMoCoJulia.so
20240929 032449.743 INFO             PET2     ESMX_Driver: IInitAdvertiseFinish intro.
20240929 032449.743 INFO             PET2     ESMX_Driver: IInitAdvertiseFinish extro.
20240929 032449.743 INFO             PET2     ESMX_Driver: IInitModifyCplLists intro.
20240929 032449.743 INFO             PET2     ESMX_Driver: IInitModifyCplLists extro.
20240929 032449.743 INFO             PET2     <<<ESMX_Driver: leaving Initialize (phase=<none>) with current time: 2012 10 24 18  0  0   0
20240929 032449.743 INFO             PET2   ESMX_Driver: InitializeIPDv02p1 extro.
20240929 032449.743 INFO             PET2   ESMX_Driver: InitializeIPDv02p3 intro.
20240929 032449.743 INFO             PET2     >>>ESMX_Driver: entered Initialize (phase=<none>) with current time: 2012 10 24 18  0  0   0
20240929 032449.743 INFO             PET2     ESMX_Driver: IInitCheck intro.
20240929 032449.743 INFO             PET2     ESMX_Driver: IInitCheck extro.
20240929 032449.743 INFO             PET2     ESMX_Driver: IInitRealize intro.
20240929 032449.743 INFO             PET2     ESMX_Driver: IInitRealize extro.
20240929 032449.744 INFO             PET2     <<<ESMX_Driver: leaving Initialize (phase=<none>) with current time: 2012 10 24 18  0  0   0
20240929 032449.744 INFO             PET2   ESMX_Driver: InitializeIPDv02p3 extro.
20240929 032449.744 INFO             PET2   ESMX_Driver: InitializeIPDv02p5 intro.
20240929 032449.744 INFO             PET2     >>>ESMX_Driver: entered Initialize (phase=<none>) with current time: 2012 10 24 18  0  0   0
20240929 032449.744 INFO             PET2     ESMX_Driver: InitializeIPDv02p5Data intro.
20240929 032449.744 INFO             PET2       ESMX_Driver: InternalInitializeComplete intro.
20240929 032449.744 INFO             PET2       ESMX_Driver: InternalInitializeComplete extro.
20240929 032449.744 INFO             PET2       ESMX_Driver: loopDataDependentInitialize intro.
20240929 032449.744 INFO             PET2       ESMX_Driver: loopDataDependentInitialize extro.
20240929 032449.744 INFO             PET2     ESMX_Driver: InitializeIPDv02p5Data extro.
20240929 032449.744 INFO             PET2     <<<ESMX_Driver: leaving Initialize (phase=<none>) with current time: 2012 10 24 18  0  0   0
20240929 032449.744 INFO             PET2   ESMX_Driver: InitializeIPDv02p5 extro.
20240929 032449.744 INFO             PET2 ESMX_Driver: InitializeGeneric extro.
20240929 032449.744 INFO             PET2 ESMX_Driver: Run intro.
20240929 032449.744 INFO             PET2   >>>ESMX_Driver: entered Run (phase=RunPhase1) with current time: 2012 10 24 18  0  0   0
20240929 032449.744 INFO             PET2   Message from inside C component Advance() method
20240929 032449.773 INFO             PET2   model_state times_called: 1
20240929 032449.773 INFO             PET2   Message from inside C component Advance() method
20240929 032449.773 INFO             PET2   model_state times_called: 2
20240929 032449.773 INFO             PET2   Message from inside C component Advance() method
20240929 032449.773 INFO             PET2   model_state times_called: 3
20240929 032449.773 INFO             PET2   Message from inside C component Advance() method
20240929 032449.773 INFO             PET2   model_state times_called: 4
20240929 032449.773 INFO             PET2   <<<ESMX_Driver: leaving Run (phase=RunPhase1) with current time: 2012 10 24 19  0  0   0
20240929 032449.773 INFO             PET2 ESMX_Driver: Run extro.
20240929 032449.774 INFO             PET2 ESMX_Driver: Finalize intro.
20240929 032449.774 INFO             PET2   Calling Finalize phase 1 for modelComp: MDL
20240929 032449.774 INFO             PET2   Message from inside C component Finalize() method
20240929 032449.774 INFO             PET2   Delete modelComp: MDL
20240929 032449.774 INFO             PET2 ESMX_Driver: Finalize extro.
20240929 032449.774 INFO             PET2 =============================================
20240929 032449.774 INFO             PET2 ESMX (Earth System Model eXecutable) FINISHED
20240929 032449.774 INFO             PET2 =============================================
20240929 032449.774 INFO             PET2  Finalizing ESMF
20240929 032449.349 INFO             PET3 !!!!!!!!!!!!!!!!!!!!!!!!!!!!!!!!!!!!!!!!!!!!!!!!!!!!!!
20240929 032449.349 INFO             PET3 !!! THE ESMF_LOG IS SET TO OUTPUT ALL LOG MESSAGES !!!
20240929 032449.349 INFO             PET3 !!!     THIS MAY CAUSE SLOWDOWN IN PERFORMANCE     !!!
20240929 032449.349 INFO             PET3 !!! FOR PRODUCTION RUNS, USE:                      !!!
20240929 032449.349 INFO             PET3 !!!                   ESMF_LOGKIND_Multi_On_Error  !!!
20240929 032449.349 INFO             PET3 !!!!!!!!!!!!!!!!!!!!!!!!!!!!!!!!!!!!!!!!!!!!!!!!!!!!!!
20240929 032449.349 INFO             PET3 Running with ESMF Version   : v8.7.0b14-1-g2597b0a993
20240929 032449.349 INFO             PET3 ESMF library build date/time: "Sep 29 2024" "02:08:52"
20240929 032449.349 INFO             PET3 ESMF library build location : /glade/derecho/scratch/sacks/esmf-testing/intel_2023.2.1_mpi_O_release_8.7.0/esmf
20240929 032449.349 INFO             PET3 ESMF_COMM                   : mpi
20240929 032449.350 INFO             PET3 ESMF_MOAB                   : enabled
20240929 032449.350 INFO             PET3 ESMF_LAPACK                 : enabled
20240929 032449.350 INFO             PET3 ESMF_NETCDF                 : enabled
20240929 032449.350 INFO             PET3 ESMF_PNETCDF                : disabled
20240929 032449.350 INFO             PET3 ESMF_PIO                    : enabled
20240929 032449.350 INFO             PET3 ESMF_YAMLCPP                : enabled
20240929 032449.351 INFO             PET3 =============================================
20240929 032449.351 INFO             PET3 ESMX (Earth System Model eXecutable) STARTING
20240929 032449.351 INFO             PET3 =============================================
20240929 032449.353 INFO             PET3 ESMX_Driver: InitializeGeneric intro.
20240929 032449.353 INFO             PET3   ESMX_Driver: InitializeP0 intro.
20240929 032449.353 INFO             PET3   ESMX_Driver: InitializeP0 extro.
20240929 032449.353 INFO             PET3   ESMX_Driver: InitializeIPDv02p1 intro.
20240929 032449.353 INFO             PET3     >>>ESMX_Driver: entered Initialize (phase=<none>) without valid internal Clock.
20240929 032449.354 INFO             PET3     ESMX_Driver - Creating model component MDL without petList.
20240929 032449.355 DEBUG            PET3     Generic SetVM() is executing for: MDL
20240929 032449.355 DEBUG            PET3     Generic SetVM() found no NUOPC Hint for: MDL
20240929 032449.355 DEBUG            PET3     Generic SetVM() therefore is NOT calling ESMF_GridCompSetVMMaxPEs() for: MDL
20240929 032449.365 INFO             PET3     ESMX_Driver: IInitAdvertise intro.
20240929 032449.365 INFO             PET3     ESMX_Driver: IInitAdvertise extro.
20240929 032449.365 INFO             PET3     Message from inside C component Advertise() method
20240929 032449.571 INFO             PET3     include("/glade/derecho/scratch/sacks/esmf-testing/intel_2023.2.1_mpi_O_release_8.7.0/nuopc-app-prototypes/ESMX_SingleModelInJuliaProto/SiMoCoJulia/simocojulia_model.jl")
20240929 032449.742 INFO             PET3     path to C library: /glade/derecho/scratch/sacks/esmf-testing/intel_2023.2.1_mpi_O_release_8.7.0/nuopc-app-prototypes/ESMX_SingleModelInJuliaProto/build/SiMoCoJulia/libSiMoCoJulia.so
20240929 032449.743 INFO             PET3     ESMX_Driver: IInitAdvertiseFinish intro.
20240929 032449.743 INFO             PET3     ESMX_Driver: IInitAdvertiseFinish extro.
20240929 032449.743 INFO             PET3     ESMX_Driver: IInitModifyCplLists intro.
20240929 032449.743 INFO             PET3     ESMX_Driver: IInitModifyCplLists extro.
20240929 032449.743 INFO             PET3     <<<ESMX_Driver: leaving Initialize (phase=<none>) with current time: 2012 10 24 18  0  0   0
20240929 032449.743 INFO             PET3   ESMX_Driver: InitializeIPDv02p1 extro.
20240929 032449.743 INFO             PET3   ESMX_Driver: InitializeIPDv02p3 intro.
20240929 032449.743 INFO             PET3     >>>ESMX_Driver: entered Initialize (phase=<none>) with current time: 2012 10 24 18  0  0   0
20240929 032449.743 INFO             PET3     ESMX_Driver: IInitCheck intro.
20240929 032449.743 INFO             PET3     ESMX_Driver: IInitCheck extro.
20240929 032449.743 INFO             PET3     ESMX_Driver: IInitRealize intro.
20240929 032449.743 INFO             PET3     ESMX_Driver: IInitRealize extro.
20240929 032449.744 INFO             PET3     <<<ESMX_Driver: leaving Initialize (phase=<none>) with current time: 2012 10 24 18  0  0   0
20240929 032449.744 INFO             PET3   ESMX_Driver: InitializeIPDv02p3 extro.
20240929 032449.744 INFO             PET3   ESMX_Driver: InitializeIPDv02p5 intro.
20240929 032449.744 INFO             PET3     >>>ESMX_Driver: entered Initialize (phase=<none>) with current time: 2012 10 24 18  0  0   0
20240929 032449.744 INFO             PET3     ESMX_Driver: InitializeIPDv02p5Data intro.
20240929 032449.744 INFO             PET3       ESMX_Driver: InternalInitializeComplete intro.
20240929 032449.744 INFO             PET3       ESMX_Driver: InternalInitializeComplete extro.
20240929 032449.744 INFO             PET3       ESMX_Driver: loopDataDependentInitialize intro.
20240929 032449.744 INFO             PET3       ESMX_Driver: loopDataDependentInitialize extro.
20240929 032449.744 INFO             PET3     ESMX_Driver: InitializeIPDv02p5Data extro.
20240929 032449.744 INFO             PET3     <<<ESMX_Driver: leaving Initialize (phase=<none>) with current time: 2012 10 24 18  0  0   0
20240929 032449.744 INFO             PET3   ESMX_Driver: InitializeIPDv02p5 extro.
20240929 032449.744 INFO             PET3 ESMX_Driver: InitializeGeneric extro.
20240929 032449.744 INFO             PET3 ESMX_Driver: Run intro.
20240929 032449.744 INFO             PET3   >>>ESMX_Driver: entered Run (phase=RunPhase1) with current time: 2012 10 24 18  0  0   0
20240929 032449.744 INFO             PET3   Message from inside C component Advance() method
20240929 032449.773 INFO             PET3   model_state times_called: 1
20240929 032449.773 INFO             PET3   Message from inside C component Advance() method
20240929 032449.773 INFO             PET3   model_state times_called: 2
20240929 032449.773 INFO             PET3   Message from inside C component Advance() method
20240929 032449.773 INFO             PET3   model_state times_called: 3
20240929 032449.773 INFO             PET3   Message from inside C component Advance() method
20240929 032449.773 INFO             PET3   model_state times_called: 4
20240929 032449.773 INFO             PET3   <<<ESMX_Driver: leaving Run (phase=RunPhase1) with current time: 2012 10 24 19  0  0   0
20240929 032449.773 INFO             PET3 ESMX_Driver: Run extro.
20240929 032449.774 INFO             PET3 ESMX_Driver: Finalize intro.
20240929 032449.774 INFO             PET3   Calling Finalize phase 1 for modelComp: MDL
20240929 032449.774 INFO             PET3   Message from inside C component Finalize() method
20240929 032449.774 INFO             PET3   Delete modelComp: MDL
20240929 032449.774 INFO             PET3 ESMX_Driver: Finalize extro.
20240929 032449.774 INFO             PET3 =============================================
20240929 032449.774 INFO             PET3 ESMX (Earth System Model eXecutable) FINISHED
20240929 032449.774 INFO             PET3 =============================================
20240929 032449.774 INFO             PET3  Finalizing ESMF
