2024-10-01 01:56:47
20241001 024729.682 INFO             PET0 !!!!!!!!!!!!!!!!!!!!!!!!!!!!!!!!!!!!!!!!!!!!!!!!!!!!!!
20241001 024729.682 INFO             PET0 !!! THE ESMF_LOG IS SET TO OUTPUT ALL LOG MESSAGES !!!
20241001 024729.682 INFO             PET0 !!!     THIS MAY CAUSE SLOWDOWN IN PERFORMANCE     !!!
20241001 024729.682 INFO             PET0 !!! FOR PRODUCTION RUNS, USE:                      !!!
20241001 024729.682 INFO             PET0 !!!                   ESMF_LOGKIND_Multi_On_Error  !!!
20241001 024729.682 INFO             PET0 !!!!!!!!!!!!!!!!!!!!!!!!!!!!!!!!!!!!!!!!!!!!!!!!!!!!!!
20241001 024729.682 INFO             PET0 Running with ESMF Version   : v8.7.0b14-1-g2597b0a993
20241001 024729.682 INFO             PET0 ESMF library build date/time: "Oct  1 2024" "01:54:01"
20241001 024729.682 INFO             PET0 ESMF library build location : /glade/derecho/scratch/sacks/esmf-testing/intel_2023.2.1_mpi_O_release_8.7.0/esmf
20241001 024729.682 INFO             PET0 ESMF_COMM                   : mpi
20241001 024729.683 INFO             PET0 ESMF_MOAB                   : enabled
20241001 024729.683 INFO             PET0 ESMF_LAPACK                 : enabled
20241001 024729.683 INFO             PET0 ESMF_NETCDF                 : enabled
20241001 024729.683 INFO             PET0 ESMF_PNETCDF                : disabled
20241001 024729.683 INFO             PET0 ESMF_PIO                    : enabled
20241001 024729.683 INFO             PET0 ESMF_YAMLCPP                : enabled
20241001 024729.684 INFO             PET0 =============================================
20241001 024729.684 INFO             PET0 ESMX (Earth System Model eXecutable) STARTING
20241001 024729.684 INFO             PET0 =============================================
20241001 024729.688 INFO             PET0 =============================================
20241001 024729.688 INFO             PET0 ESMX (Earth System Model eXecutable) FINISHED
20241001 024729.688 INFO             PET0 =============================================
20241001 024729.688 INFO             PET0  Finalizing ESMF
20241001 024729.681 INFO             PET1 !!!!!!!!!!!!!!!!!!!!!!!!!!!!!!!!!!!!!!!!!!!!!!!!!!!!!!
20241001 024729.681 INFO             PET1 !!! THE ESMF_LOG IS SET TO OUTPUT ALL LOG MESSAGES !!!
20241001 024729.681 INFO             PET1 !!!     THIS MAY CAUSE SLOWDOWN IN PERFORMANCE     !!!
20241001 024729.681 INFO             PET1 !!! FOR PRODUCTION RUNS, USE:                      !!!
20241001 024729.681 INFO             PET1 !!!                   ESMF_LOGKIND_Multi_On_Error  !!!
20241001 024729.681 INFO             PET1 !!!!!!!!!!!!!!!!!!!!!!!!!!!!!!!!!!!!!!!!!!!!!!!!!!!!!!
20241001 024729.681 INFO             PET1 Running with ESMF Version   : v8.7.0b14-1-g2597b0a993
20241001 024729.681 INFO             PET1 ESMF library build date/time: "Oct  1 2024" "01:54:01"
20241001 024729.681 INFO             PET1 ESMF library build location : /glade/derecho/scratch/sacks/esmf-testing/intel_2023.2.1_mpi_O_release_8.7.0/esmf
20241001 024729.681 INFO             PET1 ESMF_COMM                   : mpi
20241001 024729.681 INFO             PET1 ESMF_MOAB                   : enabled
20241001 024729.681 INFO             PET1 ESMF_LAPACK                 : enabled
20241001 024729.681 INFO             PET1 ESMF_NETCDF                 : enabled
20241001 024729.681 INFO             PET1 ESMF_PNETCDF                : disabled
20241001 024729.681 INFO             PET1 ESMF_PIO                    : enabled
20241001 024729.681 INFO             PET1 ESMF_YAMLCPP                : enabled
20241001 024729.684 INFO             PET1 =============================================
20241001 024729.684 INFO             PET1 ESMX (Earth System Model eXecutable) STARTING
20241001 024729.684 INFO             PET1 =============================================
20241001 024729.688 INFO             PET1 =============================================
20241001 024729.688 INFO             PET1 ESMX (Earth System Model eXecutable) FINISHED
20241001 024729.688 INFO             PET1 =============================================
20241001 024729.688 INFO             PET1  Finalizing ESMF
20241001 024729.683 INFO             PET2 !!!!!!!!!!!!!!!!!!!!!!!!!!!!!!!!!!!!!!!!!!!!!!!!!!!!!!
20241001 024729.683 INFO             PET2 !!! THE ESMF_LOG IS SET TO OUTPUT ALL LOG MESSAGES !!!
20241001 024729.683 INFO             PET2 !!!     THIS MAY CAUSE SLOWDOWN IN PERFORMANCE     !!!
20241001 024729.683 INFO             PET2 !!! FOR PRODUCTION RUNS, USE:                      !!!
20241001 024729.683 INFO             PET2 !!!                   ESMF_LOGKIND_Multi_On_Error  !!!
20241001 024729.683 INFO             PET2 !!!!!!!!!!!!!!!!!!!!!!!!!!!!!!!!!!!!!!!!!!!!!!!!!!!!!!
20241001 024729.683 INFO             PET2 Running with ESMF Version   : v8.7.0b14-1-g2597b0a993
20241001 024729.683 INFO             PET2 ESMF library build date/time: "Oct  1 2024" "01:54:01"
20241001 024729.683 INFO             PET2 ESMF library build location : /glade/derecho/scratch/sacks/esmf-testing/intel_2023.2.1_mpi_O_release_8.7.0/esmf
20241001 024729.683 INFO             PET2 ESMF_COMM                   : mpi
20241001 024729.684 INFO             PET2 ESMF_MOAB                   : enabled
20241001 024729.684 INFO             PET2 ESMF_LAPACK                 : enabled
20241001 024729.684 INFO             PET2 ESMF_NETCDF                 : enabled
20241001 024729.684 INFO             PET2 ESMF_PNETCDF                : disabled
20241001 024729.684 INFO             PET2 ESMF_PIO                    : enabled
20241001 024729.684 INFO             PET2 ESMF_YAMLCPP                : enabled
20241001 024729.684 INFO             PET2 =============================================
20241001 024729.684 INFO             PET2 ESMX (Earth System Model eXecutable) STARTING
20241001 024729.684 INFO             PET2 =============================================
20241001 024729.688 INFO             PET2 =============================================
20241001 024729.688 INFO             PET2 ESMX (Earth System Model eXecutable) FINISHED
20241001 024729.688 INFO             PET2 =============================================
20241001 024729.688 INFO             PET2  Finalizing ESMF
20241001 024729.680 INFO             PET3 !!!!!!!!!!!!!!!!!!!!!!!!!!!!!!!!!!!!!!!!!!!!!!!!!!!!!!
20241001 024729.680 INFO             PET3 !!! THE ESMF_LOG IS SET TO OUTPUT ALL LOG MESSAGES !!!
20241001 024729.680 INFO             PET3 !!!     THIS MAY CAUSE SLOWDOWN IN PERFORMANCE     !!!
20241001 024729.680 INFO             PET3 !!! FOR PRODUCTION RUNS, USE:                      !!!
20241001 024729.680 INFO             PET3 !!!                   ESMF_LOGKIND_Multi_On_Error  !!!
20241001 024729.680 INFO             PET3 !!!!!!!!!!!!!!!!!!!!!!!!!!!!!!!!!!!!!!!!!!!!!!!!!!!!!!
20241001 024729.680 INFO             PET3 Running with ESMF Version   : v8.7.0b14-1-g2597b0a993
20241001 024729.680 INFO             PET3 ESMF library build date/time: "Oct  1 2024" "01:54:01"
20241001 024729.680 INFO             PET3 ESMF library build location : /glade/derecho/scratch/sacks/esmf-testing/intel_2023.2.1_mpi_O_release_8.7.0/esmf
20241001 024729.680 INFO             PET3 ESMF_COMM                   : mpi
20241001 024729.681 INFO             PET3 ESMF_MOAB                   : enabled
20241001 024729.681 INFO             PET3 ESMF_LAPACK                 : enabled
20241001 024729.681 INFO             PET3 ESMF_NETCDF                 : enabled
20241001 024729.681 INFO             PET3 ESMF_PNETCDF                : disabled
20241001 024729.681 INFO             PET3 ESMF_PIO                    : enabled
20241001 024729.681 INFO             PET3 ESMF_YAMLCPP                : enabled
20241001 024729.684 INFO             PET3 =============================================
20241001 024729.684 INFO             PET3 ESMX (Earth System Model eXecutable) STARTING
20241001 024729.684 INFO             PET3 =============================================
20241001 024729.688 INFO             PET3 =============================================
20241001 024729.688 INFO             PET3 ESMX (Earth System Model eXecutable) FINISHED
20241001 024729.688 INFO             PET3 =============================================
20241001 024729.688 INFO             PET3  Finalizing ESMF
