2024-10-08 04:40:57
20241008 053049.468 INFO             PET0 !!!!!!!!!!!!!!!!!!!!!!!!!!!!!!!!!!!!!!!!!!!!!!!!!!!!!!
20241008 053049.468 INFO             PET0 !!! THE ESMF_LOG IS SET TO OUTPUT ALL LOG MESSAGES !!!
20241008 053049.468 INFO             PET0 !!!     THIS MAY CAUSE SLOWDOWN IN PERFORMANCE     !!!
20241008 053049.468 INFO             PET0 !!! FOR PRODUCTION RUNS, USE:                      !!!
20241008 053049.468 INFO             PET0 !!!                   ESMF_LOGKIND_Multi_On_Error  !!!
20241008 053049.468 INFO             PET0 !!!!!!!!!!!!!!!!!!!!!!!!!!!!!!!!!!!!!!!!!!!!!!!!!!!!!!
20241008 053049.468 INFO             PET0 Running with ESMF Version   : v8.7.0
20241008 053049.468 INFO             PET0 ESMF library build date/time: "Oct  8 2024" "04:37:26"
20241008 053049.468 INFO             PET0 ESMF library build location : /glade/derecho/scratch/sacks/esmf-testing/nvhpc_23.7_mpi_g_v8.7.0/esmf
20241008 053049.468 INFO             PET0 ESMF_COMM                   : mpi
20241008 053049.469 INFO             PET0 ESMF_MOAB                   : enabled
20241008 053049.469 INFO             PET0 ESMF_LAPACK                 : enabled
20241008 053049.469 INFO             PET0 ESMF_NETCDF                 : enabled
20241008 053049.469 INFO             PET0 ESMF_PNETCDF                : disabled
20241008 053049.469 INFO             PET0 ESMF_PIO                    : enabled
20241008 053049.469 INFO             PET0 ESMF_YAMLCPP                : enabled
20241008 053049.561 DEBUG            PET0 about to destroy Grid: 0x762220
20241008 053049.571 DEBUG            PET0 about to destroy Grid: 0x7644f0
20241008 053049.600 INFO             PET0  NUMBER_OF_PROCESSORS            4
20241008 053049.600 INFO             PET0  PASS  Example ESMF_NUOPCAtmModelEx, ESMF_NUOPCAtmModelEx.F90, line 806
20241008 053049.600 INFO             PET0  Finalizing ESMF
20241008 053049.467 INFO             PET1 !!!!!!!!!!!!!!!!!!!!!!!!!!!!!!!!!!!!!!!!!!!!!!!!!!!!!!
20241008 053049.467 INFO             PET1 !!! THE ESMF_LOG IS SET TO OUTPUT ALL LOG MESSAGES !!!
20241008 053049.467 INFO             PET1 !!!     THIS MAY CAUSE SLOWDOWN IN PERFORMANCE     !!!
20241008 053049.467 INFO             PET1 !!! FOR PRODUCTION RUNS, USE:                      !!!
20241008 053049.467 INFO             PET1 !!!                   ESMF_LOGKIND_Multi_On_Error  !!!
20241008 053049.467 INFO             PET1 !!!!!!!!!!!!!!!!!!!!!!!!!!!!!!!!!!!!!!!!!!!!!!!!!!!!!!
20241008 053049.467 INFO             PET1 Running with ESMF Version   : v8.7.0
20241008 053049.467 INFO             PET1 ESMF library build date/time: "Oct  8 2024" "04:37:26"
20241008 053049.467 INFO             PET1 ESMF library build location : /glade/derecho/scratch/sacks/esmf-testing/nvhpc_23.7_mpi_g_v8.7.0/esmf
20241008 053049.467 INFO             PET1 ESMF_COMM                   : mpi
20241008 053049.468 INFO             PET1 ESMF_MOAB                   : enabled
20241008 053049.468 INFO             PET1 ESMF_LAPACK                 : enabled
20241008 053049.468 INFO             PET1 ESMF_NETCDF                 : enabled
20241008 053049.468 INFO             PET1 ESMF_PNETCDF                : disabled
20241008 053049.468 INFO             PET1 ESMF_PIO                    : enabled
20241008 053049.468 INFO             PET1 ESMF_YAMLCPP                : enabled
20241008 053049.561 DEBUG            PET1 about to destroy Grid: 0x75fc20
20241008 053049.571 DEBUG            PET1 about to destroy Grid: 0x7610d0
20241008 053049.599 INFO             PET1  NUMBER_OF_PROCESSORS            4
20241008 053049.599 INFO             PET1  PASS  Example ESMF_NUOPCAtmModelEx, ESMF_NUOPCAtmModelEx.F90, line 806
20241008 053049.599 INFO             PET1  Finalizing ESMF
20241008 053049.467 INFO             PET2 !!!!!!!!!!!!!!!!!!!!!!!!!!!!!!!!!!!!!!!!!!!!!!!!!!!!!!
20241008 053049.467 INFO             PET2 !!! THE ESMF_LOG IS SET TO OUTPUT ALL LOG MESSAGES !!!
20241008 053049.467 INFO             PET2 !!!     THIS MAY CAUSE SLOWDOWN IN PERFORMANCE     !!!
20241008 053049.467 INFO             PET2 !!! FOR PRODUCTION RUNS, USE:                      !!!
20241008 053049.467 INFO             PET2 !!!                   ESMF_LOGKIND_Multi_On_Error  !!!
20241008 053049.467 INFO             PET2 !!!!!!!!!!!!!!!!!!!!!!!!!!!!!!!!!!!!!!!!!!!!!!!!!!!!!!
20241008 053049.467 INFO             PET2 Running with ESMF Version   : v8.7.0
20241008 053049.467 INFO             PET2 ESMF library build date/time: "Oct  8 2024" "04:37:26"
20241008 053049.467 INFO             PET2 ESMF library build location : /glade/derecho/scratch/sacks/esmf-testing/nvhpc_23.7_mpi_g_v8.7.0/esmf
20241008 053049.467 INFO             PET2 ESMF_COMM                   : mpi
20241008 053049.467 INFO             PET2 ESMF_MOAB                   : enabled
20241008 053049.467 INFO             PET2 ESMF_LAPACK                 : enabled
20241008 053049.467 INFO             PET2 ESMF_NETCDF                 : enabled
20241008 053049.467 INFO             PET2 ESMF_PNETCDF                : disabled
20241008 053049.467 INFO             PET2 ESMF_PIO                    : enabled
20241008 053049.467 INFO             PET2 ESMF_YAMLCPP                : enabled
20241008 053049.561 DEBUG            PET2 about to destroy Grid: 0x75e5a0
20241008 053049.571 DEBUG            PET2 about to destroy Grid: 0x760670
20241008 053049.599 INFO             PET2  NUMBER_OF_PROCESSORS            4
20241008 053049.599 INFO             PET2  PASS  Example ESMF_NUOPCAtmModelEx, ESMF_NUOPCAtmModelEx.F90, line 806
20241008 053049.600 INFO             PET2  Finalizing ESMF
20241008 053049.467 INFO             PET3 !!!!!!!!!!!!!!!!!!!!!!!!!!!!!!!!!!!!!!!!!!!!!!!!!!!!!!
20241008 053049.468 INFO             PET3 !!! THE ESMF_LOG IS SET TO OUTPUT ALL LOG MESSAGES !!!
20241008 053049.468 INFO             PET3 !!!     THIS MAY CAUSE SLOWDOWN IN PERFORMANCE     !!!
20241008 053049.468 INFO             PET3 !!! FOR PRODUCTION RUNS, USE:                      !!!
20241008 053049.468 INFO             PET3 !!!                   ESMF_LOGKIND_Multi_On_Error  !!!
20241008 053049.468 INFO             PET3 !!!!!!!!!!!!!!!!!!!!!!!!!!!!!!!!!!!!!!!!!!!!!!!!!!!!!!
20241008 053049.468 INFO             PET3 Running with ESMF Version   : v8.7.0
20241008 053049.468 INFO             PET3 ESMF library build date/time: "Oct  8 2024" "04:37:26"
20241008 053049.468 INFO             PET3 ESMF library build location : /glade/derecho/scratch/sacks/esmf-testing/nvhpc_23.7_mpi_g_v8.7.0/esmf
20241008 053049.468 INFO             PET3 ESMF_COMM                   : mpi
20241008 053049.468 INFO             PET3 ESMF_MOAB                   : enabled
20241008 053049.468 INFO             PET3 ESMF_LAPACK                 : enabled
20241008 053049.468 INFO             PET3 ESMF_NETCDF                 : enabled
20241008 053049.468 INFO             PET3 ESMF_PNETCDF                : disabled
20241008 053049.468 INFO             PET3 ESMF_PIO                    : enabled
20241008 053049.468 INFO             PET3 ESMF_YAMLCPP                : enabled
20241008 053049.561 DEBUG            PET3 about to destroy Grid: 0x75e180
20241008 053049.571 DEBUG            PET3 about to destroy Grid: 0x75fe50
20241008 053049.599 INFO             PET3  NUMBER_OF_PROCESSORS            4
20241008 053049.599 INFO             PET3  PASS  Example ESMF_NUOPCAtmModelEx, ESMF_NUOPCAtmModelEx.F90, line 806
20241008 053049.599 INFO             PET3  Finalizing ESMF
