2024-09-28 07:38:38
20240928 082746.716 INFO             PET0 !!!!!!!!!!!!!!!!!!!!!!!!!!!!!!!!!!!!!!!!!!!!!!!!!!!!!!
20240928 082746.717 INFO             PET0 !!! THE ESMF_LOG IS SET TO OUTPUT ALL LOG MESSAGES !!!
20240928 082746.717 INFO             PET0 !!!     THIS MAY CAUSE SLOWDOWN IN PERFORMANCE     !!!
20240928 082746.717 INFO             PET0 !!! FOR PRODUCTION RUNS, USE:                      !!!
20240928 082746.717 INFO             PET0 !!!                   ESMF_LOGKIND_Multi_On_Error  !!!
20240928 082746.717 INFO             PET0 !!!!!!!!!!!!!!!!!!!!!!!!!!!!!!!!!!!!!!!!!!!!!!!!!!!!!!
20240928 082746.717 INFO             PET0 Running with ESMF Version   : v8.7.0b14-1-g2597b0a993
20240928 082746.717 INFO             PET0 ESMF library build date/time: "Sep 28 2024" "07:34:57"
20240928 082746.717 INFO             PET0 ESMF library build location : /scratch2/NCEPDEV/stmp1/Gerhard.Theurich/ESMF-Nightly-Testing/gfortran_13.2.0_openmpi_g_release_8.7.0/esmf
20240928 082746.717 INFO             PET0 ESMF_COMM                   : openmpi
20240928 082746.717 INFO             PET0 ESMF_MOAB                   : enabled
20240928 082746.717 INFO             PET0 ESMF_LAPACK                 : enabled
20240928 082746.717 INFO             PET0 ESMF_NETCDF                 : disabled
20240928 082746.717 INFO             PET0 ESMF_PNETCDF                : disabled
20240928 082746.717 INFO             PET0 ESMF_PIO                    : disabled
20240928 082746.717 INFO             PET0 ESMF_YAMLCPP                : enabled
20240928 082746.855 DEBUG            PET0 about to destroy Grid: 0xd5f870
20240928 082746.864 DEBUG            PET0 about to destroy Grid: 0xd63a20
20240928 082746.889 INFO             PET0  NUMBER_OF_PROCESSORS           4
20240928 082746.889 INFO             PET0  PASS  Example ESMF_NUOPCAtmModelEx, ESMF_NUOPCAtmModelEx.F90, line 806
20240928 082746.889 INFO             PET0  Finalizing ESMF
20240928 082746.716 INFO             PET1 !!!!!!!!!!!!!!!!!!!!!!!!!!!!!!!!!!!!!!!!!!!!!!!!!!!!!!
20240928 082746.716 INFO             PET1 !!! THE ESMF_LOG IS SET TO OUTPUT ALL LOG MESSAGES !!!
20240928 082746.716 INFO             PET1 !!!     THIS MAY CAUSE SLOWDOWN IN PERFORMANCE     !!!
20240928 082746.716 INFO             PET1 !!! FOR PRODUCTION RUNS, USE:                      !!!
20240928 082746.716 INFO             PET1 !!!                   ESMF_LOGKIND_Multi_On_Error  !!!
20240928 082746.716 INFO             PET1 !!!!!!!!!!!!!!!!!!!!!!!!!!!!!!!!!!!!!!!!!!!!!!!!!!!!!!
20240928 082746.716 INFO             PET1 Running with ESMF Version   : v8.7.0b14-1-g2597b0a993
20240928 082746.716 INFO             PET1 ESMF library build date/time: "Sep 28 2024" "07:34:57"
20240928 082746.716 INFO             PET1 ESMF library build location : /scratch2/NCEPDEV/stmp1/Gerhard.Theurich/ESMF-Nightly-Testing/gfortran_13.2.0_openmpi_g_release_8.7.0/esmf
20240928 082746.716 INFO             PET1 ESMF_COMM                   : openmpi
20240928 082746.717 INFO             PET1 ESMF_MOAB                   : enabled
20240928 082746.717 INFO             PET1 ESMF_LAPACK                 : enabled
20240928 082746.717 INFO             PET1 ESMF_NETCDF                 : disabled
20240928 082746.717 INFO             PET1 ESMF_PNETCDF                : disabled
20240928 082746.717 INFO             PET1 ESMF_PIO                    : disabled
20240928 082746.717 INFO             PET1 ESMF_YAMLCPP                : enabled
20240928 082746.855 DEBUG            PET1 about to destroy Grid: 0x9476b0
20240928 082746.864 DEBUG            PET1 about to destroy Grid: 0x9491e0
20240928 082746.890 INFO             PET1  NUMBER_OF_PROCESSORS           4
20240928 082746.890 INFO             PET1  PASS  Example ESMF_NUOPCAtmModelEx, ESMF_NUOPCAtmModelEx.F90, line 806
20240928 082746.890 INFO             PET1  Finalizing ESMF
20240928 082746.717 INFO             PET2 !!!!!!!!!!!!!!!!!!!!!!!!!!!!!!!!!!!!!!!!!!!!!!!!!!!!!!
20240928 082746.717 INFO             PET2 !!! THE ESMF_LOG IS SET TO OUTPUT ALL LOG MESSAGES !!!
20240928 082746.717 INFO             PET2 !!!     THIS MAY CAUSE SLOWDOWN IN PERFORMANCE     !!!
20240928 082746.717 INFO             PET2 !!! FOR PRODUCTION RUNS, USE:                      !!!
20240928 082746.717 INFO             PET2 !!!                   ESMF_LOGKIND_Multi_On_Error  !!!
20240928 082746.717 INFO             PET2 !!!!!!!!!!!!!!!!!!!!!!!!!!!!!!!!!!!!!!!!!!!!!!!!!!!!!!
20240928 082746.717 INFO             PET2 Running with ESMF Version   : v8.7.0b14-1-g2597b0a993
20240928 082746.717 INFO             PET2 ESMF library build date/time: "Sep 28 2024" "07:34:57"
20240928 082746.717 INFO             PET2 ESMF library build location : /scratch2/NCEPDEV/stmp1/Gerhard.Theurich/ESMF-Nightly-Testing/gfortran_13.2.0_openmpi_g_release_8.7.0/esmf
20240928 082746.717 INFO             PET2 ESMF_COMM                   : openmpi
20240928 082746.717 INFO             PET2 ESMF_MOAB                   : enabled
20240928 082746.717 INFO             PET2 ESMF_LAPACK                 : enabled
20240928 082746.717 INFO             PET2 ESMF_NETCDF                 : disabled
20240928 082746.717 INFO             PET2 ESMF_PNETCDF                : disabled
20240928 082746.717 INFO             PET2 ESMF_PIO                    : disabled
20240928 082746.717 INFO             PET2 ESMF_YAMLCPP                : enabled
20240928 082746.855 DEBUG            PET2 about to destroy Grid: 0x1e0dce0
20240928 082746.864 DEBUG            PET2 about to destroy Grid: 0x1e0fa40
20240928 082746.889 INFO             PET2  NUMBER_OF_PROCESSORS           4
20240928 082746.889 INFO             PET2  PASS  Example ESMF_NUOPCAtmModelEx, ESMF_NUOPCAtmModelEx.F90, line 806
20240928 082746.889 INFO             PET2  Finalizing ESMF
20240928 082746.716 INFO             PET3 !!!!!!!!!!!!!!!!!!!!!!!!!!!!!!!!!!!!!!!!!!!!!!!!!!!!!!
20240928 082746.716 INFO             PET3 !!! THE ESMF_LOG IS SET TO OUTPUT ALL LOG MESSAGES !!!
20240928 082746.716 INFO             PET3 !!!     THIS MAY CAUSE SLOWDOWN IN PERFORMANCE     !!!
20240928 082746.716 INFO             PET3 !!! FOR PRODUCTION RUNS, USE:                      !!!
20240928 082746.716 INFO             PET3 !!!                   ESMF_LOGKIND_Multi_On_Error  !!!
20240928 082746.716 INFO             PET3 !!!!!!!!!!!!!!!!!!!!!!!!!!!!!!!!!!!!!!!!!!!!!!!!!!!!!!
20240928 082746.716 INFO             PET3 Running with ESMF Version   : v8.7.0b14-1-g2597b0a993
20240928 082746.716 INFO             PET3 ESMF library build date/time: "Sep 28 2024" "07:34:57"
20240928 082746.716 INFO             PET3 ESMF library build location : /scratch2/NCEPDEV/stmp1/Gerhard.Theurich/ESMF-Nightly-Testing/gfortran_13.2.0_openmpi_g_release_8.7.0/esmf
20240928 082746.716 INFO             PET3 ESMF_COMM                   : openmpi
20240928 082746.717 INFO             PET3 ESMF_MOAB                   : enabled
20240928 082746.717 INFO             PET3 ESMF_LAPACK                 : enabled
20240928 082746.717 INFO             PET3 ESMF_NETCDF                 : disabled
20240928 082746.717 INFO             PET3 ESMF_PNETCDF                : disabled
20240928 082746.717 INFO             PET3 ESMF_PIO                    : disabled
20240928 082746.717 INFO             PET3 ESMF_YAMLCPP                : enabled
20240928 082746.855 DEBUG            PET3 about to destroy Grid: 0xdedb00
20240928 082746.864 DEBUG            PET3 about to destroy Grid: 0xdef5d0
20240928 082746.889 INFO             PET3  NUMBER_OF_PROCESSORS           4
20240928 082746.889 INFO             PET3  PASS  Example ESMF_NUOPCAtmModelEx, ESMF_NUOPCAtmModelEx.F90, line 806
20240928 082746.889 INFO             PET3  Finalizing ESMF
