2024-10-01 07:21:05
20241001 075059.444 INFO             PET0 !!!!!!!!!!!!!!!!!!!!!!!!!!!!!!!!!!!!!!!!!!!!!!!!!!!!!!
20241001 075059.446 INFO             PET0 !!! THE ESMF_LOG IS SET TO OUTPUT ALL LOG MESSAGES !!!
20241001 075059.446 INFO             PET0 !!!     THIS MAY CAUSE SLOWDOWN IN PERFORMANCE     !!!
20241001 075059.446 INFO             PET0 !!! FOR PRODUCTION RUNS, USE:                      !!!
20241001 075059.446 INFO             PET0 !!!                   ESMF_LOGKIND_Multi_On_Error  !!!
20241001 075059.446 INFO             PET0 !!!!!!!!!!!!!!!!!!!!!!!!!!!!!!!!!!!!!!!!!!!!!!!!!!!!!!
20241001 075059.446 INFO             PET0 Running with ESMF Version   : v8.7.0b14-7-ge84ae5b02e
20241001 075059.446 INFO             PET0 ESMF library build date/time: "Oct  1 2024" "07:18:48"
20241001 075059.446 INFO             PET0 ESMF library build location : /project/esmf/sacks/esmf-testing/gfortran_11.2.0_mpiuni_g_develop/esmf
20241001 075059.446 INFO             PET0 ESMF_COMM                   : mpiuni
20241001 075059.446 INFO             PET0 ESMF_MOAB                   : enabled
20241001 075059.446 INFO             PET0 ESMF_LAPACK                 : enabled
20241001 075059.446 INFO             PET0 ESMF_NETCDF                 : enabled
20241001 075059.446 INFO             PET0 ESMF_PNETCDF                : disabled
20241001 075059.446 INFO             PET0 ESMF_PIO                    : enabled
20241001 075059.446 INFO             PET0 ESMF_YAMLCPP                : enabled
20241001 075059.452 INFO             PET0 ESMF_FieldRedistStoreNF(): Just entered routine.
20241001 075100.175 INFO             PET0 ESMF_FieldRedistStoreNF(): Leaving routine.
20241001 075100.211 INFO             PET0  NUMBER_OF_PROCESSORS           1
20241001 075100.211 INFO             PET0  PASS  Example ESMF_RHandleFromFileEx, ESMF_RHandleFromFileEx.F90, line 192
20241001 075100.211 INFO             PET0  Finalizing ESMF
