2024-09-08 03:51:05
20240908 042026.194 INFO             PET0 !!!!!!!!!!!!!!!!!!!!!!!!!!!!!!!!!!!!!!!!!!!!!!!!!!!!!!
20240908 042026.195 INFO             PET0 !!! THE ESMF_LOG IS SET TO OUTPUT ALL LOG MESSAGES !!!
20240908 042026.195 INFO             PET0 !!!     THIS MAY CAUSE SLOWDOWN IN PERFORMANCE     !!!
20240908 042026.195 INFO             PET0 !!! FOR PRODUCTION RUNS, USE:                      !!!
20240908 042026.195 INFO             PET0 !!!                   ESMF_LOGKIND_Multi_On_Error  !!!
20240908 042026.195 INFO             PET0 !!!!!!!!!!!!!!!!!!!!!!!!!!!!!!!!!!!!!!!!!!!!!!!!!!!!!!
20240908 042026.195 INFO             PET0 Running with ESMF Version   : v8.7.0b13-3-gedb848d90b
20240908 042026.195 INFO             PET0 ESMF library build date/time: "Sep  8 2024" "03:48:48"
20240908 042026.195 INFO             PET0 ESMF library build location : /project/esmf/sacks/esmf-testing/gfortran_11.2.0_mpiuni_g_develop/esmf
20240908 042026.195 INFO             PET0 ESMF_COMM                   : mpiuni
20240908 042026.195 INFO             PET0 ESMF_MOAB                   : enabled
20240908 042026.195 INFO             PET0 ESMF_LAPACK                 : enabled
20240908 042026.195 INFO             PET0 ESMF_NETCDF                 : enabled
20240908 042026.195 INFO             PET0 ESMF_PNETCDF                : disabled
20240908 042026.195 INFO             PET0 ESMF_PIO                    : enabled
20240908 042026.195 INFO             PET0 ESMF_YAMLCPP                : enabled
20240908 042026.195 INFO             PET0  NUMBER_OF_PROCESSORS           1
20240908 042026.195 INFO             PET0  PASS  Example ESMF_VMGetMPICommunicatorEx, ESMF_VMGetMPICommunicatorEx.F90, line 94
20240908 042026.195 INFO             PET0  Finalizing ESMF
