2024-08-29 18:53:10
20240829 212759.531 INFO             PET0 !!!!!!!!!!!!!!!!!!!!!!!!!!!!!!!!!!!!!!!!!!!!!!!!!!!!!!
20240829 212759.531 INFO             PET0 !!! THE ESMF_LOG IS SET TO OUTPUT ALL LOG MESSAGES !!!
20240829 212759.531 INFO             PET0 !!!     THIS MAY CAUSE SLOWDOWN IN PERFORMANCE     !!!
20240829 212759.531 INFO             PET0 !!! FOR PRODUCTION RUNS, USE:                      !!!
20240829 212759.531 INFO             PET0 !!!                   ESMF_LOGKIND_Multi_On_Error  !!!
20240829 212759.531 INFO             PET0 !!!!!!!!!!!!!!!!!!!!!!!!!!!!!!!!!!!!!!!!!!!!!!!!!!!!!!
20240829 212759.531 INFO             PET0 Running with ESMF Version   : v8.7.0b11-6-g82f8052f9c
20240829 212759.531 INFO             PET0 ESMF library build date/time: "Aug 29 2024" "18:52:03"
20240829 212759.531 INFO             PET0 ESMF library build location : /tmp/gfortran_11.2.0_mpiuni_g_develop/esmf
20240829 212759.531 INFO             PET0 ESMF_COMM                   : mpiuni
20240829 212759.531 INFO             PET0 ESMF_MOAB                   : enabled
20240829 212759.531 INFO             PET0 ESMF_LAPACK                 : enabled
20240829 212759.531 INFO             PET0 ESMF_NETCDF                 : enabled
20240829 212759.531 INFO             PET0 ESMF_PNETCDF                : disabled
20240829 212759.531 INFO             PET0 ESMF_PIO                    : enabled
20240829 212759.531 INFO             PET0 ESMF_YAMLCPP                : enabled
20240829 212759.535 INFO             PET0  NUMBER_OF_PROCESSORS           1
20240829 212759.535 INFO             PET0  PASS  Example ESMF_FieldArbGridEx, ESMF_FieldArbGridEx.F90, line 243
20240829 212759.535 INFO             PET0  Finalizing ESMF
