2024-09-21 07:20:02
20240921 074932.669 INFO             PET0 !!!!!!!!!!!!!!!!!!!!!!!!!!!!!!!!!!!!!!!!!!!!!!!!!!!!!!
20240921 074932.670 INFO             PET0 !!! THE ESMF_LOG IS SET TO OUTPUT ALL LOG MESSAGES !!!
20240921 074932.670 INFO             PET0 !!!     THIS MAY CAUSE SLOWDOWN IN PERFORMANCE     !!!
20240921 074932.670 INFO             PET0 !!! FOR PRODUCTION RUNS, USE:                      !!!
20240921 074932.670 INFO             PET0 !!!                   ESMF_LOGKIND_Multi_On_Error  !!!
20240921 074932.670 INFO             PET0 !!!!!!!!!!!!!!!!!!!!!!!!!!!!!!!!!!!!!!!!!!!!!!!!!!!!!!
20240921 074932.670 INFO             PET0 Running with ESMF Version   : v8.7.0b14-6-gd4d016cdd5
20240921 074932.670 INFO             PET0 ESMF library build date/time: "Sep 21 2024" "07:17:43"
20240921 074932.670 INFO             PET0 ESMF library build location : /project/esmf/sacks/esmf-testing/gfortran_11.2.0_mpiuni_g_develop/esmf
20240921 074932.670 INFO             PET0 ESMF_COMM                   : mpiuni
20240921 074932.670 INFO             PET0 ESMF_MOAB                   : enabled
20240921 074932.670 INFO             PET0 ESMF_LAPACK                 : enabled
20240921 074932.670 INFO             PET0 ESMF_NETCDF                 : enabled
20240921 074932.670 INFO             PET0 ESMF_PNETCDF                : disabled
20240921 074932.670 INFO             PET0 ESMF_PIO                    : enabled
20240921 074932.670 INFO             PET0 ESMF_YAMLCPP                : enabled
20240921 074932.671 INFO             PET0  NUMBER_OF_PROCESSORS           1
20240921 074932.671 INFO             PET0  PASS  Example ESMF_AlarmEx, ESMF_AlarmEx.F90, line 244
20240921 074932.671 INFO             PET0  Finalizing ESMF
