2024-10-02 07:20:25
20241002 075122.360 INFO             PET0 !!!!!!!!!!!!!!!!!!!!!!!!!!!!!!!!!!!!!!!!!!!!!!!!!!!!!!
20241002 075122.362 INFO             PET0 !!! THE ESMF_LOG IS SET TO OUTPUT ALL LOG MESSAGES !!!
20241002 075122.362 INFO             PET0 !!!     THIS MAY CAUSE SLOWDOWN IN PERFORMANCE     !!!
20241002 075122.362 INFO             PET0 !!! FOR PRODUCTION RUNS, USE:                      !!!
20241002 075122.362 INFO             PET0 !!!                   ESMF_LOGKIND_Multi_On_Error  !!!
20241002 075122.362 INFO             PET0 !!!!!!!!!!!!!!!!!!!!!!!!!!!!!!!!!!!!!!!!!!!!!!!!!!!!!!
20241002 075122.362 INFO             PET0 Running with ESMF Version   : v8.7.0b14-7-ge84ae5b02e
20241002 075122.362 INFO             PET0 ESMF library build date/time: "Oct  2 2024" "07:18:05"
20241002 075122.362 INFO             PET0 ESMF library build location : /project/esmf/sacks/esmf-testing/gfortran_11.2.0_mpiuni_g_develop/esmf
20241002 075122.362 INFO             PET0 ESMF_COMM                   : mpiuni
20241002 075122.362 INFO             PET0 ESMF_MOAB                   : enabled
20241002 075122.362 INFO             PET0 ESMF_LAPACK                 : enabled
20241002 075122.362 INFO             PET0 ESMF_NETCDF                 : enabled
20241002 075122.362 INFO             PET0 ESMF_PNETCDF                : disabled
20241002 075122.362 INFO             PET0 ESMF_PIO                    : enabled
20241002 075122.362 INFO             PET0 ESMF_YAMLCPP                : enabled
20241002 075122.364 INFO             PET0  NUMBER_OF_PROCESSORS           1
20241002 075122.364 INFO             PET0  PASS  Example ESMF_GCompEx, ESMF_GCompEx.F90, line 465
20241002 075122.364 INFO             PET0  Finalizing ESMF
