2024-08-29 03:47:26
20240829 042817.497 INFO             PET0 !!!!!!!!!!!!!!!!!!!!!!!!!!!!!!!!!!!!!!!!!!!!!!!!!!!!!!
20240829 042817.497 INFO             PET0 !!! THE ESMF_LOG IS SET TO OUTPUT ALL LOG MESSAGES !!!
20240829 042817.497 INFO             PET0 !!!     THIS MAY CAUSE SLOWDOWN IN PERFORMANCE     !!!
20240829 042817.497 INFO             PET0 !!! FOR PRODUCTION RUNS, USE:                      !!!
20240829 042817.497 INFO             PET0 !!!                   ESMF_LOGKIND_Multi_On_Error  !!!
20240829 042817.497 INFO             PET0 !!!!!!!!!!!!!!!!!!!!!!!!!!!!!!!!!!!!!!!!!!!!!!!!!!!!!!
20240829 042817.497 INFO             PET0 Running with ESMF Version   : v8.7.0b11-6-g82f8052f9c
20240829 042817.497 INFO             PET0 ESMF library build date/time: "Aug 29 2024" "03:44:34"
20240829 042817.497 INFO             PET0 ESMF library build location : /glade/derecho/scratch/sacks/esmf-testing/intel_2023.2.1-oneAPI_mpi_g_develop/esmf
20240829 042817.497 INFO             PET0 ESMF_COMM                   : mpi
20240829 042817.502 INFO             PET0 ESMF_MOAB                   : enabled
20240829 042817.502 INFO             PET0 ESMF_LAPACK                 : enabled
20240829 042817.502 INFO             PET0 ESMF_NETCDF                 : enabled
20240829 042817.502 INFO             PET0 ESMF_PNETCDF                : disabled
20240829 042817.502 INFO             PET0 ESMF_PIO                    : enabled
20240829 042817.502 INFO             PET0 ESMF_YAMLCPP                : enabled
20240829 042817.503 INFO             PET0 ESMF Tracing Enabled
20240829 042817.503 INFO             PET0 ESMF Profiling Enabled
20240829 042817.503 INFO             PET0 ESMF Trace/Profile clock: REALTIME
20240829 042817.511 INFO             PET0  NUMBER_OF_PROCESSORS           4
20240829 042817.511 INFO             PET0  PASS  Example ESMF_TraceUserEx, ESMF_TraceUserEx.F90, line 125
20240829 042817.511 INFO             PET0  Finalizing ESMF
20240829 042817.511 INFO             PET0 **************** Region Timings *******************
20240829 042817.511 INFO             PET0 Region                Count  Total (s)   Self (s)    Mean (s)    Min (s)     Max (s)
20240829 042817.511 INFO             PET0   [ESMF]              1      0.0004      0.0002      0.0004      0.0004      0.0004
20240829 042817.511 INFO             PET0     outer_region      1      0.0002      0.0000      0.0002      0.0002      0.0002
20240829 042817.511 INFO             PET0       inner_region_1  10     0.0001      0.0001      0.0000      0.0000      0.0000
20240829 042817.511 INFO             PET0       inner_region_2  10     0.0001      0.0001      0.0000      0.0000      0.0000
20240829 042817.490 INFO             PET1 !!!!!!!!!!!!!!!!!!!!!!!!!!!!!!!!!!!!!!!!!!!!!!!!!!!!!!
20240829 042817.490 INFO             PET1 !!! THE ESMF_LOG IS SET TO OUTPUT ALL LOG MESSAGES !!!
20240829 042817.490 INFO             PET1 !!!     THIS MAY CAUSE SLOWDOWN IN PERFORMANCE     !!!
20240829 042817.490 INFO             PET1 !!! FOR PRODUCTION RUNS, USE:                      !!!
20240829 042817.490 INFO             PET1 !!!                   ESMF_LOGKIND_Multi_On_Error  !!!
20240829 042817.490 INFO             PET1 !!!!!!!!!!!!!!!!!!!!!!!!!!!!!!!!!!!!!!!!!!!!!!!!!!!!!!
20240829 042817.490 INFO             PET1 Running with ESMF Version   : v8.7.0b11-6-g82f8052f9c
20240829 042817.490 INFO             PET1 ESMF library build date/time: "Aug 29 2024" "03:44:34"
20240829 042817.490 INFO             PET1 ESMF library build location : /glade/derecho/scratch/sacks/esmf-testing/intel_2023.2.1-oneAPI_mpi_g_develop/esmf
20240829 042817.490 INFO             PET1 ESMF_COMM                   : mpi
20240829 042817.492 INFO             PET1 ESMF_MOAB                   : enabled
20240829 042817.492 INFO             PET1 ESMF_LAPACK                 : enabled
20240829 042817.492 INFO             PET1 ESMF_NETCDF                 : enabled
20240829 042817.492 INFO             PET1 ESMF_PNETCDF                : disabled
20240829 042817.492 INFO             PET1 ESMF_PIO                    : enabled
20240829 042817.492 INFO             PET1 ESMF_YAMLCPP                : enabled
20240829 042817.492 INFO             PET1 ESMF Tracing Enabled
20240829 042817.492 INFO             PET1 ESMF Profiling Enabled
20240829 042817.492 INFO             PET1 ESMF Trace/Profile clock: REALTIME
20240829 042817.511 INFO             PET1  NUMBER_OF_PROCESSORS           4
20240829 042817.511 INFO             PET1  PASS  Example ESMF_TraceUserEx, ESMF_TraceUserEx.F90, line 125
20240829 042817.511 INFO             PET1  Finalizing ESMF
20240829 042817.511 INFO             PET1 **************** Region Timings *******************
20240829 042817.511 INFO             PET1 Region                Count  Total (s)   Self (s)    Mean (s)    Min (s)     Max (s)
20240829 042817.511 INFO             PET1   [ESMF]              1      0.0069      0.0067      0.0069      0.0069      0.0069
20240829 042817.511 INFO             PET1     outer_region      1      0.0002      0.0000      0.0002      0.0002      0.0002
20240829 042817.511 INFO             PET1       inner_region_1  10     0.0001      0.0001      0.0000      0.0000      0.0000
20240829 042817.511 INFO             PET1       inner_region_2  10     0.0001      0.0001      0.0000      0.0000      0.0000
20240829 042817.488 INFO             PET2 !!!!!!!!!!!!!!!!!!!!!!!!!!!!!!!!!!!!!!!!!!!!!!!!!!!!!!
20240829 042817.488 INFO             PET2 !!! THE ESMF_LOG IS SET TO OUTPUT ALL LOG MESSAGES !!!
20240829 042817.488 INFO             PET2 !!!     THIS MAY CAUSE SLOWDOWN IN PERFORMANCE     !!!
20240829 042817.488 INFO             PET2 !!! FOR PRODUCTION RUNS, USE:                      !!!
20240829 042817.488 INFO             PET2 !!!                   ESMF_LOGKIND_Multi_On_Error  !!!
20240829 042817.488 INFO             PET2 !!!!!!!!!!!!!!!!!!!!!!!!!!!!!!!!!!!!!!!!!!!!!!!!!!!!!!
20240829 042817.488 INFO             PET2 Running with ESMF Version   : v8.7.0b11-6-g82f8052f9c
20240829 042817.488 INFO             PET2 ESMF library build date/time: "Aug 29 2024" "03:44:34"
20240829 042817.488 INFO             PET2 ESMF library build location : /glade/derecho/scratch/sacks/esmf-testing/intel_2023.2.1-oneAPI_mpi_g_develop/esmf
20240829 042817.488 INFO             PET2 ESMF_COMM                   : mpi
20240829 042817.495 INFO             PET2 ESMF_MOAB                   : enabled
20240829 042817.495 INFO             PET2 ESMF_LAPACK                 : enabled
20240829 042817.495 INFO             PET2 ESMF_NETCDF                 : enabled
20240829 042817.495 INFO             PET2 ESMF_PNETCDF                : disabled
20240829 042817.495 INFO             PET2 ESMF_PIO                    : enabled
20240829 042817.495 INFO             PET2 ESMF_YAMLCPP                : enabled
20240829 042817.495 INFO             PET2 ESMF Tracing Enabled
20240829 042817.495 INFO             PET2 ESMF Profiling Enabled
20240829 042817.495 INFO             PET2 ESMF Trace/Profile clock: REALTIME
20240829 042817.511 INFO             PET2  NUMBER_OF_PROCESSORS           4
20240829 042817.511 INFO             PET2  PASS  Example ESMF_TraceUserEx, ESMF_TraceUserEx.F90, line 125
20240829 042817.511 INFO             PET2  Finalizing ESMF
20240829 042817.511 INFO             PET2 **************** Region Timings *******************
20240829 042817.511 INFO             PET2 Region                Count  Total (s)   Self (s)    Mean (s)    Min (s)     Max (s)
20240829 042817.511 INFO             PET2   [ESMF]              1      0.0068      0.0066      0.0068      0.0068      0.0068
20240829 042817.511 INFO             PET2     outer_region      1      0.0002      0.0000      0.0002      0.0002      0.0002
20240829 042817.511 INFO             PET2       inner_region_1  10     0.0001      0.0001      0.0000      0.0000      0.0000
20240829 042817.511 INFO             PET2       inner_region_2  10     0.0001      0.0001      0.0000      0.0000      0.0000
20240829 042817.493 INFO             PET3 !!!!!!!!!!!!!!!!!!!!!!!!!!!!!!!!!!!!!!!!!!!!!!!!!!!!!!
20240829 042817.493 INFO             PET3 !!! THE ESMF_LOG IS SET TO OUTPUT ALL LOG MESSAGES !!!
20240829 042817.493 INFO             PET3 !!!     THIS MAY CAUSE SLOWDOWN IN PERFORMANCE     !!!
20240829 042817.493 INFO             PET3 !!! FOR PRODUCTION RUNS, USE:                      !!!
20240829 042817.493 INFO             PET3 !!!                   ESMF_LOGKIND_Multi_On_Error  !!!
20240829 042817.493 INFO             PET3 !!!!!!!!!!!!!!!!!!!!!!!!!!!!!!!!!!!!!!!!!!!!!!!!!!!!!!
20240829 042817.493 INFO             PET3 Running with ESMF Version   : v8.7.0b11-6-g82f8052f9c
20240829 042817.493 INFO             PET3 ESMF library build date/time: "Aug 29 2024" "03:44:34"
20240829 042817.493 INFO             PET3 ESMF library build location : /glade/derecho/scratch/sacks/esmf-testing/intel_2023.2.1-oneAPI_mpi_g_develop/esmf
20240829 042817.493 INFO             PET3 ESMF_COMM                   : mpi
20240829 042817.494 INFO             PET3 ESMF_MOAB                   : enabled
20240829 042817.494 INFO             PET3 ESMF_LAPACK                 : enabled
20240829 042817.494 INFO             PET3 ESMF_NETCDF                 : enabled
20240829 042817.494 INFO             PET3 ESMF_PNETCDF                : disabled
20240829 042817.494 INFO             PET3 ESMF_PIO                    : enabled
20240829 042817.494 INFO             PET3 ESMF_YAMLCPP                : enabled
20240829 042817.494 INFO             PET3 ESMF Tracing Enabled
20240829 042817.494 INFO             PET3 ESMF Profiling Enabled
20240829 042817.494 INFO             PET3 ESMF Trace/Profile clock: REALTIME
20240829 042817.511 INFO             PET3  NUMBER_OF_PROCESSORS           4
20240829 042817.511 INFO             PET3  PASS  Example ESMF_TraceUserEx, ESMF_TraceUserEx.F90, line 125
20240829 042817.511 INFO             PET3  Finalizing ESMF
20240829 042817.511 INFO             PET3 **************** Region Timings *******************
20240829 042817.511 INFO             PET3 Region                Count  Total (s)   Self (s)    Mean (s)    Min (s)     Max (s)
20240829 042817.511 INFO             PET3   [ESMF]              1      0.0069      0.0067      0.0069      0.0069      0.0069
20240829 042817.511 INFO             PET3     outer_region      1      0.0002      0.0000      0.0002      0.0002      0.0002
20240829 042817.511 INFO             PET3       inner_region_1  10     0.0001      0.0001      0.0000      0.0000      0.0000
20240829 042817.511 INFO             PET3       inner_region_2  10     0.0001      0.0001      0.0000      0.0000      0.0000
