2024-09-09 03:07:48
20240909 034247.744 INFO             PET0 !!!!!!!!!!!!!!!!!!!!!!!!!!!!!!!!!!!!!!!!!!!!!!!!!!!!!!
20240909 034247.744 INFO             PET0 !!! THE ESMF_LOG IS SET TO OUTPUT ALL LOG MESSAGES !!!
20240909 034247.744 INFO             PET0 !!!     THIS MAY CAUSE SLOWDOWN IN PERFORMANCE     !!!
20240909 034247.744 INFO             PET0 !!! FOR PRODUCTION RUNS, USE:                      !!!
20240909 034247.744 INFO             PET0 !!!                   ESMF_LOGKIND_Multi_On_Error  !!!
20240909 034247.744 INFO             PET0 !!!!!!!!!!!!!!!!!!!!!!!!!!!!!!!!!!!!!!!!!!!!!!!!!!!!!!
20240909 034247.744 INFO             PET0 Running with ESMF Version   : v8.7.0b13-3-gedb848d90b
20240909 034247.744 INFO             PET0 ESMF library build date/time: "Sep  9 2024" "03:05:27"
20240909 034247.744 INFO             PET0 ESMF library build location : /glade/derecho/scratch/sacks/esmf-testing/intel_2023.2.1-oneAPI_mpi_g_develop/esmf
20240909 034247.744 INFO             PET0 ESMF_COMM                   : mpi
20240909 034247.745 INFO             PET0 ESMF_MOAB                   : enabled
20240909 034247.745 INFO             PET0 ESMF_LAPACK                 : enabled
20240909 034247.745 INFO             PET0 ESMF_NETCDF                 : enabled
20240909 034247.745 INFO             PET0 ESMF_PNETCDF                : disabled
20240909 034247.745 INFO             PET0 ESMF_PIO                    : enabled
20240909 034247.745 INFO             PET0 ESMF_YAMLCPP                : enabled
20240909 034247.745 INFO             PET0 ESMF Tracing Enabled
20240909 034247.745 INFO             PET0 ESMF Profiling Enabled
20240909 034247.745 INFO             PET0 ESMF Trace/Profile clock: REALTIME
20240909 034247.756 INFO             PET0  NUMBER_OF_PROCESSORS           4
20240909 034247.756 INFO             PET0  PASS  Example ESMF_TraceEx, ESMF_TraceEx.F90, line 178
20240909 034247.756 INFO             PET0  Finalizing ESMF
20240909 034247.757 INFO             PET0 **************** Region Timings *******************
20240909 034247.757 INFO             PET0 Region              Count  Total (s)   Self (s)    Mean (s)    Min (s)     Max (s)
20240909 034247.757 INFO             PET0   [ESMF]            1      0.0014      0.0014      0.0014      0.0014      0.0014
20240909 034247.757 INFO             PET0     [test] Run 1    5      0.0000      0.0000      0.0000      0.0000      0.0000
20240909 034247.757 INFO             PET0     [test] Init 1   1      0.0000      0.0000      0.0000      0.0000      0.0000
20240909 034247.757 INFO             PET0     [test] Final 1  1      0.0000      0.0000      0.0000      0.0000      0.0000
20240909 034247.741 INFO             PET1 !!!!!!!!!!!!!!!!!!!!!!!!!!!!!!!!!!!!!!!!!!!!!!!!!!!!!!
20240909 034247.741 INFO             PET1 !!! THE ESMF_LOG IS SET TO OUTPUT ALL LOG MESSAGES !!!
20240909 034247.741 INFO             PET1 !!!     THIS MAY CAUSE SLOWDOWN IN PERFORMANCE     !!!
20240909 034247.741 INFO             PET1 !!! FOR PRODUCTION RUNS, USE:                      !!!
20240909 034247.741 INFO             PET1 !!!                   ESMF_LOGKIND_Multi_On_Error  !!!
20240909 034247.741 INFO             PET1 !!!!!!!!!!!!!!!!!!!!!!!!!!!!!!!!!!!!!!!!!!!!!!!!!!!!!!
20240909 034247.741 INFO             PET1 Running with ESMF Version   : v8.7.0b13-3-gedb848d90b
20240909 034247.741 INFO             PET1 ESMF library build date/time: "Sep  9 2024" "03:05:27"
20240909 034247.741 INFO             PET1 ESMF library build location : /glade/derecho/scratch/sacks/esmf-testing/intel_2023.2.1-oneAPI_mpi_g_develop/esmf
20240909 034247.741 INFO             PET1 ESMF_COMM                   : mpi
20240909 034247.742 INFO             PET1 ESMF_MOAB                   : enabled
20240909 034247.742 INFO             PET1 ESMF_LAPACK                 : enabled
20240909 034247.742 INFO             PET1 ESMF_NETCDF                 : enabled
20240909 034247.742 INFO             PET1 ESMF_PNETCDF                : disabled
20240909 034247.742 INFO             PET1 ESMF_PIO                    : enabled
20240909 034247.742 INFO             PET1 ESMF_YAMLCPP                : enabled
20240909 034247.742 INFO             PET1 ESMF Tracing Enabled
20240909 034247.742 INFO             PET1 ESMF Profiling Enabled
20240909 034247.742 INFO             PET1 ESMF Trace/Profile clock: REALTIME
20240909 034247.756 INFO             PET1  NUMBER_OF_PROCESSORS           4
20240909 034247.757 INFO             PET1  PASS  Example ESMF_TraceEx, ESMF_TraceEx.F90, line 178
20240909 034247.757 INFO             PET1  Finalizing ESMF
20240909 034247.757 INFO             PET1 **************** Region Timings *******************
20240909 034247.757 INFO             PET1 Region              Count  Total (s)   Self (s)    Mean (s)    Min (s)     Max (s)
20240909 034247.757 INFO             PET1   [ESMF]            1      0.0099      0.0098      0.0099      0.0099      0.0099
20240909 034247.757 INFO             PET1     [test] Init 1   1      0.0001      0.0001      0.0001      0.0001      0.0001
20240909 034247.757 INFO             PET1     [test] Run 1    5      0.0000      0.0000      0.0000      0.0000      0.0000
20240909 034247.757 INFO             PET1     [test] Final 1  1      0.0000      0.0000      0.0000      0.0000      0.0000
20240909 034247.741 INFO             PET2 !!!!!!!!!!!!!!!!!!!!!!!!!!!!!!!!!!!!!!!!!!!!!!!!!!!!!!
20240909 034247.741 INFO             PET2 !!! THE ESMF_LOG IS SET TO OUTPUT ALL LOG MESSAGES !!!
20240909 034247.741 INFO             PET2 !!!     THIS MAY CAUSE SLOWDOWN IN PERFORMANCE     !!!
20240909 034247.741 INFO             PET2 !!! FOR PRODUCTION RUNS, USE:                      !!!
20240909 034247.741 INFO             PET2 !!!                   ESMF_LOGKIND_Multi_On_Error  !!!
20240909 034247.741 INFO             PET2 !!!!!!!!!!!!!!!!!!!!!!!!!!!!!!!!!!!!!!!!!!!!!!!!!!!!!!
20240909 034247.741 INFO             PET2 Running with ESMF Version   : v8.7.0b13-3-gedb848d90b
20240909 034247.741 INFO             PET2 ESMF library build date/time: "Sep  9 2024" "03:05:27"
20240909 034247.741 INFO             PET2 ESMF library build location : /glade/derecho/scratch/sacks/esmf-testing/intel_2023.2.1-oneAPI_mpi_g_develop/esmf
20240909 034247.741 INFO             PET2 ESMF_COMM                   : mpi
20240909 034247.743 INFO             PET2 ESMF_MOAB                   : enabled
20240909 034247.743 INFO             PET2 ESMF_LAPACK                 : enabled
20240909 034247.743 INFO             PET2 ESMF_NETCDF                 : enabled
20240909 034247.743 INFO             PET2 ESMF_PNETCDF                : disabled
20240909 034247.743 INFO             PET2 ESMF_PIO                    : enabled
20240909 034247.743 INFO             PET2 ESMF_YAMLCPP                : enabled
20240909 034247.744 INFO             PET2 ESMF Tracing Enabled
20240909 034247.744 INFO             PET2 ESMF Profiling Enabled
20240909 034247.744 INFO             PET2 ESMF Trace/Profile clock: REALTIME
20240909 034247.757 INFO             PET2  NUMBER_OF_PROCESSORS           4
20240909 034247.757 INFO             PET2  PASS  Example ESMF_TraceEx, ESMF_TraceEx.F90, line 178
20240909 034247.757 INFO             PET2  Finalizing ESMF
20240909 034247.757 INFO             PET2 **************** Region Timings *******************
20240909 034247.757 INFO             PET2 Region              Count  Total (s)   Self (s)    Mean (s)    Min (s)     Max (s)
20240909 034247.757 INFO             PET2   [ESMF]            1      0.0097      0.0096      0.0097      0.0097      0.0097
20240909 034247.757 INFO             PET2     [test] Init 1   1      0.0001      0.0001      0.0001      0.0001      0.0001
20240909 034247.757 INFO             PET2     [test] Run 1    5      0.0000      0.0000      0.0000      0.0000      0.0000
20240909 034247.757 INFO             PET2     [test] Final 1  1      0.0000      0.0000      0.0000      0.0000      0.0000
20240909 034247.739 INFO             PET3 !!!!!!!!!!!!!!!!!!!!!!!!!!!!!!!!!!!!!!!!!!!!!!!!!!!!!!
20240909 034247.739 INFO             PET3 !!! THE ESMF_LOG IS SET TO OUTPUT ALL LOG MESSAGES !!!
20240909 034247.739 INFO             PET3 !!!     THIS MAY CAUSE SLOWDOWN IN PERFORMANCE     !!!
20240909 034247.739 INFO             PET3 !!! FOR PRODUCTION RUNS, USE:                      !!!
20240909 034247.739 INFO             PET3 !!!                   ESMF_LOGKIND_Multi_On_Error  !!!
20240909 034247.739 INFO             PET3 !!!!!!!!!!!!!!!!!!!!!!!!!!!!!!!!!!!!!!!!!!!!!!!!!!!!!!
20240909 034247.739 INFO             PET3 Running with ESMF Version   : v8.7.0b13-3-gedb848d90b
20240909 034247.739 INFO             PET3 ESMF library build date/time: "Sep  9 2024" "03:05:27"
20240909 034247.739 INFO             PET3 ESMF library build location : /glade/derecho/scratch/sacks/esmf-testing/intel_2023.2.1-oneAPI_mpi_g_develop/esmf
20240909 034247.739 INFO             PET3 ESMF_COMM                   : mpi
20240909 034247.740 INFO             PET3 ESMF_MOAB                   : enabled
20240909 034247.740 INFO             PET3 ESMF_LAPACK                 : enabled
20240909 034247.740 INFO             PET3 ESMF_NETCDF                 : enabled
20240909 034247.740 INFO             PET3 ESMF_PNETCDF                : disabled
20240909 034247.740 INFO             PET3 ESMF_PIO                    : enabled
20240909 034247.740 INFO             PET3 ESMF_YAMLCPP                : enabled
20240909 034247.740 INFO             PET3 ESMF Tracing Enabled
20240909 034247.740 INFO             PET3 ESMF Profiling Enabled
20240909 034247.740 INFO             PET3 ESMF Trace/Profile clock: REALTIME
20240909 034247.756 INFO             PET3  NUMBER_OF_PROCESSORS           4
20240909 034247.757 INFO             PET3  PASS  Example ESMF_TraceEx, ESMF_TraceEx.F90, line 178
20240909 034247.757 INFO             PET3  Finalizing ESMF
20240909 034247.757 INFO             PET3 **************** Region Timings *******************
20240909 034247.757 INFO             PET3 Region              Count  Total (s)   Self (s)    Mean (s)    Min (s)     Max (s)
20240909 034247.757 INFO             PET3   [ESMF]            1      0.0103      0.0102      0.0103      0.0103      0.0103
20240909 034247.757 INFO             PET3     [test] Init 1   1      0.0001      0.0001      0.0001      0.0001      0.0001
20240909 034247.757 INFO             PET3     [test] Run 1    5      0.0000      0.0000      0.0000      0.0000      0.0000
20240909 034247.757 INFO             PET3     [test] Final 1  1      0.0000      0.0000      0.0000      0.0000      0.0000
