2024-10-07 19:22:19
--- ESMCI::Array::print start ---
 Base name    = Array002
--- ESMCI::Array::print start ---
 Base name    = Array002
 Status: Base = Ready,  object = Ready
 Proxy        = no
--- ESMCI::Array::print start ---
 Base name    = Array002
 Status: Base = Ready,  object = Ready
 Proxy        = no
 Root Info (Attributes):
--- ESMCI::Array::print start ---
 Base name    = Array002
 Status: Base = Ready,  object = Ready
 Proxy        = no
 Root Info (Attributes):
 Status: Base = Ready,  object = Ready
 Proxy        = no
 Root Info (Attributes):
 Root Info (Attributes):
{}Array typekind/rank: Real*8 / 2 
{}Array typekind/rank: Real*8 / 2 
{}Array typekind/rank: Real*8 / 2 
~ lower class' values ~
~ lower class' values ~
~ lower class' values ~
DistGrid dimCount = 2
deCount = 4
DistGrid dimCount = 2
deCount = 4
DistGrid dimCount = 2
deCount = 4
localDeCount = 1
~ local data in LocalArray for DE 3 ~
localDeCount = 1
~ local data in LocalArray for DE 1 ~
localDeCount = 1
~ local data in LocalArray for DE 0 ~
{}Array typekind/rank: Real*8 / 2 
~ lower class' values ~
LocalArrayPrint: Array at address 0x1281076f0:
LocalArrayPrint: Array at address 0x152607bb0:
LocalArrayPrint: Array at address 0x11df06980:
DistGrid dimCount = 2
deCount = 4
            rank = 2, typekind = 6, base_addr = 0x600003b57020
            dim[0] = 2  dim[1] = 2  
            rank = 2, typekind = 6, base_addr = 0x600001eb0000
            dim[0] = 2  dim[1] = 2  
            rank = 2, typekind = 6, base_addr = 0x6000002bd120
            dim[0] = 2  dim[1] = 2  
localDeCount = 1
  Real, *8, Dim 2, Data values:
  Real, *8, Dim 2, Data values:
  Real, *8, Dim 2, Data values:
( 1, 1) =  101
( 2, 1) =  101
( 1, 1) =  103
( 2, 1) =  103
~ local data in LocalArray for DE 2 ~
( 1, 1) =  100
LocalArrayPrint: Array at address 0x12ff0e180:
( 1, 2) =  101
( 1, 2) =  103
( 2, 1) =  100
            rank = 2, typekind = 6, base_addr = 0x600000f8ca40
            dim[0] = 2  dim[1] = 2  
( 2, 2) =  103
( 1, 2) =  100
( 2, 2) =  101
--- ESMCI::Array::print end ---
  Real, *8, Dim 2, Data values:
--- ESMCI::Array::print end ---
( 2, 2) =  100
( 1, 1) =  102
--- ESMCI::Array::print end ---
--- ESMCI::Array::print start ---
 Base name    = Array003
--- ESMCI::Array::print start ---
 Base name    = Array003
( 2, 1) =  102
--- ESMCI::Array::print start ---
( 1, 2) =  102
 Base name    = Array003
 Status: Base = Ready,  object = Ready
 Status: Base = Ready,  object = Ready
 Proxy        = no
( 2, 2) =  102
 Status: Base = Ready,  object = Ready
 Proxy        = no
 Root Info (Attributes):
--- ESMCI::Array::print end ---
 Proxy        = no
 Root Info (Attributes):
 Root Info (Attributes):
{}--- ESMCI::Array::print start ---
 Base name    = Array003
{}Array typekind/rank: Real*8 / 2 
Array typekind/rank: Real*8 / 2 
{}Array typekind/rank: Real*8 / 2 
~ lower class' values ~
 Status: Base = Ready,  object = Ready
~ lower class' values ~
DistGrid dimCount = 2
 Proxy        = no
~ lower class' values ~
DistGrid dimCount = 2
deCount = 4
deCount = 4
 Root Info (Attributes):
DistGrid dimCount = 2
deCount = 4
localDeCount = 1
{}localDeCount = 1
~ local data in LocalArray for DE 1 ~
Array typekind/rank: Real*8 / 2 
~ local data in LocalArray for DE 3 ~
LocalArrayPrint: Array at address 0x128107ac0:
localDeCount = 1
~ local data in LocalArray for DE 0 ~
LocalArrayPrint: Array at address 0x152607fb0:
            rank = 2, typekind = 6, base_addr = 0x600003b57160
~ lower class' values ~
DistGrid dimCount = 2
            rank = 2, typekind = 6, base_addr = 0x600001eb0140
LocalArrayPrint: Array at address 0x11df06cb0:
deCount = 4
            dim[0] = 2  dim[1] = 2  
            rank = 2, typekind = 6, base_addr = 0x6000002bd260
            dim[0] = 2  dim[1] = 2  
  Real, *8, Dim 2, Data values:
localDeCount = 1
  Real, *8, Dim 2, Data values:
            dim[0] = 2  dim[1] = 2  
( 1, 1) =  201
  Real, *8, Dim 2, Data values:
~ local data in LocalArray for DE 2 ~
( 1, 1) =  203
( 2, 1) =  201
( 1, 2) =  201
( 1, 1) =  200
LocalArrayPrint: Array at address 0x12ff0e4b0:
( 2, 1) =  203
( 2, 1) =  200
( 1, 2) =  200
            rank = 2, typekind = 6, base_addr = 0x600000f8cb80
            dim[0] = 2  dim[1] = 2  
( 1, 2) =  203
( 2, 2) =  203
( 2, 2) =  201
--- ESMCI::Array::print end ---
--- ESMCI::Array::print end ---
  Real, *8, Dim 2, Data values:
( 2, 2) =  200
--- ESMCI::Array::print start ---
--- ESMCI::Array::print start ---
( 1, 1) =  202
 Base name    = Array004
 Base name    = Array004
--- ESMCI::Array::print end ---
( 2, 1) =  202
 Status: Base = Ready,  object = Ready
( 1, 2) =  202
 Proxy        = no
 Status: Base = Ready,  object = Ready
--- ESMCI::Array::print start ---
( 2, 2) =  202
 Root Info (Attributes):
 Proxy        = no
 Base name    = Array004
--- ESMCI::Array::print end ---
{} Root Info (Attributes):
 Status: Base = Ready,  object = Ready
 Proxy        = no
--- ESMCI::Array::print start ---
Array typekind/rank: Real*8 / 2 
{}~ lower class' values ~
DistGrid dimCount = 2
 Base name    = Array004
 Status: Base = Ready,  object = Ready
 Root Info (Attributes):
Array typekind/rank: Real*8 / 2 
{}~ lower class' values ~
deCount = 4
 Proxy        = no
Array typekind/rank: Real*8 / 2 
DistGrid dimCount = 2
localDeCount = 1
 Root Info (Attributes):
~ lower class' values ~
deCount = 4
~ local data in LocalArray for DE 1 ~
DistGrid dimCount = 2
deCount = 4
{}Array typekind/rank: Real*8 / 2 
localDeCount = 1
LocalArrayPrint: Array at address 0x1526082e0:
~ local data in LocalArray for DE 3 ~
~ lower class' values ~
DistGrid dimCount = 2
            rank = 2, typekind = 6, base_addr = 0x600001555900
            dim[0] = 4  dim[1] = 4  
localDeCount = 1
~ local data in LocalArray for DE 0 ~
LocalArrayPrint: Array at address 0x128107df0:
deCount = 4
  Real, *8, Dim 2, Data values:
            rank = 2, typekind = 6, base_addr = 0x60000308d100
            dim[0] = 4  dim[1] = 4  
LocalArrayPrint: Array at address 0x11df06fe0:
            rank = 2, typekind = 6, base_addr = 0x600002cbc100
localDeCount = 1
( 0, 0) =  301
  Real, *8, Dim 2, Data values:
~ local data in LocalArray for DE 2 ~
( 1, 0) =  301
( 2, 0) =  301
            dim[0] = 4  dim[1] = 4  
  Real, *8, Dim 2, Data values:
( 0, 0) =  300
LocalArrayPrint: Array at address 0x12ff0e7e0:
( 1, 0) =  301
( 3, 0) =  301
( 0, 1) =  300
( 0, 0) =  300
( 1, 0) =  300
            rank = 2, typekind = 6, base_addr = 0x60000218ae80
            dim[0] = 4  dim[1] = 4  
( 2, 0) =  301
( 3, 0) =  303
  Real, *8, Dim 2, Data values:
( 1, 1) =  301
( 2, 1) =  301
( 2, 0) =  300
( 3, 0) =  300
( 0, 1) =  302
( 0, 0) =  302
( 1, 1) =  303
( 1, 0) =  300
( 3, 1) =  301
( 0, 1) =  300
( 2, 1) =  303
( 2, 0) =  300
( 0, 2) =  300
( 1, 1) =  300
( 3, 1) =  303
( 3, 0) =  301
( 1, 2) =  301
( 2, 2) =  301
( 2, 1) =  300
( 3, 1) =  301
( 0, 2) =  302
( 0, 1) =  302
( 0, 2) =  300
( 3, 2) =  301
( 1, 2) =  303
( 1, 1) =  302
( 1, 2) =  300
( 0, 3) =  302
( 2, 2) =  303
( 3, 2) =  303
( 2, 1) =  302
( 2, 2) =  300
( 3, 2) =  301
( 1, 3) =  303
( 3, 1) =  303
( 2, 3) =  303
( 0, 2) =  302
( 1, 2) =  302
( 0, 3) =  300
( 1, 3) =  302
( 0, 3) =  303
( 1, 3) =  303
( 3, 3) =  301
--- ESMCI::Array::print end ---
( 2, 3) =  303
( 2, 2) =  302
( 2, 3) =  302
( 3, 3) =  303
( 3, 2) =  303
--- ESMCI::Array::print start ---
( 3, 3) =  303
--- ESMCI::Array::print end ---
( 0, 3) =  302
 Base name    = Array005
--- ESMCI::Array::print end ---
( 1, 3) =  302
 Status: Base = Ready,  object = Ready
--- ESMCI::Array::print start ---
 Base name    = Array005
--- ESMCI::Array::print start ---
 Base name    = Array005
( 2, 3) =  302
 Proxy        = no
 Status: Base = Ready,  object = Ready
 Proxy        = no
 Root Info (Attributes):
{}( 3, 3) =  302
--- ESMCI::Array::print end ---
 Status: Base = Ready,  object = Ready
 Proxy        = no
 Root Info (Attributes):
{}Array typekind/rank: Real*8 / 2 
~ lower class' values ~
DistGrid dimCount = 2
--- ESMCI::Array::print start ---
 Base name    = Array005
 Root Info (Attributes):
{}Array typekind/rank: Real*8 / 2 
Array typekind/rank: Real*8 / 2 
deCount = 4
 Status: Base = Ready,  object = Ready
~ lower class' values ~
~ lower class' values ~
localDeCount = 1
 Proxy        = no
DistGrid dimCount = 2
DistGrid dimCount = 2
~ local data in LocalArray for DE 1 ~
 Root Info (Attributes):
deCount = 4
localDeCount = 1
deCount = 4
LocalArrayPrint: Array at address 0x152608610:
{}Array typekind/rank: Real*8 / 2 
~ local data in LocalArray for DE 0 ~
localDeCount = 1
~ local data in LocalArray for DE 3 ~
            rank = 2, typekind = 6, base_addr = 0x600001555c00
~ lower class' values ~
LocalArrayPrint: Array at address 0x11df07310:
LocalArrayPrint: Array at address 0x128108120:
            dim[0] = 4  dim[1] = 4  
            rank = 2, typekind = 6, base_addr = 0x60000308d000
DistGrid dimCount = 2
deCount = 4
  Real, *8, Dim 2, Data values:
( 0, 0) =  401
            rank = 2, typekind = 6, base_addr = 0x600002cbc200
            dim[0] = 4  dim[1] = 4  
            dim[0] = 4  dim[1] = 4  
  Real, *8, Dim 2, Data values:
localDeCount = 1
( 1, 0) =  401
( 0, 0) =  400
~ local data in LocalArray for DE 2 ~
( 2, 0) =  401
  Real, *8, Dim 2, Data values:
( 0, 0) =  400
( 1, 0) =  401
( 3, 0) =  401
LocalArrayPrint: Array at address 0x12ff0eb10:
( 1, 0) =  400
( 2, 0) =  401
( 0, 1) =  400
            rank = 2, typekind = 6, base_addr = 0x60000218ab00
( 2, 0) =  400
( 3, 0) =  403
( 1, 1) =  401
            dim[0] = 4  dim[1] = 4  
( 3, 0) =  400
( 0, 1) =  402
( 2, 1) =  401
  Real, *8, Dim 2, Data values:
( 0, 1) =  400
( 1, 1) =  400
( 0, 0) =  402
( 1, 1) =  403
( 2, 1) =  403
( 3, 1) =  401
( 0, 2) =  400
( 2, 1) =  400
( 1, 0) =  400
( 3, 1) =  401
( 2, 0) =  400
( 1, 2) =  401
( 3, 1) =  403
( 0, 2) =  402
( 0, 2) =  400
( 3, 0) =  401
( 2, 2) =  401
( 1, 2) =  400
( 0, 1) =  402
( 3, 2) =  401
( 1, 2) =  403
( 2, 2) =  403
( 0, 3) =  402
( 2, 2) =  400
( 1, 1) =  402
( 3, 2) =  403
( 1, 3) =  403
( 2, 3) =  403
( 3, 2) =  401
( 2, 1) =  402
( 0, 3) =  403
( 3, 3) =  401
--- ESMCI::Array::print end ---
( 0, 3) =  400
( 1, 3) =  402
( 1, 3) =  403
( 2, 3) =  403
( 3, 1) =  403
( 0, 2) =  402
--- ESMCI::Array::print start ---
( 2, 3) =  402
( 3, 3) =  403
( 1, 2) =  402
 Base name    = Array006
( 3, 3) =  403
--- ESMCI::Array::print end ---
 Status: Base = Ready,  object = Ready
--- ESMCI::Array::print end ---
( 2, 2) =  402
--- ESMCI::Array::print start ---
( 3, 2) =  403
 Base name    = Array006
 Proxy        = no
--- ESMCI::Array::print start ---
( 0, 3) =  402
 Status: Base = Ready,  object = Ready
 Root Info (Attributes):
 Base name    = Array006
 Proxy        = no
{}( 1, 3) =  402
 Status: Base = Ready,  object = Ready
 Root Info (Attributes):
( 2, 3) =  402
 Proxy        = no
 Root Info (Attributes):
Array typekind/rank: Real*8 / 2 
~ lower class' values ~
{}( 3, 3) =  402
--- ESMCI::Array::print end ---
{}Array typekind/rank: Real*8 / 2 
Array typekind/rank: Real*8 / 2 
~ lower class' values ~
DistGrid dimCount = 2
deCount = 4
--- ESMCI::Array::print start ---
~ lower class' values ~
 Base name    = Array006
DistGrid dimCount = 2
DistGrid dimCount = 2
deCount = 4
localDeCount = 1
 Status: Base = Ready,  object = Ready
~ local data in LocalArray for DE 1 ~
deCount = 4
localDeCount = 1
~ local data in LocalArray for DE 3 ~
 Proxy        = no
LocalArrayPrint: Array at address 0x152608940:
localDeCount = 1
            rank = 2, typekind = 6, base_addr = 0x600001f54540
~ local data in LocalArray for DE 0 ~
LocalArrayPrint: Array at address 0x11df07640:
LocalArrayPrint: Array at address 0x128108450:
            rank = 2, typekind = 6, base_addr = 0x600003a85020
 Root Info (Attributes):
{}            dim[0] = 4  dim[1] = 3  
            rank = 2, typekind = 6, base_addr = 0x6000026bc660
  Real, *8, Dim 2, Data values:
( 0, 0) =  501
            dim[0] = 4  dim[1] = 3  
  Real, *8, Dim 2, Data values:
Array typekind/rank: Real*8 / 2 
~ lower class' values ~
            dim[0] = 4  dim[1] = 3  
  Real, *8, Dim 2, Data values:
( 0, 0) =  500
( 1, 0) =  501
( 1, 0) =  501
( 2, 0) =  501
DistGrid dimCount = 2
deCount = 4
( 0, 0) =  500
( 1, 0) =  500
( 2, 0) =  500
( 3, 0) =  500
( 3, 0) =  501
( 0, 1) =  500
localDeCount = 1
~ local data in LocalArray for DE 2 ~
( 2, 0) =  501
( 3, 0) =  503
( 0, 1) =  502
( 0, 1) =  500
( 1, 1) =  501
LocalArrayPrint: Array at address 0x12ff0ee40:
( 1, 1) =  500
( 2, 1) =  500
( 2, 1) =  501
( 3, 1) =  501
            rank = 2, typekind = 6, base_addr = 0x600002b801e0
            dim[0] = 4  dim[1] = 3  
( 1, 1) =  503
( 2, 1) =  503
( 3, 1) =  501
( 0, 2) =  500
( 0, 2) =  500
( 1, 2) =  501
( 3, 1) =  503
( 0, 2) =  502
( 1, 2) =  500
( 2, 2) =  501
( 3, 2) =  501
( 1, 2) =  503
( 2, 2) =  503
  Real, *8, Dim 2, Data values:
( 0, 0) =  502
( 2, 2) =  500
( 3, 2) =  501
--- ESMCI::Array::print end ---
--- ESMCI::Array::print end ---
( 3, 2) =  503
--- ESMCI::Array::print end ---
( 1, 0) =  500
( 2, 0) =  500
( 3, 0) =  501
( 0, 1) =  502
( 1, 1) =  502
  PASS  Example ESMF_ArrayBundleHaloEx, ESMF_ArrayBundleHaloEx.F90, line 172
  PASS  Example ESMF_ArrayBundleHaloEx, ESMF_ArrayBundleHaloEx.F90, line 172
( 2, 1) =  502
  PASS  Example ESMF_ArrayBundleHaloEx, ESMF_ArrayBundleHaloEx.F90, line 172
( 3, 1) =  503
( 0, 2) =  502
( 1, 2) =  502
( 2, 2) =  502
( 3, 2) =  503
--- ESMCI::Array::print end ---
  PASS  Example ESMF_ArrayBundleHaloEx, ESMF_ArrayBundleHaloEx.F90, line 172
 PASS: ESMF_ArrayBundleHaloEx.F90
 PASS: ESMF_ArrayBundleHaloEx.F90
 PASS: ESMF_ArrayBundleHaloEx.F90
 PASS: ESMF_ArrayBundleHaloEx.F90
