2024-09-09 02:35:27
20240909 032248.687 INFO             PET0 !!!!!!!!!!!!!!!!!!!!!!!!!!!!!!!!!!!!!!!!!!!!!!!!!!!!!!
20240909 032248.687 INFO             PET0 !!! THE ESMF_LOG IS SET TO OUTPUT ALL LOG MESSAGES !!!
20240909 032248.687 INFO             PET0 !!!     THIS MAY CAUSE SLOWDOWN IN PERFORMANCE     !!!
20240909 032248.687 INFO             PET0 !!! FOR PRODUCTION RUNS, USE:                      !!!
20240909 032248.687 INFO             PET0 !!!                   ESMF_LOGKIND_Multi_On_Error  !!!
20240909 032248.687 INFO             PET0 !!!!!!!!!!!!!!!!!!!!!!!!!!!!!!!!!!!!!!!!!!!!!!!!!!!!!!
20240909 032248.687 INFO             PET0 Running with ESMF Version   : v8.7.0b13-3-gedb848d90b
20240909 032248.687 INFO             PET0 ESMF library build date/time: "Sep  9 2024" "02:33:03"
20240909 032248.687 INFO             PET0 ESMF library build location : /work/noaa/da/mpotts/sandbox/gfortran_12.2.0_mpiuni_g_develop/esmf
20240909 032248.687 INFO             PET0 ESMF_COMM                   : mpiuni
20240909 032248.688 INFO             PET0 ESMF_MOAB                   : enabled
20240909 032248.688 INFO             PET0 ESMF_LAPACK                 : enabled
20240909 032248.688 INFO             PET0 ESMF_NETCDF                 : disabled
20240909 032248.688 INFO             PET0 ESMF_PNETCDF                : disabled
20240909 032248.688 INFO             PET0 ESMF_PIO                    : disabled
20240909 032248.688 INFO             PET0 ESMF_YAMLCPP                : enabled
20240909 032248.688 INFO             PET0 ESMF Tracing Enabled
20240909 032248.688 INFO             PET0 ESMF Profiling Enabled
20240909 032248.688 INFO             PET0 ESMF Trace/Profile clock: REALTIME
20240909 032248.690 INFO             PET0  NUMBER_OF_PROCESSORS           1
20240909 032248.690 INFO             PET0  PASS  Example ESMF_TraceUserEx, ESMF_TraceUserEx.F90, line 125
20240909 032248.690 INFO             PET0  Finalizing ESMF
20240909 032248.690 INFO             PET0 **************** Region Timings *******************
20240909 032248.690 INFO             PET0 Region                Count  Total (s)   Self (s)    Mean (s)    Min (s)     Max (s)
20240909 032248.690 INFO             PET0   [ESMF]              1      0.0007      0.0001      0.0007      0.0007      0.0007
20240909 032248.690 INFO             PET0     outer_region      1      0.0005      0.0001      0.0005      0.0005      0.0005
20240909 032248.690 INFO             PET0       inner_region_1  10     0.0003      0.0003      0.0000      0.0000      0.0000
20240909 032248.691 INFO             PET0       inner_region_2  10     0.0002      0.0002      0.0000      0.0000      0.0000
