2024-09-10 03:50:59
20240910 041935.471 INFO             PET0 !!!!!!!!!!!!!!!!!!!!!!!!!!!!!!!!!!!!!!!!!!!!!!!!!!!!!!
20240910 041935.471 INFO             PET0 !!! THE ESMF_LOG IS SET TO OUTPUT ALL LOG MESSAGES !!!
20240910 041935.471 INFO             PET0 !!!     THIS MAY CAUSE SLOWDOWN IN PERFORMANCE     !!!
20240910 041935.471 INFO             PET0 !!! FOR PRODUCTION RUNS, USE:                      !!!
20240910 041935.471 INFO             PET0 !!!                   ESMF_LOGKIND_Multi_On_Error  !!!
20240910 041935.471 INFO             PET0 !!!!!!!!!!!!!!!!!!!!!!!!!!!!!!!!!!!!!!!!!!!!!!!!!!!!!!
20240910 041935.471 INFO             PET0 Running with ESMF Version   : v8.7.0b13-12-g9379ba6a7e
20240910 041935.471 INFO             PET0 ESMF library build date/time: "Sep 10 2024" "03:49:46"
20240910 041935.471 INFO             PET0 ESMF library build location : /tmp/gfortran_12.2.0_mpiuni_g_develop/esmf
20240910 041935.471 INFO             PET0 ESMF_COMM                   : mpiuni
20240910 041935.471 INFO             PET0 ESMF_MOAB                   : enabled
20240910 041935.471 INFO             PET0 ESMF_LAPACK                 : enabled
20240910 041935.471 INFO             PET0 ESMF_NETCDF                 : enabled
20240910 041935.471 INFO             PET0 ESMF_PNETCDF                : disabled
20240910 041935.471 INFO             PET0 ESMF_PIO                    : enabled
20240910 041935.471 INFO             PET0 ESMF_YAMLCPP                : enabled
20240910 041935.472 INFO             PET0  NUMBER_OF_PROCESSORS           1
20240910 041935.472 INFO             PET0  PASS  Example ESMF_WebServicesEx, ESMF_WebServicesEx.F90, line 227
20240910 041935.472 INFO             PET0  Finalizing ESMF
