2024-09-09 01:51:07
20240909 022941.927 INFO             PET0 !!!!!!!!!!!!!!!!!!!!!!!!!!!!!!!!!!!!!!!!!!!!!!!!!!!!!!
20240909 022941.927 INFO             PET0 !!! THE ESMF_LOG IS SET TO OUTPUT ALL LOG MESSAGES !!!
20240909 022941.927 INFO             PET0 !!!     THIS MAY CAUSE SLOWDOWN IN PERFORMANCE     !!!
20240909 022941.927 INFO             PET0 !!! FOR PRODUCTION RUNS, USE:                      !!!
20240909 022941.927 INFO             PET0 !!!                   ESMF_LOGKIND_Multi_On_Error  !!!
20240909 022941.927 INFO             PET0 !!!!!!!!!!!!!!!!!!!!!!!!!!!!!!!!!!!!!!!!!!!!!!!!!!!!!!
20240909 022941.927 INFO             PET0 Running with ESMF Version   : v8.7.0b13-3-gedb848d90b
20240909 022941.927 INFO             PET0 ESMF library build date/time: "Sep  9 2024" "01:48:39"
20240909 022941.927 INFO             PET0 ESMF library build location : /glade/derecho/scratch/sacks/esmf-testing/intel_2023.2.1_mpi_O_develop/esmf
20240909 022941.927 INFO             PET0 ESMF_COMM                   : mpi
20240909 022941.928 INFO             PET0 ESMF_MOAB                   : enabled
20240909 022941.928 INFO             PET0 ESMF_LAPACK                 : enabled
20240909 022941.928 INFO             PET0 ESMF_NETCDF                 : enabled
20240909 022941.928 INFO             PET0 ESMF_PNETCDF                : disabled
20240909 022941.928 INFO             PET0 ESMF_PIO                    : enabled
20240909 022941.928 INFO             PET0 ESMF_YAMLCPP                : enabled
20240909 022941.928 INFO             PET0  NUMBER_OF_PROCESSORS           1
20240909 022941.928 INFO             PET0  PASS  Example ESMF_TimeEx, ESMF_TimeEx.F90, line 141
20240909 022941.928 INFO             PET0  Finalizing ESMF
