2024-08-30 02:07:49
20240830 025804.002 INFO             PET0 !!!!!!!!!!!!!!!!!!!!!!!!!!!!!!!!!!!!!!!!!!!!!!!!!!!!!!
20240830 025804.002 INFO             PET0 !!! THE ESMF_LOG IS SET TO OUTPUT ALL LOG MESSAGES !!!
20240830 025804.002 INFO             PET0 !!!     THIS MAY CAUSE SLOWDOWN IN PERFORMANCE     !!!
20240830 025804.002 INFO             PET0 !!! FOR PRODUCTION RUNS, USE:                      !!!
20240830 025804.002 INFO             PET0 !!!                   ESMF_LOGKIND_Multi_On_Error  !!!
20240830 025804.002 INFO             PET0 !!!!!!!!!!!!!!!!!!!!!!!!!!!!!!!!!!!!!!!!!!!!!!!!!!!!!!
20240830 025804.002 INFO             PET0 Running with ESMF Version   : v8.7.0b11-6-g82f8052f9c
20240830 025804.002 INFO             PET0 ESMF library build date/time: "Aug 30 2024" "02:04:35"
20240830 025804.002 INFO             PET0 ESMF library build location : /glade/derecho/scratch/sacks/esmf-testing/intel_2023.2.1_mpi_O_develop/esmf
20240830 025804.002 INFO             PET0 ESMF_COMM                   : mpi
20240830 025804.003 INFO             PET0 ESMF_MOAB                   : enabled
20240830 025804.003 INFO             PET0 ESMF_LAPACK                 : enabled
20240830 025804.003 INFO             PET0 ESMF_NETCDF                 : enabled
20240830 025804.003 INFO             PET0 ESMF_PNETCDF                : disabled
20240830 025804.003 INFO             PET0 ESMF_PIO                    : enabled
20240830 025804.003 INFO             PET0 ESMF_YAMLCPP                : enabled
20240830 025804.036 DEBUG            PET0 about to destroy Grid: 0x8cd310
20240830 025804.039 DEBUG            PET0 about to destroy Grid: 0x8d0560
20240830 025804.046 INFO             PET0  NUMBER_OF_PROCESSORS           4
20240830 025804.046 INFO             PET0  PASS  Example ESMF_NUOPCAtmModelEx, ESMF_NUOPCAtmModelEx.F90, line 806
20240830 025804.046 INFO             PET0  Finalizing ESMF
20240830 025804.000 INFO             PET1 !!!!!!!!!!!!!!!!!!!!!!!!!!!!!!!!!!!!!!!!!!!!!!!!!!!!!!
20240830 025804.000 INFO             PET1 !!! THE ESMF_LOG IS SET TO OUTPUT ALL LOG MESSAGES !!!
20240830 025804.000 INFO             PET1 !!!     THIS MAY CAUSE SLOWDOWN IN PERFORMANCE     !!!
20240830 025804.000 INFO             PET1 !!! FOR PRODUCTION RUNS, USE:                      !!!
20240830 025804.000 INFO             PET1 !!!                   ESMF_LOGKIND_Multi_On_Error  !!!
20240830 025804.000 INFO             PET1 !!!!!!!!!!!!!!!!!!!!!!!!!!!!!!!!!!!!!!!!!!!!!!!!!!!!!!
20240830 025804.000 INFO             PET1 Running with ESMF Version   : v8.7.0b11-6-g82f8052f9c
20240830 025804.000 INFO             PET1 ESMF library build date/time: "Aug 30 2024" "02:04:35"
20240830 025804.000 INFO             PET1 ESMF library build location : /glade/derecho/scratch/sacks/esmf-testing/intel_2023.2.1_mpi_O_develop/esmf
20240830 025804.000 INFO             PET1 ESMF_COMM                   : mpi
20240830 025804.002 INFO             PET1 ESMF_MOAB                   : enabled
20240830 025804.002 INFO             PET1 ESMF_LAPACK                 : enabled
20240830 025804.002 INFO             PET1 ESMF_NETCDF                 : enabled
20240830 025804.002 INFO             PET1 ESMF_PNETCDF                : disabled
20240830 025804.002 INFO             PET1 ESMF_PIO                    : enabled
20240830 025804.002 INFO             PET1 ESMF_YAMLCPP                : enabled
20240830 025804.036 DEBUG            PET1 about to destroy Grid: 0x8cc230
20240830 025804.039 DEBUG            PET1 about to destroy Grid: 0x8cd210
20240830 025804.046 INFO             PET1  NUMBER_OF_PROCESSORS           4
20240830 025804.046 INFO             PET1  PASS  Example ESMF_NUOPCAtmModelEx, ESMF_NUOPCAtmModelEx.F90, line 806
20240830 025804.046 INFO             PET1  Finalizing ESMF
20240830 025804.000 INFO             PET2 !!!!!!!!!!!!!!!!!!!!!!!!!!!!!!!!!!!!!!!!!!!!!!!!!!!!!!
20240830 025804.000 INFO             PET2 !!! THE ESMF_LOG IS SET TO OUTPUT ALL LOG MESSAGES !!!
20240830 025804.000 INFO             PET2 !!!     THIS MAY CAUSE SLOWDOWN IN PERFORMANCE     !!!
20240830 025804.000 INFO             PET2 !!! FOR PRODUCTION RUNS, USE:                      !!!
20240830 025804.000 INFO             PET2 !!!                   ESMF_LOGKIND_Multi_On_Error  !!!
20240830 025804.000 INFO             PET2 !!!!!!!!!!!!!!!!!!!!!!!!!!!!!!!!!!!!!!!!!!!!!!!!!!!!!!
20240830 025804.000 INFO             PET2 Running with ESMF Version   : v8.7.0b11-6-g82f8052f9c
20240830 025804.000 INFO             PET2 ESMF library build date/time: "Aug 30 2024" "02:04:35"
20240830 025804.000 INFO             PET2 ESMF library build location : /glade/derecho/scratch/sacks/esmf-testing/intel_2023.2.1_mpi_O_develop/esmf
20240830 025804.000 INFO             PET2 ESMF_COMM                   : mpi
20240830 025804.002 INFO             PET2 ESMF_MOAB                   : enabled
20240830 025804.002 INFO             PET2 ESMF_LAPACK                 : enabled
20240830 025804.002 INFO             PET2 ESMF_NETCDF                 : enabled
20240830 025804.002 INFO             PET2 ESMF_PNETCDF                : disabled
20240830 025804.002 INFO             PET2 ESMF_PIO                    : enabled
20240830 025804.002 INFO             PET2 ESMF_YAMLCPP                : enabled
20240830 025804.036 DEBUG            PET2 about to destroy Grid: 0x8cc2d0
20240830 025804.039 DEBUG            PET2 about to destroy Grid: 0x8ccfb0
20240830 025804.046 INFO             PET2  NUMBER_OF_PROCESSORS           4
20240830 025804.046 INFO             PET2  PASS  Example ESMF_NUOPCAtmModelEx, ESMF_NUOPCAtmModelEx.F90, line 806
20240830 025804.046 INFO             PET2  Finalizing ESMF
20240830 025804.002 INFO             PET3 !!!!!!!!!!!!!!!!!!!!!!!!!!!!!!!!!!!!!!!!!!!!!!!!!!!!!!
20240830 025804.002 INFO             PET3 !!! THE ESMF_LOG IS SET TO OUTPUT ALL LOG MESSAGES !!!
20240830 025804.002 INFO             PET3 !!!     THIS MAY CAUSE SLOWDOWN IN PERFORMANCE     !!!
20240830 025804.002 INFO             PET3 !!! FOR PRODUCTION RUNS, USE:                      !!!
20240830 025804.002 INFO             PET3 !!!                   ESMF_LOGKIND_Multi_On_Error  !!!
20240830 025804.002 INFO             PET3 !!!!!!!!!!!!!!!!!!!!!!!!!!!!!!!!!!!!!!!!!!!!!!!!!!!!!!
20240830 025804.002 INFO             PET3 Running with ESMF Version   : v8.7.0b11-6-g82f8052f9c
20240830 025804.002 INFO             PET3 ESMF library build date/time: "Aug 30 2024" "02:04:35"
20240830 025804.002 INFO             PET3 ESMF library build location : /glade/derecho/scratch/sacks/esmf-testing/intel_2023.2.1_mpi_O_develop/esmf
20240830 025804.002 INFO             PET3 ESMF_COMM                   : mpi
20240830 025804.008 INFO             PET3 ESMF_MOAB                   : enabled
20240830 025804.008 INFO             PET3 ESMF_LAPACK                 : enabled
20240830 025804.008 INFO             PET3 ESMF_NETCDF                 : enabled
20240830 025804.008 INFO             PET3 ESMF_PNETCDF                : disabled
20240830 025804.008 INFO             PET3 ESMF_PIO                    : enabled
20240830 025804.008 INFO             PET3 ESMF_YAMLCPP                : enabled
20240830 025804.036 DEBUG            PET3 about to destroy Grid: 0x8cc280
20240830 025804.039 DEBUG            PET3 about to destroy Grid: 0x8cd230
20240830 025804.047 INFO             PET3  NUMBER_OF_PROCESSORS           4
20240830 025804.047 INFO             PET3  PASS  Example ESMF_NUOPCAtmModelEx, ESMF_NUOPCAtmModelEx.F90, line 806
20240830 025804.047 INFO             PET3  Finalizing ESMF
