2024-08-09 07:34:55
20240809 080423.128 INFO             PET0 !!!!!!!!!!!!!!!!!!!!!!!!!!!!!!!!!!!!!!!!!!!!!!!!!!!!!!
20240809 080423.128 INFO             PET0 !!! THE ESMF_LOG IS SET TO OUTPUT ALL LOG MESSAGES !!!
20240809 080423.128 INFO             PET0 !!!     THIS MAY CAUSE SLOWDOWN IN PERFORMANCE     !!!
20240809 080423.128 INFO             PET0 !!! FOR PRODUCTION RUNS, USE:                      !!!
20240809 080423.128 INFO             PET0 !!!                   ESMF_LOGKIND_Multi_On_Error  !!!
20240809 080423.128 INFO             PET0 !!!!!!!!!!!!!!!!!!!!!!!!!!!!!!!!!!!!!!!!!!!!!!!!!!!!!!
20240809 080423.128 INFO             PET0 Running with ESMF Version   : v8.7.0b11
20240809 080423.128 INFO             PET0 ESMF library build date/time: "Aug  9 2024" "07:32:41"
20240809 080423.128 INFO             PET0 ESMF library build location : /scratch2/NCEPDEV/stmp1/Gerhard.Theurich/ESMF-Nightly-Testing/intel_2023.2.0-oneAPI_mpiuni_O_develop/esmf
20240809 080423.128 INFO             PET0 ESMF_COMM                   : mpiuni
20240809 080423.129 INFO             PET0 ESMF_MOAB                   : enabled
20240809 080423.129 INFO             PET0 ESMF_LAPACK                 : enabled
20240809 080423.129 INFO             PET0 ESMF_NETCDF                 : enabled
20240809 080423.129 INFO             PET0 ESMF_PNETCDF                : disabled
20240809 080423.129 INFO             PET0 ESMF_PIO                    : enabled
20240809 080423.129 INFO             PET0 ESMF_YAMLCPP                : enabled
20240809 080423.136 INFO             PET0  NUMBER_OF_PROCESSORS           1
20240809 080423.137 INFO             PET0  PASS  Example ESMF_LocStreamEx, ESMF_LocStreamEx.F90, line 784
20240809 080423.137 INFO             PET0  Finalizing ESMF
