2024-08-11 07:38:22
20240811 080953.588 INFO             PET0 !!!!!!!!!!!!!!!!!!!!!!!!!!!!!!!!!!!!!!!!!!!!!!!!!!!!!!
20240811 080953.588 INFO             PET0 !!! THE ESMF_LOG IS SET TO OUTPUT ALL LOG MESSAGES !!!
20240811 080953.588 INFO             PET0 !!!     THIS MAY CAUSE SLOWDOWN IN PERFORMANCE     !!!
20240811 080953.588 INFO             PET0 !!! FOR PRODUCTION RUNS, USE:                      !!!
20240811 080953.588 INFO             PET0 !!!                   ESMF_LOGKIND_Multi_On_Error  !!!
20240811 080953.588 INFO             PET0 !!!!!!!!!!!!!!!!!!!!!!!!!!!!!!!!!!!!!!!!!!!!!!!!!!!!!!
20240811 080953.588 INFO             PET0 Running with ESMF Version   : v8.7.0b11
20240811 080953.588 INFO             PET0 ESMF library build date/time: "Aug 11 2024" "07:35:26"
20240811 080953.588 INFO             PET0 ESMF library build location : /scratch2/NCEPDEV/stmp1/Gerhard.Theurich/ESMF-Nightly-Testing/intel_2023.2.0-oneAPI_mpiuni_O_develop/esmf
20240811 080953.588 INFO             PET0 ESMF_COMM                   : mpiuni
20240811 080953.589 INFO             PET0 ESMF_MOAB                   : enabled
20240811 080953.589 INFO             PET0 ESMF_LAPACK                 : enabled
20240811 080953.589 INFO             PET0 ESMF_NETCDF                 : enabled
20240811 080953.589 INFO             PET0 ESMF_PNETCDF                : disabled
20240811 080953.589 INFO             PET0 ESMF_PIO                    : enabled
20240811 080953.589 INFO             PET0 ESMF_YAMLCPP                : enabled
20240811 080953.590 INFO             PET0  NUMBER_OF_PROCESSORS           1
20240811 080953.590 INFO             PET0  PASS  Example ESMF_InternalStateModEx, ESMF_InternalStateModEx.F90, line 239
20240811 080953.590 INFO             PET0  Finalizing ESMF
