2024-09-09 04:21:42
20240909 051059.347 INFO             PET0 !!!!!!!!!!!!!!!!!!!!!!!!!!!!!!!!!!!!!!!!!!!!!!!!!!!!!!
20240909 051059.347 INFO             PET0 !!! THE ESMF_LOG IS SET TO OUTPUT ALL LOG MESSAGES !!!
20240909 051059.347 INFO             PET0 !!!     THIS MAY CAUSE SLOWDOWN IN PERFORMANCE     !!!
20240909 051059.347 INFO             PET0 !!! FOR PRODUCTION RUNS, USE:                      !!!
20240909 051059.347 INFO             PET0 !!!                   ESMF_LOGKIND_Multi_On_Error  !!!
20240909 051059.347 INFO             PET0 !!!!!!!!!!!!!!!!!!!!!!!!!!!!!!!!!!!!!!!!!!!!!!!!!!!!!!
20240909 051059.347 INFO             PET0 Running with ESMF Version   : v8.7.0b13-3-gedb848d90b
20240909 051059.347 INFO             PET0 ESMF library build date/time: "Sep  9 2024" "04:18:41"
20240909 051059.347 INFO             PET0 ESMF library build location : /glade/derecho/scratch/sacks/esmf-testing/cce_15.0.1_mpi_O_develop/esmf
20240909 051059.347 INFO             PET0 ESMF_COMM                   : mpi
20240909 051059.348 INFO             PET0 ESMF_MOAB                   : enabled
20240909 051059.348 INFO             PET0 ESMF_LAPACK                 : enabled
20240909 051059.348 INFO             PET0 ESMF_NETCDF                 : enabled
20240909 051059.348 INFO             PET0 ESMF_PNETCDF                : disabled
20240909 051059.348 INFO             PET0 ESMF_PIO                    : enabled
20240909 051059.348 INFO             PET0 ESMF_YAMLCPP                : enabled
20240909 051059.348 INFO             PET0  NUMBER_OF_PROCESSORS 2
20240909 051059.348 INFO             PET0  PASS  Example ESMF_VMUserMpiCommEx, ESMF_VMUserMpiCommEx.F90, line 113
20240909 051059.348 INFO             PET0  Finalizing ESMF with endflag==ESMF_END_KEEPMPI
20240909 051059.347 INFO             PET1 !!!!!!!!!!!!!!!!!!!!!!!!!!!!!!!!!!!!!!!!!!!!!!!!!!!!!!
20240909 051059.347 INFO             PET1 !!! THE ESMF_LOG IS SET TO OUTPUT ALL LOG MESSAGES !!!
20240909 051059.347 INFO             PET1 !!!     THIS MAY CAUSE SLOWDOWN IN PERFORMANCE     !!!
20240909 051059.347 INFO             PET1 !!! FOR PRODUCTION RUNS, USE:                      !!!
20240909 051059.347 INFO             PET1 !!!                   ESMF_LOGKIND_Multi_On_Error  !!!
20240909 051059.347 INFO             PET1 !!!!!!!!!!!!!!!!!!!!!!!!!!!!!!!!!!!!!!!!!!!!!!!!!!!!!!
20240909 051059.347 INFO             PET1 Running with ESMF Version   : v8.7.0b13-3-gedb848d90b
20240909 051059.347 INFO             PET1 ESMF library build date/time: "Sep  9 2024" "04:18:41"
20240909 051059.347 INFO             PET1 ESMF library build location : /glade/derecho/scratch/sacks/esmf-testing/cce_15.0.1_mpi_O_develop/esmf
20240909 051059.347 INFO             PET1 ESMF_COMM                   : mpi
20240909 051059.348 INFO             PET1 ESMF_MOAB                   : enabled
20240909 051059.348 INFO             PET1 ESMF_LAPACK                 : enabled
20240909 051059.348 INFO             PET1 ESMF_NETCDF                 : enabled
20240909 051059.348 INFO             PET1 ESMF_PNETCDF                : disabled
20240909 051059.348 INFO             PET1 ESMF_PIO                    : enabled
20240909 051059.348 INFO             PET1 ESMF_YAMLCPP                : enabled
20240909 051059.348 INFO             PET1  NUMBER_OF_PROCESSORS 2
20240909 051059.348 INFO             PET1  PASS  Example ESMF_VMUserMpiCommEx, ESMF_VMUserMpiCommEx.F90, line 113
20240909 051059.348 INFO             PET1  Finalizing ESMF with endflag==ESMF_END_KEEPMPI
