2024-08-30 05:05:58
20240830 060531.036 INFO             PET0 !!!!!!!!!!!!!!!!!!!!!!!!!!!!!!!!!!!!!!!!!!!!!!!!!!!!!!
20240830 060531.036 INFO             PET0 !!! THE ESMF_LOG IS SET TO OUTPUT ALL LOG MESSAGES !!!
20240830 060531.036 INFO             PET0 !!!     THIS MAY CAUSE SLOWDOWN IN PERFORMANCE     !!!
20240830 060531.036 INFO             PET0 !!! FOR PRODUCTION RUNS, USE:                      !!!
20240830 060531.036 INFO             PET0 !!!                   ESMF_LOGKIND_Multi_On_Error  !!!
20240830 060531.036 INFO             PET0 !!!!!!!!!!!!!!!!!!!!!!!!!!!!!!!!!!!!!!!!!!!!!!!!!!!!!!
20240830 060531.036 INFO             PET0 Running with ESMF Version   : v8.7.0b11-6-g82f8052f9c
20240830 060531.036 INFO             PET0 ESMF library build date/time: "Aug 30 2024" "05:02:25"
20240830 060531.036 INFO             PET0 ESMF library build location : /glade/derecho/scratch/sacks/esmf-testing/cce_15.0.1_mpi_O_develop/esmf
20240830 060531.036 INFO             PET0 ESMF_COMM                   : mpi
20240830 060531.041 INFO             PET0 ESMF_MOAB                   : enabled
20240830 060531.041 INFO             PET0 ESMF_LAPACK                 : enabled
20240830 060531.041 INFO             PET0 ESMF_NETCDF                 : enabled
20240830 060531.041 INFO             PET0 ESMF_PNETCDF                : disabled
20240830 060531.041 INFO             PET0 ESMF_PIO                    : enabled
20240830 060531.041 INFO             PET0 ESMF_YAMLCPP                : enabled
20240830 060531.043 INFO             PET0 ESMF_FieldRedistStoreNF(): Just entered routine.
20240830 060531.044 INFO             PET0 ESMF_FieldRedistStoreNF(): Leaving routine.
20240830 060531.045 INFO             PET0 ESMF_FieldRedistStoreNF(): Just entered routine.
20240830 060531.045 INFO             PET0 ESMF_FieldRedistStoreNF(): Leaving routine.
20240830 060531.045 INFO             PET0 ESMF_FieldRedistStoreNF(): Just entered routine.
20240830 060531.046 INFO             PET0 ESMF_FieldRedistStoreNF(): Leaving routine.
20240830 060531.046 INFO             PET0  NUMBER_OF_PROCESSORS 4
20240830 060531.046 INFO             PET0  PASS  Example ESMF_FieldRedistEx, ESMF_FieldRedistEx.F90, line 521
20240830 060531.046 INFO             PET0  Finalizing ESMF
20240830 060531.035 INFO             PET1 !!!!!!!!!!!!!!!!!!!!!!!!!!!!!!!!!!!!!!!!!!!!!!!!!!!!!!
20240830 060531.035 INFO             PET1 !!! THE ESMF_LOG IS SET TO OUTPUT ALL LOG MESSAGES !!!
20240830 060531.035 INFO             PET1 !!!     THIS MAY CAUSE SLOWDOWN IN PERFORMANCE     !!!
20240830 060531.035 INFO             PET1 !!! FOR PRODUCTION RUNS, USE:                      !!!
20240830 060531.035 INFO             PET1 !!!                   ESMF_LOGKIND_Multi_On_Error  !!!
20240830 060531.035 INFO             PET1 !!!!!!!!!!!!!!!!!!!!!!!!!!!!!!!!!!!!!!!!!!!!!!!!!!!!!!
20240830 060531.035 INFO             PET1 Running with ESMF Version   : v8.7.0b11-6-g82f8052f9c
20240830 060531.035 INFO             PET1 ESMF library build date/time: "Aug 30 2024" "05:02:25"
20240830 060531.035 INFO             PET1 ESMF library build location : /glade/derecho/scratch/sacks/esmf-testing/cce_15.0.1_mpi_O_develop/esmf
20240830 060531.035 INFO             PET1 ESMF_COMM                   : mpi
20240830 060531.037 INFO             PET1 ESMF_MOAB                   : enabled
20240830 060531.037 INFO             PET1 ESMF_LAPACK                 : enabled
20240830 060531.037 INFO             PET1 ESMF_NETCDF                 : enabled
20240830 060531.037 INFO             PET1 ESMF_PNETCDF                : disabled
20240830 060531.037 INFO             PET1 ESMF_PIO                    : enabled
20240830 060531.037 INFO             PET1 ESMF_YAMLCPP                : enabled
20240830 060531.043 INFO             PET1 ESMF_FieldRedistStoreNF(): Just entered routine.
20240830 060531.044 INFO             PET1 ESMF_FieldRedistStoreNF(): Leaving routine.
20240830 060531.045 INFO             PET1 ESMF_FieldRedistStoreNF(): Just entered routine.
20240830 060531.045 INFO             PET1 ESMF_FieldRedistStoreNF(): Leaving routine.
20240830 060531.045 INFO             PET1 ESMF_FieldRedistStoreNF(): Just entered routine.
20240830 060531.046 INFO             PET1 ESMF_FieldRedistStoreNF(): Leaving routine.
20240830 060531.046 INFO             PET1  NUMBER_OF_PROCESSORS 4
20240830 060531.046 INFO             PET1  PASS  Example ESMF_FieldRedistEx, ESMF_FieldRedistEx.F90, line 521
20240830 060531.046 INFO             PET1  Finalizing ESMF
20240830 060531.035 INFO             PET2 !!!!!!!!!!!!!!!!!!!!!!!!!!!!!!!!!!!!!!!!!!!!!!!!!!!!!!
20240830 060531.035 INFO             PET2 !!! THE ESMF_LOG IS SET TO OUTPUT ALL LOG MESSAGES !!!
20240830 060531.035 INFO             PET2 !!!     THIS MAY CAUSE SLOWDOWN IN PERFORMANCE     !!!
20240830 060531.035 INFO             PET2 !!! FOR PRODUCTION RUNS, USE:                      !!!
20240830 060531.035 INFO             PET2 !!!                   ESMF_LOGKIND_Multi_On_Error  !!!
20240830 060531.035 INFO             PET2 !!!!!!!!!!!!!!!!!!!!!!!!!!!!!!!!!!!!!!!!!!!!!!!!!!!!!!
20240830 060531.035 INFO             PET2 Running with ESMF Version   : v8.7.0b11-6-g82f8052f9c
20240830 060531.035 INFO             PET2 ESMF library build date/time: "Aug 30 2024" "05:02:25"
20240830 060531.035 INFO             PET2 ESMF library build location : /glade/derecho/scratch/sacks/esmf-testing/cce_15.0.1_mpi_O_develop/esmf
20240830 060531.035 INFO             PET2 ESMF_COMM                   : mpi
20240830 060531.038 INFO             PET2 ESMF_MOAB                   : enabled
20240830 060531.038 INFO             PET2 ESMF_LAPACK                 : enabled
20240830 060531.038 INFO             PET2 ESMF_NETCDF                 : enabled
20240830 060531.038 INFO             PET2 ESMF_PNETCDF                : disabled
20240830 060531.039 INFO             PET2 ESMF_PIO                    : enabled
20240830 060531.039 INFO             PET2 ESMF_YAMLCPP                : enabled
20240830 060531.043 INFO             PET2 ESMF_FieldRedistStoreNF(): Just entered routine.
20240830 060531.044 INFO             PET2 ESMF_FieldRedistStoreNF(): Leaving routine.
20240830 060531.045 INFO             PET2 ESMF_FieldRedistStoreNF(): Just entered routine.
20240830 060531.045 INFO             PET2 ESMF_FieldRedistStoreNF(): Leaving routine.
20240830 060531.045 INFO             PET2 ESMF_FieldRedistStoreNF(): Just entered routine.
20240830 060531.046 INFO             PET2 ESMF_FieldRedistStoreNF(): Leaving routine.
20240830 060531.046 INFO             PET2  NUMBER_OF_PROCESSORS 4
20240830 060531.046 INFO             PET2  PASS  Example ESMF_FieldRedistEx, ESMF_FieldRedistEx.F90, line 521
20240830 060531.046 INFO             PET2  Finalizing ESMF
20240830 060531.035 INFO             PET3 !!!!!!!!!!!!!!!!!!!!!!!!!!!!!!!!!!!!!!!!!!!!!!!!!!!!!!
20240830 060531.035 INFO             PET3 !!! THE ESMF_LOG IS SET TO OUTPUT ALL LOG MESSAGES !!!
20240830 060531.035 INFO             PET3 !!!     THIS MAY CAUSE SLOWDOWN IN PERFORMANCE     !!!
20240830 060531.035 INFO             PET3 !!! FOR PRODUCTION RUNS, USE:                      !!!
20240830 060531.035 INFO             PET3 !!!                   ESMF_LOGKIND_Multi_On_Error  !!!
20240830 060531.035 INFO             PET3 !!!!!!!!!!!!!!!!!!!!!!!!!!!!!!!!!!!!!!!!!!!!!!!!!!!!!!
20240830 060531.035 INFO             PET3 Running with ESMF Version   : v8.7.0b11-6-g82f8052f9c
20240830 060531.035 INFO             PET3 ESMF library build date/time: "Aug 30 2024" "05:02:25"
20240830 060531.035 INFO             PET3 ESMF library build location : /glade/derecho/scratch/sacks/esmf-testing/cce_15.0.1_mpi_O_develop/esmf
20240830 060531.035 INFO             PET3 ESMF_COMM                   : mpi
20240830 060531.036 INFO             PET3 ESMF_MOAB                   : enabled
20240830 060531.036 INFO             PET3 ESMF_LAPACK                 : enabled
20240830 060531.036 INFO             PET3 ESMF_NETCDF                 : enabled
20240830 060531.036 INFO             PET3 ESMF_PNETCDF                : disabled
20240830 060531.036 INFO             PET3 ESMF_PIO                    : enabled
20240830 060531.036 INFO             PET3 ESMF_YAMLCPP                : enabled
20240830 060531.043 INFO             PET3 ESMF_FieldRedistStoreNF(): Just entered routine.
20240830 060531.044 INFO             PET3 ESMF_FieldRedistStoreNF(): Leaving routine.
20240830 060531.045 INFO             PET3 ESMF_FieldRedistStoreNF(): Just entered routine.
20240830 060531.045 INFO             PET3 ESMF_FieldRedistStoreNF(): Leaving routine.
20240830 060531.045 INFO             PET3 ESMF_FieldRedistStoreNF(): Just entered routine.
20240830 060531.046 INFO             PET3 ESMF_FieldRedistStoreNF(): Leaving routine.
20240830 060531.046 INFO             PET3  NUMBER_OF_PROCESSORS 4
20240830 060531.046 INFO             PET3  PASS  Example ESMF_FieldRedistEx, ESMF_FieldRedistEx.F90, line 521
20240830 060531.046 INFO             PET3  Finalizing ESMF
