2024-09-25 22:28:11
20240925 232413.780 INFO             PET0 !!!!!!!!!!!!!!!!!!!!!!!!!!!!!!!!!!!!!!!!!!!!!!!!!!!!!!
20240925 232413.781 INFO             PET0 !!! THE ESMF_LOG IS SET TO OUTPUT ALL LOG MESSAGES !!!
20240925 232413.781 INFO             PET0 !!!     THIS MAY CAUSE SLOWDOWN IN PERFORMANCE     !!!
20240925 232413.781 INFO             PET0 !!! FOR PRODUCTION RUNS, USE:                      !!!
20240925 232413.781 INFO             PET0 !!!                   ESMF_LOGKIND_Multi_On_Error  !!!
20240925 232413.781 INFO             PET0 !!!!!!!!!!!!!!!!!!!!!!!!!!!!!!!!!!!!!!!!!!!!!!!!!!!!!!
20240925 232413.781 INFO             PET0 Running with ESMF Version   : v8.7.0b14-1-g2597b0a993
20240925 232413.781 INFO             PET0 ESMF library build date/time: "Sep 25 2024" "22:25:52"
20240925 232413.781 INFO             PET0 ESMF library build location : /discover/nobackup/projects/gmao/SIteam/ESMF_Testing/intel_2024.2.0_intelmpi_O_release_8.7.0/esmf
20240925 232413.781 INFO             PET0 ESMF_COMM                   : intelmpi
20240925 232413.781 INFO             PET0 ESMF_MOAB                   : enabled
20240925 232413.781 INFO             PET0 ESMF_LAPACK                 : enabled
20240925 232413.781 INFO             PET0 ESMF_NETCDF                 : disabled
20240925 232413.781 INFO             PET0 ESMF_PNETCDF                : disabled
20240925 232413.781 INFO             PET0 ESMF_PIO                    : disabled
20240925 232413.781 INFO             PET0 ESMF_YAMLCPP                : enabled
20240925 232413.782 INFO             PET0  NUMBER_OF_PROCESSORS           1
20240925 232413.782 INFO             PET0  PASS  Example ESMF_ClockEx, ESMF_ClockEx.F90, line 220
20240925 232413.782 INFO             PET0  Finalizing ESMF
