2024-10-08 07:33:26
20241008 080954.306 INFO             PET0 !!!!!!!!!!!!!!!!!!!!!!!!!!!!!!!!!!!!!!!!!!!!!!!!!!!!!!
20241008 080954.307 INFO             PET0 !!! THE ESMF_LOG IS SET TO OUTPUT ALL LOG MESSAGES !!!
20241008 080954.307 INFO             PET0 !!!     THIS MAY CAUSE SLOWDOWN IN PERFORMANCE     !!!
20241008 080954.307 INFO             PET0 !!! FOR PRODUCTION RUNS, USE:                      !!!
20241008 080954.307 INFO             PET0 !!!                   ESMF_LOGKIND_Multi_On_Error  !!!
20241008 080954.307 INFO             PET0 !!!!!!!!!!!!!!!!!!!!!!!!!!!!!!!!!!!!!!!!!!!!!!!!!!!!!!
20241008 080954.307 INFO             PET0 Running with ESMF Version   : v8.7.0
20241008 080954.307 INFO             PET0 ESMF library build date/time: "Oct  8 2024" "07:28:25"
20241008 080954.307 INFO             PET0 ESMF library build location : /scratch2/NCEPDEV/stmp1/Gerhard.Theurich/ESMF-Nightly-Testing/gfortran_13.2.0_openmpi_O_v8.7.0/esmf
20241008 080954.307 INFO             PET0 ESMF_COMM                   : openmpi
20241008 080954.307 INFO             PET0 ESMF_MOAB                   : enabled
20241008 080954.307 INFO             PET0 ESMF_LAPACK                 : enabled
20241008 080954.307 INFO             PET0 ESMF_NETCDF                 : disabled
20241008 080954.307 INFO             PET0 ESMF_PNETCDF                : disabled
20241008 080954.307 INFO             PET0 ESMF_PIO                    : disabled
20241008 080954.307 INFO             PET0 ESMF_YAMLCPP                : enabled
20241008 080954.307 INFO             PET0  NUMBER_OF_PROCESSORS           1
20241008 080954.307 INFO             PET0  PASS  Example ESMF_TimeEx, ESMF_TimeEx.F90, line 141
20241008 080954.307 INFO             PET0  Finalizing ESMF
