2024-09-11 18:16:56
20240911 182909.946 INFO             PET0 !!!!!!!!!!!!!!!!!!!!!!!!!!!!!!!!!!!!!!!!!!!!!!!!!!!!!!
20240911 182909.947 INFO             PET0 !!! THE ESMF_LOG IS SET TO OUTPUT ALL LOG MESSAGES !!!
20240911 182909.947 INFO             PET0 !!!     THIS MAY CAUSE SLOWDOWN IN PERFORMANCE     !!!
20240911 182909.947 INFO             PET0 !!! FOR PRODUCTION RUNS, USE:                      !!!
20240911 182909.947 INFO             PET0 !!!                   ESMF_LOGKIND_Multi_On_Error  !!!
20240911 182909.947 INFO             PET0 !!!!!!!!!!!!!!!!!!!!!!!!!!!!!!!!!!!!!!!!!!!!!!!!!!!!!!
20240911 182909.947 INFO             PET0 Running with ESMF Version   : v8.7.0b14
20240911 182909.947 INFO             PET0 ESMF library build date/time: "Sep 11 2024" "18:16:10"
20240911 182909.947 INFO             PET0 ESMF library build location : /Users/oehmke/ESMF_AutoTest/gfortranclang_12.2.0_14.0.0_mpiuni_O_develop/esmf
20240911 182909.947 INFO             PET0 ESMF_COMM                   : mpiuni
20240911 182909.947 INFO             PET0 ESMF_MOAB                   : enabled
20240911 182909.947 INFO             PET0 ESMF_LAPACK                 : enabled
20240911 182909.947 INFO             PET0 ESMF_NETCDF                 : enabled
20240911 182909.947 INFO             PET0 ESMF_PNETCDF                : disabled
20240911 182909.947 INFO             PET0 ESMF_PIO                    : enabled
20240911 182909.947 INFO             PET0 ESMF_YAMLCPP                : enabled
20240911 182909.986 INFO             PET0  NUMBER_OF_PROCESSORS           1
20240911 182909.986 INFO             PET0  PASS  Example ESMF_RHandleReusabilityEx, ESMF_RHandleReusabilityEx.F90, line 582
20240911 182909.986 INFO             PET0  Finalizing ESMF
20240911 182909.986 INFO             PET0 ESMCI_IO_Handler.C:335 ESMCI::IO_Handler::finalize() 
20240911 182909.986 INFO             PET0 ESMCI_PIO_Handler.C:356 ESMCI::PIO_Handler::finalize() 
20240911 182909.986 INFO             PET0 ESMCI_IO_Handler.C:337 ESMCI::IO_Handler::finalize() after finalize, localrc = 0
20240911 182909.987 INFO             PET0 ESMCI_IO_Handler.C:360 ESMCI::IO_Handler::finalize() before return, localrc = 0
