2024-08-10 01:47:53
20240810 022321.657 INFO             PET0 !!!!!!!!!!!!!!!!!!!!!!!!!!!!!!!!!!!!!!!!!!!!!!!!!!!!!!
20240810 022321.657 INFO             PET0 !!! THE ESMF_LOG IS SET TO OUTPUT ALL LOG MESSAGES !!!
20240810 022321.657 INFO             PET0 !!!     THIS MAY CAUSE SLOWDOWN IN PERFORMANCE     !!!
20240810 022321.657 INFO             PET0 !!! FOR PRODUCTION RUNS, USE:                      !!!
20240810 022321.657 INFO             PET0 !!!                   ESMF_LOGKIND_Multi_On_Error  !!!
20240810 022321.657 INFO             PET0 !!!!!!!!!!!!!!!!!!!!!!!!!!!!!!!!!!!!!!!!!!!!!!!!!!!!!!
20240810 022321.657 INFO             PET0 Running with ESMF Version   : v8.7.0b11
20240810 022321.657 INFO             PET0 ESMF library build date/time: "Aug 10 2024" "01:45:32"
20240810 022321.657 INFO             PET0 ESMF library build location : /glade/derecho/scratch/sacks/esmf-testing/gfortran_12.2.0_pio2.5.10_mpi_O_develop/esmf
20240810 022321.657 INFO             PET0 ESMF_COMM                   : mpi
20240810 022321.658 INFO             PET0 ESMF_MOAB                   : enabled
20240810 022321.658 INFO             PET0 ESMF_LAPACK                 : enabled
20240810 022321.658 INFO             PET0 ESMF_NETCDF                 : enabled
20240810 022321.658 INFO             PET0 ESMF_PNETCDF                : disabled
20240810 022321.658 INFO             PET0 ESMF_PIO                    : enabled
20240810 022321.658 INFO             PET0 ESMF_YAMLCPP                : enabled
20240810 022321.868 INFO             PET0 =============================================
20240810 022321.868 INFO             PET0 ESMX (Earth System Model eXecutable) STARTING
20240810 022321.868 INFO             PET0 =============================================
20240810 022321.871 INFO             PET0 =============================================
20240810 022321.871 INFO             PET0 ESMX (Earth System Model eXecutable) FINISHED
20240810 022321.871 INFO             PET0 =============================================
20240810 022321.871 INFO             PET0  Finalizing ESMF
20240810 022321.655 INFO             PET1 !!!!!!!!!!!!!!!!!!!!!!!!!!!!!!!!!!!!!!!!!!!!!!!!!!!!!!
20240810 022321.655 INFO             PET1 !!! THE ESMF_LOG IS SET TO OUTPUT ALL LOG MESSAGES !!!
20240810 022321.655 INFO             PET1 !!!     THIS MAY CAUSE SLOWDOWN IN PERFORMANCE     !!!
20240810 022321.655 INFO             PET1 !!! FOR PRODUCTION RUNS, USE:                      !!!
20240810 022321.655 INFO             PET1 !!!                   ESMF_LOGKIND_Multi_On_Error  !!!
20240810 022321.655 INFO             PET1 !!!!!!!!!!!!!!!!!!!!!!!!!!!!!!!!!!!!!!!!!!!!!!!!!!!!!!
20240810 022321.655 INFO             PET1 Running with ESMF Version   : v8.7.0b11
20240810 022321.655 INFO             PET1 ESMF library build date/time: "Aug 10 2024" "01:45:32"
20240810 022321.655 INFO             PET1 ESMF library build location : /glade/derecho/scratch/sacks/esmf-testing/gfortran_12.2.0_pio2.5.10_mpi_O_develop/esmf
20240810 022321.655 INFO             PET1 ESMF_COMM                   : mpi
20240810 022321.656 INFO             PET1 ESMF_MOAB                   : enabled
20240810 022321.656 INFO             PET1 ESMF_LAPACK                 : enabled
20240810 022321.656 INFO             PET1 ESMF_NETCDF                 : enabled
20240810 022321.656 INFO             PET1 ESMF_PNETCDF                : disabled
20240810 022321.656 INFO             PET1 ESMF_PIO                    : enabled
20240810 022321.656 INFO             PET1 ESMF_YAMLCPP                : enabled
20240810 022321.868 INFO             PET1 =============================================
20240810 022321.868 INFO             PET1 ESMX (Earth System Model eXecutable) STARTING
20240810 022321.868 INFO             PET1 =============================================
20240810 022321.871 INFO             PET1 =============================================
20240810 022321.871 INFO             PET1 ESMX (Earth System Model eXecutable) FINISHED
20240810 022321.871 INFO             PET1 =============================================
20240810 022321.871 INFO             PET1  Finalizing ESMF
20240810 022321.656 INFO             PET2 !!!!!!!!!!!!!!!!!!!!!!!!!!!!!!!!!!!!!!!!!!!!!!!!!!!!!!
20240810 022321.656 INFO             PET2 !!! THE ESMF_LOG IS SET TO OUTPUT ALL LOG MESSAGES !!!
20240810 022321.656 INFO             PET2 !!!     THIS MAY CAUSE SLOWDOWN IN PERFORMANCE     !!!
20240810 022321.656 INFO             PET2 !!! FOR PRODUCTION RUNS, USE:                      !!!
20240810 022321.656 INFO             PET2 !!!                   ESMF_LOGKIND_Multi_On_Error  !!!
20240810 022321.656 INFO             PET2 !!!!!!!!!!!!!!!!!!!!!!!!!!!!!!!!!!!!!!!!!!!!!!!!!!!!!!
20240810 022321.656 INFO             PET2 Running with ESMF Version   : v8.7.0b11
20240810 022321.656 INFO             PET2 ESMF library build date/time: "Aug 10 2024" "01:45:32"
20240810 022321.656 INFO             PET2 ESMF library build location : /glade/derecho/scratch/sacks/esmf-testing/gfortran_12.2.0_pio2.5.10_mpi_O_develop/esmf
20240810 022321.656 INFO             PET2 ESMF_COMM                   : mpi
20240810 022321.657 INFO             PET2 ESMF_MOAB                   : enabled
20240810 022321.657 INFO             PET2 ESMF_LAPACK                 : enabled
20240810 022321.657 INFO             PET2 ESMF_NETCDF                 : enabled
20240810 022321.658 INFO             PET2 ESMF_PNETCDF                : disabled
20240810 022321.658 INFO             PET2 ESMF_PIO                    : enabled
20240810 022321.658 INFO             PET2 ESMF_YAMLCPP                : enabled
20240810 022321.868 INFO             PET2 =============================================
20240810 022321.868 INFO             PET2 ESMX (Earth System Model eXecutable) STARTING
20240810 022321.868 INFO             PET2 =============================================
20240810 022321.871 INFO             PET2 =============================================
20240810 022321.871 INFO             PET2 ESMX (Earth System Model eXecutable) FINISHED
20240810 022321.871 INFO             PET2 =============================================
20240810 022321.871 INFO             PET2  Finalizing ESMF
20240810 022321.656 INFO             PET3 !!!!!!!!!!!!!!!!!!!!!!!!!!!!!!!!!!!!!!!!!!!!!!!!!!!!!!
20240810 022321.656 INFO             PET3 !!! THE ESMF_LOG IS SET TO OUTPUT ALL LOG MESSAGES !!!
20240810 022321.656 INFO             PET3 !!!     THIS MAY CAUSE SLOWDOWN IN PERFORMANCE     !!!
20240810 022321.656 INFO             PET3 !!! FOR PRODUCTION RUNS, USE:                      !!!
20240810 022321.656 INFO             PET3 !!!                   ESMF_LOGKIND_Multi_On_Error  !!!
20240810 022321.656 INFO             PET3 !!!!!!!!!!!!!!!!!!!!!!!!!!!!!!!!!!!!!!!!!!!!!!!!!!!!!!
20240810 022321.656 INFO             PET3 Running with ESMF Version   : v8.7.0b11
20240810 022321.656 INFO             PET3 ESMF library build date/time: "Aug 10 2024" "01:45:32"
20240810 022321.656 INFO             PET3 ESMF library build location : /glade/derecho/scratch/sacks/esmf-testing/gfortran_12.2.0_pio2.5.10_mpi_O_develop/esmf
20240810 022321.656 INFO             PET3 ESMF_COMM                   : mpi
20240810 022321.867 INFO             PET3 ESMF_MOAB                   : enabled
20240810 022321.867 INFO             PET3 ESMF_LAPACK                 : enabled
20240810 022321.867 INFO             PET3 ESMF_NETCDF                 : enabled
20240810 022321.867 INFO             PET3 ESMF_PNETCDF                : disabled
20240810 022321.867 INFO             PET3 ESMF_PIO                    : enabled
20240810 022321.867 INFO             PET3 ESMF_YAMLCPP                : enabled
20240810 022321.868 INFO             PET3 =============================================
20240810 022321.868 INFO             PET3 ESMX (Earth System Model eXecutable) STARTING
20240810 022321.868 INFO             PET3 =============================================
20240810 022321.871 INFO             PET3 =============================================
20240810 022321.871 INFO             PET3 ESMX (Earth System Model eXecutable) FINISHED
20240810 022321.871 INFO             PET3 =============================================
20240810 022321.871 INFO             PET3  Finalizing ESMF
