2024-08-31 01:50:38
20240831 023149.288 INFO             PET0 !!!!!!!!!!!!!!!!!!!!!!!!!!!!!!!!!!!!!!!!!!!!!!!!!!!!!!
20240831 023149.288 INFO             PET0 !!! THE ESMF_LOG IS SET TO OUTPUT ALL LOG MESSAGES !!!
20240831 023149.288 INFO             PET0 !!!     THIS MAY CAUSE SLOWDOWN IN PERFORMANCE     !!!
20240831 023149.288 INFO             PET0 !!! FOR PRODUCTION RUNS, USE:                      !!!
20240831 023149.288 INFO             PET0 !!!                   ESMF_LOGKIND_Multi_On_Error  !!!
20240831 023149.288 INFO             PET0 !!!!!!!!!!!!!!!!!!!!!!!!!!!!!!!!!!!!!!!!!!!!!!!!!!!!!!
20240831 023149.288 INFO             PET0 Running with ESMF Version   : v8.7.0b12-2-gbfe22b56ac
20240831 023149.288 INFO             PET0 ESMF library build date/time: "Aug 31 2024" "01:47:59"
20240831 023149.288 INFO             PET0 ESMF library build location : /glade/derecho/scratch/sacks/esmf-testing/gfortran_12.2.0_pio2.5.10_mpi_O_develop/esmf
20240831 023149.288 INFO             PET0 ESMF_COMM                   : mpi
20240831 023149.289 INFO             PET0 ESMF_MOAB                   : enabled
20240831 023149.289 INFO             PET0 ESMF_LAPACK                 : enabled
20240831 023149.289 INFO             PET0 ESMF_NETCDF                 : enabled
20240831 023149.289 INFO             PET0 ESMF_PNETCDF                : disabled
20240831 023149.289 INFO             PET0 ESMF_PIO                    : enabled
20240831 023149.289 INFO             PET0 ESMF_YAMLCPP                : enabled
20240831 023149.290 INFO             PET0 =============================================
20240831 023149.290 INFO             PET0 ESMX (Earth System Model eXecutable) STARTING
20240831 023149.290 INFO             PET0 =============================================
20240831 023149.294 INFO             PET0 =============================================
20240831 023149.294 INFO             PET0 ESMX (Earth System Model eXecutable) FINISHED
20240831 023149.294 INFO             PET0 =============================================
20240831 023149.294 INFO             PET0  Finalizing ESMF
20240831 023149.289 INFO             PET1 !!!!!!!!!!!!!!!!!!!!!!!!!!!!!!!!!!!!!!!!!!!!!!!!!!!!!!
20240831 023149.289 INFO             PET1 !!! THE ESMF_LOG IS SET TO OUTPUT ALL LOG MESSAGES !!!
20240831 023149.289 INFO             PET1 !!!     THIS MAY CAUSE SLOWDOWN IN PERFORMANCE     !!!
20240831 023149.289 INFO             PET1 !!! FOR PRODUCTION RUNS, USE:                      !!!
20240831 023149.289 INFO             PET1 !!!                   ESMF_LOGKIND_Multi_On_Error  !!!
20240831 023149.289 INFO             PET1 !!!!!!!!!!!!!!!!!!!!!!!!!!!!!!!!!!!!!!!!!!!!!!!!!!!!!!
20240831 023149.289 INFO             PET1 Running with ESMF Version   : v8.7.0b12-2-gbfe22b56ac
20240831 023149.289 INFO             PET1 ESMF library build date/time: "Aug 31 2024" "01:47:59"
20240831 023149.289 INFO             PET1 ESMF library build location : /glade/derecho/scratch/sacks/esmf-testing/gfortran_12.2.0_pio2.5.10_mpi_O_develop/esmf
20240831 023149.289 INFO             PET1 ESMF_COMM                   : mpi
20240831 023149.290 INFO             PET1 ESMF_MOAB                   : enabled
20240831 023149.290 INFO             PET1 ESMF_LAPACK                 : enabled
20240831 023149.290 INFO             PET1 ESMF_NETCDF                 : enabled
20240831 023149.290 INFO             PET1 ESMF_PNETCDF                : disabled
20240831 023149.290 INFO             PET1 ESMF_PIO                    : enabled
20240831 023149.290 INFO             PET1 ESMF_YAMLCPP                : enabled
20240831 023149.290 INFO             PET1 =============================================
20240831 023149.290 INFO             PET1 ESMX (Earth System Model eXecutable) STARTING
20240831 023149.290 INFO             PET1 =============================================
20240831 023149.294 INFO             PET1 =============================================
20240831 023149.294 INFO             PET1 ESMX (Earth System Model eXecutable) FINISHED
20240831 023149.294 INFO             PET1 =============================================
20240831 023149.294 INFO             PET1  Finalizing ESMF
20240831 023149.288 INFO             PET2 !!!!!!!!!!!!!!!!!!!!!!!!!!!!!!!!!!!!!!!!!!!!!!!!!!!!!!
20240831 023149.288 INFO             PET2 !!! THE ESMF_LOG IS SET TO OUTPUT ALL LOG MESSAGES !!!
20240831 023149.288 INFO             PET2 !!!     THIS MAY CAUSE SLOWDOWN IN PERFORMANCE     !!!
20240831 023149.288 INFO             PET2 !!! FOR PRODUCTION RUNS, USE:                      !!!
20240831 023149.288 INFO             PET2 !!!                   ESMF_LOGKIND_Multi_On_Error  !!!
20240831 023149.288 INFO             PET2 !!!!!!!!!!!!!!!!!!!!!!!!!!!!!!!!!!!!!!!!!!!!!!!!!!!!!!
20240831 023149.288 INFO             PET2 Running with ESMF Version   : v8.7.0b12-2-gbfe22b56ac
20240831 023149.288 INFO             PET2 ESMF library build date/time: "Aug 31 2024" "01:47:59"
20240831 023149.288 INFO             PET2 ESMF library build location : /glade/derecho/scratch/sacks/esmf-testing/gfortran_12.2.0_pio2.5.10_mpi_O_develop/esmf
20240831 023149.288 INFO             PET2 ESMF_COMM                   : mpi
20240831 023149.289 INFO             PET2 ESMF_MOAB                   : enabled
20240831 023149.289 INFO             PET2 ESMF_LAPACK                 : enabled
20240831 023149.289 INFO             PET2 ESMF_NETCDF                 : enabled
20240831 023149.289 INFO             PET2 ESMF_PNETCDF                : disabled
20240831 023149.289 INFO             PET2 ESMF_PIO                    : enabled
20240831 023149.289 INFO             PET2 ESMF_YAMLCPP                : enabled
20240831 023149.290 INFO             PET2 =============================================
20240831 023149.290 INFO             PET2 ESMX (Earth System Model eXecutable) STARTING
20240831 023149.290 INFO             PET2 =============================================
20240831 023149.294 INFO             PET2 =============================================
20240831 023149.294 INFO             PET2 ESMX (Earth System Model eXecutable) FINISHED
20240831 023149.294 INFO             PET2 =============================================
20240831 023149.294 INFO             PET2  Finalizing ESMF
20240831 023149.289 INFO             PET3 !!!!!!!!!!!!!!!!!!!!!!!!!!!!!!!!!!!!!!!!!!!!!!!!!!!!!!
20240831 023149.289 INFO             PET3 !!! THE ESMF_LOG IS SET TO OUTPUT ALL LOG MESSAGES !!!
20240831 023149.289 INFO             PET3 !!!     THIS MAY CAUSE SLOWDOWN IN PERFORMANCE     !!!
20240831 023149.289 INFO             PET3 !!! FOR PRODUCTION RUNS, USE:                      !!!
20240831 023149.289 INFO             PET3 !!!                   ESMF_LOGKIND_Multi_On_Error  !!!
20240831 023149.289 INFO             PET3 !!!!!!!!!!!!!!!!!!!!!!!!!!!!!!!!!!!!!!!!!!!!!!!!!!!!!!
20240831 023149.289 INFO             PET3 Running with ESMF Version   : v8.7.0b12-2-gbfe22b56ac
20240831 023149.289 INFO             PET3 ESMF library build date/time: "Aug 31 2024" "01:47:59"
20240831 023149.289 INFO             PET3 ESMF library build location : /glade/derecho/scratch/sacks/esmf-testing/gfortran_12.2.0_pio2.5.10_mpi_O_develop/esmf
20240831 023149.289 INFO             PET3 ESMF_COMM                   : mpi
20240831 023149.289 INFO             PET3 ESMF_MOAB                   : enabled
20240831 023149.289 INFO             PET3 ESMF_LAPACK                 : enabled
20240831 023149.289 INFO             PET3 ESMF_NETCDF                 : enabled
20240831 023149.289 INFO             PET3 ESMF_PNETCDF                : disabled
20240831 023149.289 INFO             PET3 ESMF_PIO                    : enabled
20240831 023149.289 INFO             PET3 ESMF_YAMLCPP                : enabled
20240831 023149.290 INFO             PET3 =============================================
20240831 023149.290 INFO             PET3 ESMX (Earth System Model eXecutable) STARTING
20240831 023149.290 INFO             PET3 =============================================
20240831 023149.294 INFO             PET3 =============================================
20240831 023149.294 INFO             PET3 ESMX (Earth System Model eXecutable) FINISHED
20240831 023149.294 INFO             PET3 =============================================
20240831 023149.294 INFO             PET3  Finalizing ESMF
