2024-09-30 05:05:53
20240930 061659.205 INFO             PET0 !!!!!!!!!!!!!!!!!!!!!!!!!!!!!!!!!!!!!!!!!!!!!!!!!!!!!!
20240930 061659.205 INFO             PET0 !!! THE ESMF_LOG IS SET TO OUTPUT ALL LOG MESSAGES !!!
20240930 061659.205 INFO             PET0 !!!     THIS MAY CAUSE SLOWDOWN IN PERFORMANCE     !!!
20240930 061659.205 INFO             PET0 !!! FOR PRODUCTION RUNS, USE:                      !!!
20240930 061659.205 INFO             PET0 !!!                   ESMF_LOGKIND_Multi_On_Error  !!!
20240930 061659.205 INFO             PET0 !!!!!!!!!!!!!!!!!!!!!!!!!!!!!!!!!!!!!!!!!!!!!!!!!!!!!!
20240930 061659.205 INFO             PET0 Running with ESMF Version   : v8.7.0b14-1-g2597b0a993
20240930 061659.205 INFO             PET0 ESMF library build date/time: "Sep 30 2024" "05:01:15"
20240930 061659.205 INFO             PET0 ESMF library build location : /glade/derecho/scratch/sacks/esmf-testing/nvhpc_23.7_mpi_g_release_8.7.0/esmf
20240930 061659.205 INFO             PET0 ESMF_COMM                   : mpi
20240930 061659.206 INFO             PET0 ESMF_MOAB                   : enabled
20240930 061659.206 INFO             PET0 ESMF_LAPACK                 : enabled
20240930 061659.206 INFO             PET0 ESMF_NETCDF                 : enabled
20240930 061659.206 INFO             PET0 ESMF_PNETCDF                : disabled
20240930 061659.206 INFO             PET0 ESMF_PIO                    : enabled
20240930 061659.206 INFO             PET0 ESMF_YAMLCPP                : enabled
20240930 061659.301 DEBUG            PET0 about to destroy Grid: 0x7606a0
20240930 061659.310 DEBUG            PET0 about to destroy Grid: 0x764950
20240930 061659.339 INFO             PET0  NUMBER_OF_PROCESSORS            4
20240930 061659.339 INFO             PET0  PASS  Example ESMF_NUOPCAtmModelEx, ESMF_NUOPCAtmModelEx.F90, line 806
20240930 061659.339 INFO             PET0  Finalizing ESMF
20240930 061659.207 INFO             PET1 !!!!!!!!!!!!!!!!!!!!!!!!!!!!!!!!!!!!!!!!!!!!!!!!!!!!!!
20240930 061659.207 INFO             PET1 !!! THE ESMF_LOG IS SET TO OUTPUT ALL LOG MESSAGES !!!
20240930 061659.207 INFO             PET1 !!!     THIS MAY CAUSE SLOWDOWN IN PERFORMANCE     !!!
20240930 061659.207 INFO             PET1 !!! FOR PRODUCTION RUNS, USE:                      !!!
20240930 061659.207 INFO             PET1 !!!                   ESMF_LOGKIND_Multi_On_Error  !!!
20240930 061659.207 INFO             PET1 !!!!!!!!!!!!!!!!!!!!!!!!!!!!!!!!!!!!!!!!!!!!!!!!!!!!!!
20240930 061659.207 INFO             PET1 Running with ESMF Version   : v8.7.0b14-1-g2597b0a993
20240930 061659.207 INFO             PET1 ESMF library build date/time: "Sep 30 2024" "05:01:15"
20240930 061659.207 INFO             PET1 ESMF library build location : /glade/derecho/scratch/sacks/esmf-testing/nvhpc_23.7_mpi_g_release_8.7.0/esmf
20240930 061659.207 INFO             PET1 ESMF_COMM                   : mpi
20240930 061659.209 INFO             PET1 ESMF_MOAB                   : enabled
20240930 061659.209 INFO             PET1 ESMF_LAPACK                 : enabled
20240930 061659.209 INFO             PET1 ESMF_NETCDF                 : enabled
20240930 061659.209 INFO             PET1 ESMF_PNETCDF                : disabled
20240930 061659.209 INFO             PET1 ESMF_PIO                    : enabled
20240930 061659.209 INFO             PET1 ESMF_YAMLCPP                : enabled
20240930 061659.301 DEBUG            PET1 about to destroy Grid: 0x75f240
20240930 061659.310 DEBUG            PET1 about to destroy Grid: 0x760f10
20240930 061659.339 INFO             PET1  NUMBER_OF_PROCESSORS            4
20240930 061659.339 INFO             PET1  PASS  Example ESMF_NUOPCAtmModelEx, ESMF_NUOPCAtmModelEx.F90, line 806
20240930 061659.339 INFO             PET1  Finalizing ESMF
20240930 061659.206 INFO             PET2 !!!!!!!!!!!!!!!!!!!!!!!!!!!!!!!!!!!!!!!!!!!!!!!!!!!!!!
20240930 061659.207 INFO             PET2 !!! THE ESMF_LOG IS SET TO OUTPUT ALL LOG MESSAGES !!!
20240930 061659.207 INFO             PET2 !!!     THIS MAY CAUSE SLOWDOWN IN PERFORMANCE     !!!
20240930 061659.207 INFO             PET2 !!! FOR PRODUCTION RUNS, USE:                      !!!
20240930 061659.207 INFO             PET2 !!!                   ESMF_LOGKIND_Multi_On_Error  !!!
20240930 061659.207 INFO             PET2 !!!!!!!!!!!!!!!!!!!!!!!!!!!!!!!!!!!!!!!!!!!!!!!!!!!!!!
20240930 061659.207 INFO             PET2 Running with ESMF Version   : v8.7.0b14-1-g2597b0a993
20240930 061659.207 INFO             PET2 ESMF library build date/time: "Sep 30 2024" "05:01:15"
20240930 061659.207 INFO             PET2 ESMF library build location : /glade/derecho/scratch/sacks/esmf-testing/nvhpc_23.7_mpi_g_release_8.7.0/esmf
20240930 061659.207 INFO             PET2 ESMF_COMM                   : mpi
20240930 061659.207 INFO             PET2 ESMF_MOAB                   : enabled
20240930 061659.207 INFO             PET2 ESMF_LAPACK                 : enabled
20240930 061659.207 INFO             PET2 ESMF_NETCDF                 : enabled
20240930 061659.207 INFO             PET2 ESMF_PNETCDF                : disabled
20240930 061659.207 INFO             PET2 ESMF_PIO                    : enabled
20240930 061659.207 INFO             PET2 ESMF_YAMLCPP                : enabled
20240930 061659.301 DEBUG            PET2 about to destroy Grid: 0x75f110
20240930 061659.310 DEBUG            PET2 about to destroy Grid: 0x760d30
20240930 061659.339 INFO             PET2  NUMBER_OF_PROCESSORS            4
20240930 061659.339 INFO             PET2  PASS  Example ESMF_NUOPCAtmModelEx, ESMF_NUOPCAtmModelEx.F90, line 806
20240930 061659.339 INFO             PET2  Finalizing ESMF
20240930 061659.206 INFO             PET3 !!!!!!!!!!!!!!!!!!!!!!!!!!!!!!!!!!!!!!!!!!!!!!!!!!!!!!
20240930 061659.206 INFO             PET3 !!! THE ESMF_LOG IS SET TO OUTPUT ALL LOG MESSAGES !!!
20240930 061659.206 INFO             PET3 !!!     THIS MAY CAUSE SLOWDOWN IN PERFORMANCE     !!!
20240930 061659.206 INFO             PET3 !!! FOR PRODUCTION RUNS, USE:                      !!!
20240930 061659.206 INFO             PET3 !!!                   ESMF_LOGKIND_Multi_On_Error  !!!
20240930 061659.206 INFO             PET3 !!!!!!!!!!!!!!!!!!!!!!!!!!!!!!!!!!!!!!!!!!!!!!!!!!!!!!
20240930 061659.206 INFO             PET3 Running with ESMF Version   : v8.7.0b14-1-g2597b0a993
20240930 061659.206 INFO             PET3 ESMF library build date/time: "Sep 30 2024" "05:01:15"
20240930 061659.206 INFO             PET3 ESMF library build location : /glade/derecho/scratch/sacks/esmf-testing/nvhpc_23.7_mpi_g_release_8.7.0/esmf
20240930 061659.206 INFO             PET3 ESMF_COMM                   : mpi
20240930 061659.209 INFO             PET3 ESMF_MOAB                   : enabled
20240930 061659.209 INFO             PET3 ESMF_LAPACK                 : enabled
20240930 061659.209 INFO             PET3 ESMF_NETCDF                 : enabled
20240930 061659.209 INFO             PET3 ESMF_PNETCDF                : disabled
20240930 061659.209 INFO             PET3 ESMF_PIO                    : enabled
20240930 061659.209 INFO             PET3 ESMF_YAMLCPP                : enabled
20240930 061659.301 DEBUG            PET3 about to destroy Grid: 0x75e4d0
20240930 061659.310 DEBUG            PET3 about to destroy Grid: 0x7605b0
20240930 061659.339 INFO             PET3  NUMBER_OF_PROCESSORS            4
20240930 061659.339 INFO             PET3  PASS  Example ESMF_NUOPCAtmModelEx, ESMF_NUOPCAtmModelEx.F90, line 806
20240930 061659.339 INFO             PET3  Finalizing ESMF
