2024-09-25 04:08:34
20240925 050325.898 INFO             PET0 !!!!!!!!!!!!!!!!!!!!!!!!!!!!!!!!!!!!!!!!!!!!!!!!!!!!!!
20240925 050325.898 INFO             PET0 !!! THE ESMF_LOG IS SET TO OUTPUT ALL LOG MESSAGES !!!
20240925 050325.898 INFO             PET0 !!!     THIS MAY CAUSE SLOWDOWN IN PERFORMANCE     !!!
20240925 050325.898 INFO             PET0 !!! FOR PRODUCTION RUNS, USE:                      !!!
20240925 050325.898 INFO             PET0 !!!                   ESMF_LOGKIND_Multi_On_Error  !!!
20240925 050325.898 INFO             PET0 !!!!!!!!!!!!!!!!!!!!!!!!!!!!!!!!!!!!!!!!!!!!!!!!!!!!!!
20240925 050325.898 INFO             PET0 Running with ESMF Version   : v8.7.0b14-1-g2597b0a993
20240925 050325.898 INFO             PET0 ESMF library build date/time: "Sep 25 2024" "04:04:46"
20240925 050325.898 INFO             PET0 ESMF library build location : /glade/derecho/scratch/sacks/esmf-testing/nvhpc_23.7_mpi_g_release_8.7.0/esmf
20240925 050325.898 INFO             PET0 ESMF_COMM                   : mpi
20240925 050325.899 INFO             PET0 ESMF_MOAB                   : enabled
20240925 050325.899 INFO             PET0 ESMF_LAPACK                 : enabled
20240925 050325.899 INFO             PET0 ESMF_NETCDF                 : enabled
20240925 050325.899 INFO             PET0 ESMF_PNETCDF                : disabled
20240925 050325.899 INFO             PET0 ESMF_PIO                    : enabled
20240925 050325.899 INFO             PET0 ESMF_YAMLCPP                : enabled
20240925 050326.071 INFO             PET0  NUMBER_OF_PROCESSORS            4
20240925 050326.071 INFO             PET0  PASS  Example ESMF_XGridEx, ESMF_XGridEx.F90, line 525
20240925 050326.071 INFO             PET0  Finalizing ESMF
20240925 050325.892 INFO             PET1 !!!!!!!!!!!!!!!!!!!!!!!!!!!!!!!!!!!!!!!!!!!!!!!!!!!!!!
20240925 050325.892 INFO             PET1 !!! THE ESMF_LOG IS SET TO OUTPUT ALL LOG MESSAGES !!!
20240925 050325.892 INFO             PET1 !!!     THIS MAY CAUSE SLOWDOWN IN PERFORMANCE     !!!
20240925 050325.892 INFO             PET1 !!! FOR PRODUCTION RUNS, USE:                      !!!
20240925 050325.892 INFO             PET1 !!!                   ESMF_LOGKIND_Multi_On_Error  !!!
20240925 050325.892 INFO             PET1 !!!!!!!!!!!!!!!!!!!!!!!!!!!!!!!!!!!!!!!!!!!!!!!!!!!!!!
20240925 050325.892 INFO             PET1 Running with ESMF Version   : v8.7.0b14-1-g2597b0a993
20240925 050325.892 INFO             PET1 ESMF library build date/time: "Sep 25 2024" "04:04:46"
20240925 050325.892 INFO             PET1 ESMF library build location : /glade/derecho/scratch/sacks/esmf-testing/nvhpc_23.7_mpi_g_release_8.7.0/esmf
20240925 050325.892 INFO             PET1 ESMF_COMM                   : mpi
20240925 050325.893 INFO             PET1 ESMF_MOAB                   : enabled
20240925 050325.893 INFO             PET1 ESMF_LAPACK                 : enabled
20240925 050325.893 INFO             PET1 ESMF_NETCDF                 : enabled
20240925 050325.893 INFO             PET1 ESMF_PNETCDF                : disabled
20240925 050325.893 INFO             PET1 ESMF_PIO                    : enabled
20240925 050325.893 INFO             PET1 ESMF_YAMLCPP                : enabled
20240925 050326.071 INFO             PET1  NUMBER_OF_PROCESSORS            4
20240925 050326.071 INFO             PET1  PASS  Example ESMF_XGridEx, ESMF_XGridEx.F90, line 525
20240925 050326.071 INFO             PET1  Finalizing ESMF
20240925 050325.896 INFO             PET2 !!!!!!!!!!!!!!!!!!!!!!!!!!!!!!!!!!!!!!!!!!!!!!!!!!!!!!
20240925 050325.896 INFO             PET2 !!! THE ESMF_LOG IS SET TO OUTPUT ALL LOG MESSAGES !!!
20240925 050325.896 INFO             PET2 !!!     THIS MAY CAUSE SLOWDOWN IN PERFORMANCE     !!!
20240925 050325.896 INFO             PET2 !!! FOR PRODUCTION RUNS, USE:                      !!!
20240925 050325.896 INFO             PET2 !!!                   ESMF_LOGKIND_Multi_On_Error  !!!
20240925 050325.896 INFO             PET2 !!!!!!!!!!!!!!!!!!!!!!!!!!!!!!!!!!!!!!!!!!!!!!!!!!!!!!
20240925 050325.896 INFO             PET2 Running with ESMF Version   : v8.7.0b14-1-g2597b0a993
20240925 050325.896 INFO             PET2 ESMF library build date/time: "Sep 25 2024" "04:04:46"
20240925 050325.896 INFO             PET2 ESMF library build location : /glade/derecho/scratch/sacks/esmf-testing/nvhpc_23.7_mpi_g_release_8.7.0/esmf
20240925 050325.896 INFO             PET2 ESMF_COMM                   : mpi
20240925 050325.897 INFO             PET2 ESMF_MOAB                   : enabled
20240925 050325.897 INFO             PET2 ESMF_LAPACK                 : enabled
20240925 050325.897 INFO             PET2 ESMF_NETCDF                 : enabled
20240925 050325.897 INFO             PET2 ESMF_PNETCDF                : disabled
20240925 050325.897 INFO             PET2 ESMF_PIO                    : enabled
20240925 050325.897 INFO             PET2 ESMF_YAMLCPP                : enabled
20240925 050326.071 INFO             PET2  NUMBER_OF_PROCESSORS            4
20240925 050326.071 INFO             PET2  PASS  Example ESMF_XGridEx, ESMF_XGridEx.F90, line 525
20240925 050326.071 INFO             PET2  Finalizing ESMF
20240925 050325.893 INFO             PET3 !!!!!!!!!!!!!!!!!!!!!!!!!!!!!!!!!!!!!!!!!!!!!!!!!!!!!!
20240925 050325.893 INFO             PET3 !!! THE ESMF_LOG IS SET TO OUTPUT ALL LOG MESSAGES !!!
20240925 050325.893 INFO             PET3 !!!     THIS MAY CAUSE SLOWDOWN IN PERFORMANCE     !!!
20240925 050325.893 INFO             PET3 !!! FOR PRODUCTION RUNS, USE:                      !!!
20240925 050325.893 INFO             PET3 !!!                   ESMF_LOGKIND_Multi_On_Error  !!!
20240925 050325.893 INFO             PET3 !!!!!!!!!!!!!!!!!!!!!!!!!!!!!!!!!!!!!!!!!!!!!!!!!!!!!!
20240925 050325.893 INFO             PET3 Running with ESMF Version   : v8.7.0b14-1-g2597b0a993
20240925 050325.893 INFO             PET3 ESMF library build date/time: "Sep 25 2024" "04:04:46"
20240925 050325.893 INFO             PET3 ESMF library build location : /glade/derecho/scratch/sacks/esmf-testing/nvhpc_23.7_mpi_g_release_8.7.0/esmf
20240925 050325.893 INFO             PET3 ESMF_COMM                   : mpi
20240925 050325.894 INFO             PET3 ESMF_MOAB                   : enabled
20240925 050325.894 INFO             PET3 ESMF_LAPACK                 : enabled
20240925 050325.894 INFO             PET3 ESMF_NETCDF                 : enabled
20240925 050325.894 INFO             PET3 ESMF_PNETCDF                : disabled
20240925 050325.894 INFO             PET3 ESMF_PIO                    : enabled
20240925 050325.894 INFO             PET3 ESMF_YAMLCPP                : enabled
20240925 050326.070 INFO             PET3  NUMBER_OF_PROCESSORS            4
20240925 050326.070 INFO             PET3  PASS  Example ESMF_XGridEx, ESMF_XGridEx.F90, line 525
20240925 050326.070 INFO             PET3  Finalizing ESMF
