2024-09-14 02:36:34
20240914 031637.990 INFO             PET0 !!!!!!!!!!!!!!!!!!!!!!!!!!!!!!!!!!!!!!!!!!!!!!!!!!!!!!
20240914 031637.990 INFO             PET0 !!! THE ESMF_LOG IS SET TO OUTPUT ALL LOG MESSAGES !!!
20240914 031637.990 INFO             PET0 !!!     THIS MAY CAUSE SLOWDOWN IN PERFORMANCE     !!!
20240914 031637.990 INFO             PET0 !!! FOR PRODUCTION RUNS, USE:                      !!!
20240914 031637.990 INFO             PET0 !!!                   ESMF_LOGKIND_Multi_On_Error  !!!
20240914 031637.990 INFO             PET0 !!!!!!!!!!!!!!!!!!!!!!!!!!!!!!!!!!!!!!!!!!!!!!!!!!!!!!
20240914 031637.990 INFO             PET0 Running with ESMF Version   : v8.7.0b14
20240914 031637.990 INFO             PET0 ESMF library build date/time: "Sep 14 2024" "02:34:15"
20240914 031637.990 INFO             PET0 ESMF library build location : /work/noaa/da/mpotts/sandbox/gfortran_12.2.0_openmpi_O_develop/esmf
20240914 031637.990 INFO             PET0 ESMF_COMM                   : openmpi
20240914 031637.991 INFO             PET0 ESMF_MOAB                   : enabled
20240914 031637.991 INFO             PET0 ESMF_LAPACK                 : enabled
20240914 031637.991 INFO             PET0 ESMF_NETCDF                 : disabled
20240914 031637.991 INFO             PET0 ESMF_PNETCDF                : disabled
20240914 031637.991 INFO             PET0 ESMF_PIO                    : disabled
20240914 031637.991 INFO             PET0 ESMF_YAMLCPP                : enabled
20240914 031637.993 INFO             PET0 ESMF_FieldRedistStoreNF(): Just entered routine.
20240914 031637.994 INFO             PET0 ESMF_FieldRedistStoreNF(): Leaving routine.
20240914 031637.996 INFO             PET0 ESMF_FieldRedistStoreNF(): Just entered routine.
20240914 031637.996 INFO             PET0 ESMF_FieldRedistStoreNF(): Leaving routine.
20240914 031637.996 INFO             PET0 ESMF_FieldRedistStoreNF(): Just entered routine.
20240914 031637.997 INFO             PET0 ESMF_FieldRedistStoreNF(): Leaving routine.
20240914 031637.997 INFO             PET0  NUMBER_OF_PROCESSORS           4
20240914 031637.997 INFO             PET0  PASS  Example ESMF_FieldRedistEx, ESMF_FieldRedistEx.F90, line 521
20240914 031637.997 INFO             PET0  Finalizing ESMF
20240914 031637.991 INFO             PET1 !!!!!!!!!!!!!!!!!!!!!!!!!!!!!!!!!!!!!!!!!!!!!!!!!!!!!!
20240914 031637.991 INFO             PET1 !!! THE ESMF_LOG IS SET TO OUTPUT ALL LOG MESSAGES !!!
20240914 031637.991 INFO             PET1 !!!     THIS MAY CAUSE SLOWDOWN IN PERFORMANCE     !!!
20240914 031637.991 INFO             PET1 !!! FOR PRODUCTION RUNS, USE:                      !!!
20240914 031637.991 INFO             PET1 !!!                   ESMF_LOGKIND_Multi_On_Error  !!!
20240914 031637.991 INFO             PET1 !!!!!!!!!!!!!!!!!!!!!!!!!!!!!!!!!!!!!!!!!!!!!!!!!!!!!!
20240914 031637.991 INFO             PET1 Running with ESMF Version   : v8.7.0b14
20240914 031637.991 INFO             PET1 ESMF library build date/time: "Sep 14 2024" "02:34:15"
20240914 031637.991 INFO             PET1 ESMF library build location : /work/noaa/da/mpotts/sandbox/gfortran_12.2.0_openmpi_O_develop/esmf
20240914 031637.991 INFO             PET1 ESMF_COMM                   : openmpi
20240914 031637.992 INFO             PET1 ESMF_MOAB                   : enabled
20240914 031637.992 INFO             PET1 ESMF_LAPACK                 : enabled
20240914 031637.992 INFO             PET1 ESMF_NETCDF                 : disabled
20240914 031637.992 INFO             PET1 ESMF_PNETCDF                : disabled
20240914 031637.992 INFO             PET1 ESMF_PIO                    : disabled
20240914 031637.992 INFO             PET1 ESMF_YAMLCPP                : enabled
20240914 031637.993 INFO             PET1 ESMF_FieldRedistStoreNF(): Just entered routine.
20240914 031637.994 INFO             PET1 ESMF_FieldRedistStoreNF(): Leaving routine.
20240914 031637.996 INFO             PET1 ESMF_FieldRedistStoreNF(): Just entered routine.
20240914 031637.996 INFO             PET1 ESMF_FieldRedistStoreNF(): Leaving routine.
20240914 031637.996 INFO             PET1 ESMF_FieldRedistStoreNF(): Just entered routine.
20240914 031637.997 INFO             PET1 ESMF_FieldRedistStoreNF(): Leaving routine.
20240914 031637.997 INFO             PET1  NUMBER_OF_PROCESSORS           4
20240914 031637.997 INFO             PET1  PASS  Example ESMF_FieldRedistEx, ESMF_FieldRedistEx.F90, line 521
20240914 031637.997 INFO             PET1  Finalizing ESMF
20240914 031637.991 INFO             PET2 !!!!!!!!!!!!!!!!!!!!!!!!!!!!!!!!!!!!!!!!!!!!!!!!!!!!!!
20240914 031637.991 INFO             PET2 !!! THE ESMF_LOG IS SET TO OUTPUT ALL LOG MESSAGES !!!
20240914 031637.991 INFO             PET2 !!!     THIS MAY CAUSE SLOWDOWN IN PERFORMANCE     !!!
20240914 031637.991 INFO             PET2 !!! FOR PRODUCTION RUNS, USE:                      !!!
20240914 031637.991 INFO             PET2 !!!                   ESMF_LOGKIND_Multi_On_Error  !!!
20240914 031637.991 INFO             PET2 !!!!!!!!!!!!!!!!!!!!!!!!!!!!!!!!!!!!!!!!!!!!!!!!!!!!!!
20240914 031637.991 INFO             PET2 Running with ESMF Version   : v8.7.0b14
20240914 031637.991 INFO             PET2 ESMF library build date/time: "Sep 14 2024" "02:34:15"
20240914 031637.991 INFO             PET2 ESMF library build location : /work/noaa/da/mpotts/sandbox/gfortran_12.2.0_openmpi_O_develop/esmf
20240914 031637.991 INFO             PET2 ESMF_COMM                   : openmpi
20240914 031637.991 INFO             PET2 ESMF_MOAB                   : enabled
20240914 031637.991 INFO             PET2 ESMF_LAPACK                 : enabled
20240914 031637.991 INFO             PET2 ESMF_NETCDF                 : disabled
20240914 031637.991 INFO             PET2 ESMF_PNETCDF                : disabled
20240914 031637.991 INFO             PET2 ESMF_PIO                    : disabled
20240914 031637.992 INFO             PET2 ESMF_YAMLCPP                : enabled
20240914 031637.993 INFO             PET2 ESMF_FieldRedistStoreNF(): Just entered routine.
20240914 031637.994 INFO             PET2 ESMF_FieldRedistStoreNF(): Leaving routine.
20240914 031637.996 INFO             PET2 ESMF_FieldRedistStoreNF(): Just entered routine.
20240914 031637.996 INFO             PET2 ESMF_FieldRedistStoreNF(): Leaving routine.
20240914 031637.996 INFO             PET2 ESMF_FieldRedistStoreNF(): Just entered routine.
20240914 031637.997 INFO             PET2 ESMF_FieldRedistStoreNF(): Leaving routine.
20240914 031637.997 INFO             PET2  NUMBER_OF_PROCESSORS           4
20240914 031637.997 INFO             PET2  PASS  Example ESMF_FieldRedistEx, ESMF_FieldRedistEx.F90, line 521
20240914 031637.997 INFO             PET2  Finalizing ESMF
20240914 031637.991 INFO             PET3 !!!!!!!!!!!!!!!!!!!!!!!!!!!!!!!!!!!!!!!!!!!!!!!!!!!!!!
20240914 031637.991 INFO             PET3 !!! THE ESMF_LOG IS SET TO OUTPUT ALL LOG MESSAGES !!!
20240914 031637.991 INFO             PET3 !!!     THIS MAY CAUSE SLOWDOWN IN PERFORMANCE     !!!
20240914 031637.991 INFO             PET3 !!! FOR PRODUCTION RUNS, USE:                      !!!
20240914 031637.991 INFO             PET3 !!!                   ESMF_LOGKIND_Multi_On_Error  !!!
20240914 031637.991 INFO             PET3 !!!!!!!!!!!!!!!!!!!!!!!!!!!!!!!!!!!!!!!!!!!!!!!!!!!!!!
20240914 031637.991 INFO             PET3 Running with ESMF Version   : v8.7.0b14
20240914 031637.991 INFO             PET3 ESMF library build date/time: "Sep 14 2024" "02:34:15"
20240914 031637.991 INFO             PET3 ESMF library build location : /work/noaa/da/mpotts/sandbox/gfortran_12.2.0_openmpi_O_develop/esmf
20240914 031637.991 INFO             PET3 ESMF_COMM                   : openmpi
20240914 031637.991 INFO             PET3 ESMF_MOAB                   : enabled
20240914 031637.991 INFO             PET3 ESMF_LAPACK                 : enabled
20240914 031637.991 INFO             PET3 ESMF_NETCDF                 : disabled
20240914 031637.991 INFO             PET3 ESMF_PNETCDF                : disabled
20240914 031637.991 INFO             PET3 ESMF_PIO                    : disabled
20240914 031637.991 INFO             PET3 ESMF_YAMLCPP                : enabled
20240914 031637.993 INFO             PET3 ESMF_FieldRedistStoreNF(): Just entered routine.
20240914 031637.994 INFO             PET3 ESMF_FieldRedistStoreNF(): Leaving routine.
20240914 031637.996 INFO             PET3 ESMF_FieldRedistStoreNF(): Just entered routine.
20240914 031637.996 INFO             PET3 ESMF_FieldRedistStoreNF(): Leaving routine.
20240914 031637.996 INFO             PET3 ESMF_FieldRedistStoreNF(): Just entered routine.
20240914 031637.997 INFO             PET3 ESMF_FieldRedistStoreNF(): Leaving routine.
20240914 031637.997 INFO             PET3  NUMBER_OF_PROCESSORS           4
20240914 031637.997 INFO             PET3  PASS  Example ESMF_FieldRedistEx, ESMF_FieldRedistEx.F90, line 521
20240914 031637.997 INFO             PET3  Finalizing ESMF
