2024-09-29 03:39:07
20240929 043116.839 INFO             PET0 !!!!!!!!!!!!!!!!!!!!!!!!!!!!!!!!!!!!!!!!!!!!!!!!!!!!!!
20240929 043116.839 INFO             PET0 !!! THE ESMF_LOG IS SET TO OUTPUT ALL LOG MESSAGES !!!
20240929 043116.839 INFO             PET0 !!!     THIS MAY CAUSE SLOWDOWN IN PERFORMANCE     !!!
20240929 043116.839 INFO             PET0 !!! FOR PRODUCTION RUNS, USE:                      !!!
20240929 043116.839 INFO             PET0 !!!                   ESMF_LOGKIND_Multi_On_Error  !!!
20240929 043116.839 INFO             PET0 !!!!!!!!!!!!!!!!!!!!!!!!!!!!!!!!!!!!!!!!!!!!!!!!!!!!!!
20240929 043116.839 INFO             PET0 Running with ESMF Version   : v8.7.0b14-1-g2597b0a993
20240929 043116.839 INFO             PET0 ESMF library build date/time: "Sep 29 2024" "03:35:34"
20240929 043116.839 INFO             PET0 ESMF library build location : /glade/derecho/scratch/sacks/esmf-testing/intel_2023.2.1-classic_mpiuni_O_release_8.7.0/esmf
20240929 043116.839 INFO             PET0 ESMF_COMM                   : mpiuni
20240929 043116.840 INFO             PET0 ESMF_MOAB                   : enabled
20240929 043116.840 INFO             PET0 ESMF_LAPACK                 : enabled
20240929 043116.840 INFO             PET0 ESMF_NETCDF                 : enabled
20240929 043116.840 INFO             PET0 ESMF_PNETCDF                : disabled
20240929 043116.840 INFO             PET0 ESMF_PIO                    : enabled
20240929 043116.840 INFO             PET0 ESMF_YAMLCPP                : enabled
20240929 043116.841 INFO             PET0  NUMBER_OF_PROCESSORS           1
20240929 043116.841 INFO             PET0  PASS  Example ESMF_VMComponentEx, ESMF_VMComponentEx.F90, line 197
20240929 043116.841 INFO             PET0  Finalizing ESMF
