2024-09-18 22:22:55
20240918 225018.466 INFO             PET0 !!!!!!!!!!!!!!!!!!!!!!!!!!!!!!!!!!!!!!!!!!!!!!!!!!!!!!
20240918 225018.466 INFO             PET0 !!! THE ESMF_LOG IS SET TO OUTPUT ALL LOG MESSAGES !!!
20240918 225018.466 INFO             PET0 !!!     THIS MAY CAUSE SLOWDOWN IN PERFORMANCE     !!!
20240918 225018.466 INFO             PET0 !!! FOR PRODUCTION RUNS, USE:                      !!!
20240918 225018.466 INFO             PET0 !!!                   ESMF_LOGKIND_Multi_On_Error  !!!
20240918 225018.466 INFO             PET0 !!!!!!!!!!!!!!!!!!!!!!!!!!!!!!!!!!!!!!!!!!!!!!!!!!!!!!
20240918 225018.466 INFO             PET0 Running with ESMF Version   : v8.7.0b14-1-g2597b0a993
20240918 225018.466 INFO             PET0 ESMF library build date/time: "Sep 18 2024" "22:21:11"
20240918 225018.466 INFO             PET0 ESMF library build location : /discover/nobackup/projects/gmao/SIteam/ESMF_Testing/gfortran_13.2.0_openmpi_O_release_8.7.0/esmf
20240918 225018.466 INFO             PET0 ESMF_COMM                   : openmpi
20240918 225018.466 INFO             PET0 ESMF_MOAB                   : enabled
20240918 225018.466 INFO             PET0 ESMF_LAPACK                 : enabled
20240918 225018.466 INFO             PET0 ESMF_NETCDF                 : disabled
20240918 225018.466 INFO             PET0 ESMF_PNETCDF                : disabled
20240918 225018.466 INFO             PET0 ESMF_PIO                    : disabled
20240918 225018.466 INFO             PET0 ESMF_YAMLCPP                : enabled
20240918 225018.466 INFO             PET0 ESMF Tracing Enabled
20240918 225018.466 INFO             PET0 ESMF Profiling Enabled
20240918 225018.466 INFO             PET0 ESMF Trace/Profile clock: REALTIME
20240918 225018.469 INFO             PET0  NUMBER_OF_PROCESSORS           4
20240918 225018.469 INFO             PET0  PASS  Example ESMF_TraceEx, ESMF_TraceEx.F90, line 178
20240918 225018.469 INFO             PET0  Finalizing ESMF
20240918 225018.469 INFO             PET0 **************** Region Timings *******************
20240918 225018.469 INFO             PET0 Region              Count  Total (s)   Self (s)    Mean (s)    Min (s)     Max (s)
20240918 225018.469 INFO             PET0   [ESMF]            1      0.0012      0.0011      0.0012      0.0012      0.0012
20240918 225018.469 INFO             PET0     [test] Run 1    5      0.0000      0.0000      0.0000      0.0000      0.0000
20240918 225018.469 INFO             PET0     [test] Init 1   1      0.0000      0.0000      0.0000      0.0000      0.0000
20240918 225018.469 INFO             PET0     [test] Final 1  1      0.0000      0.0000      0.0000      0.0000      0.0000
20240918 225018.466 INFO             PET1 !!!!!!!!!!!!!!!!!!!!!!!!!!!!!!!!!!!!!!!!!!!!!!!!!!!!!!
20240918 225018.466 INFO             PET1 !!! THE ESMF_LOG IS SET TO OUTPUT ALL LOG MESSAGES !!!
20240918 225018.466 INFO             PET1 !!!     THIS MAY CAUSE SLOWDOWN IN PERFORMANCE     !!!
20240918 225018.466 INFO             PET1 !!! FOR PRODUCTION RUNS, USE:                      !!!
20240918 225018.466 INFO             PET1 !!!                   ESMF_LOGKIND_Multi_On_Error  !!!
20240918 225018.466 INFO             PET1 !!!!!!!!!!!!!!!!!!!!!!!!!!!!!!!!!!!!!!!!!!!!!!!!!!!!!!
20240918 225018.466 INFO             PET1 Running with ESMF Version   : v8.7.0b14-1-g2597b0a993
20240918 225018.466 INFO             PET1 ESMF library build date/time: "Sep 18 2024" "22:21:11"
20240918 225018.466 INFO             PET1 ESMF library build location : /discover/nobackup/projects/gmao/SIteam/ESMF_Testing/gfortran_13.2.0_openmpi_O_release_8.7.0/esmf
20240918 225018.466 INFO             PET1 ESMF_COMM                   : openmpi
20240918 225018.467 INFO             PET1 ESMF_MOAB                   : enabled
20240918 225018.467 INFO             PET1 ESMF_LAPACK                 : enabled
20240918 225018.467 INFO             PET1 ESMF_NETCDF                 : disabled
20240918 225018.467 INFO             PET1 ESMF_PNETCDF                : disabled
20240918 225018.467 INFO             PET1 ESMF_PIO                    : disabled
20240918 225018.467 INFO             PET1 ESMF_YAMLCPP                : enabled
20240918 225018.467 INFO             PET1 ESMF Tracing Enabled
20240918 225018.467 INFO             PET1 ESMF Profiling Enabled
20240918 225018.467 INFO             PET1 ESMF Trace/Profile clock: REALTIME
20240918 225018.469 INFO             PET1  NUMBER_OF_PROCESSORS           4
20240918 225018.469 INFO             PET1  PASS  Example ESMF_TraceEx, ESMF_TraceEx.F90, line 178
20240918 225018.469 INFO             PET1  Finalizing ESMF
20240918 225018.469 INFO             PET1 **************** Region Timings *******************
20240918 225018.469 INFO             PET1 Region              Count  Total (s)   Self (s)    Mean (s)    Min (s)     Max (s)
20240918 225018.469 INFO             PET1   [ESMF]            1      0.0018      0.0017      0.0018      0.0018      0.0018
20240918 225018.469 INFO             PET1     [test] Run 1    5      0.0000      0.0000      0.0000      0.0000      0.0000
20240918 225018.469 INFO             PET1     [test] Init 1   1      0.0000      0.0000      0.0000      0.0000      0.0000
20240918 225018.469 INFO             PET1     [test] Final 1  1      0.0000      0.0000      0.0000      0.0000      0.0000
20240918 225018.466 INFO             PET2 !!!!!!!!!!!!!!!!!!!!!!!!!!!!!!!!!!!!!!!!!!!!!!!!!!!!!!
20240918 225018.466 INFO             PET2 !!! THE ESMF_LOG IS SET TO OUTPUT ALL LOG MESSAGES !!!
20240918 225018.466 INFO             PET2 !!!     THIS MAY CAUSE SLOWDOWN IN PERFORMANCE     !!!
20240918 225018.466 INFO             PET2 !!! FOR PRODUCTION RUNS, USE:                      !!!
20240918 225018.466 INFO             PET2 !!!                   ESMF_LOGKIND_Multi_On_Error  !!!
20240918 225018.466 INFO             PET2 !!!!!!!!!!!!!!!!!!!!!!!!!!!!!!!!!!!!!!!!!!!!!!!!!!!!!!
20240918 225018.466 INFO             PET2 Running with ESMF Version   : v8.7.0b14-1-g2597b0a993
20240918 225018.466 INFO             PET2 ESMF library build date/time: "Sep 18 2024" "22:21:11"
20240918 225018.466 INFO             PET2 ESMF library build location : /discover/nobackup/projects/gmao/SIteam/ESMF_Testing/gfortran_13.2.0_openmpi_O_release_8.7.0/esmf
20240918 225018.466 INFO             PET2 ESMF_COMM                   : openmpi
20240918 225018.466 INFO             PET2 ESMF_MOAB                   : enabled
20240918 225018.466 INFO             PET2 ESMF_LAPACK                 : enabled
20240918 225018.466 INFO             PET2 ESMF_NETCDF                 : disabled
20240918 225018.466 INFO             PET2 ESMF_PNETCDF                : disabled
20240918 225018.466 INFO             PET2 ESMF_PIO                    : disabled
20240918 225018.466 INFO             PET2 ESMF_YAMLCPP                : enabled
20240918 225018.467 INFO             PET2 ESMF Tracing Enabled
20240918 225018.467 INFO             PET2 ESMF Profiling Enabled
20240918 225018.467 INFO             PET2 ESMF Trace/Profile clock: REALTIME
20240918 225018.469 INFO             PET2  NUMBER_OF_PROCESSORS           4
20240918 225018.469 INFO             PET2  PASS  Example ESMF_TraceEx, ESMF_TraceEx.F90, line 178
20240918 225018.469 INFO             PET2  Finalizing ESMF
20240918 225018.469 INFO             PET2 **************** Region Timings *******************
20240918 225018.469 INFO             PET2 Region              Count  Total (s)   Self (s)    Mean (s)    Min (s)     Max (s)
20240918 225018.469 INFO             PET2   [ESMF]            1      0.0019      0.0018      0.0019      0.0019      0.0019
20240918 225018.469 INFO             PET2     [test] Run 1    5      0.0000      0.0000      0.0000      0.0000      0.0000
20240918 225018.469 INFO             PET2     [test] Init 1   1      0.0000      0.0000      0.0000      0.0000      0.0000
20240918 225018.469 INFO             PET2     [test] Final 1  1      0.0000      0.0000      0.0000      0.0000      0.0000
20240918 225018.466 INFO             PET3 !!!!!!!!!!!!!!!!!!!!!!!!!!!!!!!!!!!!!!!!!!!!!!!!!!!!!!
20240918 225018.466 INFO             PET3 !!! THE ESMF_LOG IS SET TO OUTPUT ALL LOG MESSAGES !!!
20240918 225018.466 INFO             PET3 !!!     THIS MAY CAUSE SLOWDOWN IN PERFORMANCE     !!!
20240918 225018.466 INFO             PET3 !!! FOR PRODUCTION RUNS, USE:                      !!!
20240918 225018.466 INFO             PET3 !!!                   ESMF_LOGKIND_Multi_On_Error  !!!
20240918 225018.466 INFO             PET3 !!!!!!!!!!!!!!!!!!!!!!!!!!!!!!!!!!!!!!!!!!!!!!!!!!!!!!
20240918 225018.466 INFO             PET3 Running with ESMF Version   : v8.7.0b14-1-g2597b0a993
20240918 225018.466 INFO             PET3 ESMF library build date/time: "Sep 18 2024" "22:21:11"
20240918 225018.466 INFO             PET3 ESMF library build location : /discover/nobackup/projects/gmao/SIteam/ESMF_Testing/gfortran_13.2.0_openmpi_O_release_8.7.0/esmf
20240918 225018.466 INFO             PET3 ESMF_COMM                   : openmpi
20240918 225018.466 INFO             PET3 ESMF_MOAB                   : enabled
20240918 225018.466 INFO             PET3 ESMF_LAPACK                 : enabled
20240918 225018.466 INFO             PET3 ESMF_NETCDF                 : disabled
20240918 225018.466 INFO             PET3 ESMF_PNETCDF                : disabled
20240918 225018.466 INFO             PET3 ESMF_PIO                    : disabled
20240918 225018.466 INFO             PET3 ESMF_YAMLCPP                : enabled
20240918 225018.466 INFO             PET3 ESMF Tracing Enabled
20240918 225018.466 INFO             PET3 ESMF Profiling Enabled
20240918 225018.466 INFO             PET3 ESMF Trace/Profile clock: REALTIME
20240918 225018.469 INFO             PET3  NUMBER_OF_PROCESSORS           4
20240918 225018.469 INFO             PET3  PASS  Example ESMF_TraceEx, ESMF_TraceEx.F90, line 178
20240918 225018.469 INFO             PET3  Finalizing ESMF
20240918 225018.469 INFO             PET3 **************** Region Timings *******************
20240918 225018.469 INFO             PET3 Region              Count  Total (s)   Self (s)    Mean (s)    Min (s)     Max (s)
20240918 225018.469 INFO             PET3   [ESMF]            1      0.0015      0.0014      0.0015      0.0015      0.0015
20240918 225018.469 INFO             PET3     [test] Run 1    5      0.0000      0.0000      0.0000      0.0000      0.0000
20240918 225018.469 INFO             PET3     [test] Init 1   1      0.0000      0.0000      0.0000      0.0000      0.0000
20240918 225018.469 INFO             PET3     [test] Final 1  1      0.0000      0.0000      0.0000      0.0000      0.0000
