2024-09-04 19:40:19
20240904 211627.782 INFO             PET0 !!!!!!!!!!!!!!!!!!!!!!!!!!!!!!!!!!!!!!!!!!!!!!!!!!!!!!
20240904 211627.787 INFO             PET0 !!! THE ESMF_LOG IS SET TO OUTPUT ALL LOG MESSAGES !!!
20240904 211627.787 INFO             PET0 !!!     THIS MAY CAUSE SLOWDOWN IN PERFORMANCE     !!!
20240904 211627.787 INFO             PET0 !!! FOR PRODUCTION RUNS, USE:                      !!!
20240904 211627.787 INFO             PET0 !!!                   ESMF_LOGKIND_Multi_On_Error  !!!
20240904 211627.787 INFO             PET0 !!!!!!!!!!!!!!!!!!!!!!!!!!!!!!!!!!!!!!!!!!!!!!!!!!!!!!
20240904 211627.787 INFO             PET0 Running with ESMF Version   : v8.7.0b13-1-g82ba326579
20240904 211627.787 INFO             PET0 ESMF library build date/time: "Sep  4 2024" "19:38:23"
20240904 211627.787 INFO             PET0 ESMF library build location : /Users/sacks/projects/scratch/esmf-testing/gfortranclang_12.2.0_14.0.0_openmpi_g_develop/esmf
20240904 211627.787 INFO             PET0 ESMF_COMM                   : openmpi
20240904 211627.787 INFO             PET0 ESMF_MOAB                   : enabled
20240904 211627.787 INFO             PET0 ESMF_LAPACK                 : enabled
20240904 211627.787 INFO             PET0 ESMF_NETCDF                 : enabled
20240904 211627.787 INFO             PET0 ESMF_PNETCDF                : disabled
20240904 211627.787 INFO             PET0 ESMF_PIO                    : enabled
20240904 211627.787 INFO             PET0 ESMF_YAMLCPP                : enabled
20240904 211627.787 INFO             PET0 ESMF Tracing Enabled
20240904 211627.787 INFO             PET0 ESMF Profiling Enabled
20240904 211627.788 INFO             PET0 ESMF Trace/Profile clock: REALTIME
20240904 211627.946 INFO             PET0  NUMBER_OF_PROCESSORS           4
20240904 211627.946 INFO             PET0  PASS  Example ESMF_TraceEx, ESMF_TraceEx.F90, line 178
20240904 211627.946 INFO             PET0  Finalizing ESMF
20240904 211627.947 INFO             PET0 **************** Region Timings *******************
20240904 211627.947 INFO             PET0 Region              Count  Total (s)   Self (s)    Mean (s)    Min (s)     Max (s)
20240904 211627.947 INFO             PET0   [ESMF]            1      0.1336      0.1323      0.1336      0.1336      0.1336
20240904 211627.947 INFO             PET0     [test] Run 1    5      0.0013      0.0013      0.0003      0.0000      0.0012
20240904 211627.947 INFO             PET0     [test] Init 1   1      0.0000      0.0000      0.0000      0.0000      0.0000
20240904 211627.947 INFO             PET0     [test] Final 1  1      0.0000      0.0000      0.0000      0.0000      0.0000
20240904 211627.782 INFO             PET1 !!!!!!!!!!!!!!!!!!!!!!!!!!!!!!!!!!!!!!!!!!!!!!!!!!!!!!
20240904 211627.798 INFO             PET1 !!! THE ESMF_LOG IS SET TO OUTPUT ALL LOG MESSAGES !!!
20240904 211627.798 INFO             PET1 !!!     THIS MAY CAUSE SLOWDOWN IN PERFORMANCE     !!!
20240904 211627.798 INFO             PET1 !!! FOR PRODUCTION RUNS, USE:                      !!!
20240904 211627.798 INFO             PET1 !!!                   ESMF_LOGKIND_Multi_On_Error  !!!
20240904 211627.798 INFO             PET1 !!!!!!!!!!!!!!!!!!!!!!!!!!!!!!!!!!!!!!!!!!!!!!!!!!!!!!
20240904 211627.798 INFO             PET1 Running with ESMF Version   : v8.7.0b13-1-g82ba326579
20240904 211627.799 INFO             PET1 ESMF library build date/time: "Sep  4 2024" "19:38:23"
20240904 211627.799 INFO             PET1 ESMF library build location : /Users/sacks/projects/scratch/esmf-testing/gfortranclang_12.2.0_14.0.0_openmpi_g_develop/esmf
20240904 211627.799 INFO             PET1 ESMF_COMM                   : openmpi
20240904 211627.799 INFO             PET1 ESMF_MOAB                   : enabled
20240904 211627.799 INFO             PET1 ESMF_LAPACK                 : enabled
20240904 211627.799 INFO             PET1 ESMF_NETCDF                 : enabled
20240904 211627.799 INFO             PET1 ESMF_PNETCDF                : disabled
20240904 211627.799 INFO             PET1 ESMF_PIO                    : enabled
20240904 211627.799 INFO             PET1 ESMF_YAMLCPP                : enabled
20240904 211627.799 INFO             PET1 ESMF Tracing Enabled
20240904 211627.799 INFO             PET1 ESMF Profiling Enabled
20240904 211627.799 INFO             PET1 ESMF Trace/Profile clock: REALTIME
20240904 211627.946 INFO             PET1  NUMBER_OF_PROCESSORS           4
20240904 211627.946 INFO             PET1  PASS  Example ESMF_TraceEx, ESMF_TraceEx.F90, line 178
20240904 211627.946 INFO             PET1  Finalizing ESMF
20240904 211627.946 INFO             PET1 **************** Region Timings *******************
20240904 211627.946 INFO             PET1 Region              Count  Total (s)   Self (s)    Mean (s)    Min (s)     Max (s)
20240904 211627.947 INFO             PET1   [ESMF]            1      0.1442      0.1441      0.1442      0.1442      0.1442
20240904 211627.947 INFO             PET1     [test] Run 1    5      0.0001      0.0001      0.0000      0.0000      0.0000
20240904 211627.947 INFO             PET1     [test] Init 1   1      0.0000      0.0000      0.0000      0.0000      0.0000
20240904 211627.947 INFO             PET1     [test] Final 1  1      0.0000      0.0000      0.0000      0.0000      0.0000
20240904 211627.782 INFO             PET2 !!!!!!!!!!!!!!!!!!!!!!!!!!!!!!!!!!!!!!!!!!!!!!!!!!!!!!
20240904 211627.787 INFO             PET2 !!! THE ESMF_LOG IS SET TO OUTPUT ALL LOG MESSAGES !!!
20240904 211627.787 INFO             PET2 !!!     THIS MAY CAUSE SLOWDOWN IN PERFORMANCE     !!!
20240904 211627.787 INFO             PET2 !!! FOR PRODUCTION RUNS, USE:                      !!!
20240904 211627.787 INFO             PET2 !!!                   ESMF_LOGKIND_Multi_On_Error  !!!
20240904 211627.787 INFO             PET2 !!!!!!!!!!!!!!!!!!!!!!!!!!!!!!!!!!!!!!!!!!!!!!!!!!!!!!
20240904 211627.787 INFO             PET2 Running with ESMF Version   : v8.7.0b13-1-g82ba326579
20240904 211627.787 INFO             PET2 ESMF library build date/time: "Sep  4 2024" "19:38:23"
20240904 211627.787 INFO             PET2 ESMF library build location : /Users/sacks/projects/scratch/esmf-testing/gfortranclang_12.2.0_14.0.0_openmpi_g_develop/esmf
20240904 211627.787 INFO             PET2 ESMF_COMM                   : openmpi
20240904 211627.787 INFO             PET2 ESMF_MOAB                   : enabled
20240904 211627.787 INFO             PET2 ESMF_LAPACK                 : enabled
20240904 211627.787 INFO             PET2 ESMF_NETCDF                 : enabled
20240904 211627.787 INFO             PET2 ESMF_PNETCDF                : disabled
20240904 211627.787 INFO             PET2 ESMF_PIO                    : enabled
20240904 211627.787 INFO             PET2 ESMF_YAMLCPP                : enabled
20240904 211627.794 INFO             PET2 ESMF Tracing Enabled
20240904 211627.794 INFO             PET2 ESMF Profiling Enabled
20240904 211627.794 INFO             PET2 ESMF Trace/Profile clock: REALTIME
20240904 211627.945 INFO             PET2  NUMBER_OF_PROCESSORS           4
20240904 211627.945 INFO             PET2  PASS  Example ESMF_TraceEx, ESMF_TraceEx.F90, line 178
20240904 211627.945 INFO             PET2  Finalizing ESMF
20240904 211627.945 INFO             PET2 **************** Region Timings *******************
20240904 211627.945 INFO             PET2 Region              Count  Total (s)   Self (s)    Mean (s)    Min (s)     Max (s)
20240904 211627.947 INFO             PET2   [ESMF]            1      0.1392      0.1390      0.1392      0.1392      0.1392
20240904 211627.947 INFO             PET2     [test] Run 1    5      0.0001      0.0001      0.0000      0.0000      0.0000
20240904 211627.947 INFO             PET2     [test] Init 1   1      0.0001      0.0001      0.0001      0.0001      0.0001
20240904 211627.947 INFO             PET2     [test] Final 1  1      0.0000      0.0000      0.0000      0.0000      0.0000
20240904 211627.782 INFO             PET3 !!!!!!!!!!!!!!!!!!!!!!!!!!!!!!!!!!!!!!!!!!!!!!!!!!!!!!
20240904 211627.786 INFO             PET3 !!! THE ESMF_LOG IS SET TO OUTPUT ALL LOG MESSAGES !!!
20240904 211627.786 INFO             PET3 !!!     THIS MAY CAUSE SLOWDOWN IN PERFORMANCE     !!!
20240904 211627.786 INFO             PET3 !!! FOR PRODUCTION RUNS, USE:                      !!!
20240904 211627.786 INFO             PET3 !!!                   ESMF_LOGKIND_Multi_On_Error  !!!
20240904 211627.786 INFO             PET3 !!!!!!!!!!!!!!!!!!!!!!!!!!!!!!!!!!!!!!!!!!!!!!!!!!!!!!
20240904 211627.786 INFO             PET3 Running with ESMF Version   : v8.7.0b13-1-g82ba326579
20240904 211627.786 INFO             PET3 ESMF library build date/time: "Sep  4 2024" "19:38:23"
20240904 211627.786 INFO             PET3 ESMF library build location : /Users/sacks/projects/scratch/esmf-testing/gfortranclang_12.2.0_14.0.0_openmpi_g_develop/esmf
20240904 211627.786 INFO             PET3 ESMF_COMM                   : openmpi
20240904 211627.787 INFO             PET3 ESMF_MOAB                   : enabled
20240904 211627.787 INFO             PET3 ESMF_LAPACK                 : enabled
20240904 211627.787 INFO             PET3 ESMF_NETCDF                 : enabled
20240904 211627.787 INFO             PET3 ESMF_PNETCDF                : disabled
20240904 211627.787 INFO             PET3 ESMF_PIO                    : enabled
20240904 211627.787 INFO             PET3 ESMF_YAMLCPP                : enabled
20240904 211627.794 INFO             PET3 ESMF Tracing Enabled
20240904 211627.794 INFO             PET3 ESMF Profiling Enabled
20240904 211627.794 INFO             PET3 ESMF Trace/Profile clock: REALTIME
20240904 211627.946 INFO             PET3  NUMBER_OF_PROCESSORS           4
20240904 211627.946 INFO             PET3  PASS  Example ESMF_TraceEx, ESMF_TraceEx.F90, line 178
20240904 211627.946 INFO             PET3  Finalizing ESMF
20240904 211627.946 INFO             PET3 **************** Region Timings *******************
20240904 211627.946 INFO             PET3 Region              Count  Total (s)   Self (s)    Mean (s)    Min (s)     Max (s)
20240904 211627.946 INFO             PET3   [ESMF]            1      0.1436      0.1435      0.1436      0.1436      0.1436
20240904 211627.946 INFO             PET3     [test] Run 1    5      0.0001      0.0001      0.0000      0.0000      0.0000
20240904 211627.947 INFO             PET3     [test] Init 1   1      0.0000      0.0000      0.0000      0.0000      0.0000
20240904 211627.947 INFO             PET3     [test] Final 1  1      0.0000      0.0000      0.0000      0.0000      0.0000
