2024-08-26 20:24:33
20240827 055005.570 INFO             PET0 !!!!!!!!!!!!!!!!!!!!!!!!!!!!!!!!!!!!!!!!!!!!!!!!!!!!!!
20240827 055005.573 INFO             PET0 !!! THE ESMF_LOG IS SET TO OUTPUT ALL LOG MESSAGES !!!
20240827 055005.573 INFO             PET0 !!!     THIS MAY CAUSE SLOWDOWN IN PERFORMANCE     !!!
20240827 055005.573 INFO             PET0 !!! FOR PRODUCTION RUNS, USE:                      !!!
20240827 055005.573 INFO             PET0 !!!                   ESMF_LOGKIND_Multi_On_Error  !!!
20240827 055005.573 INFO             PET0 !!!!!!!!!!!!!!!!!!!!!!!!!!!!!!!!!!!!!!!!!!!!!!!!!!!!!!
20240827 055005.573 INFO             PET0 Running with ESMF Version   : v8.7.0b11-5-gfda68a9ac3
20240827 055005.573 INFO             PET0 ESMF library build date/time: "Aug 26 2024" "20:06:03"
20240827 055005.573 INFO             PET0 ESMF library build location : /Users/sacks/projects/scratch/esmf-testing/gfortranclang_12.2.0_14.0.0_openmpi_g_develop/esmf
20240827 055005.573 INFO             PET0 ESMF_COMM                   : openmpi
20240827 055005.574 INFO             PET0 ESMF_MOAB                   : enabled
20240827 055005.574 INFO             PET0 ESMF_LAPACK                 : enabled
20240827 055005.574 INFO             PET0 ESMF_NETCDF                 : enabled
20240827 055005.574 INFO             PET0 ESMF_PNETCDF                : disabled
20240827 055005.574 INFO             PET0 ESMF_PIO                    : enabled
20240827 055005.574 INFO             PET0 ESMF_YAMLCPP                : enabled
20240827 055005.749 DEBUG            PET0 about to destroy Grid: 0x14f871200
20240827 055005.764 DEBUG            PET0 about to destroy Grid: 0x15900a600
20240827 055005.911 INFO             PET0  NUMBER_OF_PROCESSORS           4
20240827 055005.911 INFO             PET0  PASS  Example ESMF_NUOPCAtmModelEx, ESMF_NUOPCAtmModelEx.F90, line 806
20240827 055005.911 INFO             PET0  Finalizing ESMF
20240827 055005.570 INFO             PET1 !!!!!!!!!!!!!!!!!!!!!!!!!!!!!!!!!!!!!!!!!!!!!!!!!!!!!!
20240827 055005.575 INFO             PET1 !!! THE ESMF_LOG IS SET TO OUTPUT ALL LOG MESSAGES !!!
20240827 055005.575 INFO             PET1 !!!     THIS MAY CAUSE SLOWDOWN IN PERFORMANCE     !!!
20240827 055005.575 INFO             PET1 !!! FOR PRODUCTION RUNS, USE:                      !!!
20240827 055005.575 INFO             PET1 !!!                   ESMF_LOGKIND_Multi_On_Error  !!!
20240827 055005.575 INFO             PET1 !!!!!!!!!!!!!!!!!!!!!!!!!!!!!!!!!!!!!!!!!!!!!!!!!!!!!!
20240827 055005.575 INFO             PET1 Running with ESMF Version   : v8.7.0b11-5-gfda68a9ac3
20240827 055005.575 INFO             PET1 ESMF library build date/time: "Aug 26 2024" "20:06:03"
20240827 055005.575 INFO             PET1 ESMF library build location : /Users/sacks/projects/scratch/esmf-testing/gfortranclang_12.2.0_14.0.0_openmpi_g_develop/esmf
20240827 055005.575 INFO             PET1 ESMF_COMM                   : openmpi
20240827 055005.575 INFO             PET1 ESMF_MOAB                   : enabled
20240827 055005.575 INFO             PET1 ESMF_LAPACK                 : enabled
20240827 055005.575 INFO             PET1 ESMF_NETCDF                 : enabled
20240827 055005.575 INFO             PET1 ESMF_PNETCDF                : disabled
20240827 055005.575 INFO             PET1 ESMF_PIO                    : enabled
20240827 055005.575 INFO             PET1 ESMF_YAMLCPP                : enabled
20240827 055005.749 DEBUG            PET1 about to destroy Grid: 0x124049400
20240827 055005.764 DEBUG            PET1 about to destroy Grid: 0x12601c000
20240827 055005.911 INFO             PET1  NUMBER_OF_PROCESSORS           4
20240827 055005.911 INFO             PET1  PASS  Example ESMF_NUOPCAtmModelEx, ESMF_NUOPCAtmModelEx.F90, line 806
20240827 055005.911 INFO             PET1  Finalizing ESMF
20240827 055005.570 INFO             PET2 !!!!!!!!!!!!!!!!!!!!!!!!!!!!!!!!!!!!!!!!!!!!!!!!!!!!!!
20240827 055005.572 INFO             PET2 !!! THE ESMF_LOG IS SET TO OUTPUT ALL LOG MESSAGES !!!
20240827 055005.572 INFO             PET2 !!!     THIS MAY CAUSE SLOWDOWN IN PERFORMANCE     !!!
20240827 055005.572 INFO             PET2 !!! FOR PRODUCTION RUNS, USE:                      !!!
20240827 055005.572 INFO             PET2 !!!                   ESMF_LOGKIND_Multi_On_Error  !!!
20240827 055005.572 INFO             PET2 !!!!!!!!!!!!!!!!!!!!!!!!!!!!!!!!!!!!!!!!!!!!!!!!!!!!!!
20240827 055005.572 INFO             PET2 Running with ESMF Version   : v8.7.0b11-5-gfda68a9ac3
20240827 055005.572 INFO             PET2 ESMF library build date/time: "Aug 26 2024" "20:06:03"
20240827 055005.572 INFO             PET2 ESMF library build location : /Users/sacks/projects/scratch/esmf-testing/gfortranclang_12.2.0_14.0.0_openmpi_g_develop/esmf
20240827 055005.572 INFO             PET2 ESMF_COMM                   : openmpi
20240827 055005.573 INFO             PET2 ESMF_MOAB                   : enabled
20240827 055005.573 INFO             PET2 ESMF_LAPACK                 : enabled
20240827 055005.573 INFO             PET2 ESMF_NETCDF                 : enabled
20240827 055005.573 INFO             PET2 ESMF_PNETCDF                : disabled
20240827 055005.573 INFO             PET2 ESMF_PIO                    : enabled
20240827 055005.573 INFO             PET2 ESMF_YAMLCPP                : enabled
20240827 055005.749 DEBUG            PET2 about to destroy Grid: 0x14c00a400
20240827 055005.764 DEBUG            PET2 about to destroy Grid: 0x14c80fe00
20240827 055005.911 INFO             PET2  NUMBER_OF_PROCESSORS           4
20240827 055005.911 INFO             PET2  PASS  Example ESMF_NUOPCAtmModelEx, ESMF_NUOPCAtmModelEx.F90, line 806
20240827 055005.911 INFO             PET2  Finalizing ESMF
20240827 055005.570 INFO             PET3 !!!!!!!!!!!!!!!!!!!!!!!!!!!!!!!!!!!!!!!!!!!!!!!!!!!!!!
20240827 055005.573 INFO             PET3 !!! THE ESMF_LOG IS SET TO OUTPUT ALL LOG MESSAGES !!!
20240827 055005.573 INFO             PET3 !!!     THIS MAY CAUSE SLOWDOWN IN PERFORMANCE     !!!
20240827 055005.573 INFO             PET3 !!! FOR PRODUCTION RUNS, USE:                      !!!
20240827 055005.573 INFO             PET3 !!!                   ESMF_LOGKIND_Multi_On_Error  !!!
20240827 055005.573 INFO             PET3 !!!!!!!!!!!!!!!!!!!!!!!!!!!!!!!!!!!!!!!!!!!!!!!!!!!!!!
20240827 055005.573 INFO             PET3 Running with ESMF Version   : v8.7.0b11-5-gfda68a9ac3
20240827 055005.573 INFO             PET3 ESMF library build date/time: "Aug 26 2024" "20:06:03"
20240827 055005.573 INFO             PET3 ESMF library build location : /Users/sacks/projects/scratch/esmf-testing/gfortranclang_12.2.0_14.0.0_openmpi_g_develop/esmf
20240827 055005.573 INFO             PET3 ESMF_COMM                   : openmpi
20240827 055005.573 INFO             PET3 ESMF_MOAB                   : enabled
20240827 055005.573 INFO             PET3 ESMF_LAPACK                 : enabled
20240827 055005.573 INFO             PET3 ESMF_NETCDF                 : enabled
20240827 055005.573 INFO             PET3 ESMF_PNETCDF                : disabled
20240827 055005.573 INFO             PET3 ESMF_PIO                    : enabled
20240827 055005.573 INFO             PET3 ESMF_YAMLCPP                : enabled
20240827 055005.749 DEBUG            PET3 about to destroy Grid: 0x158021000
20240827 055005.764 DEBUG            PET3 about to destroy Grid: 0x14e80c400
20240827 055005.911 INFO             PET3  NUMBER_OF_PROCESSORS           4
20240827 055005.911 INFO             PET3  PASS  Example ESMF_NUOPCAtmModelEx, ESMF_NUOPCAtmModelEx.F90, line 806
20240827 055005.911 INFO             PET3  Finalizing ESMF
