2024-10-03 02:21:07
20241003 042557.029 INFO             PET0 !!!!!!!!!!!!!!!!!!!!!!!!!!!!!!!!!!!!!!!!!!!!!!!!!!!!!!
20241003 042557.031 INFO             PET0 !!! THE ESMF_LOG IS SET TO OUTPUT ALL LOG MESSAGES !!!
20241003 042557.031 INFO             PET0 !!!     THIS MAY CAUSE SLOWDOWN IN PERFORMANCE     !!!
20241003 042557.031 INFO             PET0 !!! FOR PRODUCTION RUNS, USE:                      !!!
20241003 042557.031 INFO             PET0 !!!                   ESMF_LOGKIND_Multi_On_Error  !!!
20241003 042557.031 INFO             PET0 !!!!!!!!!!!!!!!!!!!!!!!!!!!!!!!!!!!!!!!!!!!!!!!!!!!!!!
20241003 042557.031 INFO             PET0 Running with ESMF Version   : v8.7.0b14-7-ge84ae5b02e
20241003 042557.031 INFO             PET0 ESMF library build date/time: "Oct  3 2024" "01:47:06"
20241003 042557.031 INFO             PET0 ESMF library build location : /Users/sacks/projects/scratch/esmf-testing/gfortranclang_12.2.0_14.0.0_openmpi_g_develop/esmf
20241003 042557.031 INFO             PET0 ESMF_COMM                   : openmpi
20241003 042557.031 INFO             PET0 ESMF_MOAB                   : enabled
20241003 042557.031 INFO             PET0 ESMF_LAPACK                 : enabled
20241003 042557.031 INFO             PET0 ESMF_NETCDF                 : enabled
20241003 042557.031 INFO             PET0 ESMF_PNETCDF                : disabled
20241003 042557.031 INFO             PET0 ESMF_PIO                    : enabled
20241003 042557.031 INFO             PET0 ESMF_YAMLCPP                : enabled
20241003 042557.031 INFO             PET0 Log Write 2
20241003 042557.031 ERROR            PET0 Invalid object  - Convergence failure
20241003 042557.031 ERROR            PET0 ESMCI_Time.C:866 ESMCI::Time::syncToRealTime() Wrong argument specified  - ; calkindflag is NOCALENDAR. Only GREGORIAN and JULIAN are supported when syncing to real time.
20241003 042557.031 ERROR            PET0 ESMF_Time.F90:1485 ESMF_TimeSyncToRealTime() Wrong argument specified  - Internal subroutine call returned Error
20241003 042557.031 ERROR            PET0 Wrong argument specified  - getting wall clock time
20241003 042557.032 INFO             PET0  NUMBER_OF_PROCESSORS           4
20241003 042557.032 INFO             PET0  PASS  Example ESMF_LogErrEx, ESMF_LogErrEx.F90, line 186
20241003 042557.032 INFO             PET0  Finalizing ESMF
20241003 042557.029 INFO             PET1 !!!!!!!!!!!!!!!!!!!!!!!!!!!!!!!!!!!!!!!!!!!!!!!!!!!!!!
20241003 042557.030 INFO             PET1 !!! THE ESMF_LOG IS SET TO OUTPUT ALL LOG MESSAGES !!!
20241003 042557.030 INFO             PET1 !!!     THIS MAY CAUSE SLOWDOWN IN PERFORMANCE     !!!
20241003 042557.030 INFO             PET1 !!! FOR PRODUCTION RUNS, USE:                      !!!
20241003 042557.030 INFO             PET1 !!!                   ESMF_LOGKIND_Multi_On_Error  !!!
20241003 042557.030 INFO             PET1 !!!!!!!!!!!!!!!!!!!!!!!!!!!!!!!!!!!!!!!!!!!!!!!!!!!!!!
20241003 042557.030 INFO             PET1 Running with ESMF Version   : v8.7.0b14-7-ge84ae5b02e
20241003 042557.030 INFO             PET1 ESMF library build date/time: "Oct  3 2024" "01:47:06"
20241003 042557.030 INFO             PET1 ESMF library build location : /Users/sacks/projects/scratch/esmf-testing/gfortranclang_12.2.0_14.0.0_openmpi_g_develop/esmf
20241003 042557.030 INFO             PET1 ESMF_COMM                   : openmpi
20241003 042557.030 INFO             PET1 ESMF_MOAB                   : enabled
20241003 042557.030 INFO             PET1 ESMF_LAPACK                 : enabled
20241003 042557.030 INFO             PET1 ESMF_NETCDF                 : enabled
20241003 042557.030 INFO             PET1 ESMF_PNETCDF                : disabled
20241003 042557.030 INFO             PET1 ESMF_PIO                    : enabled
20241003 042557.030 INFO             PET1 ESMF_YAMLCPP                : enabled
20241003 042557.031 INFO             PET1 Log Write 2
20241003 042557.031 ERROR            PET1 Invalid object  - Convergence failure
20241003 042557.031 ERROR            PET1 ESMCI_Time.C:866 ESMCI::Time::syncToRealTime() Wrong argument specified  - ; calkindflag is NOCALENDAR. Only GREGORIAN and JULIAN are supported when syncing to real time.
20241003 042557.031 ERROR            PET1 ESMF_Time.F90:1485 ESMF_TimeSyncToRealTime() Wrong argument specified  - Internal subroutine call returned Error
20241003 042557.031 ERROR            PET1 Wrong argument specified  - getting wall clock time
20241003 042557.032 INFO             PET1  NUMBER_OF_PROCESSORS           4
20241003 042557.032 INFO             PET1  PASS  Example ESMF_LogErrEx, ESMF_LogErrEx.F90, line 186
20241003 042557.032 INFO             PET1  Finalizing ESMF
20241003 042557.029 INFO             PET2 !!!!!!!!!!!!!!!!!!!!!!!!!!!!!!!!!!!!!!!!!!!!!!!!!!!!!!
20241003 042557.030 INFO             PET2 !!! THE ESMF_LOG IS SET TO OUTPUT ALL LOG MESSAGES !!!
20241003 042557.030 INFO             PET2 !!!     THIS MAY CAUSE SLOWDOWN IN PERFORMANCE     !!!
20241003 042557.030 INFO             PET2 !!! FOR PRODUCTION RUNS, USE:                      !!!
20241003 042557.030 INFO             PET2 !!!                   ESMF_LOGKIND_Multi_On_Error  !!!
20241003 042557.030 INFO             PET2 !!!!!!!!!!!!!!!!!!!!!!!!!!!!!!!!!!!!!!!!!!!!!!!!!!!!!!
20241003 042557.030 INFO             PET2 Running with ESMF Version   : v8.7.0b14-7-ge84ae5b02e
20241003 042557.030 INFO             PET2 ESMF library build date/time: "Oct  3 2024" "01:47:06"
20241003 042557.030 INFO             PET2 ESMF library build location : /Users/sacks/projects/scratch/esmf-testing/gfortranclang_12.2.0_14.0.0_openmpi_g_develop/esmf
20241003 042557.030 INFO             PET2 ESMF_COMM                   : openmpi
20241003 042557.030 INFO             PET2 ESMF_MOAB                   : enabled
20241003 042557.030 INFO             PET2 ESMF_LAPACK                 : enabled
20241003 042557.030 INFO             PET2 ESMF_NETCDF                 : enabled
20241003 042557.030 INFO             PET2 ESMF_PNETCDF                : disabled
20241003 042557.030 INFO             PET2 ESMF_PIO                    : enabled
20241003 042557.030 INFO             PET2 ESMF_YAMLCPP                : enabled
20241003 042557.031 INFO             PET2 Log Write 2
20241003 042557.031 ERROR            PET2 Invalid object  - Convergence failure
20241003 042557.031 ERROR            PET2 ESMCI_Time.C:866 ESMCI::Time::syncToRealTime() Wrong argument specified  - ; calkindflag is NOCALENDAR. Only GREGORIAN and JULIAN are supported when syncing to real time.
20241003 042557.031 ERROR            PET2 ESMF_Time.F90:1485 ESMF_TimeSyncToRealTime() Wrong argument specified  - Internal subroutine call returned Error
20241003 042557.031 ERROR            PET2 Wrong argument specified  - getting wall clock time
20241003 042557.032 INFO             PET2  NUMBER_OF_PROCESSORS           4
20241003 042557.032 INFO             PET2  PASS  Example ESMF_LogErrEx, ESMF_LogErrEx.F90, line 186
20241003 042557.032 INFO             PET2  Finalizing ESMF
20241003 042557.029 INFO             PET3 !!!!!!!!!!!!!!!!!!!!!!!!!!!!!!!!!!!!!!!!!!!!!!!!!!!!!!
20241003 042557.031 INFO             PET3 !!! THE ESMF_LOG IS SET TO OUTPUT ALL LOG MESSAGES !!!
20241003 042557.031 INFO             PET3 !!!     THIS MAY CAUSE SLOWDOWN IN PERFORMANCE     !!!
20241003 042557.031 INFO             PET3 !!! FOR PRODUCTION RUNS, USE:                      !!!
20241003 042557.031 INFO             PET3 !!!                   ESMF_LOGKIND_Multi_On_Error  !!!
20241003 042557.031 INFO             PET3 !!!!!!!!!!!!!!!!!!!!!!!!!!!!!!!!!!!!!!!!!!!!!!!!!!!!!!
20241003 042557.031 INFO             PET3 Running with ESMF Version   : v8.7.0b14-7-ge84ae5b02e
20241003 042557.031 INFO             PET3 ESMF library build date/time: "Oct  3 2024" "01:47:06"
20241003 042557.031 INFO             PET3 ESMF library build location : /Users/sacks/projects/scratch/esmf-testing/gfortranclang_12.2.0_14.0.0_openmpi_g_develop/esmf
20241003 042557.031 INFO             PET3 ESMF_COMM                   : openmpi
20241003 042557.031 INFO             PET3 ESMF_MOAB                   : enabled
20241003 042557.031 INFO             PET3 ESMF_LAPACK                 : enabled
20241003 042557.031 INFO             PET3 ESMF_NETCDF                 : enabled
20241003 042557.031 INFO             PET3 ESMF_PNETCDF                : disabled
20241003 042557.031 INFO             PET3 ESMF_PIO                    : enabled
20241003 042557.031 INFO             PET3 ESMF_YAMLCPP                : enabled
20241003 042557.031 INFO             PET3 Log Write 2
20241003 042557.031 ERROR            PET3 Invalid object  - Convergence failure
20241003 042557.031 ERROR            PET3 ESMCI_Time.C:866 ESMCI::Time::syncToRealTime() Wrong argument specified  - ; calkindflag is NOCALENDAR. Only GREGORIAN and JULIAN are supported when syncing to real time.
20241003 042557.031 ERROR            PET3 ESMF_Time.F90:1485 ESMF_TimeSyncToRealTime() Wrong argument specified  - Internal subroutine call returned Error
20241003 042557.031 ERROR            PET3 Wrong argument specified  - getting wall clock time
20241003 042557.032 INFO             PET3  NUMBER_OF_PROCESSORS           4
20241003 042557.032 INFO             PET3  PASS  Example ESMF_LogErrEx, ESMF_LogErrEx.F90, line 186
20241003 042557.032 INFO             PET3  Finalizing ESMF
