2024-08-29 11:22:57
 contents before scatter/gather:
           0  array1:            1
           0  array1:            2
 contents before scatter/gather:
           2  array1:          201
           2  array1:          202
           2  array1:          203
 contents before scatter/gather:
           1  array1:          101
           1  array1:          102
           1  array1:          103
 contents before scatter/gather:
           3  array1:          301
           3  array1:          302
           3  array1:          303
           0  array1:            3
           0  array1:            4
           2  array1:          204
           1  array1:          104
           2  array1:          205
           1  array1:          105
           3  array1:          304
           3  array1:          305
           0  array1:            5
           1  array1:          106
           1  array1:          107
           0  array1:            6
           0  array1:            7
           2  array1:          206
           2  array1:          207
           1  array1:          108
           0  array1:            8
           2  array1:          208
           3  array1:          306
           3  array1:          307
           3  array1:          308
 scatter result:
           0  array2:            1
 scatter result:
           2  array2:            5
           2  array2:            6
 scatter result:
           1  array2:            3
           1  array2:            4
 scatter result:
           3  array2:            7
           0  array2:            2
 gather result:
 gather result:
 gather result:
           3  array2:            8
           0  array1:            1
           2  array1:          201
           1  array1:          101
 gather result:
           1  array1:          102
           0  array1:            2
           2  array1:          202
           3  array1:            1
           1  array1:          103
           2  array1:          203
           0  array1:            3
           3  array1:            2
           3  array1:            3
           3  array1:            4
           2  array1:          204
           2  array1:          205
           2  array1:          206
           1  array1:          104
           1  array1:          105
           1  array1:          106
           0  array1:            4
           0  array1:            5
           0  array1:            6
           3  array1:            5
           2  array1:          207
           1  array1:          107
           0  array1:            7
           1  array1:          108
  PASS  Example ESMF_VMScatterVMGatherEx, ESMF_VMScatterVMGatherEx.F90, line 120
           3  array1:            6
           3  array1:            7
           3  array1:            8
           2  array1:          208
  PASS  Example ESMF_VMScatterVMGatherEx, ESMF_VMScatterVMGatherEx.F90, line 120
           0  array1:            8
  PASS  Example ESMF_VMScatterVMGatherEx, ESMF_VMScatterVMGatherEx.F90, line 120
  PASS  Example ESMF_VMScatterVMGatherEx, ESMF_VMScatterVMGatherEx.F90, line 120
 PASS: ESMF_VMScatterVMGatherEx.F90
 PASS: ESMF_VMScatterVMGatherEx.F90
 PASS: ESMF_VMScatterVMGatherEx.F90
 PASS: ESMF_VMScatterVMGatherEx.F90
