2024-09-10 10:54:30
--- ESMCI::VM::print() start ---
--- ESMCI::VM::print() start ---
--- ESMCI::VM::print() start ---
--- ESMCI::VM::print() start ---
--- ESMCI::VMId::print() start ---
  vmKeyWidth = 1
  vmKey=0xF0000000
  localID = 0
--- ESMCI::VMId::print() end ---
--- ESMCI::VMId::print() start ---
  vmKeyWidth = 1
  vmKey=0xF0000000
  localID = 0
--- ESMCI::VMId::print() start ---
  vmKeyWidth = 1
  vmKey=0xF0000000
  localID = 0
--- ESMCI::VMId::print() end ---
--- ESMCI::VMId::print() start ---
  vmKeyWidth = 1
  vmKey=0xF0000000
  localID = 0
--- ESMCI::VMId::print() end ---
--- VMK::print() start ---
--- VMK::print() start ---
--- ESMCI::VMId::print() end ---
--- VMK::print() start ---
vm located at: 0x12c804390
npets = 4, mypet=2
--- VMK::print() start ---
vm located at: 0x11ef04390
npets = 4, mypet=1
vm located at: 0x143004390
npets = 4, mypet=0
vm located at: 0x14c6066e0
  pth_mutex =		 0x600000854000
  pth_mutex =		 0x6000012f5440
  pth_mutex =		 0x60000047c740
  pth_finish_count =	 0x0
  pth_finish_count =	 0x0
  pth_finish_count =	 0x0
npets = 4, mypet=3
  pth_mutex =		 0x600000628100
MPI_Comm_size: 4
MPI_Comm_size: 4
MPI_Comm_size: 4
MPI_Comm_rank in local MPI communicator: 1
MPI_Comm_rank in local MPI communicator: 0
MPI_Comm_rank in local MPI communicator: 2
  pth_finish_count =	 0x0
MPI_Comm_size: 4
MPI_Comm_rank in local MPI communicator: 3
MPI_Comm_rank in MPI_COMM_WORLD: 1
MPI thread level support: 3
mpi_mutex_flag: 0
MPI_Comm_rank in MPI_COMM_WORLD: 0
MPI thread level support: 3
mpi_mutex_flag: 0
MPI_Comm_rank in MPI_COMM_WORLD: 2
MPI thread level support: 3
mpi_mutex_flag: 0
MPI_Comm_rank in MPI_COMM_WORLD: 3
mpionly: 1
mpionly: 1
mpionly: 1
threadsflag: 0
threadsflag: 0
threadsflag: 0
MPI thread level support: 3
mpi_mutex_flag: 0
mpionly: 1
  lpid[0]=0, tid[0]=0, vas[0]=0, ncpet[0]=1, nadevs[0]=0, cid[0][0]=0
  lpid[0]=0, tid[0]=0, vas[0]=0, ncpet[0]=1, nadevs[0]=0, cid[0][0]=0
threadsflag: 0
  lpid[1]=1, tid[1]=0, vas[1]=1, ncpet[1]=1, nadevs[1]=0, cid[1][0]=1
  lpid[1]=1, tid[1]=0, vas[1]=1, ncpet[1]=1, nadevs[1]=0, cid[1][0]=1
  lpid[0]=0, tid[0]=0, vas[0]=0, ncpet[0]=1, nadevs[0]=0, cid[0][0]=0
  lpid[0]=0, tid[0]=0, vas[0]=0, ncpet[0]=1, nadevs[0]=0, cid[0][0]=0
  lpid[2]=2, tid[2]=0, vas[2]=2, ncpet[2]=1, nadevs[2]=0, cid[2][0]=2
  lpid[2]=2, tid[2]=0, vas[2]=2, ncpet[2]=1, nadevs[2]=0, cid[2][0]=2
  lpid[1]=1, tid[1]=0, vas[1]=1, ncpet[1]=1, nadevs[1]=0, cid[1][0]=1
  lpid[3]=3, tid[3]=0, vas[3]=3, ncpet[3]=1, nadevs[3]=0, cid[3][0]=3
ncores = 4
  lpid[1]=1, tid[1]=0, vas[1]=1, ncpet[1]=1, nadevs[1]=0, cid[1][0]=1
  lpid[2]=2, tid[2]=0, vas[2]=2, ncpet[2]=1, nadevs[2]=0, cid[2][0]=2
  lpid[2]=2, tid[2]=0, vas[2]=2, ncpet[2]=1, nadevs[2]=0, cid[2][0]=2
  lpid[3]=3, tid[3]=0, vas[3]=3, ncpet[3]=1, nadevs[3]=0, cid[3][0]=3
  lpid[3]=3, tid[3]=0, vas[3]=3, ncpet[3]=1, nadevs[3]=0, cid[3][0]=3
  lpid[3]=3, tid[3]=0, vas[3]=3, ncpet[3]=1, nadevs[3]=0, cid[3][0]=3
  cpuid[0]=0, ssiid[0]=0
ncores = 4
ncores = 4
  cpuid[1]=1, ssiid[1]=0
ncores = 4
  cpuid[0]=0, ssiid[0]=0
  cpuid[0]=0, ssiid[0]=0
  cpuid[2]=2, ssiid[2]=0
  cpuid[0]=0, ssiid[0]=0
  cpuid[1]=1, ssiid[1]=0
  cpuid[3]=3, ssiid[3]=0
  cpuid[1]=1, ssiid[1]=0
  cpuid[2]=2, ssiid[2]=0
  cpuid[1]=1, ssiid[1]=0
  cpuid[2]=2, ssiid[2]=0
  cpuid[3]=3, ssiid[3]=0
  cpuid[3]=3, ssiid[3]=0
--- VMK::print() end ---
--- VMK::print() end ---
--- ESMCI::VM::print() end ---
  cpuid[2]=2, ssiid[2]=0
--- VMK::print() end ---
--- ESMCI::VM::print() end ---
  cpuid[3]=3, ssiid[3]=0
--- ESMCI::VM::print() end ---
 This PET is localPet:            3
--- VMK::print() end ---
 This PET is localPet:            0
 This PET is localPet:            1
 of a total of            4  PETs in this VM.
--- ESMCI::VM::print() end ---
 of a total of            4  PETs in this VM.
 of a total of            4  PETs in this VM.
 There are            4  PEs referenced by this VM
 There are            4  PEs referenced by this VM
 This PET is executing in virtual address space (VAS)            0
 There are            4  PEs referenced by this VM
 This PET is executing in virtual address space (VAS)            3
 This PET is localPet:            2
 of a total of            4  PETs in this VM.
 located on single system image (SSI)            0
 This PET is executing in virtual address space (VAS)            1
 located on single system image (SSI)            0
 There are            4  PEs referenced by this VM
 and is associated with            1  PEs.
 and is associated with            1  PEs.
 located on single system image (SSI)            0
 This PET is executing in virtual address space (VAS)            2
 and is associated with            1  PEs.
 located on single system image (SSI)            0
  PASS  Example ESMF_VMDefaultBasicsEx, ESMF_VMDefaultBasicsEx.F90, line 107
 and is associated with            1  PEs.
  PASS  Example ESMF_VMDefaultBasicsEx, ESMF_VMDefaultBasicsEx.F90, line 107
  PASS  Example ESMF_VMDefaultBasicsEx, ESMF_VMDefaultBasicsEx.F90, line 107
  PASS  Example ESMF_VMDefaultBasicsEx, ESMF_VMDefaultBasicsEx.F90, line 107
 PASS: ESMF_VMDefaultBasicsEx.F90
 PASS: ESMF_VMDefaultBasicsEx.F90
 PASS: ESMF_VMDefaultBasicsEx.F90
 PASS: ESMF_VMDefaultBasicsEx.F90
