2024-10-03 02:21:07
20241003 042642.014 INFO             PET0 !!!!!!!!!!!!!!!!!!!!!!!!!!!!!!!!!!!!!!!!!!!!!!!!!!!!!!
20241003 042642.015 INFO             PET0 !!! THE ESMF_LOG IS SET TO OUTPUT ALL LOG MESSAGES !!!
20241003 042642.015 INFO             PET0 !!!     THIS MAY CAUSE SLOWDOWN IN PERFORMANCE     !!!
20241003 042642.015 INFO             PET0 !!! FOR PRODUCTION RUNS, USE:                      !!!
20241003 042642.015 INFO             PET0 !!!                   ESMF_LOGKIND_Multi_On_Error  !!!
20241003 042642.015 INFO             PET0 !!!!!!!!!!!!!!!!!!!!!!!!!!!!!!!!!!!!!!!!!!!!!!!!!!!!!!
20241003 042642.015 INFO             PET0 Running with ESMF Version   : v8.7.0b14-7-ge84ae5b02e
20241003 042642.015 INFO             PET0 ESMF library build date/time: "Oct  3 2024" "01:47:06"
20241003 042642.015 INFO             PET0 ESMF library build location : /Users/sacks/projects/scratch/esmf-testing/gfortranclang_12.2.0_14.0.0_openmpi_g_develop/esmf
20241003 042642.015 INFO             PET0 ESMF_COMM                   : openmpi
20241003 042642.016 INFO             PET0 ESMF_MOAB                   : enabled
20241003 042642.016 INFO             PET0 ESMF_LAPACK                 : enabled
20241003 042642.016 INFO             PET0 ESMF_NETCDF                 : enabled
20241003 042642.016 INFO             PET0 ESMF_PNETCDF                : disabled
20241003 042642.016 INFO             PET0 ESMF_PIO                    : enabled
20241003 042642.016 INFO             PET0 ESMF_YAMLCPP                : enabled
20241003 042642.016 INFO             PET0  NUMBER_OF_PROCESSORS           1
20241003 042642.016 INFO             PET0  PASS  Example CalendarEx, ESMF_CalendarEx.F90, line 217
20241003 042642.016 INFO             PET0  Finalizing ESMF
