2024-08-26 20:24:33
--- ESMCI::Array::print start ---
--- ESMCI::Array::print start ---
 Base name    = Array002
--- ESMCI::Array::print start ---
 Base name    = Array002
--- ESMCI::Array::print start ---
 Base name    = Array002
 Base name    = Array002
 Status: Base = Ready,  object = Ready
 Proxy        = no
 Status: Base = Ready,  object = Ready
 Proxy        = no
 Status: Base = Ready,  object = Ready
 Proxy        = no
 Root Info (Attributes):
 Status: Base = Ready,  object = Ready
 Proxy        = no
 Root Info (Attributes):
 Root Info (Attributes):
 Root Info (Attributes):
{}{}{}{}Array typekind/rank: Real*8 / 2 
Array typekind/rank: Real*8 / 2 
Array typekind/rank: Real*8 / 2 
Array typekind/rank: Real*8 / 2 
~ lower class' values ~
~ lower class' values ~
~ lower class' values ~
~ lower class' values ~
DistGrid dimCount = 2
DistGrid dimCount = 2
DistGrid dimCount = 2
DistGrid dimCount = 2
deCount = 4
deCount = 4
deCount = 4
deCount = 4
localDeCount = 1
localDeCount = 1
localDeCount = 1
~ local data in LocalArray for DE 1 ~
localDeCount = 1
~ local data in LocalArray for DE 0 ~
~ local data in LocalArray for DE 2 ~
~ local data in LocalArray for DE 3 ~
LocalArrayPrint: Array at address 0x122f264c0:
            rank = 2, typekind = 6, base_addr = 0x600002236860
LocalArrayPrint: Array at address 0x12b70bf30:
            rank = 2, typekind = 6, base_addr = 0x6000015a9980
LocalArrayPrint: Array at address 0x1286055a0:
            rank = 2, typekind = 6, base_addr = 0x6000033dc3c0
LocalArrayPrint: Array at address 0x13e60b230:
            dim[0] = 2  dim[1] = 2  
            dim[0] = 2  dim[1] = 2  
            dim[0] = 2  dim[1] = 2  
  Real, *8, Dim 2, Data values:
  Real, *8, Dim 2, Data values:
  Real, *8, Dim 2, Data values:
            rank = 2, typekind = 6, base_addr = 0x6000038d6aa0
( 1, 1) =  101
( 2, 1) =  101
( 1, 2) =  101
( 1, 1) =  100
( 2, 1) =  100
( 1, 2) =  100
( 2, 2) =  100
dim 1: [0]: [1 [1 [1, 2] 2] 2]
            dim[0] = 2  dim[1] = 2  
  Real, *8, Dim 2, Data values:
( 1, 1) =  103
( 2, 1) =  103
( 1, 1) =  102
( 2, 1) =  102
( 1, 2) =  102
( 2, 2) =  102
( 2, 2) =  101
dim 1: [0]: [1 [1 [1, 2] 2] 2]
dim 2: [1]: [1 [1 [1, 2] 2] 2]
dim 2: [1]: [1 [1 [1, 2] 2] 2]
( 1, 2) =  103
--- ESMCI::Array::print end ---
--- ESMCI::Array::print end ---
dim 1: [0]: [1 [1 [1, 2] 2] 2]
( 2, 2) =  103
--- ESMCI::Array::print start ---
--- ESMCI::Array::print start ---
dim 2: [1]: [1 [1 [1, 2] 2] 2]
 Base name    = Array003
 Base name    = Array003
--- ESMCI::Array::print end ---
dim 1: [0]: [1 [1 [1, 2] 2] 2]
dim 2: [1]: [1 [1 [1, 2] 2] 2]
 Status: Base = Ready,  object = Ready
 Status: Base = Ready,  object = Ready
--- ESMCI::Array::print start ---
--- ESMCI::Array::print end ---
 Proxy        = no
 Root Info (Attributes):
 Base name    = Array003
 Status: Base = Ready,  object = Ready
--- ESMCI::Array::print start ---
 Proxy        = no
 Proxy        = no
 Root Info (Attributes):
{} Base name    = Array003
Array typekind/rank: Real*8 / 2 
 Root Info (Attributes):
 Status: Base = Ready,  object = Ready
~ lower class' values ~
{}{}Array typekind/rank: Real*8 / 2 
DistGrid dimCount = 2
 Proxy        = no
Array typekind/rank: Real*8 / 2 
~ lower class' values ~
deCount = 4
 Root Info (Attributes):
~ lower class' values ~
localDeCount = 1
DistGrid dimCount = 2
{}deCount = 4
~ local data in LocalArray for DE 1 ~
Array typekind/rank: Real*8 / 2 
DistGrid dimCount = 2
localDeCount = 1
LocalArrayPrint: Array at address 0x122f267f0:
            rank = 2, typekind = 6, base_addr = 0x6000022369a0
~ lower class' values ~
DistGrid dimCount = 2
deCount = 4
~ local data in LocalArray for DE 2 ~
            dim[0] = 2  dim[1] = 2  
LocalArrayPrint: Array at address 0x1286058d0:
deCount = 4
localDeCount = 1
            rank = 2, typekind = 6, base_addr = 0x6000033dc500
localDeCount = 1
~ local data in LocalArray for DE 0 ~
            dim[0] = 2  dim[1] = 2  
  Real, *8, Dim 2, Data values:
~ local data in LocalArray for DE 3 ~
LocalArrayPrint: Array at address 0x13e60b560:
LocalArrayPrint: Array at address 0x12b70c260:
            rank = 2, typekind = 6, base_addr = 0x6000015a9ac0
  Real, *8, Dim 2, Data values:
( 1, 1) =  201
            rank = 2, typekind = 6, base_addr = 0x6000038d6be0
            dim[0] = 2  dim[1] = 2  
( 1, 1) =  202
( 2, 1) =  202
            dim[0] = 2  dim[1] = 2  
  Real, *8, Dim 2, Data values:
( 2, 1) =  201
( 1, 2) =  201
  Real, *8, Dim 2, Data values:
( 1, 1) =  203
( 1, 1) =  200
( 2, 2) =  201
dim 1: [0]: [1 [1 [1, 2] 2] 2]
dim 2: [1]: [1 [1 [1, 2] 2] 2]
( 2, 1) =  203
( 1, 2) =  203
( 2, 1) =  200
( 1, 2) =  200
( 1, 2) =  202
( 2, 2) =  202
dim 1: [0]: [1 [1 [1, 2] 2] 2]
( 2, 2) =  203
dim 1: [0]: [1 [1 [1, 2] 2] 2]
dim 2: [1]: [1 [1 [1, 2] 2] 2]
--- ESMCI::Array::print end ---
--- ESMCI::Array::print start ---
( 2, 2) =  200
dim 1: [0]: [1 [1 [1, 2] 2] 2]
dim 2: [1]: [1 [1 [1, 2] 2] 2]
--- ESMCI::Array::print end ---
--- ESMCI::Array::print end ---
--- ESMCI::Array::print start ---
 Base name    = Array004
dim 2: [1]: [1 [1 [1, 2] 2] 2]
 Base name    = Array004
 Status: Base = Ready,  object = Ready
 Proxy        = no
--- ESMCI::Array::print end ---
--- ESMCI::Array::print start ---
 Status: Base = Ready,  object = Ready
 Proxy        = no
 Root Info (Attributes):
--- ESMCI::Array::print start ---
 Base name    = Array004
 Root Info (Attributes):
 Base name    = Array004
 Status: Base = Ready,  object = Ready
 Proxy        = no
{} Status: Base = Ready,  object = Ready
{} Proxy        = no
 Root Info (Attributes):
{}Array typekind/rank: Real*8 / 2 
~ lower class' values ~
DistGrid dimCount = 2
deCount = 4
localDeCount = 1
 Root Info (Attributes):
{}Array typekind/rank: Real*8 / 2 
~ lower class' values ~
DistGrid dimCount = 2
deCount = 4
localDeCount = 1
~ local data in LocalArray for DE 0 ~
LocalArrayPrint: Array at address 0x12b70c590:
Array typekind/rank: Real*8 / 2 
~ lower class' values ~
DistGrid dimCount = 2
deCount = 4
localDeCount = 1
~ local data in LocalArray for DE 3 ~
LocalArrayPrint: Array at address 0x13e60b890:
            rank = 2, typekind = 6, base_addr = 0x6000016e5a80
Array typekind/rank: Real*8 / 2 
~ local data in LocalArray for DE 2 ~
LocalArrayPrint: Array at address 0x128605c00:
            rank = 2, typekind = 6, base_addr = 0x600003b8d600
            dim[0] = 4  dim[1] = 4  
            dim[0] = 4  dim[1] = 4  
~ lower class' values ~
  Real, *8, Dim 2, Data values:
  Real, *8, Dim 2, Data values:
            rank = 2, typekind = 6, base_addr = 0x600001dc8200
            dim[0] = 4  dim[1] = 4  
DistGrid dimCount = 2
( 0, 0) =  300
( 0, 0) =  300
deCount = 4
localDeCount = 1
( 1, 0) =  300
( 2, 0) =  300
  Real, *8, Dim 2, Data values:
( 0, 0) =  302
( 1, 0) =  301
( 2, 0) =  301
( 3, 0) =  303
~ local data in LocalArray for DE 1 ~
( 3, 0) =  300
( 1, 0) =  300
LocalArrayPrint: Array at address 0x122f26b20:
( 0, 1) =  302
( 0, 1) =  300
( 2, 0) =  300
            rank = 2, typekind = 6, base_addr = 0x600000c12880
( 3, 0) =  301
( 1, 1) =  303
( 1, 1) =  300
            dim[0] = 4  dim[1] = 4  
( 0, 1) =  302
( 2, 1) =  303
  Real, *8, Dim 2, Data values:
( 2, 1) =  300
( 0, 0) =  301
( 1, 0) =  301
( 1, 1) =  302
( 2, 1) =  302
( 3, 1) =  301
( 0, 2) =  300
( 2, 0) =  301
( 3, 0) =  301
( 3, 1) =  303
( 1, 2) =  300
( 3, 1) =  303
( 0, 2) =  302
( 0, 2) =  302
( 0, 1) =  300
( 2, 2) =  300
( 1, 2) =  302
( 1, 1) =  301
( 2, 1) =  301
( 1, 2) =  303
( 3, 2) =  301
( 2, 2) =  302
( 2, 2) =  303
( 0, 3) =  300
( 3, 1) =  301
( 3, 2) =  303
( 1, 3) =  302
( 3, 2) =  303
( 0, 2) =  300
( 0, 3) =  302
( 2, 3) =  302
( 0, 3) =  303
( 1, 3) =  302
( 1, 2) =  301
( 1, 3) =  303
( 3, 3) =  303
( 2, 2) =  301
( 3, 2) =  301
( 0, 3) =  302
( 2, 3) =  302
( 3, 3) =  302
dim 1: [0]: [0 [1 [1, 2] 2] 3]
dim 1: [0]: [0 [1 [1, 2] 2] 3]
dim 2: [1]: [0 [1 [1, 2] 2] 3]
( 1, 3) =  303
dim 2: [1]: [0 [1 [1, 2] 2] 3]
--- ESMCI::Array::print end ---
--- ESMCI::Array::print start ---
 Base name    = Array005
 Status: Base = Ready,  object = Ready
 Proxy        = no
( 2, 3) =  303
( 3, 3) =  301
dim 1: [0]: [0 [1 [1, 2] 2] 3]
dim 2: [1]: [0 [1 [1, 2] 2] 3]
--- ESMCI::Array::print end ---
--- ESMCI::Array::print start ---
( 2, 3) =  303
( 3, 3) =  303
dim 1: [0]: [0 [1 [1, 2] 2] 3]
dim 2: [1]: [0 [1 [1, 2] 2] 3]
--- ESMCI::Array::print end ---
 Base name    = Array005
 Status: Base = Ready,  object = Ready
 Proxy        = no
 Root Info (Attributes):
--- ESMCI::Array::print start ---
 Base name    = Array005
 Status: Base = Ready,  object = Ready
{}--- ESMCI::Array::print end ---
--- ESMCI::Array::print start ---
 Base name    = Array005
 Status: Base = Ready,  object = Ready
 Proxy        = no
 Proxy        = no
 Root Info (Attributes):
{}Array typekind/rank: Real*8 / 2 
~ lower class' values ~
DistGrid dimCount = 2
deCount = 4
 Root Info (Attributes):
{}Array typekind/rank: Real*8 / 2 
~ lower class' values ~
Array typekind/rank: Real*8 / 2 
~ lower class' values ~
DistGrid dimCount = 2
deCount = 4
localDeCount = 1
 Root Info (Attributes):
DistGrid dimCount = 2
deCount = 4
~ local data in LocalArray for DE 1 ~
LocalArrayPrint: Array at address 0x122f26e50:
            rank = 2, typekind = 6, base_addr = 0x600000c12980
{}Array typekind/rank: Real*8 / 2 
localDeCount = 1
~ local data in LocalArray for DE 3 ~
LocalArrayPrint: Array at address 0x13e60bbc0:
localDeCount = 1
            dim[0] = 4  dim[1] = 4  
  Real, *8, Dim 2, Data values:
( 0, 0) =  401
            rank = 2, typekind = 6, base_addr = 0x6000016e5b80
            dim[0] = 4  dim[1] = 4  
  Real, *8, Dim 2, Data values:
~ local data in LocalArray for DE 2 ~
LocalArrayPrint: Array at address 0x128605f30:
            rank = 2, typekind = 6, base_addr = 0x600001dc8280
            dim[0] = 4  dim[1] = 4  
~ lower class' values ~
DistGrid dimCount = 2
deCount = 4
localDeCount = 1
( 1, 0) =  401
( 2, 0) =  401
( 0, 0) =  400
( 3, 0) =  401
( 0, 1) =  400
( 1, 0) =  401
( 2, 0) =  401
~ local data in LocalArray for DE 0 ~
  Real, *8, Dim 2, Data values:
( 1, 1) =  401
( 3, 0) =  403
( 2, 1) =  401
( 0, 1) =  402
( 0, 0) =  402
( 1, 0) =  400
( 3, 1) =  401
( 1, 1) =  403
LocalArrayPrint: Array at address 0x12b70c8c0:
            rank = 2, typekind = 6, base_addr = 0x600003b8d800
( 0, 2) =  400
( 2, 1) =  403
( 1, 2) =  401
( 2, 0) =  400
( 3, 1) =  403
            dim[0] = 4  dim[1] = 4  
( 3, 0) =  401
  Real, *8, Dim 2, Data values:
( 2, 2) =  401
( 0, 2) =  402
( 3, 2) =  401
( 0, 1) =  402
( 1, 2) =  403
( 0, 0) =  400
( 1, 1) =  402
( 2, 2) =  403
( 0, 3) =  402
( 1, 0) =  400
( 3, 2) =  403
( 1, 3) =  403
( 2, 1) =  402
( 3, 1) =  403
( 2, 0) =  400
( 0, 3) =  403
( 2, 3) =  403
( 3, 0) =  400
( 3, 3) =  401
( 1, 3) =  403
( 0, 2) =  402
( 0, 1) =  400
( 1, 1) =  400
dim 1: [0]: [0 [1 [1, 2] 2] 3]
dim 2: [1]: [0 [1 [1, 2] 2] 3]
( 2, 3) =  403
( 3, 3) =  403
( 1, 2) =  402
( 2, 2) =  402
( 2, 1) =  400
dim 1: [0]: [0 [1 [1, 2] 2] 3]
dim 2: [1]: [0 [1 [1, 2] 2] 3]
( 3, 2) =  403
( 0, 3) =  402
--- ESMCI::Array::print end ---
--- ESMCI::Array::print start ---
( 3, 1) =  401
( 0, 2) =  400
--- ESMCI::Array::print end ---
( 1, 3) =  402
( 1, 2) =  400
 Base name    = Array006
--- ESMCI::Array::print start ---
( 2, 2) =  400
( 2, 3) =  402
( 3, 3) =  402
 Status: Base = Ready,  object = Ready
 Proxy        = no
 Base name    = Array006
 Status: Base = Ready,  object = Ready
( 3, 2) =  401
( 0, 3) =  400
dim 1: [0]: [0 [1 [1, 2] 2] 3]
 Root Info (Attributes):
 Proxy        = no
dim 2: [1]: [0 [1 [1, 2] 2] 3]
( 1, 3) =  402
{} Root Info (Attributes):
--- ESMCI::Array::print end ---
Array typekind/rank: Real*8 / 2 
( 2, 3) =  402
( 3, 3) =  403
{}Array typekind/rank: Real*8 / 2 
--- ESMCI::Array::print start ---
~ lower class' values ~
DistGrid dimCount = 2
 Base name    = Array006
dim 1: [0]: [0 [1 [1, 2] 2] 3]
~ lower class' values ~
deCount = 4
 Status: Base = Ready,  object = Ready
dim 2: [1]: [0 [1 [1, 2] 2] 3]
--- ESMCI::Array::print end ---
DistGrid dimCount = 2
deCount = 4
localDeCount = 1
 Proxy        = no
 Root Info (Attributes):
--- ESMCI::Array::print start ---
~ local data in LocalArray for DE 1 ~
localDeCount = 1
LocalArrayPrint: Array at address 0x122f27180:
{} Base name    = Array006
~ local data in LocalArray for DE 3 ~
Array typekind/rank: Real*8 / 2 
            rank = 2, typekind = 6, base_addr = 0x60000061e0a0
 Status: Base = Ready,  object = Ready
LocalArrayPrint: Array at address 0x13e60bef0:
            dim[0] = 4  dim[1] = 3  
~ lower class' values ~
 Proxy        = no
 Root Info (Attributes):
  Real, *8, Dim 2, Data values:
DistGrid dimCount = 2
            rank = 2, typekind = 6, base_addr = 0x600001ced440
deCount = 4
( 0, 0) =  501
            dim[0] = 4  dim[1] = 3  
{}localDeCount = 1
( 1, 0) =  501
  Real, *8, Dim 2, Data values:
Array typekind/rank: Real*8 / 2 
( 2, 0) =  501
~ local data in LocalArray for DE 2 ~
( 0, 0) =  500
( 3, 0) =  501
~ lower class' values ~
( 1, 0) =  501
LocalArrayPrint: Array at address 0x128606260:
            rank = 2, typekind = 6, base_addr = 0x6000017c83c0
( 2, 0) =  501
( 0, 1) =  500
DistGrid dimCount = 2
( 1, 1) =  501
            dim[0] = 4  dim[1] = 3  
deCount = 4
( 3, 0) =  503
( 2, 1) =  501
  Real, *8, Dim 2, Data values:
localDeCount = 1
( 0, 1) =  502
( 0, 0) =  502
~ local data in LocalArray for DE 0 ~
( 1, 1) =  503
( 3, 1) =  501
LocalArrayPrint: Array at address 0x12b70cbf0:
( 1, 0) =  500
( 2, 1) =  503
( 0, 2) =  500
( 2, 0) =  500
            rank = 2, typekind = 6, base_addr = 0x60000318d860
( 3, 1) =  503
( 1, 2) =  501
( 3, 0) =  501
            dim[0] = 4  dim[1] = 3  
( 0, 2) =  502
( 2, 2) =  501
  Real, *8, Dim 2, Data values:
( 0, 1) =  502
( 1, 2) =  503
( 1, 1) =  502
( 0, 0) =  500
( 3, 2) =  501
( 2, 2) =  503
( 2, 1) =  502
dim 1: [0]: [0 [1 [1, 2] 2] 3]
( 1, 0) =  500
( 2, 0) =  500
( 3, 2) =  503
( 3, 1) =  503
dim 2: [1]: [0 [1 [1, 2] 2] 2]
--- ESMCI::Array::print end ---
dim 1: [0]: [0 [1 [1, 2] 2] 3]
( 3, 0) =  500
( 0, 2) =  502
( 0, 1) =  500
dim 2: [1]: [0 [1 [1, 2] 2] 2]
( 1, 2) =  502
( 1, 1) =  500
( 2, 2) =  502
( 3, 2) =  503
( 2, 1) =  500
( 3, 1) =  501
  PASS  Example ESMF_ArrayBundleHaloEx, ESMF_ArrayBundleHaloEx.F90, line 172
--- ESMCI::Array::print end ---
dim 1: [0]: [0 [1 [1, 2] 2] 3]
( 0, 2) =  500
( 1, 2) =  500
dim 2: [1]: [0 [1 [1, 2] 2] 2]
--- ESMCI::Array::print end ---
( 2, 2) =  500
  PASS  Example ESMF_ArrayBundleHaloEx, ESMF_ArrayBundleHaloEx.F90, line 172
( 3, 2) =  501
dim 1: [0]: [0 [1 [1, 2] 2] 3]
dim 2: [1]: [0 [1 [1, 2] 2] 2]
--- ESMCI::Array::print end ---
  PASS  Example ESMF_ArrayBundleHaloEx, ESMF_ArrayBundleHaloEx.F90, line 172
  PASS  Example ESMF_ArrayBundleHaloEx, ESMF_ArrayBundleHaloEx.F90, line 172
 PASS: ESMF_ArrayBundleHaloEx.F90
 PASS: ESMF_ArrayBundleHaloEx.F90
 PASS: ESMF_ArrayBundleHaloEx.F90
 PASS: ESMF_ArrayBundleHaloEx.F90
