2024-09-27 03:59:28
20240927 044159.587 INFO             PET0 !!!!!!!!!!!!!!!!!!!!!!!!!!!!!!!!!!!!!!!!!!!!!!!!!!!!!!
20240927 044159.587 INFO             PET0 !!! THE ESMF_LOG IS SET TO OUTPUT ALL LOG MESSAGES !!!
20240927 044159.587 INFO             PET0 !!!     THIS MAY CAUSE SLOWDOWN IN PERFORMANCE     !!!
20240927 044159.587 INFO             PET0 !!! FOR PRODUCTION RUNS, USE:                      !!!
20240927 044159.587 INFO             PET0 !!!                   ESMF_LOGKIND_Multi_On_Error  !!!
20240927 044159.587 INFO             PET0 !!!!!!!!!!!!!!!!!!!!!!!!!!!!!!!!!!!!!!!!!!!!!!!!!!!!!!
20240927 044159.587 INFO             PET0 Running with ESMF Version   : v8.7.0b14-1-g2597b0a993
20240927 044159.587 INFO             PET0 ESMF library build date/time: "Sep 27 2024" "03:55:46"
20240927 044159.587 INFO             PET0 ESMF library build location : /glade/derecho/scratch/sacks/esmf-testing/intel_2023.2.1-oneAPI_mpi_g_release_8.7.0/esmf
20240927 044159.587 INFO             PET0 ESMF_COMM                   : mpi
20240927 044159.589 INFO             PET0 ESMF_MOAB                   : enabled
20240927 044159.589 INFO             PET0 ESMF_LAPACK                 : enabled
20240927 044159.589 INFO             PET0 ESMF_NETCDF                 : enabled
20240927 044159.589 INFO             PET0 ESMF_PNETCDF                : disabled
20240927 044159.589 INFO             PET0 ESMF_PIO                    : enabled
20240927 044159.589 INFO             PET0 ESMF_YAMLCPP                : enabled
20240927 044159.839 INFO             PET0 Log Write 2
20240927 044159.839 ERROR            PET0 Invalid object  - Convergence failure
20240927 044159.839 ERROR            PET0 ESMCI_Time.C:866 ESMCI::Time::syncToRealTime() Wrong argument specified  - ; calkindflag is NOCALENDAR. Only GREGORIAN and JULIAN are supported when syncing to real time.
20240927 044159.839 ERROR            PET0 ESMF_Time.F90:1485 ESMF_TimeSyncToRealTime() Wrong argument specified  - Internal subroutine call returned Error
20240927 044159.839 ERROR            PET0 Wrong argument specified  - getting wall clock time
20240927 044159.854 INFO             PET0  NUMBER_OF_PROCESSORS           4
20240927 044159.854 INFO             PET0  PASS  Example ESMF_LogErrEx, ESMF_LogErrEx.F90, line 186
20240927 044159.854 INFO             PET0  Finalizing ESMF
20240927 044159.801 INFO             PET1 !!!!!!!!!!!!!!!!!!!!!!!!!!!!!!!!!!!!!!!!!!!!!!!!!!!!!!
20240927 044159.801 INFO             PET1 !!! THE ESMF_LOG IS SET TO OUTPUT ALL LOG MESSAGES !!!
20240927 044159.801 INFO             PET1 !!!     THIS MAY CAUSE SLOWDOWN IN PERFORMANCE     !!!
20240927 044159.801 INFO             PET1 !!! FOR PRODUCTION RUNS, USE:                      !!!
20240927 044159.801 INFO             PET1 !!!                   ESMF_LOGKIND_Multi_On_Error  !!!
20240927 044159.801 INFO             PET1 !!!!!!!!!!!!!!!!!!!!!!!!!!!!!!!!!!!!!!!!!!!!!!!!!!!!!!
20240927 044159.801 INFO             PET1 Running with ESMF Version   : v8.7.0b14-1-g2597b0a993
20240927 044159.801 INFO             PET1 ESMF library build date/time: "Sep 27 2024" "03:55:46"
20240927 044159.801 INFO             PET1 ESMF library build location : /glade/derecho/scratch/sacks/esmf-testing/intel_2023.2.1-oneAPI_mpi_g_release_8.7.0/esmf
20240927 044159.801 INFO             PET1 ESMF_COMM                   : mpi
20240927 044159.839 INFO             PET1 ESMF_MOAB                   : enabled
20240927 044159.839 INFO             PET1 ESMF_LAPACK                 : enabled
20240927 044159.839 INFO             PET1 ESMF_NETCDF                 : enabled
20240927 044159.839 INFO             PET1 ESMF_PNETCDF                : disabled
20240927 044159.839 INFO             PET1 ESMF_PIO                    : enabled
20240927 044159.839 INFO             PET1 ESMF_YAMLCPP                : enabled
20240927 044159.839 INFO             PET1 Log Write 2
20240927 044159.839 ERROR            PET1 Invalid object  - Convergence failure
20240927 044159.839 ERROR            PET1 ESMCI_Time.C:866 ESMCI::Time::syncToRealTime() Wrong argument specified  - ; calkindflag is NOCALENDAR. Only GREGORIAN and JULIAN are supported when syncing to real time.
20240927 044159.839 ERROR            PET1 ESMF_Time.F90:1485 ESMF_TimeSyncToRealTime() Wrong argument specified  - Internal subroutine call returned Error
20240927 044159.839 ERROR            PET1 Wrong argument specified  - getting wall clock time
20240927 044159.844 INFO             PET1  NUMBER_OF_PROCESSORS           4
20240927 044159.844 INFO             PET1  PASS  Example ESMF_LogErrEx, ESMF_LogErrEx.F90, line 186
20240927 044159.844 INFO             PET1  Finalizing ESMF
20240927 044159.591 INFO             PET2 !!!!!!!!!!!!!!!!!!!!!!!!!!!!!!!!!!!!!!!!!!!!!!!!!!!!!!
20240927 044159.591 INFO             PET2 !!! THE ESMF_LOG IS SET TO OUTPUT ALL LOG MESSAGES !!!
20240927 044159.591 INFO             PET2 !!!     THIS MAY CAUSE SLOWDOWN IN PERFORMANCE     !!!
20240927 044159.591 INFO             PET2 !!! FOR PRODUCTION RUNS, USE:                      !!!
20240927 044159.591 INFO             PET2 !!!                   ESMF_LOGKIND_Multi_On_Error  !!!
20240927 044159.591 INFO             PET2 !!!!!!!!!!!!!!!!!!!!!!!!!!!!!!!!!!!!!!!!!!!!!!!!!!!!!!
20240927 044159.591 INFO             PET2 Running with ESMF Version   : v8.7.0b14-1-g2597b0a993
20240927 044159.591 INFO             PET2 ESMF library build date/time: "Sep 27 2024" "03:55:46"
20240927 044159.591 INFO             PET2 ESMF library build location : /glade/derecho/scratch/sacks/esmf-testing/intel_2023.2.1-oneAPI_mpi_g_release_8.7.0/esmf
20240927 044159.591 INFO             PET2 ESMF_COMM                   : mpi
20240927 044159.593 INFO             PET2 ESMF_MOAB                   : enabled
20240927 044159.593 INFO             PET2 ESMF_LAPACK                 : enabled
20240927 044159.593 INFO             PET2 ESMF_NETCDF                 : enabled
20240927 044159.593 INFO             PET2 ESMF_PNETCDF                : disabled
20240927 044159.593 INFO             PET2 ESMF_PIO                    : enabled
20240927 044159.593 INFO             PET2 ESMF_YAMLCPP                : enabled
20240927 044159.839 INFO             PET2 Log Write 2
20240927 044159.839 ERROR            PET2 Invalid object  - Convergence failure
20240927 044159.839 ERROR            PET2 ESMCI_Time.C:866 ESMCI::Time::syncToRealTime() Wrong argument specified  - ; calkindflag is NOCALENDAR. Only GREGORIAN and JULIAN are supported when syncing to real time.
20240927 044159.839 ERROR            PET2 ESMF_Time.F90:1485 ESMF_TimeSyncToRealTime() Wrong argument specified  - Internal subroutine call returned Error
20240927 044159.839 ERROR            PET2 Wrong argument specified  - getting wall clock time
20240927 044159.843 INFO             PET2  NUMBER_OF_PROCESSORS           4
20240927 044159.843 INFO             PET2  PASS  Example ESMF_LogErrEx, ESMF_LogErrEx.F90, line 186
20240927 044159.843 INFO             PET2  Finalizing ESMF
20240927 044159.590 INFO             PET3 !!!!!!!!!!!!!!!!!!!!!!!!!!!!!!!!!!!!!!!!!!!!!!!!!!!!!!
20240927 044159.590 INFO             PET3 !!! THE ESMF_LOG IS SET TO OUTPUT ALL LOG MESSAGES !!!
20240927 044159.590 INFO             PET3 !!!     THIS MAY CAUSE SLOWDOWN IN PERFORMANCE     !!!
20240927 044159.590 INFO             PET3 !!! FOR PRODUCTION RUNS, USE:                      !!!
20240927 044159.590 INFO             PET3 !!!                   ESMF_LOGKIND_Multi_On_Error  !!!
20240927 044159.590 INFO             PET3 !!!!!!!!!!!!!!!!!!!!!!!!!!!!!!!!!!!!!!!!!!!!!!!!!!!!!!
20240927 044159.590 INFO             PET3 Running with ESMF Version   : v8.7.0b14-1-g2597b0a993
20240927 044159.590 INFO             PET3 ESMF library build date/time: "Sep 27 2024" "03:55:46"
20240927 044159.590 INFO             PET3 ESMF library build location : /glade/derecho/scratch/sacks/esmf-testing/intel_2023.2.1-oneAPI_mpi_g_release_8.7.0/esmf
20240927 044159.590 INFO             PET3 ESMF_COMM                   : mpi
20240927 044159.591 INFO             PET3 ESMF_MOAB                   : enabled
20240927 044159.591 INFO             PET3 ESMF_LAPACK                 : enabled
20240927 044159.591 INFO             PET3 ESMF_NETCDF                 : enabled
20240927 044159.592 INFO             PET3 ESMF_PNETCDF                : disabled
20240927 044159.592 INFO             PET3 ESMF_PIO                    : enabled
20240927 044159.592 INFO             PET3 ESMF_YAMLCPP                : enabled
20240927 044159.839 INFO             PET3 Log Write 2
20240927 044159.839 ERROR            PET3 Invalid object  - Convergence failure
20240927 044159.839 ERROR            PET3 ESMCI_Time.C:866 ESMCI::Time::syncToRealTime() Wrong argument specified  - ; calkindflag is NOCALENDAR. Only GREGORIAN and JULIAN are supported when syncing to real time.
20240927 044159.839 ERROR            PET3 ESMF_Time.F90:1485 ESMF_TimeSyncToRealTime() Wrong argument specified  - Internal subroutine call returned Error
20240927 044159.839 ERROR            PET3 Wrong argument specified  - getting wall clock time
20240927 044159.844 INFO             PET3  NUMBER_OF_PROCESSORS           4
20240927 044159.844 INFO             PET3  PASS  Example ESMF_LogErrEx, ESMF_LogErrEx.F90, line 186
20240927 044159.844 INFO             PET3  Finalizing ESMF
