2024-09-18 07:23:45
20240918 074803.352 INFO             PET0 !!!!!!!!!!!!!!!!!!!!!!!!!!!!!!!!!!!!!!!!!!!!!!!!!!!!!!
20240918 074803.353 INFO             PET0 !!! THE ESMF_LOG IS SET TO OUTPUT ALL LOG MESSAGES !!!
20240918 074803.353 INFO             PET0 !!!     THIS MAY CAUSE SLOWDOWN IN PERFORMANCE     !!!
20240918 074803.353 INFO             PET0 !!! FOR PRODUCTION RUNS, USE:                      !!!
20240918 074803.353 INFO             PET0 !!!                   ESMF_LOGKIND_Multi_On_Error  !!!
20240918 074803.353 INFO             PET0 !!!!!!!!!!!!!!!!!!!!!!!!!!!!!!!!!!!!!!!!!!!!!!!!!!!!!!
20240918 074803.353 INFO             PET0 Running with ESMF Version   : v8.7.0b14-1-g2597b0a993
20240918 074803.353 INFO             PET0 ESMF library build date/time: "Sep 18 2024" "07:21:37"
20240918 074803.353 INFO             PET0 ESMF library build location : /scratch2/NCEPDEV/stmp1/Gerhard.Theurich/ESMF-Nightly-Testing/gfortran_13.2.0_mpiuni_O_release_8.7.0/esmf
20240918 074803.353 INFO             PET0 ESMF_COMM                   : mpiuni
20240918 074803.353 INFO             PET0 ESMF_MOAB                   : enabled
20240918 074803.353 INFO             PET0 ESMF_LAPACK                 : enabled
20240918 074803.353 INFO             PET0 ESMF_NETCDF                 : disabled
20240918 074803.353 INFO             PET0 ESMF_PNETCDF                : disabled
20240918 074803.353 INFO             PET0 ESMF_PIO                    : disabled
20240918 074803.353 INFO             PET0 ESMF_YAMLCPP                : enabled
20240918 074803.354 ERROR            PET0 ESMCI_State.C:982 ESMCI::State::read() Library needed by ESMF not present  - Internal subroutine call returned Error
20240918 074803.354 ERROR            PET0 ESMF_StateAPI.cppF90:3446 ESMF_StateRead Library needed by ESMF not present  - Internal subroutine call returned Error
20240918 074803.354 INFO             PET0  NUMBER_OF_PROCESSORS           1
20240918 074803.354 INFO             PET0  PASS  Example ESMF_StateReadWriteEx, ESMF_StateReadWriteEx.F90, line 185
20240918 074803.354 INFO             PET0  Finalizing ESMF
