2024-09-25 08:09:29
20240925 090902.826 INFO             PET0 !!!!!!!!!!!!!!!!!!!!!!!!!!!!!!!!!!!!!!!!!!!!!!!!!!!!!!
20240925 090902.827 INFO             PET0 !!! THE ESMF_LOG IS SET TO OUTPUT ALL LOG MESSAGES !!!
20240925 090902.827 INFO             PET0 !!!     THIS MAY CAUSE SLOWDOWN IN PERFORMANCE     !!!
20240925 090902.827 INFO             PET0 !!! FOR PRODUCTION RUNS, USE:                      !!!
20240925 090902.827 INFO             PET0 !!!                   ESMF_LOGKIND_Multi_On_Error  !!!
20240925 090902.827 INFO             PET0 !!!!!!!!!!!!!!!!!!!!!!!!!!!!!!!!!!!!!!!!!!!!!!!!!!!!!!
20240925 090902.827 INFO             PET0 Running with ESMF Version   : v8.7.0b14-1-g2597b0a993
20240925 090902.827 INFO             PET0 ESMF library build date/time: "Sep 25 2024" "08:04:56"
20240925 090902.827 INFO             PET0 ESMF library build location : /scratch2/NCEPDEV/stmp1/Gerhard.Theurich/ESMF-Nightly-Testing/gfortran_13.2.0_mpiuni_O_release_8.7.0/esmf
20240925 090902.827 INFO             PET0 ESMF_COMM                   : mpiuni
20240925 090902.827 INFO             PET0 ESMF_MOAB                   : enabled
20240925 090902.827 INFO             PET0 ESMF_LAPACK                 : enabled
20240925 090902.827 INFO             PET0 ESMF_NETCDF                 : disabled
20240925 090902.827 INFO             PET0 ESMF_PNETCDF                : disabled
20240925 090902.827 INFO             PET0 ESMF_PIO                    : disabled
20240925 090902.827 INFO             PET0 ESMF_YAMLCPP                : enabled
20240925 090902.827 INFO             PET0  NUMBER_OF_PROCESSORS           1
20240925 090902.827 INFO             PET0  PASS  Example ESMF_VMAllFullReduceEx, ESMF_VMAllFullReduceEx.F90, line 113
20240925 090902.827 INFO             PET0  Finalizing ESMF
