2024-10-07 02:04:58
20241007 025756.918 INFO             PET0 !!!!!!!!!!!!!!!!!!!!!!!!!!!!!!!!!!!!!!!!!!!!!!!!!!!!!!
20241007 025756.918 INFO             PET0 !!! THE ESMF_LOG IS SET TO OUTPUT ALL LOG MESSAGES !!!
20241007 025756.918 INFO             PET0 !!!     THIS MAY CAUSE SLOWDOWN IN PERFORMANCE     !!!
20241007 025756.918 INFO             PET0 !!! FOR PRODUCTION RUNS, USE:                      !!!
20241007 025756.918 INFO             PET0 !!!                   ESMF_LOGKIND_Multi_On_Error  !!!
20241007 025756.918 INFO             PET0 !!!!!!!!!!!!!!!!!!!!!!!!!!!!!!!!!!!!!!!!!!!!!!!!!!!!!!
20241007 025756.918 INFO             PET0 Running with ESMF Version   : v8.7.0
20241007 025756.918 INFO             PET0 ESMF library build date/time: "Oct  7 2024" "02:01:51"
20241007 025756.918 INFO             PET0 ESMF library build location : /glade/derecho/scratch/sacks/esmf-testing/intel_2023.2.1_mpi_O_v8.7.0/esmf
20241007 025756.918 INFO             PET0 ESMF_COMM                   : mpi
20241007 025756.922 INFO             PET0 ESMF_MOAB                   : enabled
20241007 025756.922 INFO             PET0 ESMF_LAPACK                 : enabled
20241007 025756.922 INFO             PET0 ESMF_NETCDF                 : enabled
20241007 025756.922 INFO             PET0 ESMF_PNETCDF                : disabled
20241007 025756.922 INFO             PET0 ESMF_PIO                    : enabled
20241007 025756.922 INFO             PET0 ESMF_YAMLCPP                : enabled
20241007 025756.949 DEBUG            PET0 about to destroy Grid: 0x8cd220
20241007 025756.952 DEBUG            PET0 about to destroy Grid: 0x8d0470
20241007 025756.960 INFO             PET0  NUMBER_OF_PROCESSORS           4
20241007 025756.960 INFO             PET0  PASS  Example ESMF_NUOPCAtmModelEx, ESMF_NUOPCAtmModelEx.F90, line 806
20241007 025756.960 INFO             PET0  Finalizing ESMF
20241007 025756.916 INFO             PET1 !!!!!!!!!!!!!!!!!!!!!!!!!!!!!!!!!!!!!!!!!!!!!!!!!!!!!!
20241007 025756.916 INFO             PET1 !!! THE ESMF_LOG IS SET TO OUTPUT ALL LOG MESSAGES !!!
20241007 025756.916 INFO             PET1 !!!     THIS MAY CAUSE SLOWDOWN IN PERFORMANCE     !!!
20241007 025756.916 INFO             PET1 !!! FOR PRODUCTION RUNS, USE:                      !!!
20241007 025756.916 INFO             PET1 !!!                   ESMF_LOGKIND_Multi_On_Error  !!!
20241007 025756.916 INFO             PET1 !!!!!!!!!!!!!!!!!!!!!!!!!!!!!!!!!!!!!!!!!!!!!!!!!!!!!!
20241007 025756.916 INFO             PET1 Running with ESMF Version   : v8.7.0
20241007 025756.916 INFO             PET1 ESMF library build date/time: "Oct  7 2024" "02:01:51"
20241007 025756.916 INFO             PET1 ESMF library build location : /glade/derecho/scratch/sacks/esmf-testing/intel_2023.2.1_mpi_O_v8.7.0/esmf
20241007 025756.916 INFO             PET1 ESMF_COMM                   : mpi
20241007 025756.918 INFO             PET1 ESMF_MOAB                   : enabled
20241007 025756.918 INFO             PET1 ESMF_LAPACK                 : enabled
20241007 025756.918 INFO             PET1 ESMF_NETCDF                 : enabled
20241007 025756.918 INFO             PET1 ESMF_PNETCDF                : disabled
20241007 025756.918 INFO             PET1 ESMF_PIO                    : enabled
20241007 025756.918 INFO             PET1 ESMF_YAMLCPP                : enabled
20241007 025756.949 DEBUG            PET1 about to destroy Grid: 0x8cc190
20241007 025756.952 DEBUG            PET1 about to destroy Grid: 0x8cd010
20241007 025756.960 INFO             PET1  NUMBER_OF_PROCESSORS           4
20241007 025756.960 INFO             PET1  PASS  Example ESMF_NUOPCAtmModelEx, ESMF_NUOPCAtmModelEx.F90, line 806
20241007 025756.960 INFO             PET1  Finalizing ESMF
20241007 025756.918 INFO             PET2 !!!!!!!!!!!!!!!!!!!!!!!!!!!!!!!!!!!!!!!!!!!!!!!!!!!!!!
20241007 025756.918 INFO             PET2 !!! THE ESMF_LOG IS SET TO OUTPUT ALL LOG MESSAGES !!!
20241007 025756.918 INFO             PET2 !!!     THIS MAY CAUSE SLOWDOWN IN PERFORMANCE     !!!
20241007 025756.918 INFO             PET2 !!! FOR PRODUCTION RUNS, USE:                      !!!
20241007 025756.918 INFO             PET2 !!!                   ESMF_LOGKIND_Multi_On_Error  !!!
20241007 025756.918 INFO             PET2 !!!!!!!!!!!!!!!!!!!!!!!!!!!!!!!!!!!!!!!!!!!!!!!!!!!!!!
20241007 025756.918 INFO             PET2 Running with ESMF Version   : v8.7.0
20241007 025756.918 INFO             PET2 ESMF library build date/time: "Oct  7 2024" "02:01:51"
20241007 025756.918 INFO             PET2 ESMF library build location : /glade/derecho/scratch/sacks/esmf-testing/intel_2023.2.1_mpi_O_v8.7.0/esmf
20241007 025756.918 INFO             PET2 ESMF_COMM                   : mpi
20241007 025756.920 INFO             PET2 ESMF_MOAB                   : enabled
20241007 025756.920 INFO             PET2 ESMF_LAPACK                 : enabled
20241007 025756.920 INFO             PET2 ESMF_NETCDF                 : enabled
20241007 025756.920 INFO             PET2 ESMF_PNETCDF                : disabled
20241007 025756.920 INFO             PET2 ESMF_PIO                    : enabled
20241007 025756.920 INFO             PET2 ESMF_YAMLCPP                : enabled
20241007 025756.950 DEBUG            PET2 about to destroy Grid: 0x8cc1e0
20241007 025756.952 DEBUG            PET2 about to destroy Grid: 0x8cd190
20241007 025756.960 INFO             PET2  NUMBER_OF_PROCESSORS           4
20241007 025756.960 INFO             PET2  PASS  Example ESMF_NUOPCAtmModelEx, ESMF_NUOPCAtmModelEx.F90, line 806
20241007 025756.960 INFO             PET2  Finalizing ESMF
20241007 025756.917 INFO             PET3 !!!!!!!!!!!!!!!!!!!!!!!!!!!!!!!!!!!!!!!!!!!!!!!!!!!!!!
20241007 025756.917 INFO             PET3 !!! THE ESMF_LOG IS SET TO OUTPUT ALL LOG MESSAGES !!!
20241007 025756.917 INFO             PET3 !!!     THIS MAY CAUSE SLOWDOWN IN PERFORMANCE     !!!
20241007 025756.917 INFO             PET3 !!! FOR PRODUCTION RUNS, USE:                      !!!
20241007 025756.917 INFO             PET3 !!!                   ESMF_LOGKIND_Multi_On_Error  !!!
20241007 025756.917 INFO             PET3 !!!!!!!!!!!!!!!!!!!!!!!!!!!!!!!!!!!!!!!!!!!!!!!!!!!!!!
20241007 025756.917 INFO             PET3 Running with ESMF Version   : v8.7.0
20241007 025756.917 INFO             PET3 ESMF library build date/time: "Oct  7 2024" "02:01:51"
20241007 025756.917 INFO             PET3 ESMF library build location : /glade/derecho/scratch/sacks/esmf-testing/intel_2023.2.1_mpi_O_v8.7.0/esmf
20241007 025756.917 INFO             PET3 ESMF_COMM                   : mpi
20241007 025756.920 INFO             PET3 ESMF_MOAB                   : enabled
20241007 025756.920 INFO             PET3 ESMF_LAPACK                 : enabled
20241007 025756.920 INFO             PET3 ESMF_NETCDF                 : enabled
20241007 025756.920 INFO             PET3 ESMF_PNETCDF                : disabled
20241007 025756.920 INFO             PET3 ESMF_PIO                    : enabled
20241007 025756.920 INFO             PET3 ESMF_YAMLCPP                : enabled
20241007 025756.949 DEBUG            PET3 about to destroy Grid: 0x8cc1c0
20241007 025756.952 DEBUG            PET3 about to destroy Grid: 0x8cd170
20241007 025756.960 INFO             PET3  NUMBER_OF_PROCESSORS           4
20241007 025756.960 INFO             PET3  PASS  Example ESMF_NUOPCAtmModelEx, ESMF_NUOPCAtmModelEx.F90, line 806
20241007 025756.960 INFO             PET3  Finalizing ESMF
