Processing /glade/derecho/scratch/sacks/esmf-testing/intel_2023.2.1_mpi_g_develop/esmf/src/addon/esmpy
  Installing build dependencies: started
  Installing build dependencies: finished with status 'done'
  Getting requirements to build wheel: started
  Getting requirements to build wheel: finished with status 'done'
  Preparing metadata (pyproject.toml): started
  Preparing metadata (pyproject.toml): finished with status 'done'
Requirement already satisfied: numpy in /glade/derecho/scratch/sacks/esmf-testing/conda_environments/esmf-test-scripts-environment-python3.11/lib/python3.11/site-packages (from esmpy==8.7.0b12) (1.24.3)
Collecting setuptools-git-versioning (from esmpy==8.7.0b12)
  Obtaining dependency information for setuptools-git-versioning from https://files.pythonhosted.org/packages/2d/15/37202ca349df8056d67c29a7b4bf27daae22dcb5ce7d7e21f4db1f2b6f34/setuptools_git_versioning-2.0.0-py3-none-any.whl.metadata
  Using cached setuptools_git_versioning-2.0.0-py3-none-any.whl.metadata (5.8 kB)
Requirement already satisfied: packaging in /glade/derecho/scratch/sacks/esmf-testing/conda_environments/esmf-test-scripts-environment-python3.11/lib/python3.11/site-packages (from setuptools-git-versioning->esmpy==8.7.0b12) (24.0)
Requirement already satisfied: setuptools in /glade/derecho/scratch/sacks/esmf-testing/intel_2023.2.1_mpi_g_develop/esmpy_venv/lib/python3.11/site-packages (from setuptools-git-versioning->esmpy==8.7.0b12) (65.5.0)
Using cached setuptools_git_versioning-2.0.0-py3-none-any.whl (10 kB)
Building wheels for collected packages: esmpy
  Building wheel for esmpy (pyproject.toml): started
  Building wheel for esmpy (pyproject.toml): finished with status 'done'
  Created wheel for esmpy: filename=esmpy-8.7.0b12-py3-none-any.whl size=123274 sha256=cf00cfa6087f04b95774a71ff4be60d8168d9e7e91426302c7f5af2fa24cdf30
  Stored in directory: /glade/derecho/scratch/sacks/tmp/pip-ephem-wheel-cache-4ipqv4d7/wheels/a4/31/0d/fb172be4578ce250314fc172c694e0fbcffc2012abe3fec0f2
Successfully built esmpy
Installing collected packages: setuptools-git-versioning, esmpy
Successfully installed esmpy-8.7.0b12 setuptools-git-versioning-2.0.0

[notice] A new release of pip is available: 23.2.1 -> 24.2
[notice] To update, run: pip install --upgrade pip
