2024-09-03 03:23:38
20240903 040210.397 INFO             PET0 !!!!!!!!!!!!!!!!!!!!!!!!!!!!!!!!!!!!!!!!!!!!!!!!!!!!!!
20240903 040210.397 INFO             PET0 !!! THE ESMF_LOG IS SET TO OUTPUT ALL LOG MESSAGES !!!
20240903 040210.397 INFO             PET0 !!!     THIS MAY CAUSE SLOWDOWN IN PERFORMANCE     !!!
20240903 040210.397 INFO             PET0 !!! FOR PRODUCTION RUNS, USE:                      !!!
20240903 040210.397 INFO             PET0 !!!                   ESMF_LOGKIND_Multi_On_Error  !!!
20240903 040210.397 INFO             PET0 !!!!!!!!!!!!!!!!!!!!!!!!!!!!!!!!!!!!!!!!!!!!!!!!!!!!!!
20240903 040210.397 INFO             PET0 Running with ESMF Version   : v8.7.0b12-2-gbfe22b56ac
20240903 040210.397 INFO             PET0 ESMF library build date/time: "Sep  3 2024" "03:21:01"
20240903 040210.397 INFO             PET0 ESMF library build location : /glade/derecho/scratch/sacks/esmf-testing/intel_2023.2.1-oneAPI_mpi_O_develop/esmf
20240903 040210.397 INFO             PET0 ESMF_COMM                   : mpi
20240903 040210.398 INFO             PET0 ESMF_MOAB                   : enabled
20240903 040210.398 INFO             PET0 ESMF_LAPACK                 : enabled
20240903 040210.398 INFO             PET0 ESMF_NETCDF                 : enabled
20240903 040210.398 INFO             PET0 ESMF_PNETCDF                : disabled
20240903 040210.398 INFO             PET0 ESMF_PIO                    : enabled
20240903 040210.398 INFO             PET0 ESMF_YAMLCPP                : enabled
20240903 040210.403 INFO             PET0  NUMBER_OF_PROCESSORS           4
20240903 040210.403 INFO             PET0  PASS  Example ESMF_VMUserMpiCommMultiEx, ESMF_VMUserMpiCommMultiEx.F90, line 126
20240903 040210.403 INFO             PET0  Finalizing ESMF with endflag==ESMF_END_KEEPMPI
20240903 040210.397 INFO             PET0 !!!!!!!!!!!!!!!!!!!!!!!!!!!!!!!!!!!!!!!!!!!!!!!!!!!!!!
20240903 040210.397 INFO             PET0 !!! THE ESMF_LOG IS SET TO OUTPUT ALL LOG MESSAGES !!!
20240903 040210.397 INFO             PET0 !!!     THIS MAY CAUSE SLOWDOWN IN PERFORMANCE     !!!
20240903 040210.397 INFO             PET0 !!! FOR PRODUCTION RUNS, USE:                      !!!
20240903 040210.397 INFO             PET0 !!!                   ESMF_LOGKIND_Multi_On_Error  !!!
20240903 040210.397 INFO             PET0 !!!!!!!!!!!!!!!!!!!!!!!!!!!!!!!!!!!!!!!!!!!!!!!!!!!!!!
20240903 040210.397 INFO             PET0 Running with ESMF Version   : v8.7.0b12-2-gbfe22b56ac
20240903 040210.397 INFO             PET0 ESMF library build date/time: "Sep  3 2024" "03:21:01"
20240903 040210.397 INFO             PET0 ESMF library build location : /glade/derecho/scratch/sacks/esmf-testing/intel_2023.2.1-oneAPI_mpi_O_develop/esmf
20240903 040210.397 INFO             PET0 ESMF_COMM                   : mpi
20240903 040210.400 INFO             PET0 ESMF_MOAB                   : enabled
20240903 040210.400 INFO             PET0 ESMF_LAPACK                 : enabled
20240903 040210.400 INFO             PET0 ESMF_NETCDF                 : enabled
20240903 040210.400 INFO             PET0 ESMF_PNETCDF                : disabled
20240903 040210.400 INFO             PET0 ESMF_PIO                    : enabled
20240903 040210.400 INFO             PET0 ESMF_YAMLCPP                : enabled
20240903 040210.400 INFO             PET0  NUMBER_OF_PROCESSORS           4
20240903 040210.400 INFO             PET0  PASS  Example ESMF_VMUserMpiCommMultiEx, ESMF_VMUserMpiCommMultiEx.F90, line 154
20240903 040210.400 INFO             PET0  Finalizing ESMF with endflag==ESMF_END_KEEPMPI
20240903 040210.397 INFO             PET1 !!!!!!!!!!!!!!!!!!!!!!!!!!!!!!!!!!!!!!!!!!!!!!!!!!!!!!
20240903 040210.397 INFO             PET1 !!! THE ESMF_LOG IS SET TO OUTPUT ALL LOG MESSAGES !!!
20240903 040210.397 INFO             PET1 !!!     THIS MAY CAUSE SLOWDOWN IN PERFORMANCE     !!!
20240903 040210.397 INFO             PET1 !!! FOR PRODUCTION RUNS, USE:                      !!!
20240903 040210.397 INFO             PET1 !!!                   ESMF_LOGKIND_Multi_On_Error  !!!
20240903 040210.397 INFO             PET1 !!!!!!!!!!!!!!!!!!!!!!!!!!!!!!!!!!!!!!!!!!!!!!!!!!!!!!
20240903 040210.397 INFO             PET1 Running with ESMF Version   : v8.7.0b12-2-gbfe22b56ac
20240903 040210.397 INFO             PET1 ESMF library build date/time: "Sep  3 2024" "03:21:01"
20240903 040210.397 INFO             PET1 ESMF library build location : /glade/derecho/scratch/sacks/esmf-testing/intel_2023.2.1-oneAPI_mpi_O_develop/esmf
20240903 040210.397 INFO             PET1 ESMF_COMM                   : mpi
20240903 040210.403 INFO             PET1 ESMF_MOAB                   : enabled
20240903 040210.403 INFO             PET1 ESMF_LAPACK                 : enabled
20240903 040210.403 INFO             PET1 ESMF_NETCDF                 : enabled
20240903 040210.403 INFO             PET1 ESMF_PNETCDF                : disabled
20240903 040210.403 INFO             PET1 ESMF_PIO                    : enabled
20240903 040210.403 INFO             PET1 ESMF_YAMLCPP                : enabled
20240903 040210.403 INFO             PET1  NUMBER_OF_PROCESSORS           4
20240903 040210.403 INFO             PET1  PASS  Example ESMF_VMUserMpiCommMultiEx, ESMF_VMUserMpiCommMultiEx.F90, line 126
20240903 040210.403 INFO             PET1  Finalizing ESMF with endflag==ESMF_END_KEEPMPI
20240903 040210.397 INFO             PET1 !!!!!!!!!!!!!!!!!!!!!!!!!!!!!!!!!!!!!!!!!!!!!!!!!!!!!!
20240903 040210.397 INFO             PET1 !!! THE ESMF_LOG IS SET TO OUTPUT ALL LOG MESSAGES !!!
20240903 040210.397 INFO             PET1 !!!     THIS MAY CAUSE SLOWDOWN IN PERFORMANCE     !!!
20240903 040210.397 INFO             PET1 !!! FOR PRODUCTION RUNS, USE:                      !!!
20240903 040210.397 INFO             PET1 !!!                   ESMF_LOGKIND_Multi_On_Error  !!!
20240903 040210.397 INFO             PET1 !!!!!!!!!!!!!!!!!!!!!!!!!!!!!!!!!!!!!!!!!!!!!!!!!!!!!!
20240903 040210.397 INFO             PET1 Running with ESMF Version   : v8.7.0b12-2-gbfe22b56ac
20240903 040210.397 INFO             PET1 ESMF library build date/time: "Sep  3 2024" "03:21:01"
20240903 040210.397 INFO             PET1 ESMF library build location : /glade/derecho/scratch/sacks/esmf-testing/intel_2023.2.1-oneAPI_mpi_O_develop/esmf
20240903 040210.397 INFO             PET1 ESMF_COMM                   : mpi
20240903 040210.398 INFO             PET1 ESMF_MOAB                   : enabled
20240903 040210.398 INFO             PET1 ESMF_LAPACK                 : enabled
20240903 040210.398 INFO             PET1 ESMF_NETCDF                 : enabled
20240903 040210.398 INFO             PET1 ESMF_PNETCDF                : disabled
20240903 040210.398 INFO             PET1 ESMF_PIO                    : enabled
20240903 040210.398 INFO             PET1 ESMF_YAMLCPP                : enabled
20240903 040210.400 INFO             PET1  NUMBER_OF_PROCESSORS           4
20240903 040210.400 INFO             PET1  PASS  Example ESMF_VMUserMpiCommMultiEx, ESMF_VMUserMpiCommMultiEx.F90, line 154
20240903 040210.400 INFO             PET1  Finalizing ESMF with endflag==ESMF_END_KEEPMPI
