2024-09-05 02:55:49
20240905 032626.780 INFO             PET0 !!!!!!!!!!!!!!!!!!!!!!!!!!!!!!!!!!!!!!!!!!!!!!!!!!!!!!
20240905 032626.780 INFO             PET0 !!! THE ESMF_LOG IS SET TO OUTPUT ALL LOG MESSAGES !!!
20240905 032626.780 INFO             PET0 !!!     THIS MAY CAUSE SLOWDOWN IN PERFORMANCE     !!!
20240905 032626.780 INFO             PET0 !!! FOR PRODUCTION RUNS, USE:                      !!!
20240905 032626.780 INFO             PET0 !!!                   ESMF_LOGKIND_Multi_On_Error  !!!
20240905 032626.780 INFO             PET0 !!!!!!!!!!!!!!!!!!!!!!!!!!!!!!!!!!!!!!!!!!!!!!!!!!!!!!
20240905 032626.780 INFO             PET0 Running with ESMF Version   : v8.7.0b13-1-g82ba326579
20240905 032626.780 INFO             PET0 ESMF library build date/time: "Sep  5 2024" "02:53:47"
20240905 032626.780 INFO             PET0 ESMF library build location : /glade/derecho/scratch/sacks/esmf-testing/intel_2023.2.1-oneAPI_mpi_O_develop/esmf
20240905 032626.780 INFO             PET0 ESMF_COMM                   : mpi
20240905 032626.780 INFO             PET0 ESMF_MOAB                   : enabled
20240905 032626.780 INFO             PET0 ESMF_LAPACK                 : enabled
20240905 032626.780 INFO             PET0 ESMF_NETCDF                 : enabled
20240905 032626.780 INFO             PET0 ESMF_PNETCDF                : disabled
20240905 032626.780 INFO             PET0 ESMF_PIO                    : enabled
20240905 032626.780 INFO             PET0 ESMF_YAMLCPP                : enabled
20240905 032626.781 INFO             PET0 ESMF Tracing Enabled
20240905 032626.781 INFO             PET0 ESMF Profiling Enabled
20240905 032626.781 INFO             PET0 ESMF Trace/Profile clock: REALTIME
20240905 032626.806 INFO             PET0  NUMBER_OF_PROCESSORS           4
20240905 032626.806 INFO             PET0  PASS  Example ESMF_TraceEx, ESMF_TraceEx.F90, line 178
20240905 032626.806 INFO             PET0  Finalizing ESMF
20240905 032626.806 INFO             PET0 **************** Region Timings *******************
20240905 032626.807 INFO             PET0 Region              Count  Total (s)   Self (s)    Mean (s)    Min (s)     Max (s)
20240905 032626.807 INFO             PET0   [ESMF]            1      0.0009      0.0008      0.0009      0.0009      0.0009
20240905 032626.807 INFO             PET0     [test] Run 1    5      0.0000      0.0000      0.0000      0.0000      0.0000
20240905 032626.807 INFO             PET0     [test] Init 1   1      0.0000      0.0000      0.0000      0.0000      0.0000
20240905 032626.807 INFO             PET0     [test] Final 1  1      0.0000      0.0000      0.0000      0.0000      0.0000
20240905 032626.780 INFO             PET1 !!!!!!!!!!!!!!!!!!!!!!!!!!!!!!!!!!!!!!!!!!!!!!!!!!!!!!
20240905 032626.780 INFO             PET1 !!! THE ESMF_LOG IS SET TO OUTPUT ALL LOG MESSAGES !!!
20240905 032626.780 INFO             PET1 !!!     THIS MAY CAUSE SLOWDOWN IN PERFORMANCE     !!!
20240905 032626.780 INFO             PET1 !!! FOR PRODUCTION RUNS, USE:                      !!!
20240905 032626.780 INFO             PET1 !!!                   ESMF_LOGKIND_Multi_On_Error  !!!
20240905 032626.780 INFO             PET1 !!!!!!!!!!!!!!!!!!!!!!!!!!!!!!!!!!!!!!!!!!!!!!!!!!!!!!
20240905 032626.780 INFO             PET1 Running with ESMF Version   : v8.7.0b13-1-g82ba326579
20240905 032626.780 INFO             PET1 ESMF library build date/time: "Sep  5 2024" "02:53:47"
20240905 032626.780 INFO             PET1 ESMF library build location : /glade/derecho/scratch/sacks/esmf-testing/intel_2023.2.1-oneAPI_mpi_O_develop/esmf
20240905 032626.780 INFO             PET1 ESMF_COMM                   : mpi
20240905 032626.781 INFO             PET1 ESMF_MOAB                   : enabled
20240905 032626.781 INFO             PET1 ESMF_LAPACK                 : enabled
20240905 032626.781 INFO             PET1 ESMF_NETCDF                 : enabled
20240905 032626.781 INFO             PET1 ESMF_PNETCDF                : disabled
20240905 032626.781 INFO             PET1 ESMF_PIO                    : enabled
20240905 032626.781 INFO             PET1 ESMF_YAMLCPP                : enabled
20240905 032626.781 INFO             PET1 ESMF Tracing Enabled
20240905 032626.781 INFO             PET1 ESMF Profiling Enabled
20240905 032626.781 INFO             PET1 ESMF Trace/Profile clock: REALTIME
20240905 032626.807 INFO             PET1  NUMBER_OF_PROCESSORS           4
20240905 032626.807 INFO             PET1  PASS  Example ESMF_TraceEx, ESMF_TraceEx.F90, line 178
20240905 032626.807 INFO             PET1  Finalizing ESMF
20240905 032626.807 INFO             PET1 **************** Region Timings *******************
20240905 032626.807 INFO             PET1 Region              Count  Total (s)   Self (s)    Mean (s)    Min (s)     Max (s)
20240905 032626.807 INFO             PET1   [ESMF]            1      0.0246      0.0245      0.0246      0.0246      0.0246
20240905 032626.807 INFO             PET1     [test] Init 1   1      0.0001      0.0001      0.0001      0.0001      0.0001
20240905 032626.807 INFO             PET1     [test] Run 1    5      0.0000      0.0000      0.0000      0.0000      0.0000
20240905 032626.807 INFO             PET1     [test] Final 1  1      0.0000      0.0000      0.0000      0.0000      0.0000
20240905 032626.780 INFO             PET2 !!!!!!!!!!!!!!!!!!!!!!!!!!!!!!!!!!!!!!!!!!!!!!!!!!!!!!
20240905 032626.780 INFO             PET2 !!! THE ESMF_LOG IS SET TO OUTPUT ALL LOG MESSAGES !!!
20240905 032626.780 INFO             PET2 !!!     THIS MAY CAUSE SLOWDOWN IN PERFORMANCE     !!!
20240905 032626.780 INFO             PET2 !!! FOR PRODUCTION RUNS, USE:                      !!!
20240905 032626.780 INFO             PET2 !!!                   ESMF_LOGKIND_Multi_On_Error  !!!
20240905 032626.780 INFO             PET2 !!!!!!!!!!!!!!!!!!!!!!!!!!!!!!!!!!!!!!!!!!!!!!!!!!!!!!
20240905 032626.780 INFO             PET2 Running with ESMF Version   : v8.7.0b13-1-g82ba326579
20240905 032626.780 INFO             PET2 ESMF library build date/time: "Sep  5 2024" "02:53:47"
20240905 032626.780 INFO             PET2 ESMF library build location : /glade/derecho/scratch/sacks/esmf-testing/intel_2023.2.1-oneAPI_mpi_O_develop/esmf
20240905 032626.780 INFO             PET2 ESMF_COMM                   : mpi
20240905 032626.781 INFO             PET2 ESMF_MOAB                   : enabled
20240905 032626.781 INFO             PET2 ESMF_LAPACK                 : enabled
20240905 032626.781 INFO             PET2 ESMF_NETCDF                 : enabled
20240905 032626.781 INFO             PET2 ESMF_PNETCDF                : disabled
20240905 032626.781 INFO             PET2 ESMF_PIO                    : enabled
20240905 032626.781 INFO             PET2 ESMF_YAMLCPP                : enabled
20240905 032626.781 INFO             PET2 ESMF Tracing Enabled
20240905 032626.781 INFO             PET2 ESMF Profiling Enabled
20240905 032626.781 INFO             PET2 ESMF Trace/Profile clock: REALTIME
20240905 032626.807 INFO             PET2  NUMBER_OF_PROCESSORS           4
20240905 032626.807 INFO             PET2  PASS  Example ESMF_TraceEx, ESMF_TraceEx.F90, line 178
20240905 032626.807 INFO             PET2  Finalizing ESMF
20240905 032626.807 INFO             PET2 **************** Region Timings *******************
20240905 032626.807 INFO             PET2 Region              Count  Total (s)   Self (s)    Mean (s)    Min (s)     Max (s)
20240905 032626.807 INFO             PET2   [ESMF]            1      0.0250      0.0249      0.0250      0.0250      0.0250
20240905 032626.807 INFO             PET2     [test] Init 1   1      0.0001      0.0001      0.0001      0.0001      0.0001
20240905 032626.807 INFO             PET2     [test] Run 1    5      0.0000      0.0000      0.0000      0.0000      0.0000
20240905 032626.807 INFO             PET2     [test] Final 1  1      0.0000      0.0000      0.0000      0.0000      0.0000
20240905 032626.780 INFO             PET3 !!!!!!!!!!!!!!!!!!!!!!!!!!!!!!!!!!!!!!!!!!!!!!!!!!!!!!
20240905 032626.780 INFO             PET3 !!! THE ESMF_LOG IS SET TO OUTPUT ALL LOG MESSAGES !!!
20240905 032626.780 INFO             PET3 !!!     THIS MAY CAUSE SLOWDOWN IN PERFORMANCE     !!!
20240905 032626.780 INFO             PET3 !!! FOR PRODUCTION RUNS, USE:                      !!!
20240905 032626.780 INFO             PET3 !!!                   ESMF_LOGKIND_Multi_On_Error  !!!
20240905 032626.780 INFO             PET3 !!!!!!!!!!!!!!!!!!!!!!!!!!!!!!!!!!!!!!!!!!!!!!!!!!!!!!
20240905 032626.780 INFO             PET3 Running with ESMF Version   : v8.7.0b13-1-g82ba326579
20240905 032626.780 INFO             PET3 ESMF library build date/time: "Sep  5 2024" "02:53:47"
20240905 032626.780 INFO             PET3 ESMF library build location : /glade/derecho/scratch/sacks/esmf-testing/intel_2023.2.1-oneAPI_mpi_O_develop/esmf
20240905 032626.780 INFO             PET3 ESMF_COMM                   : mpi
20240905 032626.780 INFO             PET3 ESMF_MOAB                   : enabled
20240905 032626.780 INFO             PET3 ESMF_LAPACK                 : enabled
20240905 032626.780 INFO             PET3 ESMF_NETCDF                 : enabled
20240905 032626.780 INFO             PET3 ESMF_PNETCDF                : disabled
20240905 032626.780 INFO             PET3 ESMF_PIO                    : enabled
20240905 032626.780 INFO             PET3 ESMF_YAMLCPP                : enabled
20240905 032626.781 INFO             PET3 ESMF Tracing Enabled
20240905 032626.781 INFO             PET3 ESMF Profiling Enabled
20240905 032626.781 INFO             PET3 ESMF Trace/Profile clock: REALTIME
20240905 032626.807 INFO             PET3  NUMBER_OF_PROCESSORS           4
20240905 032626.807 INFO             PET3  PASS  Example ESMF_TraceEx, ESMF_TraceEx.F90, line 178
20240905 032626.807 INFO             PET3  Finalizing ESMF
20240905 032626.807 INFO             PET3 **************** Region Timings *******************
20240905 032626.807 INFO             PET3 Region              Count  Total (s)   Self (s)    Mean (s)    Min (s)     Max (s)
20240905 032626.807 INFO             PET3   [ESMF]            1      0.0252      0.0251      0.0252      0.0252      0.0252
20240905 032626.807 INFO             PET3     [test] Init 1   1      0.0001      0.0001      0.0001      0.0001      0.0001
20240905 032626.807 INFO             PET3     [test] Run 1    5      0.0000      0.0000      0.0000      0.0000      0.0000
20240905 032626.807 INFO             PET3     [test] Final 1  1      0.0000      0.0000      0.0000      0.0000      0.0000
