2024-08-30 03:34:53
20240830 041906.640 INFO             PET0 !!!!!!!!!!!!!!!!!!!!!!!!!!!!!!!!!!!!!!!!!!!!!!!!!!!!!!
20240830 041906.640 INFO             PET0 !!! THE ESMF_LOG IS SET TO OUTPUT ALL LOG MESSAGES !!!
20240830 041906.640 INFO             PET0 !!!     THIS MAY CAUSE SLOWDOWN IN PERFORMANCE     !!!
20240830 041906.640 INFO             PET0 !!! FOR PRODUCTION RUNS, USE:                      !!!
20240830 041906.640 INFO             PET0 !!!                   ESMF_LOGKIND_Multi_On_Error  !!!
20240830 041906.640 INFO             PET0 !!!!!!!!!!!!!!!!!!!!!!!!!!!!!!!!!!!!!!!!!!!!!!!!!!!!!!
20240830 041906.640 INFO             PET0 Running with ESMF Version   : v8.7.0b11-6-g82f8052f9c
20240830 041906.640 INFO             PET0 ESMF library build date/time: "Aug 30 2024" "03:31:56"
20240830 041906.640 INFO             PET0 ESMF library build location : /glade/derecho/scratch/sacks/esmf-testing/intel_2023.2.1-oneAPI_mpi_O_develop/esmf
20240830 041906.640 INFO             PET0 ESMF_COMM                   : mpi
20240830 041906.674 INFO             PET0 ESMF_MOAB                   : enabled
20240830 041906.674 INFO             PET0 ESMF_LAPACK                 : enabled
20240830 041906.674 INFO             PET0 ESMF_NETCDF                 : enabled
20240830 041906.674 INFO             PET0 ESMF_PNETCDF                : disabled
20240830 041906.674 INFO             PET0 ESMF_PIO                    : enabled
20240830 041906.674 INFO             PET0 ESMF_YAMLCPP                : enabled
20240830 041907.088 DEBUG            PET0 about to destroy Grid: 0x884330
20240830 041907.091 DEBUG            PET0 about to destroy Grid: 0x887580
20240830 041907.098 INFO             PET0  NUMBER_OF_PROCESSORS           4
20240830 041907.098 INFO             PET0  PASS  Example ESMF_NUOPCAtmModelEx, ESMF_NUOPCAtmModelEx.F90, line 806
20240830 041907.098 INFO             PET0  Finalizing ESMF
20240830 041906.852 INFO             PET1 !!!!!!!!!!!!!!!!!!!!!!!!!!!!!!!!!!!!!!!!!!!!!!!!!!!!!!
20240830 041906.852 INFO             PET1 !!! THE ESMF_LOG IS SET TO OUTPUT ALL LOG MESSAGES !!!
20240830 041906.852 INFO             PET1 !!!     THIS MAY CAUSE SLOWDOWN IN PERFORMANCE     !!!
20240830 041906.852 INFO             PET1 !!! FOR PRODUCTION RUNS, USE:                      !!!
20240830 041906.852 INFO             PET1 !!!                   ESMF_LOGKIND_Multi_On_Error  !!!
20240830 041906.852 INFO             PET1 !!!!!!!!!!!!!!!!!!!!!!!!!!!!!!!!!!!!!!!!!!!!!!!!!!!!!!
20240830 041906.852 INFO             PET1 Running with ESMF Version   : v8.7.0b11-6-g82f8052f9c
20240830 041906.852 INFO             PET1 ESMF library build date/time: "Aug 30 2024" "03:31:56"
20240830 041906.852 INFO             PET1 ESMF library build location : /glade/derecho/scratch/sacks/esmf-testing/intel_2023.2.1-oneAPI_mpi_O_develop/esmf
20240830 041906.852 INFO             PET1 ESMF_COMM                   : mpi
20240830 041906.855 INFO             PET1 ESMF_MOAB                   : enabled
20240830 041906.855 INFO             PET1 ESMF_LAPACK                 : enabled
20240830 041906.855 INFO             PET1 ESMF_NETCDF                 : enabled
20240830 041906.855 INFO             PET1 ESMF_PNETCDF                : disabled
20240830 041906.855 INFO             PET1 ESMF_PIO                    : enabled
20240830 041906.855 INFO             PET1 ESMF_YAMLCPP                : enabled
20240830 041907.088 DEBUG            PET1 about to destroy Grid: 0x8831c0
20240830 041907.091 DEBUG            PET1 about to destroy Grid: 0x884170
20240830 041907.098 INFO             PET1  NUMBER_OF_PROCESSORS           4
20240830 041907.098 INFO             PET1  PASS  Example ESMF_NUOPCAtmModelEx, ESMF_NUOPCAtmModelEx.F90, line 806
20240830 041907.098 INFO             PET1  Finalizing ESMF
20240830 041906.646 INFO             PET2 !!!!!!!!!!!!!!!!!!!!!!!!!!!!!!!!!!!!!!!!!!!!!!!!!!!!!!
20240830 041906.646 INFO             PET2 !!! THE ESMF_LOG IS SET TO OUTPUT ALL LOG MESSAGES !!!
20240830 041906.646 INFO             PET2 !!!     THIS MAY CAUSE SLOWDOWN IN PERFORMANCE     !!!
20240830 041906.646 INFO             PET2 !!! FOR PRODUCTION RUNS, USE:                      !!!
20240830 041906.646 INFO             PET2 !!!                   ESMF_LOGKIND_Multi_On_Error  !!!
20240830 041906.646 INFO             PET2 !!!!!!!!!!!!!!!!!!!!!!!!!!!!!!!!!!!!!!!!!!!!!!!!!!!!!!
20240830 041906.646 INFO             PET2 Running with ESMF Version   : v8.7.0b11-6-g82f8052f9c
20240830 041906.646 INFO             PET2 ESMF library build date/time: "Aug 30 2024" "03:31:56"
20240830 041906.646 INFO             PET2 ESMF library build location : /glade/derecho/scratch/sacks/esmf-testing/intel_2023.2.1-oneAPI_mpi_O_develop/esmf
20240830 041906.646 INFO             PET2 ESMF_COMM                   : mpi
20240830 041906.856 INFO             PET2 ESMF_MOAB                   : enabled
20240830 041906.856 INFO             PET2 ESMF_LAPACK                 : enabled
20240830 041906.856 INFO             PET2 ESMF_NETCDF                 : enabled
20240830 041906.856 INFO             PET2 ESMF_PNETCDF                : disabled
20240830 041906.856 INFO             PET2 ESMF_PIO                    : enabled
20240830 041906.856 INFO             PET2 ESMF_YAMLCPP                : enabled
20240830 041907.088 DEBUG            PET2 about to destroy Grid: 0x8832c0
20240830 041907.091 DEBUG            PET2 about to destroy Grid: 0x884270
20240830 041907.098 INFO             PET2  NUMBER_OF_PROCESSORS           4
20240830 041907.098 INFO             PET2  PASS  Example ESMF_NUOPCAtmModelEx, ESMF_NUOPCAtmModelEx.F90, line 806
20240830 041907.098 INFO             PET2  Finalizing ESMF
20240830 041906.852 INFO             PET3 !!!!!!!!!!!!!!!!!!!!!!!!!!!!!!!!!!!!!!!!!!!!!!!!!!!!!!
20240830 041906.852 INFO             PET3 !!! THE ESMF_LOG IS SET TO OUTPUT ALL LOG MESSAGES !!!
20240830 041906.852 INFO             PET3 !!!     THIS MAY CAUSE SLOWDOWN IN PERFORMANCE     !!!
20240830 041906.852 INFO             PET3 !!! FOR PRODUCTION RUNS, USE:                      !!!
20240830 041906.852 INFO             PET3 !!!                   ESMF_LOGKIND_Multi_On_Error  !!!
20240830 041906.852 INFO             PET3 !!!!!!!!!!!!!!!!!!!!!!!!!!!!!!!!!!!!!!!!!!!!!!!!!!!!!!
20240830 041906.852 INFO             PET3 Running with ESMF Version   : v8.7.0b11-6-g82f8052f9c
20240830 041906.852 INFO             PET3 ESMF library build date/time: "Aug 30 2024" "03:31:56"
20240830 041906.852 INFO             PET3 ESMF library build location : /glade/derecho/scratch/sacks/esmf-testing/intel_2023.2.1-oneAPI_mpi_O_develop/esmf
20240830 041906.852 INFO             PET3 ESMF_COMM                   : mpi
20240830 041907.061 INFO             PET3 ESMF_MOAB                   : enabled
20240830 041907.061 INFO             PET3 ESMF_LAPACK                 : enabled
20240830 041907.061 INFO             PET3 ESMF_NETCDF                 : enabled
20240830 041907.061 INFO             PET3 ESMF_PNETCDF                : disabled
20240830 041907.061 INFO             PET3 ESMF_PIO                    : enabled
20240830 041907.061 INFO             PET3 ESMF_YAMLCPP                : enabled
20240830 041907.088 DEBUG            PET3 about to destroy Grid: 0x8832d0
20240830 041907.091 DEBUG            PET3 about to destroy Grid: 0x884280
20240830 041907.098 INFO             PET3  NUMBER_OF_PROCESSORS           4
20240830 041907.098 INFO             PET3  PASS  Example ESMF_NUOPCAtmModelEx, ESMF_NUOPCAtmModelEx.F90, line 806
20240830 041907.098 INFO             PET3  Finalizing ESMF
