2024-10-04 09:06:01
20241004 113858.493 INFO             PET0 !!!!!!!!!!!!!!!!!!!!!!!!!!!!!!!!!!!!!!!!!!!!!!!!!!!!!!
20241004 113858.493 INFO             PET0 !!! THE ESMF_LOG IS SET TO OUTPUT ALL LOG MESSAGES !!!
20241004 113858.493 INFO             PET0 !!!     THIS MAY CAUSE SLOWDOWN IN PERFORMANCE     !!!
20241004 113858.493 INFO             PET0 !!! FOR PRODUCTION RUNS, USE:                      !!!
20241004 113858.493 INFO             PET0 !!!                   ESMF_LOGKIND_Multi_On_Error  !!!
20241004 113858.493 INFO             PET0 !!!!!!!!!!!!!!!!!!!!!!!!!!!!!!!!!!!!!!!!!!!!!!!!!!!!!!
20241004 113858.493 INFO             PET0 Running with ESMF Version   : v8.7.0
20241004 113858.493 INFO             PET0 ESMF library build date/time: "Oct  4 2024" "09:02:19"
20241004 113858.493 INFO             PET0 ESMF library build location : /scratch2/NCEPDEV/stmp1/Gerhard.Theurich/ESMF-Nightly-Testing/nvhpc_24.1_openmpi_O_v8.7.0/esmf
20241004 113858.493 INFO             PET0 ESMF_COMM                   : openmpi
20241004 113858.494 INFO             PET0 ESMF_MOAB                   : enabled
20241004 113858.494 INFO             PET0 ESMF_LAPACK                 : enabled
20241004 113858.494 INFO             PET0 ESMF_NETCDF                 : disabled
20241004 113858.494 INFO             PET0 ESMF_PNETCDF                : disabled
20241004 113858.494 INFO             PET0 ESMF_PIO                    : disabled
20241004 113858.494 INFO             PET0 ESMF_YAMLCPP                : enabled
20241004 113858.494 INFO             PET0  NUMBER_OF_PROCESSORS            4
20241004 113858.494 INFO             PET0  PASS  Example ESMF_VMUserMpiCommMultiEx, ESMF_VMUserMpiCommMultiEx.F90, line 126
20241004 113858.494 INFO             PET0  Finalizing ESMF with endflag==ESMF_END_KEEPMPI
20241004 113858.493 INFO             PET0 !!!!!!!!!!!!!!!!!!!!!!!!!!!!!!!!!!!!!!!!!!!!!!!!!!!!!!
20241004 113858.493 INFO             PET0 !!! THE ESMF_LOG IS SET TO OUTPUT ALL LOG MESSAGES !!!
20241004 113858.493 INFO             PET0 !!!     THIS MAY CAUSE SLOWDOWN IN PERFORMANCE     !!!
20241004 113858.493 INFO             PET0 !!! FOR PRODUCTION RUNS, USE:                      !!!
20241004 113858.493 INFO             PET0 !!!                   ESMF_LOGKIND_Multi_On_Error  !!!
20241004 113858.493 INFO             PET0 !!!!!!!!!!!!!!!!!!!!!!!!!!!!!!!!!!!!!!!!!!!!!!!!!!!!!!
20241004 113858.493 INFO             PET0 Running with ESMF Version   : v8.7.0
20241004 113858.493 INFO             PET0 ESMF library build date/time: "Oct  4 2024" "09:02:19"
20241004 113858.493 INFO             PET0 ESMF library build location : /scratch2/NCEPDEV/stmp1/Gerhard.Theurich/ESMF-Nightly-Testing/nvhpc_24.1_openmpi_O_v8.7.0/esmf
20241004 113858.493 INFO             PET0 ESMF_COMM                   : openmpi
20241004 113858.494 INFO             PET0 ESMF_MOAB                   : enabled
20241004 113858.494 INFO             PET0 ESMF_LAPACK                 : enabled
20241004 113858.494 INFO             PET0 ESMF_NETCDF                 : disabled
20241004 113858.494 INFO             PET0 ESMF_PNETCDF                : disabled
20241004 113858.494 INFO             PET0 ESMF_PIO                    : disabled
20241004 113858.494 INFO             PET0 ESMF_YAMLCPP                : enabled
20241004 113858.494 INFO             PET0  NUMBER_OF_PROCESSORS            4
20241004 113858.494 INFO             PET0  PASS  Example ESMF_VMUserMpiCommMultiEx, ESMF_VMUserMpiCommMultiEx.F90, line 154
20241004 113858.494 INFO             PET0  Finalizing ESMF with endflag==ESMF_END_KEEPMPI
20241004 113858.493 INFO             PET1 !!!!!!!!!!!!!!!!!!!!!!!!!!!!!!!!!!!!!!!!!!!!!!!!!!!!!!
20241004 113858.493 INFO             PET1 !!! THE ESMF_LOG IS SET TO OUTPUT ALL LOG MESSAGES !!!
20241004 113858.493 INFO             PET1 !!!     THIS MAY CAUSE SLOWDOWN IN PERFORMANCE     !!!
20241004 113858.493 INFO             PET1 !!! FOR PRODUCTION RUNS, USE:                      !!!
20241004 113858.493 INFO             PET1 !!!                   ESMF_LOGKIND_Multi_On_Error  !!!
20241004 113858.493 INFO             PET1 !!!!!!!!!!!!!!!!!!!!!!!!!!!!!!!!!!!!!!!!!!!!!!!!!!!!!!
20241004 113858.493 INFO             PET1 Running with ESMF Version   : v8.7.0
20241004 113858.493 INFO             PET1 ESMF library build date/time: "Oct  4 2024" "09:02:19"
20241004 113858.493 INFO             PET1 ESMF library build location : /scratch2/NCEPDEV/stmp1/Gerhard.Theurich/ESMF-Nightly-Testing/nvhpc_24.1_openmpi_O_v8.7.0/esmf
20241004 113858.493 INFO             PET1 ESMF_COMM                   : openmpi
20241004 113858.494 INFO             PET1 ESMF_MOAB                   : enabled
20241004 113858.494 INFO             PET1 ESMF_LAPACK                 : enabled
20241004 113858.494 INFO             PET1 ESMF_NETCDF                 : disabled
20241004 113858.494 INFO             PET1 ESMF_PNETCDF                : disabled
20241004 113858.494 INFO             PET1 ESMF_PIO                    : disabled
20241004 113858.494 INFO             PET1 ESMF_YAMLCPP                : enabled
20241004 113858.494 INFO             PET1  NUMBER_OF_PROCESSORS            4
20241004 113858.494 INFO             PET1  PASS  Example ESMF_VMUserMpiCommMultiEx, ESMF_VMUserMpiCommMultiEx.F90, line 126
20241004 113858.494 INFO             PET1  Finalizing ESMF with endflag==ESMF_END_KEEPMPI
20241004 113858.493 INFO             PET1 !!!!!!!!!!!!!!!!!!!!!!!!!!!!!!!!!!!!!!!!!!!!!!!!!!!!!!
20241004 113858.493 INFO             PET1 !!! THE ESMF_LOG IS SET TO OUTPUT ALL LOG MESSAGES !!!
20241004 113858.493 INFO             PET1 !!!     THIS MAY CAUSE SLOWDOWN IN PERFORMANCE     !!!
20241004 113858.493 INFO             PET1 !!! FOR PRODUCTION RUNS, USE:                      !!!
20241004 113858.493 INFO             PET1 !!!                   ESMF_LOGKIND_Multi_On_Error  !!!
20241004 113858.493 INFO             PET1 !!!!!!!!!!!!!!!!!!!!!!!!!!!!!!!!!!!!!!!!!!!!!!!!!!!!!!
20241004 113858.493 INFO             PET1 Running with ESMF Version   : v8.7.0
20241004 113858.493 INFO             PET1 ESMF library build date/time: "Oct  4 2024" "09:02:19"
20241004 113858.493 INFO             PET1 ESMF library build location : /scratch2/NCEPDEV/stmp1/Gerhard.Theurich/ESMF-Nightly-Testing/nvhpc_24.1_openmpi_O_v8.7.0/esmf
20241004 113858.493 INFO             PET1 ESMF_COMM                   : openmpi
20241004 113858.494 INFO             PET1 ESMF_MOAB                   : enabled
20241004 113858.494 INFO             PET1 ESMF_LAPACK                 : enabled
20241004 113858.494 INFO             PET1 ESMF_NETCDF                 : disabled
20241004 113858.494 INFO             PET1 ESMF_PNETCDF                : disabled
20241004 113858.494 INFO             PET1 ESMF_PIO                    : disabled
20241004 113858.494 INFO             PET1 ESMF_YAMLCPP                : enabled
20241004 113858.494 INFO             PET1  NUMBER_OF_PROCESSORS            4
20241004 113858.494 INFO             PET1  PASS  Example ESMF_VMUserMpiCommMultiEx, ESMF_VMUserMpiCommMultiEx.F90, line 154
20241004 113858.494 INFO             PET1  Finalizing ESMF with endflag==ESMF_END_KEEPMPI
