2024-10-05 09:05:00
20241005 102240.595 INFO             PET0 !!!!!!!!!!!!!!!!!!!!!!!!!!!!!!!!!!!!!!!!!!!!!!!!!!!!!!
20241005 102240.595 INFO             PET0 !!! THE ESMF_LOG IS SET TO OUTPUT ALL LOG MESSAGES !!!
20241005 102240.595 INFO             PET0 !!!     THIS MAY CAUSE SLOWDOWN IN PERFORMANCE     !!!
20241005 102240.595 INFO             PET0 !!! FOR PRODUCTION RUNS, USE:                      !!!
20241005 102240.595 INFO             PET0 !!!                   ESMF_LOGKIND_Multi_On_Error  !!!
20241005 102240.595 INFO             PET0 !!!!!!!!!!!!!!!!!!!!!!!!!!!!!!!!!!!!!!!!!!!!!!!!!!!!!!
20241005 102240.595 INFO             PET0 Running with ESMF Version   : v8.7.0
20241005 102240.595 INFO             PET0 ESMF library build date/time: "Oct  5 2024" "09:00:50"
20241005 102240.595 INFO             PET0 ESMF library build location : /scratch2/NCEPDEV/stmp1/Gerhard.Theurich/ESMF-Nightly-Testing/nvhpc_24.1_openmpi_O_v8.7.0/esmf
20241005 102240.595 INFO             PET0 ESMF_COMM                   : openmpi
20241005 102240.596 INFO             PET0 ESMF_MOAB                   : enabled
20241005 102240.596 INFO             PET0 ESMF_LAPACK                 : enabled
20241005 102240.596 INFO             PET0 ESMF_NETCDF                 : disabled
20241005 102240.596 INFO             PET0 ESMF_PNETCDF                : disabled
20241005 102240.596 INFO             PET0 ESMF_PIO                    : disabled
20241005 102240.596 INFO             PET0 ESMF_YAMLCPP                : enabled
20241005 102240.739 DEBUG            PET0 about to destroy Grid: 0xfc37d0
20241005 102240.743 DEBUG            PET0 about to destroy Grid: 0xfc5c50
20241005 102240.780 INFO             PET0  NUMBER_OF_PROCESSORS            4
20241005 102240.780 INFO             PET0  PASS  Example ESMF_NUOPCAtmModelEx, ESMF_NUOPCAtmModelEx.F90, line 806
20241005 102240.780 INFO             PET0  Finalizing ESMF
20241005 102240.595 INFO             PET1 !!!!!!!!!!!!!!!!!!!!!!!!!!!!!!!!!!!!!!!!!!!!!!!!!!!!!!
20241005 102240.595 INFO             PET1 !!! THE ESMF_LOG IS SET TO OUTPUT ALL LOG MESSAGES !!!
20241005 102240.595 INFO             PET1 !!!     THIS MAY CAUSE SLOWDOWN IN PERFORMANCE     !!!
20241005 102240.595 INFO             PET1 !!! FOR PRODUCTION RUNS, USE:                      !!!
20241005 102240.595 INFO             PET1 !!!                   ESMF_LOGKIND_Multi_On_Error  !!!
20241005 102240.595 INFO             PET1 !!!!!!!!!!!!!!!!!!!!!!!!!!!!!!!!!!!!!!!!!!!!!!!!!!!!!!
20241005 102240.595 INFO             PET1 Running with ESMF Version   : v8.7.0
20241005 102240.595 INFO             PET1 ESMF library build date/time: "Oct  5 2024" "09:00:50"
20241005 102240.595 INFO             PET1 ESMF library build location : /scratch2/NCEPDEV/stmp1/Gerhard.Theurich/ESMF-Nightly-Testing/nvhpc_24.1_openmpi_O_v8.7.0/esmf
20241005 102240.595 INFO             PET1 ESMF_COMM                   : openmpi
20241005 102240.596 INFO             PET1 ESMF_MOAB                   : enabled
20241005 102240.596 INFO             PET1 ESMF_LAPACK                 : enabled
20241005 102240.596 INFO             PET1 ESMF_NETCDF                 : disabled
20241005 102240.596 INFO             PET1 ESMF_PNETCDF                : disabled
20241005 102240.596 INFO             PET1 ESMF_PIO                    : disabled
20241005 102240.596 INFO             PET1 ESMF_YAMLCPP                : enabled
20241005 102240.740 DEBUG            PET1 about to destroy Grid: 0x95d9d0
20241005 102240.743 DEBUG            PET1 about to destroy Grid: 0x95f450
20241005 102240.780 INFO             PET1  NUMBER_OF_PROCESSORS            4
20241005 102240.780 INFO             PET1  PASS  Example ESMF_NUOPCAtmModelEx, ESMF_NUOPCAtmModelEx.F90, line 806
20241005 102240.780 INFO             PET1  Finalizing ESMF
20241005 102240.595 INFO             PET2 !!!!!!!!!!!!!!!!!!!!!!!!!!!!!!!!!!!!!!!!!!!!!!!!!!!!!!
20241005 102240.595 INFO             PET2 !!! THE ESMF_LOG IS SET TO OUTPUT ALL LOG MESSAGES !!!
20241005 102240.595 INFO             PET2 !!!     THIS MAY CAUSE SLOWDOWN IN PERFORMANCE     !!!
20241005 102240.595 INFO             PET2 !!! FOR PRODUCTION RUNS, USE:                      !!!
20241005 102240.595 INFO             PET2 !!!                   ESMF_LOGKIND_Multi_On_Error  !!!
20241005 102240.595 INFO             PET2 !!!!!!!!!!!!!!!!!!!!!!!!!!!!!!!!!!!!!!!!!!!!!!!!!!!!!!
20241005 102240.595 INFO             PET2 Running with ESMF Version   : v8.7.0
20241005 102240.595 INFO             PET2 ESMF library build date/time: "Oct  5 2024" "09:00:50"
20241005 102240.595 INFO             PET2 ESMF library build location : /scratch2/NCEPDEV/stmp1/Gerhard.Theurich/ESMF-Nightly-Testing/nvhpc_24.1_openmpi_O_v8.7.0/esmf
20241005 102240.595 INFO             PET2 ESMF_COMM                   : openmpi
20241005 102240.596 INFO             PET2 ESMF_MOAB                   : enabled
20241005 102240.596 INFO             PET2 ESMF_LAPACK                 : enabled
20241005 102240.596 INFO             PET2 ESMF_NETCDF                 : disabled
20241005 102240.596 INFO             PET2 ESMF_PNETCDF                : disabled
20241005 102240.596 INFO             PET2 ESMF_PIO                    : disabled
20241005 102240.596 INFO             PET2 ESMF_YAMLCPP                : enabled
20241005 102240.739 DEBUG            PET2 about to destroy Grid: 0x204a920
20241005 102240.743 DEBUG            PET2 about to destroy Grid: 0x204bd70
20241005 102240.780 INFO             PET2  NUMBER_OF_PROCESSORS            4
20241005 102240.780 INFO             PET2  PASS  Example ESMF_NUOPCAtmModelEx, ESMF_NUOPCAtmModelEx.F90, line 806
20241005 102240.780 INFO             PET2  Finalizing ESMF
20241005 102240.596 INFO             PET3 !!!!!!!!!!!!!!!!!!!!!!!!!!!!!!!!!!!!!!!!!!!!!!!!!!!!!!
20241005 102240.596 INFO             PET3 !!! THE ESMF_LOG IS SET TO OUTPUT ALL LOG MESSAGES !!!
20241005 102240.596 INFO             PET3 !!!     THIS MAY CAUSE SLOWDOWN IN PERFORMANCE     !!!
20241005 102240.596 INFO             PET3 !!! FOR PRODUCTION RUNS, USE:                      !!!
20241005 102240.596 INFO             PET3 !!!                   ESMF_LOGKIND_Multi_On_Error  !!!
20241005 102240.596 INFO             PET3 !!!!!!!!!!!!!!!!!!!!!!!!!!!!!!!!!!!!!!!!!!!!!!!!!!!!!!
20241005 102240.596 INFO             PET3 Running with ESMF Version   : v8.7.0
20241005 102240.596 INFO             PET3 ESMF library build date/time: "Oct  5 2024" "09:00:50"
20241005 102240.596 INFO             PET3 ESMF library build location : /scratch2/NCEPDEV/stmp1/Gerhard.Theurich/ESMF-Nightly-Testing/nvhpc_24.1_openmpi_O_v8.7.0/esmf
20241005 102240.596 INFO             PET3 ESMF_COMM                   : openmpi
20241005 102240.596 INFO             PET3 ESMF_MOAB                   : enabled
20241005 102240.596 INFO             PET3 ESMF_LAPACK                 : enabled
20241005 102240.596 INFO             PET3 ESMF_NETCDF                 : disabled
20241005 102240.596 INFO             PET3 ESMF_PNETCDF                : disabled
20241005 102240.596 INFO             PET3 ESMF_PIO                    : disabled
20241005 102240.597 INFO             PET3 ESMF_YAMLCPP                : enabled
20241005 102240.740 DEBUG            PET3 about to destroy Grid: 0x1e302b0
20241005 102240.743 DEBUG            PET3 about to destroy Grid: 0x1e34570
20241005 102240.780 INFO             PET3  NUMBER_OF_PROCESSORS            4
20241005 102240.780 INFO             PET3  PASS  Example ESMF_NUOPCAtmModelEx, ESMF_NUOPCAtmModelEx.F90, line 806
20241005 102240.780 INFO             PET3  Finalizing ESMF
