2024-09-08 02:11:56
20240908 025251.873 INFO             PET0 !!!!!!!!!!!!!!!!!!!!!!!!!!!!!!!!!!!!!!!!!!!!!!!!!!!!!!
20240908 025251.875 INFO             PET0 !!! THE ESMF_LOG IS SET TO OUTPUT ALL LOG MESSAGES !!!
20240908 025251.875 INFO             PET0 !!!     THIS MAY CAUSE SLOWDOWN IN PERFORMANCE     !!!
20240908 025251.875 INFO             PET0 !!! FOR PRODUCTION RUNS, USE:                      !!!
20240908 025251.875 INFO             PET0 !!!                   ESMF_LOGKIND_Multi_On_Error  !!!
20240908 025251.875 INFO             PET0 !!!!!!!!!!!!!!!!!!!!!!!!!!!!!!!!!!!!!!!!!!!!!!!!!!!!!!
20240908 025251.875 INFO             PET0 Running with ESMF Version   : v8.7.0b13-3-gedb848d90b
20240908 025251.875 INFO             PET0 ESMF library build date/time: "Sep  8 2024" "02:09:27"
20240908 025251.875 INFO             PET0 ESMF library build location : /project/esmf/sacks/esmf-testing/gfortran_11.2.0_openmpi_g_develop/esmf
20240908 025251.875 INFO             PET0 ESMF_COMM                   : openmpi
20240908 025251.875 INFO             PET0 ESMF_MOAB                   : enabled
20240908 025251.875 INFO             PET0 ESMF_LAPACK                 : enabled
20240908 025251.875 INFO             PET0 ESMF_NETCDF                 : enabled
20240908 025251.875 INFO             PET0 ESMF_PNETCDF                : disabled
20240908 025251.875 INFO             PET0 ESMF_PIO                    : enabled
20240908 025251.875 INFO             PET0 ESMF_YAMLCPP                : enabled
20240908 025251.879 INFO             PET0 =============================================
20240908 025251.879 INFO             PET0 ESMX (Earth System Model eXecutable) STARTING
20240908 025251.879 INFO             PET0 =============================================
20240908 025251.908 INFO             PET0 =============================================
20240908 025251.908 INFO             PET0 ESMX (Earth System Model eXecutable) FINISHED
20240908 025251.908 INFO             PET0 =============================================
20240908 025251.908 INFO             PET0  Finalizing ESMF
20240908 025251.873 INFO             PET1 !!!!!!!!!!!!!!!!!!!!!!!!!!!!!!!!!!!!!!!!!!!!!!!!!!!!!!
20240908 025251.874 INFO             PET1 !!! THE ESMF_LOG IS SET TO OUTPUT ALL LOG MESSAGES !!!
20240908 025251.874 INFO             PET1 !!!     THIS MAY CAUSE SLOWDOWN IN PERFORMANCE     !!!
20240908 025251.874 INFO             PET1 !!! FOR PRODUCTION RUNS, USE:                      !!!
20240908 025251.874 INFO             PET1 !!!                   ESMF_LOGKIND_Multi_On_Error  !!!
20240908 025251.874 INFO             PET1 !!!!!!!!!!!!!!!!!!!!!!!!!!!!!!!!!!!!!!!!!!!!!!!!!!!!!!
20240908 025251.874 INFO             PET1 Running with ESMF Version   : v8.7.0b13-3-gedb848d90b
20240908 025251.874 INFO             PET1 ESMF library build date/time: "Sep  8 2024" "02:09:27"
20240908 025251.874 INFO             PET1 ESMF library build location : /project/esmf/sacks/esmf-testing/gfortran_11.2.0_openmpi_g_develop/esmf
20240908 025251.874 INFO             PET1 ESMF_COMM                   : openmpi
20240908 025251.875 INFO             PET1 ESMF_MOAB                   : enabled
20240908 025251.875 INFO             PET1 ESMF_LAPACK                 : enabled
20240908 025251.875 INFO             PET1 ESMF_NETCDF                 : enabled
20240908 025251.875 INFO             PET1 ESMF_PNETCDF                : disabled
20240908 025251.875 INFO             PET1 ESMF_PIO                    : enabled
20240908 025251.875 INFO             PET1 ESMF_YAMLCPP                : enabled
20240908 025251.879 INFO             PET1 =============================================
20240908 025251.879 INFO             PET1 ESMX (Earth System Model eXecutable) STARTING
20240908 025251.879 INFO             PET1 =============================================
20240908 025251.908 INFO             PET1 =============================================
20240908 025251.908 INFO             PET1 ESMX (Earth System Model eXecutable) FINISHED
20240908 025251.908 INFO             PET1 =============================================
20240908 025251.908 INFO             PET1  Finalizing ESMF
20240908 025251.873 INFO             PET2 !!!!!!!!!!!!!!!!!!!!!!!!!!!!!!!!!!!!!!!!!!!!!!!!!!!!!!
20240908 025251.875 INFO             PET2 !!! THE ESMF_LOG IS SET TO OUTPUT ALL LOG MESSAGES !!!
20240908 025251.875 INFO             PET2 !!!     THIS MAY CAUSE SLOWDOWN IN PERFORMANCE     !!!
20240908 025251.875 INFO             PET2 !!! FOR PRODUCTION RUNS, USE:                      !!!
20240908 025251.875 INFO             PET2 !!!                   ESMF_LOGKIND_Multi_On_Error  !!!
20240908 025251.875 INFO             PET2 !!!!!!!!!!!!!!!!!!!!!!!!!!!!!!!!!!!!!!!!!!!!!!!!!!!!!!
20240908 025251.875 INFO             PET2 Running with ESMF Version   : v8.7.0b13-3-gedb848d90b
20240908 025251.875 INFO             PET2 ESMF library build date/time: "Sep  8 2024" "02:09:27"
20240908 025251.875 INFO             PET2 ESMF library build location : /project/esmf/sacks/esmf-testing/gfortran_11.2.0_openmpi_g_develop/esmf
20240908 025251.875 INFO             PET2 ESMF_COMM                   : openmpi
20240908 025251.875 INFO             PET2 ESMF_MOAB                   : enabled
20240908 025251.875 INFO             PET2 ESMF_LAPACK                 : enabled
20240908 025251.875 INFO             PET2 ESMF_NETCDF                 : enabled
20240908 025251.875 INFO             PET2 ESMF_PNETCDF                : disabled
20240908 025251.875 INFO             PET2 ESMF_PIO                    : enabled
20240908 025251.875 INFO             PET2 ESMF_YAMLCPP                : enabled
20240908 025251.879 INFO             PET2 =============================================
20240908 025251.879 INFO             PET2 ESMX (Earth System Model eXecutable) STARTING
20240908 025251.879 INFO             PET2 =============================================
20240908 025251.908 INFO             PET2 =============================================
20240908 025251.908 INFO             PET2 ESMX (Earth System Model eXecutable) FINISHED
20240908 025251.908 INFO             PET2 =============================================
20240908 025251.908 INFO             PET2  Finalizing ESMF
20240908 025251.873 INFO             PET3 !!!!!!!!!!!!!!!!!!!!!!!!!!!!!!!!!!!!!!!!!!!!!!!!!!!!!!
20240908 025251.875 INFO             PET3 !!! THE ESMF_LOG IS SET TO OUTPUT ALL LOG MESSAGES !!!
20240908 025251.875 INFO             PET3 !!!     THIS MAY CAUSE SLOWDOWN IN PERFORMANCE     !!!
20240908 025251.875 INFO             PET3 !!! FOR PRODUCTION RUNS, USE:                      !!!
20240908 025251.875 INFO             PET3 !!!                   ESMF_LOGKIND_Multi_On_Error  !!!
20240908 025251.875 INFO             PET3 !!!!!!!!!!!!!!!!!!!!!!!!!!!!!!!!!!!!!!!!!!!!!!!!!!!!!!
20240908 025251.875 INFO             PET3 Running with ESMF Version   : v8.7.0b13-3-gedb848d90b
20240908 025251.875 INFO             PET3 ESMF library build date/time: "Sep  8 2024" "02:09:27"
20240908 025251.875 INFO             PET3 ESMF library build location : /project/esmf/sacks/esmf-testing/gfortran_11.2.0_openmpi_g_develop/esmf
20240908 025251.875 INFO             PET3 ESMF_COMM                   : openmpi
20240908 025251.875 INFO             PET3 ESMF_MOAB                   : enabled
20240908 025251.875 INFO             PET3 ESMF_LAPACK                 : enabled
20240908 025251.875 INFO             PET3 ESMF_NETCDF                 : enabled
20240908 025251.875 INFO             PET3 ESMF_PNETCDF                : disabled
20240908 025251.875 INFO             PET3 ESMF_PIO                    : enabled
20240908 025251.875 INFO             PET3 ESMF_YAMLCPP                : enabled
20240908 025251.879 INFO             PET3 =============================================
20240908 025251.879 INFO             PET3 ESMX (Earth System Model eXecutable) STARTING
20240908 025251.879 INFO             PET3 =============================================
20240908 025251.908 INFO             PET3 =============================================
20240908 025251.908 INFO             PET3 ESMX (Earth System Model eXecutable) FINISHED
20240908 025251.908 INFO             PET3 =============================================
20240908 025251.908 INFO             PET3  Finalizing ESMF
