2024-10-06 04:11:09
20241006 045313.904 INFO             PET0 !!!!!!!!!!!!!!!!!!!!!!!!!!!!!!!!!!!!!!!!!!!!!!!!!!!!!!
20241006 045313.905 INFO             PET0 !!! THE ESMF_LOG IS SET TO OUTPUT ALL LOG MESSAGES !!!
20241006 045313.905 INFO             PET0 !!!     THIS MAY CAUSE SLOWDOWN IN PERFORMANCE     !!!
20241006 045313.905 INFO             PET0 !!! FOR PRODUCTION RUNS, USE:                      !!!
20241006 045313.905 INFO             PET0 !!!                   ESMF_LOGKIND_Multi_On_Error  !!!
20241006 045313.905 INFO             PET0 !!!!!!!!!!!!!!!!!!!!!!!!!!!!!!!!!!!!!!!!!!!!!!!!!!!!!!
20241006 045313.905 INFO             PET0 Running with ESMF Version   : v8.7.0b14-13-g0d4b825343
20241006 045313.905 INFO             PET0 ESMF library build date/time: "Oct  6 2024" "04:08:41"
20241006 045313.905 INFO             PET0 ESMF library build location : /project/esmf/sacks/esmf-testing/gfortran_11.2.0_openmpi_g_develop/esmf
20241006 045313.905 INFO             PET0 ESMF_COMM                   : openmpi
20241006 045313.906 INFO             PET0 ESMF_MOAB                   : enabled
20241006 045313.906 INFO             PET0 ESMF_LAPACK                 : enabled
20241006 045313.906 INFO             PET0 ESMF_NETCDF                 : enabled
20241006 045313.906 INFO             PET0 ESMF_PNETCDF                : disabled
20241006 045313.906 INFO             PET0 ESMF_PIO                    : enabled
20241006 045313.906 INFO             PET0 ESMF_YAMLCPP                : enabled
20241006 045313.911 INFO             PET0 =============================================
20241006 045313.911 INFO             PET0 ESMX (Earth System Model eXecutable) STARTING
20241006 045313.911 INFO             PET0 =============================================
20241006 045313.933 INFO             PET0 ESMX_Driver: InitializeGeneric intro.
20241006 045313.933 INFO             PET0   ESMX_Driver: InitializeP0 intro.
20241006 045313.933 INFO             PET0   ESMX_Driver: InitializeP0 extro.
20241006 045313.934 INFO             PET0   ESMX_Driver: InitializeIPDv02p1 intro.
20241006 045313.934 INFO             PET0     >>>ESMX_Driver: entered Initialize (phase=<none>) without valid internal Clock.
20241006 045313.939 INFO             PET0     ESMX_Driver: IInitAdvertise intro.
20241006 045313.939 INFO             PET0     ESMX_Driver: IInitAdvertise extro.
20241006 045313.939 INFO             PET0     ESMX_Driver: IInitAdvertiseFinish intro.
20241006 045313.939 INFO             PET0     ESMX_Driver: IInitAdvertiseFinish extro.
20241006 045313.940 INFO             PET0     ESMX_Driver: IInitModifyCplLists intro.
20241006 045313.940 INFO             PET0     ESMX_Driver: IInitModifyCplLists extro.
20241006 045313.940 INFO             PET0     <<<ESMX_Driver: leaving Initialize (phase=<none>) with current time: 2012 10 24  8  0  0   0
20241006 045313.940 INFO             PET0   ESMX_Driver: InitializeIPDv02p1 extro.
20241006 045313.940 INFO             PET0   ESMX_Driver: InitializeIPDv02p3 intro.
20241006 045313.940 INFO             PET0     >>>ESMX_Driver: entered Initialize (phase=<none>) with current time: 2012 10 24  8  0  0   0
20241006 045313.941 INFO             PET0     ESMX_Driver: IInitCheck intro.
20241006 045313.941 INFO             PET0     ESMX_Driver: IInitCheck extro.
20241006 045313.941 INFO             PET0     ESMX_Driver: IInitRealize intro.
20241006 045313.941 INFO             PET0     ESMX_Driver: IInitRealize extro.
20241006 045313.942 INFO             PET0     <<<ESMX_Driver: leaving Initialize (phase=<none>) with current time: 2012 10 24  8  0  0   0
20241006 045313.942 INFO             PET0   ESMX_Driver: InitializeIPDv02p3 extro.
20241006 045313.942 INFO             PET0   ESMX_Driver: InitializeIPDv02p5 intro.
20241006 045313.942 INFO             PET0     >>>ESMX_Driver: entered Initialize (phase=<none>) with current time: 2012 10 24  8  0  0   0
20241006 045313.942 INFO             PET0     ESMX_Driver: InitializeIPDv02p5Data intro.
20241006 045313.942 INFO             PET0       ESMX_Driver: InternalInitializeComplete intro.
20241006 045313.943 INFO             PET0       ESMX_Driver: InternalInitializeComplete extro.
20241006 045313.943 INFO             PET0       ESMX_Driver: loopDataDependentInitialize intro.
20241006 045313.943 INFO             PET0       ESMX_Driver: loopDataDependentInitialize extro.
20241006 045313.943 INFO             PET0     ESMX_Driver: InitializeIPDv02p5Data extro.
20241006 045313.943 INFO             PET0     <<<ESMX_Driver: leaving Initialize (phase=<none>) with current time: 2012 10 24  8  0  0   0
20241006 045313.943 INFO             PET0   ESMX_Driver: InitializeIPDv02p5 extro.
20241006 045313.943 INFO             PET0 ESMX_Driver: InitializeGeneric extro.
20241006 045313.943 INFO             PET0 ESMX_Driver: Run intro.
20241006 045313.944 INFO             PET0   >>>ESMX_Driver: entered Run (phase=RunPhase1) with current time: 2012 10 24  8  0  0   0
20241006 045313.944 INFO             PET0   <<<ESMX_Driver: leaving Run (phase=RunPhase1) with current time: 2012 10 24  8  0  0   0
20241006 045313.944 INFO             PET0 ESMX_Driver: Run extro.
20241006 045313.944 INFO             PET0 ESMX_Driver: Finalize intro.
20241006 045313.944 INFO             PET0 ESMX_Driver: Finalize extro.
20241006 045313.944 INFO             PET0 =============================================
20241006 045313.944 INFO             PET0 ESMX (Earth System Model eXecutable) FINISHED
20241006 045313.944 INFO             PET0 =============================================
20241006 045313.944 INFO             PET0  Finalizing ESMF
20241006 045313.904 INFO             PET1 !!!!!!!!!!!!!!!!!!!!!!!!!!!!!!!!!!!!!!!!!!!!!!!!!!!!!!
20241006 045313.908 INFO             PET1 !!! THE ESMF_LOG IS SET TO OUTPUT ALL LOG MESSAGES !!!
20241006 045313.908 INFO             PET1 !!!     THIS MAY CAUSE SLOWDOWN IN PERFORMANCE     !!!
20241006 045313.908 INFO             PET1 !!! FOR PRODUCTION RUNS, USE:                      !!!
20241006 045313.908 INFO             PET1 !!!                   ESMF_LOGKIND_Multi_On_Error  !!!
20241006 045313.908 INFO             PET1 !!!!!!!!!!!!!!!!!!!!!!!!!!!!!!!!!!!!!!!!!!!!!!!!!!!!!!
20241006 045313.908 INFO             PET1 Running with ESMF Version   : v8.7.0b14-13-g0d4b825343
20241006 045313.908 INFO             PET1 ESMF library build date/time: "Oct  6 2024" "04:08:41"
20241006 045313.908 INFO             PET1 ESMF library build location : /project/esmf/sacks/esmf-testing/gfortran_11.2.0_openmpi_g_develop/esmf
20241006 045313.908 INFO             PET1 ESMF_COMM                   : openmpi
20241006 045313.908 INFO             PET1 ESMF_MOAB                   : enabled
20241006 045313.908 INFO             PET1 ESMF_LAPACK                 : enabled
20241006 045313.908 INFO             PET1 ESMF_NETCDF                 : enabled
20241006 045313.908 INFO             PET1 ESMF_PNETCDF                : disabled
20241006 045313.908 INFO             PET1 ESMF_PIO                    : enabled
20241006 045313.908 INFO             PET1 ESMF_YAMLCPP                : enabled
20241006 045313.911 INFO             PET1 =============================================
20241006 045313.911 INFO             PET1 ESMX (Earth System Model eXecutable) STARTING
20241006 045313.911 INFO             PET1 =============================================
20241006 045313.933 INFO             PET1 ESMX_Driver: InitializeGeneric intro.
20241006 045313.933 INFO             PET1   ESMX_Driver: InitializeP0 intro.
20241006 045313.933 INFO             PET1   ESMX_Driver: InitializeP0 extro.
20241006 045313.933 INFO             PET1   ESMX_Driver: InitializeIPDv02p1 intro.
20241006 045313.933 INFO             PET1     >>>ESMX_Driver: entered Initialize (phase=<none>) without valid internal Clock.
20241006 045313.938 INFO             PET1     ESMX_Driver: IInitAdvertise intro.
20241006 045313.939 INFO             PET1     ESMX_Driver: IInitAdvertise extro.
20241006 045313.939 INFO             PET1     ESMX_Driver: IInitAdvertiseFinish intro.
20241006 045313.939 INFO             PET1     ESMX_Driver: IInitAdvertiseFinish extro.
20241006 045313.939 INFO             PET1     ESMX_Driver: IInitModifyCplLists intro.
20241006 045313.940 INFO             PET1     ESMX_Driver: IInitModifyCplLists extro.
20241006 045313.940 INFO             PET1     <<<ESMX_Driver: leaving Initialize (phase=<none>) with current time: 2012 10 24  8  0  0   0
20241006 045313.940 INFO             PET1   ESMX_Driver: InitializeIPDv02p1 extro.
20241006 045313.940 INFO             PET1   ESMX_Driver: InitializeIPDv02p3 intro.
20241006 045313.940 INFO             PET1     >>>ESMX_Driver: entered Initialize (phase=<none>) with current time: 2012 10 24  8  0  0   0
20241006 045313.940 INFO             PET1     ESMX_Driver: IInitCheck intro.
20241006 045313.941 INFO             PET1     ESMX_Driver: IInitCheck extro.
20241006 045313.941 INFO             PET1     ESMX_Driver: IInitRealize intro.
20241006 045313.941 INFO             PET1     ESMX_Driver: IInitRealize extro.
20241006 045313.941 INFO             PET1     <<<ESMX_Driver: leaving Initialize (phase=<none>) with current time: 2012 10 24  8  0  0   0
20241006 045313.941 INFO             PET1   ESMX_Driver: InitializeIPDv02p3 extro.
20241006 045313.941 INFO             PET1   ESMX_Driver: InitializeIPDv02p5 intro.
20241006 045313.942 INFO             PET1     >>>ESMX_Driver: entered Initialize (phase=<none>) with current time: 2012 10 24  8  0  0   0
20241006 045313.942 INFO             PET1     ESMX_Driver: InitializeIPDv02p5Data intro.
20241006 045313.942 INFO             PET1       ESMX_Driver: InternalInitializeComplete intro.
20241006 045313.942 INFO             PET1       ESMX_Driver: InternalInitializeComplete extro.
20241006 045313.943 INFO             PET1       ESMX_Driver: loopDataDependentInitialize intro.
20241006 045313.943 INFO             PET1       ESMX_Driver: loopDataDependentInitialize extro.
20241006 045313.943 INFO             PET1     ESMX_Driver: InitializeIPDv02p5Data extro.
20241006 045313.943 INFO             PET1     <<<ESMX_Driver: leaving Initialize (phase=<none>) with current time: 2012 10 24  8  0  0   0
20241006 045313.943 INFO             PET1   ESMX_Driver: InitializeIPDv02p5 extro.
20241006 045313.943 INFO             PET1 ESMX_Driver: InitializeGeneric extro.
20241006 045313.943 INFO             PET1 ESMX_Driver: Run intro.
20241006 045313.944 INFO             PET1   >>>ESMX_Driver: entered Run (phase=RunPhase1) with current time: 2012 10 24  8  0  0   0
20241006 045313.944 INFO             PET1   <<<ESMX_Driver: leaving Run (phase=RunPhase1) with current time: 2012 10 24  8  0  0   0
20241006 045313.944 INFO             PET1 ESMX_Driver: Run extro.
20241006 045313.944 INFO             PET1 ESMX_Driver: Finalize intro.
20241006 045313.944 INFO             PET1 ESMX_Driver: Finalize extro.
20241006 045313.944 INFO             PET1 =============================================
20241006 045313.944 INFO             PET1 ESMX (Earth System Model eXecutable) FINISHED
20241006 045313.944 INFO             PET1 =============================================
20241006 045313.944 INFO             PET1  Finalizing ESMF
20241006 045313.904 INFO             PET2 !!!!!!!!!!!!!!!!!!!!!!!!!!!!!!!!!!!!!!!!!!!!!!!!!!!!!!
20241006 045313.905 INFO             PET2 !!! THE ESMF_LOG IS SET TO OUTPUT ALL LOG MESSAGES !!!
20241006 045313.905 INFO             PET2 !!!     THIS MAY CAUSE SLOWDOWN IN PERFORMANCE     !!!
20241006 045313.905 INFO             PET2 !!! FOR PRODUCTION RUNS, USE:                      !!!
20241006 045313.905 INFO             PET2 !!!                   ESMF_LOGKIND_Multi_On_Error  !!!
20241006 045313.905 INFO             PET2 !!!!!!!!!!!!!!!!!!!!!!!!!!!!!!!!!!!!!!!!!!!!!!!!!!!!!!
20241006 045313.905 INFO             PET2 Running with ESMF Version   : v8.7.0b14-13-g0d4b825343
20241006 045313.905 INFO             PET2 ESMF library build date/time: "Oct  6 2024" "04:08:41"
20241006 045313.905 INFO             PET2 ESMF library build location : /project/esmf/sacks/esmf-testing/gfortran_11.2.0_openmpi_g_develop/esmf
20241006 045313.905 INFO             PET2 ESMF_COMM                   : openmpi
20241006 045313.905 INFO             PET2 ESMF_MOAB                   : enabled
20241006 045313.905 INFO             PET2 ESMF_LAPACK                 : enabled
20241006 045313.905 INFO             PET2 ESMF_NETCDF                 : enabled
20241006 045313.906 INFO             PET2 ESMF_PNETCDF                : disabled
20241006 045313.906 INFO             PET2 ESMF_PIO                    : enabled
20241006 045313.906 INFO             PET2 ESMF_YAMLCPP                : enabled
20241006 045313.911 INFO             PET2 =============================================
20241006 045313.911 INFO             PET2 ESMX (Earth System Model eXecutable) STARTING
20241006 045313.911 INFO             PET2 =============================================
20241006 045313.933 INFO             PET2 ESMX_Driver: InitializeGeneric intro.
20241006 045313.933 INFO             PET2   ESMX_Driver: InitializeP0 intro.
20241006 045313.933 INFO             PET2   ESMX_Driver: InitializeP0 extro.
20241006 045313.933 INFO             PET2   ESMX_Driver: InitializeIPDv02p1 intro.
20241006 045313.933 INFO             PET2     >>>ESMX_Driver: entered Initialize (phase=<none>) without valid internal Clock.
20241006 045313.938 INFO             PET2     ESMX_Driver: IInitAdvertise intro.
20241006 045313.938 INFO             PET2     ESMX_Driver: IInitAdvertise extro.
20241006 045313.939 INFO             PET2     ESMX_Driver: IInitAdvertiseFinish intro.
20241006 045313.939 INFO             PET2     ESMX_Driver: IInitAdvertiseFinish extro.
20241006 045313.940 INFO             PET2     ESMX_Driver: IInitModifyCplLists intro.
20241006 045313.940 INFO             PET2     ESMX_Driver: IInitModifyCplLists extro.
20241006 045313.940 INFO             PET2     <<<ESMX_Driver: leaving Initialize (phase=<none>) with current time: 2012 10 24  8  0  0   0
20241006 045313.940 INFO             PET2   ESMX_Driver: InitializeIPDv02p1 extro.
20241006 045313.940 INFO             PET2   ESMX_Driver: InitializeIPDv02p3 intro.
20241006 045313.940 INFO             PET2     >>>ESMX_Driver: entered Initialize (phase=<none>) with current time: 2012 10 24  8  0  0   0
20241006 045313.941 INFO             PET2     ESMX_Driver: IInitCheck intro.
20241006 045313.941 INFO             PET2     ESMX_Driver: IInitCheck extro.
20241006 045313.941 INFO             PET2     ESMX_Driver: IInitRealize intro.
20241006 045313.941 INFO             PET2     ESMX_Driver: IInitRealize extro.
20241006 045313.941 INFO             PET2     <<<ESMX_Driver: leaving Initialize (phase=<none>) with current time: 2012 10 24  8  0  0   0
20241006 045313.941 INFO             PET2   ESMX_Driver: InitializeIPDv02p3 extro.
20241006 045313.942 INFO             PET2   ESMX_Driver: InitializeIPDv02p5 intro.
20241006 045313.942 INFO             PET2     >>>ESMX_Driver: entered Initialize (phase=<none>) with current time: 2012 10 24  8  0  0   0
20241006 045313.942 INFO             PET2     ESMX_Driver: InitializeIPDv02p5Data intro.
20241006 045313.942 INFO             PET2       ESMX_Driver: InternalInitializeComplete intro.
20241006 045313.942 INFO             PET2       ESMX_Driver: InternalInitializeComplete extro.
20241006 045313.943 INFO             PET2       ESMX_Driver: loopDataDependentInitialize intro.
20241006 045313.943 INFO             PET2       ESMX_Driver: loopDataDependentInitialize extro.
20241006 045313.943 INFO             PET2     ESMX_Driver: InitializeIPDv02p5Data extro.
20241006 045313.943 INFO             PET2     <<<ESMX_Driver: leaving Initialize (phase=<none>) with current time: 2012 10 24  8  0  0   0
20241006 045313.943 INFO             PET2   ESMX_Driver: InitializeIPDv02p5 extro.
20241006 045313.943 INFO             PET2 ESMX_Driver: InitializeGeneric extro.
20241006 045313.943 INFO             PET2 ESMX_Driver: Run intro.
20241006 045313.944 INFO             PET2   >>>ESMX_Driver: entered Run (phase=RunPhase1) with current time: 2012 10 24  8  0  0   0
20241006 045313.944 INFO             PET2   <<<ESMX_Driver: leaving Run (phase=RunPhase1) with current time: 2012 10 24  8  0  0   0
20241006 045313.944 INFO             PET2 ESMX_Driver: Run extro.
20241006 045313.944 INFO             PET2 ESMX_Driver: Finalize intro.
20241006 045313.944 INFO             PET2 ESMX_Driver: Finalize extro.
20241006 045313.944 INFO             PET2 =============================================
20241006 045313.944 INFO             PET2 ESMX (Earth System Model eXecutable) FINISHED
20241006 045313.944 INFO             PET2 =============================================
20241006 045313.944 INFO             PET2  Finalizing ESMF
20241006 045313.904 INFO             PET3 !!!!!!!!!!!!!!!!!!!!!!!!!!!!!!!!!!!!!!!!!!!!!!!!!!!!!!
20241006 045313.905 INFO             PET3 !!! THE ESMF_LOG IS SET TO OUTPUT ALL LOG MESSAGES !!!
20241006 045313.905 INFO             PET3 !!!     THIS MAY CAUSE SLOWDOWN IN PERFORMANCE     !!!
20241006 045313.905 INFO             PET3 !!! FOR PRODUCTION RUNS, USE:                      !!!
20241006 045313.905 INFO             PET3 !!!                   ESMF_LOGKIND_Multi_On_Error  !!!
20241006 045313.905 INFO             PET3 !!!!!!!!!!!!!!!!!!!!!!!!!!!!!!!!!!!!!!!!!!!!!!!!!!!!!!
20241006 045313.905 INFO             PET3 Running with ESMF Version   : v8.7.0b14-13-g0d4b825343
20241006 045313.905 INFO             PET3 ESMF library build date/time: "Oct  6 2024" "04:08:41"
20241006 045313.905 INFO             PET3 ESMF library build location : /project/esmf/sacks/esmf-testing/gfortran_11.2.0_openmpi_g_develop/esmf
20241006 045313.905 INFO             PET3 ESMF_COMM                   : openmpi
20241006 045313.905 INFO             PET3 ESMF_MOAB                   : enabled
20241006 045313.905 INFO             PET3 ESMF_LAPACK                 : enabled
20241006 045313.905 INFO             PET3 ESMF_NETCDF                 : enabled
20241006 045313.905 INFO             PET3 ESMF_PNETCDF                : disabled
20241006 045313.905 INFO             PET3 ESMF_PIO                    : enabled
20241006 045313.905 INFO             PET3 ESMF_YAMLCPP                : enabled
20241006 045313.911 INFO             PET3 =============================================
20241006 045313.911 INFO             PET3 ESMX (Earth System Model eXecutable) STARTING
20241006 045313.911 INFO             PET3 =============================================
20241006 045313.933 INFO             PET3 ESMX_Driver: InitializeGeneric intro.
20241006 045313.933 INFO             PET3   ESMX_Driver: InitializeP0 intro.
20241006 045313.933 INFO             PET3   ESMX_Driver: InitializeP0 extro.
20241006 045313.933 INFO             PET3   ESMX_Driver: InitializeIPDv02p1 intro.
20241006 045313.934 INFO             PET3     >>>ESMX_Driver: entered Initialize (phase=<none>) without valid internal Clock.
20241006 045313.939 INFO             PET3     ESMX_Driver: IInitAdvertise intro.
20241006 045313.939 INFO             PET3     ESMX_Driver: IInitAdvertise extro.
20241006 045313.939 INFO             PET3     ESMX_Driver: IInitAdvertiseFinish intro.
20241006 045313.939 INFO             PET3     ESMX_Driver: IInitAdvertiseFinish extro.
20241006 045313.940 INFO             PET3     ESMX_Driver: IInitModifyCplLists intro.
20241006 045313.940 INFO             PET3     ESMX_Driver: IInitModifyCplLists extro.
20241006 045313.940 INFO             PET3     <<<ESMX_Driver: leaving Initialize (phase=<none>) with current time: 2012 10 24  8  0  0   0
20241006 045313.940 INFO             PET3   ESMX_Driver: InitializeIPDv02p1 extro.
20241006 045313.940 INFO             PET3   ESMX_Driver: InitializeIPDv02p3 intro.
20241006 045313.940 INFO             PET3     >>>ESMX_Driver: entered Initialize (phase=<none>) with current time: 2012 10 24  8  0  0   0
20241006 045313.941 INFO             PET3     ESMX_Driver: IInitCheck intro.
20241006 045313.941 INFO             PET3     ESMX_Driver: IInitCheck extro.
20241006 045313.941 INFO             PET3     ESMX_Driver: IInitRealize intro.
20241006 045313.941 INFO             PET3     ESMX_Driver: IInitRealize extro.
20241006 045313.941 INFO             PET3     <<<ESMX_Driver: leaving Initialize (phase=<none>) with current time: 2012 10 24  8  0  0   0
20241006 045313.941 INFO             PET3   ESMX_Driver: InitializeIPDv02p3 extro.
20241006 045313.942 INFO             PET3   ESMX_Driver: InitializeIPDv02p5 intro.
20241006 045313.942 INFO             PET3     >>>ESMX_Driver: entered Initialize (phase=<none>) with current time: 2012 10 24  8  0  0   0
20241006 045313.942 INFO             PET3     ESMX_Driver: InitializeIPDv02p5Data intro.
20241006 045313.942 INFO             PET3       ESMX_Driver: InternalInitializeComplete intro.
20241006 045313.942 INFO             PET3       ESMX_Driver: InternalInitializeComplete extro.
20241006 045313.943 INFO             PET3       ESMX_Driver: loopDataDependentInitialize intro.
20241006 045313.943 INFO             PET3       ESMX_Driver: loopDataDependentInitialize extro.
20241006 045313.943 INFO             PET3     ESMX_Driver: InitializeIPDv02p5Data extro.
20241006 045313.943 INFO             PET3     <<<ESMX_Driver: leaving Initialize (phase=<none>) with current time: 2012 10 24  8  0  0   0
20241006 045313.943 INFO             PET3   ESMX_Driver: InitializeIPDv02p5 extro.
20241006 045313.943 INFO             PET3 ESMX_Driver: InitializeGeneric extro.
20241006 045313.943 INFO             PET3 ESMX_Driver: Run intro.
20241006 045313.944 INFO             PET3   >>>ESMX_Driver: entered Run (phase=RunPhase1) with current time: 2012 10 24  8  0  0   0
20241006 045313.944 INFO             PET3   <<<ESMX_Driver: leaving Run (phase=RunPhase1) with current time: 2012 10 24  8  0  0   0
20241006 045313.944 INFO             PET3 ESMX_Driver: Run extro.
20241006 045313.944 INFO             PET3 ESMX_Driver: Finalize intro.
20241006 045313.944 INFO             PET3 ESMX_Driver: Finalize extro.
20241006 045313.944 INFO             PET3 =============================================
20241006 045313.944 INFO             PET3 ESMX (Earth System Model eXecutable) FINISHED
20241006 045313.944 INFO             PET3 =============================================
20241006 045313.944 INFO             PET3  Finalizing ESMF
