2024-09-16 03:52:09
20240916 041612.806 INFO             PET0 !!!!!!!!!!!!!!!!!!!!!!!!!!!!!!!!!!!!!!!!!!!!!!!!!!!!!!
20240916 041612.806 INFO             PET0 !!! THE ESMF_LOG IS SET TO OUTPUT ALL LOG MESSAGES !!!
20240916 041612.806 INFO             PET0 !!!     THIS MAY CAUSE SLOWDOWN IN PERFORMANCE     !!!
20240916 041612.806 INFO             PET0 !!! FOR PRODUCTION RUNS, USE:                      !!!
20240916 041612.806 INFO             PET0 !!!                   ESMF_LOGKIND_Multi_On_Error  !!!
20240916 041612.806 INFO             PET0 !!!!!!!!!!!!!!!!!!!!!!!!!!!!!!!!!!!!!!!!!!!!!!!!!!!!!!
20240916 041612.806 INFO             PET0 Running with ESMF Version   : v8.7.0b14
20240916 041612.806 INFO             PET0 ESMF library build date/time: "Sep 16 2024" "03:51:12"
20240916 041612.806 INFO             PET0 ESMF library build location : /tmp/intel_2023.1.0-oneAPI_mpiuni_g_develop/esmf
20240916 041612.806 INFO             PET0 ESMF_COMM                   : mpiuni
20240916 041612.806 INFO             PET0 ESMF_MOAB                   : enabled
20240916 041612.806 INFO             PET0 ESMF_LAPACK                 : enabled
20240916 041612.806 INFO             PET0 ESMF_NETCDF                 : enabled
20240916 041612.806 INFO             PET0 ESMF_PNETCDF                : disabled
20240916 041612.806 INFO             PET0 ESMF_PIO                    : enabled
20240916 041612.806 INFO             PET0 ESMF_YAMLCPP                : enabled
20240916 041612.812 INFO             PET0  NUMBER_OF_PROCESSORS           1
20240916 041612.812 INFO             PET0  PASS  Example ESMF_XGridSparseMatEx, ESMF_XGridSparseMatEx.F90, line 642
20240916 041612.812 INFO             PET0  Finalizing ESMF
