2024-09-23 02:53:44
20240923 032704.324 INFO             PET0 !!!!!!!!!!!!!!!!!!!!!!!!!!!!!!!!!!!!!!!!!!!!!!!!!!!!!!
20240923 032704.324 INFO             PET0 !!! THE ESMF_LOG IS SET TO OUTPUT ALL LOG MESSAGES !!!
20240923 032704.324 INFO             PET0 !!!     THIS MAY CAUSE SLOWDOWN IN PERFORMANCE     !!!
20240923 032704.324 INFO             PET0 !!! FOR PRODUCTION RUNS, USE:                      !!!
20240923 032704.324 INFO             PET0 !!!                   ESMF_LOGKIND_Multi_On_Error  !!!
20240923 032704.324 INFO             PET0 !!!!!!!!!!!!!!!!!!!!!!!!!!!!!!!!!!!!!!!!!!!!!!!!!!!!!!
20240923 032704.324 INFO             PET0 Running with ESMF Version   : v8.7.0b14-1-g2597b0a993
20240923 032704.324 INFO             PET0 ESMF library build date/time: "Sep 23 2024" "02:51:14"
20240923 032704.324 INFO             PET0 ESMF library build location : /glade/derecho/scratch/sacks/esmf-testing/intel_2023.2.1-classic_mpi_g_release_8.7.0/esmf
20240923 032704.324 INFO             PET0 ESMF_COMM                   : mpi
20240923 032704.325 INFO             PET0 ESMF_MOAB                   : enabled
20240923 032704.325 INFO             PET0 ESMF_LAPACK                 : enabled
20240923 032704.325 INFO             PET0 ESMF_NETCDF                 : enabled
20240923 032704.325 INFO             PET0 ESMF_PNETCDF                : disabled
20240923 032704.325 INFO             PET0 ESMF_PIO                    : enabled
20240923 032704.325 INFO             PET0 ESMF_YAMLCPP                : enabled
20240923 032704.325 INFO             PET0 ESMF Tracing Enabled
20240923 032704.325 INFO             PET0 ESMF Profiling Enabled
20240923 032704.325 INFO             PET0 ESMF Trace/Profile clock: REALTIME
20240923 032704.329 INFO             PET0  NUMBER_OF_PROCESSORS           4
20240923 032704.329 INFO             PET0  PASS  Example ESMF_TraceEx, ESMF_TraceEx.F90, line 178
20240923 032704.329 INFO             PET0  Finalizing ESMF
20240923 032704.329 INFO             PET0 **************** Region Timings *******************
20240923 032704.329 INFO             PET0 Region              Count  Total (s)   Self (s)    Mean (s)    Min (s)     Max (s)
20240923 032704.329 INFO             PET0   [ESMF]            1      0.0010      0.0009      0.0010      0.0010      0.0010
20240923 032704.329 INFO             PET0     [test] Run 1    5      0.0000      0.0000      0.0000      0.0000      0.0000
20240923 032704.329 INFO             PET0     [test] Init 1   1      0.0000      0.0000      0.0000      0.0000      0.0000
20240923 032704.329 INFO             PET0     [test] Final 1  1      0.0000      0.0000      0.0000      0.0000      0.0000
20240923 032704.322 INFO             PET1 !!!!!!!!!!!!!!!!!!!!!!!!!!!!!!!!!!!!!!!!!!!!!!!!!!!!!!
20240923 032704.322 INFO             PET1 !!! THE ESMF_LOG IS SET TO OUTPUT ALL LOG MESSAGES !!!
20240923 032704.322 INFO             PET1 !!!     THIS MAY CAUSE SLOWDOWN IN PERFORMANCE     !!!
20240923 032704.322 INFO             PET1 !!! FOR PRODUCTION RUNS, USE:                      !!!
20240923 032704.322 INFO             PET1 !!!                   ESMF_LOGKIND_Multi_On_Error  !!!
20240923 032704.322 INFO             PET1 !!!!!!!!!!!!!!!!!!!!!!!!!!!!!!!!!!!!!!!!!!!!!!!!!!!!!!
20240923 032704.322 INFO             PET1 Running with ESMF Version   : v8.7.0b14-1-g2597b0a993
20240923 032704.322 INFO             PET1 ESMF library build date/time: "Sep 23 2024" "02:51:14"
20240923 032704.322 INFO             PET1 ESMF library build location : /glade/derecho/scratch/sacks/esmf-testing/intel_2023.2.1-classic_mpi_g_release_8.7.0/esmf
20240923 032704.322 INFO             PET1 ESMF_COMM                   : mpi
20240923 032704.323 INFO             PET1 ESMF_MOAB                   : enabled
20240923 032704.323 INFO             PET1 ESMF_LAPACK                 : enabled
20240923 032704.323 INFO             PET1 ESMF_NETCDF                 : enabled
20240923 032704.323 INFO             PET1 ESMF_PNETCDF                : disabled
20240923 032704.323 INFO             PET1 ESMF_PIO                    : enabled
20240923 032704.323 INFO             PET1 ESMF_YAMLCPP                : enabled
20240923 032704.323 INFO             PET1 ESMF Tracing Enabled
20240923 032704.323 INFO             PET1 ESMF Profiling Enabled
20240923 032704.323 INFO             PET1 ESMF Trace/Profile clock: REALTIME
20240923 032704.329 INFO             PET1  NUMBER_OF_PROCESSORS           4
20240923 032704.329 INFO             PET1  PASS  Example ESMF_TraceEx, ESMF_TraceEx.F90, line 178
20240923 032704.329 INFO             PET1  Finalizing ESMF
20240923 032704.329 INFO             PET1 **************** Region Timings *******************
20240923 032704.329 INFO             PET1 Region              Count  Total (s)   Self (s)    Mean (s)    Min (s)     Max (s)
20240923 032704.329 INFO             PET1   [ESMF]            1      0.0019      0.0018      0.0019      0.0019      0.0019
20240923 032704.329 INFO             PET1     [test] Init 1   1      0.0001      0.0001      0.0001      0.0001      0.0001
20240923 032704.329 INFO             PET1     [test] Run 1    5      0.0000      0.0000      0.0000      0.0000      0.0000
20240923 032704.329 INFO             PET1     [test] Final 1  1      0.0000      0.0000      0.0000      0.0000      0.0000
20240923 032704.323 INFO             PET2 !!!!!!!!!!!!!!!!!!!!!!!!!!!!!!!!!!!!!!!!!!!!!!!!!!!!!!
20240923 032704.323 INFO             PET2 !!! THE ESMF_LOG IS SET TO OUTPUT ALL LOG MESSAGES !!!
20240923 032704.323 INFO             PET2 !!!     THIS MAY CAUSE SLOWDOWN IN PERFORMANCE     !!!
20240923 032704.323 INFO             PET2 !!! FOR PRODUCTION RUNS, USE:                      !!!
20240923 032704.323 INFO             PET2 !!!                   ESMF_LOGKIND_Multi_On_Error  !!!
20240923 032704.323 INFO             PET2 !!!!!!!!!!!!!!!!!!!!!!!!!!!!!!!!!!!!!!!!!!!!!!!!!!!!!!
20240923 032704.323 INFO             PET2 Running with ESMF Version   : v8.7.0b14-1-g2597b0a993
20240923 032704.323 INFO             PET2 ESMF library build date/time: "Sep 23 2024" "02:51:14"
20240923 032704.323 INFO             PET2 ESMF library build location : /glade/derecho/scratch/sacks/esmf-testing/intel_2023.2.1-classic_mpi_g_release_8.7.0/esmf
20240923 032704.323 INFO             PET2 ESMF_COMM                   : mpi
20240923 032704.324 INFO             PET2 ESMF_MOAB                   : enabled
20240923 032704.324 INFO             PET2 ESMF_LAPACK                 : enabled
20240923 032704.324 INFO             PET2 ESMF_NETCDF                 : enabled
20240923 032704.324 INFO             PET2 ESMF_PNETCDF                : disabled
20240923 032704.324 INFO             PET2 ESMF_PIO                    : enabled
20240923 032704.324 INFO             PET2 ESMF_YAMLCPP                : enabled
20240923 032704.324 INFO             PET2 ESMF Tracing Enabled
20240923 032704.324 INFO             PET2 ESMF Profiling Enabled
20240923 032704.324 INFO             PET2 ESMF Trace/Profile clock: REALTIME
20240923 032704.329 INFO             PET2  NUMBER_OF_PROCESSORS           4
20240923 032704.329 INFO             PET2  PASS  Example ESMF_TraceEx, ESMF_TraceEx.F90, line 178
20240923 032704.329 INFO             PET2  Finalizing ESMF
20240923 032704.329 INFO             PET2 **************** Region Timings *******************
20240923 032704.329 INFO             PET2 Region              Count  Total (s)   Self (s)    Mean (s)    Min (s)     Max (s)
20240923 032704.329 INFO             PET2   [ESMF]            1      0.0034      0.0033      0.0034      0.0034      0.0034
20240923 032704.329 INFO             PET2     [test] Init 1   1      0.0001      0.0001      0.0001      0.0001      0.0001
20240923 032704.329 INFO             PET2     [test] Run 1    5      0.0000      0.0000      0.0000      0.0000      0.0000
20240923 032704.329 INFO             PET2     [test] Final 1  1      0.0000      0.0000      0.0000      0.0000      0.0000
20240923 032704.322 INFO             PET3 !!!!!!!!!!!!!!!!!!!!!!!!!!!!!!!!!!!!!!!!!!!!!!!!!!!!!!
20240923 032704.322 INFO             PET3 !!! THE ESMF_LOG IS SET TO OUTPUT ALL LOG MESSAGES !!!
20240923 032704.322 INFO             PET3 !!!     THIS MAY CAUSE SLOWDOWN IN PERFORMANCE     !!!
20240923 032704.322 INFO             PET3 !!! FOR PRODUCTION RUNS, USE:                      !!!
20240923 032704.322 INFO             PET3 !!!                   ESMF_LOGKIND_Multi_On_Error  !!!
20240923 032704.322 INFO             PET3 !!!!!!!!!!!!!!!!!!!!!!!!!!!!!!!!!!!!!!!!!!!!!!!!!!!!!!
20240923 032704.322 INFO             PET3 Running with ESMF Version   : v8.7.0b14-1-g2597b0a993
20240923 032704.322 INFO             PET3 ESMF library build date/time: "Sep 23 2024" "02:51:14"
20240923 032704.322 INFO             PET3 ESMF library build location : /glade/derecho/scratch/sacks/esmf-testing/intel_2023.2.1-classic_mpi_g_release_8.7.0/esmf
20240923 032704.322 INFO             PET3 ESMF_COMM                   : mpi
20240923 032704.323 INFO             PET3 ESMF_MOAB                   : enabled
20240923 032704.323 INFO             PET3 ESMF_LAPACK                 : enabled
20240923 032704.323 INFO             PET3 ESMF_NETCDF                 : enabled
20240923 032704.323 INFO             PET3 ESMF_PNETCDF                : disabled
20240923 032704.323 INFO             PET3 ESMF_PIO                    : enabled
20240923 032704.323 INFO             PET3 ESMF_YAMLCPP                : enabled
20240923 032704.323 INFO             PET3 ESMF Tracing Enabled
20240923 032704.323 INFO             PET3 ESMF Profiling Enabled
20240923 032704.323 INFO             PET3 ESMF Trace/Profile clock: REALTIME
20240923 032704.329 INFO             PET3  NUMBER_OF_PROCESSORS           4
20240923 032704.329 INFO             PET3  PASS  Example ESMF_TraceEx, ESMF_TraceEx.F90, line 178
20240923 032704.329 INFO             PET3  Finalizing ESMF
20240923 032704.329 INFO             PET3 **************** Region Timings *******************
20240923 032704.329 INFO             PET3 Region              Count  Total (s)   Self (s)    Mean (s)    Min (s)     Max (s)
20240923 032704.329 INFO             PET3   [ESMF]            1      0.0030      0.0030      0.0030      0.0030      0.0030
20240923 032704.329 INFO             PET3     [test] Init 1   1      0.0001      0.0001      0.0001      0.0001      0.0001
20240923 032704.329 INFO             PET3     [test] Run 1    5      0.0000      0.0000      0.0000      0.0000      0.0000
20240923 032704.329 INFO             PET3     [test] Final 1  1      0.0000      0.0000      0.0000      0.0000      0.0000
