2024-09-26 03:52:13
20240926 043905.265 INFO             PET0 !!!!!!!!!!!!!!!!!!!!!!!!!!!!!!!!!!!!!!!!!!!!!!!!!!!!!!
20240926 043905.265 INFO             PET0 !!! THE ESMF_LOG IS SET TO OUTPUT ALL LOG MESSAGES !!!
20240926 043905.266 INFO             PET0 !!!     THIS MAY CAUSE SLOWDOWN IN PERFORMANCE     !!!
20240926 043905.266 INFO             PET0 !!! FOR PRODUCTION RUNS, USE:                      !!!
20240926 043905.266 INFO             PET0 !!!                   ESMF_LOGKIND_Multi_On_Error  !!!
20240926 043905.266 INFO             PET0 !!!!!!!!!!!!!!!!!!!!!!!!!!!!!!!!!!!!!!!!!!!!!!!!!!!!!!
20240926 043905.266 INFO             PET0 Running with ESMF Version   : v8.7.0b14-1-g2597b0a993
20240926 043905.266 INFO             PET0 ESMF library build date/time: "Sep 26 2024" "03:48:40"
20240926 043905.266 INFO             PET0 ESMF library build location : /glade/derecho/scratch/sacks/esmf-testing/intel_2023.2.1-classic_mpi_g_release_8.7.0/esmf
20240926 043905.266 INFO             PET0 ESMF_COMM                   : mpi
20240926 043905.270 INFO             PET0 ESMF_MOAB                   : enabled
20240926 043905.270 INFO             PET0 ESMF_LAPACK                 : enabled
20240926 043905.270 INFO             PET0 ESMF_NETCDF                 : enabled
20240926 043905.270 INFO             PET0 ESMF_PNETCDF                : disabled
20240926 043905.270 INFO             PET0 ESMF_PIO                    : enabled
20240926 043905.270 INFO             PET0 ESMF_YAMLCPP                : enabled
20240926 043905.280 INFO             PET0 ESMF_FieldRedistStoreNF(): Just entered routine.
20240926 043905.319 INFO             PET0 ESMF_FieldRedistStoreNF(): Leaving routine.
20240926 043905.325 INFO             PET0  NUMBER_OF_PROCESSORS           4
20240926 043905.325 INFO             PET0  PASS  Example ESMF_RHandleFromRHandleEx, ESMF_RHandleFromRHandleEx.F90, line 660
20240926 043905.325 INFO             PET0  Finalizing ESMF
20240926 043905.267 INFO             PET1 !!!!!!!!!!!!!!!!!!!!!!!!!!!!!!!!!!!!!!!!!!!!!!!!!!!!!!
20240926 043905.267 INFO             PET1 !!! THE ESMF_LOG IS SET TO OUTPUT ALL LOG MESSAGES !!!
20240926 043905.267 INFO             PET1 !!!     THIS MAY CAUSE SLOWDOWN IN PERFORMANCE     !!!
20240926 043905.267 INFO             PET1 !!! FOR PRODUCTION RUNS, USE:                      !!!
20240926 043905.267 INFO             PET1 !!!                   ESMF_LOGKIND_Multi_On_Error  !!!
20240926 043905.267 INFO             PET1 !!!!!!!!!!!!!!!!!!!!!!!!!!!!!!!!!!!!!!!!!!!!!!!!!!!!!!
20240926 043905.267 INFO             PET1 Running with ESMF Version   : v8.7.0b14-1-g2597b0a993
20240926 043905.267 INFO             PET1 ESMF library build date/time: "Sep 26 2024" "03:48:40"
20240926 043905.267 INFO             PET1 ESMF library build location : /glade/derecho/scratch/sacks/esmf-testing/intel_2023.2.1-classic_mpi_g_release_8.7.0/esmf
20240926 043905.267 INFO             PET1 ESMF_COMM                   : mpi
20240926 043905.268 INFO             PET1 ESMF_MOAB                   : enabled
20240926 043905.268 INFO             PET1 ESMF_LAPACK                 : enabled
20240926 043905.268 INFO             PET1 ESMF_NETCDF                 : enabled
20240926 043905.268 INFO             PET1 ESMF_PNETCDF                : disabled
20240926 043905.268 INFO             PET1 ESMF_PIO                    : enabled
20240926 043905.268 INFO             PET1 ESMF_YAMLCPP                : enabled
20240926 043905.280 INFO             PET1 ESMF_FieldRedistStoreNF(): Just entered routine.
20240926 043905.319 INFO             PET1 ESMF_FieldRedistStoreNF(): Leaving routine.
20240926 043905.324 INFO             PET1  NUMBER_OF_PROCESSORS           4
20240926 043905.325 INFO             PET1  PASS  Example ESMF_RHandleFromRHandleEx, ESMF_RHandleFromRHandleEx.F90, line 660
20240926 043905.325 INFO             PET1  Finalizing ESMF
20240926 043905.265 INFO             PET2 !!!!!!!!!!!!!!!!!!!!!!!!!!!!!!!!!!!!!!!!!!!!!!!!!!!!!!
20240926 043905.265 INFO             PET2 !!! THE ESMF_LOG IS SET TO OUTPUT ALL LOG MESSAGES !!!
20240926 043905.265 INFO             PET2 !!!     THIS MAY CAUSE SLOWDOWN IN PERFORMANCE     !!!
20240926 043905.265 INFO             PET2 !!! FOR PRODUCTION RUNS, USE:                      !!!
20240926 043905.265 INFO             PET2 !!!                   ESMF_LOGKIND_Multi_On_Error  !!!
20240926 043905.265 INFO             PET2 !!!!!!!!!!!!!!!!!!!!!!!!!!!!!!!!!!!!!!!!!!!!!!!!!!!!!!
20240926 043905.265 INFO             PET2 Running with ESMF Version   : v8.7.0b14-1-g2597b0a993
20240926 043905.265 INFO             PET2 ESMF library build date/time: "Sep 26 2024" "03:48:40"
20240926 043905.265 INFO             PET2 ESMF library build location : /glade/derecho/scratch/sacks/esmf-testing/intel_2023.2.1-classic_mpi_g_release_8.7.0/esmf
20240926 043905.265 INFO             PET2 ESMF_COMM                   : mpi
20240926 043905.266 INFO             PET2 ESMF_MOAB                   : enabled
20240926 043905.266 INFO             PET2 ESMF_LAPACK                 : enabled
20240926 043905.266 INFO             PET2 ESMF_NETCDF                 : enabled
20240926 043905.266 INFO             PET2 ESMF_PNETCDF                : disabled
20240926 043905.266 INFO             PET2 ESMF_PIO                    : enabled
20240926 043905.266 INFO             PET2 ESMF_YAMLCPP                : enabled
20240926 043905.280 INFO             PET2 ESMF_FieldRedistStoreNF(): Just entered routine.
20240926 043905.319 INFO             PET2 ESMF_FieldRedistStoreNF(): Leaving routine.
20240926 043905.323 INFO             PET2  NUMBER_OF_PROCESSORS           4
20240926 043905.323 INFO             PET2  PASS  Example ESMF_RHandleFromRHandleEx, ESMF_RHandleFromRHandleEx.F90, line 660
20240926 043905.323 INFO             PET2  Finalizing ESMF
20240926 043905.265 INFO             PET3 !!!!!!!!!!!!!!!!!!!!!!!!!!!!!!!!!!!!!!!!!!!!!!!!!!!!!!
20240926 043905.265 INFO             PET3 !!! THE ESMF_LOG IS SET TO OUTPUT ALL LOG MESSAGES !!!
20240926 043905.265 INFO             PET3 !!!     THIS MAY CAUSE SLOWDOWN IN PERFORMANCE     !!!
20240926 043905.265 INFO             PET3 !!! FOR PRODUCTION RUNS, USE:                      !!!
20240926 043905.265 INFO             PET3 !!!                   ESMF_LOGKIND_Multi_On_Error  !!!
20240926 043905.265 INFO             PET3 !!!!!!!!!!!!!!!!!!!!!!!!!!!!!!!!!!!!!!!!!!!!!!!!!!!!!!
20240926 043905.265 INFO             PET3 Running with ESMF Version   : v8.7.0b14-1-g2597b0a993
20240926 043905.265 INFO             PET3 ESMF library build date/time: "Sep 26 2024" "03:48:40"
20240926 043905.265 INFO             PET3 ESMF library build location : /glade/derecho/scratch/sacks/esmf-testing/intel_2023.2.1-classic_mpi_g_release_8.7.0/esmf
20240926 043905.265 INFO             PET3 ESMF_COMM                   : mpi
20240926 043905.266 INFO             PET3 ESMF_MOAB                   : enabled
20240926 043905.266 INFO             PET3 ESMF_LAPACK                 : enabled
20240926 043905.266 INFO             PET3 ESMF_NETCDF                 : enabled
20240926 043905.266 INFO             PET3 ESMF_PNETCDF                : disabled
20240926 043905.266 INFO             PET3 ESMF_PIO                    : enabled
20240926 043905.266 INFO             PET3 ESMF_YAMLCPP                : enabled
20240926 043905.280 INFO             PET3 ESMF_FieldRedistStoreNF(): Just entered routine.
20240926 043905.319 INFO             PET3 ESMF_FieldRedistStoreNF(): Leaving routine.
20240926 043905.325 INFO             PET3  NUMBER_OF_PROCESSORS           4
20240926 043905.325 INFO             PET3  PASS  Example ESMF_RHandleFromRHandleEx, ESMF_RHandleFromRHandleEx.F90, line 660
20240926 043905.325 INFO             PET3  Finalizing ESMF
