2024-08-11 02:43:18
20240811 031308.947 INFO             PET0 !!!!!!!!!!!!!!!!!!!!!!!!!!!!!!!!!!!!!!!!!!!!!!!!!!!!!!
20240811 031308.947 INFO             PET0 !!! THE ESMF_LOG IS SET TO OUTPUT ALL LOG MESSAGES !!!
20240811 031308.947 INFO             PET0 !!!     THIS MAY CAUSE SLOWDOWN IN PERFORMANCE     !!!
20240811 031308.947 INFO             PET0 !!! FOR PRODUCTION RUNS, USE:                      !!!
20240811 031308.947 INFO             PET0 !!!                   ESMF_LOGKIND_Multi_On_Error  !!!
20240811 031308.947 INFO             PET0 !!!!!!!!!!!!!!!!!!!!!!!!!!!!!!!!!!!!!!!!!!!!!!!!!!!!!!
20240811 031308.947 INFO             PET0 Running with ESMF Version   : v8.7.0b11
20240811 031308.947 INFO             PET0 ESMF library build date/time: "Aug 11 2024" "02:41:01"
20240811 031308.947 INFO             PET0 ESMF library build location : /glade/derecho/scratch/sacks/esmf-testing/intel_2023.2.1-classic_mpi_g_develop/esmf
20240811 031308.947 INFO             PET0 ESMF_COMM                   : mpi
20240811 031308.953 INFO             PET0 ESMF_MOAB                   : enabled
20240811 031308.953 INFO             PET0 ESMF_LAPACK                 : enabled
20240811 031308.953 INFO             PET0 ESMF_NETCDF                 : enabled
20240811 031308.953 INFO             PET0 ESMF_PNETCDF                : disabled
20240811 031308.953 INFO             PET0 ESMF_PIO                    : enabled
20240811 031308.953 INFO             PET0 ESMF_YAMLCPP                : enabled
20240811 031308.953 INFO             PET0  NUMBER_OF_PROCESSORS           4
20240811 031308.953 INFO             PET0  PASS  Example ESMF_VMUserMpiCommMultiEx, ESMF_VMUserMpiCommMultiEx.F90, line 126
20240811 031308.953 INFO             PET0  Finalizing ESMF with endflag==ESMF_END_KEEPMPI
20240811 031308.942 INFO             PET0 !!!!!!!!!!!!!!!!!!!!!!!!!!!!!!!!!!!!!!!!!!!!!!!!!!!!!!
20240811 031308.942 INFO             PET0 !!! THE ESMF_LOG IS SET TO OUTPUT ALL LOG MESSAGES !!!
20240811 031308.942 INFO             PET0 !!!     THIS MAY CAUSE SLOWDOWN IN PERFORMANCE     !!!
20240811 031308.942 INFO             PET0 !!! FOR PRODUCTION RUNS, USE:                      !!!
20240811 031308.942 INFO             PET0 !!!                   ESMF_LOGKIND_Multi_On_Error  !!!
20240811 031308.942 INFO             PET0 !!!!!!!!!!!!!!!!!!!!!!!!!!!!!!!!!!!!!!!!!!!!!!!!!!!!!!
20240811 031308.942 INFO             PET0 Running with ESMF Version   : v8.7.0b11
20240811 031308.942 INFO             PET0 ESMF library build date/time: "Aug 11 2024" "02:41:01"
20240811 031308.942 INFO             PET0 ESMF library build location : /glade/derecho/scratch/sacks/esmf-testing/intel_2023.2.1-classic_mpi_g_develop/esmf
20240811 031308.942 INFO             PET0 ESMF_COMM                   : mpi
20240811 031308.943 INFO             PET0 ESMF_MOAB                   : enabled
20240811 031308.943 INFO             PET0 ESMF_LAPACK                 : enabled
20240811 031308.943 INFO             PET0 ESMF_NETCDF                 : enabled
20240811 031308.943 INFO             PET0 ESMF_PNETCDF                : disabled
20240811 031308.943 INFO             PET0 ESMF_PIO                    : enabled
20240811 031308.943 INFO             PET0 ESMF_YAMLCPP                : enabled
20240811 031308.944 INFO             PET0  NUMBER_OF_PROCESSORS           4
20240811 031308.944 INFO             PET0  PASS  Example ESMF_VMUserMpiCommMultiEx, ESMF_VMUserMpiCommMultiEx.F90, line 154
20240811 031308.944 INFO             PET0  Finalizing ESMF with endflag==ESMF_END_KEEPMPI
20240811 031308.942 INFO             PET1 !!!!!!!!!!!!!!!!!!!!!!!!!!!!!!!!!!!!!!!!!!!!!!!!!!!!!!
20240811 031308.942 INFO             PET1 !!! THE ESMF_LOG IS SET TO OUTPUT ALL LOG MESSAGES !!!
20240811 031308.942 INFO             PET1 !!!     THIS MAY CAUSE SLOWDOWN IN PERFORMANCE     !!!
20240811 031308.942 INFO             PET1 !!! FOR PRODUCTION RUNS, USE:                      !!!
20240811 031308.942 INFO             PET1 !!!                   ESMF_LOGKIND_Multi_On_Error  !!!
20240811 031308.942 INFO             PET1 !!!!!!!!!!!!!!!!!!!!!!!!!!!!!!!!!!!!!!!!!!!!!!!!!!!!!!
20240811 031308.943 INFO             PET1 Running with ESMF Version   : v8.7.0b11
20240811 031308.943 INFO             PET1 ESMF library build date/time: "Aug 11 2024" "02:41:01"
20240811 031308.943 INFO             PET1 ESMF library build location : /glade/derecho/scratch/sacks/esmf-testing/intel_2023.2.1-classic_mpi_g_develop/esmf
20240811 031308.943 INFO             PET1 ESMF_COMM                   : mpi
20240811 031308.943 INFO             PET1 ESMF_MOAB                   : enabled
20240811 031308.943 INFO             PET1 ESMF_LAPACK                 : enabled
20240811 031308.943 INFO             PET1 ESMF_NETCDF                 : enabled
20240811 031308.943 INFO             PET1 ESMF_PNETCDF                : disabled
20240811 031308.943 INFO             PET1 ESMF_PIO                    : enabled
20240811 031308.943 INFO             PET1 ESMF_YAMLCPP                : enabled
20240811 031308.953 INFO             PET1  NUMBER_OF_PROCESSORS           4
20240811 031308.953 INFO             PET1  PASS  Example ESMF_VMUserMpiCommMultiEx, ESMF_VMUserMpiCommMultiEx.F90, line 126
20240811 031308.953 INFO             PET1  Finalizing ESMF with endflag==ESMF_END_KEEPMPI
20240811 031308.943 INFO             PET1 !!!!!!!!!!!!!!!!!!!!!!!!!!!!!!!!!!!!!!!!!!!!!!!!!!!!!!
20240811 031308.943 INFO             PET1 !!! THE ESMF_LOG IS SET TO OUTPUT ALL LOG MESSAGES !!!
20240811 031308.943 INFO             PET1 !!!     THIS MAY CAUSE SLOWDOWN IN PERFORMANCE     !!!
20240811 031308.943 INFO             PET1 !!! FOR PRODUCTION RUNS, USE:                      !!!
20240811 031308.943 INFO             PET1 !!!                   ESMF_LOGKIND_Multi_On_Error  !!!
20240811 031308.943 INFO             PET1 !!!!!!!!!!!!!!!!!!!!!!!!!!!!!!!!!!!!!!!!!!!!!!!!!!!!!!
20240811 031308.943 INFO             PET1 Running with ESMF Version   : v8.7.0b11
20240811 031308.943 INFO             PET1 ESMF library build date/time: "Aug 11 2024" "02:41:01"
20240811 031308.943 INFO             PET1 ESMF library build location : /glade/derecho/scratch/sacks/esmf-testing/intel_2023.2.1-classic_mpi_g_develop/esmf
20240811 031308.943 INFO             PET1 ESMF_COMM                   : mpi
20240811 031308.944 INFO             PET1 ESMF_MOAB                   : enabled
20240811 031308.944 INFO             PET1 ESMF_LAPACK                 : enabled
20240811 031308.944 INFO             PET1 ESMF_NETCDF                 : enabled
20240811 031308.944 INFO             PET1 ESMF_PNETCDF                : disabled
20240811 031308.944 INFO             PET1 ESMF_PIO                    : enabled
20240811 031308.944 INFO             PET1 ESMF_YAMLCPP                : enabled
20240811 031308.944 INFO             PET1  NUMBER_OF_PROCESSORS           4
20240811 031308.944 INFO             PET1  PASS  Example ESMF_VMUserMpiCommMultiEx, ESMF_VMUserMpiCommMultiEx.F90, line 154
20240811 031308.944 INFO             PET1  Finalizing ESMF with endflag==ESMF_END_KEEPMPI
