2024-10-04 22:27:02
20241004 225711.438 INFO             PET0 !!!!!!!!!!!!!!!!!!!!!!!!!!!!!!!!!!!!!!!!!!!!!!!!!!!!!!
20241004 225711.438 INFO             PET0 !!! THE ESMF_LOG IS SET TO OUTPUT ALL LOG MESSAGES !!!
20241004 225711.438 INFO             PET0 !!!     THIS MAY CAUSE SLOWDOWN IN PERFORMANCE     !!!
20241004 225711.438 INFO             PET0 !!! FOR PRODUCTION RUNS, USE:                      !!!
20241004 225711.438 INFO             PET0 !!!                   ESMF_LOGKIND_Multi_On_Error  !!!
20241004 225711.438 INFO             PET0 !!!!!!!!!!!!!!!!!!!!!!!!!!!!!!!!!!!!!!!!!!!!!!!!!!!!!!
20241004 225711.438 INFO             PET0 Running with ESMF Version   : v8.7.0
20241004 225711.438 INFO             PET0 ESMF library build date/time: "Oct  4 2024" "22:25:29"
20241004 225711.438 INFO             PET0 ESMF library build location : /discover/nobackup/projects/gmao/SIteam/ESMF_Testing/gfortran_14.2.0_mpiuni_O_v8.7.0/esmf
20241004 225711.438 INFO             PET0 ESMF_COMM                   : mpiuni
20241004 225711.438 INFO             PET0 ESMF_MOAB                   : enabled
20241004 225711.438 INFO             PET0 ESMF_LAPACK                 : enabled
20241004 225711.438 INFO             PET0 ESMF_NETCDF                 : disabled
20241004 225711.438 INFO             PET0 ESMF_PNETCDF                : disabled
20241004 225711.438 INFO             PET0 ESMF_PIO                    : disabled
20241004 225711.438 INFO             PET0 ESMF_YAMLCPP                : enabled
20241004 225711.438 INFO             PET0 Log Write 2
20241004 225711.438 ERROR            PET0 Invalid object  - Convergence failure
20241004 225711.438 ERROR            PET0 ESMCI_Time.C:866 ESMCI::Time::syncToRealTime() Wrong argument specified  - ; calkindflag is NOCALENDAR. Only GREGORIAN and JULIAN are supported when syncing to real time.
20241004 225711.438 ERROR            PET0 ESMF_Time.F90:1485 ESMF_TimeSyncToRealTime() Wrong argument specified  - Internal subroutine call returned Error
20241004 225711.438 ERROR            PET0 Wrong argument specified  - getting wall clock time
20241004 225711.440 INFO             PET0  NUMBER_OF_PROCESSORS           1
20241004 225711.440 INFO             PET0  PASS  Example ESMF_LogErrEx, ESMF_LogErrEx.F90, line 186
20241004 225711.440 INFO             PET0  Finalizing ESMF
