2024-09-30 02:12:56
20240930 030818.649 INFO             PET0 !!!!!!!!!!!!!!!!!!!!!!!!!!!!!!!!!!!!!!!!!!!!!!!!!!!!!!
20240930 030818.649 INFO             PET0 !!! THE ESMF_LOG IS SET TO OUTPUT ALL LOG MESSAGES !!!
20240930 030818.649 INFO             PET0 !!!     THIS MAY CAUSE SLOWDOWN IN PERFORMANCE     !!!
20240930 030818.649 INFO             PET0 !!! FOR PRODUCTION RUNS, USE:                      !!!
20240930 030818.649 INFO             PET0 !!!                   ESMF_LOGKIND_Multi_On_Error  !!!
20240930 030818.649 INFO             PET0 !!!!!!!!!!!!!!!!!!!!!!!!!!!!!!!!!!!!!!!!!!!!!!!!!!!!!!
20240930 030818.649 INFO             PET0 Running with ESMF Version   : v8.7.0b14-1-g2597b0a993
20240930 030818.649 INFO             PET0 ESMF library build date/time: "Sep 30 2024" "02:09:29"
20240930 030818.649 INFO             PET0 ESMF library build location : /glade/derecho/scratch/sacks/esmf-testing/gfortran_12.2.0_pio2.6.2_mpi_g_release_8.7.0/esmf
20240930 030818.649 INFO             PET0 ESMF_COMM                   : mpi
20240930 030818.650 INFO             PET0 ESMF_MOAB                   : enabled
20240930 030818.650 INFO             PET0 ESMF_LAPACK                 : enabled
20240930 030818.650 INFO             PET0 ESMF_NETCDF                 : enabled
20240930 030818.650 INFO             PET0 ESMF_PNETCDF                : disabled
20240930 030818.650 INFO             PET0 ESMF_PIO                    : enabled
20240930 030818.650 INFO             PET0 ESMF_YAMLCPP                : enabled
20240930 030818.656 INFO             PET0 =============================================
20240930 030818.656 INFO             PET0 ESMX (Earth System Model eXecutable) STARTING
20240930 030818.656 INFO             PET0 =============================================
20240930 030818.664 INFO             PET0 =============================================
20240930 030818.664 INFO             PET0 ESMX (Earth System Model eXecutable) FINISHED
20240930 030818.664 INFO             PET0 =============================================
20240930 030818.664 INFO             PET0  Finalizing ESMF
20240930 030818.650 INFO             PET1 !!!!!!!!!!!!!!!!!!!!!!!!!!!!!!!!!!!!!!!!!!!!!!!!!!!!!!
20240930 030818.650 INFO             PET1 !!! THE ESMF_LOG IS SET TO OUTPUT ALL LOG MESSAGES !!!
20240930 030818.650 INFO             PET1 !!!     THIS MAY CAUSE SLOWDOWN IN PERFORMANCE     !!!
20240930 030818.650 INFO             PET1 !!! FOR PRODUCTION RUNS, USE:                      !!!
20240930 030818.650 INFO             PET1 !!!                   ESMF_LOGKIND_Multi_On_Error  !!!
20240930 030818.650 INFO             PET1 !!!!!!!!!!!!!!!!!!!!!!!!!!!!!!!!!!!!!!!!!!!!!!!!!!!!!!
20240930 030818.650 INFO             PET1 Running with ESMF Version   : v8.7.0b14-1-g2597b0a993
20240930 030818.650 INFO             PET1 ESMF library build date/time: "Sep 30 2024" "02:09:29"
20240930 030818.650 INFO             PET1 ESMF library build location : /glade/derecho/scratch/sacks/esmf-testing/gfortran_12.2.0_pio2.6.2_mpi_g_release_8.7.0/esmf
20240930 030818.650 INFO             PET1 ESMF_COMM                   : mpi
20240930 030818.652 INFO             PET1 ESMF_MOAB                   : enabled
20240930 030818.652 INFO             PET1 ESMF_LAPACK                 : enabled
20240930 030818.652 INFO             PET1 ESMF_NETCDF                 : enabled
20240930 030818.652 INFO             PET1 ESMF_PNETCDF                : disabled
20240930 030818.652 INFO             PET1 ESMF_PIO                    : enabled
20240930 030818.652 INFO             PET1 ESMF_YAMLCPP                : enabled
20240930 030818.656 INFO             PET1 =============================================
20240930 030818.656 INFO             PET1 ESMX (Earth System Model eXecutable) STARTING
20240930 030818.656 INFO             PET1 =============================================
20240930 030818.664 INFO             PET1 =============================================
20240930 030818.664 INFO             PET1 ESMX (Earth System Model eXecutable) FINISHED
20240930 030818.664 INFO             PET1 =============================================
20240930 030818.664 INFO             PET1  Finalizing ESMF
20240930 030818.650 INFO             PET2 !!!!!!!!!!!!!!!!!!!!!!!!!!!!!!!!!!!!!!!!!!!!!!!!!!!!!!
20240930 030818.650 INFO             PET2 !!! THE ESMF_LOG IS SET TO OUTPUT ALL LOG MESSAGES !!!
20240930 030818.650 INFO             PET2 !!!     THIS MAY CAUSE SLOWDOWN IN PERFORMANCE     !!!
20240930 030818.650 INFO             PET2 !!! FOR PRODUCTION RUNS, USE:                      !!!
20240930 030818.650 INFO             PET2 !!!                   ESMF_LOGKIND_Multi_On_Error  !!!
20240930 030818.650 INFO             PET2 !!!!!!!!!!!!!!!!!!!!!!!!!!!!!!!!!!!!!!!!!!!!!!!!!!!!!!
20240930 030818.650 INFO             PET2 Running with ESMF Version   : v8.7.0b14-1-g2597b0a993
20240930 030818.650 INFO             PET2 ESMF library build date/time: "Sep 30 2024" "02:09:29"
20240930 030818.650 INFO             PET2 ESMF library build location : /glade/derecho/scratch/sacks/esmf-testing/gfortran_12.2.0_pio2.6.2_mpi_g_release_8.7.0/esmf
20240930 030818.650 INFO             PET2 ESMF_COMM                   : mpi
20240930 030818.654 INFO             PET2 ESMF_MOAB                   : enabled
20240930 030818.654 INFO             PET2 ESMF_LAPACK                 : enabled
20240930 030818.654 INFO             PET2 ESMF_NETCDF                 : enabled
20240930 030818.654 INFO             PET2 ESMF_PNETCDF                : disabled
20240930 030818.654 INFO             PET2 ESMF_PIO                    : enabled
20240930 030818.654 INFO             PET2 ESMF_YAMLCPP                : enabled
20240930 030818.656 INFO             PET2 =============================================
20240930 030818.656 INFO             PET2 ESMX (Earth System Model eXecutable) STARTING
20240930 030818.656 INFO             PET2 =============================================
20240930 030818.664 INFO             PET2 =============================================
20240930 030818.664 INFO             PET2 ESMX (Earth System Model eXecutable) FINISHED
20240930 030818.664 INFO             PET2 =============================================
20240930 030818.664 INFO             PET2  Finalizing ESMF
20240930 030818.646 INFO             PET3 !!!!!!!!!!!!!!!!!!!!!!!!!!!!!!!!!!!!!!!!!!!!!!!!!!!!!!
20240930 030818.646 INFO             PET3 !!! THE ESMF_LOG IS SET TO OUTPUT ALL LOG MESSAGES !!!
20240930 030818.646 INFO             PET3 !!!     THIS MAY CAUSE SLOWDOWN IN PERFORMANCE     !!!
20240930 030818.646 INFO             PET3 !!! FOR PRODUCTION RUNS, USE:                      !!!
20240930 030818.646 INFO             PET3 !!!                   ESMF_LOGKIND_Multi_On_Error  !!!
20240930 030818.646 INFO             PET3 !!!!!!!!!!!!!!!!!!!!!!!!!!!!!!!!!!!!!!!!!!!!!!!!!!!!!!
20240930 030818.646 INFO             PET3 Running with ESMF Version   : v8.7.0b14-1-g2597b0a993
20240930 030818.646 INFO             PET3 ESMF library build date/time: "Sep 30 2024" "02:09:29"
20240930 030818.646 INFO             PET3 ESMF library build location : /glade/derecho/scratch/sacks/esmf-testing/gfortran_12.2.0_pio2.6.2_mpi_g_release_8.7.0/esmf
20240930 030818.646 INFO             PET3 ESMF_COMM                   : mpi
20240930 030818.647 INFO             PET3 ESMF_MOAB                   : enabled
20240930 030818.647 INFO             PET3 ESMF_LAPACK                 : enabled
20240930 030818.647 INFO             PET3 ESMF_NETCDF                 : enabled
20240930 030818.647 INFO             PET3 ESMF_PNETCDF                : disabled
20240930 030818.647 INFO             PET3 ESMF_PIO                    : enabled
20240930 030818.647 INFO             PET3 ESMF_YAMLCPP                : enabled
20240930 030818.656 INFO             PET3 =============================================
20240930 030818.656 INFO             PET3 ESMX (Earth System Model eXecutable) STARTING
20240930 030818.656 INFO             PET3 =============================================
20240930 030818.664 INFO             PET3 =============================================
20240930 030818.664 INFO             PET3 ESMX (Earth System Model eXecutable) FINISHED
20240930 030818.664 INFO             PET3 =============================================
20240930 030818.664 INFO             PET3  Finalizing ESMF
