2024-08-08 01:59:58
20240808 023129.152 INFO             PET0 !!!!!!!!!!!!!!!!!!!!!!!!!!!!!!!!!!!!!!!!!!!!!!!!!!!!!!
20240808 023129.152 INFO             PET0 !!! THE ESMF_LOG IS SET TO OUTPUT ALL LOG MESSAGES !!!
20240808 023129.152 INFO             PET0 !!!     THIS MAY CAUSE SLOWDOWN IN PERFORMANCE     !!!
20240808 023129.152 INFO             PET0 !!! FOR PRODUCTION RUNS, USE:                      !!!
20240808 023129.152 INFO             PET0 !!!                   ESMF_LOGKIND_Multi_On_Error  !!!
20240808 023129.152 INFO             PET0 !!!!!!!!!!!!!!!!!!!!!!!!!!!!!!!!!!!!!!!!!!!!!!!!!!!!!!
20240808 023129.152 INFO             PET0 Running with ESMF Version   : v8.7.0b11
20240808 023129.152 INFO             PET0 ESMF library build date/time: "Aug  8 2024" "01:57:51"
20240808 023129.152 INFO             PET0 ESMF library build location : /scratch/cluster/theurich/ESMF-Nightly-Testing/gfortran_9.3.0_mpiuni_g_develop/esmf
20240808 023129.152 INFO             PET0 ESMF_COMM                   : mpiuni
20240808 023129.153 INFO             PET0 ESMF_MOAB                   : enabled
20240808 023129.153 INFO             PET0 ESMF_LAPACK                 : enabled
20240808 023129.153 INFO             PET0 ESMF_NETCDF                 : enabled
20240808 023129.153 INFO             PET0 ESMF_PNETCDF                : disabled
20240808 023129.153 INFO             PET0 ESMF_PIO                    : enabled
20240808 023129.153 INFO             PET0 ESMF_YAMLCPP                : enabled
20240808 023129.153 INFO             PET0 ESMF Tracing Enabled
20240808 023129.153 INFO             PET0 ESMF Profiling Enabled
20240808 023129.153 INFO             PET0 ESMF Trace/Profile clock: REALTIME
20240808 023129.161 INFO             PET0  NUMBER_OF_PROCESSORS           1
20240808 023129.161 INFO             PET0  PASS  Example ESMF_TraceUserEx, ESMF_TraceUserEx.F90, line 125
20240808 023129.161 INFO             PET0  Finalizing ESMF
20240808 023129.161 INFO             PET0 **************** Region Timings *******************
20240808 023129.162 INFO             PET0 Region                Count  Total (s)   Self (s)    Mean (s)    Min (s)     Max (s)
20240808 023129.162 INFO             PET0   [ESMF]              1      0.0010      0.0002      0.0010      0.0010      0.0010
20240808 023129.162 INFO             PET0     outer_region      1      0.0008      0.0001      0.0008      0.0008      0.0008
20240808 023129.162 INFO             PET0       inner_region_1  10     0.0005      0.0005      0.0001      0.0001      0.0001
20240808 023129.162 INFO             PET0       inner_region_2  10     0.0003      0.0003      0.0000      0.0000      0.0000
