2024-09-06 01:03:39
--- ESMCI::ArrayBundle::print start ---
ArrayBundle: MyArrayBundle
arrayCount = 3
--- ESMCI::ArrayBundle::print start ---
ArrayBundle: MyArrayBundle
arrayCount = 3
Container::print() multipmap:item=Container::print() multipmap:item=0 key=AonFly value=0xec0eb0
Container::print() multipmap:item=1 key=0 key=AonFly value=0x1e43c40
Container::print() multipmap:item=Array002 value=0xebce00
Container::print() multipmap:item=2 key=Array003 value=0xebdc40
1 key=Array002 value=0x1e40960
Container::print() multipmap:item=2 key=Array003 value=0x1e41470
Container::print()      list:item=0 key=Array002 value=0xebce00
Container::print()      list:item=1 key=Array003 value=0xebdc40
Container::print()      list:item=2 key=Container::print()      list:item=0 key=Array002 value=0x1e40960
Container::print()      list:item=AonFly value=0xec0eb0
--- ESMCI::ArrayBundle::print end ---
1 key=Array003 value=0x1e41470
Container::print()      list:item=2 key=AonFly value=0x1e43c40
--- ESMCI::ArrayBundle::print end ---
--- ESMCI::ArrayBundle::print start ---
ArrayBundle: MyArrayBundle
--- ESMCI::ArrayBundle::print start ---
ArrayBundle: MyArrayBundle
arrayCount = 3
arrayCount = 3
--- ESMCI::Array::print start ---
 Base name    = AonFly--- ESMCI::Array::print start ---
 Base name    = AonFlyContainer::print() multipmap:item=0 key=
 Status: Base = Ready,  object = Ready
 Proxy        = no
 Root Info (Attributes):
Container::print() multipmap:item=0 key=AonFly value=
 Status: Base = Ready,  object = Ready
 Proxy        = no
 Root Info (Attributes):
AonFly value=0x830f00
Container::print() multipmap:item=1 key=Array002 value=0x82cd40
0x26cdd00
Container::print() multipmap:item=1 key=Array002 value=0x26ca960
Container::print() multipmap:item=2 key=Array003 value=0x26cb4b0Container::print() multipmap:item=2 key=Array003 value=0x82dc00

Container::print()      list:item=0 key=Container::print()      list:item=0 key=Array002 value=0x82cd40
Array002 value=0x26ca960
Container::print()      list:item=1 key=Array003 value=Container::print()      list:item=1 key=Array003 value=0x82dc00
Container::print()      list:item=2 key=AonFly value=0x26cb4b0
Container::print()      list:item=2 key=AonFly value=0x26cdd00
--- ESMCI::ArrayBundle::print end ---
0x830f00
--- ESMCI::ArrayBundle::print end ---
--- ESMCI::Array::print start ---
 Base name    = AonFly
{}Array typekind/rank: Real*4 / 2 
~ lower class' values ~
DistGrid dimCount = 2
deCount = 6
localDeCount = 2
~ local data in LocalArray for DE 1 ~
--- ESMCI::Array::print start ---
 Base name    = AonFly
 Status: Base = Ready,  object = Ready
 Proxy        = no
 Root Info (Attributes):
{}Array typekind/rank: Real*4 / 2 
~ lower class' values ~
DistGrid dimCount = 2
deCount = 6
localDeCount = 1
~ local data in LocalArray for DE 3 ~
LocalArrayPrint: Array at address 0x1e43910:
            rank = 2, typekind = 5,  Status: Base = Ready,  object = Ready
 Proxy        = no
 Root Info (Attributes):
LocalArrayPrint: Array at address 0xec0850:
            rank = 2, typekind = 5, base_addr = 0xebc6e0
            dim[0] = 2  dim[1] = 2  
  Real, *4, Dim 2, Data values:
base_addr = 0x1e40590
            dim[0] = 2  dim[1] = 2  
  Real, *4, Dim 2, Data values:
( 1, 1) =  2.16633e-38
( 2, 1) =  0
( 1, 2) =  2.8026e-45
( 2, 2) =  1.4013e-45
~ local data in LocalArray for DE 5 ~
LocalArrayPrint: Array at address 0xec0b80:
            rank = 2, typekind = 5, base_addr = 0xec0790
            dim[0] = 2  ( 1, 1) =  8.37938e-38
( 2, 1) =  0
( 1, 2) =  0
( 2, 2) =  0
--- ESMCI::Array::print end ---
dim[1] = 1  
  Real, *4, Dim 2, Data values:
( 1, 1) =  2.16758e-38
( 2, 1) =  0
--- ESMCI::Array::print end ---
--- ESMCI::Array::print start ---
--- ESMCI::Array::print start ---
 Base name    = Array002
 Status: Base = Ready,  object =  Base name    = Array002
 Status: Base = Ready,  object = Ready
 Proxy        = no
 Root Info (Attributes):
Ready
 Proxy        = no
 Root Info (Attributes):
{}Array typekind/rank: Real*8 / 2 
~ lower class' values ~
DistGrid dimCount = 2
deCount = 6
localDeCount = 2
~ local data in LocalArray for DE 1 ~
LocalArrayPrint: Array at address 0xebc780:
            rank = 2, typekind = 6, base_addr = 0xe92e20
{}Array typekind/rank: Real*8 / 2 
~ lower class' values ~
DistGrid dimCount = 2
deCount = 6
localDeCount = 1
~ local data in LocalArray for DE 3 ~
            dim[0] = 2  dim[1] = 2  
  Real, *8, Dim 2, Data values:
( 1, 1) =  7.54856e-317
( 2, 1) =  0
( 1, 2) =  0
LocalArrayPrint: Array at address 0x1e40630:
            rank = 2, typekind = 6, base_addr = 0x1e16150
            dim[0] = 2  dim[1] = 2  
  Real, *8, Dim 2, Data values:
( 2, 2) =  0
~ local data in LocalArray for DE 5 ~
LocalArrayPrint: Array at address 0xebcab0:
            rank = 2, typekind = 6, base_addr = 0xebcde0
            dim[0] = 2  dim[1] = 1  
  Real, *8, Dim 2, Data values:
( 1, 1) =  0
( 1, 1) =  1.55865e-316
( 2, 1) =  0
( 1, 2) =  0
( 2, 1) =  0
--- ESMCI::Array::print end ---
--- ESMCI::Array::print start ---
 Base name    = Array003
 Status: Base = Ready,  object = Ready
 Proxy        = no
 Root Info (Attributes):( 2, 2) =  0
--- ESMCI::Array::print end ---
--- ESMCI::Array::print start ---
 Base name    = Array003
 Status: Base = Ready,  object = Ready

{}Array typekind/rank: Real*8 / 2 
~ lower class' values ~
DistGrid dimCount = 2
deCount = 6
localDeCount = 2
 Proxy        = no
 Root Info (Attributes):
{}~ local data in LocalArray for DE 1 ~
LocalArrayPrint: Array at address 0xebd5e0:
            rank = 2, typekind = 6, base_addr = 0xe92180
            dim[0] = 2  dim[1] = 2  
  Real, *8, Dim 2, Data values:
( 1, 1) =  7.54788e-317
Array typekind/rank: Real*8 / 2 
~ lower class' values ~
DistGrid dimCount = 2
deCount = 6
localDeCount = 1
~ local data in LocalArray for DE 3 ~
LocalArrayPrint: Array at address 0x1e41140:
{}( 2, 1) =  0
( 1, 2) =  0
( 2, 2) =  0
~ local data in LocalArray for DE 5 ~
LocalArrayPrint: Array at address 0xebd910:
            rank = 2, typekind = 6, base_addr = 0xe92e50
            dim[0] = 2  dim[1] = 1  
  Real, *8, Dim 2, Data values:
( 1, 1) =  7.63422e-317
{}Array typekind/rank: Real*4 / 2 
~ lower class' values ~
            rank = 2, typekind = 6, base_addr = 0x1e15fc0
            dim[0] = 2  dim[1] = 2  
  Real, *8, Dim 2, Data values:
( 1, 1) =  1.55865e-316
( 2, 1) =  0
Array typekind/rank: Real*4 / 2 
~ lower class' values ~
DistGrid dimCount = 2
deCount = 6
localDeCount = 2
~ local data in LocalArray for DE 0 ~
LocalArrayPrint: Array at address 0x8308a0:
( 2, 1) =  2.122e-314
--- ESMCI::Array::print end ---
DistGrid dimCount = 2
deCount = 6
localDeCount = 1
~ local data in LocalArray for DE 2 ~
LocalArrayPrint: Array at address 0x26cd9d0:
            rank = 2, typekind = 5, base_addr = 0x26ca590
            dim[0] = 3  ( 1, 2) =  0
( 2, 2) =  0
--- ESMCI::Array::print end ---
            rank = 2, typekind = 5, base_addr = 0x82c620
            dim[0] = 3  dim[1] = 2  
  Real, *4, Dim 2, Data values:
dim[1] = 2  
  Real, *4, Dim 2, Data values:
( 1, 1) =  1.20205e-38
( 2, 1) =  0
( 1, 1) =  1.73926e-37
( 2, 1) =  0
( 3, 1) =  0
( 1, 2) =  0
( 3, 1) =  4.2039e-45
( 1, 2) =  1.4013e-45
( 2, 2) =  0
( 2, 2) =  0
( 3, 2) =  0
--- ESMCI::Array::print end ---
--- ESMCI::Array::print start ---( 3, 2) =  0
~ local data in LocalArray for DE 4 ~
LocalArrayPrint: Array at address 0x830bd0:
            rank = 2, typekind = 5, base_addr = 0x8307e0
            dim[0] = 3  
 Base name    = Array002
 Status: Base = Ready,  object = Ready
 Proxy        = dim[1] = 1  
  Real, *4, Dim 2, Data values:
( 1, 1) =  1.20332e-38
( 2, 1) =  0
no
 Root Info (Attributes):
( 3, 1) =  0
--- ESMCI::Array::print end ---
--- ESMCI::Array::print start ---
 Base name    = Array002
 Status: Base = Ready,  object = Ready
 Proxy        = no
 Root Info (Attributes):
{}Array typekind/rank: Real*8 / 2 
~ lower class' values ~
DistGrid dimCount = 2
deCount = 6
localDeCount = 1
  PASS  Example ESMF_ArrayBundleEx, ESMF_ArrayBundleEx.F90, line 267
~ local data in LocalArray for DE 2 ~
LocalArrayPrint: Array at address 0x26ca630:
            rank = 2, typekind = 6, base_addr = 0x26a0de0
            dim[0] = 3  dim[1] = 2  
{}Array typekind/rank: Real*8 / 2 
~ lower class' values ~
DistGrid dimCount = 2
  Real, *8, Dim 2, Data values:
( 1, 1) =  2.00098e-316
( 2, 1) =  4.24399e-314
deCount = 6
localDeCount = 2
~ local data in LocalArray for DE 0 ~
LocalArrayPrint: Array at address 0x82c6c0:
            rank = 2, typekind = 6, base_addr = 0x802dd0
            ( 3, 1) =  4.24399e-314
( 1, 2) =  4.24399e-314
( 2, 2) =  2.122e-314
  PASS  Example ESMF_ArrayBundleEx, ESMF_ArrayBundleEx.F90, line 267
dim[0] = 3  dim[1] = 2  
  Real, *8, Dim 2, Data values:
( 1, 1) =  4.14797e-317
( 2, 1) =  4.24399e-314
( 3, 2) =  2.122e-314
--- ESMCI::Array::print end ---
--- ESMCI::Array::print start ---
 Base name    = Array003
 Status: Base = Ready,  object = Ready( 3, 1) =  4.24399e-314
( 1, 2) =  4.24399e-314
( 2, 2) =  2.122e-314

 Proxy        = no
 Root Info (Attributes):
( 3, 2) =  2.122e-314
~ local data in LocalArray for DE 4 ~
LocalArrayPrint: Array at address 0x82c9f0:
            rank = 2, typekind = 6, base_addr = 0x82cd20
            {}Array typekind/rank: Real*8 / 2 
~ lower class' values ~
DistGrid dimCount = 2
deCount = 6
dim[0] = 3  dim[1] = 1  
  Real, *8, Dim 2, Data values:
( 1, 1) =  0
( 2, 1) =  0
localDeCount = 1
~ local data in LocalArray for DE 2 ~
LocalArrayPrint: Array at address 0x26cb140:
            rank = 2, typekind = 6, base_addr = 0x26cb470
            dim[0] = 3  ( 3, 1) =  0
--- ESMCI::Array::print end ---
--- ESMCI::Array::print start ---
 Base name    = Array003dim[1] = 2  
  Real, *8, Dim 2, Data values:
( 1, 1) =  0
( 2, 1) =  0

 Status: Base = Ready,  object = Ready
 Proxy        = no
 Root Info (Attributes):
( 3, 1) =  0
( 1, 2) =  0
( 2, 2) =  0
( 3, 2) =  0
--- ESMCI::Array::print end ---
{}Array typekind/rank: Real*8 / 2 
~ lower class' values ~
DistGrid dimCount = 2
deCount = 6
localDeCount = 2
~ local data in LocalArray for DE 0 ~
LocalArrayPrint: Array at address 0x82d560:
            rank = 2, typekind = 6, base_addr = 0x82d890
            dim[0] = 3  dim[1] = 2  
  Real, *8, Dim 2, Data values:
( 1, 1) =  0
( 2, 1) =  0
( 3, 1) =  0
( 1, 2) =  0
( 2, 2) =  0
( 3, 2) =  0
~ local data in LocalArray for DE 4 ~
LocalArrayPrint: Array at address 0x82d8d0:
            rank = 2, typekind = 6, base_addr = 0x82c5e0
            dim[0] = 3  dim[1] = 1  
  Real, *8, Dim 2, Data values:
( 1, 1) =  4.23432e-317
( 2, 1) =  2.122e-314
( 3, 1) =  0
--- ESMCI::Array::print end ---
  PASS  Example ESMF_ArrayBundleEx, ESMF_ArrayBundleEx.F90, line 267
  PASS  Example ESMF_ArrayBundleEx, ESMF_ArrayBundleEx.F90, line 267
 PASS: ESMF_ArrayBundleEx.F90
 PASS: ESMF_ArrayBundleEx.F90
 PASS: ESMF_ArrayBundleEx.F90
 PASS: ESMF_ArrayBundleEx.F90
