2024-10-05 02:37:45
20241005 031746.756 INFO             PET0 !!!!!!!!!!!!!!!!!!!!!!!!!!!!!!!!!!!!!!!!!!!!!!!!!!!!!!
20241005 031746.756 INFO             PET0 !!! THE ESMF_LOG IS SET TO OUTPUT ALL LOG MESSAGES !!!
20241005 031746.756 INFO             PET0 !!!     THIS MAY CAUSE SLOWDOWN IN PERFORMANCE     !!!
20241005 031746.756 INFO             PET0 !!! FOR PRODUCTION RUNS, USE:                      !!!
20241005 031746.756 INFO             PET0 !!!                   ESMF_LOGKIND_Multi_On_Error  !!!
20241005 031746.756 INFO             PET0 !!!!!!!!!!!!!!!!!!!!!!!!!!!!!!!!!!!!!!!!!!!!!!!!!!!!!!
20241005 031746.756 INFO             PET0 Running with ESMF Version   : v8.7.0
20241005 031746.756 INFO             PET0 ESMF library build date/time: "Oct  5 2024" "02:35:27"
20241005 031746.756 INFO             PET0 ESMF library build location : /work/noaa/da/mpotts/sandbox/gfortran_12.2.0_openmpi_O_v8.7.0/esmf
20241005 031746.756 INFO             PET0 ESMF_COMM                   : openmpi
20241005 031746.757 INFO             PET0 ESMF_MOAB                   : enabled
20241005 031746.757 INFO             PET0 ESMF_LAPACK                 : enabled
20241005 031746.757 INFO             PET0 ESMF_NETCDF                 : disabled
20241005 031746.757 INFO             PET0 ESMF_PNETCDF                : disabled
20241005 031746.757 INFO             PET0 ESMF_PIO                    : disabled
20241005 031746.757 INFO             PET0 ESMF_YAMLCPP                : enabled
20241005 031746.758 INFO             PET0  NUMBER_OF_PROCESSORS           4
20241005 031746.758 INFO             PET0  PASS  Example ESMF_FieldCommEx, ESMF_FieldCommEx.F90, line 258
20241005 031746.758 INFO             PET0  Finalizing ESMF
20241005 031746.756 INFO             PET1 !!!!!!!!!!!!!!!!!!!!!!!!!!!!!!!!!!!!!!!!!!!!!!!!!!!!!!
20241005 031746.756 INFO             PET1 !!! THE ESMF_LOG IS SET TO OUTPUT ALL LOG MESSAGES !!!
20241005 031746.756 INFO             PET1 !!!     THIS MAY CAUSE SLOWDOWN IN PERFORMANCE     !!!
20241005 031746.756 INFO             PET1 !!! FOR PRODUCTION RUNS, USE:                      !!!
20241005 031746.756 INFO             PET1 !!!                   ESMF_LOGKIND_Multi_On_Error  !!!
20241005 031746.756 INFO             PET1 !!!!!!!!!!!!!!!!!!!!!!!!!!!!!!!!!!!!!!!!!!!!!!!!!!!!!!
20241005 031746.756 INFO             PET1 Running with ESMF Version   : v8.7.0
20241005 031746.756 INFO             PET1 ESMF library build date/time: "Oct  5 2024" "02:35:27"
20241005 031746.756 INFO             PET1 ESMF library build location : /work/noaa/da/mpotts/sandbox/gfortran_12.2.0_openmpi_O_v8.7.0/esmf
20241005 031746.756 INFO             PET1 ESMF_COMM                   : openmpi
20241005 031746.756 INFO             PET1 ESMF_MOAB                   : enabled
20241005 031746.756 INFO             PET1 ESMF_LAPACK                 : enabled
20241005 031746.756 INFO             PET1 ESMF_NETCDF                 : disabled
20241005 031746.756 INFO             PET1 ESMF_PNETCDF                : disabled
20241005 031746.756 INFO             PET1 ESMF_PIO                    : disabled
20241005 031746.756 INFO             PET1 ESMF_YAMLCPP                : enabled
20241005 031746.758 INFO             PET1  NUMBER_OF_PROCESSORS           4
20241005 031746.758 INFO             PET1  PASS  Example ESMF_FieldCommEx, ESMF_FieldCommEx.F90, line 258
20241005 031746.758 INFO             PET1  Finalizing ESMF
20241005 031746.755 INFO             PET2 !!!!!!!!!!!!!!!!!!!!!!!!!!!!!!!!!!!!!!!!!!!!!!!!!!!!!!
20241005 031746.755 INFO             PET2 !!! THE ESMF_LOG IS SET TO OUTPUT ALL LOG MESSAGES !!!
20241005 031746.755 INFO             PET2 !!!     THIS MAY CAUSE SLOWDOWN IN PERFORMANCE     !!!
20241005 031746.755 INFO             PET2 !!! FOR PRODUCTION RUNS, USE:                      !!!
20241005 031746.755 INFO             PET2 !!!                   ESMF_LOGKIND_Multi_On_Error  !!!
20241005 031746.755 INFO             PET2 !!!!!!!!!!!!!!!!!!!!!!!!!!!!!!!!!!!!!!!!!!!!!!!!!!!!!!
20241005 031746.755 INFO             PET2 Running with ESMF Version   : v8.7.0
20241005 031746.755 INFO             PET2 ESMF library build date/time: "Oct  5 2024" "02:35:27"
20241005 031746.755 INFO             PET2 ESMF library build location : /work/noaa/da/mpotts/sandbox/gfortran_12.2.0_openmpi_O_v8.7.0/esmf
20241005 031746.755 INFO             PET2 ESMF_COMM                   : openmpi
20241005 031746.756 INFO             PET2 ESMF_MOAB                   : enabled
20241005 031746.756 INFO             PET2 ESMF_LAPACK                 : enabled
20241005 031746.756 INFO             PET2 ESMF_NETCDF                 : disabled
20241005 031746.756 INFO             PET2 ESMF_PNETCDF                : disabled
20241005 031746.756 INFO             PET2 ESMF_PIO                    : disabled
20241005 031746.756 INFO             PET2 ESMF_YAMLCPP                : enabled
20241005 031746.758 INFO             PET2  NUMBER_OF_PROCESSORS           4
20241005 031746.758 INFO             PET2  PASS  Example ESMF_FieldCommEx, ESMF_FieldCommEx.F90, line 258
20241005 031746.758 INFO             PET2  Finalizing ESMF
20241005 031746.755 INFO             PET3 !!!!!!!!!!!!!!!!!!!!!!!!!!!!!!!!!!!!!!!!!!!!!!!!!!!!!!
20241005 031746.755 INFO             PET3 !!! THE ESMF_LOG IS SET TO OUTPUT ALL LOG MESSAGES !!!
20241005 031746.755 INFO             PET3 !!!     THIS MAY CAUSE SLOWDOWN IN PERFORMANCE     !!!
20241005 031746.755 INFO             PET3 !!! FOR PRODUCTION RUNS, USE:                      !!!
20241005 031746.755 INFO             PET3 !!!                   ESMF_LOGKIND_Multi_On_Error  !!!
20241005 031746.755 INFO             PET3 !!!!!!!!!!!!!!!!!!!!!!!!!!!!!!!!!!!!!!!!!!!!!!!!!!!!!!
20241005 031746.755 INFO             PET3 Running with ESMF Version   : v8.7.0
20241005 031746.755 INFO             PET3 ESMF library build date/time: "Oct  5 2024" "02:35:27"
20241005 031746.755 INFO             PET3 ESMF library build location : /work/noaa/da/mpotts/sandbox/gfortran_12.2.0_openmpi_O_v8.7.0/esmf
20241005 031746.755 INFO             PET3 ESMF_COMM                   : openmpi
20241005 031746.756 INFO             PET3 ESMF_MOAB                   : enabled
20241005 031746.756 INFO             PET3 ESMF_LAPACK                 : enabled
20241005 031746.756 INFO             PET3 ESMF_NETCDF                 : disabled
20241005 031746.756 INFO             PET3 ESMF_PNETCDF                : disabled
20241005 031746.756 INFO             PET3 ESMF_PIO                    : disabled
20241005 031746.756 INFO             PET3 ESMF_YAMLCPP                : enabled
20241005 031746.758 INFO             PET3  NUMBER_OF_PROCESSORS           4
20241005 031746.758 INFO             PET3  PASS  Example ESMF_FieldCommEx, ESMF_FieldCommEx.F90, line 258
20241005 031746.758 INFO             PET3  Finalizing ESMF
