2024-10-04 02:36:00
20241004 031216.193 INFO             PET0 !!!!!!!!!!!!!!!!!!!!!!!!!!!!!!!!!!!!!!!!!!!!!!!!!!!!!!
20241004 031216.193 INFO             PET0 !!! THE ESMF_LOG IS SET TO OUTPUT ALL LOG MESSAGES !!!
20241004 031216.193 INFO             PET0 !!!     THIS MAY CAUSE SLOWDOWN IN PERFORMANCE     !!!
20241004 031216.193 INFO             PET0 !!! FOR PRODUCTION RUNS, USE:                      !!!
20241004 031216.193 INFO             PET0 !!!                   ESMF_LOGKIND_Multi_On_Error  !!!
20241004 031216.193 INFO             PET0 !!!!!!!!!!!!!!!!!!!!!!!!!!!!!!!!!!!!!!!!!!!!!!!!!!!!!!
20241004 031216.193 INFO             PET0 Running with ESMF Version   : v8.7.0
20241004 031216.193 INFO             PET0 ESMF library build date/time: "Oct  4 2024" "02:33:46"
20241004 031216.193 INFO             PET0 ESMF library build location : /work/noaa/da/mpotts/sandbox/gfortran_12.2.0_openmpi_O_v8.7.0/esmf
20241004 031216.193 INFO             PET0 ESMF_COMM                   : openmpi
20241004 031216.194 INFO             PET0 ESMF_MOAB                   : enabled
20241004 031216.194 INFO             PET0 ESMF_LAPACK                 : enabled
20241004 031216.194 INFO             PET0 ESMF_NETCDF                 : disabled
20241004 031216.194 INFO             PET0 ESMF_PNETCDF                : disabled
20241004 031216.194 INFO             PET0 ESMF_PIO                    : disabled
20241004 031216.194 INFO             PET0 ESMF_YAMLCPP                : enabled
20241004 031216.194 INFO             PET0  NUMBER_OF_PROCESSORS           4
20241004 031216.194 INFO             PET0  PASS  Example ESMF_VMScatterVMGatherEx, ESMF_VMScatterVMGatherEx.F90, line 120
20241004 031216.194 INFO             PET0  Finalizing ESMF
20241004 031216.192 INFO             PET1 !!!!!!!!!!!!!!!!!!!!!!!!!!!!!!!!!!!!!!!!!!!!!!!!!!!!!!
20241004 031216.192 INFO             PET1 !!! THE ESMF_LOG IS SET TO OUTPUT ALL LOG MESSAGES !!!
20241004 031216.192 INFO             PET1 !!!     THIS MAY CAUSE SLOWDOWN IN PERFORMANCE     !!!
20241004 031216.192 INFO             PET1 !!! FOR PRODUCTION RUNS, USE:                      !!!
20241004 031216.192 INFO             PET1 !!!                   ESMF_LOGKIND_Multi_On_Error  !!!
20241004 031216.192 INFO             PET1 !!!!!!!!!!!!!!!!!!!!!!!!!!!!!!!!!!!!!!!!!!!!!!!!!!!!!!
20241004 031216.192 INFO             PET1 Running with ESMF Version   : v8.7.0
20241004 031216.192 INFO             PET1 ESMF library build date/time: "Oct  4 2024" "02:33:46"
20241004 031216.192 INFO             PET1 ESMF library build location : /work/noaa/da/mpotts/sandbox/gfortran_12.2.0_openmpi_O_v8.7.0/esmf
20241004 031216.192 INFO             PET1 ESMF_COMM                   : openmpi
20241004 031216.193 INFO             PET1 ESMF_MOAB                   : enabled
20241004 031216.193 INFO             PET1 ESMF_LAPACK                 : enabled
20241004 031216.193 INFO             PET1 ESMF_NETCDF                 : disabled
20241004 031216.193 INFO             PET1 ESMF_PNETCDF                : disabled
20241004 031216.193 INFO             PET1 ESMF_PIO                    : disabled
20241004 031216.193 INFO             PET1 ESMF_YAMLCPP                : enabled
20241004 031216.194 INFO             PET1  NUMBER_OF_PROCESSORS           4
20241004 031216.194 INFO             PET1  PASS  Example ESMF_VMScatterVMGatherEx, ESMF_VMScatterVMGatherEx.F90, line 120
20241004 031216.194 INFO             PET1  Finalizing ESMF
20241004 031216.193 INFO             PET2 !!!!!!!!!!!!!!!!!!!!!!!!!!!!!!!!!!!!!!!!!!!!!!!!!!!!!!
20241004 031216.193 INFO             PET2 !!! THE ESMF_LOG IS SET TO OUTPUT ALL LOG MESSAGES !!!
20241004 031216.193 INFO             PET2 !!!     THIS MAY CAUSE SLOWDOWN IN PERFORMANCE     !!!
20241004 031216.193 INFO             PET2 !!! FOR PRODUCTION RUNS, USE:                      !!!
20241004 031216.193 INFO             PET2 !!!                   ESMF_LOGKIND_Multi_On_Error  !!!
20241004 031216.193 INFO             PET2 !!!!!!!!!!!!!!!!!!!!!!!!!!!!!!!!!!!!!!!!!!!!!!!!!!!!!!
20241004 031216.193 INFO             PET2 Running with ESMF Version   : v8.7.0
20241004 031216.193 INFO             PET2 ESMF library build date/time: "Oct  4 2024" "02:33:46"
20241004 031216.193 INFO             PET2 ESMF library build location : /work/noaa/da/mpotts/sandbox/gfortran_12.2.0_openmpi_O_v8.7.0/esmf
20241004 031216.193 INFO             PET2 ESMF_COMM                   : openmpi
20241004 031216.193 INFO             PET2 ESMF_MOAB                   : enabled
20241004 031216.193 INFO             PET2 ESMF_LAPACK                 : enabled
20241004 031216.193 INFO             PET2 ESMF_NETCDF                 : disabled
20241004 031216.193 INFO             PET2 ESMF_PNETCDF                : disabled
20241004 031216.193 INFO             PET2 ESMF_PIO                    : disabled
20241004 031216.193 INFO             PET2 ESMF_YAMLCPP                : enabled
20241004 031216.194 INFO             PET2  NUMBER_OF_PROCESSORS           4
20241004 031216.194 INFO             PET2  PASS  Example ESMF_VMScatterVMGatherEx, ESMF_VMScatterVMGatherEx.F90, line 120
20241004 031216.194 INFO             PET2  Finalizing ESMF
20241004 031216.193 INFO             PET3 !!!!!!!!!!!!!!!!!!!!!!!!!!!!!!!!!!!!!!!!!!!!!!!!!!!!!!
20241004 031216.193 INFO             PET3 !!! THE ESMF_LOG IS SET TO OUTPUT ALL LOG MESSAGES !!!
20241004 031216.193 INFO             PET3 !!!     THIS MAY CAUSE SLOWDOWN IN PERFORMANCE     !!!
20241004 031216.193 INFO             PET3 !!! FOR PRODUCTION RUNS, USE:                      !!!
20241004 031216.193 INFO             PET3 !!!                   ESMF_LOGKIND_Multi_On_Error  !!!
20241004 031216.193 INFO             PET3 !!!!!!!!!!!!!!!!!!!!!!!!!!!!!!!!!!!!!!!!!!!!!!!!!!!!!!
20241004 031216.193 INFO             PET3 Running with ESMF Version   : v8.7.0
20241004 031216.193 INFO             PET3 ESMF library build date/time: "Oct  4 2024" "02:33:46"
20241004 031216.193 INFO             PET3 ESMF library build location : /work/noaa/da/mpotts/sandbox/gfortran_12.2.0_openmpi_O_v8.7.0/esmf
20241004 031216.193 INFO             PET3 ESMF_COMM                   : openmpi
20241004 031216.193 INFO             PET3 ESMF_MOAB                   : enabled
20241004 031216.193 INFO             PET3 ESMF_LAPACK                 : enabled
20241004 031216.193 INFO             PET3 ESMF_NETCDF                 : disabled
20241004 031216.193 INFO             PET3 ESMF_PNETCDF                : disabled
20241004 031216.193 INFO             PET3 ESMF_PIO                    : disabled
20241004 031216.193 INFO             PET3 ESMF_YAMLCPP                : enabled
20241004 031216.194 INFO             PET3  NUMBER_OF_PROCESSORS           4
20241004 031216.194 INFO             PET3  PASS  Example ESMF_VMScatterVMGatherEx, ESMF_VMScatterVMGatherEx.F90, line 120
20241004 031216.194 INFO             PET3  Finalizing ESMF
