2024-10-04 03:43:31
20241004 041210.669 INFO             PET0 !!!!!!!!!!!!!!!!!!!!!!!!!!!!!!!!!!!!!!!!!!!!!!!!!!!!!!
20241004 041210.669 INFO             PET0 !!! THE ESMF_LOG IS SET TO OUTPUT ALL LOG MESSAGES !!!
20241004 041210.669 INFO             PET0 !!!     THIS MAY CAUSE SLOWDOWN IN PERFORMANCE     !!!
20241004 041210.669 INFO             PET0 !!! FOR PRODUCTION RUNS, USE:                      !!!
20241004 041210.669 INFO             PET0 !!!                   ESMF_LOGKIND_Multi_On_Error  !!!
20241004 041210.669 INFO             PET0 !!!!!!!!!!!!!!!!!!!!!!!!!!!!!!!!!!!!!!!!!!!!!!!!!!!!!!
20241004 041210.669 INFO             PET0 Running with ESMF Version   : v8.7.0
20241004 041210.669 INFO             PET0 ESMF library build date/time: "Oct  4 2024" "03:42:21"
20241004 041210.669 INFO             PET0 ESMF library build location : /tmp/gfortran_12.2.0_mpi_g_v8.7.0/esmf
20241004 041210.669 INFO             PET0 ESMF_COMM                   : mpi
20241004 041210.669 INFO             PET0 ESMF_MOAB                   : enabled
20241004 041210.669 INFO             PET0 ESMF_LAPACK                 : enabled
20241004 041210.669 INFO             PET0 ESMF_NETCDF                 : enabled
20241004 041210.669 INFO             PET0 ESMF_PNETCDF                : disabled
20241004 041210.669 INFO             PET0 ESMF_PIO                    : enabled
20241004 041210.669 INFO             PET0 ESMF_YAMLCPP                : enabled
20241004 041210.751 DEBUG            PET0 about to destroy Grid: 0x563410
20241004 041210.762 DEBUG            PET0 about to destroy Grid: 0x565110
20241004 041210.791 INFO             PET0  NUMBER_OF_PROCESSORS           4
20241004 041210.791 INFO             PET0  PASS  Example ESMF_NUOPCAtmModelEx, ESMF_NUOPCAtmModelEx.F90, line 806
20241004 041210.791 INFO             PET0  Finalizing ESMF
20241004 041210.669 INFO             PET1 !!!!!!!!!!!!!!!!!!!!!!!!!!!!!!!!!!!!!!!!!!!!!!!!!!!!!!
20241004 041210.669 INFO             PET1 !!! THE ESMF_LOG IS SET TO OUTPUT ALL LOG MESSAGES !!!
20241004 041210.669 INFO             PET1 !!!     THIS MAY CAUSE SLOWDOWN IN PERFORMANCE     !!!
20241004 041210.669 INFO             PET1 !!! FOR PRODUCTION RUNS, USE:                      !!!
20241004 041210.669 INFO             PET1 !!!                   ESMF_LOGKIND_Multi_On_Error  !!!
20241004 041210.669 INFO             PET1 !!!!!!!!!!!!!!!!!!!!!!!!!!!!!!!!!!!!!!!!!!!!!!!!!!!!!!
20241004 041210.669 INFO             PET1 Running with ESMF Version   : v8.7.0
20241004 041210.669 INFO             PET1 ESMF library build date/time: "Oct  4 2024" "03:42:21"
20241004 041210.669 INFO             PET1 ESMF library build location : /tmp/gfortran_12.2.0_mpi_g_v8.7.0/esmf
20241004 041210.669 INFO             PET1 ESMF_COMM                   : mpi
20241004 041210.669 INFO             PET1 ESMF_MOAB                   : enabled
20241004 041210.669 INFO             PET1 ESMF_LAPACK                 : enabled
20241004 041210.669 INFO             PET1 ESMF_NETCDF                 : enabled
20241004 041210.669 INFO             PET1 ESMF_PNETCDF                : disabled
20241004 041210.669 INFO             PET1 ESMF_PIO                    : enabled
20241004 041210.669 INFO             PET1 ESMF_YAMLCPP                : enabled
20241004 041210.751 DEBUG            PET1 about to destroy Grid: 0x560720
20241004 041210.762 DEBUG            PET1 about to destroy Grid: 0x561fb0
20241004 041210.791 INFO             PET1  NUMBER_OF_PROCESSORS           4
20241004 041210.791 INFO             PET1  PASS  Example ESMF_NUOPCAtmModelEx, ESMF_NUOPCAtmModelEx.F90, line 806
20241004 041210.791 INFO             PET1  Finalizing ESMF
20241004 041210.669 INFO             PET2 !!!!!!!!!!!!!!!!!!!!!!!!!!!!!!!!!!!!!!!!!!!!!!!!!!!!!!
20241004 041210.669 INFO             PET2 !!! THE ESMF_LOG IS SET TO OUTPUT ALL LOG MESSAGES !!!
20241004 041210.669 INFO             PET2 !!!     THIS MAY CAUSE SLOWDOWN IN PERFORMANCE     !!!
20241004 041210.669 INFO             PET2 !!! FOR PRODUCTION RUNS, USE:                      !!!
20241004 041210.669 INFO             PET2 !!!                   ESMF_LOGKIND_Multi_On_Error  !!!
20241004 041210.669 INFO             PET2 !!!!!!!!!!!!!!!!!!!!!!!!!!!!!!!!!!!!!!!!!!!!!!!!!!!!!!
20241004 041210.669 INFO             PET2 Running with ESMF Version   : v8.7.0
20241004 041210.669 INFO             PET2 ESMF library build date/time: "Oct  4 2024" "03:42:21"
20241004 041210.669 INFO             PET2 ESMF library build location : /tmp/gfortran_12.2.0_mpi_g_v8.7.0/esmf
20241004 041210.669 INFO             PET2 ESMF_COMM                   : mpi
20241004 041210.669 INFO             PET2 ESMF_MOAB                   : enabled
20241004 041210.669 INFO             PET2 ESMF_LAPACK                 : enabled
20241004 041210.669 INFO             PET2 ESMF_NETCDF                 : enabled
20241004 041210.669 INFO             PET2 ESMF_PNETCDF                : disabled
20241004 041210.669 INFO             PET2 ESMF_PIO                    : enabled
20241004 041210.669 INFO             PET2 ESMF_YAMLCPP                : enabled
20241004 041210.751 DEBUG            PET2 about to destroy Grid: 0x55f850
20241004 041210.762 DEBUG            PET2 about to destroy Grid: 0x5611a0
20241004 041210.791 INFO             PET2  NUMBER_OF_PROCESSORS           4
20241004 041210.791 INFO             PET2  PASS  Example ESMF_NUOPCAtmModelEx, ESMF_NUOPCAtmModelEx.F90, line 806
20241004 041210.791 INFO             PET2  Finalizing ESMF
20241004 041210.669 INFO             PET3 !!!!!!!!!!!!!!!!!!!!!!!!!!!!!!!!!!!!!!!!!!!!!!!!!!!!!!
20241004 041210.669 INFO             PET3 !!! THE ESMF_LOG IS SET TO OUTPUT ALL LOG MESSAGES !!!
20241004 041210.669 INFO             PET3 !!!     THIS MAY CAUSE SLOWDOWN IN PERFORMANCE     !!!
20241004 041210.669 INFO             PET3 !!! FOR PRODUCTION RUNS, USE:                      !!!
20241004 041210.669 INFO             PET3 !!!                   ESMF_LOGKIND_Multi_On_Error  !!!
20241004 041210.669 INFO             PET3 !!!!!!!!!!!!!!!!!!!!!!!!!!!!!!!!!!!!!!!!!!!!!!!!!!!!!!
20241004 041210.669 INFO             PET3 Running with ESMF Version   : v8.7.0
20241004 041210.669 INFO             PET3 ESMF library build date/time: "Oct  4 2024" "03:42:21"
20241004 041210.669 INFO             PET3 ESMF library build location : /tmp/gfortran_12.2.0_mpi_g_v8.7.0/esmf
20241004 041210.669 INFO             PET3 ESMF_COMM                   : mpi
20241004 041210.669 INFO             PET3 ESMF_MOAB                   : enabled
20241004 041210.669 INFO             PET3 ESMF_LAPACK                 : enabled
20241004 041210.669 INFO             PET3 ESMF_NETCDF                 : enabled
20241004 041210.669 INFO             PET3 ESMF_PNETCDF                : disabled
20241004 041210.669 INFO             PET3 ESMF_PIO                    : enabled
20241004 041210.669 INFO             PET3 ESMF_YAMLCPP                : enabled
20241004 041210.751 DEBUG            PET3 about to destroy Grid: 0x560630
20241004 041210.762 DEBUG            PET3 about to destroy Grid: 0x561310
20241004 041210.791 INFO             PET3  NUMBER_OF_PROCESSORS           4
20241004 041210.791 INFO             PET3  PASS  Example ESMF_NUOPCAtmModelEx, ESMF_NUOPCAtmModelEx.F90, line 806
20241004 041210.791 INFO             PET3  Finalizing ESMF
