2024-09-04 03:02:54
20240904 033639.477 INFO             PET0 !!!!!!!!!!!!!!!!!!!!!!!!!!!!!!!!!!!!!!!!!!!!!!!!!!!!!!
20240904 033639.477 INFO             PET0 !!! THE ESMF_LOG IS SET TO OUTPUT ALL LOG MESSAGES !!!
20240904 033639.477 INFO             PET0 !!!     THIS MAY CAUSE SLOWDOWN IN PERFORMANCE     !!!
20240904 033639.477 INFO             PET0 !!! FOR PRODUCTION RUNS, USE:                      !!!
20240904 033639.477 INFO             PET0 !!!                   ESMF_LOGKIND_Multi_On_Error  !!!
20240904 033639.477 INFO             PET0 !!!!!!!!!!!!!!!!!!!!!!!!!!!!!!!!!!!!!!!!!!!!!!!!!!!!!!
20240904 033639.477 INFO             PET0 Running with ESMF Version   : v8.7.0b13
20240904 033639.477 INFO             PET0 ESMF library build date/time: "Sep  4 2024" "03:00:37"
20240904 033639.477 INFO             PET0 ESMF library build location : /glade/derecho/scratch/sacks/esmf-testing/intel_2023.2.1-oneAPI_mpiuni_O_develop/esmf
20240904 033639.477 INFO             PET0 ESMF_COMM                   : mpiuni
20240904 033639.479 INFO             PET0 ESMF_MOAB                   : enabled
20240904 033639.479 INFO             PET0 ESMF_LAPACK                 : enabled
20240904 033639.479 INFO             PET0 ESMF_NETCDF                 : enabled
20240904 033639.479 INFO             PET0 ESMF_PNETCDF                : disabled
20240904 033639.479 INFO             PET0 ESMF_PIO                    : enabled
20240904 033639.479 INFO             PET0 ESMF_YAMLCPP                : enabled
20240904 033639.498 DEBUG            PET0 about to destroy Grid: 0x80e140
20240904 033639.500 DEBUG            PET0 about to destroy Grid: 0x80f1d0
20240904 033639.507 INFO             PET0  NUMBER_OF_PROCESSORS           1
20240904 033639.507 INFO             PET0  PASS  Example ESMF_NUOPCAtmModelEx, ESMF_NUOPCAtmModelEx.F90, line 806
20240904 033639.507 INFO             PET0  Finalizing ESMF
