2024-09-12 03:22:22
20240912 035606.085 INFO             PET0 !!!!!!!!!!!!!!!!!!!!!!!!!!!!!!!!!!!!!!!!!!!!!!!!!!!!!!
20240912 035606.085 INFO             PET0 !!! THE ESMF_LOG IS SET TO OUTPUT ALL LOG MESSAGES !!!
20240912 035606.085 INFO             PET0 !!!     THIS MAY CAUSE SLOWDOWN IN PERFORMANCE     !!!
20240912 035606.085 INFO             PET0 !!! FOR PRODUCTION RUNS, USE:                      !!!
20240912 035606.085 INFO             PET0 !!!                   ESMF_LOGKIND_Multi_On_Error  !!!
20240912 035606.085 INFO             PET0 !!!!!!!!!!!!!!!!!!!!!!!!!!!!!!!!!!!!!!!!!!!!!!!!!!!!!!
20240912 035606.085 INFO             PET0 Running with ESMF Version   : v8.7.0b14
20240912 035606.085 INFO             PET0 ESMF library build date/time: "Sep 12 2024" "03:20:06"
20240912 035606.085 INFO             PET0 ESMF library build location : /glade/derecho/scratch/sacks/esmf-testing/intel_2023.2.1-oneAPI_mpiuni_O_develop/esmf
20240912 035606.085 INFO             PET0 ESMF_COMM                   : mpiuni
20240912 035606.087 INFO             PET0 ESMF_MOAB                   : enabled
20240912 035606.087 INFO             PET0 ESMF_LAPACK                 : enabled
20240912 035606.087 INFO             PET0 ESMF_NETCDF                 : enabled
20240912 035606.087 INFO             PET0 ESMF_PNETCDF                : disabled
20240912 035606.087 INFO             PET0 ESMF_PIO                    : enabled
20240912 035606.087 INFO             PET0 ESMF_YAMLCPP                : enabled
20240912 035606.090 INFO             PET0  NUMBER_OF_PROCESSORS           1
20240912 035606.090 INFO             PET0  PASS  Example ESMF_InternalStateEx, ESMF_InternalStateEx.F90, line 132
20240912 035606.090 INFO             PET0  Finalizing ESMF
