2024-08-08 06:43:37
20240808 070936.197 INFO             PET0 !!!!!!!!!!!!!!!!!!!!!!!!!!!!!!!!!!!!!!!!!!!!!!!!!!!!!!
20240808 070936.197 INFO             PET0 !!! THE ESMF_LOG IS SET TO OUTPUT ALL LOG MESSAGES !!!
20240808 070936.197 INFO             PET0 !!!     THIS MAY CAUSE SLOWDOWN IN PERFORMANCE     !!!
20240808 070936.197 INFO             PET0 !!! FOR PRODUCTION RUNS, USE:                      !!!
20240808 070936.197 INFO             PET0 !!!                   ESMF_LOGKIND_Multi_On_Error  !!!
20240808 070936.197 INFO             PET0 !!!!!!!!!!!!!!!!!!!!!!!!!!!!!!!!!!!!!!!!!!!!!!!!!!!!!!
20240808 070936.197 INFO             PET0 Running with ESMF Version   : v8.7.0b11
20240808 070936.197 INFO             PET0 ESMF library build date/time: "Aug  8 2024" "06:42:35"
20240808 070936.197 INFO             PET0 ESMF library build location : /discover/nobackup/projects/sbu/mpotts/esmf-test/gfortran_8.3.0_mpiuni_g_develop/esmf
20240808 070936.197 INFO             PET0 ESMF_COMM                   : mpiuni
20240808 070936.197 INFO             PET0 ESMF_MOAB                   : enabled
20240808 070936.197 INFO             PET0 ESMF_LAPACK                 : enabled
20240808 070936.197 INFO             PET0 ESMF_NETCDF                 : disabled
20240808 070936.197 INFO             PET0 ESMF_PNETCDF                : disabled
20240808 070936.197 INFO             PET0 ESMF_PIO                    : disabled
20240808 070936.197 INFO             PET0 ESMF_YAMLCPP                : enabled
20240808 070936.390 INFO             PET0  NUMBER_OF_PROCESSORS           1
20240808 070936.390 INFO             PET0  PASS  Example ESMF_RHandleDynamicMaskingEx, ESMF_RHandleDynamicMaskingEx.F90, line 1116
20240808 070936.390 INFO             PET0  Finalizing ESMF
