2024-10-04 02:47:21
20241004 033811.011 INFO             PET0 !!!!!!!!!!!!!!!!!!!!!!!!!!!!!!!!!!!!!!!!!!!!!!!!!!!!!!
20241004 033811.011 INFO             PET0 !!! THE ESMF_LOG IS SET TO OUTPUT ALL LOG MESSAGES !!!
20241004 033811.011 INFO             PET0 !!!     THIS MAY CAUSE SLOWDOWN IN PERFORMANCE     !!!
20241004 033811.011 INFO             PET0 !!! FOR PRODUCTION RUNS, USE:                      !!!
20241004 033811.011 INFO             PET0 !!!                   ESMF_LOGKIND_Multi_On_Error  !!!
20241004 033811.011 INFO             PET0 !!!!!!!!!!!!!!!!!!!!!!!!!!!!!!!!!!!!!!!!!!!!!!!!!!!!!!
20241004 033811.011 INFO             PET0 Running with ESMF Version   : v8.7.0
20241004 033811.011 INFO             PET0 ESMF library build date/time: "Oct  4 2024" "02:43:52"
20241004 033811.011 INFO             PET0 ESMF library build location : /work/noaa/da/mpotts/sandbox/intel_2020.2.1_intelmpi_O_v8.7.0/esmf
20241004 033811.011 INFO             PET0 ESMF_COMM                   : intelmpi
20241004 033811.012 INFO             PET0 ESMF_MOAB                   : enabled
20241004 033811.012 INFO             PET0 ESMF_LAPACK                 : enabled
20241004 033811.012 INFO             PET0 ESMF_NETCDF                 : enabled
20241004 033811.012 INFO             PET0 ESMF_PNETCDF                : disabled
20241004 033811.012 INFO             PET0 ESMF_PIO                    : enabled
20241004 033811.012 INFO             PET0 ESMF_YAMLCPP                : enabled
20241004 033811.012 INFO             PET0  NUMBER_OF_PROCESSORS           1
20241004 033811.012 INFO             PET0  PASS  Example ESMF_TimeIntervalEx, ESMF_TimeIntervalEx.F90, line 176
20241004 033811.012 INFO             PET0  Finalizing ESMF
