2024-10-05 02:40:17
20241005 030335.061 INFO             PET0 !!!!!!!!!!!!!!!!!!!!!!!!!!!!!!!!!!!!!!!!!!!!!!!!!!!!!!
20241005 030335.061 INFO             PET0 !!! THE ESMF_LOG IS SET TO OUTPUT ALL LOG MESSAGES !!!
20241005 030335.061 INFO             PET0 !!!     THIS MAY CAUSE SLOWDOWN IN PERFORMANCE     !!!
20241005 030335.061 INFO             PET0 !!! FOR PRODUCTION RUNS, USE:                      !!!
20241005 030335.061 INFO             PET0 !!!                   ESMF_LOGKIND_Multi_On_Error  !!!
20241005 030335.061 INFO             PET0 !!!!!!!!!!!!!!!!!!!!!!!!!!!!!!!!!!!!!!!!!!!!!!!!!!!!!!
20241005 030335.061 INFO             PET0 Running with ESMF Version   : v8.7.0
20241005 030335.061 INFO             PET0 ESMF library build date/time: "Oct  5 2024" "02:38:55"
20241005 030335.061 INFO             PET0 ESMF library build location : /home/gerhard/ESMF-Nightly-Testing/gfortran_11.2.0_mpich_g_v8.7.0/esmf
20241005 030335.061 INFO             PET0 ESMF_COMM                   : mpich
20241005 030335.061 INFO             PET0 ESMF_MOAB                   : enabled
20241005 030335.061 INFO             PET0 ESMF_LAPACK                 : enabled
20241005 030335.061 INFO             PET0 ESMF_NETCDF                 : enabled
20241005 030335.061 INFO             PET0 ESMF_PNETCDF                : disabled
20241005 030335.061 INFO             PET0 ESMF_PIO                    : enabled
20241005 030335.061 INFO             PET0 ESMF_YAMLCPP                : enabled
20241005 030335.128 DEBUG            PET0 about to destroy Grid: 0xf27840
20241005 030335.137 DEBUG            PET0 about to destroy Grid: 0xf29100
20241005 030335.161 INFO             PET0  NUMBER_OF_PROCESSORS           4
20241005 030335.161 INFO             PET0  PASS  Example ESMF_NUOPCAtmModelEx, ESMF_NUOPCAtmModelEx.F90, line 806
20241005 030335.161 INFO             PET0  Finalizing ESMF
20241005 030335.061 INFO             PET1 !!!!!!!!!!!!!!!!!!!!!!!!!!!!!!!!!!!!!!!!!!!!!!!!!!!!!!
20241005 030335.061 INFO             PET1 !!! THE ESMF_LOG IS SET TO OUTPUT ALL LOG MESSAGES !!!
20241005 030335.061 INFO             PET1 !!!     THIS MAY CAUSE SLOWDOWN IN PERFORMANCE     !!!
20241005 030335.061 INFO             PET1 !!! FOR PRODUCTION RUNS, USE:                      !!!
20241005 030335.061 INFO             PET1 !!!                   ESMF_LOGKIND_Multi_On_Error  !!!
20241005 030335.061 INFO             PET1 !!!!!!!!!!!!!!!!!!!!!!!!!!!!!!!!!!!!!!!!!!!!!!!!!!!!!!
20241005 030335.061 INFO             PET1 Running with ESMF Version   : v8.7.0
20241005 030335.061 INFO             PET1 ESMF library build date/time: "Oct  5 2024" "02:38:55"
20241005 030335.061 INFO             PET1 ESMF library build location : /home/gerhard/ESMF-Nightly-Testing/gfortran_11.2.0_mpich_g_v8.7.0/esmf
20241005 030335.061 INFO             PET1 ESMF_COMM                   : mpich
20241005 030335.061 INFO             PET1 ESMF_MOAB                   : enabled
20241005 030335.061 INFO             PET1 ESMF_LAPACK                 : enabled
20241005 030335.061 INFO             PET1 ESMF_NETCDF                 : enabled
20241005 030335.061 INFO             PET1 ESMF_PNETCDF                : disabled
20241005 030335.061 INFO             PET1 ESMF_PIO                    : enabled
20241005 030335.061 INFO             PET1 ESMF_YAMLCPP                : enabled
20241005 030335.128 DEBUG            PET1 about to destroy Grid: 0x1267920
20241005 030335.137 DEBUG            PET1 about to destroy Grid: 0x1269520
20241005 030335.160 INFO             PET1  NUMBER_OF_PROCESSORS           4
20241005 030335.160 INFO             PET1  PASS  Example ESMF_NUOPCAtmModelEx, ESMF_NUOPCAtmModelEx.F90, line 806
20241005 030335.160 INFO             PET1  Finalizing ESMF
20241005 030335.061 INFO             PET2 !!!!!!!!!!!!!!!!!!!!!!!!!!!!!!!!!!!!!!!!!!!!!!!!!!!!!!
20241005 030335.061 INFO             PET2 !!! THE ESMF_LOG IS SET TO OUTPUT ALL LOG MESSAGES !!!
20241005 030335.061 INFO             PET2 !!!     THIS MAY CAUSE SLOWDOWN IN PERFORMANCE     !!!
20241005 030335.061 INFO             PET2 !!! FOR PRODUCTION RUNS, USE:                      !!!
20241005 030335.061 INFO             PET2 !!!                   ESMF_LOGKIND_Multi_On_Error  !!!
20241005 030335.061 INFO             PET2 !!!!!!!!!!!!!!!!!!!!!!!!!!!!!!!!!!!!!!!!!!!!!!!!!!!!!!
20241005 030335.061 INFO             PET2 Running with ESMF Version   : v8.7.0
20241005 030335.061 INFO             PET2 ESMF library build date/time: "Oct  5 2024" "02:38:55"
20241005 030335.061 INFO             PET2 ESMF library build location : /home/gerhard/ESMF-Nightly-Testing/gfortran_11.2.0_mpich_g_v8.7.0/esmf
20241005 030335.061 INFO             PET2 ESMF_COMM                   : mpich
20241005 030335.061 INFO             PET2 ESMF_MOAB                   : enabled
20241005 030335.061 INFO             PET2 ESMF_LAPACK                 : enabled
20241005 030335.061 INFO             PET2 ESMF_NETCDF                 : enabled
20241005 030335.061 INFO             PET2 ESMF_PNETCDF                : disabled
20241005 030335.061 INFO             PET2 ESMF_PIO                    : enabled
20241005 030335.061 INFO             PET2 ESMF_YAMLCPP                : enabled
20241005 030335.128 DEBUG            PET2 about to destroy Grid: 0x11d4fc0
20241005 030335.137 DEBUG            PET2 about to destroy Grid: 0x11d6bc0
20241005 030335.161 INFO             PET2  NUMBER_OF_PROCESSORS           4
20241005 030335.161 INFO             PET2  PASS  Example ESMF_NUOPCAtmModelEx, ESMF_NUOPCAtmModelEx.F90, line 806
20241005 030335.161 INFO             PET2  Finalizing ESMF
20241005 030335.061 INFO             PET3 !!!!!!!!!!!!!!!!!!!!!!!!!!!!!!!!!!!!!!!!!!!!!!!!!!!!!!
20241005 030335.061 INFO             PET3 !!! THE ESMF_LOG IS SET TO OUTPUT ALL LOG MESSAGES !!!
20241005 030335.061 INFO             PET3 !!!     THIS MAY CAUSE SLOWDOWN IN PERFORMANCE     !!!
20241005 030335.061 INFO             PET3 !!! FOR PRODUCTION RUNS, USE:                      !!!
20241005 030335.061 INFO             PET3 !!!                   ESMF_LOGKIND_Multi_On_Error  !!!
20241005 030335.061 INFO             PET3 !!!!!!!!!!!!!!!!!!!!!!!!!!!!!!!!!!!!!!!!!!!!!!!!!!!!!!
20241005 030335.061 INFO             PET3 Running with ESMF Version   : v8.7.0
20241005 030335.061 INFO             PET3 ESMF library build date/time: "Oct  5 2024" "02:38:55"
20241005 030335.061 INFO             PET3 ESMF library build location : /home/gerhard/ESMF-Nightly-Testing/gfortran_11.2.0_mpich_g_v8.7.0/esmf
20241005 030335.061 INFO             PET3 ESMF_COMM                   : mpich
20241005 030335.061 INFO             PET3 ESMF_MOAB                   : enabled
20241005 030335.061 INFO             PET3 ESMF_LAPACK                 : enabled
20241005 030335.061 INFO             PET3 ESMF_NETCDF                 : enabled
20241005 030335.061 INFO             PET3 ESMF_PNETCDF                : disabled
20241005 030335.061 INFO             PET3 ESMF_PIO                    : enabled
20241005 030335.061 INFO             PET3 ESMF_YAMLCPP                : enabled
20241005 030335.128 DEBUG            PET3 about to destroy Grid: 0x1b77fc0
20241005 030335.137 DEBUG            PET3 about to destroy Grid: 0x1b79bc0
20241005 030335.160 INFO             PET3  NUMBER_OF_PROCESSORS           4
20241005 030335.160 INFO             PET3  PASS  Example ESMF_NUOPCAtmModelEx, ESMF_NUOPCAtmModelEx.F90, line 806
20241005 030335.160 INFO             PET3  Finalizing ESMF
